2023-04-29 17:07:24.756408: I tensorflow/core/platform/cpu_feature_guard.cc:193] This TensorFlow binary is optimized with oneAPI Deep Neural Network Library (oneDNN) to use the following CPU instructions in performance-critical operations:  AVX2 FMA
To enable them in other operations, rebuild TensorFlow with the appropriate compiler flags.
2023-04-29 17:07:30.904969: W tensorflow/compiler/xla/stream_executor/platform/default/dso_loader.cc:64] Could not load dynamic library 'libnvinfer.so.7'; dlerror: libnvinfer.so.7: cannot open shared object file: No such file or directory
2023-04-29 17:07:30.905424: W tensorflow/compiler/xla/stream_executor/platform/default/dso_loader.cc:64] Could not load dynamic library 'libnvinfer_plugin.so.7'; dlerror: libnvinfer_plugin.so.7: cannot open shared object file: No such file or directory
2023-04-29 17:07:30.905443: W tensorflow/compiler/tf2tensorrt/utils/py_utils.cc:38] TF-TRT Warning: Cannot dlopen some TensorRT libraries. If you would like to use Nvidia GPU with TensorRT, please make sure the missing libraries mentioned above are installed properly.
Matplotlib created a temporary config/cache directory at /tmp/matplotlib-zsx4bl1m because the default path (/home/cristec/.config/matplotlib) is not a writable directory; it is highly recommended to set the MPLCONFIGDIR environment variable to a writable directory, in particular to speed up the import of Matplotlib and to better support multiprocessing.
[35mStarting script...[0m
2023-04-29 17:07:41.375262: I tensorflow/core/platform/cpu_feature_guard.cc:193] This TensorFlow binary is optimized with oneAPI Deep Neural Network Library (oneDNN) to use the following CPU instructions in performance-critical operations:  AVX2 FMA
To enable them in other operations, rebuild TensorFlow with the appropriate compiler flags.
2023-04-29 17:07:43.803201: I tensorflow/core/common_runtime/gpu/gpu_device.cc:1613] Created device /job:localhost/replica:0/task:0/device:GPU:0 with 7425 MB memory:  -> device: 0, name: Quadro M4000, pci bus id: 0000:04:00.0, compute capability: 5.2
[32mLoading train dataset information...[0m
WARNING:tensorflow:From /shared_storage/cristec/conda/envs/ML/lib/python3.10/site-packages/tensorflow/python/autograph/pyct/static_analysis/liveness.py:83: Analyzer.lamba_check (from tensorflow.python.autograph.pyct.static_analysis.liveness) is deprecated and will be removed after 2023-09-23.
Instructions for updating:
Lambda fuctions will be no more assumed to be used in the statement where they are used, or at least in the same block. https://github.com/tensorflow/tensorflow/issues/56089
[32mLoading validation dataset information...[0m
[32mLoading test dataset information...[0m
[32mSaving model architecture text summary...[0m
[32mTraining model...[0m
[36m
Epoch 1/500
2023-04-29 17:08:06.198335: E tensorflow/core/grappler/optimizers/meta_optimizer.cc:954] layout failed: INVALID_ARGUMENT: Size of values 0 does not match size of permutation 4 @ fanin shape inmodel_1/residual_0/dropout/dropout/SelectV2-2-TransposeNHWCToNCHW-LayoutOptimizer
2023-04-29 17:08:09.163152: I tensorflow/compiler/xla/stream_executor/cuda/cuda_dnn.cc:428] Loaded cuDNN version 8101
2023-04-29 17:08:10.036247: I tensorflow/tsl/platform/default/subprocess.cc:304] Start cannot spawn child process: No such file or directory
2023-04-29 17:08:12.200314: I tensorflow/compiler/xla/service/service.cc:173] XLA service 0x7f006b17c660 initialized for platform CUDA (this does not guarantee that XLA will be used). Devices:
2023-04-29 17:08:12.200348: I tensorflow/compiler/xla/service/service.cc:181]   StreamExecutor device (0): Quadro M4000, Compute Capability 5.2
2023-04-29 17:08:12.288123: I tensorflow/compiler/mlir/tensorflow/utils/dump_mlir_util.cc:268] disabling MLIR crash reproducer, set env var `MLIR_CRASH_REPRODUCER_DIRECTORY` to enable.
2023-04-29 17:08:12.980244: I tensorflow/tsl/platform/default/subprocess.cc:304] Start cannot spawn child process: No such file or directory
2023-04-29 17:08:13.056734: I tensorflow/compiler/jit/xla_compilation_cache.cc:477] Compiled cluster using XLA!  This line is logged at most once for the lifetime of the process.

Epoch 1: val_loss improved from inf to 0.09633, saving model to models/resnet_mae_15-20
WARNING:absl:Found untraced functions such as _jit_compiled_convolution_op, _jit_compiled_convolution_op, _jit_compiled_convolution_op, padding2d_layer_call_fn, padding2d_layer_call_and_return_conditional_losses while saving (showing 5 of 315). These functions will not be directly callable after loading.
1250/1250 - 3271s - loss: 0.0996 - psnr: 18.0524 - ssim: 0.4895 - val_loss: 0.0963 - val_psnr: 18.0188 - val_ssim: 0.5493 - lr: 0.0100 - 3271s/epoch - 3s/step
Epoch 2/500

Epoch 2: val_loss improved from 0.09633 to 0.07996, saving model to models/resnet_mae_15-20
WARNING:absl:Found untraced functions such as _jit_compiled_convolution_op, _jit_compiled_convolution_op, _jit_compiled_convolution_op, padding2d_layer_call_fn, padding2d_layer_call_and_return_conditional_losses while saving (showing 5 of 315). These functions will not be directly callable after loading.
1250/1250 - 2639s - loss: 0.0677 - psnr: 20.7504 - ssim: 0.6126 - val_loss: 0.0800 - val_psnr: 18.1303 - val_ssim: 0.6422 - lr: 0.0100 - 2639s/epoch - 2s/step
Epoch 3/500

Epoch 3: val_loss improved from 0.07996 to 0.05311, saving model to models/resnet_mae_15-20
WARNING:absl:Found untraced functions such as _jit_compiled_convolution_op, _jit_compiled_convolution_op, _jit_compiled_convolution_op, padding2d_layer_call_fn, padding2d_layer_call_and_return_conditional_losses while saving (showing 5 of 315). These functions will not be directly callable after loading.
1250/1250 - 2639s - loss: 0.0586 - psnr: 21.8256 - ssim: 0.6680 - val_loss: 0.0531 - val_psnr: 22.2192 - val_ssim: 0.6898 - lr: 0.0100 - 2639s/epoch - 2s/step
Epoch 4/500

Epoch 4: val_loss improved from 0.05311 to 0.04819, saving model to models/resnet_mae_15-20
WARNING:absl:Found untraced functions such as _jit_compiled_convolution_op, _jit_compiled_convolution_op, _jit_compiled_convolution_op, padding2d_layer_call_fn, padding2d_layer_call_and_return_conditional_losses while saving (showing 5 of 315). These functions will not be directly callable after loading.
1250/1250 - 2638s - loss: 0.0554 - psnr: 22.2469 - ssim: 0.6893 - val_loss: 0.0482 - val_psnr: 22.9532 - val_ssim: 0.7149 - lr: 0.0100 - 2638s/epoch - 2s/step
Epoch 5/500

Epoch 5: val_loss did not improve from 0.04819
1250/1250 - 2618s - loss: 0.0536 - psnr: 22.4778 - ssim: 0.6970 - val_loss: 0.0677 - val_psnr: 19.5896 - val_ssim: 0.6963 - lr: 0.0100 - 2618s/epoch - 2s/step
Epoch 6/500

Epoch 6: val_loss did not improve from 0.04819
1250/1250 - 2618s - loss: 0.0734 - psnr: 20.1789 - ssim: 0.5820 - val_loss: 0.1109 - val_psnr: 16.0957 - val_ssim: 0.5315 - lr: 0.0100 - 2618s/epoch - 2s/step
Epoch 7/500

Epoch 7: val_loss did not improve from 0.04819
1250/1250 - 2619s - loss: 0.0678 - psnr: 20.6716 - ssim: 0.6035 - val_loss: 0.0661 - val_psnr: 20.7682 - val_ssim: 0.6222 - lr: 0.0100 - 2619s/epoch - 2s/step
Epoch 8/500

Epoch 8: val_loss did not improve from 0.04819
1250/1250 - 2618s - loss: 0.0630 - psnr: 21.2196 - ssim: 0.6256 - val_loss: 0.0655 - val_psnr: 20.3437 - val_ssim: 0.6464 - lr: 0.0100 - 2618s/epoch - 2s/step
Epoch 9/500

Epoch 9: val_loss did not improve from 0.04819
1250/1250 - 2618s - loss: 0.0594 - psnr: 21.6249 - ssim: 0.6409 - val_loss: 0.0840 - val_psnr: 17.2358 - val_ssim: 0.6419 - lr: 0.0100 - 2618s/epoch - 2s/step
Epoch 10/500

Epoch 10: val_loss did not improve from 0.04819
1250/1250 - 2617s - loss: 0.0602 - psnr: 21.5288 - ssim: 0.6340 - val_loss: 0.1403 - val_psnr: 12.2244 - val_ssim: 0.6012 - lr: 0.0100 - 2617s/epoch - 2s/step
Epoch 11/500

Epoch 11: val_loss did not improve from 0.04819
1250/1250 - 2617s - loss: 0.0564 - psnr: 21.9788 - ssim: 0.6503 - val_loss: 0.1515 - val_psnr: 11.6629 - val_ssim: 0.5985 - lr: 0.0100 - 2617s/epoch - 2s/step
Epoch 12/500

Epoch 12: val_loss did not improve from 0.04819
1250/1250 - 2618s - loss: 0.0549 - psnr: 22.1688 - ssim: 0.6591 - val_loss: 5101062864240640.0000 - val_psnr: -inf - val_ssim: nan - lr: 0.0100 - 2618s/epoch - 2s/step
Epoch 13/500

Epoch 13: val_loss did not improve from 0.04819
1250/1250 - 2617s - loss: 0.0541 - psnr: 22.2895 - ssim: 0.6653 - val_loss: 0.1569 - val_psnr: 11.3695 - val_ssim: 0.6028 - lr: 0.0100 - 2617s/epoch - 2s/step
Epoch 14/500

Epoch 14: val_loss did not improve from 0.04819
1250/1250 - 2618s - loss: 0.0528 - psnr: 22.4487 - ssim: 0.6716 - val_loss: 0.1530 - val_psnr: 11.5976 - val_ssim: 0.6058 - lr: 0.0100 - 2618s/epoch - 2s/step
Epoch 15/500

Epoch 15: val_loss did not improve from 0.04819
1250/1250 - 2618s - loss: 0.0521 - psnr: 22.5509 - ssim: 0.6763 - val_loss: 899749.9375 - val_psnr: 11.5480 - val_ssim: 0.6105 - lr: 0.0100 - 2618s/epoch - 2s/step
Epoch 16/500

Epoch 16: val_loss did not improve from 0.04819
1250/1250 - 2618s - loss: 0.0514 - psnr: 22.6453 - ssim: 0.6800 - val_loss: 0.1358 - val_psnr: 12.4738 - val_ssim: 0.6283 - lr: 0.0100 - 2618s/epoch - 2s/step
Epoch 17/500

Epoch 17: val_loss did not improve from 0.04819
1250/1250 - 2618s - loss: 0.0508 - psnr: 22.7150 - ssim: 0.6832 - val_loss: 0.1479 - val_psnr: 11.7763 - val_ssim: 0.6224 - lr: 0.0100 - 2618s/epoch - 2s/step
Epoch 18/500

Epoch 18: val_loss did not improve from 0.04819
1250/1250 - 2618s - loss: 0.0505 - psnr: 22.7682 - ssim: 0.6856 - val_loss: 0.1372 - val_psnr: 12.3864 - val_ssim: 0.6272 - lr: 0.0100 - 2618s/epoch - 2s/step
Epoch 19/500

Epoch 19: val_loss did not improve from 0.04819
1250/1250 - 2618s - loss: 0.0499 - psnr: 22.8437 - ssim: 0.6887 - val_loss: 0.1430 - val_psnr: 12.0470 - val_ssim: 0.6281 - lr: 0.0100 - 2618s/epoch - 2s/step
Epoch 20/500

Epoch 20: val_loss did not improve from 0.04819
1250/1250 - 2617s - loss: 0.0496 - psnr: 22.8945 - ssim: 0.6908 - val_loss: 0.1400 - val_psnr: 12.1327 - val_ssim: 0.6329 - lr: 0.0100 - 2617s/epoch - 2s/step
Epoch 21/500

Epoch 21: val_loss did not improve from 0.04819
1250/1250 - 2617s - loss: 0.0493 - psnr: 22.9333 - ssim: 0.6926 - val_loss: 0.0703 - val_psnr: 18.8916 - val_ssim: 0.6863 - lr: 0.0100 - 2617s/epoch - 2s/step
Epoch 22/500

Epoch 22: val_loss did not improve from 0.04819
1250/1250 - 2616s - loss: 0.0489 - psnr: 22.9946 - ssim: 0.6951 - val_loss: 0.1218 - val_psnr: 13.2178 - val_ssim: 0.6462 - lr: 0.0100 - 2616s/epoch - 2s/step
Epoch 23/500

Epoch 23: val_loss did not improve from 0.04819
1250/1250 - 2616s - loss: 0.0486 - psnr: 23.0385 - ssim: 0.6968 - val_loss: 0.0981 - val_psnr: 15.3467 - val_ssim: 0.6673 - lr: 0.0100 - 2616s/epoch - 2s/step
Epoch 24/500

Epoch 24: ReduceLROnPlateau reducing learning rate to 0.0019999999552965165.

Epoch 24: val_loss improved from 0.04819 to 0.04803, saving model to models/resnet_mae_15-20
WARNING:absl:Found untraced functions such as _jit_compiled_convolution_op, _jit_compiled_convolution_op, _jit_compiled_convolution_op, padding2d_layer_call_fn, padding2d_layer_call_and_return_conditional_losses while saving (showing 5 of 315). These functions will not be directly callable after loading.
1250/1250 - 2638s - loss: 0.0483 - psnr: 23.0782 - ssim: 0.6986 - val_loss: 0.0480 - val_psnr: 23.2077 - val_ssim: 0.7139 - lr: 0.0100 - 2638s/epoch - 2s/step
Epoch 25/500

Epoch 25: val_loss did not improve from 0.04803
1250/1250 - 2618s - loss: 0.0462 - psnr: 23.3602 - ssim: 0.7054 - val_loss: 0.0855 - val_psnr: 16.2578 - val_ssim: 0.6837 - lr: 0.0020 - 2618s/epoch - 2s/step
Epoch 26/500

Epoch 26: val_loss did not improve from 0.04803
1250/1250 - 2619s - loss: 0.0460 - psnr: 23.3889 - ssim: 0.7061 - val_loss: 0.0583 - val_psnr: 20.4241 - val_ssim: 0.7088 - lr: 0.0020 - 2619s/epoch - 2s/step
Epoch 27/500

Epoch 27: val_loss did not improve from 0.04803
1250/1250 - 2618s - loss: 0.0458 - psnr: 23.4039 - ssim: 0.7067 - val_loss: 0.0555 - val_psnr: 20.9509 - val_ssim: 0.7117 - lr: 0.0020 - 2618s/epoch - 2s/step
Epoch 28/500

Epoch 28: val_loss did not improve from 0.04803
1250/1250 - 2619s - loss: 0.0458 - psnr: 23.4166 - ssim: 0.7072 - val_loss: 0.0612 - val_psnr: 19.8745 - val_ssim: 0.7072 - lr: 0.0020 - 2619s/epoch - 2s/step
Epoch 29/500

Epoch 29: val_loss improved from 0.04803 to 0.04699, saving model to models/resnet_mae_15-20
WARNING:absl:Found untraced functions such as _jit_compiled_convolution_op, _jit_compiled_convolution_op, _jit_compiled_convolution_op, padding2d_layer_call_fn, padding2d_layer_call_and_return_conditional_losses while saving (showing 5 of 315). These functions will not be directly callable after loading.
1250/1250 - 2640s - loss: 0.0457 - psnr: 23.4291 - ssim: 0.7077 - val_loss: 0.0470 - val_psnr: 22.7873 - val_ssim: 0.7208 - lr: 0.0020 - 2640s/epoch - 2s/step
Epoch 30/500

Epoch 30: val_loss improved from 0.04699 to 0.04518, saving model to models/resnet_mae_15-20
WARNING:absl:Found untraced functions such as _jit_compiled_convolution_op, _jit_compiled_convolution_op, _jit_compiled_convolution_op, padding2d_layer_call_fn, padding2d_layer_call_and_return_conditional_losses while saving (showing 5 of 315). These functions will not be directly callable after loading.
1250/1250 - 2639s - loss: 0.0456 - psnr: 23.4385 - ssim: 0.7082 - val_loss: 0.0452 - val_psnr: 23.2195 - val_ssim: 0.7232 - lr: 0.0020 - 2639s/epoch - 2s/step
Epoch 31/500

Epoch 31: val_loss did not improve from 0.04518
1250/1250 - 2617s - loss: 0.0455 - psnr: 23.4496 - ssim: 0.7086 - val_loss: 0.0477 - val_psnr: 22.6292 - val_ssim: 0.7202 - lr: 0.0020 - 2617s/epoch - 2s/step
Epoch 32/500

Epoch 32: val_loss did not improve from 0.04518
1250/1250 - 2617s - loss: 0.0455 - psnr: 23.4445 - ssim: 0.7087 - val_loss: 0.0579 - val_psnr: 20.4439 - val_ssim: 0.7100 - lr: 0.0020 - 2617s/epoch - 2s/step
Epoch 33/500

Epoch 33: val_loss improved from 0.04518 to 0.04328, saving model to models/resnet_mae_15-20
WARNING:absl:Found untraced functions such as _jit_compiled_convolution_op, _jit_compiled_convolution_op, _jit_compiled_convolution_op, padding2d_layer_call_fn, padding2d_layer_call_and_return_conditional_losses while saving (showing 5 of 315). These functions will not be directly callable after loading.
1250/1250 - 2640s - loss: 0.0454 - psnr: 23.4654 - ssim: 0.7094 - val_loss: 0.0433 - val_psnr: 23.7436 - val_ssim: 0.7252 - lr: 0.0020 - 2640s/epoch - 2s/step
Epoch 34/500

Epoch 34: val_loss did not improve from 0.04328
1250/1250 - 2618s - loss: 0.0453 - psnr: 23.4753 - ssim: 0.7099 - val_loss: 0.0571 - val_psnr: 20.6030 - val_ssim: 0.7112 - lr: 0.0020 - 2618s/epoch - 2s/step
Epoch 35/500

Epoch 35: val_loss did not improve from 0.04328
1250/1250 - 2618s - loss: 0.0453 - psnr: 23.4860 - ssim: 0.7103 - val_loss: 0.0571 - val_psnr: 20.6061 - val_ssim: 0.7114 - lr: 0.0020 - 2618s/epoch - 2s/step
Epoch 36/500

Epoch 36: val_loss did not improve from 0.04328
1250/1250 - 2618s - loss: 0.0452 - psnr: 23.4907 - ssim: 0.7107 - val_loss: 0.0530 - val_psnr: 21.4256 - val_ssim: 0.7160 - lr: 0.0020 - 2618s/epoch - 2s/step
Epoch 37/500

Epoch 37: val_loss did not improve from 0.04328
1250/1250 - 2618s - loss: 0.0452 - psnr: 23.5007 - ssim: 0.7111 - val_loss: 0.0467 - val_psnr: 22.8563 - val_ssim: 0.7225 - lr: 0.0020 - 2618s/epoch - 2s/step
Epoch 38/500

Epoch 38: val_loss did not improve from 0.04328
1250/1250 - 2617s - loss: 0.0451 - psnr: 23.5075 - ssim: 0.7115 - val_loss: 0.0486 - val_psnr: 22.3862 - val_ssim: 0.7212 - lr: 0.0020 - 2617s/epoch - 2s/step
Epoch 39/500

Epoch 39: val_loss did not improve from 0.04328
1250/1250 - 2617s - loss: 0.0450 - psnr: 23.5193 - ssim: 0.7119 - val_loss: 0.0436 - val_psnr: 23.6376 - val_ssim: 0.7266 - lr: 0.0020 - 2617s/epoch - 2s/step
Epoch 40/500

Epoch 40: val_loss did not improve from 0.04328
1250/1250 - 2617s - loss: 0.0450 - psnr: 23.5274 - ssim: 0.7123 - val_loss: 0.0527 - val_psnr: 21.4747 - val_ssim: 0.7171 - lr: 0.0020 - 2617s/epoch - 2s/step
Epoch 41/500

Epoch 41: val_loss did not improve from 0.04328
1250/1250 - 2617s - loss: 0.0449 - psnr: 23.5343 - ssim: 0.7127 - val_loss: 0.0579 - val_psnr: 20.4213 - val_ssim: 0.7127 - lr: 0.0020 - 2617s/epoch - 2s/step
Epoch 42/500

Epoch 42: val_loss did not improve from 0.04328
1250/1250 - 2618s - loss: 0.0458 - psnr: 23.3982 - ssim: 0.7093 - val_loss: 0.1006 - val_psnr: 14.6250 - val_ssim: 0.6730 - lr: 0.0020 - 2618s/epoch - 2s/step
Epoch 43/500

Epoch 43: val_loss did not improve from 0.04328
1250/1250 - 2618s - loss: 0.0454 - psnr: 23.4643 - ssim: 0.7108 - val_loss: 0.0766 - val_psnr: 17.3681 - val_ssim: 0.6941 - lr: 0.0020 - 2618s/epoch - 2s/step
Epoch 44/500

Epoch 44: val_loss did not improve from 0.04328
1250/1250 - 2619s - loss: 0.0454 - psnr: 23.4528 - ssim: 0.7113 - val_loss: 1199586934784.0000 - val_psnr: 21.5540 - val_ssim: 0.7066 - lr: 0.0020 - 2619s/epoch - 2s/step
Epoch 45/500

Epoch 45: val_loss did not improve from 0.04328
1250/1250 - 2618s - loss: 0.0480 - psnr: 23.0600 - ssim: 0.7016 - val_loss: 0.0465 - val_psnr: 23.1191 - val_ssim: 0.7195 - lr: 0.0020 - 2618s/epoch - 2s/step
Epoch 46/500

Epoch 46: val_loss did not improve from 0.04328
1250/1250 - 2618s - loss: 0.0465 - psnr: 23.2963 - ssim: 0.7061 - val_loss: 0.0444 - val_psnr: 23.4825 - val_ssim: 0.7247 - lr: 0.0020 - 2618s/epoch - 2s/step
Epoch 47/500

Epoch 47: val_loss did not improve from 0.04328
1250/1250 - 2617s - loss: 0.0481 - psnr: 23.0915 - ssim: 0.6969 - val_loss: 0.0486 - val_psnr: 22.8969 - val_ssim: 0.7056 - lr: 0.0020 - 2617s/epoch - 2s/step
Epoch 48/500

Epoch 48: val_loss did not improve from 0.04328
1250/1250 - 2616s - loss: 0.0483 - psnr: 23.0704 - ssim: 0.6931 - val_loss: 157941568.0000 - val_psnr: 23.1253 - val_ssim: 0.7097 - lr: 0.0020 - 2616s/epoch - 2s/step
Epoch 49/500

Epoch 49: val_loss did not improve from 0.04328
1250/1250 - 2617s - loss: 0.0476 - psnr: 23.1687 - ssim: 0.6960 - val_loss: 0.0454 - val_psnr: 23.4159 - val_ssim: 0.7154 - lr: 0.0020 - 2617s/epoch - 2s/step
Epoch 50/500

Epoch 50: val_loss did not improve from 0.04328
1250/1250 - 2617s - loss: 0.0471 - psnr: 23.2381 - ssim: 0.6990 - val_loss: 0.0452 - val_psnr: 23.4519 - val_ssim: 0.7169 - lr: 0.0020 - 2617s/epoch - 2s/step
Epoch 51/500

Epoch 51: val_loss did not improve from 0.04328
1250/1250 - 2618s - loss: 0.0468 - psnr: 23.2834 - ssim: 0.7007 - val_loss: 0.0455 - val_psnr: 23.3033 - val_ssim: 0.7183 - lr: 0.0020 - 2618s/epoch - 2s/step
Epoch 52/500

Epoch 52: val_loss did not improve from 0.04328
1250/1250 - 2620s - loss: 0.0466 - psnr: 23.3172 - ssim: 0.7021 - val_loss: 0.0456 - val_psnr: 23.2758 - val_ssim: 0.7189 - lr: 0.0020 - 2620s/epoch - 2s/step
Epoch 53/500

Epoch 53: ReduceLROnPlateau reducing learning rate to 0.0003999999724328518.

Epoch 53: val_loss did not improve from 0.04328
1250/1250 - 2619s - loss: 0.0464 - psnr: 23.3433 - ssim: 0.7034 - val_loss: 0.0454 - val_psnr: 23.2987 - val_ssim: 0.7203 - lr: 0.0020 - 2619s/epoch - 2s/step
Epoch 54/500

Epoch 54: val_loss did not improve from 0.04328
1250/1250 - 2618s - loss: 0.0458 - psnr: 23.4209 - ssim: 0.7059 - val_loss: 0.0440 - val_psnr: 23.5283 - val_ssim: 0.7230 - lr: 4.0000e-04 - 2618s/epoch - 2s/step
Epoch 55/500

Epoch 55: val_loss did not improve from 0.04328
1250/1250 - 2617s - loss: 0.0457 - psnr: 23.4328 - ssim: 0.7062 - val_loss: 0.0440 - val_psnr: 23.5322 - val_ssim: 0.7232 - lr: 4.0000e-04 - 2617s/epoch - 2s/step
Epoch 56/500

Epoch 56: val_loss did not improve from 0.04328
1250/1250 - 2617s - loss: 0.0457 - psnr: 23.4364 - ssim: 0.7063 - val_loss: 0.0439 - val_psnr: 23.5683 - val_ssim: 0.7234 - lr: 4.0000e-04 - 2617s/epoch - 2s/step
Epoch 57/500

Epoch 57: val_loss did not improve from 0.04328
1250/1250 - 2618s - loss: 0.0456 - psnr: 23.4413 - ssim: 0.7066 - val_loss: 0.0439 - val_psnr: 23.5532 - val_ssim: 0.7235 - lr: 4.0000e-04 - 2618s/epoch - 2s/step
Epoch 58/500

Epoch 58: val_loss did not improve from 0.04328
1250/1250 - 2618s - loss: 0.0456 - psnr: 23.4484 - ssim: 0.7068 - val_loss: 0.0440 - val_psnr: 23.5315 - val_ssim: 0.7235 - lr: 4.0000e-04 - 2618s/epoch - 2s/step
Epoch 59/500

Epoch 59: val_loss did not improve from 0.04328
1250/1250 - 2619s - loss: 0.0456 - psnr: 23.4518 - ssim: 0.7070 - val_loss: 0.0439 - val_psnr: 23.5463 - val_ssim: 0.7236 - lr: 4.0000e-04 - 2619s/epoch - 2s/step
Epoch 60/500

Epoch 60: val_loss did not improve from 0.04328
1250/1250 - 2619s - loss: 0.0455 - psnr: 23.4572 - ssim: 0.7072 - val_loss: 0.0438 - val_psnr: 23.5801 - val_ssim: 0.7240 - lr: 4.0000e-04 - 2619s/epoch - 2s/step
Epoch 61/500

Epoch 61: val_loss did not improve from 0.04328
1250/1250 - 2619s - loss: 0.0455 - psnr: 23.4594 - ssim: 0.7073 - val_loss: 0.0437 - val_psnr: 23.6091 - val_ssim: 0.7241 - lr: 4.0000e-04 - 2619s/epoch - 2s/step
Epoch 62/500

Epoch 62: val_loss did not improve from 0.04328
1250/1250 - 2618s - loss: 0.0455 - psnr: 23.4658 - ssim: 0.7075 - val_loss: 0.0438 - val_psnr: 23.5864 - val_ssim: 0.7243 - lr: 4.0000e-04 - 2618s/epoch - 2s/step
Epoch 63/500

Epoch 63: val_loss did not improve from 0.04328
1250/1250 - 2619s - loss: 0.0455 - psnr: 23.4685 - ssim: 0.7077 - val_loss: 0.0437 - val_psnr: 23.6120 - val_ssim: 0.7244 - lr: 4.0000e-04 - 2619s/epoch - 2s/step
Epoch 64/500

Epoch 64: val_loss did not improve from 0.04328
1250/1250 - 2619s - loss: 0.0454 - psnr: 23.4741 - ssim: 0.7079 - val_loss: 0.0437 - val_psnr: 23.6008 - val_ssim: 0.7245 - lr: 4.0000e-04 - 2619s/epoch - 2s/step
Epoch 65/500

Epoch 65: val_loss did not improve from 0.04328
1250/1250 - 2620s - loss: 0.0454 - psnr: 23.4778 - ssim: 0.7081 - val_loss: 0.0438 - val_psnr: 23.5549 - val_ssim: 0.7245 - lr: 4.0000e-04 - 2620s/epoch - 2s/step
Epoch 66/500

Epoch 66: val_loss did not improve from 0.04328
1250/1250 - 2619s - loss: 0.0454 - psnr: 23.4732 - ssim: 0.7080 - val_loss: 0.0439 - val_psnr: 23.5414 - val_ssim: 0.7240 - lr: 4.0000e-04 - 2619s/epoch - 2s/step
Epoch 67/500

Epoch 67: val_loss did not improve from 0.04328
1250/1250 - 2619s - loss: 0.0456 - psnr: 23.4384 - ssim: 0.7077 - val_loss: 0.4674 - val_psnr: 23.6468 - val_ssim: 0.7253 - lr: 4.0000e-04 - 2619s/epoch - 2s/step
Epoch 68/500

Epoch 68: val_loss did not improve from 0.04328
1250/1250 - 2620s - loss: 0.0455 - psnr: 23.4475 - ssim: 0.7081 - val_loss: 0.0535 - val_psnr: 23.6741 - val_ssim: 0.7250 - lr: 4.0000e-04 - 2620s/epoch - 2s/step
Epoch 69/500

Epoch 69: val_loss did not improve from 0.04328
1250/1250 - 2620s - loss: 0.0455 - psnr: 23.4530 - ssim: 0.7082 - val_loss: 0.0917 - val_psnr: 23.4578 - val_ssim: 0.7243 - lr: 4.0000e-04 - 2620s/epoch - 2s/step
Epoch 70/500

Epoch 70: val_loss did not improve from 0.04328
1250/1250 - 2619s - loss: 0.0454 - psnr: 23.4606 - ssim: 0.7085 - val_loss: 0.0467 - val_psnr: 23.6984 - val_ssim: 0.7257 - lr: 4.0000e-04 - 2619s/epoch - 2s/step
Epoch 71/500

Epoch 71: val_loss did not improve from 0.04328
1250/1250 - 2619s - loss: 0.0454 - psnr: 23.4647 - ssim: 0.7087 - val_loss: 0.1146 - val_psnr: 23.6392 - val_ssim: 0.7255 - lr: 4.0000e-04 - 2619s/epoch - 2s/step
Epoch 72/500

Epoch 72: val_loss did not improve from 0.04328
1250/1250 - 2619s - loss: 0.0453 - psnr: 23.4750 - ssim: 0.7089 - val_loss: 20.7077 - val_psnr: 23.6168 - val_ssim: 0.7230 - lr: 4.0000e-04 - 2619s/epoch - 2s/step
Epoch 73/500

Epoch 73: val_loss did not improve from 0.04328
1250/1250 - 2619s - loss: 0.0453 - psnr: 23.4918 - ssim: 0.7093 - val_loss: 29763.6270 - val_psnr: 23.6136 - val_ssim: 0.7260 - lr: 4.0000e-04 - 2619s/epoch - 2s/step
Epoch 74/500

Epoch 74: val_loss did not improve from 0.04328
1250/1250 - 2619s - loss: 0.0452 - psnr: 23.5006 - ssim: 0.7095 - val_loss: 40621.2852 - val_psnr: 23.6688 - val_ssim: 0.7262 - lr: 4.0000e-04 - 2619s/epoch - 2s/step
Epoch 75/500

Epoch 75: val_loss did not improve from 0.04328
1250/1250 - 2617s - loss: 0.0452 - psnr: 23.5072 - ssim: 0.7098 - val_loss: 30069.5020 - val_psnr: 23.6355 - val_ssim: 0.7258 - lr: 4.0000e-04 - 2617s/epoch - 2s/step
Epoch 76/500

Epoch 76: val_loss did not improve from 0.04328
1250/1250 - 2616s - loss: 0.0451 - psnr: 23.5123 - ssim: 0.7099 - val_loss: 16675.2188 - val_psnr: 23.6327 - val_ssim: 0.7261 - lr: 4.0000e-04 - 2616s/epoch - 2s/step
Epoch 77/500

Epoch 77: ReduceLROnPlateau reducing learning rate to 7.999999215826393e-05.

Epoch 77: val_loss did not improve from 0.04328
1250/1250 - 2616s - loss: 0.0451 - psnr: 23.5156 - ssim: 0.7101 - val_loss: 100996.7891 - val_psnr: 23.4563 - val_ssim: 0.7254 - lr: 4.0000e-04 - 2616s/epoch - 2s/step
Epoch 78/500

Epoch 78: val_loss did not improve from 0.04328
1250/1250 - 2616s - loss: 0.0450 - psnr: 23.5322 - ssim: 0.7106 - val_loss: 22997.3438 - val_psnr: 23.7684 - val_ssim: 0.7279 - lr: 8.0000e-05 - 2616s/epoch - 2s/step
Epoch 79/500

Epoch 79: val_loss did not improve from 0.04328
1250/1250 - 2616s - loss: 0.0450 - psnr: 23.5303 - ssim: 0.7106 - val_loss: 21439.0762 - val_psnr: 23.7366 - val_ssim: 0.7279 - lr: 8.0000e-05 - 2616s/epoch - 2s/step
Epoch 80/500

Epoch 80: val_loss did not improve from 0.04328
1250/1250 - 2617s - loss: 0.0450 - psnr: 23.5351 - ssim: 0.7107 - val_loss: 71866.1953 - val_psnr: 23.7694 - val_ssim: 0.7280 - lr: 8.0000e-05 - 2617s/epoch - 2s/step
Epoch 81/500

Epoch 81: val_loss did not improve from 0.04328
1250/1250 - 2616s - loss: 0.0450 - psnr: 23.5348 - ssim: 0.7107 - val_loss: 21106.5664 - val_psnr: 23.7549 - val_ssim: 0.7279 - lr: 8.0000e-05 - 2616s/epoch - 2s/step
Epoch 82/500

Epoch 82: val_loss did not improve from 0.04328
1250/1250 - 2616s - loss: 0.0450 - psnr: 23.5363 - ssim: 0.7107 - val_loss: 30836.4277 - val_psnr: 23.7399 - val_ssim: 0.7279 - lr: 8.0000e-05 - 2616s/epoch - 2s/step
Epoch 83/500
Restoring model weights from the end of the best epoch: 33.

Epoch 83: val_loss did not improve from 0.04328
1250/1250 - 2616s - loss: 0.0450 - psnr: 23.5353 - ssim: 0.7108 - val_loss: 568.5007 - val_psnr: 23.8018 - val_ssim: 0.7281 - lr: 8.0000e-05 - 2616s/epoch - 2s/step
Epoch 83: early stopping
[0m
[32mSaving model training history...[0m
[32mEvaluating model...[0m
[36m
313/313 - 316s - loss: 0.0434 - psnr: 23.7242 - ssim: 0.7249 - 316s/epoch - 1s/step
[0m
[32mSaving model evaluation...[0m
[32mGenerating training graphs...[0m
WARNING:matplotlib.font_manager:findfont: Generic family 'sans-serif' not found because none of the following families were found: Readex Pro
WARNING:matplotlib.font_manager:findfont: Generic family 'sans-serif' not found because none of the following families were found: Readex Pro
WARNING:matplotlib.font_manager:findfont: Generic family 'sans-serif' not found because none of the following families were found: Readex Pro
WARNING:matplotlib.font_manager:findfont: Generic family 'sans-serif' not found because none of the following families were found: Readex Pro
WARNING:matplotlib.font_manager:findfont: Generic family 'sans-serif' not found because none of the following families were found: Readex Pro
WARNING:matplotlib.font_manager:findfont: Generic family 'sans-serif' not found because none of the following families were found: Readex Pro
WARNING:matplotlib.font_manager:findfont: Generic family 'sans-serif' not found because none of the following families were found: Readex Pro
WARNING:matplotlib.font_manager:findfont: Generic family 'sans-serif' not found because none of the following families were found: Readex Pro
WARNING:matplotlib.font_manager:findfont: Generic family 'sans-serif' not found because none of the following families were found: Readex Pro
WARNING:matplotlib.font_manager:findfont: Generic family 'sans-serif' not found because none of the following families were found: Readex Pro
WARNING:matplotlib.font_manager:findfont: Generic family 'sans-serif' not found because none of the following families were found: Readex Pro
WARNING:matplotlib.font_manager:findfont: Generic family 'sans-serif' not found because none of the following families were found: Readex Pro
WARNING:matplotlib.font_manager:findfont: Generic family 'sans-serif' not found because none of the following families were found: Readex Pro
WARNING:matplotlib.font_manager:findfont: Generic family 'sans-serif' not found because none of the following families were found: Readex Pro
WARNING:matplotlib.font_manager:findfont: Generic family 'sans-serif' not found because none of the following families were found: Readex Pro
WARNING:matplotlib.font_manager:findfont: Generic family 'sans-serif' not found because none of the following families were found: Readex Pro
WARNING:matplotlib.font_manager:findfont: Generic family 'sans-serif' not found because none of the following families were found: Readex Pro
WARNING:matplotlib.font_manager:findfont: Generic family 'sans-serif' not found because none of the following families were found: Readex Pro
WARNING:matplotlib.font_manager:findfont: Generic family 'sans-serif' not found because none of the following families were found: Readex Pro
WARNING:matplotlib.font_manager:findfont: Generic family 'sans-serif' not found because none of the following families were found: Readex Pro
WARNING:matplotlib.font_manager:findfont: Generic family 'sans-serif' not found because none of the following families were found: Readex Pro
WARNING:matplotlib.font_manager:findfont: Generic family 'sans-serif' not found because none of the following families were found: Readex Pro
WARNING:matplotlib.font_manager:findfont: Generic family 'sans-serif' not found because none of the following families were found: Readex Pro
WARNING:matplotlib.font_manager:findfont: Generic family 'sans-serif' not found because none of the following families were found: Readex Pro
WARNING:matplotlib.font_manager:findfont: Generic family 'sans-serif' not found because none of the following families were found: Readex Pro
WARNING:matplotlib.font_manager:findfont: Generic family 'sans-serif' not found because none of the following families were found: Readex Pro
WARNING:matplotlib.font_manager:findfont: Generic family 'sans-serif' not found because none of the following families were found: Readex Pro
WARNING:matplotlib.font_manager:findfont: Generic family 'sans-serif' not found because none of the following families were found: Readex Pro
WARNING:matplotlib.font_manager:findfont: Generic family 'sans-serif' not found because none of the following families were found: Readex Pro
WARNING:matplotlib.font_manager:findfont: Generic family 'sans-serif' not found because none of the following families were found: Readex Pro
WARNING:matplotlib.font_manager:findfont: Generic family 'sans-serif' not found because none of the following families were found: Readex Pro
WARNING:matplotlib.font_manager:findfont: Generic family 'sans-serif' not found because none of the following families were found: Readex Pro
WARNING:matplotlib.font_manager:findfont: Generic family 'sans-serif' not found because none of the following families were found: Readex Pro
WARNING:matplotlib.font_manager:findfont: Generic family 'sans-serif' not found because none of the following families were found: Readex Pro
WARNING:matplotlib.font_manager:findfont: Generic family 'sans-serif' not found because none of the following families were found: Readex Pro
WARNING:matplotlib.font_manager:findfont: Generic family 'sans-serif' not found because none of the following families were found: Readex Pro
WARNING:matplotlib.font_manager:findfont: Generic family 'sans-serif' not found because none of the following families were found: Readex Pro
WARNING:matplotlib.font_manager:findfont: Generic family 'sans-serif' not found because none of the following families were found: Readex Pro
WARNING:matplotlib.font_manager:findfont: Generic family 'sans-serif' not found because none of the following families were found: Readex Pro
WARNING:matplotlib.font_manager:findfont: Generic family 'sans-serif' not found because none of the following families were found: Readex Pro
WARNING:matplotlib.font_manager:findfont: Generic family 'sans-serif' not found because none of the following families were found: Readex Pro
WARNING:matplotlib.font_manager:findfont: Generic family 'sans-serif' not found because none of the following families were found: Readex Pro
WARNING:matplotlib.font_manager:findfont: Generic family 'sans-serif' not found because none of the following families were found: Readex Pro
WARNING:matplotlib.font_manager:findfont: Generic family 'sans-serif' not found because none of the following families were found: Readex Pro
WARNING:matplotlib.font_manager:findfont: Generic family 'sans-serif' not found because none of the following families were found: Readex Pro
WARNING:matplotlib.font_manager:findfont: Generic family 'sans-serif' not found because none of the following families were found: Readex Pro
WARNING:matplotlib.font_manager:findfont: Generic family 'sans-serif' not found because none of the following families were found: Readex Pro
WARNING:matplotlib.font_manager:findfont: Generic family 'sans-serif' not found because none of the following families were found: Readex Pro
WARNING:matplotlib.font_manager:findfont: Generic family 'sans-serif' not found because none of the following families were found: Readex Pro
WARNING:matplotlib.font_manager:findfont: Generic family 'sans-serif' not found because none of the following families were found: Readex Pro
WARNING:matplotlib.font_manager:findfont: Generic family 'sans-serif' not found because none of the following families were found: Readex Pro
WARNING:matplotlib.font_manager:findfont: Generic family 'sans-serif' not found because none of the following families were found: Readex Pro
WARNING:matplotlib.font_manager:findfont: Generic family 'sans-serif' not found because none of the following families were found: Readex Pro
WARNING:matplotlib.font_manager:findfont: Generic family 'sans-serif' not found because none of the following families were found: Readex Pro
WARNING:matplotlib.font_manager:findfont: Generic family 'sans-serif' not found because none of the following families were found: Readex Pro
WARNING:matplotlib.font_manager:findfont: Generic family 'sans-serif' not found because none of the following families were found: Readex Pro
WARNING:matplotlib.font_manager:findfont: Generic family 'sans-serif' not found because none of the following families were found: Readex Pro
WARNING:matplotlib.font_manager:findfont: Generic family 'sans-serif' not found because none of the following families were found: Readex Pro
WARNING:matplotlib.font_manager:findfont: Generic family 'sans-serif' not found because none of the following families were found: Readex Pro
WARNING:matplotlib.font_manager:findfont: Generic family 'sans-serif' not found because none of the following families were found: Readex Pro
WARNING:matplotlib.font_manager:findfont: Generic family 'sans-serif' not found because none of the following families were found: Readex Pro
WARNING:matplotlib.font_manager:findfont: Generic family 'sans-serif' not found because none of the following families were found: Readex Pro
WARNING:matplotlib.font_manager:findfont: Generic family 'sans-serif' not found because none of the following families were found: Readex Pro
WARNING:matplotlib.font_manager:findfont: Generic family 'sans-serif' not found because none of the following families were found: Readex Pro
WARNING:matplotlib.font_manager:findfont: Generic family 'sans-serif' not found because none of the following families were found: Readex Pro
WARNING:matplotlib.font_manager:findfont: Generic family 'sans-serif' not found because none of the following families were found: Readex Pro
WARNING:matplotlib.font_manager:findfont: Generic family 'sans-serif' not found because none of the following families were found: Readex Pro
WARNING:matplotlib.font_manager:findfont: Generic family 'sans-serif' not found because none of the following families were found: Readex Pro
WARNING:matplotlib.font_manager:findfont: Generic family 'sans-serif' not found because none of the following families were found: Readex Pro
WARNING:matplotlib.font_manager:findfont: Generic family 'sans-serif' not found because none of the following families were found: Readex Pro
WARNING:matplotlib.font_manager:findfont: Generic family 'sans-serif' not found because none of the following families were found: Readex Pro
WARNING:matplotlib.font_manager:findfont: Generic family 'sans-serif' not found because none of the following families were found: Readex Pro
WARNING:matplotlib.font_manager:findfont: Generic family 'sans-serif' not found because none of the following families were found: Readex Pro
WARNING:matplotlib.font_manager:findfont: Generic family 'sans-serif' not found because none of the following families were found: Readex Pro
WARNING:matplotlib.font_manager:findfont: Generic family 'sans-serif' not found because none of the following families were found: Readex Pro
WARNING:matplotlib.font_manager:findfont: Generic family 'sans-serif' not found because none of the following families were found: Readex Pro
WARNING:matplotlib.font_manager:findfont: Generic family 'sans-serif' not found because none of the following families were found: Readex Pro
WARNING:matplotlib.font_manager:findfont: Generic family 'sans-serif' not found because none of the following families were found: Readex Pro
WARNING:matplotlib.font_manager:findfont: Generic family 'sans-serif' not found because none of the following families were found: Readex Pro
WARNING:matplotlib.font_manager:findfont: Generic family 'sans-serif' not found because none of the following families were found: Readex Pro
WARNING:matplotlib.font_manager:findfont: Generic family 'sans-serif' not found because none of the following families were found: Readex Pro
WARNING:matplotlib.font_manager:findfont: Generic family 'sans-serif' not found because none of the following families were found: Readex Pro
WARNING:matplotlib.font_manager:findfont: Generic family 'sans-serif' not found because none of the following families were found: Readex Pro
WARNING:matplotlib.font_manager:findfont: Generic family 'sans-serif' not found because none of the following families were found: Readex Pro
WARNING:matplotlib.font_manager:findfont: Generic family 'sans-serif' not found because none of the following families were found: Readex Pro
WARNING:matplotlib.font_manager:findfont: Generic family 'sans-serif' not found because none of the following families were found: Readex Pro
WARNING:matplotlib.font_manager:findfont: Generic family 'sans-serif' not found because none of the following families were found: Readex Pro
WARNING:matplotlib.font_manager:findfont: Generic family 'sans-serif' not found because none of the following families were found: Readex Pro
WARNING:matplotlib.font_manager:findfont: Generic family 'sans-serif' not found because none of the following families were found: Readex Pro
WARNING:matplotlib.font_manager:findfont: Generic family 'sans-serif' not found because none of the following families were found: Readex Pro
WARNING:matplotlib.font_manager:findfont: Generic family 'sans-serif' not found because none of the following families were found: Readex Pro
WARNING:matplotlib.font_manager:findfont: Generic family 'sans-serif' not found because none of the following families were found: Readex Pro
WARNING:matplotlib.font_manager:findfont: Generic family 'sans-serif' not found because none of the following families were found: Readex Pro
WARNING:matplotlib.font_manager:findfont: Generic family 'sans-serif' not found because none of the following families were found: Readex Pro
WARNING:matplotlib.font_manager:findfont: Generic family 'sans-serif' not found because none of the following families were found: Readex Pro
WARNING:matplotlib.font_manager:findfont: Generic family 'sans-serif' not found because none of the following families were found: Readex Pro
WARNING:matplotlib.font_manager:findfont: Generic family 'sans-serif' not found because none of the following families were found: Readex Pro
WARNING:matplotlib.font_manager:findfont: Generic family 'sans-serif' not found because none of the following families were found: Readex Pro
WARNING:matplotlib.font_manager:findfont: Generic family 'sans-serif' not found because none of the following families were found: Readex Pro
WARNING:matplotlib.font_manager:findfont: Generic family 'sans-serif' not found because none of the following families were found: Readex Pro
WARNING:matplotlib.font_manager:findfont: Generic family 'sans-serif' not found because none of the following families were found: Readex Pro
WARNING:matplotlib.font_manager:findfont: Generic family 'sans-serif' not found because none of the following families were found: Readex Pro
WARNING:matplotlib.font_manager:findfont: Generic family 'sans-serif' not found because none of the following families were found: Readex Pro
WARNING:matplotlib.font_manager:findfont: Generic family 'sans-serif' not found because none of the following families were found: Readex Pro
WARNING:matplotlib.font_manager:findfont: Generic family 'sans-serif' not found because none of the following families were found: Readex Pro
WARNING:matplotlib.font_manager:findfont: Generic family 'sans-serif' not found because none of the following families were found: Readex Pro
WARNING:matplotlib.font_manager:findfont: Generic family 'sans-serif' not found because none of the following families were found: Readex Pro
WARNING:matplotlib.font_manager:findfont: Generic family 'sans-serif' not found because none of the following families were found: Readex Pro
WARNING:matplotlib.font_manager:findfont: Generic family 'sans-serif' not found because none of the following families were found: Readex Pro
WARNING:matplotlib.font_manager:findfont: Generic family 'sans-serif' not found because none of the following families were found: Readex Pro
WARNING:matplotlib.font_manager:findfont: Generic family 'sans-serif' not found because none of the following families were found: Readex Pro
WARNING:matplotlib.font_manager:findfont: Generic family 'sans-serif' not found because none of the following families were found: Readex Pro
WARNING:matplotlib.font_manager:findfont: Generic family 'sans-serif' not found because none of the following families were found: Readex Pro
WARNING:matplotlib.font_manager:findfont: Generic family 'sans-serif' not found because none of the following families were found: Readex Pro
WARNING:matplotlib.font_manager:findfont: Generic family 'sans-serif' not found because none of the following families were found: Readex Pro
WARNING:matplotlib.font_manager:findfont: Generic family 'sans-serif' not found because none of the following families were found: Readex Pro
WARNING:matplotlib.font_manager:findfont: Generic family 'sans-serif' not found because none of the following families were found: Readex Pro
WARNING:matplotlib.font_manager:findfont: Generic family 'sans-serif' not found because none of the following families were found: Readex Pro
WARNING:matplotlib.font_manager:findfont: Generic family 'sans-serif' not found because none of the following families were found: Readex Pro
WARNING:matplotlib.font_manager:findfont: Generic family 'sans-serif' not found because none of the following families were found: Readex Pro
WARNING:matplotlib.font_manager:findfont: Generic family 'sans-serif' not found because none of the following families were found: Readex Pro
WARNING:matplotlib.font_manager:findfont: Generic family 'sans-serif' not found because none of the following families were found: Readex Pro
WARNING:matplotlib.font_manager:findfont: Generic family 'sans-serif' not found because none of the following families were found: Readex Pro
WARNING:matplotlib.font_manager:findfont: Generic family 'sans-serif' not found because none of the following families were found: Readex Pro
WARNING:matplotlib.font_manager:findfont: Generic family 'sans-serif' not found because none of the following families were found: Readex Pro
WARNING:matplotlib.font_manager:findfont: Generic family 'sans-serif' not found because none of the following families were found: Readex Pro
WARNING:matplotlib.font_manager:findfont: Generic family 'sans-serif' not found because none of the following families were found: Readex Pro
WARNING:matplotlib.font_manager:findfont: Generic family 'sans-serif' not found because none of the following families were found: Readex Pro
WARNING:matplotlib.font_manager:findfont: Generic family 'sans-serif' not found because none of the following families were found: Readex Pro
WARNING:matplotlib.font_manager:findfont: Generic family 'sans-serif' not found because none of the following families were found: Readex Pro
WARNING:matplotlib.font_manager:findfont: Generic family 'sans-serif' not found because none of the following families were found: Readex Pro
WARNING:matplotlib.font_manager:findfont: Generic family 'sans-serif' not found because none of the following families were found: Readex Pro
WARNING:matplotlib.font_manager:findfont: Generic family 'sans-serif' not found because none of the following families were found: Readex Pro
WARNING:matplotlib.font_manager:findfont: Generic family 'sans-serif' not found because none of the following families were found: Readex Pro
WARNING:matplotlib.font_manager:findfont: Generic family 'sans-serif' not found because none of the following families were found: Readex Pro
WARNING:matplotlib.font_manager:findfont: Generic family 'sans-serif' not found because none of the following families were found: Readex Pro
WARNING:matplotlib.font_manager:findfont: Generic family 'sans-serif' not found because none of the following families were found: Readex Pro
WARNING:matplotlib.font_manager:findfont: Generic family 'sans-serif' not found because none of the following families were found: Readex Pro
WARNING:matplotlib.font_manager:findfont: Generic family 'sans-serif' not found because none of the following families were found: Readex Pro
WARNING:matplotlib.font_manager:findfont: Generic family 'sans-serif' not found because none of the following families were found: Readex Pro
WARNING:matplotlib.font_manager:findfont: Generic family 'sans-serif' not found because none of the following families were found: Readex Pro
WARNING:matplotlib.font_manager:findfont: Generic family 'sans-serif' not found because none of the following families were found: Readex Pro
WARNING:matplotlib.font_manager:findfont: Generic family 'sans-serif' not found because none of the following families were found: Readex Pro
WARNING:matplotlib.font_manager:findfont: Generic family 'sans-serif' not found because none of the following families were found: Readex Pro
WARNING:matplotlib.font_manager:findfont: Generic family 'sans-serif' not found because none of the following families were found: Readex Pro
WARNING:matplotlib.font_manager:findfont: Generic family 'sans-serif' not found because none of the following families were found: Readex Pro
WARNING:matplotlib.font_manager:findfont: Generic family 'sans-serif' not found because none of the following families were found: Readex Pro
WARNING:matplotlib.font_manager:findfont: Generic family 'sans-serif' not found because none of the following families were found: Readex Pro
WARNING:matplotlib.font_manager:findfont: Generic family 'sans-serif' not found because none of the following families were found: Readex Pro
WARNING:matplotlib.font_manager:findfont: Generic family 'sans-serif' not found because none of the following families were found: Readex Pro
WARNING:matplotlib.font_manager:findfont: Generic family 'sans-serif' not found because none of the following families were found: Readex Pro
WARNING:matplotlib.font_manager:findfont: Generic family 'sans-serif' not found because none of the following families were found: Readex Pro
WARNING:matplotlib.font_manager:findfont: Generic family 'sans-serif' not found because none of the following families were found: Readex Pro
WARNING:matplotlib.font_manager:findfont: Generic family 'sans-serif' not found because none of the following families were found: Readex Pro
WARNING:matplotlib.font_manager:findfont: Generic family 'sans-serif' not found because none of the following families were found: Readex Pro
WARNING:matplotlib.font_manager:findfont: Generic family 'sans-serif' not found because none of the following families were found: Readex Pro
WARNING:matplotlib.font_manager:findfont: Generic family 'sans-serif' not found because none of the following families were found: Readex Pro
WARNING:matplotlib.font_manager:findfont: Generic family 'sans-serif' not found because none of the following families were found: Readex Pro
WARNING:matplotlib.font_manager:findfont: Generic family 'sans-serif' not found because none of the following families were found: Readex Pro
WARNING:matplotlib.font_manager:findfont: Generic family 'sans-serif' not found because none of the following families were found: Readex Pro
WARNING:matplotlib.font_manager:findfont: Generic family 'sans-serif' not found because none of the following families were found: Readex Pro
WARNING:matplotlib.font_manager:findfont: Generic family 'sans-serif' not found because none of the following families were found: Readex Pro
WARNING:matplotlib.font_manager:findfont: Generic family 'sans-serif' not found because none of the following families were found: Readex Pro
WARNING:matplotlib.font_manager:findfont: Generic family 'sans-serif' not found because none of the following families were found: Readex Pro
WARNING:matplotlib.font_manager:findfont: Generic family 'sans-serif' not found because none of the following families were found: Readex Pro
WARNING:matplotlib.font_manager:findfont: Generic family 'sans-serif' not found because none of the following families were found: Readex Pro
WARNING:matplotlib.font_manager:findfont: Generic family 'sans-serif' not found because none of the following families were found: Readex Pro
WARNING:matplotlib.font_manager:findfont: Generic family 'sans-serif' not found because none of the following families were found: Readex Pro
WARNING:matplotlib.font_manager:findfont: Generic family 'sans-serif' not found because none of the following families were found: Readex Pro
WARNING:matplotlib.font_manager:findfont: Generic family 'sans-serif' not found because none of the following families were found: Readex Pro
WARNING:matplotlib.font_manager:findfont: Generic family 'sans-serif' not found because none of the following families were found: Readex Pro
WARNING:matplotlib.font_manager:findfont: Generic family 'sans-serif' not found because none of the following families were found: Readex Pro
WARNING:matplotlib.font_manager:findfont: Generic family 'sans-serif' not found because none of the following families were found: Readex Pro
WARNING:matplotlib.font_manager:findfont: Generic family 'sans-serif' not found because none of the following families were found: Readex Pro
WARNING:matplotlib.font_manager:findfont: Generic family 'sans-serif' not found because none of the following families were found: Readex Pro
WARNING:matplotlib.font_manager:findfont: Generic family 'sans-serif' not found because none of the following families were found: Readex Pro
WARNING:matplotlib.font_manager:findfont: Generic family 'sans-serif' not found because none of the following families were found: Readex Pro
WARNING:matplotlib.font_manager:findfont: Generic family 'sans-serif' not found because none of the following families were found: Readex Pro
WARNING:matplotlib.font_manager:findfont: Generic family 'sans-serif' not found because none of the following families were found: Readex Pro
WARNING:matplotlib.font_manager:findfont: Generic family 'sans-serif' not found because none of the following families were found: Readex Pro
WARNING:matplotlib.font_manager:findfont: Generic family 'sans-serif' not found because none of the following families were found: Readex Pro
WARNING:matplotlib.font_manager:findfont: Generic family 'sans-serif' not found because none of the following families were found: Readex Pro
WARNING:matplotlib.font_manager:findfont: Generic family 'sans-serif' not found because none of the following families were found: Readex Pro
WARNING:matplotlib.font_manager:findfont: Generic family 'sans-serif' not found because none of the following families were found: Readex Pro
WARNING:matplotlib.font_manager:findfont: Generic family 'sans-serif' not found because none of the following families were found: Readex Pro
WARNING:matplotlib.font_manager:findfont: Generic family 'sans-serif' not found because none of the following families were found: Readex Pro
WARNING:matplotlib.font_manager:findfont: Generic family 'sans-serif' not found because none of the following families were found: Readex Pro
WARNING:matplotlib.font_manager:findfont: Generic family 'sans-serif' not found because none of the following families were found: Readex Pro
WARNING:matplotlib.font_manager:findfont: Generic family 'sans-serif' not found because none of the following families were found: Readex Pro
WARNING:matplotlib.font_manager:findfont: Generic family 'sans-serif' not found because none of the following families were found: Readex Pro
WARNING:matplotlib.font_manager:findfont: Generic family 'sans-serif' not found because none of the following families were found: Readex Pro
WARNING:matplotlib.font_manager:findfont: Generic family 'sans-serif' not found because none of the following families were found: Readex Pro
WARNING:matplotlib.font_manager:findfont: Generic family 'sans-serif' not found because none of the following families were found: Readex Pro
WARNING:matplotlib.font_manager:findfont: Generic family 'sans-serif' not found because none of the following families were found: Readex Pro
WARNING:matplotlib.font_manager:findfont: Generic family 'sans-serif' not found because none of the following families were found: Readex Pro
WARNING:matplotlib.font_manager:findfont: Generic family 'sans-serif' not found because none of the following families were found: Readex Pro
WARNING:matplotlib.font_manager:findfont: Generic family 'sans-serif' not found because none of the following families were found: Readex Pro
WARNING:matplotlib.font_manager:findfont: Generic family 'sans-serif' not found because none of the following families were found: Readex Pro
WARNING:matplotlib.font_manager:findfont: Generic family 'sans-serif' not found because none of the following families were found: Readex Pro
WARNING:matplotlib.font_manager:findfont: Generic family 'sans-serif' not found because none of the following families were found: Readex Pro
WARNING:matplotlib.font_manager:findfont: Generic family 'sans-serif' not found because none of the following families were found: Readex Pro
WARNING:matplotlib.font_manager:findfont: Generic family 'sans-serif' not found because none of the following families were found: Readex Pro
WARNING:matplotlib.font_manager:findfont: Generic family 'sans-serif' not found because none of the following families were found: Readex Pro
WARNING:matplotlib.font_manager:findfont: Generic family 'sans-serif' not found because none of the following families were found: Readex Pro
WARNING:matplotlib.font_manager:findfont: Generic family 'sans-serif' not found because none of the following families were found: Readex Pro
WARNING:matplotlib.font_manager:findfont: Generic family 'sans-serif' not found because none of the following families were found: Readex Pro
WARNING:matplotlib.font_manager:findfont: Generic family 'sans-serif' not found because none of the following families were found: Readex Pro
WARNING:matplotlib.font_manager:findfont: Generic family 'sans-serif' not found because none of the following families were found: Readex Pro
WARNING:matplotlib.font_manager:findfont: Generic family 'sans-serif' not found because none of the following families were found: Readex Pro
WARNING:matplotlib.font_manager:findfont: Generic family 'sans-serif' not found because none of the following families were found: Readex Pro
WARNING:matplotlib.font_manager:findfont: Generic family 'sans-serif' not found because none of the following families were found: Readex Pro
WARNING:matplotlib.font_manager:findfont: Generic family 'sans-serif' not found because none of the following families were found: Readex Pro
WARNING:matplotlib.font_manager:findfont: Generic family 'sans-serif' not found because none of the following families were found: Readex Pro
WARNING:matplotlib.font_manager:findfont: Generic family 'sans-serif' not found because none of the following families were found: Readex Pro
WARNING:matplotlib.font_manager:findfont: Generic family 'sans-serif' not found because none of the following families were found: Readex Pro
WARNING:matplotlib.font_manager:findfont: Generic family 'sans-serif' not found because none of the following families were found: Readex Pro
WARNING:matplotlib.font_manager:findfont: Generic family 'sans-serif' not found because none of the following families were found: Readex Pro
WARNING:matplotlib.font_manager:findfont: Generic family 'sans-serif' not found because none of the following families were found: Readex Pro
WARNING:matplotlib.font_manager:findfont: Generic family 'sans-serif' not found because none of the following families were found: Readex Pro
WARNING:matplotlib.font_manager:findfont: Generic family 'sans-serif' not found because none of the following families were found: Readex Pro
WARNING:matplotlib.font_manager:findfont: Generic family 'sans-serif' not found because none of the following families were found: Readex Pro
WARNING:matplotlib.font_manager:findfont: Generic family 'sans-serif' not found because none of the following families were found: Readex Pro
WARNING:matplotlib.font_manager:findfont: Generic family 'sans-serif' not found because none of the following families were found: Readex Pro
WARNING:matplotlib.font_manager:findfont: Generic family 'sans-serif' not found because none of the following families were found: Readex Pro
WARNING:matplotlib.font_manager:findfont: Generic family 'sans-serif' not found because none of the following families were found: Readex Pro
WARNING:matplotlib.font_manager:findfont: Generic family 'sans-serif' not found because none of the following families were found: Readex Pro
WARNING:matplotlib.font_manager:findfont: Generic family 'sans-serif' not found because none of the following families were found: Readex Pro
WARNING:matplotlib.font_manager:findfont: Generic family 'sans-serif' not found because none of the following families were found: Readex Pro
WARNING:matplotlib.font_manager:findfont: Generic family 'sans-serif' not found because none of the following families were found: Readex Pro
WARNING:matplotlib.font_manager:findfont: Generic family 'sans-serif' not found because none of the following families were found: Readex Pro
WARNING:matplotlib.font_manager:findfont: Generic family 'sans-serif' not found because none of the following families were found: Readex Pro
WARNING:matplotlib.font_manager:findfont: Generic family 'sans-serif' not found because none of the following families were found: Readex Pro
WARNING:matplotlib.font_manager:findfont: Generic family 'sans-serif' not found because none of the following families were found: Readex Pro
WARNING:matplotlib.font_manager:findfont: Generic family 'sans-serif' not found because none of the following families were found: Readex Pro
WARNING:matplotlib.font_manager:findfont: Generic family 'sans-serif' not found because none of the following families were found: Readex Pro
WARNING:matplotlib.font_manager:findfont: Generic family 'sans-serif' not found because none of the following families were found: Readex Pro
WARNING:matplotlib.font_manager:findfont: Generic family 'sans-serif' not found because none of the following families were found: Readex Pro
WARNING:matplotlib.font_manager:findfont: Generic family 'sans-serif' not found because none of the following families were found: Readex Pro
WARNING:matplotlib.font_manager:findfont: Generic family 'sans-serif' not found because none of the following families were found: Readex Pro
WARNING:matplotlib.font_manager:findfont: Generic family 'sans-serif' not found because none of the following families were found: Readex Pro
WARNING:matplotlib.font_manager:findfont: Generic family 'sans-serif' not found because none of the following families were found: Readex Pro
WARNING:matplotlib.font_manager:findfont: Generic family 'sans-serif' not found because none of the following families were found: Readex Pro
WARNING:matplotlib.font_manager:findfont: Generic family 'sans-serif' not found because none of the following families were found: Readex Pro
WARNING:matplotlib.font_manager:findfont: Generic family 'sans-serif' not found because none of the following families were found: Readex Pro
WARNING:matplotlib.font_manager:findfont: Generic family 'sans-serif' not found because none of the following families were found: Readex Pro
WARNING:matplotlib.font_manager:findfont: Generic family 'sans-serif' not found because none of the following families were found: Readex Pro
WARNING:matplotlib.font_manager:findfont: Generic family 'sans-serif' not found because none of the following families were found: Readex Pro
WARNING:matplotlib.font_manager:findfont: Generic family 'sans-serif' not found because none of the following families were found: Readex Pro
WARNING:matplotlib.font_manager:findfont: Generic family 'sans-serif' not found because none of the following families were found: Readex Pro
WARNING:matplotlib.font_manager:findfont: Generic family 'sans-serif' not found because none of the following families were found: Readex Pro
WARNING:matplotlib.font_manager:findfont: Generic family 'sans-serif' not found because none of the following families were found: Readex Pro
WARNING:matplotlib.font_manager:findfont: Generic family 'sans-serif' not found because none of the following families were found: Readex Pro
WARNING:matplotlib.font_manager:findfont: Generic family 'sans-serif' not found because none of the following families were found: Readex Pro
WARNING:matplotlib.font_manager:findfont: Generic family 'sans-serif' not found because none of the following families were found: Readex Pro
WARNING:matplotlib.font_manager:findfont: Generic family 'sans-serif' not found because none of the following families were found: Readex Pro
WARNING:matplotlib.font_manager:findfont: Generic family 'sans-serif' not found because none of the following families were found: Readex Pro
WARNING:matplotlib.font_manager:findfont: Generic family 'sans-serif' not found because none of the following families were found: Readex Pro
WARNING:matplotlib.font_manager:findfont: Generic family 'sans-serif' not found because none of the following families were found: Readex Pro
WARNING:matplotlib.font_manager:findfont: Generic family 'sans-serif' not found because none of the following families were found: Readex Pro
WARNING:matplotlib.font_manager:findfont: Generic family 'sans-serif' not found because none of the following families were found: Readex Pro
WARNING:matplotlib.font_manager:findfont: Generic family 'sans-serif' not found because none of the following families were found: Readex Pro
WARNING:matplotlib.font_manager:findfont: Generic family 'sans-serif' not found because none of the following families were found: Readex Pro
WARNING:matplotlib.font_manager:findfont: Generic family 'sans-serif' not found because none of the following families were found: Readex Pro
WARNING:matplotlib.font_manager:findfont: Generic family 'sans-serif' not found because none of the following families were found: Readex Pro
WARNING:matplotlib.font_manager:findfont: Generic family 'sans-serif' not found because none of the following families were found: Readex Pro
WARNING:matplotlib.font_manager:findfont: Generic family 'sans-serif' not found because none of the following families were found: Readex Pro
WARNING:matplotlib.font_manager:findfont: Generic family 'sans-serif' not found because none of the following families were found: Readex Pro
WARNING:matplotlib.font_manager:findfont: Generic family 'sans-serif' not found because none of the following families were found: Readex Pro
WARNING:matplotlib.font_manager:findfont: Generic family 'sans-serif' not found because none of the following families were found: Readex Pro
WARNING:matplotlib.font_manager:findfont: Generic family 'sans-serif' not found because none of the following families were found: Readex Pro
WARNING:matplotlib.font_manager:findfont: Generic family 'sans-serif' not found because none of the following families were found: Readex Pro
WARNING:matplotlib.font_manager:findfont: Generic family 'sans-serif' not found because none of the following families were found: Readex Pro
WARNING:matplotlib.font_manager:findfont: Generic family 'sans-serif' not found because none of the following families were found: Readex Pro
WARNING:matplotlib.font_manager:findfont: Generic family 'sans-serif' not found because none of the following families were found: Readex Pro
WARNING:matplotlib.font_manager:findfont: Generic family 'sans-serif' not found because none of the following families were found: Readex Pro
WARNING:matplotlib.font_manager:findfont: Generic family 'sans-serif' not found because none of the following families were found: Readex Pro
WARNING:matplotlib.font_manager:findfont: Generic family 'sans-serif' not found because none of the following families were found: Readex Pro
WARNING:matplotlib.font_manager:findfont: Generic family 'sans-serif' not found because none of the following families were found: Readex Pro
WARNING:matplotlib.font_manager:findfont: Generic family 'sans-serif' not found because none of the following families were found: Readex Pro
WARNING:matplotlib.font_manager:findfont: Generic family 'sans-serif' not found because none of the following families were found: Readex Pro
WARNING:matplotlib.font_manager:findfont: Generic family 'sans-serif' not found because none of the following families were found: Readex Pro
WARNING:matplotlib.font_manager:findfont: Generic family 'sans-serif' not found because none of the following families were found: Readex Pro
WARNING:matplotlib.font_manager:findfont: Generic family 'sans-serif' not found because none of the following families were found: Readex Pro
[33mTotal time: 12:40:24[0m
[35mEverything done![0m
