2023-04-23 08:34:56.499229: I tensorflow/core/platform/cpu_feature_guard.cc:193] This TensorFlow binary is optimized with oneAPI Deep Neural Network Library (oneDNN) to use the following CPU instructions in performance-critical operations:  AVX2 FMA
To enable them in other operations, rebuild TensorFlow with the appropriate compiler flags.
2023-04-23 08:35:03.152968: W tensorflow/compiler/xla/stream_executor/platform/default/dso_loader.cc:64] Could not load dynamic library 'libnvinfer.so.7'; dlerror: libnvinfer.so.7: cannot open shared object file: No such file or directory
2023-04-23 08:35:03.153401: W tensorflow/compiler/xla/stream_executor/platform/default/dso_loader.cc:64] Could not load dynamic library 'libnvinfer_plugin.so.7'; dlerror: libnvinfer_plugin.so.7: cannot open shared object file: No such file or directory
2023-04-23 08:35:03.153417: W tensorflow/compiler/tf2tensorrt/utils/py_utils.cc:38] TF-TRT Warning: Cannot dlopen some TensorRT libraries. If you would like to use Nvidia GPU with TensorRT, please make sure the missing libraries mentioned above are installed properly.
Matplotlib created a temporary config/cache directory at /tmp/matplotlib-mzqr93iy because the default path (/home/cristec/.config/matplotlib) is not a writable directory; it is highly recommended to set the MPLCONFIGDIR environment variable to a writable directory, in particular to speed up the import of Matplotlib and to better support multiprocessing.
[35mStarting script...[0m
2023-04-23 08:35:13.889737: I tensorflow/core/platform/cpu_feature_guard.cc:193] This TensorFlow binary is optimized with oneAPI Deep Neural Network Library (oneDNN) to use the following CPU instructions in performance-critical operations:  AVX2 FMA
To enable them in other operations, rebuild TensorFlow with the appropriate compiler flags.
2023-04-23 08:35:16.305697: I tensorflow/core/common_runtime/gpu/gpu_device.cc:1613] Created device /job:localhost/replica:0/task:0/device:GPU:0 with 7425 MB memory:  -> device: 0, name: Quadro M4000, pci bus id: 0000:04:00.0, compute capability: 5.2
[32mLoading train dataset information...[0m
WARNING:tensorflow:From /shared_storage/cristec/conda/envs/ML/lib/python3.10/site-packages/tensorflow/python/autograph/pyct/static_analysis/liveness.py:83: Analyzer.lamba_check (from tensorflow.python.autograph.pyct.static_analysis.liveness) is deprecated and will be removed after 2023-09-23.
Instructions for updating:
Lambda fuctions will be no more assumed to be used in the statement where they are used, or at least in the same block. https://github.com/tensorflow/tensorflow/issues/56089
[32mLoading validation dataset information...[0m
[32mLoading test dataset information...[0m
[32mSaving model architecture text summary...[0m
[32mTraining model...[0m
[36m
Epoch 1/500
2023-04-23 08:35:38.257615: E tensorflow/core/grappler/optimizers/meta_optimizer.cc:954] layout failed: INVALID_ARGUMENT: Size of values 0 does not match size of permutation 4 @ fanin shape inmodel_1/residual_0/dropout/dropout/SelectV2-2-TransposeNHWCToNCHW-LayoutOptimizer
2023-04-23 08:35:41.462484: I tensorflow/compiler/xla/stream_executor/cuda/cuda_dnn.cc:428] Loaded cuDNN version 8101
2023-04-23 08:35:42.593339: I tensorflow/tsl/platform/default/subprocess.cc:304] Start cannot spawn child process: No such file or directory
2023-04-23 08:35:45.086122: I tensorflow/compiler/xla/service/service.cc:173] XLA service 0x7f8fcfd11f50 initialized for platform CUDA (this does not guarantee that XLA will be used). Devices:
2023-04-23 08:35:45.086157: I tensorflow/compiler/xla/service/service.cc:181]   StreamExecutor device (0): Quadro M4000, Compute Capability 5.2
2023-04-23 08:35:45.173681: I tensorflow/compiler/mlir/tensorflow/utils/dump_mlir_util.cc:268] disabling MLIR crash reproducer, set env var `MLIR_CRASH_REPRODUCER_DIRECTORY` to enable.
2023-04-23 08:35:45.862640: I tensorflow/tsl/platform/default/subprocess.cc:304] Start cannot spawn child process: No such file or directory
2023-04-23 08:35:45.943983: I tensorflow/compiler/jit/xla_compilation_cache.cc:477] Compiled cluster using XLA!  This line is logged at most once for the lifetime of the process.

Epoch 1: val_loss improved from inf to 0.04799, saving model to models/resnet_mse_25-30
WARNING:absl:Found untraced functions such as _jit_compiled_convolution_op, _jit_compiled_convolution_op, _jit_compiled_convolution_op, padding2d_layer_call_fn, padding2d_layer_call_and_return_conditional_losses while saving (showing 5 of 315). These functions will not be directly callable after loading.
1250/1250 - 3362s - loss: 0.0386 - psnr: 17.9630 - ssim: 0.3935 - val_loss: 0.0480 - val_psnr: 14.0281 - val_ssim: 0.4713 - lr: 0.0100 - 3362s/epoch - 3s/step
Epoch 2/500

Epoch 2: val_loss improved from 0.04799 to 0.04144, saving model to models/resnet_mse_25-30
WARNING:absl:Found untraced functions such as _jit_compiled_convolution_op, _jit_compiled_convolution_op, _jit_compiled_convolution_op, padding2d_layer_call_fn, padding2d_layer_call_and_return_conditional_losses while saving (showing 5 of 315). These functions will not be directly callable after loading.
1250/1250 - 2633s - loss: 0.0123 - psnr: 20.1095 - ssim: 0.5220 - val_loss: 0.0414 - val_psnr: 14.9022 - val_ssim: 0.5221 - lr: 0.0100 - 2633s/epoch - 2s/step
Epoch 3/500

Epoch 3: val_loss improved from 0.04144 to 0.03857, saving model to models/resnet_mse_25-30
WARNING:absl:Found untraced functions such as _jit_compiled_convolution_op, _jit_compiled_convolution_op, _jit_compiled_convolution_op, padding2d_layer_call_fn, padding2d_layer_call_and_return_conditional_losses while saving (showing 5 of 315). These functions will not be directly callable after loading.
1250/1250 - 2633s - loss: 0.0107 - psnr: 20.7878 - ssim: 0.5688 - val_loss: 0.0386 - val_psnr: 15.2592 - val_ssim: 0.5591 - lr: 0.0100 - 2633s/epoch - 2s/step
Epoch 4/500

Epoch 4: val_loss did not improve from 0.03857
1250/1250 - 2611s - loss: 0.0101 - psnr: 21.1187 - ssim: 0.5913 - val_loss: 0.0437 - val_psnr: 14.6592 - val_ssim: 0.5760 - lr: 0.0100 - 2611s/epoch - 2s/step
Epoch 5/500

Epoch 5: val_loss improved from 0.03857 to 0.02645, saving model to models/resnet_mse_25-30
WARNING:absl:Found untraced functions such as _jit_compiled_convolution_op, _jit_compiled_convolution_op, _jit_compiled_convolution_op, padding2d_layer_call_fn, padding2d_layer_call_and_return_conditional_losses while saving (showing 5 of 315). These functions will not be directly callable after loading.
1250/1250 - 2633s - loss: 0.0097 - psnr: 21.3057 - ssim: 0.6031 - val_loss: 0.0265 - val_psnr: 17.0602 - val_ssim: 0.5967 - lr: 0.0100 - 2633s/epoch - 2s/step
Epoch 6/500

Epoch 6: val_loss improved from 0.02645 to 0.00990, saving model to models/resnet_mse_25-30
WARNING:absl:Found untraced functions such as _jit_compiled_convolution_op, _jit_compiled_convolution_op, _jit_compiled_convolution_op, padding2d_layer_call_fn, padding2d_layer_call_and_return_conditional_losses while saving (showing 5 of 315). These functions will not be directly callable after loading.
1250/1250 - 2634s - loss: 0.0093 - psnr: 21.5596 - ssim: 0.6159 - val_loss: 0.0099 - val_psnr: 21.3144 - val_ssim: 0.6391 - lr: 0.0100 - 2634s/epoch - 2s/step
Epoch 7/500

Epoch 7: val_loss did not improve from 0.00990
1250/1250 - 2611s - loss: 0.0089 - psnr: 21.7576 - ssim: 0.6250 - val_loss: 0.0490 - val_psnr: 14.0408 - val_ssim: 0.5711 - lr: 0.0100 - 2611s/epoch - 2s/step
Epoch 8/500

Epoch 8: val_loss did not improve from 0.00990
1250/1250 - 2611s - loss: 0.0087 - psnr: 21.9107 - ssim: 0.6328 - val_loss: 0.0456 - val_psnr: 14.4129 - val_ssim: 0.6031 - lr: 0.0100 - 2611s/epoch - 2s/step
Epoch 9/500

Epoch 9: val_loss did not improve from 0.00990
1250/1250 - 2611s - loss: 0.0085 - psnr: 22.0443 - ssim: 0.6399 - val_loss: 0.0282 - val_psnr: 16.6979 - val_ssim: 0.6261 - lr: 0.0100 - 2611s/epoch - 2s/step
Epoch 10/500

Epoch 10: val_loss did not improve from 0.00990
1250/1250 - 2611s - loss: 0.0083 - psnr: 22.1484 - ssim: 0.6463 - val_loss: 0.0317 - val_psnr: 16.1707 - val_ssim: 0.6235 - lr: 0.0100 - 2611s/epoch - 2s/step
Epoch 11/500

Epoch 11: val_loss did not improve from 0.00990
1250/1250 - 2612s - loss: 0.0082 - psnr: 22.2448 - ssim: 0.6524 - val_loss: 0.0384 - val_psnr: 15.2456 - val_ssim: 0.6174 - lr: 0.0100 - 2612s/epoch - 2s/step
Epoch 12/500

Epoch 12: val_loss did not improve from 0.00990
1250/1250 - 2611s - loss: 0.0080 - psnr: 22.3301 - ssim: 0.6575 - val_loss: 0.0346 - val_psnr: 15.7401 - val_ssim: 0.6270 - lr: 0.0100 - 2611s/epoch - 2s/step
Epoch 13/500

Epoch 13: val_loss did not improve from 0.00990
1250/1250 - 2611s - loss: 0.0079 - psnr: 22.4081 - ssim: 0.6622 - val_loss: 0.0442 - val_psnr: 14.5266 - val_ssim: 0.6195 - lr: 0.0100 - 2611s/epoch - 2s/step
Epoch 14/500

Epoch 14: val_loss did not improve from 0.00990
1250/1250 - 2612s - loss: 0.0078 - psnr: 22.4858 - ssim: 0.6665 - val_loss: 0.0193 - val_psnr: 18.5798 - val_ssim: 0.6531 - lr: 0.0100 - 2612s/epoch - 2s/step
Epoch 15/500

Epoch 15: val_loss did not improve from 0.00990
1250/1250 - 2613s - loss: 0.0078 - psnr: 22.5140 - ssim: 0.6694 - val_loss: 0.0130 - val_psnr: 19.9095 - val_ssim: 0.6625 - lr: 0.0100 - 2613s/epoch - 2s/step
Epoch 16/500

Epoch 16: val_loss did not improve from 0.00990
1250/1250 - 2613s - loss: 0.0078 - psnr: 22.5395 - ssim: 0.6716 - val_loss: 0.0106 - val_psnr: 21.0661 - val_ssim: 0.6754 - lr: 0.0100 - 2613s/epoch - 2s/step
Epoch 17/500

Epoch 17: val_loss did not improve from 0.00990
1250/1250 - 2613s - loss: 0.0076 - psnr: 22.6577 - ssim: 0.6768 - val_loss: 0.0332 - val_psnr: 16.0346 - val_ssim: 0.6395 - lr: 0.0100 - 2613s/epoch - 2s/step
Epoch 18/500

Epoch 18: val_loss did not improve from 0.00990
1250/1250 - 2612s - loss: 0.0075 - psnr: 22.7042 - ssim: 0.6797 - val_loss: 0.0378 - val_psnr: 15.2860 - val_ssim: 0.6378 - lr: 0.0100 - 2612s/epoch - 2s/step
Epoch 19/500

Epoch 19: val_loss did not improve from 0.00990
1250/1250 - 2612s - loss: 0.0074 - psnr: 22.7525 - ssim: 0.6825 - val_loss: 0.0402 - val_psnr: 14.9936 - val_ssim: 0.6393 - lr: 0.0100 - 2612s/epoch - 2s/step
Epoch 20/500

Epoch 20: val_loss did not improve from 0.00990
1250/1250 - 2612s - loss: 0.0074 - psnr: 22.7887 - ssim: 0.6848 - val_loss: 0.0296 - val_psnr: 16.4617 - val_ssim: 0.6492 - lr: 0.0100 - 2612s/epoch - 2s/step
Epoch 21/500

Epoch 21: val_loss did not improve from 0.00990
1250/1250 - 2611s - loss: 0.0073 - psnr: 22.8265 - ssim: 0.6870 - val_loss: 0.0497 - val_psnr: 14.8968 - val_ssim: 0.5532 - lr: 0.0100 - 2611s/epoch - 2s/step
Epoch 22/500

Epoch 22: val_loss did not improve from 0.00990
1250/1250 - 2612s - loss: 0.0073 - psnr: 22.8805 - ssim: 0.6900 - val_loss: 0.0173 - val_psnr: 19.0515 - val_ssim: 0.6809 - lr: 0.0100 - 2612s/epoch - 2s/step
Epoch 23/500

Epoch 23: val_loss did not improve from 0.00990
1250/1250 - 2611s - loss: 0.0073 - psnr: 22.8742 - ssim: 0.6908 - val_loss: 0.0629 - val_psnr: 12.7877 - val_ssim: 0.6132 - lr: 0.0100 - 2611s/epoch - 2s/step
Epoch 24/500

Epoch 24: val_loss did not improve from 0.00990
1250/1250 - 2612s - loss: 0.0073 - psnr: 22.9033 - ssim: 0.6932 - val_loss: 0.0124 - val_psnr: 20.6342 - val_ssim: 0.6875 - lr: 0.0100 - 2612s/epoch - 2s/step
Epoch 25/500

Epoch 25: val_loss did not improve from 0.00990
1250/1250 - 2612s - loss: 0.0071 - psnr: 22.9810 - ssim: 0.6959 - val_loss: 0.0333 - val_psnr: 15.9616 - val_ssim: 0.6562 - lr: 0.0100 - 2612s/epoch - 2s/step
Epoch 26/500

Epoch 26: ReduceLROnPlateau reducing learning rate to 0.0019999999552965165.

Epoch 26: val_loss did not improve from 0.00990
1250/1250 - 2611s - loss: 0.0071 - psnr: 23.0000 - ssim: 0.6974 - val_loss: 0.0251 - val_psnr: 17.4248 - val_ssim: 0.6736 - lr: 0.0100 - 2611s/epoch - 2s/step
Epoch 27/500

Epoch 27: val_loss did not improve from 0.00990
1250/1250 - 2611s - loss: 0.0069 - psnr: 23.2550 - ssim: 0.7028 - val_loss: 0.0319 - val_psnr: 16.2084 - val_ssim: 0.6729 - lr: 0.0020 - 2611s/epoch - 2s/step
Epoch 28/500

Epoch 28: val_loss did not improve from 0.00990
1250/1250 - 2612s - loss: 0.0069 - psnr: 23.2717 - ssim: 0.7035 - val_loss: 0.0304 - val_psnr: 16.4343 - val_ssim: 0.6750 - lr: 0.0020 - 2612s/epoch - 2s/step
Epoch 29/500

Epoch 29: val_loss did not improve from 0.00990
1250/1250 - 2612s - loss: 0.0069 - psnr: 23.2815 - ssim: 0.7040 - val_loss: 0.0352 - val_psnr: 15.7386 - val_ssim: 0.6698 - lr: 0.0020 - 2612s/epoch - 2s/step
Epoch 30/500

Epoch 30: val_loss did not improve from 0.00990
1250/1250 - 2612s - loss: 0.0068 - psnr: 23.2891 - ssim: 0.7044 - val_loss: 0.0213 - val_psnr: 18.1853 - val_ssim: 0.6915 - lr: 0.0020 - 2612s/epoch - 2s/step
Epoch 31/500

Epoch 31: val_loss improved from 0.00990 to 0.00808, saving model to models/resnet_mse_25-30
WARNING:absl:Found untraced functions such as _jit_compiled_convolution_op, _jit_compiled_convolution_op, _jit_compiled_convolution_op, padding2d_layer_call_fn, padding2d_layer_call_and_return_conditional_losses while saving (showing 5 of 315). These functions will not be directly callable after loading.
1250/1250 - 2633s - loss: 0.0068 - psnr: 23.2961 - ssim: 0.7047 - val_loss: 0.0081 - val_psnr: 23.0747 - val_ssim: 0.7161 - lr: 0.0020 - 2633s/epoch - 2s/step
Epoch 32/500

Epoch 32: val_loss did not improve from 0.00808
1250/1250 - 2611s - loss: 0.0068 - psnr: 23.3041 - ssim: 0.7051 - val_loss: 0.0367 - val_psnr: 15.5641 - val_ssim: 0.6689 - lr: 0.0020 - 2611s/epoch - 2s/step
Epoch 33/500

Epoch 33: val_loss did not improve from 0.00808
1250/1250 - 2610s - loss: 0.0068 - psnr: 23.3093 - ssim: 0.7054 - val_loss: 0.0375 - val_psnr: 15.4425 - val_ssim: 0.6670 - lr: 0.0020 - 2610s/epoch - 2s/step
Epoch 34/500

Epoch 34: val_loss did not improve from 0.00808
1250/1250 - 2610s - loss: 0.0068 - psnr: 23.3169 - ssim: 0.7058 - val_loss: 0.0294 - val_psnr: 16.5824 - val_ssim: 0.6796 - lr: 0.0020 - 2610s/epoch - 2s/step
Epoch 35/500

Epoch 35: val_loss did not improve from 0.00808
1250/1250 - 2611s - loss: 0.0068 - psnr: 23.3238 - ssim: 0.7062 - val_loss: 0.0308 - val_psnr: 16.3968 - val_ssim: 0.6777 - lr: 0.0020 - 2611s/epoch - 2s/step
Epoch 36/500

Epoch 36: val_loss did not improve from 0.00808
1250/1250 - 2610s - loss: 0.0068 - psnr: 23.3307 - ssim: 0.7066 - val_loss: 0.0308 - val_psnr: 16.3814 - val_ssim: 0.6790 - lr: 0.0020 - 2610s/epoch - 2s/step
Epoch 37/500

Epoch 37: val_loss did not improve from 0.00808
1250/1250 - 2611s - loss: 0.0068 - psnr: 23.3364 - ssim: 0.7068 - val_loss: 0.0201 - val_psnr: 18.4748 - val_ssim: 0.6953 - lr: 0.0020 - 2611s/epoch - 2s/step
Epoch 38/500

Epoch 38: val_loss did not improve from 0.00808
1250/1250 - 2611s - loss: 0.0068 - psnr: 23.3404 - ssim: 0.7071 - val_loss: 0.0266 - val_psnr: 17.0922 - val_ssim: 0.6856 - lr: 0.0020 - 2611s/epoch - 2s/step
Epoch 39/500

Epoch 39: val_loss did not improve from 0.00808
1250/1250 - 2611s - loss: 0.0068 - psnr: 23.3480 - ssim: 0.7074 - val_loss: 0.0121 - val_psnr: 22.4103 - val_ssim: 0.7176 - lr: 0.0020 - 2611s/epoch - 2s/step
Epoch 40/500

Epoch 40: val_loss did not improve from 0.00808
1250/1250 - 2610s - loss: 0.0068 - psnr: 23.3539 - ssim: 0.7078 - val_loss: 0.0304 - val_psnr: 16.4650 - val_ssim: 0.6801 - lr: 0.0020 - 2610s/epoch - 2s/step
Epoch 41/500

Epoch 41: val_loss did not improve from 0.00808
1250/1250 - 2610s - loss: 0.0068 - psnr: 23.3591 - ssim: 0.7081 - val_loss: 0.0263 - val_psnr: 17.1537 - val_ssim: 0.6867 - lr: 0.0020 - 2610s/epoch - 2s/step
Epoch 42/500

Epoch 42: val_loss did not improve from 0.00808
1250/1250 - 2611s - loss: 0.0068 - psnr: 23.3656 - ssim: 0.7084 - val_loss: 0.0335 - val_psnr: 15.9945 - val_ssim: 0.6766 - lr: 0.0020 - 2611s/epoch - 2s/step
Epoch 43/500

Epoch 43: val_loss did not improve from 0.00808
1250/1250 - 2610s - loss: 0.0067 - psnr: 23.3696 - ssim: 0.7087 - val_loss: 0.0344 - val_psnr: 15.8859 - val_ssim: 0.6745 - lr: 0.0020 - 2610s/epoch - 2s/step
Epoch 44/500

Epoch 44: val_loss did not improve from 0.00808
1250/1250 - 2610s - loss: 0.0067 - psnr: 23.3764 - ssim: 0.7090 - val_loss: 0.0325 - val_psnr: 16.1587 - val_ssim: 0.6787 - lr: 0.0020 - 2610s/epoch - 2s/step
Epoch 45/500

Epoch 45: val_loss did not improve from 0.00808
1250/1250 - 2609s - loss: 0.0067 - psnr: 23.3845 - ssim: 0.7093 - val_loss: 0.0360 - val_psnr: 15.6754 - val_ssim: 0.6735 - lr: 0.0020 - 2609s/epoch - 2s/step
Epoch 46/500

Epoch 46: val_loss did not improve from 0.00808
1250/1250 - 2610s - loss: 0.0067 - psnr: 23.3878 - ssim: 0.7096 - val_loss: 0.0327 - val_psnr: 16.1342 - val_ssim: 0.6770 - lr: 0.0020 - 2610s/epoch - 2s/step
Epoch 47/500

Epoch 47: val_loss did not improve from 0.00808
1250/1250 - 2610s - loss: 0.0067 - psnr: 23.3930 - ssim: 0.7098 - val_loss: 0.0110 - val_psnr: 21.3582 - val_ssim: 0.7140 - lr: 0.0020 - 2610s/epoch - 2s/step
Epoch 48/500

Epoch 48: val_loss did not improve from 0.00808
1250/1250 - 2611s - loss: 0.0067 - psnr: 23.3980 - ssim: 0.7101 - val_loss: 0.0326 - val_psnr: 16.1965 - val_ssim: 0.6776 - lr: 0.0020 - 2611s/epoch - 2s/step
Epoch 49/500

Epoch 49: val_loss did not improve from 0.00808
1250/1250 - 2610s - loss: 0.0067 - psnr: 23.4029 - ssim: 0.7104 - val_loss: 0.0354 - val_psnr: 15.7811 - val_ssim: 0.6755 - lr: 0.0020 - 2610s/epoch - 2s/step
Epoch 50/500

Epoch 50: val_loss did not improve from 0.00808
1250/1250 - 2610s - loss: 0.0067 - psnr: 23.4096 - ssim: 0.7108 - val_loss: 0.0229 - val_psnr: 17.8551 - val_ssim: 0.6949 - lr: 0.0020 - 2610s/epoch - 2s/step
Epoch 51/500

Epoch 51: ReduceLROnPlateau reducing learning rate to 0.0003999999724328518.

Epoch 51: val_loss did not improve from 0.00808
1250/1250 - 2610s - loss: 0.0067 - psnr: 23.4035 - ssim: 0.7108 - val_loss: 0.0541 - val_psnr: 13.6772 - val_ssim: 0.6508 - lr: 0.0020 - 2610s/epoch - 2s/step
Epoch 52/500

Epoch 52: val_loss did not improve from 0.00808
1250/1250 - 2610s - loss: 0.0067 - psnr: 23.4593 - ssim: 0.7117 - val_loss: 0.0243 - val_psnr: 17.5464 - val_ssim: 0.6945 - lr: 4.0000e-04 - 2610s/epoch - 2s/step
Epoch 53/500

Epoch 53: val_loss did not improve from 0.00808
1250/1250 - 2610s - loss: 0.0066 - psnr: 23.4676 - ssim: 0.7120 - val_loss: 0.0244 - val_psnr: 17.5295 - val_ssim: 0.6943 - lr: 4.0000e-04 - 2610s/epoch - 2s/step
Epoch 54/500

Epoch 54: val_loss did not improve from 0.00808
1250/1250 - 2609s - loss: 0.0066 - psnr: 23.4724 - ssim: 0.7121 - val_loss: 0.0158 - val_psnr: 19.6825 - val_ssim: 0.7086 - lr: 4.0000e-04 - 2609s/epoch - 2s/step
Epoch 55/500

Epoch 55: val_loss improved from 0.00808 to 0.00648, saving model to models/resnet_mse_25-30
WARNING:absl:Found untraced functions such as _jit_compiled_convolution_op, _jit_compiled_convolution_op, _jit_compiled_convolution_op, padding2d_layer_call_fn, padding2d_layer_call_and_return_conditional_losses while saving (showing 5 of 315). These functions will not be directly callable after loading.
1250/1250 - 2631s - loss: 0.0066 - psnr: 23.4747 - ssim: 0.7122 - val_loss: 0.0065 - val_psnr: 23.7836 - val_ssim: 0.7286 - lr: 4.0000e-04 - 2631s/epoch - 2s/step
Epoch 56/500

Epoch 56: val_loss did not improve from 0.00648
1250/1250 - 2611s - loss: 0.0066 - psnr: 23.4751 - ssim: 0.7123 - val_loss: 0.0196 - val_psnr: 18.6271 - val_ssim: 0.7023 - lr: 4.0000e-04 - 2611s/epoch - 2s/step
Epoch 57/500

Epoch 57: val_loss did not improve from 0.00648
1250/1250 - 2611s - loss: 0.0066 - psnr: 23.4776 - ssim: 0.7124 - val_loss: 0.0200 - val_psnr: 18.5143 - val_ssim: 0.7018 - lr: 4.0000e-04 - 2611s/epoch - 2s/step
Epoch 58/500

Epoch 58: val_loss did not improve from 0.00648
1250/1250 - 2611s - loss: 0.0066 - psnr: 23.4784 - ssim: 0.7124 - val_loss: 0.0277 - val_psnr: 16.9010 - val_ssim: 0.6898 - lr: 4.0000e-04 - 2611s/epoch - 2s/step
Epoch 59/500

Epoch 59: val_loss did not improve from 0.00648
1250/1250 - 2610s - loss: 0.0066 - psnr: 23.4796 - ssim: 0.7125 - val_loss: 0.0151 - val_psnr: 19.9009 - val_ssim: 0.7102 - lr: 4.0000e-04 - 2610s/epoch - 2s/step
Epoch 60/500

Epoch 60: val_loss did not improve from 0.00648
1250/1250 - 2610s - loss: 0.0066 - psnr: 23.4815 - ssim: 0.7126 - val_loss: 0.0317 - val_psnr: 16.2420 - val_ssim: 0.6844 - lr: 4.0000e-04 - 2610s/epoch - 2s/step
Epoch 61/500

Epoch 61: val_loss did not improve from 0.00648
1250/1250 - 2610s - loss: 0.0066 - psnr: 23.4827 - ssim: 0.7126 - val_loss: 0.0239 - val_psnr: 17.6477 - val_ssim: 0.6958 - lr: 4.0000e-04 - 2610s/epoch - 2s/step
Epoch 62/500

Epoch 62: val_loss did not improve from 0.00648
1250/1250 - 2610s - loss: 0.0066 - psnr: 23.4826 - ssim: 0.7126 - val_loss: 0.0293 - val_psnr: 16.6169 - val_ssim: 0.6878 - lr: 4.0000e-04 - 2610s/epoch - 2s/step
Epoch 63/500

Epoch 63: val_loss did not improve from 0.00648
1250/1250 - 2609s - loss: 0.0066 - psnr: 23.4845 - ssim: 0.7127 - val_loss: 0.0212 - val_psnr: 18.2364 - val_ssim: 0.7000 - lr: 4.0000e-04 - 2609s/epoch - 2s/step
Epoch 64/500

Epoch 64: val_loss did not improve from 0.00648
1250/1250 - 2610s - loss: 0.0066 - psnr: 23.4857 - ssim: 0.7128 - val_loss: 0.0187 - val_psnr: 18.8351 - val_ssim: 0.7042 - lr: 4.0000e-04 - 2610s/epoch - 2s/step
Epoch 65/500

Epoch 65: val_loss did not improve from 0.00648
1250/1250 - 2610s - loss: 0.0066 - psnr: 23.4866 - ssim: 0.7128 - val_loss: 0.0114 - val_psnr: 21.2136 - val_ssim: 0.7173 - lr: 4.0000e-04 - 2610s/epoch - 2s/step
Epoch 66/500

Epoch 66: val_loss did not improve from 0.00648
1250/1250 - 2610s - loss: 0.0066 - psnr: 23.4892 - ssim: 0.7129 - val_loss: 0.0171 - val_psnr: 19.2776 - val_ssim: 0.7068 - lr: 4.0000e-04 - 2610s/epoch - 2s/step
Epoch 67/500

Epoch 67: val_loss did not improve from 0.00648
1250/1250 - 2610s - loss: 0.0066 - psnr: 23.4900 - ssim: 0.7129 - val_loss: 0.0311 - val_psnr: 16.3333 - val_ssim: 0.6855 - lr: 4.0000e-04 - 2610s/epoch - 2s/step
Epoch 68/500

Epoch 68: val_loss did not improve from 0.00648
1250/1250 - 2610s - loss: 0.0066 - psnr: 23.4894 - ssim: 0.7130 - val_loss: 0.0258 - val_psnr: 17.2617 - val_ssim: 0.6934 - lr: 4.0000e-04 - 2610s/epoch - 2s/step
Epoch 69/500

Epoch 69: val_loss did not improve from 0.00648
1250/1250 - 2609s - loss: 0.0066 - psnr: 23.4925 - ssim: 0.7130 - val_loss: 0.0079 - val_psnr: 22.8637 - val_ssim: 0.7252 - lr: 4.0000e-04 - 2609s/epoch - 2s/step
Epoch 70/500

Epoch 70: val_loss did not improve from 0.00648
1250/1250 - 2610s - loss: 0.0066 - psnr: 23.4924 - ssim: 0.7131 - val_loss: 0.0282 - val_psnr: 16.8097 - val_ssim: 0.6896 - lr: 4.0000e-04 - 2610s/epoch - 2s/step
Epoch 71/500

Epoch 71: val_loss did not improve from 0.00648
1250/1250 - 2610s - loss: 0.0066 - psnr: 23.4936 - ssim: 0.7131 - val_loss: 0.0231 - val_psnr: 17.7833 - val_ssim: 0.6971 - lr: 4.0000e-04 - 2610s/epoch - 2s/step
Epoch 72/500

Epoch 72: val_loss did not improve from 0.00648
1250/1250 - 2609s - loss: 0.0066 - psnr: 23.4965 - ssim: 0.7132 - val_loss: 0.0219 - val_psnr: 18.0727 - val_ssim: 0.6993 - lr: 4.0000e-04 - 2609s/epoch - 2s/step
Epoch 73/500

Epoch 73: val_loss did not improve from 0.00648
1250/1250 - 2610s - loss: 0.0066 - psnr: 23.4964 - ssim: 0.7133 - val_loss: 0.0120 - val_psnr: 21.0047 - val_ssim: 0.7165 - lr: 4.0000e-04 - 2610s/epoch - 2s/step
Epoch 74/500

Epoch 74: val_loss did not improve from 0.00648
1250/1250 - 2610s - loss: 0.0066 - psnr: 23.4986 - ssim: 0.7133 - val_loss: 0.0177 - val_psnr: 19.1175 - val_ssim: 0.7063 - lr: 4.0000e-04 - 2610s/epoch - 2s/step
Epoch 75/500

Epoch 75: ReduceLROnPlateau reducing learning rate to 7.999999215826393e-05.

Epoch 75: val_loss did not improve from 0.00648
1250/1250 - 2610s - loss: 0.0066 - psnr: 23.4994 - ssim: 0.7134 - val_loss: 0.0171 - val_psnr: 19.2718 - val_ssim: 0.7073 - lr: 4.0000e-04 - 2610s/epoch - 2s/step
Epoch 76/500

Epoch 76: val_loss did not improve from 0.00648
1250/1250 - 2610s - loss: 0.0066 - psnr: 23.5103 - ssim: 0.7136 - val_loss: 0.0156 - val_psnr: 19.7388 - val_ssim: 0.7099 - lr: 8.0000e-05 - 2610s/epoch - 2s/step
Epoch 77/500

Epoch 77: val_loss did not improve from 0.00648
1250/1250 - 2610s - loss: 0.0066 - psnr: 23.5100 - ssim: 0.7136 - val_loss: 0.0235 - val_psnr: 17.7206 - val_ssim: 0.6968 - lr: 8.0000e-05 - 2610s/epoch - 2s/step
Epoch 78/500

Epoch 78: val_loss did not improve from 0.00648
1250/1250 - 2610s - loss: 0.0066 - psnr: 23.5101 - ssim: 0.7136 - val_loss: 0.0167 - val_psnr: 19.4078 - val_ssim: 0.7080 - lr: 8.0000e-05 - 2610s/epoch - 2s/step
Epoch 79/500

Epoch 79: val_loss did not improve from 0.00648
1250/1250 - 2610s - loss: 0.0066 - psnr: 23.5117 - ssim: 0.7136 - val_loss: 0.0168 - val_psnr: 19.3649 - val_ssim: 0.7078 - lr: 8.0000e-05 - 2610s/epoch - 2s/step
Epoch 80/500

Epoch 80: val_loss did not improve from 0.00648
1250/1250 - 2610s - loss: 0.0066 - psnr: 23.5125 - ssim: 0.7137 - val_loss: 0.0156 - val_psnr: 19.7456 - val_ssim: 0.7100 - lr: 8.0000e-05 - 2610s/epoch - 2s/step
Epoch 81/500

Epoch 81: val_loss did not improve from 0.00648
1250/1250 - 2610s - loss: 0.0066 - psnr: 23.5117 - ssim: 0.7137 - val_loss: 0.0199 - val_psnr: 18.5390 - val_ssim: 0.7026 - lr: 8.0000e-05 - 2610s/epoch - 2s/step
Epoch 82/500

Epoch 82: val_loss did not improve from 0.00648
1250/1250 - 2611s - loss: 0.0066 - psnr: 23.5111 - ssim: 0.7137 - val_loss: 0.0216 - val_psnr: 18.1489 - val_ssim: 0.6999 - lr: 8.0000e-05 - 2611s/epoch - 2s/step
Epoch 83/500

Epoch 83: val_loss did not improve from 0.00648
1250/1250 - 2610s - loss: 0.0066 - psnr: 23.5127 - ssim: 0.7137 - val_loss: 0.0182 - val_psnr: 18.9874 - val_ssim: 0.7055 - lr: 8.0000e-05 - 2610s/epoch - 2s/step
Epoch 84/500

Epoch 84: val_loss did not improve from 0.00648
1250/1250 - 2610s - loss: 0.0066 - psnr: 23.5137 - ssim: 0.7137 - val_loss: 0.0242 - val_psnr: 17.5791 - val_ssim: 0.6959 - lr: 8.0000e-05 - 2610s/epoch - 2s/step
Epoch 85/500

Epoch 85: val_loss did not improve from 0.00648
1250/1250 - 2610s - loss: 0.0066 - psnr: 23.5117 - ssim: 0.7137 - val_loss: 0.0151 - val_psnr: 19.8770 - val_ssim: 0.7108 - lr: 8.0000e-05 - 2610s/epoch - 2s/step
Epoch 86/500

Epoch 86: val_loss did not improve from 0.00648
1250/1250 - 2610s - loss: 0.0066 - psnr: 23.5132 - ssim: 0.7137 - val_loss: 0.0202 - val_psnr: 18.4772 - val_ssim: 0.7022 - lr: 8.0000e-05 - 2610s/epoch - 2s/step
Epoch 87/500

Epoch 87: val_loss did not improve from 0.00648
1250/1250 - 2610s - loss: 0.0066 - psnr: 23.5128 - ssim: 0.7137 - val_loss: 0.0161 - val_psnr: 19.5975 - val_ssim: 0.7093 - lr: 8.0000e-05 - 2610s/epoch - 2s/step
Epoch 88/500

Epoch 88: val_loss did not improve from 0.00648
1250/1250 - 2610s - loss: 0.0066 - psnr: 23.5126 - ssim: 0.7138 - val_loss: 0.0199 - val_psnr: 18.5377 - val_ssim: 0.7027 - lr: 8.0000e-05 - 2610s/epoch - 2s/step
Epoch 89/500

Epoch 89: val_loss did not improve from 0.00648
1250/1250 - 2610s - loss: 0.0066 - psnr: 23.5143 - ssim: 0.7137 - val_loss: 0.0186 - val_psnr: 18.8880 - val_ssim: 0.7050 - lr: 8.0000e-05 - 2610s/epoch - 2s/step
Epoch 90/500

Epoch 90: val_loss did not improve from 0.00648
1250/1250 - 2611s - loss: 0.0066 - psnr: 23.5142 - ssim: 0.7138 - val_loss: 0.0151 - val_psnr: 19.8961 - val_ssim: 0.7110 - lr: 8.0000e-05 - 2611s/epoch - 2s/step
Epoch 91/500

Epoch 91: val_loss did not improve from 0.00648
1250/1250 - 2610s - loss: 0.0066 - psnr: 23.5144 - ssim: 0.7138 - val_loss: 0.0161 - val_psnr: 19.5794 - val_ssim: 0.7092 - lr: 8.0000e-05 - 2610s/epoch - 2s/step
Epoch 92/500

Epoch 92: val_loss did not improve from 0.00648
1250/1250 - 2610s - loss: 0.0066 - psnr: 23.5141 - ssim: 0.7138 - val_loss: 0.0206 - val_psnr: 18.3680 - val_ssim: 0.7015 - lr: 8.0000e-05 - 2610s/epoch - 2s/step
Epoch 93/500

Epoch 93: val_loss did not improve from 0.00648
1250/1250 - 2609s - loss: 0.0066 - psnr: 23.5142 - ssim: 0.7138 - val_loss: 0.0163 - val_psnr: 19.5251 - val_ssim: 0.7089 - lr: 8.0000e-05 - 2609s/epoch - 2s/step
Epoch 94/500

Epoch 94: val_loss did not improve from 0.00648
1250/1250 - 2610s - loss: 0.0066 - psnr: 23.5149 - ssim: 0.7138 - val_loss: 0.0172 - val_psnr: 19.2631 - val_ssim: 0.7073 - lr: 8.0000e-05 - 2610s/epoch - 2s/step
Epoch 95/500

Epoch 95: val_loss did not improve from 0.00648
1250/1250 - 2609s - loss: 0.0066 - psnr: 23.5147 - ssim: 0.7138 - val_loss: 0.0199 - val_psnr: 18.5525 - val_ssim: 0.7028 - lr: 8.0000e-05 - 2609s/epoch - 2s/step
Epoch 96/500

Epoch 96: val_loss did not improve from 0.00648
1250/1250 - 2609s - loss: 0.0066 - psnr: 23.5144 - ssim: 0.7138 - val_loss: 0.0196 - val_psnr: 18.6384 - val_ssim: 0.7034 - lr: 8.0000e-05 - 2609s/epoch - 2s/step
Epoch 97/500

Epoch 97: val_loss did not improve from 0.00648
1250/1250 - 2608s - loss: 0.0066 - psnr: 23.5170 - ssim: 0.7138 - val_loss: 0.0167 - val_psnr: 19.4240 - val_ssim: 0.7083 - lr: 8.0000e-05 - 2608s/epoch - 2s/step
Epoch 98/500

Epoch 98: val_loss did not improve from 0.00648
1250/1250 - 2609s - loss: 0.0066 - psnr: 23.5155 - ssim: 0.7138 - val_loss: 0.0171 - val_psnr: 19.3037 - val_ssim: 0.7076 - lr: 8.0000e-05 - 2609s/epoch - 2s/step
Epoch 99/500

Epoch 99: ReduceLROnPlateau reducing learning rate to 1.599999814061448e-05.

Epoch 99: val_loss did not improve from 0.00648
1250/1250 - 2610s - loss: 0.0066 - psnr: 23.5168 - ssim: 0.7138 - val_loss: 0.0184 - val_psnr: 18.9376 - val_ssim: 0.7054 - lr: 8.0000e-05 - 2610s/epoch - 2s/step
Epoch 100/500

Epoch 100: val_loss did not improve from 0.00648
1250/1250 - 2609s - loss: 0.0066 - psnr: 23.5194 - ssim: 0.7139 - val_loss: 0.0174 - val_psnr: 19.2211 - val_ssim: 0.7070 - lr: 1.6000e-05 - 2609s/epoch - 2s/step
Epoch 101/500

Epoch 101: val_loss did not improve from 0.00648
1250/1250 - 2610s - loss: 0.0066 - psnr: 23.5180 - ssim: 0.7139 - val_loss: 0.0170 - val_psnr: 19.3406 - val_ssim: 0.7078 - lr: 1.6000e-05 - 2610s/epoch - 2s/step
Epoch 102/500

Epoch 102: val_loss did not improve from 0.00648
1250/1250 - 2610s - loss: 0.0066 - psnr: 23.5187 - ssim: 0.7139 - val_loss: 0.0170 - val_psnr: 19.3164 - val_ssim: 0.7076 - lr: 1.6000e-05 - 2610s/epoch - 2s/step
Epoch 103/500

Epoch 103: val_loss did not improve from 0.00648
1250/1250 - 2610s - loss: 0.0066 - psnr: 23.5198 - ssim: 0.7139 - val_loss: 0.0170 - val_psnr: 19.3156 - val_ssim: 0.7076 - lr: 1.6000e-05 - 2610s/epoch - 2s/step
Epoch 104/500

Epoch 104: val_loss did not improve from 0.00648
1250/1250 - 2610s - loss: 0.0066 - psnr: 23.5191 - ssim: 0.7139 - val_loss: 0.0183 - val_psnr: 18.9766 - val_ssim: 0.7056 - lr: 1.6000e-05 - 2610s/epoch - 2s/step
Epoch 105/500
Restoring model weights from the end of the best epoch: 55.

Epoch 105: val_loss did not improve from 0.00648
1250/1250 - 2609s - loss: 0.0066 - psnr: 23.5184 - ssim: 0.7139 - val_loss: 0.0179 - val_psnr: 19.0744 - val_ssim: 0.7062 - lr: 1.6000e-05 - 2609s/epoch - 2s/step
Epoch 105: early stopping
[0m
[32mSaving model training history...[0m
[32mEvaluating model...[0m
[36m
313/313 - 336s - loss: 0.0065 - psnr: 23.8158 - ssim: 0.7288 - 336s/epoch - 1s/step
[0m
[32mSaving model evaluation...[0m
[32mGenerating training graphs...[0m
WARNING:matplotlib.font_manager:findfont: Generic family 'sans-serif' not found because none of the following families were found: Readex Pro
WARNING:matplotlib.font_manager:findfont: Generic family 'sans-serif' not found because none of the following families were found: Readex Pro
WARNING:matplotlib.font_manager:findfont: Generic family 'sans-serif' not found because none of the following families were found: Readex Pro
WARNING:matplotlib.font_manager:findfont: Generic family 'sans-serif' not found because none of the following families were found: Readex Pro
WARNING:matplotlib.font_manager:findfont: Generic family 'sans-serif' not found because none of the following families were found: Readex Pro
WARNING:matplotlib.font_manager:findfont: Generic family 'sans-serif' not found because none of the following families were found: Readex Pro
WARNING:matplotlib.font_manager:findfont: Generic family 'sans-serif' not found because none of the following families were found: Readex Pro
WARNING:matplotlib.font_manager:findfont: Generic family 'sans-serif' not found because none of the following families were found: Readex Pro
WARNING:matplotlib.font_manager:findfont: Generic family 'sans-serif' not found because none of the following families were found: Readex Pro
WARNING:matplotlib.font_manager:findfont: Generic family 'sans-serif' not found because none of the following families were found: Readex Pro
WARNING:matplotlib.font_manager:findfont: Generic family 'sans-serif' not found because none of the following families were found: Readex Pro
WARNING:matplotlib.font_manager:findfont: Generic family 'sans-serif' not found because none of the following families were found: Readex Pro
WARNING:matplotlib.font_manager:findfont: Generic family 'sans-serif' not found because none of the following families were found: Readex Pro
WARNING:matplotlib.font_manager:findfont: Generic family 'sans-serif' not found because none of the following families were found: Readex Pro
WARNING:matplotlib.font_manager:findfont: Generic family 'sans-serif' not found because none of the following families were found: Readex Pro
WARNING:matplotlib.font_manager:findfont: Generic family 'sans-serif' not found because none of the following families were found: Readex Pro
WARNING:matplotlib.font_manager:findfont: Generic family 'sans-serif' not found because none of the following families were found: Readex Pro
WARNING:matplotlib.font_manager:findfont: Generic family 'sans-serif' not found because none of the following families were found: Readex Pro
WARNING:matplotlib.font_manager:findfont: Generic family 'sans-serif' not found because none of the following families were found: Readex Pro
WARNING:matplotlib.font_manager:findfont: Generic family 'sans-serif' not found because none of the following families were found: Readex Pro
WARNING:matplotlib.font_manager:findfont: Generic family 'sans-serif' not found because none of the following families were found: Readex Pro
WARNING:matplotlib.font_manager:findfont: Generic family 'sans-serif' not found because none of the following families were found: Readex Pro
WARNING:matplotlib.font_manager:findfont: Generic family 'sans-serif' not found because none of the following families were found: Readex Pro
WARNING:matplotlib.font_manager:findfont: Generic family 'sans-serif' not found because none of the following families were found: Readex Pro
WARNING:matplotlib.font_manager:findfont: Generic family 'sans-serif' not found because none of the following families were found: Readex Pro
WARNING:matplotlib.font_manager:findfont: Generic family 'sans-serif' not found because none of the following families were found: Readex Pro
WARNING:matplotlib.font_manager:findfont: Generic family 'sans-serif' not found because none of the following families were found: Readex Pro
WARNING:matplotlib.font_manager:findfont: Generic family 'sans-serif' not found because none of the following families were found: Readex Pro
WARNING:matplotlib.font_manager:findfont: Generic family 'sans-serif' not found because none of the following families were found: Readex Pro
WARNING:matplotlib.font_manager:findfont: Generic family 'sans-serif' not found because none of the following families were found: Readex Pro
WARNING:matplotlib.font_manager:findfont: Generic family 'sans-serif' not found because none of the following families were found: Readex Pro
WARNING:matplotlib.font_manager:findfont: Generic family 'sans-serif' not found because none of the following families were found: Readex Pro
WARNING:matplotlib.font_manager:findfont: Generic family 'sans-serif' not found because none of the following families were found: Readex Pro
WARNING:matplotlib.font_manager:findfont: Generic family 'sans-serif' not found because none of the following families were found: Readex Pro
WARNING:matplotlib.font_manager:findfont: Generic family 'sans-serif' not found because none of the following families were found: Readex Pro
WARNING:matplotlib.font_manager:findfont: Generic family 'sans-serif' not found because none of the following families were found: Readex Pro
WARNING:matplotlib.font_manager:findfont: Generic family 'sans-serif' not found because none of the following families were found: Readex Pro
WARNING:matplotlib.font_manager:findfont: Generic family 'sans-serif' not found because none of the following families were found: Readex Pro
WARNING:matplotlib.font_manager:findfont: Generic family 'sans-serif' not found because none of the following families were found: Readex Pro
WARNING:matplotlib.font_manager:findfont: Generic family 'sans-serif' not found because none of the following families were found: Readex Pro
WARNING:matplotlib.font_manager:findfont: Generic family 'sans-serif' not found because none of the following families were found: Readex Pro
WARNING:matplotlib.font_manager:findfont: Generic family 'sans-serif' not found because none of the following families were found: Readex Pro
WARNING:matplotlib.font_manager:findfont: Generic family 'sans-serif' not found because none of the following families were found: Readex Pro
WARNING:matplotlib.font_manager:findfont: Generic family 'sans-serif' not found because none of the following families were found: Readex Pro
WARNING:matplotlib.font_manager:findfont: Generic family 'sans-serif' not found because none of the following families were found: Readex Pro
WARNING:matplotlib.font_manager:findfont: Generic family 'sans-serif' not found because none of the following families were found: Readex Pro
WARNING:matplotlib.font_manager:findfont: Generic family 'sans-serif' not found because none of the following families were found: Readex Pro
WARNING:matplotlib.font_manager:findfont: Generic family 'sans-serif' not found because none of the following families were found: Readex Pro
WARNING:matplotlib.font_manager:findfont: Generic family 'sans-serif' not found because none of the following families were found: Readex Pro
WARNING:matplotlib.font_manager:findfont: Generic family 'sans-serif' not found because none of the following families were found: Readex Pro
WARNING:matplotlib.font_manager:findfont: Generic family 'sans-serif' not found because none of the following families were found: Readex Pro
WARNING:matplotlib.font_manager:findfont: Generic family 'sans-serif' not found because none of the following families were found: Readex Pro
WARNING:matplotlib.font_manager:findfont: Generic family 'sans-serif' not found because none of the following families were found: Readex Pro
WARNING:matplotlib.font_manager:findfont: Generic family 'sans-serif' not found because none of the following families were found: Readex Pro
WARNING:matplotlib.font_manager:findfont: Generic family 'sans-serif' not found because none of the following families were found: Readex Pro
WARNING:matplotlib.font_manager:findfont: Generic family 'sans-serif' not found because none of the following families were found: Readex Pro
WARNING:matplotlib.font_manager:findfont: Generic family 'sans-serif' not found because none of the following families were found: Readex Pro
WARNING:matplotlib.font_manager:findfont: Generic family 'sans-serif' not found because none of the following families were found: Readex Pro
WARNING:matplotlib.font_manager:findfont: Generic family 'sans-serif' not found because none of the following families were found: Readex Pro
WARNING:matplotlib.font_manager:findfont: Generic family 'sans-serif' not found because none of the following families were found: Readex Pro
WARNING:matplotlib.font_manager:findfont: Generic family 'sans-serif' not found because none of the following families were found: Readex Pro
WARNING:matplotlib.font_manager:findfont: Generic family 'sans-serif' not found because none of the following families were found: Readex Pro
WARNING:matplotlib.font_manager:findfont: Generic family 'sans-serif' not found because none of the following families were found: Readex Pro
WARNING:matplotlib.font_manager:findfont: Generic family 'sans-serif' not found because none of the following families were found: Readex Pro
WARNING:matplotlib.font_manager:findfont: Generic family 'sans-serif' not found because none of the following families were found: Readex Pro
WARNING:matplotlib.font_manager:findfont: Generic family 'sans-serif' not found because none of the following families were found: Readex Pro
WARNING:matplotlib.font_manager:findfont: Generic family 'sans-serif' not found because none of the following families were found: Readex Pro
WARNING:matplotlib.font_manager:findfont: Generic family 'sans-serif' not found because none of the following families were found: Readex Pro
WARNING:matplotlib.font_manager:findfont: Generic family 'sans-serif' not found because none of the following families were found: Readex Pro
WARNING:matplotlib.font_manager:findfont: Generic family 'sans-serif' not found because none of the following families were found: Readex Pro
WARNING:matplotlib.font_manager:findfont: Generic family 'sans-serif' not found because none of the following families were found: Readex Pro
WARNING:matplotlib.font_manager:findfont: Generic family 'sans-serif' not found because none of the following families were found: Readex Pro
WARNING:matplotlib.font_manager:findfont: Generic family 'sans-serif' not found because none of the following families were found: Readex Pro
WARNING:matplotlib.font_manager:findfont: Generic family 'sans-serif' not found because none of the following families were found: Readex Pro
WARNING:matplotlib.font_manager:findfont: Generic family 'sans-serif' not found because none of the following families were found: Readex Pro
WARNING:matplotlib.font_manager:findfont: Generic family 'sans-serif' not found because none of the following families were found: Readex Pro
WARNING:matplotlib.font_manager:findfont: Generic family 'sans-serif' not found because none of the following families were found: Readex Pro
WARNING:matplotlib.font_manager:findfont: Generic family 'sans-serif' not found because none of the following families were found: Readex Pro
WARNING:matplotlib.font_manager:findfont: Generic family 'sans-serif' not found because none of the following families were found: Readex Pro
WARNING:matplotlib.font_manager:findfont: Generic family 'sans-serif' not found because none of the following families were found: Readex Pro
WARNING:matplotlib.font_manager:findfont: Generic family 'sans-serif' not found because none of the following families were found: Readex Pro
WARNING:matplotlib.font_manager:findfont: Generic family 'sans-serif' not found because none of the following families were found: Readex Pro
WARNING:matplotlib.font_manager:findfont: Generic family 'sans-serif' not found because none of the following families were found: Readex Pro
WARNING:matplotlib.font_manager:findfont: Generic family 'sans-serif' not found because none of the following families were found: Readex Pro
WARNING:matplotlib.font_manager:findfont: Generic family 'sans-serif' not found because none of the following families were found: Readex Pro
WARNING:matplotlib.font_manager:findfont: Generic family 'sans-serif' not found because none of the following families were found: Readex Pro
WARNING:matplotlib.font_manager:findfont: Generic family 'sans-serif' not found because none of the following families were found: Readex Pro
WARNING:matplotlib.font_manager:findfont: Generic family 'sans-serif' not found because none of the following families were found: Readex Pro
WARNING:matplotlib.font_manager:findfont: Generic family 'sans-serif' not found because none of the following families were found: Readex Pro
WARNING:matplotlib.font_manager:findfont: Generic family 'sans-serif' not found because none of the following families were found: Readex Pro
WARNING:matplotlib.font_manager:findfont: Generic family 'sans-serif' not found because none of the following families were found: Readex Pro
WARNING:matplotlib.font_manager:findfont: Generic family 'sans-serif' not found because none of the following families were found: Readex Pro
WARNING:matplotlib.font_manager:findfont: Generic family 'sans-serif' not found because none of the following families were found: Readex Pro
WARNING:matplotlib.font_manager:findfont: Generic family 'sans-serif' not found because none of the following families were found: Readex Pro
WARNING:matplotlib.font_manager:findfont: Generic family 'sans-serif' not found because none of the following families were found: Readex Pro
WARNING:matplotlib.font_manager:findfont: Generic family 'sans-serif' not found because none of the following families were found: Readex Pro
WARNING:matplotlib.font_manager:findfont: Generic family 'sans-serif' not found because none of the following families were found: Readex Pro
WARNING:matplotlib.font_manager:findfont: Generic family 'sans-serif' not found because none of the following families were found: Readex Pro
WARNING:matplotlib.font_manager:findfont: Generic family 'sans-serif' not found because none of the following families were found: Readex Pro
WARNING:matplotlib.font_manager:findfont: Generic family 'sans-serif' not found because none of the following families were found: Readex Pro
WARNING:matplotlib.font_manager:findfont: Generic family 'sans-serif' not found because none of the following families were found: Readex Pro
WARNING:matplotlib.font_manager:findfont: Generic family 'sans-serif' not found because none of the following families were found: Readex Pro
WARNING:matplotlib.font_manager:findfont: Generic family 'sans-serif' not found because none of the following families were found: Readex Pro
WARNING:matplotlib.font_manager:findfont: Generic family 'sans-serif' not found because none of the following families were found: Readex Pro
WARNING:matplotlib.font_manager:findfont: Generic family 'sans-serif' not found because none of the following families were found: Readex Pro
WARNING:matplotlib.font_manager:findfont: Generic family 'sans-serif' not found because none of the following families were found: Readex Pro
WARNING:matplotlib.font_manager:findfont: Generic family 'sans-serif' not found because none of the following families were found: Readex Pro
WARNING:matplotlib.font_manager:findfont: Generic family 'sans-serif' not found because none of the following families were found: Readex Pro
WARNING:matplotlib.font_manager:findfont: Generic family 'sans-serif' not found because none of the following families were found: Readex Pro
WARNING:matplotlib.font_manager:findfont: Generic family 'sans-serif' not found because none of the following families were found: Readex Pro
WARNING:matplotlib.font_manager:findfont: Generic family 'sans-serif' not found because none of the following families were found: Readex Pro
WARNING:matplotlib.font_manager:findfont: Generic family 'sans-serif' not found because none of the following families were found: Readex Pro
WARNING:matplotlib.font_manager:findfont: Generic family 'sans-serif' not found because none of the following families were found: Readex Pro
WARNING:matplotlib.font_manager:findfont: Generic family 'sans-serif' not found because none of the following families were found: Readex Pro
WARNING:matplotlib.font_manager:findfont: Generic family 'sans-serif' not found because none of the following families were found: Readex Pro
WARNING:matplotlib.font_manager:findfont: Generic family 'sans-serif' not found because none of the following families were found: Readex Pro
WARNING:matplotlib.font_manager:findfont: Generic family 'sans-serif' not found because none of the following families were found: Readex Pro
WARNING:matplotlib.font_manager:findfont: Generic family 'sans-serif' not found because none of the following families were found: Readex Pro
WARNING:matplotlib.font_manager:findfont: Generic family 'sans-serif' not found because none of the following families were found: Readex Pro
WARNING:matplotlib.font_manager:findfont: Generic family 'sans-serif' not found because none of the following families were found: Readex Pro
WARNING:matplotlib.font_manager:findfont: Generic family 'sans-serif' not found because none of the following families were found: Readex Pro
WARNING:matplotlib.font_manager:findfont: Generic family 'sans-serif' not found because none of the following families were found: Readex Pro
WARNING:matplotlib.font_manager:findfont: Generic family 'sans-serif' not found because none of the following families were found: Readex Pro
WARNING:matplotlib.font_manager:findfont: Generic family 'sans-serif' not found because none of the following families were found: Readex Pro
WARNING:matplotlib.font_manager:findfont: Generic family 'sans-serif' not found because none of the following families were found: Readex Pro
WARNING:matplotlib.font_manager:findfont: Generic family 'sans-serif' not found because none of the following families were found: Readex Pro
WARNING:matplotlib.font_manager:findfont: Generic family 'sans-serif' not found because none of the following families were found: Readex Pro
WARNING:matplotlib.font_manager:findfont: Generic family 'sans-serif' not found because none of the following families were found: Readex Pro
WARNING:matplotlib.font_manager:findfont: Generic family 'sans-serif' not found because none of the following families were found: Readex Pro
WARNING:matplotlib.font_manager:findfont: Generic family 'sans-serif' not found because none of the following families were found: Readex Pro
WARNING:matplotlib.font_manager:findfont: Generic family 'sans-serif' not found because none of the following families were found: Readex Pro
WARNING:matplotlib.font_manager:findfont: Generic family 'sans-serif' not found because none of the following families were found: Readex Pro
WARNING:matplotlib.font_manager:findfont: Generic family 'sans-serif' not found because none of the following families were found: Readex Pro
WARNING:matplotlib.font_manager:findfont: Generic family 'sans-serif' not found because none of the following families were found: Readex Pro
WARNING:matplotlib.font_manager:findfont: Generic family 'sans-serif' not found because none of the following families were found: Readex Pro
WARNING:matplotlib.font_manager:findfont: Generic family 'sans-serif' not found because none of the following families were found: Readex Pro
WARNING:matplotlib.font_manager:findfont: Generic family 'sans-serif' not found because none of the following families were found: Readex Pro
WARNING:matplotlib.font_manager:findfont: Generic family 'sans-serif' not found because none of the following families were found: Readex Pro
WARNING:matplotlib.font_manager:findfont: Generic family 'sans-serif' not found because none of the following families were found: Readex Pro
WARNING:matplotlib.font_manager:findfont: Generic family 'sans-serif' not found because none of the following families were found: Readex Pro
WARNING:matplotlib.font_manager:findfont: Generic family 'sans-serif' not found because none of the following families were found: Readex Pro
WARNING:matplotlib.font_manager:findfont: Generic family 'sans-serif' not found because none of the following families were found: Readex Pro
WARNING:matplotlib.font_manager:findfont: Generic family 'sans-serif' not found because none of the following families were found: Readex Pro
WARNING:matplotlib.font_manager:findfont: Generic family 'sans-serif' not found because none of the following families were found: Readex Pro
WARNING:matplotlib.font_manager:findfont: Generic family 'sans-serif' not found because none of the following families were found: Readex Pro
WARNING:matplotlib.font_manager:findfont: Generic family 'sans-serif' not found because none of the following families were found: Readex Pro
WARNING:matplotlib.font_manager:findfont: Generic family 'sans-serif' not found because none of the following families were found: Readex Pro
WARNING:matplotlib.font_manager:findfont: Generic family 'sans-serif' not found because none of the following families were found: Readex Pro
WARNING:matplotlib.font_manager:findfont: Generic family 'sans-serif' not found because none of the following families were found: Readex Pro
WARNING:matplotlib.font_manager:findfont: Generic family 'sans-serif' not found because none of the following families were found: Readex Pro
WARNING:matplotlib.font_manager:findfont: Generic family 'sans-serif' not found because none of the following families were found: Readex Pro
WARNING:matplotlib.font_manager:findfont: Generic family 'sans-serif' not found because none of the following families were found: Readex Pro
WARNING:matplotlib.font_manager:findfont: Generic family 'sans-serif' not found because none of the following families were found: Readex Pro
WARNING:matplotlib.font_manager:findfont: Generic family 'sans-serif' not found because none of the following families were found: Readex Pro
WARNING:matplotlib.font_manager:findfont: Generic family 'sans-serif' not found because none of the following families were found: Readex Pro
WARNING:matplotlib.font_manager:findfont: Generic family 'sans-serif' not found because none of the following families were found: Readex Pro
WARNING:matplotlib.font_manager:findfont: Generic family 'sans-serif' not found because none of the following families were found: Readex Pro
WARNING:matplotlib.font_manager:findfont: Generic family 'sans-serif' not found because none of the following families were found: Readex Pro
WARNING:matplotlib.font_manager:findfont: Generic family 'sans-serif' not found because none of the following families were found: Readex Pro
WARNING:matplotlib.font_manager:findfont: Generic family 'sans-serif' not found because none of the following families were found: Readex Pro
WARNING:matplotlib.font_manager:findfont: Generic family 'sans-serif' not found because none of the following families were found: Readex Pro
WARNING:matplotlib.font_manager:findfont: Generic family 'sans-serif' not found because none of the following families were found: Readex Pro
WARNING:matplotlib.font_manager:findfont: Generic family 'sans-serif' not found because none of the following families were found: Readex Pro
WARNING:matplotlib.font_manager:findfont: Generic family 'sans-serif' not found because none of the following families were found: Readex Pro
WARNING:matplotlib.font_manager:findfont: Generic family 'sans-serif' not found because none of the following families were found: Readex Pro
WARNING:matplotlib.font_manager:findfont: Generic family 'sans-serif' not found because none of the following families were found: Readex Pro
WARNING:matplotlib.font_manager:findfont: Generic family 'sans-serif' not found because none of the following families were found: Readex Pro
WARNING:matplotlib.font_manager:findfont: Generic family 'sans-serif' not found because none of the following families were found: Readex Pro
WARNING:matplotlib.font_manager:findfont: Generic family 'sans-serif' not found because none of the following families were found: Readex Pro
WARNING:matplotlib.font_manager:findfont: Generic family 'sans-serif' not found because none of the following families were found: Readex Pro
WARNING:matplotlib.font_manager:findfont: Generic family 'sans-serif' not found because none of the following families were found: Readex Pro
WARNING:matplotlib.font_manager:findfont: Generic family 'sans-serif' not found because none of the following families were found: Readex Pro
WARNING:matplotlib.font_manager:findfont: Generic family 'sans-serif' not found because none of the following families were found: Readex Pro
WARNING:matplotlib.font_manager:findfont: Generic family 'sans-serif' not found because none of the following families were found: Readex Pro
WARNING:matplotlib.font_manager:findfont: Generic family 'sans-serif' not found because none of the following families were found: Readex Pro
WARNING:matplotlib.font_manager:findfont: Generic family 'sans-serif' not found because none of the following families were found: Readex Pro
WARNING:matplotlib.font_manager:findfont: Generic family 'sans-serif' not found because none of the following families were found: Readex Pro
WARNING:matplotlib.font_manager:findfont: Generic family 'sans-serif' not found because none of the following families were found: Readex Pro
WARNING:matplotlib.font_manager:findfont: Generic family 'sans-serif' not found because none of the following families were found: Readex Pro
WARNING:matplotlib.font_manager:findfont: Generic family 'sans-serif' not found because none of the following families were found: Readex Pro
WARNING:matplotlib.font_manager:findfont: Generic family 'sans-serif' not found because none of the following families were found: Readex Pro
WARNING:matplotlib.font_manager:findfont: Generic family 'sans-serif' not found because none of the following families were found: Readex Pro
WARNING:matplotlib.font_manager:findfont: Generic family 'sans-serif' not found because none of the following families were found: Readex Pro
WARNING:matplotlib.font_manager:findfont: Generic family 'sans-serif' not found because none of the following families were found: Readex Pro
WARNING:matplotlib.font_manager:findfont: Generic family 'sans-serif' not found because none of the following families were found: Readex Pro
WARNING:matplotlib.font_manager:findfont: Generic family 'sans-serif' not found because none of the following families were found: Readex Pro
WARNING:matplotlib.font_manager:findfont: Generic family 'sans-serif' not found because none of the following families were found: Readex Pro
WARNING:matplotlib.font_manager:findfont: Generic family 'sans-serif' not found because none of the following families were found: Readex Pro
WARNING:matplotlib.font_manager:findfont: Generic family 'sans-serif' not found because none of the following families were found: Readex Pro
WARNING:matplotlib.font_manager:findfont: Generic family 'sans-serif' not found because none of the following families were found: Readex Pro
WARNING:matplotlib.font_manager:findfont: Generic family 'sans-serif' not found because none of the following families were found: Readex Pro
WARNING:matplotlib.font_manager:findfont: Generic family 'sans-serif' not found because none of the following families were found: Readex Pro
WARNING:matplotlib.font_manager:findfont: Generic family 'sans-serif' not found because none of the following families were found: Readex Pro
WARNING:matplotlib.font_manager:findfont: Generic family 'sans-serif' not found because none of the following families were found: Readex Pro
WARNING:matplotlib.font_manager:findfont: Generic family 'sans-serif' not found because none of the following families were found: Readex Pro
WARNING:matplotlib.font_manager:findfont: Generic family 'sans-serif' not found because none of the following families were found: Readex Pro
WARNING:matplotlib.font_manager:findfont: Generic family 'sans-serif' not found because none of the following families were found: Readex Pro
WARNING:matplotlib.font_manager:findfont: Generic family 'sans-serif' not found because none of the following families were found: Readex Pro
WARNING:matplotlib.font_manager:findfont: Generic family 'sans-serif' not found because none of the following families were found: Readex Pro
WARNING:matplotlib.font_manager:findfont: Generic family 'sans-serif' not found because none of the following families were found: Readex Pro
WARNING:matplotlib.font_manager:findfont: Generic family 'sans-serif' not found because none of the following families were found: Readex Pro
WARNING:matplotlib.font_manager:findfont: Generic family 'sans-serif' not found because none of the following families were found: Readex Pro
WARNING:matplotlib.font_manager:findfont: Generic family 'sans-serif' not found because none of the following families were found: Readex Pro
WARNING:matplotlib.font_manager:findfont: Generic family 'sans-serif' not found because none of the following families were found: Readex Pro
WARNING:matplotlib.font_manager:findfont: Generic family 'sans-serif' not found because none of the following families were found: Readex Pro
WARNING:matplotlib.font_manager:findfont: Generic family 'sans-serif' not found because none of the following families were found: Readex Pro
WARNING:matplotlib.font_manager:findfont: Generic family 'sans-serif' not found because none of the following families were found: Readex Pro
WARNING:matplotlib.font_manager:findfont: Generic family 'sans-serif' not found because none of the following families were found: Readex Pro
WARNING:matplotlib.font_manager:findfont: Generic family 'sans-serif' not found because none of the following families were found: Readex Pro
WARNING:matplotlib.font_manager:findfont: Generic family 'sans-serif' not found because none of the following families were found: Readex Pro
WARNING:matplotlib.font_manager:findfont: Generic family 'sans-serif' not found because none of the following families were found: Readex Pro
WARNING:matplotlib.font_manager:findfont: Generic family 'sans-serif' not found because none of the following families were found: Readex Pro
WARNING:matplotlib.font_manager:findfont: Generic family 'sans-serif' not found because none of the following families were found: Readex Pro
WARNING:matplotlib.font_manager:findfont: Generic family 'sans-serif' not found because none of the following families were found: Readex Pro
WARNING:matplotlib.font_manager:findfont: Generic family 'sans-serif' not found because none of the following families were found: Readex Pro
WARNING:matplotlib.font_manager:findfont: Generic family 'sans-serif' not found because none of the following families were found: Readex Pro
WARNING:matplotlib.font_manager:findfont: Generic family 'sans-serif' not found because none of the following families were found: Readex Pro
WARNING:matplotlib.font_manager:findfont: Generic family 'sans-serif' not found because none of the following families were found: Readex Pro
WARNING:matplotlib.font_manager:findfont: Generic family 'sans-serif' not found because none of the following families were found: Readex Pro
WARNING:matplotlib.font_manager:findfont: Generic family 'sans-serif' not found because none of the following families were found: Readex Pro
WARNING:matplotlib.font_manager:findfont: Generic family 'sans-serif' not found because none of the following families were found: Readex Pro
WARNING:matplotlib.font_manager:findfont: Generic family 'sans-serif' not found because none of the following families were found: Readex Pro
WARNING:matplotlib.font_manager:findfont: Generic family 'sans-serif' not found because none of the following families were found: Readex Pro
WARNING:matplotlib.font_manager:findfont: Generic family 'sans-serif' not found because none of the following families were found: Readex Pro
WARNING:matplotlib.font_manager:findfont: Generic family 'sans-serif' not found because none of the following families were found: Readex Pro
WARNING:matplotlib.font_manager:findfont: Generic family 'sans-serif' not found because none of the following families were found: Readex Pro
WARNING:matplotlib.font_manager:findfont: Generic family 'sans-serif' not found because none of the following families were found: Readex Pro
WARNING:matplotlib.font_manager:findfont: Generic family 'sans-serif' not found because none of the following families were found: Readex Pro
WARNING:matplotlib.font_manager:findfont: Generic family 'sans-serif' not found because none of the following families were found: Readex Pro
WARNING:matplotlib.font_manager:findfont: Generic family 'sans-serif' not found because none of the following families were found: Readex Pro
WARNING:matplotlib.font_manager:findfont: Generic family 'sans-serif' not found because none of the following families were found: Readex Pro
WARNING:matplotlib.font_manager:findfont: Generic family 'sans-serif' not found because none of the following families were found: Readex Pro
WARNING:matplotlib.font_manager:findfont: Generic family 'sans-serif' not found because none of the following families were found: Readex Pro
WARNING:matplotlib.font_manager:findfont: Generic family 'sans-serif' not found because none of the following families were found: Readex Pro
WARNING:matplotlib.font_manager:findfont: Generic family 'sans-serif' not found because none of the following families were found: Readex Pro
WARNING:matplotlib.font_manager:findfont: Generic family 'sans-serif' not found because none of the following families were found: Readex Pro
WARNING:matplotlib.font_manager:findfont: Generic family 'sans-serif' not found because none of the following families were found: Readex Pro
WARNING:matplotlib.font_manager:findfont: Generic family 'sans-serif' not found because none of the following families were found: Readex Pro
WARNING:matplotlib.font_manager:findfont: Generic family 'sans-serif' not found because none of the following families were found: Readex Pro
WARNING:matplotlib.font_manager:findfont: Generic family 'sans-serif' not found because none of the following families were found: Readex Pro
WARNING:matplotlib.font_manager:findfont: Generic family 'sans-serif' not found because none of the following families were found: Readex Pro
WARNING:matplotlib.font_manager:findfont: Generic family 'sans-serif' not found because none of the following families were found: Readex Pro
WARNING:matplotlib.font_manager:findfont: Generic family 'sans-serif' not found because none of the following families were found: Readex Pro
WARNING:matplotlib.font_manager:findfont: Generic family 'sans-serif' not found because none of the following families were found: Readex Pro
WARNING:matplotlib.font_manager:findfont: Generic family 'sans-serif' not found because none of the following families were found: Readex Pro
WARNING:matplotlib.font_manager:findfont: Generic family 'sans-serif' not found because none of the following families were found: Readex Pro
WARNING:matplotlib.font_manager:findfont: Generic family 'sans-serif' not found because none of the following families were found: Readex Pro
WARNING:matplotlib.font_manager:findfont: Generic family 'sans-serif' not found because none of the following families were found: Readex Pro
WARNING:matplotlib.font_manager:findfont: Generic family 'sans-serif' not found because none of the following families were found: Readex Pro
WARNING:matplotlib.font_manager:findfont: Generic family 'sans-serif' not found because none of the following families were found: Readex Pro
WARNING:matplotlib.font_manager:findfont: Generic family 'sans-serif' not found because none of the following families were found: Readex Pro
WARNING:matplotlib.font_manager:findfont: Generic family 'sans-serif' not found because none of the following families were found: Readex Pro
WARNING:matplotlib.font_manager:findfont: Generic family 'sans-serif' not found because none of the following families were found: Readex Pro
WARNING:matplotlib.font_manager:findfont: Generic family 'sans-serif' not found because none of the following families were found: Readex Pro
WARNING:matplotlib.font_manager:findfont: Generic family 'sans-serif' not found because none of the following families were found: Readex Pro
WARNING:matplotlib.font_manager:findfont: Generic family 'sans-serif' not found because none of the following families were found: Readex Pro
WARNING:matplotlib.font_manager:findfont: Generic family 'sans-serif' not found because none of the following families were found: Readex Pro
WARNING:matplotlib.font_manager:findfont: Generic family 'sans-serif' not found because none of the following families were found: Readex Pro
WARNING:matplotlib.font_manager:findfont: Generic family 'sans-serif' not found because none of the following families were found: Readex Pro
WARNING:matplotlib.font_manager:findfont: Generic family 'sans-serif' not found because none of the following families were found: Readex Pro
WARNING:matplotlib.font_manager:findfont: Generic family 'sans-serif' not found because none of the following families were found: Readex Pro
WARNING:matplotlib.font_manager:findfont: Generic family 'sans-serif' not found because none of the following families were found: Readex Pro
WARNING:matplotlib.font_manager:findfont: Generic family 'sans-serif' not found because none of the following families were found: Readex Pro
WARNING:matplotlib.font_manager:findfont: Generic family 'sans-serif' not found because none of the following families were found: Readex Pro
WARNING:matplotlib.font_manager:findfont: Generic family 'sans-serif' not found because none of the following families were found: Readex Pro
WARNING:matplotlib.font_manager:findfont: Generic family 'sans-serif' not found because none of the following families were found: Readex Pro
WARNING:matplotlib.font_manager:findfont: Generic family 'sans-serif' not found because none of the following families were found: Readex Pro
WARNING:matplotlib.font_manager:findfont: Generic family 'sans-serif' not found because none of the following families were found: Readex Pro
WARNING:matplotlib.font_manager:findfont: Generic family 'sans-serif' not found because none of the following families were found: Readex Pro
WARNING:matplotlib.font_manager:findfont: Generic family 'sans-serif' not found because none of the following families were found: Readex Pro
WARNING:matplotlib.font_manager:findfont: Generic family 'sans-serif' not found because none of the following families were found: Readex Pro
WARNING:matplotlib.font_manager:findfont: Generic family 'sans-serif' not found because none of the following families were found: Readex Pro
WARNING:matplotlib.font_manager:findfont: Generic family 'sans-serif' not found because none of the following families were found: Readex Pro
WARNING:matplotlib.font_manager:findfont: Generic family 'sans-serif' not found because none of the following families were found: Readex Pro
WARNING:matplotlib.font_manager:findfont: Generic family 'sans-serif' not found because none of the following families were found: Readex Pro
WARNING:matplotlib.font_manager:findfont: Generic family 'sans-serif' not found because none of the following families were found: Readex Pro
WARNING:matplotlib.font_manager:findfont: Generic family 'sans-serif' not found because none of the following families were found: Readex Pro
WARNING:matplotlib.font_manager:findfont: Generic family 'sans-serif' not found because none of the following families were found: Readex Pro
WARNING:matplotlib.font_manager:findfont: Generic family 'sans-serif' not found because none of the following families were found: Readex Pro
WARNING:matplotlib.font_manager:findfont: Generic family 'sans-serif' not found because none of the following families were found: Readex Pro
WARNING:matplotlib.font_manager:findfont: Generic family 'sans-serif' not found because none of the following families were found: Readex Pro
WARNING:matplotlib.font_manager:findfont: Generic family 'sans-serif' not found because none of the following families were found: Readex Pro
WARNING:matplotlib.font_manager:findfont: Generic family 'sans-serif' not found because none of the following families were found: Readex Pro
WARNING:matplotlib.font_manager:findfont: Generic family 'sans-serif' not found because none of the following families were found: Readex Pro
WARNING:matplotlib.font_manager:findfont: Generic family 'sans-serif' not found because none of the following families were found: Readex Pro
WARNING:matplotlib.font_manager:findfont: Generic family 'sans-serif' not found because none of the following families were found: Readex Pro
WARNING:matplotlib.font_manager:findfont: Generic family 'sans-serif' not found because none of the following families were found: Readex Pro
WARNING:matplotlib.font_manager:findfont: Generic family 'sans-serif' not found because none of the following families were found: Readex Pro
WARNING:matplotlib.font_manager:findfont: Generic family 'sans-serif' not found because none of the following families were found: Readex Pro
WARNING:matplotlib.font_manager:findfont: Generic family 'sans-serif' not found because none of the following families were found: Readex Pro
WARNING:matplotlib.font_manager:findfont: Generic family 'sans-serif' not found because none of the following families were found: Readex Pro
WARNING:matplotlib.font_manager:findfont: Generic family 'sans-serif' not found because none of the following families were found: Readex Pro
WARNING:matplotlib.font_manager:findfont: Generic family 'sans-serif' not found because none of the following families were found: Readex Pro
WARNING:matplotlib.font_manager:findfont: Generic family 'sans-serif' not found because none of the following families were found: Readex Pro
WARNING:matplotlib.font_manager:findfont: Generic family 'sans-serif' not found because none of the following families were found: Readex Pro
WARNING:matplotlib.font_manager:findfont: Generic family 'sans-serif' not found because none of the following families were found: Readex Pro
WARNING:matplotlib.font_manager:findfont: Generic family 'sans-serif' not found because none of the following families were found: Readex Pro
WARNING:matplotlib.font_manager:findfont: Generic family 'sans-serif' not found because none of the following families were found: Readex Pro
WARNING:matplotlib.font_manager:findfont: Generic family 'sans-serif' not found because none of the following families were found: Readex Pro
WARNING:matplotlib.font_manager:findfont: Generic family 'sans-serif' not found because none of the following families were found: Readex Pro
WARNING:matplotlib.font_manager:findfont: Generic family 'sans-serif' not found because none of the following families were found: Readex Pro
[33mTotal time: 04:29:04[0m
[35mEverything done![0m
