2023-04-29 17:07:20.221750: I tensorflow/core/platform/cpu_feature_guard.cc:193] This TensorFlow binary is optimized with oneAPI Deep Neural Network Library (oneDNN) to use the following CPU instructions in performance-critical operations:  AVX2 FMA
To enable them in other operations, rebuild TensorFlow with the appropriate compiler flags.
2023-04-29 17:07:26.703779: W tensorflow/compiler/xla/stream_executor/platform/default/dso_loader.cc:64] Could not load dynamic library 'libnvinfer.so.7'; dlerror: libnvinfer.so.7: cannot open shared object file: No such file or directory
2023-04-29 17:07:26.704125: W tensorflow/compiler/xla/stream_executor/platform/default/dso_loader.cc:64] Could not load dynamic library 'libnvinfer_plugin.so.7'; dlerror: libnvinfer_plugin.so.7: cannot open shared object file: No such file or directory
2023-04-29 17:07:26.704143: W tensorflow/compiler/tf2tensorrt/utils/py_utils.cc:38] TF-TRT Warning: Cannot dlopen some TensorRT libraries. If you would like to use Nvidia GPU with TensorRT, please make sure the missing libraries mentioned above are installed properly.
Matplotlib created a temporary config/cache directory at /tmp/matplotlib-iuh9y54p because the default path (/home/cristec/.config/matplotlib) is not a writable directory; it is highly recommended to set the MPLCONFIGDIR environment variable to a writable directory, in particular to speed up the import of Matplotlib and to better support multiprocessing.
[35mStarting script...[0m
2023-04-29 17:07:36.180074: I tensorflow/core/platform/cpu_feature_guard.cc:193] This TensorFlow binary is optimized with oneAPI Deep Neural Network Library (oneDNN) to use the following CPU instructions in performance-critical operations:  AVX2 FMA
To enable them in other operations, rebuild TensorFlow with the appropriate compiler flags.
2023-04-29 17:07:39.454508: I tensorflow/core/common_runtime/gpu/gpu_device.cc:1613] Created device /job:localhost/replica:0/task:0/device:GPU:0 with 7425 MB memory:  -> device: 0, name: Quadro M4000, pci bus id: 0000:04:00.0, compute capability: 5.2
[32mLoading train dataset information...[0m
WARNING:tensorflow:From /shared_storage/cristec/conda/envs/ML/lib/python3.10/site-packages/tensorflow/python/autograph/pyct/static_analysis/liveness.py:83: Analyzer.lamba_check (from tensorflow.python.autograph.pyct.static_analysis.liveness) is deprecated and will be removed after 2023-09-23.
Instructions for updating:
Lambda fuctions will be no more assumed to be used in the statement where they are used, or at least in the same block. https://github.com/tensorflow/tensorflow/issues/56089
[32mLoading validation dataset information...[0m
[32mLoading test dataset information...[0m
[32mSaving model architecture text summary...[0m
[32mTraining model...[0m
[36m
Epoch 1/500
2023-04-29 17:08:03.603634: E tensorflow/core/grappler/optimizers/meta_optimizer.cc:954] layout failed: INVALID_ARGUMENT: Size of values 0 does not match size of permutation 4 @ fanin shape inmodel_1/residual_0/dropout/dropout/SelectV2-2-TransposeNHWCToNCHW-LayoutOptimizer
2023-04-29 17:08:06.651177: I tensorflow/compiler/xla/stream_executor/cuda/cuda_dnn.cc:428] Loaded cuDNN version 8101
2023-04-29 17:08:07.750887: I tensorflow/tsl/platform/default/subprocess.cc:304] Start cannot spawn child process: No such file or directory
2023-04-29 17:08:10.258989: I tensorflow/compiler/xla/service/service.cc:173] XLA service 0x7f34731d73e0 initialized for platform CUDA (this does not guarantee that XLA will be used). Devices:
2023-04-29 17:08:10.259022: I tensorflow/compiler/xla/service/service.cc:181]   StreamExecutor device (0): Quadro M4000, Compute Capability 5.2
2023-04-29 17:08:10.362881: I tensorflow/compiler/mlir/tensorflow/utils/dump_mlir_util.cc:268] disabling MLIR crash reproducer, set env var `MLIR_CRASH_REPRODUCER_DIRECTORY` to enable.
2023-04-29 17:08:11.025523: I tensorflow/tsl/platform/default/subprocess.cc:304] Start cannot spawn child process: No such file or directory
2023-04-29 17:08:11.101878: I tensorflow/compiler/jit/xla_compilation_cache.cc:477] Compiled cluster using XLA!  This line is logged at most once for the lifetime of the process.

Epoch 1: val_loss improved from inf to 0.07620, saving model to models/resnet_mae_5-10
WARNING:absl:Found untraced functions such as _jit_compiled_convolution_op, _jit_compiled_convolution_op, _jit_compiled_convolution_op, padding2d_layer_call_fn, padding2d_layer_call_and_return_conditional_losses while saving (showing 5 of 315). These functions will not be directly callable after loading.
1250/1250 - 3194s - loss: 0.0987 - psnr: 18.1260 - ssim: 0.5215 - val_loss: 0.0762 - val_psnr: 20.1076 - val_ssim: 0.6155 - lr: 0.0100 - 3194s/epoch - 3s/step
Epoch 2/500

Epoch 2: val_loss improved from 0.07620 to 0.05493, saving model to models/resnet_mae_5-10
WARNING:absl:Found untraced functions such as _jit_compiled_convolution_op, _jit_compiled_convolution_op, _jit_compiled_convolution_op, padding2d_layer_call_fn, padding2d_layer_call_and_return_conditional_losses while saving (showing 5 of 315). These functions will not be directly callable after loading.
1250/1250 - 2632s - loss: 0.0645 - psnr: 21.3792 - ssim: 0.6524 - val_loss: 0.0549 - val_psnr: 22.1097 - val_ssim: 0.7134 - lr: 0.0100 - 2632s/epoch - 2s/step
Epoch 3/500

Epoch 3: val_loss improved from 0.05493 to 0.05024, saving model to models/resnet_mae_5-10
WARNING:absl:Found untraced functions such as _jit_compiled_convolution_op, _jit_compiled_convolution_op, _jit_compiled_convolution_op, padding2d_layer_call_fn, padding2d_layer_call_and_return_conditional_losses while saving (showing 5 of 315). These functions will not be directly callable after loading.
1250/1250 - 2632s - loss: 0.0565 - psnr: 22.4706 - ssim: 0.7022 - val_loss: 0.0502 - val_psnr: 23.2673 - val_ssim: 0.7273 - lr: 0.0100 - 2632s/epoch - 2s/step
Epoch 4/500

Epoch 4: val_loss did not improve from 0.05024
1250/1250 - 2611s - loss: 0.0510 - psnr: 23.2607 - ssim: 0.7285 - val_loss: 0.0691 - val_psnr: 19.1001 - val_ssim: 0.7327 - lr: 0.0100 - 2611s/epoch - 2s/step
Epoch 5/500

Epoch 5: val_loss improved from 0.05024 to 0.04254, saving model to models/resnet_mae_5-10
WARNING:absl:Found untraced functions such as _jit_compiled_convolution_op, _jit_compiled_convolution_op, _jit_compiled_convolution_op, padding2d_layer_call_fn, padding2d_layer_call_and_return_conditional_losses while saving (showing 5 of 315). These functions will not be directly callable after loading.
1250/1250 - 2633s - loss: 0.0477 - psnr: 23.7528 - ssim: 0.7439 - val_loss: 0.0425 - val_psnr: 23.7891 - val_ssim: 0.7647 - lr: 0.0100 - 2633s/epoch - 2s/step
Epoch 6/500

Epoch 6: val_loss did not improve from 0.04254
1250/1250 - 2611s - loss: 0.0448 - psnr: 24.1570 - ssim: 0.7561 - val_loss: 0.0427 - val_psnr: 24.0655 - val_ssim: 0.7620 - lr: 0.0100 - 2611s/epoch - 2s/step
Epoch 7/500

Epoch 7: val_loss did not improve from 0.04254
1250/1250 - 2610s - loss: 0.0445 - psnr: 24.1967 - ssim: 0.7562 - val_loss: 0.0429 - val_psnr: 24.4502 - val_ssim: 0.7474 - lr: 0.0100 - 2610s/epoch - 2s/step
Epoch 8/500

Epoch 8: val_loss improved from 0.04254 to 0.03768, saving model to models/resnet_mae_5-10
WARNING:absl:Found untraced functions such as _jit_compiled_convolution_op, _jit_compiled_convolution_op, _jit_compiled_convolution_op, padding2d_layer_call_fn, padding2d_layer_call_and_return_conditional_losses while saving (showing 5 of 315). These functions will not be directly callable after loading.
1250/1250 - 2632s - loss: 0.0424 - psnr: 24.5350 - ssim: 0.7680 - val_loss: 0.0377 - val_psnr: 25.2238 - val_ssim: 0.7685 - lr: 0.0100 - 2632s/epoch - 2s/step
Epoch 9/500

Epoch 9: val_loss improved from 0.03768 to 0.03701, saving model to models/resnet_mae_5-10
WARNING:absl:Found untraced functions such as _jit_compiled_convolution_op, _jit_compiled_convolution_op, _jit_compiled_convolution_op, padding2d_layer_call_fn, padding2d_layer_call_and_return_conditional_losses while saving (showing 5 of 315). These functions will not be directly callable after loading.
1250/1250 - 2633s - loss: 0.0412 - psnr: 24.7625 - ssim: 0.7750 - val_loss: 0.0370 - val_psnr: 25.2044 - val_ssim: 0.7903 - lr: 0.0100 - 2633s/epoch - 2s/step
Epoch 10/500

Epoch 10: val_loss did not improve from 0.03701
1250/1250 - 2611s - loss: 0.0400 - psnr: 24.9390 - ssim: 0.7800 - val_loss: 0.0417 - val_psnr: 24.2343 - val_ssim: 0.7832 - lr: 0.0100 - 2611s/epoch - 2s/step
Epoch 11/500

Epoch 11: val_loss improved from 0.03701 to 0.03564, saving model to models/resnet_mae_5-10
WARNING:absl:Found untraced functions such as _jit_compiled_convolution_op, _jit_compiled_convolution_op, _jit_compiled_convolution_op, padding2d_layer_call_fn, padding2d_layer_call_and_return_conditional_losses while saving (showing 5 of 315). These functions will not be directly callable after loading.
1250/1250 - 2633s - loss: 0.0398 - psnr: 25.0072 - ssim: 0.7830 - val_loss: 0.0356 - val_psnr: 25.6167 - val_ssim: 0.7905 - lr: 0.0100 - 2633s/epoch - 2s/step
Epoch 12/500

Epoch 12: val_loss did not improve from 0.03564
1250/1250 - 2611s - loss: 0.0392 - psnr: 25.0905 - ssim: 0.7857 - val_loss: 0.0359 - val_psnr: 25.5792 - val_ssim: 0.7964 - lr: 0.0100 - 2611s/epoch - 2s/step
Epoch 13/500

Epoch 13: val_loss did not improve from 0.03564
1250/1250 - 2612s - loss: 0.0383 - psnr: 25.2613 - ssim: 0.7903 - val_loss: 0.0374 - val_psnr: 25.4022 - val_ssim: 0.7833 - lr: 0.0100 - 2612s/epoch - 2s/step
Epoch 14/500

Epoch 14: val_loss did not improve from 0.03564
1250/1250 - 2612s - loss: 0.0376 - psnr: 25.3832 - ssim: 0.7939 - val_loss: 0.0388 - val_psnr: 24.6598 - val_ssim: 0.7843 - lr: 0.0100 - 2612s/epoch - 2s/step
Epoch 15/500

Epoch 15: val_loss did not improve from 0.03564
1250/1250 - 2612s - loss: 0.0372 - psnr: 25.4593 - ssim: 0.7968 - val_loss: 0.0371 - val_psnr: 25.2931 - val_ssim: 0.7764 - lr: 0.0100 - 2612s/epoch - 2s/step
Epoch 16/500

Epoch 16: val_loss did not improve from 0.03564
1250/1250 - 2612s - loss: 0.0368 - psnr: 25.5366 - ssim: 0.7984 - val_loss: 0.0375 - val_psnr: 25.3637 - val_ssim: 0.7913 - lr: 0.0100 - 2612s/epoch - 2s/step
Epoch 17/500

Epoch 17: val_loss improved from 0.03564 to 0.03506, saving model to models/resnet_mae_5-10
WARNING:absl:Found untraced functions such as _jit_compiled_convolution_op, _jit_compiled_convolution_op, _jit_compiled_convolution_op, padding2d_layer_call_fn, padding2d_layer_call_and_return_conditional_losses while saving (showing 5 of 315). These functions will not be directly callable after loading.
1250/1250 - 2633s - loss: 0.0363 - psnr: 25.6261 - ssim: 0.8014 - val_loss: 0.0351 - val_psnr: 25.7341 - val_ssim: 0.8099 - lr: 0.0100 - 2633s/epoch - 2s/step
Epoch 18/500

Epoch 18: val_loss did not improve from 0.03506
1250/1250 - 2611s - loss: 0.0361 - psnr: 25.6650 - ssim: 0.8029 - val_loss: 0.0353 - val_psnr: 25.7976 - val_ssim: 0.8059 - lr: 0.0100 - 2611s/epoch - 2s/step
Epoch 19/500

Epoch 19: val_loss did not improve from 0.03506
1250/1250 - 2611s - loss: 0.0360 - psnr: 25.6914 - ssim: 0.8037 - val_loss: 0.0354 - val_psnr: 25.8134 - val_ssim: 0.7855 - lr: 0.0100 - 2611s/epoch - 2s/step
Epoch 20/500

Epoch 20: val_loss did not improve from 0.03506
1250/1250 - 2612s - loss: 0.0357 - psnr: 25.7599 - ssim: 0.8046 - val_loss: 0.0369 - val_psnr: 25.3269 - val_ssim: 0.7829 - lr: 0.0100 - 2612s/epoch - 2s/step
Epoch 21/500

Epoch 21: val_loss improved from 0.03506 to 0.03474, saving model to models/resnet_mae_5-10
WARNING:absl:Found untraced functions such as _jit_compiled_convolution_op, _jit_compiled_convolution_op, _jit_compiled_convolution_op, padding2d_layer_call_fn, padding2d_layer_call_and_return_conditional_losses while saving (showing 5 of 315). These functions will not be directly callable after loading.
1250/1250 - 2633s - loss: 0.0353 - psnr: 25.8268 - ssim: 0.8070 - val_loss: 0.0347 - val_psnr: 25.7939 - val_ssim: 0.7915 - lr: 0.0100 - 2633s/epoch - 2s/step
Epoch 22/500

Epoch 22: val_loss did not improve from 0.03474
1250/1250 - 2612s - loss: 0.0352 - psnr: 25.8455 - ssim: 0.8077 - val_loss: 0.0402 - val_psnr: 23.8809 - val_ssim: 0.7876 - lr: 0.0100 - 2612s/epoch - 2s/step
Epoch 23/500

Epoch 23: val_loss improved from 0.03474 to 0.03409, saving model to models/resnet_mae_5-10
WARNING:absl:Found untraced functions such as _jit_compiled_convolution_op, _jit_compiled_convolution_op, _jit_compiled_convolution_op, padding2d_layer_call_fn, padding2d_layer_call_and_return_conditional_losses while saving (showing 5 of 315). These functions will not be directly callable after loading.
1250/1250 - 2634s - loss: 0.0349 - psnr: 25.9123 - ssim: 0.8090 - val_loss: 0.0341 - val_psnr: 25.9848 - val_ssim: 0.8036 - lr: 0.0100 - 2634s/epoch - 2s/step
Epoch 24/500

Epoch 24: val_loss did not improve from 0.03409
1250/1250 - 2613s - loss: 0.0346 - psnr: 25.9637 - ssim: 0.8106 - val_loss: 0.0344 - val_psnr: 26.1025 - val_ssim: 0.7959 - lr: 0.0100 - 2613s/epoch - 2s/step
Epoch 25/500

Epoch 25: val_loss improved from 0.03409 to 0.03350, saving model to models/resnet_mae_5-10
WARNING:absl:Found untraced functions such as _jit_compiled_convolution_op, _jit_compiled_convolution_op, _jit_compiled_convolution_op, padding2d_layer_call_fn, padding2d_layer_call_and_return_conditional_losses while saving (showing 5 of 315). These functions will not be directly callable after loading.
1250/1250 - 2635s - loss: 0.0345 - psnr: 25.9929 - ssim: 0.8113 - val_loss: 0.0335 - val_psnr: 26.1819 - val_ssim: 0.8074 - lr: 0.0100 - 2635s/epoch - 2s/step
Epoch 26/500

Epoch 26: val_loss improved from 0.03350 to 0.03244, saving model to models/resnet_mae_5-10
WARNING:absl:Found untraced functions such as _jit_compiled_convolution_op, _jit_compiled_convolution_op, _jit_compiled_convolution_op, padding2d_layer_call_fn, padding2d_layer_call_and_return_conditional_losses while saving (showing 5 of 315). These functions will not be directly callable after loading.
1250/1250 - 2635s - loss: 0.0342 - psnr: 26.0430 - ssim: 0.8132 - val_loss: 0.0324 - val_psnr: 26.2579 - val_ssim: 0.8179 - lr: 0.0100 - 2635s/epoch - 2s/step
Epoch 27/500

Epoch 27: val_loss did not improve from 0.03244
1250/1250 - 2613s - loss: 0.0345 - psnr: 26.0143 - ssim: 0.8126 - val_loss: 0.0343 - val_psnr: 26.0952 - val_ssim: 0.7912 - lr: 0.0100 - 2613s/epoch - 2s/step
Epoch 28/500

Epoch 28: val_loss did not improve from 0.03244
1250/1250 - 2613s - loss: 0.0344 - psnr: 26.0196 - ssim: 0.8125 - val_loss: 0.0339 - val_psnr: 26.0672 - val_ssim: 0.8117 - lr: 0.0100 - 2613s/epoch - 2s/step
Epoch 29/500

Epoch 29: val_loss did not improve from 0.03244
1250/1250 - 2613s - loss: 0.0342 - psnr: 26.0712 - ssim: 0.8144 - val_loss: 0.0353 - val_psnr: 25.8567 - val_ssim: 0.8104 - lr: 0.0100 - 2613s/epoch - 2s/step
Epoch 30/500

Epoch 30: val_loss did not improve from 0.03244
1250/1250 - 2613s - loss: 0.0339 - psnr: 26.1150 - ssim: 0.8153 - val_loss: 0.0355 - val_psnr: 25.8710 - val_ssim: 0.8112 - lr: 0.0100 - 2613s/epoch - 2s/step
Epoch 31/500

Epoch 31: val_loss did not improve from 0.03244
1250/1250 - 2613s - loss: 0.0340 - psnr: 26.1148 - ssim: 0.8154 - val_loss: 0.0331 - val_psnr: 26.2338 - val_ssim: 0.8154 - lr: 0.0100 - 2613s/epoch - 2s/step
Epoch 32/500

Epoch 32: val_loss did not improve from 0.03244
1250/1250 - 2613s - loss: 0.0335 - psnr: 26.2018 - ssim: 0.8179 - val_loss: 0.0334 - val_psnr: 26.0266 - val_ssim: 0.8227 - lr: 0.0100 - 2613s/epoch - 2s/step
Epoch 33/500

Epoch 33: val_loss did not improve from 0.03244
1250/1250 - 2614s - loss: 0.0338 - psnr: 26.1567 - ssim: 0.8169 - val_loss: 0.0326 - val_psnr: 26.4382 - val_ssim: 0.8157 - lr: 0.0100 - 2614s/epoch - 2s/step
Epoch 34/500

Epoch 34: val_loss improved from 0.03244 to 0.03125, saving model to models/resnet_mae_5-10
WARNING:absl:Found untraced functions such as _jit_compiled_convolution_op, _jit_compiled_convolution_op, _jit_compiled_convolution_op, padding2d_layer_call_fn, padding2d_layer_call_and_return_conditional_losses while saving (showing 5 of 315). These functions will not be directly callable after loading.
1250/1250 - 2635s - loss: 0.0336 - psnr: 26.1969 - ssim: 0.8183 - val_loss: 0.0313 - val_psnr: 26.6674 - val_ssim: 0.8254 - lr: 0.0100 - 2635s/epoch - 2s/step
Epoch 35/500

Epoch 35: val_loss did not improve from 0.03125
1250/1250 - 2610s - loss: nan - psnr: nan - ssim: nan - val_loss: nan - val_psnr: nan - val_ssim: nan - lr: 0.0100 - 2610s/epoch - 2s/step
Epoch 36/500

Epoch 36: val_loss did not improve from 0.03125
1250/1250 - 2605s - loss: nan - psnr: nan - ssim: nan - val_loss: nan - val_psnr: nan - val_ssim: nan - lr: 0.0100 - 2605s/epoch - 2s/step
Epoch 37/500

Epoch 37: val_loss did not improve from 0.03125
1250/1250 - 2605s - loss: nan - psnr: nan - ssim: nan - val_loss: nan - val_psnr: nan - val_ssim: nan - lr: 0.0100 - 2605s/epoch - 2s/step
Epoch 38/500

Epoch 38: val_loss did not improve from 0.03125
1250/1250 - 2605s - loss: nan - psnr: nan - ssim: nan - val_loss: nan - val_psnr: nan - val_ssim: nan - lr: 0.0100 - 2605s/epoch - 2s/step
Epoch 39/500

Epoch 39: val_loss did not improve from 0.03125
1250/1250 - 2605s - loss: nan - psnr: nan - ssim: nan - val_loss: nan - val_psnr: nan - val_ssim: nan - lr: 0.0100 - 2605s/epoch - 2s/step
Epoch 40/500

Epoch 40: val_loss did not improve from 0.03125
1250/1250 - 2604s - loss: nan - psnr: nan - ssim: nan - val_loss: nan - val_psnr: nan - val_ssim: nan - lr: 0.0100 - 2604s/epoch - 2s/step
Epoch 41/500

Epoch 41: val_loss did not improve from 0.03125
1250/1250 - 2604s - loss: nan - psnr: nan - ssim: nan - val_loss: nan - val_psnr: nan - val_ssim: nan - lr: 0.0100 - 2604s/epoch - 2s/step
Epoch 42/500

Epoch 42: val_loss did not improve from 0.03125
1250/1250 - 2604s - loss: nan - psnr: nan - ssim: nan - val_loss: nan - val_psnr: nan - val_ssim: nan - lr: 0.0100 - 2604s/epoch - 2s/step
Epoch 43/500

Epoch 43: val_loss did not improve from 0.03125
1250/1250 - 2604s - loss: nan - psnr: nan - ssim: nan - val_loss: nan - val_psnr: nan - val_ssim: nan - lr: 0.0100 - 2604s/epoch - 2s/step
Epoch 44/500

Epoch 44: val_loss did not improve from 0.03125
1250/1250 - 2604s - loss: nan - psnr: nan - ssim: nan - val_loss: nan - val_psnr: nan - val_ssim: nan - lr: 0.0100 - 2604s/epoch - 2s/step
Epoch 45/500

Epoch 45: val_loss did not improve from 0.03125
1250/1250 - 2604s - loss: nan - psnr: nan - ssim: nan - val_loss: nan - val_psnr: nan - val_ssim: nan - lr: 0.0100 - 2604s/epoch - 2s/step
Epoch 46/500

Epoch 46: val_loss did not improve from 0.03125
1250/1250 - 2605s - loss: nan - psnr: nan - ssim: nan - val_loss: nan - val_psnr: nan - val_ssim: nan - lr: 0.0100 - 2605s/epoch - 2s/step
Epoch 47/500

Epoch 47: val_loss did not improve from 0.03125
1250/1250 - 2604s - loss: nan - psnr: nan - ssim: nan - val_loss: nan - val_psnr: nan - val_ssim: nan - lr: 0.0100 - 2604s/epoch - 2s/step
Epoch 48/500

Epoch 48: val_loss did not improve from 0.03125
1250/1250 - 2603s - loss: nan - psnr: nan - ssim: nan - val_loss: nan - val_psnr: nan - val_ssim: nan - lr: 0.0100 - 2603s/epoch - 2s/step
Epoch 49/500

Epoch 49: val_loss did not improve from 0.03125
1250/1250 - 2605s - loss: nan - psnr: nan - ssim: nan - val_loss: nan - val_psnr: nan - val_ssim: nan - lr: 0.0100 - 2605s/epoch - 2s/step
Epoch 50/500

Epoch 50: val_loss did not improve from 0.03125
1250/1250 - 2604s - loss: nan - psnr: nan - ssim: nan - val_loss: nan - val_psnr: nan - val_ssim: nan - lr: 0.0100 - 2604s/epoch - 2s/step
Epoch 51/500

Epoch 51: val_loss did not improve from 0.03125
1250/1250 - 2603s - loss: nan - psnr: nan - ssim: nan - val_loss: nan - val_psnr: nan - val_ssim: nan - lr: 0.0100 - 2603s/epoch - 2s/step
Epoch 52/500

Epoch 52: val_loss did not improve from 0.03125
1250/1250 - 2604s - loss: nan - psnr: nan - ssim: nan - val_loss: nan - val_psnr: nan - val_ssim: nan - lr: 0.0100 - 2604s/epoch - 2s/step
Epoch 53/500

Epoch 53: val_loss did not improve from 0.03125
1250/1250 - 2605s - loss: nan - psnr: nan - ssim: nan - val_loss: nan - val_psnr: nan - val_ssim: nan - lr: 0.0100 - 2605s/epoch - 2s/step
Epoch 54/500

Epoch 54: ReduceLROnPlateau reducing learning rate to 0.0019999999552965165.

Epoch 54: val_loss did not improve from 0.03125
1250/1250 - 2605s - loss: nan - psnr: nan - ssim: nan - val_loss: nan - val_psnr: nan - val_ssim: nan - lr: 0.0100 - 2605s/epoch - 2s/step
Epoch 55/500

Epoch 55: val_loss did not improve from 0.03125
1250/1250 - 2604s - loss: nan - psnr: nan - ssim: nan - val_loss: nan - val_psnr: nan - val_ssim: nan - lr: 0.0020 - 2604s/epoch - 2s/step
Epoch 56/500

Epoch 56: val_loss did not improve from 0.03125
1250/1250 - 2605s - loss: nan - psnr: nan - ssim: nan - val_loss: nan - val_psnr: nan - val_ssim: nan - lr: 0.0020 - 2605s/epoch - 2s/step
Epoch 57/500

Epoch 57: val_loss did not improve from 0.03125
1250/1250 - 2605s - loss: nan - psnr: nan - ssim: nan - val_loss: nan - val_psnr: nan - val_ssim: nan - lr: 0.0020 - 2605s/epoch - 2s/step
Epoch 58/500

Epoch 58: val_loss did not improve from 0.03125
1250/1250 - 2605s - loss: nan - psnr: nan - ssim: nan - val_loss: nan - val_psnr: nan - val_ssim: nan - lr: 0.0020 - 2605s/epoch - 2s/step
Epoch 59/500

Epoch 59: val_loss did not improve from 0.03125
1250/1250 - 2605s - loss: nan - psnr: nan - ssim: nan - val_loss: nan - val_psnr: nan - val_ssim: nan - lr: 0.0020 - 2605s/epoch - 2s/step
Epoch 60/500

Epoch 60: val_loss did not improve from 0.03125
1250/1250 - 2604s - loss: nan - psnr: nan - ssim: nan - val_loss: nan - val_psnr: nan - val_ssim: nan - lr: 0.0020 - 2604s/epoch - 2s/step
Epoch 61/500

Epoch 61: val_loss did not improve from 0.03125
1250/1250 - 2604s - loss: nan - psnr: nan - ssim: nan - val_loss: nan - val_psnr: nan - val_ssim: nan - lr: 0.0020 - 2604s/epoch - 2s/step
Epoch 62/500

Epoch 62: val_loss did not improve from 0.03125
1250/1250 - 2604s - loss: nan - psnr: nan - ssim: nan - val_loss: nan - val_psnr: nan - val_ssim: nan - lr: 0.0020 - 2604s/epoch - 2s/step
Epoch 63/500

Epoch 63: val_loss did not improve from 0.03125
1250/1250 - 2604s - loss: nan - psnr: nan - ssim: nan - val_loss: nan - val_psnr: nan - val_ssim: nan - lr: 0.0020 - 2604s/epoch - 2s/step
Epoch 64/500

Epoch 64: val_loss did not improve from 0.03125
1250/1250 - 2604s - loss: nan - psnr: nan - ssim: nan - val_loss: nan - val_psnr: nan - val_ssim: nan - lr: 0.0020 - 2604s/epoch - 2s/step
Epoch 65/500

Epoch 65: val_loss did not improve from 0.03125
1250/1250 - 2604s - loss: nan - psnr: nan - ssim: nan - val_loss: nan - val_psnr: nan - val_ssim: nan - lr: 0.0020 - 2604s/epoch - 2s/step
Epoch 66/500

Epoch 66: val_loss did not improve from 0.03125
1250/1250 - 2604s - loss: nan - psnr: nan - ssim: nan - val_loss: nan - val_psnr: nan - val_ssim: nan - lr: 0.0020 - 2604s/epoch - 2s/step
Epoch 67/500

Epoch 67: val_loss did not improve from 0.03125
1250/1250 - 2604s - loss: nan - psnr: nan - ssim: nan - val_loss: nan - val_psnr: nan - val_ssim: nan - lr: 0.0020 - 2604s/epoch - 2s/step
Epoch 68/500

Epoch 68: val_loss did not improve from 0.03125
1250/1250 - 2604s - loss: nan - psnr: nan - ssim: nan - val_loss: nan - val_psnr: nan - val_ssim: nan - lr: 0.0020 - 2604s/epoch - 2s/step
Epoch 69/500

Epoch 69: val_loss did not improve from 0.03125
1250/1250 - 2604s - loss: nan - psnr: nan - ssim: nan - val_loss: nan - val_psnr: nan - val_ssim: nan - lr: 0.0020 - 2604s/epoch - 2s/step
Epoch 70/500

Epoch 70: val_loss did not improve from 0.03125
1250/1250 - 2604s - loss: nan - psnr: nan - ssim: nan - val_loss: nan - val_psnr: nan - val_ssim: nan - lr: 0.0020 - 2604s/epoch - 2s/step
Epoch 71/500

Epoch 71: val_loss did not improve from 0.03125
1250/1250 - 2604s - loss: nan - psnr: nan - ssim: nan - val_loss: nan - val_psnr: nan - val_ssim: nan - lr: 0.0020 - 2604s/epoch - 2s/step
Epoch 72/500

Epoch 72: val_loss did not improve from 0.03125
1250/1250 - 2604s - loss: nan - psnr: nan - ssim: nan - val_loss: nan - val_psnr: nan - val_ssim: nan - lr: 0.0020 - 2604s/epoch - 2s/step
Epoch 73/500

Epoch 73: val_loss did not improve from 0.03125
1250/1250 - 2604s - loss: nan - psnr: nan - ssim: nan - val_loss: nan - val_psnr: nan - val_ssim: nan - lr: 0.0020 - 2604s/epoch - 2s/step
Epoch 74/500

Epoch 74: val_loss did not improve from 0.03125
1250/1250 - 2604s - loss: nan - psnr: nan - ssim: nan - val_loss: nan - val_psnr: nan - val_ssim: nan - lr: 0.0020 - 2604s/epoch - 2s/step
Epoch 75/500

Epoch 75: val_loss did not improve from 0.03125
1250/1250 - 2603s - loss: nan - psnr: nan - ssim: nan - val_loss: nan - val_psnr: nan - val_ssim: nan - lr: 0.0020 - 2603s/epoch - 2s/step
Epoch 76/500

Epoch 76: val_loss did not improve from 0.03125
1250/1250 - 2604s - loss: nan - psnr: nan - ssim: nan - val_loss: nan - val_psnr: nan - val_ssim: nan - lr: 0.0020 - 2604s/epoch - 2s/step
Epoch 77/500

Epoch 77: val_loss did not improve from 0.03125
1250/1250 - 2603s - loss: nan - psnr: nan - ssim: nan - val_loss: nan - val_psnr: nan - val_ssim: nan - lr: 0.0020 - 2603s/epoch - 2s/step
Epoch 78/500

Epoch 78: ReduceLROnPlateau reducing learning rate to 0.0003999999724328518.

Epoch 78: val_loss did not improve from 0.03125
1250/1250 - 2604s - loss: nan - psnr: nan - ssim: nan - val_loss: nan - val_psnr: nan - val_ssim: nan - lr: 0.0020 - 2604s/epoch - 2s/step
Epoch 79/500

Epoch 79: val_loss did not improve from 0.03125
1250/1250 - 2603s - loss: nan - psnr: nan - ssim: nan - val_loss: nan - val_psnr: nan - val_ssim: nan - lr: 4.0000e-04 - 2603s/epoch - 2s/step
Epoch 80/500

Epoch 80: val_loss did not improve from 0.03125
1250/1250 - 2603s - loss: nan - psnr: nan - ssim: nan - val_loss: nan - val_psnr: nan - val_ssim: nan - lr: 4.0000e-04 - 2603s/epoch - 2s/step
Epoch 81/500

Epoch 81: val_loss did not improve from 0.03125
1250/1250 - 2603s - loss: nan - psnr: nan - ssim: nan - val_loss: nan - val_psnr: nan - val_ssim: nan - lr: 4.0000e-04 - 2603s/epoch - 2s/step
Epoch 82/500

Epoch 82: val_loss did not improve from 0.03125
1250/1250 - 2603s - loss: nan - psnr: nan - ssim: nan - val_loss: nan - val_psnr: nan - val_ssim: nan - lr: 4.0000e-04 - 2603s/epoch - 2s/step
Epoch 83/500

Epoch 83: val_loss did not improve from 0.03125
1250/1250 - 2603s - loss: nan - psnr: nan - ssim: nan - val_loss: nan - val_psnr: nan - val_ssim: nan - lr: 4.0000e-04 - 2603s/epoch - 2s/step
Epoch 84/500
Restoring model weights from the end of the best epoch: 34.

Epoch 84: val_loss did not improve from 0.03125
1250/1250 - 2603s - loss: nan - psnr: nan - ssim: nan - val_loss: nan - val_psnr: nan - val_ssim: nan - lr: 4.0000e-04 - 2603s/epoch - 2s/step
Epoch 84: early stopping
[0m
[32mSaving model training history...[0m
[32mEvaluating model...[0m
[36m
313/313 - 301s - loss: 0.0312 - psnr: 26.7161 - ssim: 0.8260 - 301s/epoch - 963ms/step
[0m
[32mSaving model evaluation...[0m
[32mGenerating training graphs...[0m
WARNING:matplotlib.font_manager:findfont: Generic family 'sans-serif' not found because none of the following families were found: Readex Pro
WARNING:matplotlib.font_manager:findfont: Generic family 'sans-serif' not found because none of the following families were found: Readex Pro
WARNING:matplotlib.font_manager:findfont: Generic family 'sans-serif' not found because none of the following families were found: Readex Pro
WARNING:matplotlib.font_manager:findfont: Generic family 'sans-serif' not found because none of the following families were found: Readex Pro
WARNING:matplotlib.font_manager:findfont: Generic family 'sans-serif' not found because none of the following families were found: Readex Pro
WARNING:matplotlib.font_manager:findfont: Generic family 'sans-serif' not found because none of the following families were found: Readex Pro
WARNING:matplotlib.font_manager:findfont: Generic family 'sans-serif' not found because none of the following families were found: Readex Pro
WARNING:matplotlib.font_manager:findfont: Generic family 'sans-serif' not found because none of the following families were found: Readex Pro
WARNING:matplotlib.font_manager:findfont: Generic family 'sans-serif' not found because none of the following families were found: Readex Pro
WARNING:matplotlib.font_manager:findfont: Generic family 'sans-serif' not found because none of the following families were found: Readex Pro
WARNING:matplotlib.font_manager:findfont: Generic family 'sans-serif' not found because none of the following families were found: Readex Pro
WARNING:matplotlib.font_manager:findfont: Generic family 'sans-serif' not found because none of the following families were found: Readex Pro
WARNING:matplotlib.font_manager:findfont: Generic family 'sans-serif' not found because none of the following families were found: Readex Pro
WARNING:matplotlib.font_manager:findfont: Generic family 'sans-serif' not found because none of the following families were found: Readex Pro
WARNING:matplotlib.font_manager:findfont: Generic family 'sans-serif' not found because none of the following families were found: Readex Pro
WARNING:matplotlib.font_manager:findfont: Generic family 'sans-serif' not found because none of the following families were found: Readex Pro
WARNING:matplotlib.font_manager:findfont: Generic family 'sans-serif' not found because none of the following families were found: Readex Pro
WARNING:matplotlib.font_manager:findfont: Generic family 'sans-serif' not found because none of the following families were found: Readex Pro
WARNING:matplotlib.font_manager:findfont: Generic family 'sans-serif' not found because none of the following families were found: Readex Pro
WARNING:matplotlib.font_manager:findfont: Generic family 'sans-serif' not found because none of the following families were found: Readex Pro
WARNING:matplotlib.font_manager:findfont: Generic family 'sans-serif' not found because none of the following families were found: Readex Pro
WARNING:matplotlib.font_manager:findfont: Generic family 'sans-serif' not found because none of the following families were found: Readex Pro
WARNING:matplotlib.font_manager:findfont: Generic family 'sans-serif' not found because none of the following families were found: Readex Pro
WARNING:matplotlib.font_manager:findfont: Generic family 'sans-serif' not found because none of the following families were found: Readex Pro
WARNING:matplotlib.font_manager:findfont: Generic family 'sans-serif' not found because none of the following families were found: Readex Pro
WARNING:matplotlib.font_manager:findfont: Generic family 'sans-serif' not found because none of the following families were found: Readex Pro
WARNING:matplotlib.font_manager:findfont: Generic family 'sans-serif' not found because none of the following families were found: Readex Pro
WARNING:matplotlib.font_manager:findfont: Generic family 'sans-serif' not found because none of the following families were found: Readex Pro
WARNING:matplotlib.font_manager:findfont: Generic family 'sans-serif' not found because none of the following families were found: Readex Pro
WARNING:matplotlib.font_manager:findfont: Generic family 'sans-serif' not found because none of the following families were found: Readex Pro
WARNING:matplotlib.font_manager:findfont: Generic family 'sans-serif' not found because none of the following families were found: Readex Pro
WARNING:matplotlib.font_manager:findfont: Generic family 'sans-serif' not found because none of the following families were found: Readex Pro
WARNING:matplotlib.font_manager:findfont: Generic family 'sans-serif' not found because none of the following families were found: Readex Pro
WARNING:matplotlib.font_manager:findfont: Generic family 'sans-serif' not found because none of the following families were found: Readex Pro
WARNING:matplotlib.font_manager:findfont: Generic family 'sans-serif' not found because none of the following families were found: Readex Pro
WARNING:matplotlib.font_manager:findfont: Generic family 'sans-serif' not found because none of the following families were found: Readex Pro
WARNING:matplotlib.font_manager:findfont: Generic family 'sans-serif' not found because none of the following families were found: Readex Pro
WARNING:matplotlib.font_manager:findfont: Generic family 'sans-serif' not found because none of the following families were found: Readex Pro
WARNING:matplotlib.font_manager:findfont: Generic family 'sans-serif' not found because none of the following families were found: Readex Pro
WARNING:matplotlib.font_manager:findfont: Generic family 'sans-serif' not found because none of the following families were found: Readex Pro
WARNING:matplotlib.font_manager:findfont: Generic family 'sans-serif' not found because none of the following families were found: Readex Pro
WARNING:matplotlib.font_manager:findfont: Generic family 'sans-serif' not found because none of the following families were found: Readex Pro
WARNING:matplotlib.font_manager:findfont: Generic family 'sans-serif' not found because none of the following families were found: Readex Pro
WARNING:matplotlib.font_manager:findfont: Generic family 'sans-serif' not found because none of the following families were found: Readex Pro
WARNING:matplotlib.font_manager:findfont: Generic family 'sans-serif' not found because none of the following families were found: Readex Pro
WARNING:matplotlib.font_manager:findfont: Generic family 'sans-serif' not found because none of the following families were found: Readex Pro
WARNING:matplotlib.font_manager:findfont: Generic family 'sans-serif' not found because none of the following families were found: Readex Pro
WARNING:matplotlib.font_manager:findfont: Generic family 'sans-serif' not found because none of the following families were found: Readex Pro
WARNING:matplotlib.font_manager:findfont: Generic family 'sans-serif' not found because none of the following families were found: Readex Pro
WARNING:matplotlib.font_manager:findfont: Generic family 'sans-serif' not found because none of the following families were found: Readex Pro
WARNING:matplotlib.font_manager:findfont: Generic family 'sans-serif' not found because none of the following families were found: Readex Pro
WARNING:matplotlib.font_manager:findfont: Generic family 'sans-serif' not found because none of the following families were found: Readex Pro
WARNING:matplotlib.font_manager:findfont: Generic family 'sans-serif' not found because none of the following families were found: Readex Pro
WARNING:matplotlib.font_manager:findfont: Generic family 'sans-serif' not found because none of the following families were found: Readex Pro
WARNING:matplotlib.font_manager:findfont: Generic family 'sans-serif' not found because none of the following families were found: Readex Pro
WARNING:matplotlib.font_manager:findfont: Generic family 'sans-serif' not found because none of the following families were found: Readex Pro
WARNING:matplotlib.font_manager:findfont: Generic family 'sans-serif' not found because none of the following families were found: Readex Pro
WARNING:matplotlib.font_manager:findfont: Generic family 'sans-serif' not found because none of the following families were found: Readex Pro
WARNING:matplotlib.font_manager:findfont: Generic family 'sans-serif' not found because none of the following families were found: Readex Pro
WARNING:matplotlib.font_manager:findfont: Generic family 'sans-serif' not found because none of the following families were found: Readex Pro
WARNING:matplotlib.font_manager:findfont: Generic family 'sans-serif' not found because none of the following families were found: Readex Pro
WARNING:matplotlib.font_manager:findfont: Generic family 'sans-serif' not found because none of the following families were found: Readex Pro
WARNING:matplotlib.font_manager:findfont: Generic family 'sans-serif' not found because none of the following families were found: Readex Pro
WARNING:matplotlib.font_manager:findfont: Generic family 'sans-serif' not found because none of the following families were found: Readex Pro
WARNING:matplotlib.font_manager:findfont: Generic family 'sans-serif' not found because none of the following families were found: Readex Pro
WARNING:matplotlib.font_manager:findfont: Generic family 'sans-serif' not found because none of the following families were found: Readex Pro
WARNING:matplotlib.font_manager:findfont: Generic family 'sans-serif' not found because none of the following families were found: Readex Pro
WARNING:matplotlib.font_manager:findfont: Generic family 'sans-serif' not found because none of the following families were found: Readex Pro
WARNING:matplotlib.font_manager:findfont: Generic family 'sans-serif' not found because none of the following families were found: Readex Pro
WARNING:matplotlib.font_manager:findfont: Generic family 'sans-serif' not found because none of the following families were found: Readex Pro
WARNING:matplotlib.font_manager:findfont: Generic family 'sans-serif' not found because none of the following families were found: Readex Pro
WARNING:matplotlib.font_manager:findfont: Generic family 'sans-serif' not found because none of the following families were found: Readex Pro
WARNING:matplotlib.font_manager:findfont: Generic family 'sans-serif' not found because none of the following families were found: Readex Pro
WARNING:matplotlib.font_manager:findfont: Generic family 'sans-serif' not found because none of the following families were found: Readex Pro
WARNING:matplotlib.font_manager:findfont: Generic family 'sans-serif' not found because none of the following families were found: Readex Pro
WARNING:matplotlib.font_manager:findfont: Generic family 'sans-serif' not found because none of the following families were found: Readex Pro
WARNING:matplotlib.font_manager:findfont: Generic family 'sans-serif' not found because none of the following families were found: Readex Pro
WARNING:matplotlib.font_manager:findfont: Generic family 'sans-serif' not found because none of the following families were found: Readex Pro
WARNING:matplotlib.font_manager:findfont: Generic family 'sans-serif' not found because none of the following families were found: Readex Pro
WARNING:matplotlib.font_manager:findfont: Generic family 'sans-serif' not found because none of the following families were found: Readex Pro
WARNING:matplotlib.font_manager:findfont: Generic family 'sans-serif' not found because none of the following families were found: Readex Pro
WARNING:matplotlib.font_manager:findfont: Generic family 'sans-serif' not found because none of the following families were found: Readex Pro
WARNING:matplotlib.font_manager:findfont: Generic family 'sans-serif' not found because none of the following families were found: Readex Pro
WARNING:matplotlib.font_manager:findfont: Generic family 'sans-serif' not found because none of the following families were found: Readex Pro
WARNING:matplotlib.font_manager:findfont: Generic family 'sans-serif' not found because none of the following families were found: Readex Pro
WARNING:matplotlib.font_manager:findfont: Generic family 'sans-serif' not found because none of the following families were found: Readex Pro
WARNING:matplotlib.font_manager:findfont: Generic family 'sans-serif' not found because none of the following families were found: Readex Pro
WARNING:matplotlib.font_manager:findfont: Generic family 'sans-serif' not found because none of the following families were found: Readex Pro
WARNING:matplotlib.font_manager:findfont: Generic family 'sans-serif' not found because none of the following families were found: Readex Pro
WARNING:matplotlib.font_manager:findfont: Generic family 'sans-serif' not found because none of the following families were found: Readex Pro
WARNING:matplotlib.font_manager:findfont: Generic family 'sans-serif' not found because none of the following families were found: Readex Pro
WARNING:matplotlib.font_manager:findfont: Generic family 'sans-serif' not found because none of the following families were found: Readex Pro
WARNING:matplotlib.font_manager:findfont: Generic family 'sans-serif' not found because none of the following families were found: Readex Pro
WARNING:matplotlib.font_manager:findfont: Generic family 'sans-serif' not found because none of the following families were found: Readex Pro
WARNING:matplotlib.font_manager:findfont: Generic family 'sans-serif' not found because none of the following families were found: Readex Pro
WARNING:matplotlib.font_manager:findfont: Generic family 'sans-serif' not found because none of the following families were found: Readex Pro
WARNING:matplotlib.font_manager:findfont: Generic family 'sans-serif' not found because none of the following families were found: Readex Pro
WARNING:matplotlib.font_manager:findfont: Generic family 'sans-serif' not found because none of the following families were found: Readex Pro
WARNING:matplotlib.font_manager:findfont: Generic family 'sans-serif' not found because none of the following families were found: Readex Pro
WARNING:matplotlib.font_manager:findfont: Generic family 'sans-serif' not found because none of the following families were found: Readex Pro
WARNING:matplotlib.font_manager:findfont: Generic family 'sans-serif' not found because none of the following families were found: Readex Pro
WARNING:matplotlib.font_manager:findfont: Generic family 'sans-serif' not found because none of the following families were found: Readex Pro
WARNING:matplotlib.font_manager:findfont: Generic family 'sans-serif' not found because none of the following families were found: Readex Pro
WARNING:matplotlib.font_manager:findfont: Generic family 'sans-serif' not found because none of the following families were found: Readex Pro
WARNING:matplotlib.font_manager:findfont: Generic family 'sans-serif' not found because none of the following families were found: Readex Pro
WARNING:matplotlib.font_manager:findfont: Generic family 'sans-serif' not found because none of the following families were found: Readex Pro
WARNING:matplotlib.font_manager:findfont: Generic family 'sans-serif' not found because none of the following families were found: Readex Pro
WARNING:matplotlib.font_manager:findfont: Generic family 'sans-serif' not found because none of the following families were found: Readex Pro
WARNING:matplotlib.font_manager:findfont: Generic family 'sans-serif' not found because none of the following families were found: Readex Pro
WARNING:matplotlib.font_manager:findfont: Generic family 'sans-serif' not found because none of the following families were found: Readex Pro
WARNING:matplotlib.font_manager:findfont: Generic family 'sans-serif' not found because none of the following families were found: Readex Pro
WARNING:matplotlib.font_manager:findfont: Generic family 'sans-serif' not found because none of the following families were found: Readex Pro
WARNING:matplotlib.font_manager:findfont: Generic family 'sans-serif' not found because none of the following families were found: Readex Pro
WARNING:matplotlib.font_manager:findfont: Generic family 'sans-serif' not found because none of the following families were found: Readex Pro
WARNING:matplotlib.font_manager:findfont: Generic family 'sans-serif' not found because none of the following families were found: Readex Pro
WARNING:matplotlib.font_manager:findfont: Generic family 'sans-serif' not found because none of the following families were found: Readex Pro
WARNING:matplotlib.font_manager:findfont: Generic family 'sans-serif' not found because none of the following families were found: Readex Pro
WARNING:matplotlib.font_manager:findfont: Generic family 'sans-serif' not found because none of the following families were found: Readex Pro
WARNING:matplotlib.font_manager:findfont: Generic family 'sans-serif' not found because none of the following families were found: Readex Pro
WARNING:matplotlib.font_manager:findfont: Generic family 'sans-serif' not found because none of the following families were found: Readex Pro
WARNING:matplotlib.font_manager:findfont: Generic family 'sans-serif' not found because none of the following families were found: Readex Pro
WARNING:matplotlib.font_manager:findfont: Generic family 'sans-serif' not found because none of the following families were found: Readex Pro
WARNING:matplotlib.font_manager:findfont: Generic family 'sans-serif' not found because none of the following families were found: Readex Pro
WARNING:matplotlib.font_manager:findfont: Generic family 'sans-serif' not found because none of the following families were found: Readex Pro
WARNING:matplotlib.font_manager:findfont: Generic family 'sans-serif' not found because none of the following families were found: Readex Pro
WARNING:matplotlib.font_manager:findfont: Generic family 'sans-serif' not found because none of the following families were found: Readex Pro
WARNING:matplotlib.font_manager:findfont: Generic family 'sans-serif' not found because none of the following families were found: Readex Pro
WARNING:matplotlib.font_manager:findfont: Generic family 'sans-serif' not found because none of the following families were found: Readex Pro
WARNING:matplotlib.font_manager:findfont: Generic family 'sans-serif' not found because none of the following families were found: Readex Pro
WARNING:matplotlib.font_manager:findfont: Generic family 'sans-serif' not found because none of the following families were found: Readex Pro
WARNING:matplotlib.font_manager:findfont: Generic family 'sans-serif' not found because none of the following families were found: Readex Pro
WARNING:matplotlib.font_manager:findfont: Generic family 'sans-serif' not found because none of the following families were found: Readex Pro
WARNING:matplotlib.font_manager:findfont: Generic family 'sans-serif' not found because none of the following families were found: Readex Pro
WARNING:matplotlib.font_manager:findfont: Generic family 'sans-serif' not found because none of the following families were found: Readex Pro
WARNING:matplotlib.font_manager:findfont: Generic family 'sans-serif' not found because none of the following families were found: Readex Pro
WARNING:matplotlib.font_manager:findfont: Generic family 'sans-serif' not found because none of the following families were found: Readex Pro
WARNING:matplotlib.font_manager:findfont: Generic family 'sans-serif' not found because none of the following families were found: Readex Pro
WARNING:matplotlib.font_manager:findfont: Generic family 'sans-serif' not found because none of the following families were found: Readex Pro
WARNING:matplotlib.font_manager:findfont: Generic family 'sans-serif' not found because none of the following families were found: Readex Pro
WARNING:matplotlib.font_manager:findfont: Generic family 'sans-serif' not found because none of the following families were found: Readex Pro
WARNING:matplotlib.font_manager:findfont: Generic family 'sans-serif' not found because none of the following families were found: Readex Pro
WARNING:matplotlib.font_manager:findfont: Generic family 'sans-serif' not found because none of the following families were found: Readex Pro
WARNING:matplotlib.font_manager:findfont: Generic family 'sans-serif' not found because none of the following families were found: Readex Pro
WARNING:matplotlib.font_manager:findfont: Generic family 'sans-serif' not found because none of the following families were found: Readex Pro
WARNING:matplotlib.font_manager:findfont: Generic family 'sans-serif' not found because none of the following families were found: Readex Pro
WARNING:matplotlib.font_manager:findfont: Generic family 'sans-serif' not found because none of the following families were found: Readex Pro
WARNING:matplotlib.font_manager:findfont: Generic family 'sans-serif' not found because none of the following families were found: Readex Pro
WARNING:matplotlib.font_manager:findfont: Generic family 'sans-serif' not found because none of the following families were found: Readex Pro
WARNING:matplotlib.font_manager:findfont: Generic family 'sans-serif' not found because none of the following families were found: Readex Pro
WARNING:matplotlib.font_manager:findfont: Generic family 'sans-serif' not found because none of the following families were found: Readex Pro
WARNING:matplotlib.font_manager:findfont: Generic family 'sans-serif' not found because none of the following families were found: Readex Pro
WARNING:matplotlib.font_manager:findfont: Generic family 'sans-serif' not found because none of the following families were found: Readex Pro
WARNING:matplotlib.font_manager:findfont: Generic family 'sans-serif' not found because none of the following families were found: Readex Pro
WARNING:matplotlib.font_manager:findfont: Generic family 'sans-serif' not found because none of the following families were found: Readex Pro
WARNING:matplotlib.font_manager:findfont: Generic family 'sans-serif' not found because none of the following families were found: Readex Pro
WARNING:matplotlib.font_manager:findfont: Generic family 'sans-serif' not found because none of the following families were found: Readex Pro
WARNING:matplotlib.font_manager:findfont: Generic family 'sans-serif' not found because none of the following families were found: Readex Pro
WARNING:matplotlib.font_manager:findfont: Generic family 'sans-serif' not found because none of the following families were found: Readex Pro
WARNING:matplotlib.font_manager:findfont: Generic family 'sans-serif' not found because none of the following families were found: Readex Pro
WARNING:matplotlib.font_manager:findfont: Generic family 'sans-serif' not found because none of the following families were found: Readex Pro
WARNING:matplotlib.font_manager:findfont: Generic family 'sans-serif' not found because none of the following families were found: Readex Pro
WARNING:matplotlib.font_manager:findfont: Generic family 'sans-serif' not found because none of the following families were found: Readex Pro
WARNING:matplotlib.font_manager:findfont: Generic family 'sans-serif' not found because none of the following families were found: Readex Pro
WARNING:matplotlib.font_manager:findfont: Generic family 'sans-serif' not found because none of the following families were found: Readex Pro
WARNING:matplotlib.font_manager:findfont: Generic family 'sans-serif' not found because none of the following families were found: Readex Pro
WARNING:matplotlib.font_manager:findfont: Generic family 'sans-serif' not found because none of the following families were found: Readex Pro
WARNING:matplotlib.font_manager:findfont: Generic family 'sans-serif' not found because none of the following families were found: Readex Pro
WARNING:matplotlib.font_manager:findfont: Generic family 'sans-serif' not found because none of the following families were found: Readex Pro
WARNING:matplotlib.font_manager:findfont: Generic family 'sans-serif' not found because none of the following families were found: Readex Pro
WARNING:matplotlib.font_manager:findfont: Generic family 'sans-serif' not found because none of the following families were found: Readex Pro
WARNING:matplotlib.font_manager:findfont: Generic family 'sans-serif' not found because none of the following families were found: Readex Pro
WARNING:matplotlib.font_manager:findfont: Generic family 'sans-serif' not found because none of the following families were found: Readex Pro
WARNING:matplotlib.font_manager:findfont: Generic family 'sans-serif' not found because none of the following families were found: Readex Pro
WARNING:matplotlib.font_manager:findfont: Generic family 'sans-serif' not found because none of the following families were found: Readex Pro
WARNING:matplotlib.font_manager:findfont: Generic family 'sans-serif' not found because none of the following families were found: Readex Pro
WARNING:matplotlib.font_manager:findfont: Generic family 'sans-serif' not found because none of the following families were found: Readex Pro
WARNING:matplotlib.font_manager:findfont: Generic family 'sans-serif' not found because none of the following families were found: Readex Pro
WARNING:matplotlib.font_manager:findfont: Generic family 'sans-serif' not found because none of the following families were found: Readex Pro
WARNING:matplotlib.font_manager:findfont: Generic family 'sans-serif' not found because none of the following families were found: Readex Pro
WARNING:matplotlib.font_manager:findfont: Generic family 'sans-serif' not found because none of the following families were found: Readex Pro
WARNING:matplotlib.font_manager:findfont: Generic family 'sans-serif' not found because none of the following families were found: Readex Pro
WARNING:matplotlib.font_manager:findfont: Generic family 'sans-serif' not found because none of the following families were found: Readex Pro
WARNING:matplotlib.font_manager:findfont: Generic family 'sans-serif' not found because none of the following families were found: Readex Pro
WARNING:matplotlib.font_manager:findfont: Generic family 'sans-serif' not found because none of the following families were found: Readex Pro
WARNING:matplotlib.font_manager:findfont: Generic family 'sans-serif' not found because none of the following families were found: Readex Pro
WARNING:matplotlib.font_manager:findfont: Generic family 'sans-serif' not found because none of the following families were found: Readex Pro
WARNING:matplotlib.font_manager:findfont: Generic family 'sans-serif' not found because none of the following families were found: Readex Pro
WARNING:matplotlib.font_manager:findfont: Generic family 'sans-serif' not found because none of the following families were found: Readex Pro
WARNING:matplotlib.font_manager:findfont: Generic family 'sans-serif' not found because none of the following families were found: Readex Pro
WARNING:matplotlib.font_manager:findfont: Generic family 'sans-serif' not found because none of the following families were found: Readex Pro
WARNING:matplotlib.font_manager:findfont: Generic family 'sans-serif' not found because none of the following families were found: Readex Pro
WARNING:matplotlib.font_manager:findfont: Generic family 'sans-serif' not found because none of the following families were found: Readex Pro
WARNING:matplotlib.font_manager:findfont: Generic family 'sans-serif' not found because none of the following families were found: Readex Pro
WARNING:matplotlib.font_manager:findfont: Generic family 'sans-serif' not found because none of the following families were found: Readex Pro
WARNING:matplotlib.font_manager:findfont: Generic family 'sans-serif' not found because none of the following families were found: Readex Pro
WARNING:matplotlib.font_manager:findfont: Generic family 'sans-serif' not found because none of the following families were found: Readex Pro
WARNING:matplotlib.font_manager:findfont: Generic family 'sans-serif' not found because none of the following families were found: Readex Pro
WARNING:matplotlib.font_manager:findfont: Generic family 'sans-serif' not found because none of the following families were found: Readex Pro
WARNING:matplotlib.font_manager:findfont: Generic family 'sans-serif' not found because none of the following families were found: Readex Pro
WARNING:matplotlib.font_manager:findfont: Generic family 'sans-serif' not found because none of the following families were found: Readex Pro
WARNING:matplotlib.font_manager:findfont: Generic family 'sans-serif' not found because none of the following families were found: Readex Pro
WARNING:matplotlib.font_manager:findfont: Generic family 'sans-serif' not found because none of the following families were found: Readex Pro
WARNING:matplotlib.font_manager:findfont: Generic family 'sans-serif' not found because none of the following families were found: Readex Pro
WARNING:matplotlib.font_manager:findfont: Generic family 'sans-serif' not found because none of the following families were found: Readex Pro
WARNING:matplotlib.font_manager:findfont: Generic family 'sans-serif' not found because none of the following families were found: Readex Pro
WARNING:matplotlib.font_manager:findfont: Generic family 'sans-serif' not found because none of the following families were found: Readex Pro
WARNING:matplotlib.font_manager:findfont: Generic family 'sans-serif' not found because none of the following families were found: Readex Pro
WARNING:matplotlib.font_manager:findfont: Generic family 'sans-serif' not found because none of the following families were found: Readex Pro
WARNING:matplotlib.font_manager:findfont: Generic family 'sans-serif' not found because none of the following families were found: Readex Pro
WARNING:matplotlib.font_manager:findfont: Generic family 'sans-serif' not found because none of the following families were found: Readex Pro
WARNING:matplotlib.font_manager:findfont: Generic family 'sans-serif' not found because none of the following families were found: Readex Pro
WARNING:matplotlib.font_manager:findfont: Generic family 'sans-serif' not found because none of the following families were found: Readex Pro
WARNING:matplotlib.font_manager:findfont: Generic family 'sans-serif' not found because none of the following families were found: Readex Pro
WARNING:matplotlib.font_manager:findfont: Generic family 'sans-serif' not found because none of the following families were found: Readex Pro
WARNING:matplotlib.font_manager:findfont: Generic family 'sans-serif' not found because none of the following families were found: Readex Pro
WARNING:matplotlib.font_manager:findfont: Generic family 'sans-serif' not found because none of the following families were found: Readex Pro
WARNING:matplotlib.font_manager:findfont: Generic family 'sans-serif' not found because none of the following families were found: Readex Pro
WARNING:matplotlib.font_manager:findfont: Generic family 'sans-serif' not found because none of the following families were found: Readex Pro
WARNING:matplotlib.font_manager:findfont: Generic family 'sans-serif' not found because none of the following families were found: Readex Pro
WARNING:matplotlib.font_manager:findfont: Generic family 'sans-serif' not found because none of the following families were found: Readex Pro
WARNING:matplotlib.font_manager:findfont: Generic family 'sans-serif' not found because none of the following families were found: Readex Pro
WARNING:matplotlib.font_manager:findfont: Generic family 'sans-serif' not found because none of the following families were found: Readex Pro
WARNING:matplotlib.font_manager:findfont: Generic family 'sans-serif' not found because none of the following families were found: Readex Pro
WARNING:matplotlib.font_manager:findfont: Generic family 'sans-serif' not found because none of the following families were found: Readex Pro
WARNING:matplotlib.font_manager:findfont: Generic family 'sans-serif' not found because none of the following families were found: Readex Pro
WARNING:matplotlib.font_manager:findfont: Generic family 'sans-serif' not found because none of the following families were found: Readex Pro
WARNING:matplotlib.font_manager:findfont: Generic family 'sans-serif' not found because none of the following families were found: Readex Pro
WARNING:matplotlib.font_manager:findfont: Generic family 'sans-serif' not found because none of the following families were found: Readex Pro
WARNING:matplotlib.font_manager:findfont: Generic family 'sans-serif' not found because none of the following families were found: Readex Pro
WARNING:matplotlib.font_manager:findfont: Generic family 'sans-serif' not found because none of the following families were found: Readex Pro
WARNING:matplotlib.font_manager:findfont: Generic family 'sans-serif' not found because none of the following families were found: Readex Pro
WARNING:matplotlib.font_manager:findfont: Generic family 'sans-serif' not found because none of the following families were found: Readex Pro
WARNING:matplotlib.font_manager:findfont: Generic family 'sans-serif' not found because none of the following families were found: Readex Pro
WARNING:matplotlib.font_manager:findfont: Generic family 'sans-serif' not found because none of the following families were found: Readex Pro
WARNING:matplotlib.font_manager:findfont: Generic family 'sans-serif' not found because none of the following families were found: Readex Pro
WARNING:matplotlib.font_manager:findfont: Generic family 'sans-serif' not found because none of the following families were found: Readex Pro
WARNING:matplotlib.font_manager:findfont: Generic family 'sans-serif' not found because none of the following families were found: Readex Pro
WARNING:matplotlib.font_manager:findfont: Generic family 'sans-serif' not found because none of the following families were found: Readex Pro
WARNING:matplotlib.font_manager:findfont: Generic family 'sans-serif' not found because none of the following families were found: Readex Pro
WARNING:matplotlib.font_manager:findfont: Generic family 'sans-serif' not found because none of the following families were found: Readex Pro
WARNING:matplotlib.font_manager:findfont: Generic family 'sans-serif' not found because none of the following families were found: Readex Pro
WARNING:matplotlib.font_manager:findfont: Generic family 'sans-serif' not found because none of the following families were found: Readex Pro
WARNING:matplotlib.font_manager:findfont: Generic family 'sans-serif' not found because none of the following families were found: Readex Pro
WARNING:matplotlib.font_manager:findfont: Generic family 'sans-serif' not found because none of the following families were found: Readex Pro
WARNING:matplotlib.font_manager:findfont: Generic family 'sans-serif' not found because none of the following families were found: Readex Pro
WARNING:matplotlib.font_manager:findfont: Generic family 'sans-serif' not found because none of the following families were found: Readex Pro
WARNING:matplotlib.font_manager:findfont: Generic family 'sans-serif' not found because none of the following families were found: Readex Pro
WARNING:matplotlib.font_manager:findfont: Generic family 'sans-serif' not found because none of the following families were found: Readex Pro
WARNING:matplotlib.font_manager:findfont: Generic family 'sans-serif' not found because none of the following families were found: Readex Pro
WARNING:matplotlib.font_manager:findfont: Generic family 'sans-serif' not found because none of the following families were found: Readex Pro
WARNING:matplotlib.font_manager:findfont: Generic family 'sans-serif' not found because none of the following families were found: Readex Pro
WARNING:matplotlib.font_manager:findfont: Generic family 'sans-serif' not found because none of the following families were found: Readex Pro
WARNING:matplotlib.font_manager:findfont: Generic family 'sans-serif' not found because none of the following families were found: Readex Pro
WARNING:matplotlib.font_manager:findfont: Generic family 'sans-serif' not found because none of the following families were found: Readex Pro
WARNING:matplotlib.font_manager:findfont: Generic family 'sans-serif' not found because none of the following families were found: Readex Pro
WARNING:matplotlib.font_manager:findfont: Generic family 'sans-serif' not found because none of the following families were found: Readex Pro
WARNING:matplotlib.font_manager:findfont: Generic family 'sans-serif' not found because none of the following families were found: Readex Pro
WARNING:matplotlib.font_manager:findfont: Generic family 'sans-serif' not found because none of the following families were found: Readex Pro
WARNING:matplotlib.font_manager:findfont: Generic family 'sans-serif' not found because none of the following families were found: Readex Pro
WARNING:matplotlib.font_manager:findfont: Generic family 'sans-serif' not found because none of the following families were found: Readex Pro
WARNING:matplotlib.font_manager:findfont: Generic family 'sans-serif' not found because none of the following families were found: Readex Pro
WARNING:matplotlib.font_manager:findfont: Generic family 'sans-serif' not found because none of the following families were found: Readex Pro
WARNING:matplotlib.font_manager:findfont: Generic family 'sans-serif' not found because none of the following families were found: Readex Pro
WARNING:matplotlib.font_manager:findfont: Generic family 'sans-serif' not found because none of the following families were found: Readex Pro
WARNING:matplotlib.font_manager:findfont: Generic family 'sans-serif' not found because none of the following families were found: Readex Pro
WARNING:matplotlib.font_manager:findfont: Generic family 'sans-serif' not found because none of the following families were found: Readex Pro
WARNING:matplotlib.font_manager:findfont: Generic family 'sans-serif' not found because none of the following families were found: Readex Pro
WARNING:matplotlib.font_manager:findfont: Generic family 'sans-serif' not found because none of the following families were found: Readex Pro
WARNING:matplotlib.font_manager:findfont: Generic family 'sans-serif' not found because none of the following families were found: Readex Pro
WARNING:matplotlib.font_manager:findfont: Generic family 'sans-serif' not found because none of the following families were found: Readex Pro
WARNING:matplotlib.font_manager:findfont: Generic family 'sans-serif' not found because none of the following families were found: Readex Pro
WARNING:matplotlib.font_manager:findfont: Generic family 'sans-serif' not found because none of the following families were found: Readex Pro
WARNING:matplotlib.font_manager:findfont: Generic family 'sans-serif' not found because none of the following families were found: Readex Pro
WARNING:matplotlib.font_manager:findfont: Generic family 'sans-serif' not found because none of the following families were found: Readex Pro
WARNING:matplotlib.font_manager:findfont: Generic family 'sans-serif' not found because none of the following families were found: Readex Pro
WARNING:matplotlib.font_manager:findfont: Generic family 'sans-serif' not found because none of the following families were found: Readex Pro
WARNING:matplotlib.font_manager:findfont: Generic family 'sans-serif' not found because none of the following families were found: Readex Pro
WARNING:matplotlib.font_manager:findfont: Generic family 'sans-serif' not found because none of the following families were found: Readex Pro
WARNING:matplotlib.font_manager:findfont: Generic family 'sans-serif' not found because none of the following families were found: Readex Pro
WARNING:matplotlib.font_manager:findfont: Generic family 'sans-serif' not found because none of the following families were found: Readex Pro
WARNING:matplotlib.font_manager:findfont: Generic family 'sans-serif' not found because none of the following families were found: Readex Pro
WARNING:matplotlib.font_manager:findfont: Generic family 'sans-serif' not found because none of the following families were found: Readex Pro
WARNING:matplotlib.font_manager:findfont: Generic family 'sans-serif' not found because none of the following families were found: Readex Pro
[33mTotal time: 13:09:45[0m
[35mEverything done![0m
