2023-06-18 04:49:03.174721: I tensorflow/core/platform/cpu_feature_guard.cc:193] This TensorFlow binary is optimized with oneAPI Deep Neural Network Library (oneDNN) to use the following CPU instructions in performance-critical operations:  AVX2 FMA
To enable them in other operations, rebuild TensorFlow with the appropriate compiler flags.
2023-06-18 04:49:09.235787: W tensorflow/compiler/xla/stream_executor/platform/default/dso_loader.cc:64] Could not load dynamic library 'libnvinfer.so.7'; dlerror: libnvinfer.so.7: cannot open shared object file: No such file or directory
2023-06-18 04:49:09.236223: W tensorflow/compiler/xla/stream_executor/platform/default/dso_loader.cc:64] Could not load dynamic library 'libnvinfer_plugin.so.7'; dlerror: libnvinfer_plugin.so.7: cannot open shared object file: No such file or directory
2023-06-18 04:49:09.236242: W tensorflow/compiler/tf2tensorrt/utils/py_utils.cc:38] TF-TRT Warning: Cannot dlopen some TensorRT libraries. If you would like to use Nvidia GPU with TensorRT, please make sure the missing libraries mentioned above are installed properly.
Matplotlib created a temporary config/cache directory at /tmp/matplotlib-sb4qhm_7 because the default path (/home/cristec/.config/matplotlib) is not a writable directory; it is highly recommended to set the MPLCONFIGDIR environment variable to a writable directory, in particular to speed up the import of Matplotlib and to better support multiprocessing.
[35mStarting script...[0m
2023-06-18 04:49:19.441958: I tensorflow/core/platform/cpu_feature_guard.cc:193] This TensorFlow binary is optimized with oneAPI Deep Neural Network Library (oneDNN) to use the following CPU instructions in performance-critical operations:  AVX2 FMA
To enable them in other operations, rebuild TensorFlow with the appropriate compiler flags.
2023-06-18 04:49:21.800778: I tensorflow/core/common_runtime/gpu/gpu_device.cc:1613] Created device /job:localhost/replica:0/task:0/device:GPU:0 with 7425 MB memory:  -> device: 0, name: Quadro M4000, pci bus id: 0000:04:00.0, compute capability: 5.2
[32mLoading train dataset information...[0m
WARNING:tensorflow:From /shared_storage/cristec/conda/envs/ML/lib/python3.10/site-packages/tensorflow/python/autograph/pyct/static_analysis/liveness.py:83: Analyzer.lamba_check (from tensorflow.python.autograph.pyct.static_analysis.liveness) is deprecated and will be removed after 2023-09-23.
Instructions for updating:
Lambda fuctions will be no more assumed to be used in the statement where they are used, or at least in the same block. https://github.com/tensorflow/tensorflow/issues/56089
[32mLoading validation dataset information...[0m
[32mLoading test dataset information...[0m
[32mSaving model architecture text summary...[0m
[32mTraining model...[0m
[36m
Epoch 1/500
2023-06-18 04:49:43.679537: E tensorflow/core/grappler/optimizers/meta_optimizer.cc:954] layout failed: INVALID_ARGUMENT: Size of values 0 does not match size of permutation 4 @ fanin shape inmodel_1/unet_down_0/u_net2d_convolution_block/dropout/dropout/SelectV2-2-TransposeNHWCToNCHW-LayoutOptimizer
2023-06-18 04:49:46.514597: I tensorflow/compiler/xla/stream_executor/cuda/cuda_dnn.cc:428] Loaded cuDNN version 8101
2023-06-18 04:49:47.379724: I tensorflow/tsl/platform/default/subprocess.cc:304] Start cannot spawn child process: No such file or directory
2023-06-18 04:49:55.318210: I tensorflow/compiler/xla/service/service.cc:173] XLA service 0x7faae801a080 initialized for platform CUDA (this does not guarantee that XLA will be used). Devices:
2023-06-18 04:49:55.318265: I tensorflow/compiler/xla/service/service.cc:181]   StreamExecutor device (0): Quadro M4000, Compute Capability 5.2
2023-06-18 04:49:55.425172: I tensorflow/compiler/mlir/tensorflow/utils/dump_mlir_util.cc:268] disabling MLIR crash reproducer, set env var `MLIR_CRASH_REPRODUCER_DIRECTORY` to enable.
2023-06-18 04:49:56.104111: I tensorflow/tsl/platform/default/subprocess.cc:304] Start cannot spawn child process: No such file or directory
2023-06-18 04:49:56.179840: I tensorflow/compiler/jit/xla_compilation_cache.cc:477] Compiled cluster using XLA!  This line is logged at most once for the lifetime of the process.

Epoch 1: val_loss improved from inf to 0.31073, saving model to models/unet_lpips_25-30
WARNING:absl:Found untraced functions such as _jit_compiled_convolution_op, conv2d_layer_call_fn, conv2d_layer_call_and_return_conditional_losses, _jit_compiled_convolution_op, leaky_re_lu_layer_call_fn while saving (showing 5 of 241). These functions will not be directly callable after loading.
2500/2500 - 2440s - loss: 0.0777 - psnr: 17.7043 - ssim: 0.3352 - val_loss: 0.3107 - val_psnr: 5.1216 - val_ssim: 0.2236 - lr: 0.0100 - 2440s/epoch - 976ms/step
Epoch 2/500

Epoch 2: val_loss improved from 0.31073 to 0.12308, saving model to models/unet_lpips_25-30
WARNING:absl:Found untraced functions such as _jit_compiled_convolution_op, conv2d_layer_call_fn, conv2d_layer_call_and_return_conditional_losses, _jit_compiled_convolution_op, leaky_re_lu_layer_call_fn while saving (showing 5 of 241). These functions will not be directly callable after loading.
2500/2500 - 1712s - loss: 0.0637 - psnr: 19.0046 - ssim: 0.4116 - val_loss: 0.1231 - val_psnr: 12.4200 - val_ssim: 0.4520 - lr: 0.0100 - 1712s/epoch - 685ms/step
Epoch 3/500

Epoch 3: val_loss did not improve from 0.12308
2500/2500 - 1691s - loss: 0.0595 - psnr: 19.4274 - ssim: 0.4268 - val_loss: 0.2869 - val_psnr: 5.8208 - val_ssim: 0.2476 - lr: 0.0100 - 1691s/epoch - 676ms/step
Epoch 4/500

Epoch 4: val_loss improved from 0.12308 to 0.11890, saving model to models/unet_lpips_25-30
WARNING:absl:Found untraced functions such as _jit_compiled_convolution_op, conv2d_layer_call_fn, conv2d_layer_call_and_return_conditional_losses, _jit_compiled_convolution_op, leaky_re_lu_layer_call_fn while saving (showing 5 of 241). These functions will not be directly callable after loading.
2500/2500 - 1712s - loss: 0.0570 - psnr: 19.7115 - ssim: 0.4395 - val_loss: 0.1189 - val_psnr: 12.7945 - val_ssim: 0.4621 - lr: 0.0100 - 1712s/epoch - 685ms/step
Epoch 5/500

Epoch 5: val_loss improved from 0.11890 to 0.10749, saving model to models/unet_lpips_25-30
WARNING:absl:Found untraced functions such as _jit_compiled_convolution_op, conv2d_layer_call_fn, conv2d_layer_call_and_return_conditional_losses, _jit_compiled_convolution_op, leaky_re_lu_layer_call_fn while saving (showing 5 of 241). These functions will not be directly callable after loading.
2500/2500 - 1713s - loss: 0.0552 - psnr: 19.9425 - ssim: 0.4502 - val_loss: 0.1075 - val_psnr: 13.9177 - val_ssim: 0.4838 - lr: 0.0100 - 1713s/epoch - 685ms/step
Epoch 6/500

Epoch 6: val_loss improved from 0.10749 to 0.05568, saving model to models/unet_lpips_25-30
WARNING:absl:Found untraced functions such as _jit_compiled_convolution_op, conv2d_layer_call_fn, conv2d_layer_call_and_return_conditional_losses, _jit_compiled_convolution_op, leaky_re_lu_layer_call_fn while saving (showing 5 of 241). These functions will not be directly callable after loading.
2500/2500 - 1712s - loss: 0.0541 - psnr: 20.0901 - ssim: 0.4574 - val_loss: 0.0557 - val_psnr: 19.7207 - val_ssim: 0.6220 - lr: 0.0100 - 1712s/epoch - 685ms/step
Epoch 7/500

Epoch 7: val_loss did not improve from 0.05568
2500/2500 - 1689s - loss: 0.0543 - psnr: 20.0590 - ssim: 0.4580 - val_loss: 0.1364 - val_psnr: 13.6807 - val_ssim: 0.4295 - lr: 0.0100 - 1689s/epoch - 676ms/step
Epoch 8/500

Epoch 8: val_loss did not improve from 0.05568
2500/2500 - 1690s - loss: 0.0532 - psnr: 20.2024 - ssim: 0.4633 - val_loss: 0.0564 - val_psnr: 19.9749 - val_ssim: 0.6165 - lr: 0.0100 - 1690s/epoch - 676ms/step
Epoch 9/500

Epoch 9: val_loss did not improve from 0.05568
2500/2500 - 1690s - loss: 0.0525 - psnr: 20.3051 - ssim: 0.4676 - val_loss: 0.0585 - val_psnr: 19.4049 - val_ssim: 0.6156 - lr: 0.0100 - 1690s/epoch - 676ms/step
Epoch 10/500

Epoch 10: val_loss improved from 0.05568 to 0.05034, saving model to models/unet_lpips_25-30
WARNING:absl:Found untraced functions such as _jit_compiled_convolution_op, conv2d_layer_call_fn, conv2d_layer_call_and_return_conditional_losses, _jit_compiled_convolution_op, leaky_re_lu_layer_call_fn while saving (showing 5 of 241). These functions will not be directly callable after loading.
2500/2500 - 1712s - loss: 0.0521 - psnr: 20.3352 - ssim: 0.4704 - val_loss: 0.0503 - val_psnr: 20.8640 - val_ssim: 0.6301 - lr: 0.0100 - 1712s/epoch - 685ms/step
Epoch 11/500

Epoch 11: val_loss improved from 0.05034 to 0.05026, saving model to models/unet_lpips_25-30
WARNING:absl:Found untraced functions such as _jit_compiled_convolution_op, conv2d_layer_call_fn, conv2d_layer_call_and_return_conditional_losses, _jit_compiled_convolution_op, leaky_re_lu_layer_call_fn while saving (showing 5 of 241). These functions will not be directly callable after loading.
2500/2500 - 1713s - loss: 0.0511 - psnr: 20.4581 - ssim: 0.4770 - val_loss: 0.0503 - val_psnr: 20.5809 - val_ssim: 0.6322 - lr: 0.0100 - 1713s/epoch - 685ms/step
Epoch 12/500

Epoch 12: val_loss improved from 0.05026 to 0.04857, saving model to models/unet_lpips_25-30
WARNING:absl:Found untraced functions such as _jit_compiled_convolution_op, conv2d_layer_call_fn, conv2d_layer_call_and_return_conditional_losses, _jit_compiled_convolution_op, leaky_re_lu_layer_call_fn while saving (showing 5 of 241). These functions will not be directly callable after loading.
2500/2500 - 1712s - loss: 0.0507 - psnr: 20.5090 - ssim: 0.4799 - val_loss: 0.0486 - val_psnr: 20.8723 - val_ssim: 0.6337 - lr: 0.0100 - 1712s/epoch - 685ms/step
Epoch 13/500

Epoch 13: val_loss did not improve from 0.04857
2500/2500 - 1690s - loss: 0.0506 - psnr: 20.5343 - ssim: 0.4817 - val_loss: 0.0516 - val_psnr: 20.7321 - val_ssim: 0.6302 - lr: 0.0100 - 1690s/epoch - 676ms/step
Epoch 14/500

Epoch 14: val_loss did not improve from 0.04857
2500/2500 - 1690s - loss: 0.0503 - psnr: 20.5721 - ssim: 0.4839 - val_loss: 0.0516 - val_psnr: 20.6854 - val_ssim: 0.6266 - lr: 0.0100 - 1690s/epoch - 676ms/step
Epoch 15/500

Epoch 15: val_loss improved from 0.04857 to 0.04793, saving model to models/unet_lpips_25-30
WARNING:absl:Found untraced functions such as _jit_compiled_convolution_op, conv2d_layer_call_fn, conv2d_layer_call_and_return_conditional_losses, _jit_compiled_convolution_op, leaky_re_lu_layer_call_fn while saving (showing 5 of 241). These functions will not be directly callable after loading.
2500/2500 - 1712s - loss: 0.0499 - psnr: 20.6285 - ssim: 0.4865 - val_loss: 0.0479 - val_psnr: 21.2233 - val_ssim: 0.6355 - lr: 0.0100 - 1712s/epoch - 685ms/step
Epoch 16/500

Epoch 16: val_loss did not improve from 0.04793
2500/2500 - 1691s - loss: 0.0497 - psnr: 20.6548 - ssim: 0.4881 - val_loss: 0.0537 - val_psnr: 20.1423 - val_ssim: 0.6223 - lr: 0.0100 - 1691s/epoch - 676ms/step
Epoch 17/500

Epoch 17: val_loss did not improve from 0.04793
2500/2500 - 1691s - loss: 0.0495 - psnr: 20.6774 - ssim: 0.4898 - val_loss: 0.0500 - val_psnr: 20.8593 - val_ssim: 0.6331 - lr: 0.0100 - 1691s/epoch - 676ms/step
Epoch 18/500

Epoch 18: val_loss did not improve from 0.04793
2500/2500 - 1691s - loss: 0.0494 - psnr: 20.6968 - ssim: 0.4908 - val_loss: 0.0547 - val_psnr: 19.5196 - val_ssim: 0.6215 - lr: 0.0100 - 1691s/epoch - 676ms/step
Epoch 19/500

Epoch 19: val_loss did not improve from 0.04793
2500/2500 - 1691s - loss: 0.0491 - psnr: 20.7288 - ssim: 0.4928 - val_loss: 0.0617 - val_psnr: 18.8713 - val_ssim: 0.6029 - lr: 0.0100 - 1691s/epoch - 676ms/step
Epoch 20/500

Epoch 20: val_loss did not improve from 0.04793
2500/2500 - 1690s - loss: 0.0490 - psnr: 20.7527 - ssim: 0.4941 - val_loss: 0.0625 - val_psnr: 18.7632 - val_ssim: 0.6009 - lr: 0.0100 - 1690s/epoch - 676ms/step
Epoch 21/500

Epoch 21: val_loss did not improve from 0.04793
2500/2500 - 1691s - loss: 0.0488 - psnr: 20.7794 - ssim: 0.4953 - val_loss: 0.0482 - val_psnr: 21.2596 - val_ssim: 0.6335 - lr: 0.0100 - 1691s/epoch - 676ms/step
Epoch 22/500

Epoch 22: val_loss did not improve from 0.04793
2500/2500 - 1691s - loss: 0.0487 - psnr: 20.7869 - ssim: 0.4960 - val_loss: 0.0787 - val_psnr: 17.5282 - val_ssim: 0.5705 - lr: 0.0100 - 1691s/epoch - 676ms/step
Epoch 23/500

Epoch 23: val_loss improved from 0.04793 to 0.04647, saving model to models/unet_lpips_25-30
WARNING:absl:Found untraced functions such as _jit_compiled_convolution_op, conv2d_layer_call_fn, conv2d_layer_call_and_return_conditional_losses, _jit_compiled_convolution_op, leaky_re_lu_layer_call_fn while saving (showing 5 of 241). These functions will not be directly callable after loading.
2500/2500 - 1713s - loss: 0.0485 - psnr: 20.8089 - ssim: 0.4972 - val_loss: 0.0465 - val_psnr: 21.4783 - val_ssim: 0.6403 - lr: 0.0100 - 1713s/epoch - 685ms/step
Epoch 24/500

Epoch 24: val_loss did not improve from 0.04647
2500/2500 - 1690s - loss: 0.0483 - psnr: 20.8465 - ssim: 0.4987 - val_loss: 0.0471 - val_psnr: 21.3641 - val_ssim: 0.6394 - lr: 0.0100 - 1690s/epoch - 676ms/step
Epoch 25/500

Epoch 25: val_loss did not improve from 0.04647
2500/2500 - 1690s - loss: 0.0483 - psnr: 20.8343 - ssim: 0.4986 - val_loss: 0.0548 - val_psnr: 19.9711 - val_ssim: 0.6236 - lr: 0.0100 - 1690s/epoch - 676ms/step
Epoch 26/500

Epoch 26: val_loss did not improve from 0.04647
2500/2500 - 1690s - loss: 0.0480 - psnr: 20.8759 - ssim: 0.5004 - val_loss: 0.0504 - val_psnr: 20.8879 - val_ssim: 0.6334 - lr: 0.0100 - 1690s/epoch - 676ms/step
Epoch 27/500

Epoch 27: val_loss did not improve from 0.04647
2500/2500 - 1690s - loss: 0.0479 - psnr: 20.8987 - ssim: 0.5015 - val_loss: 0.0503 - val_psnr: 20.8487 - val_ssim: 0.6358 - lr: 0.0100 - 1690s/epoch - 676ms/step
Epoch 28/500

Epoch 28: val_loss did not improve from 0.04647
2500/2500 - 1691s - loss: 0.0477 - psnr: 20.9191 - ssim: 0.5023 - val_loss: 0.0521 - val_psnr: 20.6436 - val_ssim: 0.6298 - lr: 0.0100 - 1691s/epoch - 676ms/step
Epoch 29/500

Epoch 29: val_loss did not improve from 0.04647
2500/2500 - 1691s - loss: 0.0483 - psnr: 20.8603 - ssim: 0.4997 - val_loss: 0.0729 - val_psnr: 17.9887 - val_ssim: 0.5706 - lr: 0.0100 - 1691s/epoch - 676ms/step
Epoch 30/500

Epoch 30: val_loss did not improve from 0.04647
2500/2500 - 1691s - loss: 0.0481 - psnr: 20.9019 - ssim: 0.5014 - val_loss: 0.0806 - val_psnr: 18.9986 - val_ssim: 0.5476 - lr: 0.0100 - 1691s/epoch - 676ms/step
Epoch 31/500

Epoch 31: val_loss did not improve from 0.04647
2500/2500 - 1691s - loss: 0.0484 - psnr: 20.8453 - ssim: 0.5000 - val_loss: 0.0699 - val_psnr: 17.9802 - val_ssim: 0.5804 - lr: 0.0100 - 1691s/epoch - 676ms/step
Epoch 32/500

Epoch 32: val_loss did not improve from 0.04647
2500/2500 - 1690s - loss: 0.0479 - psnr: 20.8947 - ssim: 0.5024 - val_loss: 0.0489 - val_psnr: 20.8560 - val_ssim: 0.6348 - lr: 0.0100 - 1690s/epoch - 676ms/step
Epoch 33/500

Epoch 33: val_loss did not improve from 0.04647
2500/2500 - 1690s - loss: 0.0479 - psnr: 20.8967 - ssim: 0.5024 - val_loss: 0.0601 - val_psnr: 18.7876 - val_ssim: 0.6033 - lr: 0.0100 - 1690s/epoch - 676ms/step
Epoch 34/500

Epoch 34: val_loss did not improve from 0.04647
2500/2500 - 1690s - loss: 0.0484 - psnr: 20.7908 - ssim: 0.4964 - val_loss: 0.0846 - val_psnr: 15.3112 - val_ssim: 0.5786 - lr: 0.0100 - 1690s/epoch - 676ms/step
Epoch 35/500

Epoch 35: val_loss did not improve from 0.04647
2500/2500 - 1690s - loss: 0.0475 - psnr: 20.9457 - ssim: 0.5048 - val_loss: 0.0653 - val_psnr: 18.2222 - val_ssim: 0.5905 - lr: 0.0100 - 1690s/epoch - 676ms/step
Epoch 36/500

Epoch 36: val_loss improved from 0.04647 to 0.04486, saving model to models/unet_lpips_25-30
WARNING:absl:Found untraced functions such as _jit_compiled_convolution_op, conv2d_layer_call_fn, conv2d_layer_call_and_return_conditional_losses, _jit_compiled_convolution_op, leaky_re_lu_layer_call_fn while saving (showing 5 of 241). These functions will not be directly callable after loading.
2500/2500 - 1712s - loss: 0.0480 - psnr: 20.8850 - ssim: 0.5020 - val_loss: 0.0449 - val_psnr: 21.6687 - val_ssim: 0.6458 - lr: 0.0100 - 1712s/epoch - 685ms/step
Epoch 37/500

Epoch 37: val_loss did not improve from 0.04486
2500/2500 - 1690s - loss: 0.0540 - psnr: 20.1090 - ssim: 0.4587 - val_loss: 0.0590 - val_psnr: 19.4297 - val_ssim: 0.5999 - lr: 0.0100 - 1690s/epoch - 676ms/step
Epoch 38/500

Epoch 38: val_loss did not improve from 0.04486
2500/2500 - 1691s - loss: 0.0501 - psnr: 20.5855 - ssim: 0.4828 - val_loss: 0.0503 - val_psnr: 20.9740 - val_ssim: 0.6279 - lr: 0.0100 - 1691s/epoch - 676ms/step
Epoch 39/500

Epoch 39: val_loss did not improve from 0.04486
2500/2500 - 1691s - loss: 0.0486 - psnr: 20.7987 - ssim: 0.4945 - val_loss: 0.0485 - val_psnr: 21.2854 - val_ssim: 0.6295 - lr: 0.0100 - 1691s/epoch - 676ms/step
Epoch 40/500

Epoch 40: val_loss did not improve from 0.04486
2500/2500 - 1691s - loss: 0.0481 - psnr: 20.8585 - ssim: 0.4986 - val_loss: 0.0473 - val_psnr: 21.4608 - val_ssim: 0.6349 - lr: 0.0100 - 1691s/epoch - 676ms/step
Epoch 41/500

Epoch 41: val_loss did not improve from 0.04486
2500/2500 - 1691s - loss: 0.0477 - psnr: 20.9237 - ssim: 0.5012 - val_loss: 0.0504 - val_psnr: 20.9630 - val_ssim: 0.6203 - lr: 0.0100 - 1691s/epoch - 676ms/step
Epoch 42/500

Epoch 42: val_loss did not improve from 0.04486
2500/2500 - 1691s - loss: 0.0475 - psnr: 20.9509 - ssim: 0.5030 - val_loss: 0.0485 - val_psnr: 21.2692 - val_ssim: 0.6332 - lr: 0.0100 - 1691s/epoch - 676ms/step
Epoch 43/500

Epoch 43: val_loss did not improve from 0.04486
2500/2500 - 1691s - loss: 0.0473 - psnr: 20.9755 - ssim: 0.5042 - val_loss: 0.0933 - val_psnr: 16.8096 - val_ssim: 0.5265 - lr: 0.0100 - 1691s/epoch - 676ms/step
Epoch 44/500

Epoch 44: val_loss did not improve from 0.04486
2500/2500 - 1691s - loss: 0.0472 - psnr: 20.9856 - ssim: 0.5054 - val_loss: 0.0503 - val_psnr: 20.8741 - val_ssim: 0.6282 - lr: 0.0100 - 1691s/epoch - 676ms/step
Epoch 45/500

Epoch 45: val_loss did not improve from 0.04486
2500/2500 - 1691s - loss: 0.0470 - psnr: 21.0018 - ssim: 0.5062 - val_loss: 0.0483 - val_psnr: 21.4075 - val_ssim: 0.6343 - lr: 0.0100 - 1691s/epoch - 676ms/step
Epoch 46/500

Epoch 46: val_loss did not improve from 0.04486
2500/2500 - 1691s - loss: 0.0469 - psnr: 21.0055 - ssim: 0.5071 - val_loss: 0.0496 - val_psnr: 21.1483 - val_ssim: 0.6340 - lr: 0.0100 - 1691s/epoch - 676ms/step
Epoch 47/500

Epoch 47: val_loss did not improve from 0.04486
2500/2500 - 1691s - loss: 0.0467 - psnr: 21.0353 - ssim: 0.5081 - val_loss: 0.0470 - val_psnr: 21.5841 - val_ssim: 0.6363 - lr: 0.0100 - 1691s/epoch - 676ms/step
Epoch 48/500

Epoch 48: val_loss did not improve from 0.04486
2500/2500 - 1691s - loss: 0.0467 - psnr: 21.0420 - ssim: 0.5089 - val_loss: 0.0549 - val_psnr: 19.7374 - val_ssim: 0.6278 - lr: 0.0100 - 1691s/epoch - 676ms/step
Epoch 49/500

Epoch 49: val_loss did not improve from 0.04486
2500/2500 - 1691s - loss: 0.0465 - psnr: 21.0727 - ssim: 0.5099 - val_loss: 0.0486 - val_psnr: 21.2564 - val_ssim: 0.6384 - lr: 0.0100 - 1691s/epoch - 676ms/step
Epoch 50/500

Epoch 50: val_loss did not improve from 0.04486
2500/2500 - 1690s - loss: 0.0466 - psnr: 21.0647 - ssim: 0.5097 - val_loss: 0.0520 - val_psnr: 20.1689 - val_ssim: 0.6322 - lr: 0.0100 - 1690s/epoch - 676ms/step
Epoch 51/500

Epoch 51: val_loss did not improve from 0.04486
2500/2500 - 1690s - loss: 0.0485 - psnr: 20.7980 - ssim: 0.4977 - val_loss: 0.0706 - val_psnr: 17.3350 - val_ssim: 0.5829 - lr: 0.0100 - 1690s/epoch - 676ms/step
Epoch 52/500

Epoch 52: val_loss did not improve from 0.04486
2500/2500 - 1690s - loss: 0.0479 - psnr: 20.8482 - ssim: 0.4984 - val_loss: 0.0512 - val_psnr: 20.8522 - val_ssim: 0.6266 - lr: 0.0100 - 1690s/epoch - 676ms/step
Epoch 53/500

Epoch 53: val_loss did not improve from 0.04486
2500/2500 - 1690s - loss: 0.0469 - psnr: 21.0039 - ssim: 0.5056 - val_loss: 0.0502 - val_psnr: 21.2077 - val_ssim: 0.6329 - lr: 0.0100 - 1690s/epoch - 676ms/step
Epoch 54/500

Epoch 54: val_loss did not improve from 0.04486
2500/2500 - 1690s - loss: 0.0465 - psnr: 21.0695 - ssim: 0.5090 - val_loss: 0.0496 - val_psnr: 21.1701 - val_ssim: 0.6344 - lr: 0.0100 - 1690s/epoch - 676ms/step
Epoch 55/500

Epoch 55: val_loss did not improve from 0.04486
2500/2500 - 1690s - loss: 0.0464 - psnr: 21.0813 - ssim: 0.5099 - val_loss: 0.0506 - val_psnr: 21.0904 - val_ssim: 0.6316 - lr: 0.0100 - 1690s/epoch - 676ms/step
Epoch 56/500

Epoch 56: ReduceLROnPlateau reducing learning rate to 0.0019999999552965165.

Epoch 56: val_loss did not improve from 0.04486
2500/2500 - 1690s - loss: 0.0462 - psnr: 21.1166 - ssim: 0.5115 - val_loss: 0.0479 - val_psnr: 21.5203 - val_ssim: 0.6390 - lr: 0.0100 - 1690s/epoch - 676ms/step
Epoch 57/500

Epoch 57: val_loss did not improve from 0.04486
2500/2500 - 1690s - loss: 0.0453 - psnr: 21.2268 - ssim: 0.5148 - val_loss: 0.0477 - val_psnr: 21.5266 - val_ssim: 0.6386 - lr: 0.0020 - 1690s/epoch - 676ms/step
Epoch 58/500

Epoch 58: val_loss did not improve from 0.04486
2500/2500 - 1691s - loss: 0.0453 - psnr: 21.2315 - ssim: 0.5151 - val_loss: 0.0473 - val_psnr: 21.5553 - val_ssim: 0.6394 - lr: 0.0020 - 1691s/epoch - 676ms/step
Epoch 59/500

Epoch 59: val_loss did not improve from 0.04486
2500/2500 - 1691s - loss: 0.0452 - psnr: 21.2379 - ssim: 0.5154 - val_loss: 0.0473 - val_psnr: 21.5750 - val_ssim: 0.6380 - lr: 0.0020 - 1691s/epoch - 676ms/step
Epoch 60/500

Epoch 60: val_loss did not improve from 0.04486
2500/2500 - 1691s - loss: 0.0452 - psnr: 21.2414 - ssim: 0.5156 - val_loss: 0.0472 - val_psnr: 21.5473 - val_ssim: 0.6394 - lr: 0.0020 - 1691s/epoch - 676ms/step
Epoch 61/500

Epoch 61: val_loss did not improve from 0.04486
2500/2500 - 1691s - loss: 0.0452 - psnr: 21.2434 - ssim: 0.5158 - val_loss: 0.0474 - val_psnr: 21.5895 - val_ssim: 0.6392 - lr: 0.0020 - 1691s/epoch - 676ms/step
Epoch 62/500

Epoch 62: val_loss did not improve from 0.04486
2500/2500 - 1691s - loss: 0.0451 - psnr: 21.2496 - ssim: 0.5160 - val_loss: 0.0468 - val_psnr: 21.6398 - val_ssim: 0.6408 - lr: 0.0020 - 1691s/epoch - 676ms/step
Epoch 63/500

Epoch 63: val_loss did not improve from 0.04486
2500/2500 - 1691s - loss: 0.0451 - psnr: 21.2533 - ssim: 0.5161 - val_loss: 0.0481 - val_psnr: 21.4455 - val_ssim: 0.6386 - lr: 0.0020 - 1691s/epoch - 676ms/step
Epoch 64/500

Epoch 64: val_loss did not improve from 0.04486
2500/2500 - 1691s - loss: 0.0451 - psnr: 21.2599 - ssim: 0.5164 - val_loss: 0.0477 - val_psnr: 21.5190 - val_ssim: 0.6401 - lr: 0.0020 - 1691s/epoch - 676ms/step
Epoch 65/500

Epoch 65: val_loss did not improve from 0.04486
2500/2500 - 1691s - loss: 0.0451 - psnr: 21.2683 - ssim: 0.5166 - val_loss: 0.0475 - val_psnr: 21.5708 - val_ssim: 0.6398 - lr: 0.0020 - 1691s/epoch - 676ms/step
Epoch 66/500

Epoch 66: val_loss did not improve from 0.04486
2500/2500 - 1691s - loss: 0.0450 - psnr: 21.2744 - ssim: 0.5167 - val_loss: 0.0470 - val_psnr: 21.6404 - val_ssim: 0.6420 - lr: 0.0020 - 1691s/epoch - 676ms/step
Epoch 67/500

Epoch 67: val_loss did not improve from 0.04486
2500/2500 - 1691s - loss: 0.0450 - psnr: 21.2784 - ssim: 0.5168 - val_loss: 0.0488 - val_psnr: 21.3822 - val_ssim: 0.6377 - lr: 0.0020 - 1691s/epoch - 676ms/step
Epoch 68/500

Epoch 68: val_loss did not improve from 0.04486
2500/2500 - 1691s - loss: 0.0450 - psnr: 21.2784 - ssim: 0.5170 - val_loss: 0.0479 - val_psnr: 21.5327 - val_ssim: 0.6396 - lr: 0.0020 - 1691s/epoch - 676ms/step
Epoch 69/500

Epoch 69: val_loss did not improve from 0.04486
2500/2500 - 1691s - loss: 0.0450 - psnr: 21.2955 - ssim: 0.5170 - val_loss: 0.0490 - val_psnr: 21.4926 - val_ssim: 0.6375 - lr: 0.0020 - 1691s/epoch - 676ms/step
Epoch 70/500

Epoch 70: val_loss did not improve from 0.04486
2500/2500 - 1691s - loss: 0.0451 - psnr: 21.3286 - ssim: 0.5169 - val_loss: 0.0485 - val_psnr: 21.5490 - val_ssim: 0.6389 - lr: 0.0020 - 1691s/epoch - 676ms/step
Epoch 71/500

Epoch 71: val_loss did not improve from 0.04486
2500/2500 - 1691s - loss: 0.0450 - psnr: 21.3227 - ssim: 0.5173 - val_loss: 0.0478 - val_psnr: 21.5437 - val_ssim: 0.6396 - lr: 0.0020 - 1691s/epoch - 676ms/step
Epoch 72/500

Epoch 72: val_loss did not improve from 0.04486
2500/2500 - 1691s - loss: 0.0449 - psnr: 21.2995 - ssim: 0.5174 - val_loss: 0.0472 - val_psnr: 21.6052 - val_ssim: 0.6412 - lr: 0.0020 - 1691s/epoch - 676ms/step
Epoch 73/500

Epoch 73: val_loss did not improve from 0.04486
2500/2500 - 1691s - loss: 0.0449 - psnr: 21.2945 - ssim: 0.5174 - val_loss: 0.0473 - val_psnr: 21.6000 - val_ssim: 0.6408 - lr: 0.0020 - 1691s/epoch - 676ms/step
Epoch 74/500

Epoch 74: val_loss did not improve from 0.04486
2500/2500 - 1691s - loss: 0.0449 - psnr: 21.3024 - ssim: 0.5176 - val_loss: 0.0482 - val_psnr: 21.4757 - val_ssim: 0.6392 - lr: 0.0020 - 1691s/epoch - 676ms/step
Epoch 75/500

Epoch 75: val_loss did not improve from 0.04486
2500/2500 - 1691s - loss: 0.0449 - psnr: 21.3073 - ssim: 0.5178 - val_loss: 0.0476 - val_psnr: 21.5728 - val_ssim: 0.6406 - lr: 0.0020 - 1691s/epoch - 676ms/step
Epoch 76/500

Epoch 76: val_loss did not improve from 0.04486
2500/2500 - 1691s - loss: 0.0449 - psnr: 21.3054 - ssim: 0.5179 - val_loss: 0.0479 - val_psnr: 21.5471 - val_ssim: 0.6393 - lr: 0.0020 - 1691s/epoch - 676ms/step
Epoch 77/500

Epoch 77: val_loss did not improve from 0.04486
2500/2500 - 1691s - loss: 0.0449 - psnr: 21.2994 - ssim: 0.5180 - val_loss: 0.0478 - val_psnr: 21.5536 - val_ssim: 0.6396 - lr: 0.0020 - 1691s/epoch - 676ms/step
Epoch 78/500

Epoch 78: val_loss did not improve from 0.04486
2500/2500 - 1691s - loss: 0.0448 - psnr: 21.3060 - ssim: 0.5182 - val_loss: 0.0484 - val_psnr: 21.4599 - val_ssim: 0.6395 - lr: 0.0020 - 1691s/epoch - 676ms/step
Epoch 79/500

Epoch 79: val_loss did not improve from 0.04486
2500/2500 - 1691s - loss: 0.0448 - psnr: 21.3166 - ssim: 0.5182 - val_loss: 0.0525 - val_psnr: 21.1050 - val_ssim: 0.6260 - lr: 0.0020 - 1691s/epoch - 676ms/step
Epoch 80/500

Epoch 80: ReduceLROnPlateau reducing learning rate to 0.0003999999724328518.

Epoch 80: val_loss did not improve from 0.04486
2500/2500 - 1691s - loss: 0.0448 - psnr: 21.3169 - ssim: 0.5183 - val_loss: 0.0478 - val_psnr: 21.5216 - val_ssim: 0.6403 - lr: 0.0020 - 1691s/epoch - 676ms/step
Epoch 81/500

Epoch 81: val_loss did not improve from 0.04486
2500/2500 - 1691s - loss: 0.0446 - psnr: 21.3286 - ssim: 0.5189 - val_loss: 0.0484 - val_psnr: 21.4737 - val_ssim: 0.6390 - lr: 4.0000e-04 - 1691s/epoch - 676ms/step
Epoch 82/500

Epoch 82: val_loss did not improve from 0.04486
2500/2500 - 1690s - loss: 0.0446 - psnr: 21.3319 - ssim: 0.5190 - val_loss: 0.0483 - val_psnr: 21.4865 - val_ssim: 0.6389 - lr: 4.0000e-04 - 1690s/epoch - 676ms/step
Epoch 83/500

Epoch 83: val_loss did not improve from 0.04486
2500/2500 - 1691s - loss: 0.0446 - psnr: 21.3326 - ssim: 0.5190 - val_loss: 0.0486 - val_psnr: 21.4616 - val_ssim: 0.6385 - lr: 4.0000e-04 - 1691s/epoch - 676ms/step
Epoch 84/500

Epoch 84: val_loss did not improve from 0.04486
2500/2500 - 1691s - loss: 0.0446 - psnr: 21.3333 - ssim: 0.5190 - val_loss: 0.0485 - val_psnr: 21.4734 - val_ssim: 0.6389 - lr: 4.0000e-04 - 1691s/epoch - 676ms/step
Epoch 85/500

Epoch 85: val_loss did not improve from 0.04486
2500/2500 - 1691s - loss: 0.0446 - psnr: 21.3312 - ssim: 0.5191 - val_loss: 0.0484 - val_psnr: 21.4799 - val_ssim: 0.6385 - lr: 4.0000e-04 - 1691s/epoch - 676ms/step
Epoch 86/500
Restoring model weights from the end of the best epoch: 36.

Epoch 86: val_loss did not improve from 0.04486
2500/2500 - 1691s - loss: 0.0446 - psnr: 21.3304 - ssim: 0.5191 - val_loss: 0.0483 - val_psnr: 21.4859 - val_ssim: 0.6389 - lr: 4.0000e-04 - 1691s/epoch - 677ms/step
Epoch 86: early stopping
[0m
[32mSaving model training history...[0m
[32mEvaluating model...[0m
[36m
626/626 - 294s - loss: 0.0448 - psnr: 21.6749 - ssim: 0.6462 - 294s/epoch - 470ms/step
[0m
[32mSaving model evaluation...[0m
[32mGenerating training graphs...[0m
WARNING:matplotlib.font_manager:findfont: Generic family 'sans-serif' not found because none of the following families were found: Readex Pro
WARNING:matplotlib.font_manager:findfont: Generic family 'sans-serif' not found because none of the following families were found: Readex Pro
WARNING:matplotlib.font_manager:findfont: Generic family 'sans-serif' not found because none of the following families were found: Readex Pro
WARNING:matplotlib.font_manager:findfont: Generic family 'sans-serif' not found because none of the following families were found: Readex Pro
WARNING:matplotlib.font_manager:findfont: Generic family 'sans-serif' not found because none of the following families were found: Readex Pro
WARNING:matplotlib.font_manager:findfont: Generic family 'sans-serif' not found because none of the following families were found: Readex Pro
WARNING:matplotlib.font_manager:findfont: Generic family 'sans-serif' not found because none of the following families were found: Readex Pro
WARNING:matplotlib.font_manager:findfont: Generic family 'sans-serif' not found because none of the following families were found: Readex Pro
WARNING:matplotlib.font_manager:findfont: Generic family 'sans-serif' not found because none of the following families were found: Readex Pro
WARNING:matplotlib.font_manager:findfont: Generic family 'sans-serif' not found because none of the following families were found: Readex Pro
WARNING:matplotlib.font_manager:findfont: Generic family 'sans-serif' not found because none of the following families were found: Readex Pro
WARNING:matplotlib.font_manager:findfont: Generic family 'sans-serif' not found because none of the following families were found: Readex Pro
WARNING:matplotlib.font_manager:findfont: Generic family 'sans-serif' not found because none of the following families were found: Readex Pro
WARNING:matplotlib.font_manager:findfont: Generic family 'sans-serif' not found because none of the following families were found: Readex Pro
WARNING:matplotlib.font_manager:findfont: Generic family 'sans-serif' not found because none of the following families were found: Readex Pro
WARNING:matplotlib.font_manager:findfont: Generic family 'sans-serif' not found because none of the following families were found: Readex Pro
WARNING:matplotlib.font_manager:findfont: Generic family 'sans-serif' not found because none of the following families were found: Readex Pro
WARNING:matplotlib.font_manager:findfont: Generic family 'sans-serif' not found because none of the following families were found: Readex Pro
WARNING:matplotlib.font_manager:findfont: Generic family 'sans-serif' not found because none of the following families were found: Readex Pro
WARNING:matplotlib.font_manager:findfont: Generic family 'sans-serif' not found because none of the following families were found: Readex Pro
WARNING:matplotlib.font_manager:findfont: Generic family 'sans-serif' not found because none of the following families were found: Readex Pro
WARNING:matplotlib.font_manager:findfont: Generic family 'sans-serif' not found because none of the following families were found: Readex Pro
WARNING:matplotlib.font_manager:findfont: Generic family 'sans-serif' not found because none of the following families were found: Readex Pro
WARNING:matplotlib.font_manager:findfont: Generic family 'sans-serif' not found because none of the following families were found: Readex Pro
WARNING:matplotlib.font_manager:findfont: Generic family 'sans-serif' not found because none of the following families were found: Readex Pro
WARNING:matplotlib.font_manager:findfont: Generic family 'sans-serif' not found because none of the following families were found: Readex Pro
WARNING:matplotlib.font_manager:findfont: Generic family 'sans-serif' not found because none of the following families were found: Readex Pro
WARNING:matplotlib.font_manager:findfont: Generic family 'sans-serif' not found because none of the following families were found: Readex Pro
WARNING:matplotlib.font_manager:findfont: Generic family 'sans-serif' not found because none of the following families were found: Readex Pro
WARNING:matplotlib.font_manager:findfont: Generic family 'sans-serif' not found because none of the following families were found: Readex Pro
WARNING:matplotlib.font_manager:findfont: Generic family 'sans-serif' not found because none of the following families were found: Readex Pro
WARNING:matplotlib.font_manager:findfont: Generic family 'sans-serif' not found because none of the following families were found: Readex Pro
WARNING:matplotlib.font_manager:findfont: Generic family 'sans-serif' not found because none of the following families were found: Readex Pro
WARNING:matplotlib.font_manager:findfont: Generic family 'sans-serif' not found because none of the following families were found: Readex Pro
WARNING:matplotlib.font_manager:findfont: Generic family 'sans-serif' not found because none of the following families were found: Readex Pro
WARNING:matplotlib.font_manager:findfont: Generic family 'sans-serif' not found because none of the following families were found: Readex Pro
WARNING:matplotlib.font_manager:findfont: Generic family 'sans-serif' not found because none of the following families were found: Readex Pro
WARNING:matplotlib.font_manager:findfont: Generic family 'sans-serif' not found because none of the following families were found: Readex Pro
WARNING:matplotlib.font_manager:findfont: Generic family 'sans-serif' not found because none of the following families were found: Readex Pro
WARNING:matplotlib.font_manager:findfont: Generic family 'sans-serif' not found because none of the following families were found: Readex Pro
WARNING:matplotlib.font_manager:findfont: Generic family 'sans-serif' not found because none of the following families were found: Readex Pro
WARNING:matplotlib.font_manager:findfont: Generic family 'sans-serif' not found because none of the following families were found: Readex Pro
WARNING:matplotlib.font_manager:findfont: Generic family 'sans-serif' not found because none of the following families were found: Readex Pro
WARNING:matplotlib.font_manager:findfont: Generic family 'sans-serif' not found because none of the following families were found: Readex Pro
WARNING:matplotlib.font_manager:findfont: Generic family 'sans-serif' not found because none of the following families were found: Readex Pro
WARNING:matplotlib.font_manager:findfont: Generic family 'sans-serif' not found because none of the following families were found: Readex Pro
WARNING:matplotlib.font_manager:findfont: Generic family 'sans-serif' not found because none of the following families were found: Readex Pro
WARNING:matplotlib.font_manager:findfont: Generic family 'sans-serif' not found because none of the following families were found: Readex Pro
WARNING:matplotlib.font_manager:findfont: Generic family 'sans-serif' not found because none of the following families were found: Readex Pro
WARNING:matplotlib.font_manager:findfont: Generic family 'sans-serif' not found because none of the following families were found: Readex Pro
WARNING:matplotlib.font_manager:findfont: Generic family 'sans-serif' not found because none of the following families were found: Readex Pro
WARNING:matplotlib.font_manager:findfont: Generic family 'sans-serif' not found because none of the following families were found: Readex Pro
WARNING:matplotlib.font_manager:findfont: Generic family 'sans-serif' not found because none of the following families were found: Readex Pro
WARNING:matplotlib.font_manager:findfont: Generic family 'sans-serif' not found because none of the following families were found: Readex Pro
WARNING:matplotlib.font_manager:findfont: Generic family 'sans-serif' not found because none of the following families were found: Readex Pro
WARNING:matplotlib.font_manager:findfont: Generic family 'sans-serif' not found because none of the following families were found: Readex Pro
WARNING:matplotlib.font_manager:findfont: Generic family 'sans-serif' not found because none of the following families were found: Readex Pro
WARNING:matplotlib.font_manager:findfont: Generic family 'sans-serif' not found because none of the following families were found: Readex Pro
WARNING:matplotlib.font_manager:findfont: Generic family 'sans-serif' not found because none of the following families were found: Readex Pro
WARNING:matplotlib.font_manager:findfont: Generic family 'sans-serif' not found because none of the following families were found: Readex Pro
WARNING:matplotlib.font_manager:findfont: Generic family 'sans-serif' not found because none of the following families were found: Readex Pro
WARNING:matplotlib.font_manager:findfont: Generic family 'sans-serif' not found because none of the following families were found: Readex Pro
WARNING:matplotlib.font_manager:findfont: Generic family 'sans-serif' not found because none of the following families were found: Readex Pro
WARNING:matplotlib.font_manager:findfont: Generic family 'sans-serif' not found because none of the following families were found: Readex Pro
WARNING:matplotlib.font_manager:findfont: Generic family 'sans-serif' not found because none of the following families were found: Readex Pro
WARNING:matplotlib.font_manager:findfont: Generic family 'sans-serif' not found because none of the following families were found: Readex Pro
WARNING:matplotlib.font_manager:findfont: Generic family 'sans-serif' not found because none of the following families were found: Readex Pro
WARNING:matplotlib.font_manager:findfont: Generic family 'sans-serif' not found because none of the following families were found: Readex Pro
WARNING:matplotlib.font_manager:findfont: Generic family 'sans-serif' not found because none of the following families were found: Readex Pro
WARNING:matplotlib.font_manager:findfont: Generic family 'sans-serif' not found because none of the following families were found: Readex Pro
WARNING:matplotlib.font_manager:findfont: Generic family 'sans-serif' not found because none of the following families were found: Readex Pro
WARNING:matplotlib.font_manager:findfont: Generic family 'sans-serif' not found because none of the following families were found: Readex Pro
WARNING:matplotlib.font_manager:findfont: Generic family 'sans-serif' not found because none of the following families were found: Readex Pro
WARNING:matplotlib.font_manager:findfont: Generic family 'sans-serif' not found because none of the following families were found: Readex Pro
WARNING:matplotlib.font_manager:findfont: Generic family 'sans-serif' not found because none of the following families were found: Readex Pro
WARNING:matplotlib.font_manager:findfont: Generic family 'sans-serif' not found because none of the following families were found: Readex Pro
WARNING:matplotlib.font_manager:findfont: Generic family 'sans-serif' not found because none of the following families were found: Readex Pro
WARNING:matplotlib.font_manager:findfont: Generic family 'sans-serif' not found because none of the following families were found: Readex Pro
WARNING:matplotlib.font_manager:findfont: Generic family 'sans-serif' not found because none of the following families were found: Readex Pro
WARNING:matplotlib.font_manager:findfont: Generic family 'sans-serif' not found because none of the following families were found: Readex Pro
WARNING:matplotlib.font_manager:findfont: Generic family 'sans-serif' not found because none of the following families were found: Readex Pro
WARNING:matplotlib.font_manager:findfont: Generic family 'sans-serif' not found because none of the following families were found: Readex Pro
WARNING:matplotlib.font_manager:findfont: Generic family 'sans-serif' not found because none of the following families were found: Readex Pro
WARNING:matplotlib.font_manager:findfont: Generic family 'sans-serif' not found because none of the following families were found: Readex Pro
WARNING:matplotlib.font_manager:findfont: Generic family 'sans-serif' not found because none of the following families were found: Readex Pro
WARNING:matplotlib.font_manager:findfont: Generic family 'sans-serif' not found because none of the following families were found: Readex Pro
WARNING:matplotlib.font_manager:findfont: Generic family 'sans-serif' not found because none of the following families were found: Readex Pro
WARNING:matplotlib.font_manager:findfont: Generic family 'sans-serif' not found because none of the following families were found: Readex Pro
WARNING:matplotlib.font_manager:findfont: Generic family 'sans-serif' not found because none of the following families were found: Readex Pro
WARNING:matplotlib.font_manager:findfont: Generic family 'sans-serif' not found because none of the following families were found: Readex Pro
WARNING:matplotlib.font_manager:findfont: Generic family 'sans-serif' not found because none of the following families were found: Readex Pro
WARNING:matplotlib.font_manager:findfont: Generic family 'sans-serif' not found because none of the following families were found: Readex Pro
WARNING:matplotlib.font_manager:findfont: Generic family 'sans-serif' not found because none of the following families were found: Readex Pro
WARNING:matplotlib.font_manager:findfont: Generic family 'sans-serif' not found because none of the following families were found: Readex Pro
WARNING:matplotlib.font_manager:findfont: Generic family 'sans-serif' not found because none of the following families were found: Readex Pro
WARNING:matplotlib.font_manager:findfont: Generic family 'sans-serif' not found because none of the following families were found: Readex Pro
WARNING:matplotlib.font_manager:findfont: Generic family 'sans-serif' not found because none of the following families were found: Readex Pro
WARNING:matplotlib.font_manager:findfont: Generic family 'sans-serif' not found because none of the following families were found: Readex Pro
WARNING:matplotlib.font_manager:findfont: Generic family 'sans-serif' not found because none of the following families were found: Readex Pro
WARNING:matplotlib.font_manager:findfont: Generic family 'sans-serif' not found because none of the following families were found: Readex Pro
WARNING:matplotlib.font_manager:findfont: Generic family 'sans-serif' not found because none of the following families were found: Readex Pro
WARNING:matplotlib.font_manager:findfont: Generic family 'sans-serif' not found because none of the following families were found: Readex Pro
WARNING:matplotlib.font_manager:findfont: Generic family 'sans-serif' not found because none of the following families were found: Readex Pro
WARNING:matplotlib.font_manager:findfont: Generic family 'sans-serif' not found because none of the following families were found: Readex Pro
WARNING:matplotlib.font_manager:findfont: Generic family 'sans-serif' not found because none of the following families were found: Readex Pro
WARNING:matplotlib.font_manager:findfont: Generic family 'sans-serif' not found because none of the following families were found: Readex Pro
WARNING:matplotlib.font_manager:findfont: Generic family 'sans-serif' not found because none of the following families were found: Readex Pro
WARNING:matplotlib.font_manager:findfont: Generic family 'sans-serif' not found because none of the following families were found: Readex Pro
WARNING:matplotlib.font_manager:findfont: Generic family 'sans-serif' not found because none of the following families were found: Readex Pro
WARNING:matplotlib.font_manager:findfont: Generic family 'sans-serif' not found because none of the following families were found: Readex Pro
WARNING:matplotlib.font_manager:findfont: Generic family 'sans-serif' not found because none of the following families were found: Readex Pro
WARNING:matplotlib.font_manager:findfont: Generic family 'sans-serif' not found because none of the following families were found: Readex Pro
WARNING:matplotlib.font_manager:findfont: Generic family 'sans-serif' not found because none of the following families were found: Readex Pro
WARNING:matplotlib.font_manager:findfont: Generic family 'sans-serif' not found because none of the following families were found: Readex Pro
WARNING:matplotlib.font_manager:findfont: Generic family 'sans-serif' not found because none of the following families were found: Readex Pro
WARNING:matplotlib.font_manager:findfont: Generic family 'sans-serif' not found because none of the following families were found: Readex Pro
WARNING:matplotlib.font_manager:findfont: Generic family 'sans-serif' not found because none of the following families were found: Readex Pro
WARNING:matplotlib.font_manager:findfont: Generic family 'sans-serif' not found because none of the following families were found: Readex Pro
WARNING:matplotlib.font_manager:findfont: Generic family 'sans-serif' not found because none of the following families were found: Readex Pro
WARNING:matplotlib.font_manager:findfont: Generic family 'sans-serif' not found because none of the following families were found: Readex Pro
WARNING:matplotlib.font_manager:findfont: Generic family 'sans-serif' not found because none of the following families were found: Readex Pro
WARNING:matplotlib.font_manager:findfont: Generic family 'sans-serif' not found because none of the following families were found: Readex Pro
WARNING:matplotlib.font_manager:findfont: Generic family 'sans-serif' not found because none of the following families were found: Readex Pro
WARNING:matplotlib.font_manager:findfont: Generic family 'sans-serif' not found because none of the following families were found: Readex Pro
WARNING:matplotlib.font_manager:findfont: Generic family 'sans-serif' not found because none of the following families were found: Readex Pro
WARNING:matplotlib.font_manager:findfont: Generic family 'sans-serif' not found because none of the following families were found: Readex Pro
WARNING:matplotlib.font_manager:findfont: Generic family 'sans-serif' not found because none of the following families were found: Readex Pro
WARNING:matplotlib.font_manager:findfont: Generic family 'sans-serif' not found because none of the following families were found: Readex Pro
WARNING:matplotlib.font_manager:findfont: Generic family 'sans-serif' not found because none of the following families were found: Readex Pro
WARNING:matplotlib.font_manager:findfont: Generic family 'sans-serif' not found because none of the following families were found: Readex Pro
WARNING:matplotlib.font_manager:findfont: Generic family 'sans-serif' not found because none of the following families were found: Readex Pro
WARNING:matplotlib.font_manager:findfont: Generic family 'sans-serif' not found because none of the following families were found: Readex Pro
WARNING:matplotlib.font_manager:findfont: Generic family 'sans-serif' not found because none of the following families were found: Readex Pro
WARNING:matplotlib.font_manager:findfont: Generic family 'sans-serif' not found because none of the following families were found: Readex Pro
WARNING:matplotlib.font_manager:findfont: Generic family 'sans-serif' not found because none of the following families were found: Readex Pro
WARNING:matplotlib.font_manager:findfont: Generic family 'sans-serif' not found because none of the following families were found: Readex Pro
WARNING:matplotlib.font_manager:findfont: Generic family 'sans-serif' not found because none of the following families were found: Readex Pro
WARNING:matplotlib.font_manager:findfont: Generic family 'sans-serif' not found because none of the following families were found: Readex Pro
WARNING:matplotlib.font_manager:findfont: Generic family 'sans-serif' not found because none of the following families were found: Readex Pro
WARNING:matplotlib.font_manager:findfont: Generic family 'sans-serif' not found because none of the following families were found: Readex Pro
WARNING:matplotlib.font_manager:findfont: Generic family 'sans-serif' not found because none of the following families were found: Readex Pro
WARNING:matplotlib.font_manager:findfont: Generic family 'sans-serif' not found because none of the following families were found: Readex Pro
WARNING:matplotlib.font_manager:findfont: Generic family 'sans-serif' not found because none of the following families were found: Readex Pro
WARNING:matplotlib.font_manager:findfont: Generic family 'sans-serif' not found because none of the following families were found: Readex Pro
WARNING:matplotlib.font_manager:findfont: Generic family 'sans-serif' not found because none of the following families were found: Readex Pro
WARNING:matplotlib.font_manager:findfont: Generic family 'sans-serif' not found because none of the following families were found: Readex Pro
WARNING:matplotlib.font_manager:findfont: Generic family 'sans-serif' not found because none of the following families were found: Readex Pro
WARNING:matplotlib.font_manager:findfont: Generic family 'sans-serif' not found because none of the following families were found: Readex Pro
WARNING:matplotlib.font_manager:findfont: Generic family 'sans-serif' not found because none of the following families were found: Readex Pro
WARNING:matplotlib.font_manager:findfont: Generic family 'sans-serif' not found because none of the following families were found: Readex Pro
WARNING:matplotlib.font_manager:findfont: Generic family 'sans-serif' not found because none of the following families were found: Readex Pro
WARNING:matplotlib.font_manager:findfont: Generic family 'sans-serif' not found because none of the following families were found: Readex Pro
WARNING:matplotlib.font_manager:findfont: Generic family 'sans-serif' not found because none of the following families were found: Readex Pro
WARNING:matplotlib.font_manager:findfont: Generic family 'sans-serif' not found because none of the following families were found: Readex Pro
WARNING:matplotlib.font_manager:findfont: Generic family 'sans-serif' not found because none of the following families were found: Readex Pro
WARNING:matplotlib.font_manager:findfont: Generic family 'sans-serif' not found because none of the following families were found: Readex Pro
WARNING:matplotlib.font_manager:findfont: Generic family 'sans-serif' not found because none of the following families were found: Readex Pro
WARNING:matplotlib.font_manager:findfont: Generic family 'sans-serif' not found because none of the following families were found: Readex Pro
WARNING:matplotlib.font_manager:findfont: Generic family 'sans-serif' not found because none of the following families were found: Readex Pro
WARNING:matplotlib.font_manager:findfont: Generic family 'sans-serif' not found because none of the following families were found: Readex Pro
WARNING:matplotlib.font_manager:findfont: Generic family 'sans-serif' not found because none of the following families were found: Readex Pro
WARNING:matplotlib.font_manager:findfont: Generic family 'sans-serif' not found because none of the following families were found: Readex Pro
WARNING:matplotlib.font_manager:findfont: Generic family 'sans-serif' not found because none of the following families were found: Readex Pro
WARNING:matplotlib.font_manager:findfont: Generic family 'sans-serif' not found because none of the following families were found: Readex Pro
WARNING:matplotlib.font_manager:findfont: Generic family 'sans-serif' not found because none of the following families were found: Readex Pro
WARNING:matplotlib.font_manager:findfont: Generic family 'sans-serif' not found because none of the following families were found: Readex Pro
WARNING:matplotlib.font_manager:findfont: Generic family 'sans-serif' not found because none of the following families were found: Readex Pro
WARNING:matplotlib.font_manager:findfont: Generic family 'sans-serif' not found because none of the following families were found: Readex Pro
WARNING:matplotlib.font_manager:findfont: Generic family 'sans-serif' not found because none of the following families were found: Readex Pro
WARNING:matplotlib.font_manager:findfont: Generic family 'sans-serif' not found because none of the following families were found: Readex Pro
WARNING:matplotlib.font_manager:findfont: Generic family 'sans-serif' not found because none of the following families were found: Readex Pro
WARNING:matplotlib.font_manager:findfont: Generic family 'sans-serif' not found because none of the following families were found: Readex Pro
WARNING:matplotlib.font_manager:findfont: Generic family 'sans-serif' not found because none of the following families were found: Readex Pro
WARNING:matplotlib.font_manager:findfont: Generic family 'sans-serif' not found because none of the following families were found: Readex Pro
WARNING:matplotlib.font_manager:findfont: Generic family 'sans-serif' not found because none of the following families were found: Readex Pro
WARNING:matplotlib.font_manager:findfont: Generic family 'sans-serif' not found because none of the following families were found: Readex Pro
WARNING:matplotlib.font_manager:findfont: Generic family 'sans-serif' not found because none of the following families were found: Readex Pro
WARNING:matplotlib.font_manager:findfont: Generic family 'sans-serif' not found because none of the following families were found: Readex Pro
WARNING:matplotlib.font_manager:findfont: Generic family 'sans-serif' not found because none of the following families were found: Readex Pro
WARNING:matplotlib.font_manager:findfont: Generic family 'sans-serif' not found because none of the following families were found: Readex Pro
WARNING:matplotlib.font_manager:findfont: Generic family 'sans-serif' not found because none of the following families were found: Readex Pro
WARNING:matplotlib.font_manager:findfont: Generic family 'sans-serif' not found because none of the following families were found: Readex Pro
WARNING:matplotlib.font_manager:findfont: Generic family 'sans-serif' not found because none of the following families were found: Readex Pro
WARNING:matplotlib.font_manager:findfont: Generic family 'sans-serif' not found because none of the following families were found: Readex Pro
WARNING:matplotlib.font_manager:findfont: Generic family 'sans-serif' not found because none of the following families were found: Readex Pro
WARNING:matplotlib.font_manager:findfont: Generic family 'sans-serif' not found because none of the following families were found: Readex Pro
WARNING:matplotlib.font_manager:findfont: Generic family 'sans-serif' not found because none of the following families were found: Readex Pro
WARNING:matplotlib.font_manager:findfont: Generic family 'sans-serif' not found because none of the following families were found: Readex Pro
WARNING:matplotlib.font_manager:findfont: Generic family 'sans-serif' not found because none of the following families were found: Readex Pro
WARNING:matplotlib.font_manager:findfont: Generic family 'sans-serif' not found because none of the following families were found: Readex Pro
WARNING:matplotlib.font_manager:findfont: Generic family 'sans-serif' not found because none of the following families were found: Readex Pro
WARNING:matplotlib.font_manager:findfont: Generic family 'sans-serif' not found because none of the following families were found: Readex Pro
WARNING:matplotlib.font_manager:findfont: Generic family 'sans-serif' not found because none of the following families were found: Readex Pro
WARNING:matplotlib.font_manager:findfont: Generic family 'sans-serif' not found because none of the following families were found: Readex Pro
WARNING:matplotlib.font_manager:findfont: Generic family 'sans-serif' not found because none of the following families were found: Readex Pro
WARNING:matplotlib.font_manager:findfont: Generic family 'sans-serif' not found because none of the following families were found: Readex Pro
WARNING:matplotlib.font_manager:findfont: Generic family 'sans-serif' not found because none of the following families were found: Readex Pro
WARNING:matplotlib.font_manager:findfont: Generic family 'sans-serif' not found because none of the following families were found: Readex Pro
WARNING:matplotlib.font_manager:findfont: Generic family 'sans-serif' not found because none of the following families were found: Readex Pro
WARNING:matplotlib.font_manager:findfont: Generic family 'sans-serif' not found because none of the following families were found: Readex Pro
WARNING:matplotlib.font_manager:findfont: Generic family 'sans-serif' not found because none of the following families were found: Readex Pro
WARNING:matplotlib.font_manager:findfont: Generic family 'sans-serif' not found because none of the following families were found: Readex Pro
WARNING:matplotlib.font_manager:findfont: Generic family 'sans-serif' not found because none of the following families were found: Readex Pro
WARNING:matplotlib.font_manager:findfont: Generic family 'sans-serif' not found because none of the following families were found: Readex Pro
WARNING:matplotlib.font_manager:findfont: Generic family 'sans-serif' not found because none of the following families were found: Readex Pro
WARNING:matplotlib.font_manager:findfont: Generic family 'sans-serif' not found because none of the following families were found: Readex Pro
WARNING:matplotlib.font_manager:findfont: Generic family 'sans-serif' not found because none of the following families were found: Readex Pro
WARNING:matplotlib.font_manager:findfont: Generic family 'sans-serif' not found because none of the following families were found: Readex Pro
WARNING:matplotlib.font_manager:findfont: Generic family 'sans-serif' not found because none of the following families were found: Readex Pro
WARNING:matplotlib.font_manager:findfont: Generic family 'sans-serif' not found because none of the following families were found: Readex Pro
WARNING:matplotlib.font_manager:findfont: Generic family 'sans-serif' not found because none of the following families were found: Readex Pro
WARNING:matplotlib.font_manager:findfont: Generic family 'sans-serif' not found because none of the following families were found: Readex Pro
WARNING:matplotlib.font_manager:findfont: Generic family 'sans-serif' not found because none of the following families were found: Readex Pro
WARNING:matplotlib.font_manager:findfont: Generic family 'sans-serif' not found because none of the following families were found: Readex Pro
WARNING:matplotlib.font_manager:findfont: Generic family 'sans-serif' not found because none of the following families were found: Readex Pro
WARNING:matplotlib.font_manager:findfont: Generic family 'sans-serif' not found because none of the following families were found: Readex Pro
WARNING:matplotlib.font_manager:findfont: Generic family 'sans-serif' not found because none of the following families were found: Readex Pro
WARNING:matplotlib.font_manager:findfont: Generic family 'sans-serif' not found because none of the following families were found: Readex Pro
WARNING:matplotlib.font_manager:findfont: Generic family 'sans-serif' not found because none of the following families were found: Readex Pro
WARNING:matplotlib.font_manager:findfont: Generic family 'sans-serif' not found because none of the following families were found: Readex Pro
WARNING:matplotlib.font_manager:findfont: Generic family 'sans-serif' not found because none of the following families were found: Readex Pro
WARNING:matplotlib.font_manager:findfont: Generic family 'sans-serif' not found because none of the following families were found: Readex Pro
WARNING:matplotlib.font_manager:findfont: Generic family 'sans-serif' not found because none of the following families were found: Readex Pro
WARNING:matplotlib.font_manager:findfont: Generic family 'sans-serif' not found because none of the following families were found: Readex Pro
WARNING:matplotlib.font_manager:findfont: Generic family 'sans-serif' not found because none of the following families were found: Readex Pro
WARNING:matplotlib.font_manager:findfont: Generic family 'sans-serif' not found because none of the following families were found: Readex Pro
WARNING:matplotlib.font_manager:findfont: Generic family 'sans-serif' not found because none of the following families were found: Readex Pro
WARNING:matplotlib.font_manager:findfont: Generic family 'sans-serif' not found because none of the following families were found: Readex Pro
WARNING:matplotlib.font_manager:findfont: Generic family 'sans-serif' not found because none of the following families were found: Readex Pro
WARNING:matplotlib.font_manager:findfont: Generic family 'sans-serif' not found because none of the following families were found: Readex Pro
WARNING:matplotlib.font_manager:findfont: Generic family 'sans-serif' not found because none of the following families were found: Readex Pro
WARNING:matplotlib.font_manager:findfont: Generic family 'sans-serif' not found because none of the following families were found: Readex Pro
WARNING:matplotlib.font_manager:findfont: Generic family 'sans-serif' not found because none of the following families were found: Readex Pro
WARNING:matplotlib.font_manager:findfont: Generic family 'sans-serif' not found because none of the following families were found: Readex Pro
WARNING:matplotlib.font_manager:findfont: Generic family 'sans-serif' not found because none of the following families were found: Readex Pro
WARNING:matplotlib.font_manager:findfont: Generic family 'sans-serif' not found because none of the following families were found: Readex Pro
WARNING:matplotlib.font_manager:findfont: Generic family 'sans-serif' not found because none of the following families were found: Readex Pro
WARNING:matplotlib.font_manager:findfont: Generic family 'sans-serif' not found because none of the following families were found: Readex Pro
WARNING:matplotlib.font_manager:findfont: Generic family 'sans-serif' not found because none of the following families were found: Readex Pro
WARNING:matplotlib.font_manager:findfont: Generic family 'sans-serif' not found because none of the following families were found: Readex Pro
WARNING:matplotlib.font_manager:findfont: Generic family 'sans-serif' not found because none of the following families were found: Readex Pro
WARNING:matplotlib.font_manager:findfont: Generic family 'sans-serif' not found because none of the following families were found: Readex Pro
WARNING:matplotlib.font_manager:findfont: Generic family 'sans-serif' not found because none of the following families were found: Readex Pro
WARNING:matplotlib.font_manager:findfont: Generic family 'sans-serif' not found because none of the following families were found: Readex Pro
WARNING:matplotlib.font_manager:findfont: Generic family 'sans-serif' not found because none of the following families were found: Readex Pro
WARNING:matplotlib.font_manager:findfont: Generic family 'sans-serif' not found because none of the following families were found: Readex Pro
WARNING:matplotlib.font_manager:findfont: Generic family 'sans-serif' not found because none of the following families were found: Readex Pro
WARNING:matplotlib.font_manager:findfont: Generic family 'sans-serif' not found because none of the following families were found: Readex Pro
WARNING:matplotlib.font_manager:findfont: Generic family 'sans-serif' not found because none of the following families were found: Readex Pro
WARNING:matplotlib.font_manager:findfont: Generic family 'sans-serif' not found because none of the following families were found: Readex Pro
WARNING:matplotlib.font_manager:findfont: Generic family 'sans-serif' not found because none of the following families were found: Readex Pro
WARNING:matplotlib.font_manager:findfont: Generic family 'sans-serif' not found because none of the following families were found: Readex Pro
WARNING:matplotlib.font_manager:findfont: Generic family 'sans-serif' not found because none of the following families were found: Readex Pro
WARNING:matplotlib.font_manager:findfont: Generic family 'sans-serif' not found because none of the following families were found: Readex Pro
WARNING:matplotlib.font_manager:findfont: Generic family 'sans-serif' not found because none of the following families were found: Readex Pro
WARNING:matplotlib.font_manager:findfont: Generic family 'sans-serif' not found because none of the following families were found: Readex Pro
WARNING:matplotlib.font_manager:findfont: Generic family 'sans-serif' not found because none of the following families were found: Readex Pro
WARNING:matplotlib.font_manager:findfont: Generic family 'sans-serif' not found because none of the following families were found: Readex Pro
WARNING:matplotlib.font_manager:findfont: Generic family 'sans-serif' not found because none of the following families were found: Readex Pro
WARNING:matplotlib.font_manager:findfont: Generic family 'sans-serif' not found because none of the following families were found: Readex Pro
WARNING:matplotlib.font_manager:findfont: Generic family 'sans-serif' not found because none of the following families were found: Readex Pro
WARNING:matplotlib.font_manager:findfont: Generic family 'sans-serif' not found because none of the following families were found: Readex Pro
WARNING:matplotlib.font_manager:findfont: Generic family 'sans-serif' not found because none of the following families were found: Readex Pro
WARNING:matplotlib.font_manager:findfont: Generic family 'sans-serif' not found because none of the following families were found: Readex Pro
WARNING:matplotlib.font_manager:findfont: Generic family 'sans-serif' not found because none of the following families were found: Readex Pro
WARNING:matplotlib.font_manager:findfont: Generic family 'sans-serif' not found because none of the following families were found: Readex Pro
WARNING:matplotlib.font_manager:findfont: Generic family 'sans-serif' not found because none of the following families were found: Readex Pro
WARNING:matplotlib.font_manager:findfont: Generic family 'sans-serif' not found because none of the following families were found: Readex Pro
WARNING:matplotlib.font_manager:findfont: Generic family 'sans-serif' not found because none of the following families were found: Readex Pro
WARNING:matplotlib.font_manager:findfont: Generic family 'sans-serif' not found because none of the following families were found: Readex Pro
WARNING:matplotlib.font_manager:findfont: Generic family 'sans-serif' not found because none of the following families were found: Readex Pro
WARNING:matplotlib.font_manager:findfont: Generic family 'sans-serif' not found because none of the following families were found: Readex Pro
WARNING:matplotlib.font_manager:findfont: Generic family 'sans-serif' not found because none of the following families were found: Readex Pro
WARNING:matplotlib.font_manager:findfont: Generic family 'sans-serif' not found because none of the following families were found: Readex Pro
WARNING:matplotlib.font_manager:findfont: Generic family 'sans-serif' not found because none of the following families were found: Readex Pro
WARNING:matplotlib.font_manager:findfont: Generic family 'sans-serif' not found because none of the following families were found: Readex Pro
WARNING:matplotlib.font_manager:findfont: Generic family 'sans-serif' not found because none of the following families were found: Readex Pro
WARNING:matplotlib.font_manager:findfont: Generic family 'sans-serif' not found because none of the following families were found: Readex Pro
WARNING:matplotlib.font_manager:findfont: Generic family 'sans-serif' not found because none of the following families were found: Readex Pro
[33mTotal time: 16:44:35[0m
[35mEverything done![0m
