2023-06-17 13:48:45.920523: I tensorflow/core/platform/cpu_feature_guard.cc:193] This TensorFlow binary is optimized with oneAPI Deep Neural Network Library (oneDNN) to use the following CPU instructions in performance-critical operations:  AVX2 FMA
To enable them in other operations, rebuild TensorFlow with the appropriate compiler flags.
2023-06-17 13:48:51.149233: W tensorflow/compiler/xla/stream_executor/platform/default/dso_loader.cc:64] Could not load dynamic library 'libnvinfer.so.7'; dlerror: libnvinfer.so.7: cannot open shared object file: No such file or directory
2023-06-17 13:48:51.149720: W tensorflow/compiler/xla/stream_executor/platform/default/dso_loader.cc:64] Could not load dynamic library 'libnvinfer_plugin.so.7'; dlerror: libnvinfer_plugin.so.7: cannot open shared object file: No such file or directory
2023-06-17 13:48:51.149740: W tensorflow/compiler/tf2tensorrt/utils/py_utils.cc:38] TF-TRT Warning: Cannot dlopen some TensorRT libraries. If you would like to use Nvidia GPU with TensorRT, please make sure the missing libraries mentioned above are installed properly.
Matplotlib created a temporary config/cache directory at /tmp/matplotlib-6yeo94n1 because the default path (/home/cristec/.config/matplotlib) is not a writable directory; it is highly recommended to set the MPLCONFIGDIR environment variable to a writable directory, in particular to speed up the import of Matplotlib and to better support multiprocessing.
[35mStarting script...[0m
2023-06-17 13:49:00.776760: I tensorflow/core/platform/cpu_feature_guard.cc:193] This TensorFlow binary is optimized with oneAPI Deep Neural Network Library (oneDNN) to use the following CPU instructions in performance-critical operations:  AVX2 FMA
To enable them in other operations, rebuild TensorFlow with the appropriate compiler flags.
2023-06-17 13:49:03.081310: I tensorflow/core/common_runtime/gpu/gpu_device.cc:1613] Created device /job:localhost/replica:0/task:0/device:GPU:0 with 7425 MB memory:  -> device: 0, name: Quadro M4000, pci bus id: 0000:04:00.0, compute capability: 5.2
[32mLoading train dataset information...[0m
WARNING:tensorflow:From /shared_storage/cristec/conda/envs/ML/lib/python3.10/site-packages/tensorflow/python/autograph/pyct/static_analysis/liveness.py:83: Analyzer.lamba_check (from tensorflow.python.autograph.pyct.static_analysis.liveness) is deprecated and will be removed after 2023-09-23.
Instructions for updating:
Lambda fuctions will be no more assumed to be used in the statement where they are used, or at least in the same block. https://github.com/tensorflow/tensorflow/issues/56089
[32mLoading validation dataset information...[0m
[32mLoading test dataset information...[0m
[32mSaving model architecture text summary...[0m
[32mTraining model...[0m
[36m
Epoch 1/500
2023-06-17 13:49:23.229950: E tensorflow/core/grappler/optimizers/meta_optimizer.cc:954] layout failed: INVALID_ARGUMENT: Size of values 0 does not match size of permutation 4 @ fanin shape inmodel_1/unet_down_0/u_net2d_convolution_block/dropout/dropout/SelectV2-2-TransposeNHWCToNCHW-LayoutOptimizer
2023-06-17 13:49:25.784621: I tensorflow/compiler/xla/stream_executor/cuda/cuda_dnn.cc:428] Loaded cuDNN version 8101
2023-06-17 13:49:26.638933: I tensorflow/tsl/platform/default/subprocess.cc:304] Start cannot spawn child process: No such file or directory
2023-06-17 13:49:28.381040: I tensorflow/compiler/xla/service/service.cc:173] XLA service 0x7fb16801b390 initialized for platform CUDA (this does not guarantee that XLA will be used). Devices:
2023-06-17 13:49:28.381070: I tensorflow/compiler/xla/service/service.cc:181]   StreamExecutor device (0): Quadro M4000, Compute Capability 5.2
2023-06-17 13:49:28.463869: I tensorflow/compiler/mlir/tensorflow/utils/dump_mlir_util.cc:268] disabling MLIR crash reproducer, set env var `MLIR_CRASH_REPRODUCER_DIRECTORY` to enable.
2023-06-17 13:49:29.204121: I tensorflow/tsl/platform/default/subprocess.cc:304] Start cannot spawn child process: No such file or directory
2023-06-17 13:49:29.279592: I tensorflow/compiler/jit/xla_compilation_cache.cc:477] Compiled cluster using XLA!  This line is logged at most once for the lifetime of the process.

Epoch 1: val_loss improved from inf to 0.08316, saving model to models/unet_mae_25-30
WARNING:absl:Found untraced functions such as _jit_compiled_convolution_op, conv2d_layer_call_fn, conv2d_layer_call_and_return_conditional_losses, _jit_compiled_convolution_op, leaky_re_lu_layer_call_fn while saving (showing 5 of 241). These functions will not be directly callable after loading.
2500/2500 - 1467s - loss: 0.1057 - psnr: 17.5459 - ssim: 0.3382 - val_loss: 0.0832 - val_psnr: 19.0224 - val_ssim: 0.5748 - lr: 0.0100 - 1467s/epoch - 587ms/step
Epoch 2/500

Epoch 2: val_loss did not improve from 0.08316
2500/2500 - 678s - loss: 0.0847 - psnr: 19.0576 - ssim: 0.4241 - val_loss: 0.1505 - val_psnr: 12.9005 - val_ssim: 0.5320 - lr: 0.0100 - 678s/epoch - 271ms/step
Epoch 3/500

Epoch 3: val_loss did not improve from 0.08316
2500/2500 - 678s - loss: 0.0794 - psnr: 19.4794 - ssim: 0.4347 - val_loss: 0.0931 - val_psnr: 17.6653 - val_ssim: 0.5407 - lr: 0.0100 - 678s/epoch - 271ms/step
Epoch 4/500

Epoch 4: val_loss did not improve from 0.08316
2500/2500 - 678s - loss: 0.0766 - psnr: 19.7007 - ssim: 0.4427 - val_loss: 0.0885 - val_psnr: 17.8896 - val_ssim: 0.5907 - lr: 0.0100 - 678s/epoch - 271ms/step
Epoch 5/500

Epoch 5: val_loss did not improve from 0.08316
2500/2500 - 678s - loss: 0.0745 - psnr: 19.8958 - ssim: 0.4493 - val_loss: 0.0860 - val_psnr: 18.6529 - val_ssim: 0.5916 - lr: 0.0100 - 678s/epoch - 271ms/step
Epoch 6/500

Epoch 6: val_loss did not improve from 0.08316
2500/2500 - 678s - loss: 0.0734 - psnr: 20.0057 - ssim: 0.4537 - val_loss: 0.1068 - val_psnr: 15.5440 - val_ssim: 0.5814 - lr: 0.0100 - 678s/epoch - 271ms/step
Epoch 7/500

Epoch 7: val_loss did not improve from 0.08316
2500/2500 - 678s - loss: 0.0718 - psnr: 20.1267 - ssim: 0.4604 - val_loss: 0.0922 - val_psnr: 18.1080 - val_ssim: 0.5791 - lr: 0.0100 - 678s/epoch - 271ms/step
Epoch 8/500

Epoch 8: val_loss improved from 0.08316 to 0.07427, saving model to models/unet_mae_25-30
WARNING:absl:Found untraced functions such as _jit_compiled_convolution_op, conv2d_layer_call_fn, conv2d_layer_call_and_return_conditional_losses, _jit_compiled_convolution_op, leaky_re_lu_layer_call_fn while saving (showing 5 of 241). These functions will not be directly callable after loading.
2500/2500 - 699s - loss: 0.0708 - psnr: 20.2215 - ssim: 0.4651 - val_loss: 0.0743 - val_psnr: 20.0421 - val_ssim: 0.6183 - lr: 0.0100 - 699s/epoch - 280ms/step
Epoch 9/500

Epoch 9: val_loss did not improve from 0.07427
2500/2500 - 678s - loss: 0.0700 - psnr: 20.2814 - ssim: 0.4681 - val_loss: 0.0862 - val_psnr: 18.6110 - val_ssim: 0.5876 - lr: 0.0100 - 678s/epoch - 271ms/step
Epoch 10/500

Epoch 10: val_loss did not improve from 0.07427
2500/2500 - 678s - loss: 0.0690 - psnr: 20.3560 - ssim: 0.4716 - val_loss: 0.1074 - val_psnr: 16.2018 - val_ssim: 0.5502 - lr: 0.0100 - 678s/epoch - 271ms/step
Epoch 11/500

Epoch 11: val_loss did not improve from 0.07427
2500/2500 - 678s - loss: 0.0683 - psnr: 20.4349 - ssim: 0.4745 - val_loss: 0.0782 - val_psnr: 18.8451 - val_ssim: 0.6114 - lr: 0.0100 - 678s/epoch - 271ms/step
Epoch 12/500

Epoch 12: val_loss improved from 0.07427 to 0.06819, saving model to models/unet_mae_25-30
WARNING:absl:Found untraced functions such as _jit_compiled_convolution_op, conv2d_layer_call_fn, conv2d_layer_call_and_return_conditional_losses, _jit_compiled_convolution_op, leaky_re_lu_layer_call_fn while saving (showing 5 of 241). These functions will not be directly callable after loading.
2500/2500 - 699s - loss: 0.0674 - psnr: 20.4977 - ssim: 0.4780 - val_loss: 0.0682 - val_psnr: 20.5255 - val_ssim: 0.6312 - lr: 0.0100 - 699s/epoch - 280ms/step
Epoch 13/500

Epoch 13: val_loss improved from 0.06819 to 0.06351, saving model to models/unet_mae_25-30
WARNING:absl:Found untraced functions such as _jit_compiled_convolution_op, conv2d_layer_call_fn, conv2d_layer_call_and_return_conditional_losses, _jit_compiled_convolution_op, leaky_re_lu_layer_call_fn while saving (showing 5 of 241). These functions will not be directly callable after loading.
2500/2500 - 700s - loss: 0.0668 - psnr: 20.5423 - ssim: 0.4810 - val_loss: 0.0635 - val_psnr: 20.9752 - val_ssim: 0.6354 - lr: 0.0100 - 700s/epoch - 280ms/step
Epoch 14/500

Epoch 14: val_loss did not improve from 0.06351
2500/2500 - 679s - loss: 0.0662 - psnr: 20.5919 - ssim: 0.4839 - val_loss: 0.0645 - val_psnr: 20.8951 - val_ssim: 0.6296 - lr: 0.0100 - 679s/epoch - 271ms/step
Epoch 15/500

Epoch 15: val_loss did not improve from 0.06351
2500/2500 - 678s - loss: 0.0660 - psnr: 20.6343 - ssim: 0.4854 - val_loss: 0.0852 - val_psnr: 18.3033 - val_ssim: 0.6083 - lr: 0.0100 - 678s/epoch - 271ms/step
Epoch 16/500

Epoch 16: val_loss did not improve from 0.06351
2500/2500 - 678s - loss: 0.0656 - psnr: 20.6629 - ssim: 0.4876 - val_loss: 0.0924 - val_psnr: 17.5244 - val_ssim: 0.5837 - lr: 0.0100 - 678s/epoch - 271ms/step
Epoch 17/500

Epoch 17: val_loss did not improve from 0.06351
2500/2500 - 679s - loss: 0.0651 - psnr: 20.7110 - ssim: 0.4903 - val_loss: 0.0902 - val_psnr: 18.4013 - val_ssim: 0.5930 - lr: 0.0100 - 679s/epoch - 271ms/step
Epoch 18/500

Epoch 18: val_loss did not improve from 0.06351
2500/2500 - 679s - loss: 0.0648 - psnr: 20.7509 - ssim: 0.4927 - val_loss: 0.0718 - val_psnr: 19.9994 - val_ssim: 0.6081 - lr: 0.0100 - 679s/epoch - 271ms/step
Epoch 19/500

Epoch 19: val_loss did not improve from 0.06351
2500/2500 - 679s - loss: 0.0644 - psnr: 20.7809 - ssim: 0.4944 - val_loss: 0.0635 - val_psnr: 21.1534 - val_ssim: 0.6379 - lr: 0.0100 - 679s/epoch - 271ms/step
Epoch 20/500

Epoch 20: val_loss did not improve from 0.06351
2500/2500 - 678s - loss: 0.0644 - psnr: 20.7927 - ssim: 0.4951 - val_loss: 0.0862 - val_psnr: 18.9348 - val_ssim: 0.5987 - lr: 0.0100 - 678s/epoch - 271ms/step
Epoch 21/500

Epoch 21: val_loss did not improve from 0.06351
2500/2500 - 679s - loss: 0.0642 - psnr: 20.8118 - ssim: 0.4962 - val_loss: 0.0800 - val_psnr: 18.7494 - val_ssim: 0.6102 - lr: 0.0100 - 679s/epoch - 271ms/step
Epoch 22/500

Epoch 22: val_loss did not improve from 0.06351
2500/2500 - 678s - loss: 0.0641 - psnr: 20.8504 - ssim: 0.4973 - val_loss: 0.0637 - val_psnr: 21.2624 - val_ssim: 0.6364 - lr: 0.0100 - 678s/epoch - 271ms/step
Epoch 23/500

Epoch 23: val_loss did not improve from 0.06351
2500/2500 - 678s - loss: 0.0638 - psnr: 20.8927 - ssim: 0.4987 - val_loss: 0.0782 - val_psnr: 19.3714 - val_ssim: 0.6208 - lr: 0.0100 - 678s/epoch - 271ms/step
Epoch 24/500

Epoch 24: val_loss did not improve from 0.06351
2500/2500 - 679s - loss: 0.0636 - psnr: 20.8976 - ssim: 0.4997 - val_loss: 0.0647 - val_psnr: 21.2929 - val_ssim: 0.6344 - lr: 0.0100 - 679s/epoch - 271ms/step
Epoch 25/500

Epoch 25: val_loss did not improve from 0.06351
2500/2500 - 678s - loss: 0.0633 - psnr: 20.9435 - ssim: 0.5012 - val_loss: 0.0658 - val_psnr: 21.2428 - val_ssim: 0.6333 - lr: 0.0100 - 678s/epoch - 271ms/step
Epoch 26/500

Epoch 26: val_loss did not improve from 0.06351
2500/2500 - 678s - loss: 0.0639 - psnr: 20.8844 - ssim: 0.4984 - val_loss: 0.0638 - val_psnr: 21.3866 - val_ssim: 0.6356 - lr: 0.0100 - 678s/epoch - 271ms/step
Epoch 27/500

Epoch 27: val_loss did not improve from 0.06351
2500/2500 - 678s - loss: 0.0631 - psnr: 20.9631 - ssim: 0.5027 - val_loss: 0.0761 - val_psnr: 19.7551 - val_ssim: 0.6245 - lr: 0.0100 - 678s/epoch - 271ms/step
Epoch 28/500

Epoch 28: val_loss improved from 0.06351 to 0.06340, saving model to models/unet_mae_25-30
WARNING:absl:Found untraced functions such as _jit_compiled_convolution_op, conv2d_layer_call_fn, conv2d_layer_call_and_return_conditional_losses, _jit_compiled_convolution_op, leaky_re_lu_layer_call_fn while saving (showing 5 of 241). These functions will not be directly callable after loading.
2500/2500 - 699s - loss: 0.0630 - psnr: 20.9534 - ssim: 0.5036 - val_loss: 0.0634 - val_psnr: 21.5540 - val_ssim: 0.6362 - lr: 0.0100 - 699s/epoch - 280ms/step
Epoch 29/500

Epoch 29: val_loss did not improve from 0.06340
2500/2500 - 678s - loss: 0.0630 - psnr: 20.9462 - ssim: 0.5040 - val_loss: 0.0679 - val_psnr: 21.0821 - val_ssim: 0.6314 - lr: 0.0100 - 678s/epoch - 271ms/step
Epoch 30/500

Epoch 30: val_loss did not improve from 0.06340
2500/2500 - 678s - loss: 0.0628 - psnr: 20.9910 - ssim: 0.5052 - val_loss: 0.0656 - val_psnr: 21.1990 - val_ssim: 0.6338 - lr: 0.0100 - 678s/epoch - 271ms/step
Epoch 31/500

Epoch 31: val_loss did not improve from 0.06340
2500/2500 - 678s - loss: 0.0627 - psnr: 21.0003 - ssim: 0.5060 - val_loss: 0.0638 - val_psnr: 21.2207 - val_ssim: 0.6406 - lr: 0.0100 - 678s/epoch - 271ms/step
Epoch 32/500

Epoch 32: val_loss did not improve from 0.06340
2500/2500 - 678s - loss: 0.0631 - psnr: 20.9590 - ssim: 0.5044 - val_loss: 3.7077 - val_psnr: -9.9854e+00 - val_ssim: 0.1565 - lr: 0.0100 - 678s/epoch - 271ms/step
Epoch 33/500

Epoch 33: ReduceLROnPlateau reducing learning rate to 0.0019999999552965165.

Epoch 33: val_loss did not improve from 0.06340
2500/2500 - 679s - loss: 0.0626 - psnr: 21.0085 - ssim: 0.5065 - val_loss: 0.0659 - val_psnr: 21.1564 - val_ssim: 0.6404 - lr: 0.0100 - 679s/epoch - 271ms/step
Epoch 34/500

Epoch 34: val_loss did not improve from 0.06340
2500/2500 - 678s - loss: 0.0610 - psnr: 21.1596 - ssim: 0.5114 - val_loss: 0.0670 - val_psnr: 21.1955 - val_ssim: 0.6339 - lr: 0.0020 - 678s/epoch - 271ms/step
Epoch 35/500

Epoch 35: val_loss did not improve from 0.06340
2500/2500 - 678s - loss: 0.0609 - psnr: 21.1744 - ssim: 0.5120 - val_loss: 0.0661 - val_psnr: 21.3521 - val_ssim: 0.6348 - lr: 0.0020 - 678s/epoch - 271ms/step
Epoch 36/500

Epoch 36: val_loss did not improve from 0.06340
2500/2500 - 678s - loss: 0.0609 - psnr: 21.1774 - ssim: 0.5121 - val_loss: 0.0672 - val_psnr: 21.2403 - val_ssim: 0.6338 - lr: 0.0020 - 678s/epoch - 271ms/step
Epoch 37/500

Epoch 37: val_loss did not improve from 0.06340
2500/2500 - 678s - loss: 0.0608 - psnr: 21.1885 - ssim: 0.5125 - val_loss: 0.0688 - val_psnr: 21.0981 - val_ssim: 0.6313 - lr: 0.0020 - 678s/epoch - 271ms/step
Epoch 38/500

Epoch 38: val_loss did not improve from 0.06340
2500/2500 - 678s - loss: 0.0609 - psnr: 21.1615 - ssim: 0.5124 - val_loss: 0.0687 - val_psnr: 21.1033 - val_ssim: 0.6292 - lr: 0.0020 - 678s/epoch - 271ms/step
Epoch 39/500

Epoch 39: val_loss did not improve from 0.06340
2500/2500 - 679s - loss: 0.0607 - psnr: 21.1696 - ssim: 0.5128 - val_loss: 0.0682 - val_psnr: 21.1629 - val_ssim: 0.6328 - lr: 0.0020 - 679s/epoch - 271ms/step
Epoch 40/500

Epoch 40: val_loss did not improve from 0.06340
2500/2500 - 678s - loss: 0.0608 - psnr: 21.1916 - ssim: 0.5129 - val_loss: 0.0719 - val_psnr: 20.8431 - val_ssim: 0.6264 - lr: 0.0020 - 678s/epoch - 271ms/step
Epoch 41/500

Epoch 41: val_loss did not improve from 0.06340
2500/2500 - 678s - loss: 0.0607 - psnr: 21.2085 - ssim: 0.5135 - val_loss: 0.0672 - val_psnr: 21.2508 - val_ssim: 0.6361 - lr: 0.0020 - 678s/epoch - 271ms/step
Epoch 42/500

Epoch 42: val_loss did not improve from 0.06340
2500/2500 - 678s - loss: 0.0606 - psnr: 21.2308 - ssim: 0.5137 - val_loss: 0.0684 - val_psnr: 21.1640 - val_ssim: 0.6330 - lr: 0.0020 - 678s/epoch - 271ms/step
Epoch 43/500

Epoch 43: val_loss did not improve from 0.06340
2500/2500 - 678s - loss: 0.0606 - psnr: 21.2427 - ssim: 0.5139 - val_loss: 0.0688 - val_psnr: 21.1096 - val_ssim: 0.6331 - lr: 0.0020 - 678s/epoch - 271ms/step
Epoch 44/500

Epoch 44: val_loss did not improve from 0.06340
2500/2500 - 678s - loss: 0.0606 - psnr: 21.2472 - ssim: 0.5140 - val_loss: 0.0669 - val_psnr: 21.2628 - val_ssim: 0.6339 - lr: 0.0020 - 678s/epoch - 271ms/step
Epoch 45/500

Epoch 45: val_loss did not improve from 0.06340
2500/2500 - 678s - loss: 0.0606 - psnr: 21.2210 - ssim: 0.5140 - val_loss: 0.0666 - val_psnr: 21.3231 - val_ssim: 0.6361 - lr: 0.0020 - 678s/epoch - 271ms/step
Epoch 46/500

Epoch 46: val_loss did not improve from 0.06340
2500/2500 - 678s - loss: 0.0606 - psnr: 21.2109 - ssim: 0.5138 - val_loss: 0.0697 - val_psnr: 20.9938 - val_ssim: 0.6291 - lr: 0.0020 - 678s/epoch - 271ms/step
Epoch 47/500

Epoch 47: val_loss did not improve from 0.06340
2500/2500 - 678s - loss: 0.0606 - psnr: 21.2099 - ssim: 0.5140 - val_loss: 0.0683 - val_psnr: 21.1220 - val_ssim: 0.6324 - lr: 0.0020 - 678s/epoch - 271ms/step
Epoch 48/500

Epoch 48: val_loss did not improve from 0.06340
2500/2500 - 678s - loss: 0.0605 - psnr: 21.2287 - ssim: 0.5145 - val_loss: 0.0668 - val_psnr: 21.2759 - val_ssim: 0.6348 - lr: 0.0020 - 678s/epoch - 271ms/step
Epoch 49/500

Epoch 49: val_loss did not improve from 0.06340
2500/2500 - 678s - loss: 0.0604 - psnr: 21.2394 - ssim: 0.5148 - val_loss: 0.0690 - val_psnr: 20.9960 - val_ssim: 0.6342 - lr: 0.0020 - 678s/epoch - 271ms/step
Epoch 50/500

Epoch 50: val_loss did not improve from 0.06340
2500/2500 - 678s - loss: 0.0604 - psnr: 21.2522 - ssim: 0.5149 - val_loss: 0.0705 - val_psnr: 20.9532 - val_ssim: 0.6300 - lr: 0.0020 - 678s/epoch - 271ms/step
Epoch 51/500

Epoch 51: val_loss did not improve from 0.06340
2500/2500 - 678s - loss: 0.0604 - psnr: 21.2476 - ssim: 0.5151 - val_loss: 0.0692 - val_psnr: 21.0828 - val_ssim: 0.6300 - lr: 0.0020 - 678s/epoch - 271ms/step
Epoch 52/500

Epoch 52: val_loss did not improve from 0.06340
2500/2500 - 678s - loss: 0.0604 - psnr: 21.2365 - ssim: 0.5150 - val_loss: 0.0702 - val_psnr: 21.0386 - val_ssim: 0.6300 - lr: 0.0020 - 678s/epoch - 271ms/step
Epoch 53/500

Epoch 53: val_loss did not improve from 0.06340
2500/2500 - 678s - loss: 0.0603 - psnr: 21.2369 - ssim: 0.5152 - val_loss: 0.0702 - val_psnr: 21.0017 - val_ssim: 0.6298 - lr: 0.0020 - 678s/epoch - 271ms/step
Epoch 54/500

Epoch 54: val_loss did not improve from 0.06340
2500/2500 - 678s - loss: 0.0603 - psnr: 21.2442 - ssim: 0.5155 - val_loss: 0.0704 - val_psnr: 20.9592 - val_ssim: 0.6306 - lr: 0.0020 - 678s/epoch - 271ms/step
Epoch 55/500

Epoch 55: val_loss did not improve from 0.06340
2500/2500 - 678s - loss: 0.0603 - psnr: 21.2423 - ssim: 0.5155 - val_loss: 0.0690 - val_psnr: 21.1275 - val_ssim: 0.6303 - lr: 0.0020 - 678s/epoch - 271ms/step
Epoch 56/500

Epoch 56: val_loss did not improve from 0.06340
2500/2500 - 678s - loss: 0.0604 - psnr: 21.2271 - ssim: 0.5153 - val_loss: 0.0697 - val_psnr: 21.0362 - val_ssim: 0.6275 - lr: 0.0020 - 678s/epoch - 271ms/step
Epoch 57/500

Epoch 57: ReduceLROnPlateau reducing learning rate to 0.0003999999724328518.

Epoch 57: val_loss did not improve from 0.06340
2500/2500 - 678s - loss: 0.0603 - psnr: 21.2418 - ssim: 0.5158 - val_loss: 0.0687 - val_psnr: 21.1161 - val_ssim: 0.6314 - lr: 0.0020 - 678s/epoch - 271ms/step
Epoch 58/500

Epoch 58: val_loss did not improve from 0.06340
2500/2500 - 678s - loss: 0.0599 - psnr: 21.2737 - ssim: 0.5168 - val_loss: 0.0654 - val_psnr: 21.4243 - val_ssim: 0.6355 - lr: 4.0000e-04 - 678s/epoch - 271ms/step
Epoch 59/500

Epoch 59: val_loss did not improve from 0.06340
2500/2500 - 678s - loss: 0.0599 - psnr: 21.2783 - ssim: 0.5168 - val_loss: 0.0652 - val_psnr: 21.4326 - val_ssim: 0.6358 - lr: 4.0000e-04 - 678s/epoch - 271ms/step
Epoch 60/500

Epoch 60: val_loss did not improve from 0.06340
2500/2500 - 678s - loss: 0.0599 - psnr: 21.2813 - ssim: 0.5169 - val_loss: 0.0655 - val_psnr: 21.4230 - val_ssim: 0.6354 - lr: 4.0000e-04 - 678s/epoch - 271ms/step
Epoch 61/500

Epoch 61: val_loss did not improve from 0.06340
2500/2500 - 678s - loss: 0.0599 - psnr: 21.2838 - ssim: 0.5169 - val_loss: 0.0657 - val_psnr: 21.4019 - val_ssim: 0.6345 - lr: 4.0000e-04 - 678s/epoch - 271ms/step
Epoch 62/500

Epoch 62: val_loss did not improve from 0.06340
2500/2500 - 678s - loss: 0.0599 - psnr: 21.2818 - ssim: 0.5169 - val_loss: 0.0650 - val_psnr: 21.4578 - val_ssim: 0.6359 - lr: 4.0000e-04 - 678s/epoch - 271ms/step
Epoch 63/500

Epoch 63: val_loss did not improve from 0.06340
2500/2500 - 679s - loss: 0.0599 - psnr: 21.2829 - ssim: 0.5170 - val_loss: 0.0653 - val_psnr: 21.4402 - val_ssim: 0.6350 - lr: 4.0000e-04 - 679s/epoch - 271ms/step
Epoch 64/500

Epoch 64: val_loss did not improve from 0.06340
2500/2500 - 678s - loss: 0.0598 - psnr: 21.2815 - ssim: 0.5170 - val_loss: 0.0653 - val_psnr: 21.4341 - val_ssim: 0.6358 - lr: 4.0000e-04 - 678s/epoch - 271ms/step
Epoch 65/500

Epoch 65: val_loss did not improve from 0.06340
2500/2500 - 678s - loss: 0.0598 - psnr: 21.2847 - ssim: 0.5171 - val_loss: 0.0658 - val_psnr: 21.4019 - val_ssim: 0.6348 - lr: 4.0000e-04 - 678s/epoch - 271ms/step
Epoch 66/500

Epoch 66: val_loss did not improve from 0.06340
2500/2500 - 678s - loss: 0.0598 - psnr: 21.2867 - ssim: 0.5171 - val_loss: 0.0661 - val_psnr: 21.3887 - val_ssim: 0.6341 - lr: 4.0000e-04 - 678s/epoch - 271ms/step
Epoch 67/500

Epoch 67: val_loss did not improve from 0.06340
2500/2500 - 678s - loss: 0.0598 - psnr: 21.2869 - ssim: 0.5171 - val_loss: 0.0656 - val_psnr: 21.4118 - val_ssim: 0.6349 - lr: 4.0000e-04 - 678s/epoch - 271ms/step
Epoch 68/500

Epoch 68: val_loss did not improve from 0.06340
2500/2500 - 678s - loss: 0.0598 - psnr: 21.2859 - ssim: 0.5172 - val_loss: 0.0658 - val_psnr: 21.3998 - val_ssim: 0.6351 - lr: 4.0000e-04 - 678s/epoch - 271ms/step
Epoch 69/500

Epoch 69: val_loss did not improve from 0.06340
2500/2500 - 678s - loss: 0.0598 - psnr: 21.2902 - ssim: 0.5172 - val_loss: 0.0657 - val_psnr: 21.4110 - val_ssim: 0.6349 - lr: 4.0000e-04 - 678s/epoch - 271ms/step
Epoch 70/500

Epoch 70: val_loss did not improve from 0.06340
2500/2500 - 678s - loss: 0.0598 - psnr: 21.2953 - ssim: 0.5172 - val_loss: 0.0651 - val_psnr: 21.4493 - val_ssim: 0.6355 - lr: 4.0000e-04 - 678s/epoch - 271ms/step
Epoch 71/500

Epoch 71: val_loss did not improve from 0.06340
2500/2500 - 678s - loss: 0.0601 - psnr: 21.2596 - ssim: 0.5165 - val_loss: 0.0645 - val_psnr: 21.4275 - val_ssim: 0.6345 - lr: 4.0000e-04 - 678s/epoch - 271ms/step
Epoch 72/500

Epoch 72: val_loss did not improve from 0.06340
2500/2500 - 678s - loss: 0.0601 - psnr: 21.2350 - ssim: 0.5160 - val_loss: 0.0644 - val_psnr: 21.4833 - val_ssim: 0.6362 - lr: 4.0000e-04 - 678s/epoch - 271ms/step
Epoch 73/500

Epoch 73: val_loss did not improve from 0.06340
2500/2500 - 678s - loss: 0.0599 - psnr: 21.2585 - ssim: 0.5169 - val_loss: 0.0642 - val_psnr: 21.4894 - val_ssim: 0.6365 - lr: 4.0000e-04 - 678s/epoch - 271ms/step
Epoch 74/500

Epoch 74: val_loss did not improve from 0.06340
2500/2500 - 678s - loss: 0.0598 - psnr: 21.2686 - ssim: 0.5172 - val_loss: 0.0645 - val_psnr: 21.4776 - val_ssim: 0.6361 - lr: 4.0000e-04 - 678s/epoch - 271ms/step
Epoch 75/500

Epoch 75: val_loss did not improve from 0.06340
2500/2500 - 678s - loss: 0.0598 - psnr: 21.2744 - ssim: 0.5173 - val_loss: 0.0645 - val_psnr: 21.4796 - val_ssim: 0.6361 - lr: 4.0000e-04 - 678s/epoch - 271ms/step
Epoch 76/500

Epoch 76: val_loss did not improve from 0.06340
2500/2500 - 678s - loss: 0.0598 - psnr: 21.2780 - ssim: 0.5174 - val_loss: 0.0647 - val_psnr: 21.4585 - val_ssim: 0.6363 - lr: 4.0000e-04 - 678s/epoch - 271ms/step
Epoch 77/500

Epoch 77: val_loss did not improve from 0.06340
2500/2500 - 678s - loss: 0.0598 - psnr: 21.2797 - ssim: 0.5174 - val_loss: 0.0650 - val_psnr: 21.4302 - val_ssim: 0.6357 - lr: 4.0000e-04 - 678s/epoch - 271ms/step
Epoch 78/500
Restoring model weights from the end of the best epoch: 28.

Epoch 78: val_loss did not improve from 0.06340
2500/2500 - 678s - loss: 0.0598 - psnr: 21.2861 - ssim: 0.5174 - val_loss: 0.0644 - val_psnr: 21.4896 - val_ssim: 0.6364 - lr: 4.0000e-04 - 678s/epoch - 271ms/step
Epoch 78: early stopping
[0m
[32mSaving model training history...[0m
[32mEvaluating model...[0m
[36m
626/626 - 194s - loss: 0.0635 - psnr: 21.5426 - ssim: 0.6360 - 194s/epoch - 309ms/step
[0m
[32mSaving model evaluation...[0m
[32mGenerating training graphs...[0m
WARNING:matplotlib.font_manager:findfont: Generic family 'sans-serif' not found because none of the following families were found: Readex Pro
WARNING:matplotlib.font_manager:findfont: Generic family 'sans-serif' not found because none of the following families were found: Readex Pro
WARNING:matplotlib.font_manager:findfont: Generic family 'sans-serif' not found because none of the following families were found: Readex Pro
WARNING:matplotlib.font_manager:findfont: Generic family 'sans-serif' not found because none of the following families were found: Readex Pro
WARNING:matplotlib.font_manager:findfont: Generic family 'sans-serif' not found because none of the following families were found: Readex Pro
WARNING:matplotlib.font_manager:findfont: Generic family 'sans-serif' not found because none of the following families were found: Readex Pro
WARNING:matplotlib.font_manager:findfont: Generic family 'sans-serif' not found because none of the following families were found: Readex Pro
WARNING:matplotlib.font_manager:findfont: Generic family 'sans-serif' not found because none of the following families were found: Readex Pro
WARNING:matplotlib.font_manager:findfont: Generic family 'sans-serif' not found because none of the following families were found: Readex Pro
WARNING:matplotlib.font_manager:findfont: Generic family 'sans-serif' not found because none of the following families were found: Readex Pro
WARNING:matplotlib.font_manager:findfont: Generic family 'sans-serif' not found because none of the following families were found: Readex Pro
WARNING:matplotlib.font_manager:findfont: Generic family 'sans-serif' not found because none of the following families were found: Readex Pro
WARNING:matplotlib.font_manager:findfont: Generic family 'sans-serif' not found because none of the following families were found: Readex Pro
WARNING:matplotlib.font_manager:findfont: Generic family 'sans-serif' not found because none of the following families were found: Readex Pro
WARNING:matplotlib.font_manager:findfont: Generic family 'sans-serif' not found because none of the following families were found: Readex Pro
WARNING:matplotlib.font_manager:findfont: Generic family 'sans-serif' not found because none of the following families were found: Readex Pro
WARNING:matplotlib.font_manager:findfont: Generic family 'sans-serif' not found because none of the following families were found: Readex Pro
WARNING:matplotlib.font_manager:findfont: Generic family 'sans-serif' not found because none of the following families were found: Readex Pro
WARNING:matplotlib.font_manager:findfont: Generic family 'sans-serif' not found because none of the following families were found: Readex Pro
WARNING:matplotlib.font_manager:findfont: Generic family 'sans-serif' not found because none of the following families were found: Readex Pro
WARNING:matplotlib.font_manager:findfont: Generic family 'sans-serif' not found because none of the following families were found: Readex Pro
WARNING:matplotlib.font_manager:findfont: Generic family 'sans-serif' not found because none of the following families were found: Readex Pro
WARNING:matplotlib.font_manager:findfont: Generic family 'sans-serif' not found because none of the following families were found: Readex Pro
WARNING:matplotlib.font_manager:findfont: Generic family 'sans-serif' not found because none of the following families were found: Readex Pro
WARNING:matplotlib.font_manager:findfont: Generic family 'sans-serif' not found because none of the following families were found: Readex Pro
WARNING:matplotlib.font_manager:findfont: Generic family 'sans-serif' not found because none of the following families were found: Readex Pro
WARNING:matplotlib.font_manager:findfont: Generic family 'sans-serif' not found because none of the following families were found: Readex Pro
WARNING:matplotlib.font_manager:findfont: Generic family 'sans-serif' not found because none of the following families were found: Readex Pro
WARNING:matplotlib.font_manager:findfont: Generic family 'sans-serif' not found because none of the following families were found: Readex Pro
WARNING:matplotlib.font_manager:findfont: Generic family 'sans-serif' not found because none of the following families were found: Readex Pro
WARNING:matplotlib.font_manager:findfont: Generic family 'sans-serif' not found because none of the following families were found: Readex Pro
WARNING:matplotlib.font_manager:findfont: Generic family 'sans-serif' not found because none of the following families were found: Readex Pro
WARNING:matplotlib.font_manager:findfont: Generic family 'sans-serif' not found because none of the following families were found: Readex Pro
WARNING:matplotlib.font_manager:findfont: Generic family 'sans-serif' not found because none of the following families were found: Readex Pro
WARNING:matplotlib.font_manager:findfont: Generic family 'sans-serif' not found because none of the following families were found: Readex Pro
WARNING:matplotlib.font_manager:findfont: Generic family 'sans-serif' not found because none of the following families were found: Readex Pro
WARNING:matplotlib.font_manager:findfont: Generic family 'sans-serif' not found because none of the following families were found: Readex Pro
WARNING:matplotlib.font_manager:findfont: Generic family 'sans-serif' not found because none of the following families were found: Readex Pro
WARNING:matplotlib.font_manager:findfont: Generic family 'sans-serif' not found because none of the following families were found: Readex Pro
WARNING:matplotlib.font_manager:findfont: Generic family 'sans-serif' not found because none of the following families were found: Readex Pro
WARNING:matplotlib.font_manager:findfont: Generic family 'sans-serif' not found because none of the following families were found: Readex Pro
WARNING:matplotlib.font_manager:findfont: Generic family 'sans-serif' not found because none of the following families were found: Readex Pro
WARNING:matplotlib.font_manager:findfont: Generic family 'sans-serif' not found because none of the following families were found: Readex Pro
WARNING:matplotlib.font_manager:findfont: Generic family 'sans-serif' not found because none of the following families were found: Readex Pro
WARNING:matplotlib.font_manager:findfont: Generic family 'sans-serif' not found because none of the following families were found: Readex Pro
WARNING:matplotlib.font_manager:findfont: Generic family 'sans-serif' not found because none of the following families were found: Readex Pro
WARNING:matplotlib.font_manager:findfont: Generic family 'sans-serif' not found because none of the following families were found: Readex Pro
WARNING:matplotlib.font_manager:findfont: Generic family 'sans-serif' not found because none of the following families were found: Readex Pro
WARNING:matplotlib.font_manager:findfont: Generic family 'sans-serif' not found because none of the following families were found: Readex Pro
WARNING:matplotlib.font_manager:findfont: Generic family 'sans-serif' not found because none of the following families were found: Readex Pro
WARNING:matplotlib.font_manager:findfont: Generic family 'sans-serif' not found because none of the following families were found: Readex Pro
WARNING:matplotlib.font_manager:findfont: Generic family 'sans-serif' not found because none of the following families were found: Readex Pro
WARNING:matplotlib.font_manager:findfont: Generic family 'sans-serif' not found because none of the following families were found: Readex Pro
WARNING:matplotlib.font_manager:findfont: Generic family 'sans-serif' not found because none of the following families were found: Readex Pro
WARNING:matplotlib.font_manager:findfont: Generic family 'sans-serif' not found because none of the following families were found: Readex Pro
WARNING:matplotlib.font_manager:findfont: Generic family 'sans-serif' not found because none of the following families were found: Readex Pro
WARNING:matplotlib.font_manager:findfont: Generic family 'sans-serif' not found because none of the following families were found: Readex Pro
WARNING:matplotlib.font_manager:findfont: Generic family 'sans-serif' not found because none of the following families were found: Readex Pro
WARNING:matplotlib.font_manager:findfont: Generic family 'sans-serif' not found because none of the following families were found: Readex Pro
WARNING:matplotlib.font_manager:findfont: Generic family 'sans-serif' not found because none of the following families were found: Readex Pro
WARNING:matplotlib.font_manager:findfont: Generic family 'sans-serif' not found because none of the following families were found: Readex Pro
WARNING:matplotlib.font_manager:findfont: Generic family 'sans-serif' not found because none of the following families were found: Readex Pro
WARNING:matplotlib.font_manager:findfont: Generic family 'sans-serif' not found because none of the following families were found: Readex Pro
WARNING:matplotlib.font_manager:findfont: Generic family 'sans-serif' not found because none of the following families were found: Readex Pro
WARNING:matplotlib.font_manager:findfont: Generic family 'sans-serif' not found because none of the following families were found: Readex Pro
WARNING:matplotlib.font_manager:findfont: Generic family 'sans-serif' not found because none of the following families were found: Readex Pro
WARNING:matplotlib.font_manager:findfont: Generic family 'sans-serif' not found because none of the following families were found: Readex Pro
WARNING:matplotlib.font_manager:findfont: Generic family 'sans-serif' not found because none of the following families were found: Readex Pro
WARNING:matplotlib.font_manager:findfont: Generic family 'sans-serif' not found because none of the following families were found: Readex Pro
WARNING:matplotlib.font_manager:findfont: Generic family 'sans-serif' not found because none of the following families were found: Readex Pro
WARNING:matplotlib.font_manager:findfont: Generic family 'sans-serif' not found because none of the following families were found: Readex Pro
WARNING:matplotlib.font_manager:findfont: Generic family 'sans-serif' not found because none of the following families were found: Readex Pro
WARNING:matplotlib.font_manager:findfont: Generic family 'sans-serif' not found because none of the following families were found: Readex Pro
WARNING:matplotlib.font_manager:findfont: Generic family 'sans-serif' not found because none of the following families were found: Readex Pro
WARNING:matplotlib.font_manager:findfont: Generic family 'sans-serif' not found because none of the following families were found: Readex Pro
WARNING:matplotlib.font_manager:findfont: Generic family 'sans-serif' not found because none of the following families were found: Readex Pro
WARNING:matplotlib.font_manager:findfont: Generic family 'sans-serif' not found because none of the following families were found: Readex Pro
WARNING:matplotlib.font_manager:findfont: Generic family 'sans-serif' not found because none of the following families were found: Readex Pro
WARNING:matplotlib.font_manager:findfont: Generic family 'sans-serif' not found because none of the following families were found: Readex Pro
WARNING:matplotlib.font_manager:findfont: Generic family 'sans-serif' not found because none of the following families were found: Readex Pro
WARNING:matplotlib.font_manager:findfont: Generic family 'sans-serif' not found because none of the following families were found: Readex Pro
WARNING:matplotlib.font_manager:findfont: Generic family 'sans-serif' not found because none of the following families were found: Readex Pro
WARNING:matplotlib.font_manager:findfont: Generic family 'sans-serif' not found because none of the following families were found: Readex Pro
WARNING:matplotlib.font_manager:findfont: Generic family 'sans-serif' not found because none of the following families were found: Readex Pro
WARNING:matplotlib.font_manager:findfont: Generic family 'sans-serif' not found because none of the following families were found: Readex Pro
WARNING:matplotlib.font_manager:findfont: Generic family 'sans-serif' not found because none of the following families were found: Readex Pro
WARNING:matplotlib.font_manager:findfont: Generic family 'sans-serif' not found because none of the following families were found: Readex Pro
WARNING:matplotlib.font_manager:findfont: Generic family 'sans-serif' not found because none of the following families were found: Readex Pro
WARNING:matplotlib.font_manager:findfont: Generic family 'sans-serif' not found because none of the following families were found: Readex Pro
WARNING:matplotlib.font_manager:findfont: Generic family 'sans-serif' not found because none of the following families were found: Readex Pro
WARNING:matplotlib.font_manager:findfont: Generic family 'sans-serif' not found because none of the following families were found: Readex Pro
WARNING:matplotlib.font_manager:findfont: Generic family 'sans-serif' not found because none of the following families were found: Readex Pro
WARNING:matplotlib.font_manager:findfont: Generic family 'sans-serif' not found because none of the following families were found: Readex Pro
WARNING:matplotlib.font_manager:findfont: Generic family 'sans-serif' not found because none of the following families were found: Readex Pro
WARNING:matplotlib.font_manager:findfont: Generic family 'sans-serif' not found because none of the following families were found: Readex Pro
WARNING:matplotlib.font_manager:findfont: Generic family 'sans-serif' not found because none of the following families were found: Readex Pro
WARNING:matplotlib.font_manager:findfont: Generic family 'sans-serif' not found because none of the following families were found: Readex Pro
WARNING:matplotlib.font_manager:findfont: Generic family 'sans-serif' not found because none of the following families were found: Readex Pro
WARNING:matplotlib.font_manager:findfont: Generic family 'sans-serif' not found because none of the following families were found: Readex Pro
WARNING:matplotlib.font_manager:findfont: Generic family 'sans-serif' not found because none of the following families were found: Readex Pro
WARNING:matplotlib.font_manager:findfont: Generic family 'sans-serif' not found because none of the following families were found: Readex Pro
WARNING:matplotlib.font_manager:findfont: Generic family 'sans-serif' not found because none of the following families were found: Readex Pro
WARNING:matplotlib.font_manager:findfont: Generic family 'sans-serif' not found because none of the following families were found: Readex Pro
WARNING:matplotlib.font_manager:findfont: Generic family 'sans-serif' not found because none of the following families were found: Readex Pro
WARNING:matplotlib.font_manager:findfont: Generic family 'sans-serif' not found because none of the following families were found: Readex Pro
WARNING:matplotlib.font_manager:findfont: Generic family 'sans-serif' not found because none of the following families were found: Readex Pro
WARNING:matplotlib.font_manager:findfont: Generic family 'sans-serif' not found because none of the following families were found: Readex Pro
WARNING:matplotlib.font_manager:findfont: Generic family 'sans-serif' not found because none of the following families were found: Readex Pro
WARNING:matplotlib.font_manager:findfont: Generic family 'sans-serif' not found because none of the following families were found: Readex Pro
WARNING:matplotlib.font_manager:findfont: Generic family 'sans-serif' not found because none of the following families were found: Readex Pro
WARNING:matplotlib.font_manager:findfont: Generic family 'sans-serif' not found because none of the following families were found: Readex Pro
WARNING:matplotlib.font_manager:findfont: Generic family 'sans-serif' not found because none of the following families were found: Readex Pro
WARNING:matplotlib.font_manager:findfont: Generic family 'sans-serif' not found because none of the following families were found: Readex Pro
WARNING:matplotlib.font_manager:findfont: Generic family 'sans-serif' not found because none of the following families were found: Readex Pro
WARNING:matplotlib.font_manager:findfont: Generic family 'sans-serif' not found because none of the following families were found: Readex Pro
WARNING:matplotlib.font_manager:findfont: Generic family 'sans-serif' not found because none of the following families were found: Readex Pro
WARNING:matplotlib.font_manager:findfont: Generic family 'sans-serif' not found because none of the following families were found: Readex Pro
WARNING:matplotlib.font_manager:findfont: Generic family 'sans-serif' not found because none of the following families were found: Readex Pro
WARNING:matplotlib.font_manager:findfont: Generic family 'sans-serif' not found because none of the following families were found: Readex Pro
WARNING:matplotlib.font_manager:findfont: Generic family 'sans-serif' not found because none of the following families were found: Readex Pro
WARNING:matplotlib.font_manager:findfont: Generic family 'sans-serif' not found because none of the following families were found: Readex Pro
WARNING:matplotlib.font_manager:findfont: Generic family 'sans-serif' not found because none of the following families were found: Readex Pro
WARNING:matplotlib.font_manager:findfont: Generic family 'sans-serif' not found because none of the following families were found: Readex Pro
WARNING:matplotlib.font_manager:findfont: Generic family 'sans-serif' not found because none of the following families were found: Readex Pro
WARNING:matplotlib.font_manager:findfont: Generic family 'sans-serif' not found because none of the following families were found: Readex Pro
WARNING:matplotlib.font_manager:findfont: Generic family 'sans-serif' not found because none of the following families were found: Readex Pro
WARNING:matplotlib.font_manager:findfont: Generic family 'sans-serif' not found because none of the following families were found: Readex Pro
WARNING:matplotlib.font_manager:findfont: Generic family 'sans-serif' not found because none of the following families were found: Readex Pro
WARNING:matplotlib.font_manager:findfont: Generic family 'sans-serif' not found because none of the following families were found: Readex Pro
WARNING:matplotlib.font_manager:findfont: Generic family 'sans-serif' not found because none of the following families were found: Readex Pro
WARNING:matplotlib.font_manager:findfont: Generic family 'sans-serif' not found because none of the following families were found: Readex Pro
WARNING:matplotlib.font_manager:findfont: Generic family 'sans-serif' not found because none of the following families were found: Readex Pro
WARNING:matplotlib.font_manager:findfont: Generic family 'sans-serif' not found because none of the following families were found: Readex Pro
WARNING:matplotlib.font_manager:findfont: Generic family 'sans-serif' not found because none of the following families were found: Readex Pro
WARNING:matplotlib.font_manager:findfont: Generic family 'sans-serif' not found because none of the following families were found: Readex Pro
WARNING:matplotlib.font_manager:findfont: Generic family 'sans-serif' not found because none of the following families were found: Readex Pro
WARNING:matplotlib.font_manager:findfont: Generic family 'sans-serif' not found because none of the following families were found: Readex Pro
WARNING:matplotlib.font_manager:findfont: Generic family 'sans-serif' not found because none of the following families were found: Readex Pro
WARNING:matplotlib.font_manager:findfont: Generic family 'sans-serif' not found because none of the following families were found: Readex Pro
WARNING:matplotlib.font_manager:findfont: Generic family 'sans-serif' not found because none of the following families were found: Readex Pro
WARNING:matplotlib.font_manager:findfont: Generic family 'sans-serif' not found because none of the following families were found: Readex Pro
WARNING:matplotlib.font_manager:findfont: Generic family 'sans-serif' not found because none of the following families were found: Readex Pro
WARNING:matplotlib.font_manager:findfont: Generic family 'sans-serif' not found because none of the following families were found: Readex Pro
WARNING:matplotlib.font_manager:findfont: Generic family 'sans-serif' not found because none of the following families were found: Readex Pro
WARNING:matplotlib.font_manager:findfont: Generic family 'sans-serif' not found because none of the following families were found: Readex Pro
WARNING:matplotlib.font_manager:findfont: Generic family 'sans-serif' not found because none of the following families were found: Readex Pro
WARNING:matplotlib.font_manager:findfont: Generic family 'sans-serif' not found because none of the following families were found: Readex Pro
WARNING:matplotlib.font_manager:findfont: Generic family 'sans-serif' not found because none of the following families were found: Readex Pro
WARNING:matplotlib.font_manager:findfont: Generic family 'sans-serif' not found because none of the following families were found: Readex Pro
WARNING:matplotlib.font_manager:findfont: Generic family 'sans-serif' not found because none of the following families were found: Readex Pro
WARNING:matplotlib.font_manager:findfont: Generic family 'sans-serif' not found because none of the following families were found: Readex Pro
WARNING:matplotlib.font_manager:findfont: Generic family 'sans-serif' not found because none of the following families were found: Readex Pro
WARNING:matplotlib.font_manager:findfont: Generic family 'sans-serif' not found because none of the following families were found: Readex Pro
WARNING:matplotlib.font_manager:findfont: Generic family 'sans-serif' not found because none of the following families were found: Readex Pro
WARNING:matplotlib.font_manager:findfont: Generic family 'sans-serif' not found because none of the following families were found: Readex Pro
WARNING:matplotlib.font_manager:findfont: Generic family 'sans-serif' not found because none of the following families were found: Readex Pro
WARNING:matplotlib.font_manager:findfont: Generic family 'sans-serif' not found because none of the following families were found: Readex Pro
WARNING:matplotlib.font_manager:findfont: Generic family 'sans-serif' not found because none of the following families were found: Readex Pro
WARNING:matplotlib.font_manager:findfont: Generic family 'sans-serif' not found because none of the following families were found: Readex Pro
WARNING:matplotlib.font_manager:findfont: Generic family 'sans-serif' not found because none of the following families were found: Readex Pro
WARNING:matplotlib.font_manager:findfont: Generic family 'sans-serif' not found because none of the following families were found: Readex Pro
WARNING:matplotlib.font_manager:findfont: Generic family 'sans-serif' not found because none of the following families were found: Readex Pro
WARNING:matplotlib.font_manager:findfont: Generic family 'sans-serif' not found because none of the following families were found: Readex Pro
WARNING:matplotlib.font_manager:findfont: Generic family 'sans-serif' not found because none of the following families were found: Readex Pro
WARNING:matplotlib.font_manager:findfont: Generic family 'sans-serif' not found because none of the following families were found: Readex Pro
WARNING:matplotlib.font_manager:findfont: Generic family 'sans-serif' not found because none of the following families were found: Readex Pro
WARNING:matplotlib.font_manager:findfont: Generic family 'sans-serif' not found because none of the following families were found: Readex Pro
WARNING:matplotlib.font_manager:findfont: Generic family 'sans-serif' not found because none of the following families were found: Readex Pro
WARNING:matplotlib.font_manager:findfont: Generic family 'sans-serif' not found because none of the following families were found: Readex Pro
WARNING:matplotlib.font_manager:findfont: Generic family 'sans-serif' not found because none of the following families were found: Readex Pro
WARNING:matplotlib.font_manager:findfont: Generic family 'sans-serif' not found because none of the following families were found: Readex Pro
WARNING:matplotlib.font_manager:findfont: Generic family 'sans-serif' not found because none of the following families were found: Readex Pro
WARNING:matplotlib.font_manager:findfont: Generic family 'sans-serif' not found because none of the following families were found: Readex Pro
WARNING:matplotlib.font_manager:findfont: Generic family 'sans-serif' not found because none of the following families were found: Readex Pro
WARNING:matplotlib.font_manager:findfont: Generic family 'sans-serif' not found because none of the following families were found: Readex Pro
WARNING:matplotlib.font_manager:findfont: Generic family 'sans-serif' not found because none of the following families were found: Readex Pro
WARNING:matplotlib.font_manager:findfont: Generic family 'sans-serif' not found because none of the following families were found: Readex Pro
WARNING:matplotlib.font_manager:findfont: Generic family 'sans-serif' not found because none of the following families were found: Readex Pro
WARNING:matplotlib.font_manager:findfont: Generic family 'sans-serif' not found because none of the following families were found: Readex Pro
WARNING:matplotlib.font_manager:findfont: Generic family 'sans-serif' not found because none of the following families were found: Readex Pro
WARNING:matplotlib.font_manager:findfont: Generic family 'sans-serif' not found because none of the following families were found: Readex Pro
WARNING:matplotlib.font_manager:findfont: Generic family 'sans-serif' not found because none of the following families were found: Readex Pro
WARNING:matplotlib.font_manager:findfont: Generic family 'sans-serif' not found because none of the following families were found: Readex Pro
WARNING:matplotlib.font_manager:findfont: Generic family 'sans-serif' not found because none of the following families were found: Readex Pro
WARNING:matplotlib.font_manager:findfont: Generic family 'sans-serif' not found because none of the following families were found: Readex Pro
WARNING:matplotlib.font_manager:findfont: Generic family 'sans-serif' not found because none of the following families were found: Readex Pro
WARNING:matplotlib.font_manager:findfont: Generic family 'sans-serif' not found because none of the following families were found: Readex Pro
WARNING:matplotlib.font_manager:findfont: Generic family 'sans-serif' not found because none of the following families were found: Readex Pro
WARNING:matplotlib.font_manager:findfont: Generic family 'sans-serif' not found because none of the following families were found: Readex Pro
WARNING:matplotlib.font_manager:findfont: Generic family 'sans-serif' not found because none of the following families were found: Readex Pro
WARNING:matplotlib.font_manager:findfont: Generic family 'sans-serif' not found because none of the following families were found: Readex Pro
WARNING:matplotlib.font_manager:findfont: Generic family 'sans-serif' not found because none of the following families were found: Readex Pro
WARNING:matplotlib.font_manager:findfont: Generic family 'sans-serif' not found because none of the following families were found: Readex Pro
WARNING:matplotlib.font_manager:findfont: Generic family 'sans-serif' not found because none of the following families were found: Readex Pro
WARNING:matplotlib.font_manager:findfont: Generic family 'sans-serif' not found because none of the following families were found: Readex Pro
WARNING:matplotlib.font_manager:findfont: Generic family 'sans-serif' not found because none of the following families were found: Readex Pro
WARNING:matplotlib.font_manager:findfont: Generic family 'sans-serif' not found because none of the following families were found: Readex Pro
WARNING:matplotlib.font_manager:findfont: Generic family 'sans-serif' not found because none of the following families were found: Readex Pro
WARNING:matplotlib.font_manager:findfont: Generic family 'sans-serif' not found because none of the following families were found: Readex Pro
WARNING:matplotlib.font_manager:findfont: Generic family 'sans-serif' not found because none of the following families were found: Readex Pro
WARNING:matplotlib.font_manager:findfont: Generic family 'sans-serif' not found because none of the following families were found: Readex Pro
WARNING:matplotlib.font_manager:findfont: Generic family 'sans-serif' not found because none of the following families were found: Readex Pro
WARNING:matplotlib.font_manager:findfont: Generic family 'sans-serif' not found because none of the following families were found: Readex Pro
WARNING:matplotlib.font_manager:findfont: Generic family 'sans-serif' not found because none of the following families were found: Readex Pro
WARNING:matplotlib.font_manager:findfont: Generic family 'sans-serif' not found because none of the following families were found: Readex Pro
WARNING:matplotlib.font_manager:findfont: Generic family 'sans-serif' not found because none of the following families were found: Readex Pro
WARNING:matplotlib.font_manager:findfont: Generic family 'sans-serif' not found because none of the following families were found: Readex Pro
WARNING:matplotlib.font_manager:findfont: Generic family 'sans-serif' not found because none of the following families were found: Readex Pro
WARNING:matplotlib.font_manager:findfont: Generic family 'sans-serif' not found because none of the following families were found: Readex Pro
WARNING:matplotlib.font_manager:findfont: Generic family 'sans-serif' not found because none of the following families were found: Readex Pro
WARNING:matplotlib.font_manager:findfont: Generic family 'sans-serif' not found because none of the following families were found: Readex Pro
WARNING:matplotlib.font_manager:findfont: Generic family 'sans-serif' not found because none of the following families were found: Readex Pro
WARNING:matplotlib.font_manager:findfont: Generic family 'sans-serif' not found because none of the following families were found: Readex Pro
WARNING:matplotlib.font_manager:findfont: Generic family 'sans-serif' not found because none of the following families were found: Readex Pro
WARNING:matplotlib.font_manager:findfont: Generic family 'sans-serif' not found because none of the following families were found: Readex Pro
WARNING:matplotlib.font_manager:findfont: Generic family 'sans-serif' not found because none of the following families were found: Readex Pro
WARNING:matplotlib.font_manager:findfont: Generic family 'sans-serif' not found because none of the following families were found: Readex Pro
WARNING:matplotlib.font_manager:findfont: Generic family 'sans-serif' not found because none of the following families were found: Readex Pro
WARNING:matplotlib.font_manager:findfont: Generic family 'sans-serif' not found because none of the following families were found: Readex Pro
WARNING:matplotlib.font_manager:findfont: Generic family 'sans-serif' not found because none of the following families were found: Readex Pro
WARNING:matplotlib.font_manager:findfont: Generic family 'sans-serif' not found because none of the following families were found: Readex Pro
WARNING:matplotlib.font_manager:findfont: Generic family 'sans-serif' not found because none of the following families were found: Readex Pro
WARNING:matplotlib.font_manager:findfont: Generic family 'sans-serif' not found because none of the following families were found: Readex Pro
WARNING:matplotlib.font_manager:findfont: Generic family 'sans-serif' not found because none of the following families were found: Readex Pro
WARNING:matplotlib.font_manager:findfont: Generic family 'sans-serif' not found because none of the following families were found: Readex Pro
WARNING:matplotlib.font_manager:findfont: Generic family 'sans-serif' not found because none of the following families were found: Readex Pro
WARNING:matplotlib.font_manager:findfont: Generic family 'sans-serif' not found because none of the following families were found: Readex Pro
WARNING:matplotlib.font_manager:findfont: Generic family 'sans-serif' not found because none of the following families were found: Readex Pro
WARNING:matplotlib.font_manager:findfont: Generic family 'sans-serif' not found because none of the following families were found: Readex Pro
WARNING:matplotlib.font_manager:findfont: Generic family 'sans-serif' not found because none of the following families were found: Readex Pro
WARNING:matplotlib.font_manager:findfont: Generic family 'sans-serif' not found because none of the following families were found: Readex Pro
WARNING:matplotlib.font_manager:findfont: Generic family 'sans-serif' not found because none of the following families were found: Readex Pro
WARNING:matplotlib.font_manager:findfont: Generic family 'sans-serif' not found because none of the following families were found: Readex Pro
WARNING:matplotlib.font_manager:findfont: Generic family 'sans-serif' not found because none of the following families were found: Readex Pro
WARNING:matplotlib.font_manager:findfont: Generic family 'sans-serif' not found because none of the following families were found: Readex Pro
WARNING:matplotlib.font_manager:findfont: Generic family 'sans-serif' not found because none of the following families were found: Readex Pro
WARNING:matplotlib.font_manager:findfont: Generic family 'sans-serif' not found because none of the following families were found: Readex Pro
WARNING:matplotlib.font_manager:findfont: Generic family 'sans-serif' not found because none of the following families were found: Readex Pro
WARNING:matplotlib.font_manager:findfont: Generic family 'sans-serif' not found because none of the following families were found: Readex Pro
WARNING:matplotlib.font_manager:findfont: Generic family 'sans-serif' not found because none of the following families were found: Readex Pro
WARNING:matplotlib.font_manager:findfont: Generic family 'sans-serif' not found because none of the following families were found: Readex Pro
WARNING:matplotlib.font_manager:findfont: Generic family 'sans-serif' not found because none of the following families were found: Readex Pro
WARNING:matplotlib.font_manager:findfont: Generic family 'sans-serif' not found because none of the following families were found: Readex Pro
WARNING:matplotlib.font_manager:findfont: Generic family 'sans-serif' not found because none of the following families were found: Readex Pro
WARNING:matplotlib.font_manager:findfont: Generic family 'sans-serif' not found because none of the following families were found: Readex Pro
WARNING:matplotlib.font_manager:findfont: Generic family 'sans-serif' not found because none of the following families were found: Readex Pro
WARNING:matplotlib.font_manager:findfont: Generic family 'sans-serif' not found because none of the following families were found: Readex Pro
WARNING:matplotlib.font_manager:findfont: Generic family 'sans-serif' not found because none of the following families were found: Readex Pro
WARNING:matplotlib.font_manager:findfont: Generic family 'sans-serif' not found because none of the following families were found: Readex Pro
WARNING:matplotlib.font_manager:findfont: Generic family 'sans-serif' not found because none of the following families were found: Readex Pro
WARNING:matplotlib.font_manager:findfont: Generic family 'sans-serif' not found because none of the following families were found: Readex Pro
WARNING:matplotlib.font_manager:findfont: Generic family 'sans-serif' not found because none of the following families were found: Readex Pro
WARNING:matplotlib.font_manager:findfont: Generic family 'sans-serif' not found because none of the following families were found: Readex Pro
WARNING:matplotlib.font_manager:findfont: Generic family 'sans-serif' not found because none of the following families were found: Readex Pro
WARNING:matplotlib.font_manager:findfont: Generic family 'sans-serif' not found because none of the following families were found: Readex Pro
WARNING:matplotlib.font_manager:findfont: Generic family 'sans-serif' not found because none of the following families were found: Readex Pro
WARNING:matplotlib.font_manager:findfont: Generic family 'sans-serif' not found because none of the following families were found: Readex Pro
WARNING:matplotlib.font_manager:findfont: Generic family 'sans-serif' not found because none of the following families were found: Readex Pro
WARNING:matplotlib.font_manager:findfont: Generic family 'sans-serif' not found because none of the following families were found: Readex Pro
WARNING:matplotlib.font_manager:findfont: Generic family 'sans-serif' not found because none of the following families were found: Readex Pro
WARNING:matplotlib.font_manager:findfont: Generic family 'sans-serif' not found because none of the following families were found: Readex Pro
WARNING:matplotlib.font_manager:findfont: Generic family 'sans-serif' not found because none of the following families were found: Readex Pro
WARNING:matplotlib.font_manager:findfont: Generic family 'sans-serif' not found because none of the following families were found: Readex Pro
WARNING:matplotlib.font_manager:findfont: Generic family 'sans-serif' not found because none of the following families were found: Readex Pro
WARNING:matplotlib.font_manager:findfont: Generic family 'sans-serif' not found because none of the following families were found: Readex Pro
WARNING:matplotlib.font_manager:findfont: Generic family 'sans-serif' not found because none of the following families were found: Readex Pro
WARNING:matplotlib.font_manager:findfont: Generic family 'sans-serif' not found because none of the following families were found: Readex Pro
WARNING:matplotlib.font_manager:findfont: Generic family 'sans-serif' not found because none of the following families were found: Readex Pro
WARNING:matplotlib.font_manager:findfont: Generic family 'sans-serif' not found because none of the following families were found: Readex Pro
WARNING:matplotlib.font_manager:findfont: Generic family 'sans-serif' not found because none of the following families were found: Readex Pro
WARNING:matplotlib.font_manager:findfont: Generic family 'sans-serif' not found because none of the following families were found: Readex Pro
WARNING:matplotlib.font_manager:findfont: Generic family 'sans-serif' not found because none of the following families were found: Readex Pro
WARNING:matplotlib.font_manager:findfont: Generic family 'sans-serif' not found because none of the following families were found: Readex Pro
WARNING:matplotlib.font_manager:findfont: Generic family 'sans-serif' not found because none of the following families were found: Readex Pro
WARNING:matplotlib.font_manager:findfont: Generic family 'sans-serif' not found because none of the following families were found: Readex Pro
[33mTotal time: 14:59:46[0m
[35mEverything done![0m
