2023-03-08 14:05:46.256440: I tensorflow/core/platform/cpu_feature_guard.cc:193] This TensorFlow binary is optimized with oneAPI Deep Neural Network Library (oneDNN) to use the following CPU instructions in performance-critical operations:  AVX2 FMA
To enable them in other operations, rebuild TensorFlow with the appropriate compiler flags.
2023-03-08 14:05:52.628636: W tensorflow/compiler/xla/stream_executor/platform/default/dso_loader.cc:64] Could not load dynamic library 'libnvinfer.so.7'; dlerror: libnvinfer.so.7: cannot open shared object file: No such file or directory
2023-03-08 14:05:52.629281: W tensorflow/compiler/xla/stream_executor/platform/default/dso_loader.cc:64] Could not load dynamic library 'libnvinfer_plugin.so.7'; dlerror: libnvinfer_plugin.so.7: cannot open shared object file: No such file or directory
2023-03-08 14:05:52.629300: W tensorflow/compiler/tf2tensorrt/utils/py_utils.cc:38] TF-TRT Warning: Cannot dlopen some TensorRT libraries. If you would like to use Nvidia GPU with TensorRT, please make sure the missing libraries mentioned above are installed properly.
Matplotlib created a temporary config/cache directory at /tmp/matplotlib-31sa5xej because the default path (/home/cristec/.config/matplotlib) is not a writable directory; it is highly recommended to set the MPLCONFIGDIR environment variable to a writable directory, in particular to speed up the import of Matplotlib and to better support multiprocessing.
2023-03-08 14:06:03.422053: I tensorflow/core/platform/cpu_feature_guard.cc:193] This TensorFlow binary is optimized with oneAPI Deep Neural Network Library (oneDNN) to use the following CPU instructions in performance-critical operations:  AVX2 FMA
To enable them in other operations, rebuild TensorFlow with the appropriate compiler flags.
2023-03-08 14:06:06.457904: I tensorflow/core/common_runtime/gpu/gpu_device.cc:1613] Created device /job:localhost/replica:0/task:0/device:GPU:0 with 7415 MB memory:  -> device: 0, name: Quadro M4000, pci bus id: 0000:03:00.0, compute capability: 5.2
2023-03-08 14:06:06.462337: I tensorflow/core/common_runtime/gpu/gpu_device.cc:1613] Created device /job:localhost/replica:0/task:0/device:GPU:1 with 7425 MB memory:  -> device: 1, name: Quadro M4000, pci bus id: 0000:04:00.0, compute capability: 5.2
WARNING:tensorflow:From /shared_storage/cristec/conda/envs/ML/lib/python3.10/site-packages/tensorflow/python/autograph/pyct/static_analysis/liveness.py:83: Analyzer.lamba_check (from tensorflow.python.autograph.pyct.static_analysis.liveness) is deprecated and will be removed after 2023-09-23.
Instructions for updating:
Lambda fuctions will be no more assumed to be used in the statement where they are used, or at least in the same block. https://github.com/tensorflow/tensorflow/issues/56089
[35mStarting script...[0m
[32mLoading train dataset information...[0m
[32mLoading validation dataset information...[0m
[32mLoading test dataset information...[0m
[32mCreating model...[0m
[32mTraining model...[0m
[36m
Epoch 1/5000
2023-03-08 14:06:37.160644: E tensorflow/core/grappler/optimizers/meta_optimizer.cc:954] layout failed: INVALID_ARGUMENT: Size of values 0 does not match size of permutation 4 @ fanin shape inUNet/unet_down_0/u_net2d_convolution_block/dropout/dropout/SelectV2-2-TransposeNHWCToNCHW-LayoutOptimizer
2023-03-08 14:06:43.072402: I tensorflow/compiler/xla/stream_executor/cuda/cuda_dnn.cc:428] Loaded cuDNN version 8101
2023-03-08 14:06:43.318852: I tensorflow/compiler/xla/stream_executor/cuda/cuda_dnn.cc:428] Loaded cuDNN version 8101
2023-03-08 14:06:44.183339: I tensorflow/tsl/platform/default/subprocess.cc:304] Start cannot spawn child process: No such file or directory
2023-03-08 14:06:48.598960: I tensorflow/compiler/xla/service/service.cc:173] XLA service 0x559bca203ad0 initialized for platform CUDA (this does not guarantee that XLA will be used). Devices:
2023-03-08 14:06:48.598994: I tensorflow/compiler/xla/service/service.cc:181]   StreamExecutor device (0): Quadro M4000, Compute Capability 5.2
2023-03-08 14:06:48.599002: I tensorflow/compiler/xla/service/service.cc:181]   StreamExecutor device (1): Quadro M4000, Compute Capability 5.2
2023-03-08 14:06:48.684555: I tensorflow/compiler/mlir/tensorflow/utils/dump_mlir_util.cc:268] disabling MLIR crash reproducer, set env var `MLIR_CRASH_REPRODUCER_DIRECTORY` to enable.
2023-03-08 14:06:49.338266: I tensorflow/tsl/platform/default/subprocess.cc:304] Start cannot spawn child process: No such file or directory
2023-03-08 14:06:49.439083: I tensorflow/compiler/jit/xla_compilation_cache.cc:477] Compiled cluster using XLA!  This line is logged at most once for the lifetime of the process.

Epoch 1: val_loss improved from inf to 0.21321, saving model to models/model_coco_ssim_25-30
WARNING:absl:Found untraced functions such as _jit_compiled_convolution_op, conv2d_layer_call_fn, conv2d_layer_call_and_return_conditional_losses, _jit_compiled_convolution_op, leaky_re_lu_layer_call_fn while saving (showing 5 of 241). These functions will not be directly callable after loading.
1250/1250 - 2273s - loss: 0.1943 - psnr: 18.4828 - ssim: 0.5090 - val_loss: 0.2132 - val_psnr: 16.3080 - val_ssim: 0.5174 - lr: 0.0100 - 2273s/epoch - 2s/step
Epoch 2/5000

Epoch 2: val_loss improved from 0.21321 to 0.14148, saving model to models/model_coco_ssim_25-30
WARNING:absl:Found untraced functions such as _jit_compiled_convolution_op, conv2d_layer_call_fn, conv2d_layer_call_and_return_conditional_losses, _jit_compiled_convolution_op, leaky_re_lu_layer_call_fn while saving (showing 5 of 241). These functions will not be directly callable after loading.
1250/1250 - 387s - loss: 0.1714 - psnr: 19.1722 - ssim: 0.5801 - val_loss: 0.1415 - val_psnr: 20.0326 - val_ssim: 0.6816 - lr: 0.0100 - 387s/epoch - 310ms/step
Epoch 3/5000

Epoch 3: val_loss improved from 0.14148 to 0.13069, saving model to models/model_coco_ssim_25-30
WARNING:absl:Found untraced functions such as _jit_compiled_convolution_op, conv2d_layer_call_fn, conv2d_layer_call_and_return_conditional_losses, _jit_compiled_convolution_op, leaky_re_lu_layer_call_fn while saving (showing 5 of 241). These functions will not be directly callable after loading.
1250/1250 - 388s - loss: 0.1606 - psnr: 19.8873 - ssim: 0.6017 - val_loss: 0.1307 - val_psnr: 20.8611 - val_ssim: 0.6942 - lr: 0.0100 - 388s/epoch - 310ms/step
Epoch 4/5000

Epoch 4: val_loss improved from 0.13069 to 0.11916, saving model to models/model_coco_ssim_25-30
WARNING:absl:Found untraced functions such as _jit_compiled_convolution_op, conv2d_layer_call_fn, conv2d_layer_call_and_return_conditional_losses, _jit_compiled_convolution_op, leaky_re_lu_layer_call_fn while saving (showing 5 of 241). These functions will not be directly callable after loading.
1250/1250 - 390s - loss: 0.1513 - psnr: 20.9608 - ssim: 0.6049 - val_loss: 0.1192 - val_psnr: 22.0479 - val_ssim: 0.7134 - lr: 0.0100 - 390s/epoch - 312ms/step
Epoch 5/5000

Epoch 5: val_loss improved from 0.11916 to 0.11852, saving model to models/model_coco_ssim_25-30
WARNING:absl:Found untraced functions such as _jit_compiled_convolution_op, conv2d_layer_call_fn, conv2d_layer_call_and_return_conditional_losses, _jit_compiled_convolution_op, leaky_re_lu_layer_call_fn while saving (showing 5 of 241). These functions will not be directly callable after loading.
1250/1250 - 390s - loss: 0.1477 - psnr: 21.2425 - ssim: 0.6121 - val_loss: 0.1185 - val_psnr: 22.1236 - val_ssim: 0.7156 - lr: 0.0100 - 390s/epoch - 312ms/step
Epoch 6/5000

Epoch 6: val_loss improved from 0.11852 to 0.11515, saving model to models/model_coco_ssim_25-30
WARNING:absl:Found untraced functions such as _jit_compiled_convolution_op, conv2d_layer_call_fn, conv2d_layer_call_and_return_conditional_losses, _jit_compiled_convolution_op, leaky_re_lu_layer_call_fn while saving (showing 5 of 241). These functions will not be directly callable after loading.
1250/1250 - 390s - loss: 0.1452 - psnr: 21.4290 - ssim: 0.6161 - val_loss: 0.1151 - val_psnr: 22.2668 - val_ssim: 0.7182 - lr: 0.0100 - 390s/epoch - 312ms/step
Epoch 7/5000

Epoch 7: val_loss improved from 0.11515 to 0.11209, saving model to models/model_coco_ssim_25-30
WARNING:absl:Found untraced functions such as _jit_compiled_convolution_op, conv2d_layer_call_fn, conv2d_layer_call_and_return_conditional_losses, _jit_compiled_convolution_op, leaky_re_lu_layer_call_fn while saving (showing 5 of 241). These functions will not be directly callable after loading.
1250/1250 - 389s - loss: 0.1435 - psnr: 21.5682 - ssim: 0.6195 - val_loss: 0.1121 - val_psnr: 22.8853 - val_ssim: 0.7212 - lr: 0.0100 - 389s/epoch - 311ms/step
Epoch 8/5000

Epoch 8: val_loss improved from 0.11209 to 0.10476, saving model to models/model_coco_ssim_25-30
WARNING:absl:Found untraced functions such as _jit_compiled_convolution_op, conv2d_layer_call_fn, conv2d_layer_call_and_return_conditional_losses, _jit_compiled_convolution_op, leaky_re_lu_layer_call_fn while saving (showing 5 of 241). These functions will not be directly callable after loading.
1250/1250 - 390s - loss: 0.1422 - psnr: 21.6880 - ssim: 0.6220 - val_loss: 0.1048 - val_psnr: 23.4510 - val_ssim: 0.7368 - lr: 0.0100 - 390s/epoch - 312ms/step
Epoch 9/5000

Epoch 9: val_loss did not improve from 0.10476
1250/1250 - 368s - loss: 0.1410 - psnr: 21.7766 - ssim: 0.6244 - val_loss: 0.1092 - val_psnr: 22.5203 - val_ssim: 0.7328 - lr: 0.0100 - 368s/epoch - 295ms/step
Epoch 10/5000

Epoch 10: val_loss did not improve from 0.10476
1250/1250 - 369s - loss: 0.1412 - psnr: 21.7801 - ssim: 0.6239 - val_loss: 0.1177 - val_psnr: 22.2908 - val_ssim: 0.7052 - lr: 0.0100 - 369s/epoch - 296ms/step
Epoch 11/5000

Epoch 11: val_loss did not improve from 0.10476
1250/1250 - 370s - loss: 0.1402 - psnr: 21.8801 - ssim: 0.6259 - val_loss: 0.1247 - val_psnr: 19.6034 - val_ssim: 0.7096 - lr: 0.0100 - 370s/epoch - 296ms/step
Epoch 12/5000

Epoch 12: val_loss did not improve from 0.10476
1250/1250 - 367s - loss: 0.1388 - psnr: 21.9568 - ssim: 0.6293 - val_loss: 0.1090 - val_psnr: 22.6408 - val_ssim: 0.7361 - lr: 0.0100 - 367s/epoch - 294ms/step
Epoch 13/5000

Epoch 13: val_loss improved from 0.10476 to 0.10336, saving model to models/model_coco_ssim_25-30
WARNING:absl:Found untraced functions such as _jit_compiled_convolution_op, conv2d_layer_call_fn, conv2d_layer_call_and_return_conditional_losses, _jit_compiled_convolution_op, leaky_re_lu_layer_call_fn while saving (showing 5 of 241). These functions will not be directly callable after loading.
1250/1250 - 389s - loss: 0.1374 - psnr: 22.0443 - ssim: 0.6323 - val_loss: 0.1034 - val_psnr: 23.1274 - val_ssim: 0.7481 - lr: 0.0100 - 389s/epoch - 311ms/step
Epoch 14/5000

Epoch 14: val_loss did not improve from 0.10336
1250/1250 - 370s - loss: 0.1369 - psnr: 22.0819 - ssim: 0.6338 - val_loss: 0.1054 - val_psnr: 22.9660 - val_ssim: 0.7445 - lr: 0.0100 - 370s/epoch - 296ms/step
Epoch 15/5000

Epoch 15: val_loss did not improve from 0.10336
1250/1250 - 370s - loss: 0.1363 - psnr: 22.1277 - ssim: 0.6352 - val_loss: 0.1044 - val_psnr: 22.8569 - val_ssim: 0.7491 - lr: 0.0100 - 370s/epoch - 296ms/step
Epoch 16/5000

Epoch 16: val_loss did not improve from 0.10336
1250/1250 - 368s - loss: 0.1364 - psnr: 22.1234 - ssim: 0.6351 - val_loss: 0.1049 - val_psnr: 23.0186 - val_ssim: 0.7485 - lr: 0.0100 - 368s/epoch - 295ms/step
Epoch 17/5000

Epoch 17: val_loss improved from 0.10336 to 0.09971, saving model to models/model_coco_ssim_25-30
WARNING:absl:Found untraced functions such as _jit_compiled_convolution_op, conv2d_layer_call_fn, conv2d_layer_call_and_return_conditional_losses, _jit_compiled_convolution_op, leaky_re_lu_layer_call_fn while saving (showing 5 of 241). These functions will not be directly callable after loading.
1250/1250 - 390s - loss: 0.1355 - psnr: 22.1609 - ssim: 0.6371 - val_loss: 0.0997 - val_psnr: 23.3767 - val_ssim: 0.7569 - lr: 0.0100 - 390s/epoch - 312ms/step
Epoch 18/5000

Epoch 18: val_loss did not improve from 0.09971
1250/1250 - 367s - loss: 0.1351 - psnr: 22.1622 - ssim: 0.6380 - val_loss: 0.1020 - val_psnr: 23.3590 - val_ssim: 0.7491 - lr: 0.0100 - 367s/epoch - 293ms/step
Epoch 19/5000

Epoch 19: val_loss did not improve from 0.09971
1250/1250 - 369s - loss: 0.1350 - psnr: 22.1909 - ssim: 0.6382 - val_loss: 0.1058 - val_psnr: 22.8439 - val_ssim: 0.7466 - lr: 0.0100 - 369s/epoch - 295ms/step
Epoch 20/5000

Epoch 20: val_loss improved from 0.09971 to 0.09853, saving model to models/model_coco_ssim_25-30
WARNING:absl:Found untraced functions such as _jit_compiled_convolution_op, conv2d_layer_call_fn, conv2d_layer_call_and_return_conditional_losses, _jit_compiled_convolution_op, leaky_re_lu_layer_call_fn while saving (showing 5 of 241). These functions will not be directly callable after loading.
1250/1250 - 392s - loss: 0.1353 - psnr: 22.2052 - ssim: 0.6377 - val_loss: 0.0985 - val_psnr: 23.6090 - val_ssim: 0.7599 - lr: 0.0100 - 392s/epoch - 313ms/step
Epoch 21/5000

Epoch 21: val_loss did not improve from 0.09853
1250/1250 - 369s - loss: 0.1342 - psnr: 22.2441 - ssim: 0.6400 - val_loss: 0.0999 - val_psnr: 23.4901 - val_ssim: 0.7578 - lr: 0.0100 - 369s/epoch - 295ms/step
Epoch 22/5000

Epoch 22: val_loss did not improve from 0.09853
1250/1250 - 368s - loss: 0.1339 - psnr: 22.3471 - ssim: 0.6408 - val_loss: 0.1032 - val_psnr: 23.1369 - val_ssim: 0.7504 - lr: 0.0100 - 368s/epoch - 295ms/step
Epoch 23/5000

Epoch 23: val_loss did not improve from 0.09853
1250/1250 - 369s - loss: 0.1334 - psnr: 22.3953 - ssim: 0.6417 - val_loss: 0.1004 - val_psnr: 23.5190 - val_ssim: 0.7561 - lr: 0.0100 - 369s/epoch - 295ms/step
Epoch 24/5000

Epoch 24: val_loss did not improve from 0.09853
1250/1250 - 369s - loss: 0.1331 - psnr: 22.4080 - ssim: 0.6424 - val_loss: 0.0994 - val_psnr: 23.2752 - val_ssim: 0.7618 - lr: 0.0100 - 369s/epoch - 295ms/step
Epoch 25/5000

Epoch 25: val_loss did not improve from 0.09853
1250/1250 - 370s - loss: 0.1328 - psnr: 22.4309 - ssim: 0.6429 - val_loss: 0.1283 - val_psnr: 21.2256 - val_ssim: 0.7285 - lr: 0.0100 - 370s/epoch - 296ms/step
Epoch 26/5000

Epoch 26: val_loss did not improve from 0.09853
1250/1250 - 368s - loss: 0.1326 - psnr: 22.4208 - ssim: 0.6436 - val_loss: 0.1021 - val_psnr: 23.0770 - val_ssim: 0.7539 - lr: 0.0100 - 368s/epoch - 295ms/step
Epoch 27/5000

Epoch 27: val_loss did not improve from 0.09853
1250/1250 - 372s - loss: 0.1328 - psnr: 22.3724 - ssim: 0.6433 - val_loss: 0.0990 - val_psnr: 23.2789 - val_ssim: 0.7618 - lr: 0.0100 - 372s/epoch - 297ms/step
Epoch 28/5000

Epoch 28: val_loss did not improve from 0.09853
1250/1250 - 372s - loss: 0.1319 - psnr: 22.4359 - ssim: 0.6453 - val_loss: 0.1001 - val_psnr: 23.4543 - val_ssim: 0.7618 - lr: 0.0100 - 372s/epoch - 298ms/step
Epoch 29/5000

Epoch 29: val_loss did not improve from 0.09853
1250/1250 - 373s - loss: 0.1316 - psnr: 22.4574 - ssim: 0.6462 - val_loss: 0.0986 - val_psnr: 23.4764 - val_ssim: 0.7625 - lr: 0.0100 - 373s/epoch - 299ms/step
Epoch 30/5000

Epoch 30: val_loss did not improve from 0.09853
1250/1250 - 372s - loss: 0.1314 - psnr: 22.4649 - ssim: 0.6467 - val_loss: 0.1015 - val_psnr: 22.8909 - val_ssim: 0.7645 - lr: 0.0100 - 372s/epoch - 297ms/step
Epoch 31/5000

Epoch 31: val_loss did not improve from 0.09853
1250/1250 - 371s - loss: 0.1322 - psnr: 22.4179 - ssim: 0.6450 - val_loss: 0.1106 - val_psnr: 21.8600 - val_ssim: 0.7342 - lr: 0.0100 - 371s/epoch - 297ms/step
Epoch 32/5000

Epoch 32: val_loss improved from 0.09853 to 0.09681, saving model to models/model_coco_ssim_25-30
WARNING:absl:Found untraced functions such as _jit_compiled_convolution_op, conv2d_layer_call_fn, conv2d_layer_call_and_return_conditional_losses, _jit_compiled_convolution_op, leaky_re_lu_layer_call_fn while saving (showing 5 of 241). These functions will not be directly callable after loading.
1250/1250 - 391s - loss: 0.1308 - psnr: 22.5641 - ssim: 0.6481 - val_loss: 0.0968 - val_psnr: 23.4848 - val_ssim: 0.7702 - lr: 0.0100 - 391s/epoch - 313ms/step
Epoch 33/5000

Epoch 33: val_loss did not improve from 0.09681
1250/1250 - 369s - loss: 0.1302 - psnr: 22.5739 - ssim: 0.6493 - val_loss: 0.0981 - val_psnr: 23.4353 - val_ssim: 0.7661 - lr: 0.0100 - 369s/epoch - 295ms/step
Epoch 34/5000

Epoch 34: val_loss did not improve from 0.09681
1250/1250 - 369s - loss: 0.1300 - psnr: 22.5957 - ssim: 0.6500 - val_loss: 0.1161 - val_psnr: 21.0812 - val_ssim: 0.7361 - lr: 0.0100 - 369s/epoch - 295ms/step
Epoch 35/5000

Epoch 35: val_loss did not improve from 0.09681
1250/1250 - 369s - loss: 0.1317 - psnr: 22.4134 - ssim: 0.6468 - val_loss: 0.0991 - val_psnr: 23.3393 - val_ssim: 0.7641 - lr: 0.0100 - 369s/epoch - 296ms/step
Epoch 36/5000

Epoch 36: val_loss did not improve from 0.09681
1250/1250 - 370s - loss: 0.1299 - psnr: 22.5366 - ssim: 0.6506 - val_loss: 0.1025 - val_psnr: 22.8628 - val_ssim: 0.7598 - lr: 0.0100 - 370s/epoch - 296ms/step
Epoch 37/5000

Epoch 37: val_loss did not improve from 0.09681
1250/1250 - 369s - loss: 0.1311 - psnr: 22.5102 - ssim: 0.6476 - val_loss: 0.1060 - val_psnr: 22.8536 - val_ssim: 0.7435 - lr: 0.0100 - 369s/epoch - 295ms/step
Epoch 38/5000

Epoch 38: val_loss did not improve from 0.09681
1250/1250 - 369s - loss: 0.1313 - psnr: 22.4376 - ssim: 0.6474 - val_loss: 0.1027 - val_psnr: 23.0644 - val_ssim: 0.7545 - lr: 0.0100 - 369s/epoch - 295ms/step
Epoch 39/5000

Epoch 39: val_loss did not improve from 0.09681
1250/1250 - 369s - loss: 0.1294 - psnr: 22.5653 - ssim: 0.6518 - val_loss: 0.1001 - val_psnr: 22.8887 - val_ssim: 0.7662 - lr: 0.0100 - 369s/epoch - 295ms/step
Epoch 40/5000

Epoch 40: val_loss did not improve from 0.09681
1250/1250 - 369s - loss: 0.1295 - psnr: 22.5863 - ssim: 0.6516 - val_loss: 0.1010 - val_psnr: 23.1058 - val_ssim: 0.7619 - lr: 0.0100 - 369s/epoch - 295ms/step
Epoch 41/5000

Epoch 41: val_loss did not improve from 0.09681
1250/1250 - 369s - loss: 0.1294 - psnr: 22.6216 - ssim: 0.6514 - val_loss: 0.1033 - val_psnr: 22.7946 - val_ssim: 0.7580 - lr: 0.0100 - 369s/epoch - 295ms/step
Epoch 42/5000

Epoch 42: val_loss did not improve from 0.09681
1250/1250 - 369s - loss: 0.1287 - psnr: 22.6620 - ssim: 0.6533 - val_loss: 0.1003 - val_psnr: 23.1278 - val_ssim: 0.7648 - lr: 0.0100 - 369s/epoch - 295ms/step
Epoch 43/5000

Epoch 43: val_loss did not improve from 0.09681
1250/1250 - 368s - loss: 0.1291 - psnr: 22.6346 - ssim: 0.6523 - val_loss: 0.0993 - val_psnr: 23.0508 - val_ssim: 0.7713 - lr: 0.0100 - 368s/epoch - 295ms/step
Epoch 44/5000

Epoch 44: val_loss did not improve from 0.09681
1250/1250 - 373s - loss: 0.1299 - psnr: 22.5994 - ssim: 0.6503 - val_loss: 0.1031 - val_psnr: 22.9698 - val_ssim: 0.7527 - lr: 0.0100 - 373s/epoch - 298ms/step
Epoch 45/5000

Epoch 45: val_loss did not improve from 0.09681
1250/1250 - 369s - loss: 0.1286 - psnr: 22.6770 - ssim: 0.6537 - val_loss: 0.1043 - val_psnr: 22.8675 - val_ssim: 0.7518 - lr: 0.0100 - 369s/epoch - 295ms/step
Epoch 46/5000

Epoch 46: val_loss did not improve from 0.09681
1250/1250 - 369s - loss: 0.1283 - psnr: 22.6824 - ssim: 0.6543 - val_loss: 0.1087 - val_psnr: 22.3030 - val_ssim: 0.7503 - lr: 0.0100 - 369s/epoch - 295ms/step
Epoch 47/5000

Epoch 47: val_loss did not improve from 0.09681
1250/1250 - 371s - loss: 0.1280 - psnr: 22.7083 - ssim: 0.6551 - val_loss: 0.1021 - val_psnr: 22.6811 - val_ssim: 0.7635 - lr: 0.0100 - 371s/epoch - 297ms/step
Epoch 48/5000

Epoch 48: val_loss did not improve from 0.09681
1250/1250 - 378s - loss: 0.1278 - psnr: 22.7102 - ssim: 0.6555 - val_loss: 0.0972 - val_psnr: 23.4016 - val_ssim: 0.7692 - lr: 0.0100 - 378s/epoch - 302ms/step
Epoch 49/5000

Epoch 49: val_loss did not improve from 0.09681
1250/1250 - 369s - loss: 0.1282 - psnr: 22.6409 - ssim: 0.6551 - val_loss: 0.1013 - val_psnr: 22.9663 - val_ssim: 0.7648 - lr: 0.0100 - 369s/epoch - 295ms/step
Epoch 50/5000

Epoch 50: val_loss did not improve from 0.09681
1250/1250 - 368s - loss: 0.1278 - psnr: 22.7361 - ssim: 0.6558 - val_loss: 0.0984 - val_psnr: 23.3319 - val_ssim: 0.7679 - lr: 0.0100 - 368s/epoch - 294ms/step
Epoch 51/5000

Epoch 51: val_loss did not improve from 0.09681
1250/1250 - 368s - loss: 0.1279 - psnr: 22.7183 - ssim: 0.6554 - val_loss: 0.1042 - val_psnr: 22.6825 - val_ssim: 0.7604 - lr: 0.0100 - 368s/epoch - 294ms/step
Epoch 52/5000

Epoch 52: ReduceLROnPlateau reducing learning rate to 0.0019999999552965165.

Epoch 52: val_loss did not improve from 0.09681
1250/1250 - 369s - loss: 0.1279 - psnr: 22.6566 - ssim: 0.6556 - val_loss: 0.1109 - val_psnr: 22.0101 - val_ssim: 0.7434 - lr: 0.0100 - 369s/epoch - 295ms/step
Epoch 53/5000

Epoch 53: val_loss did not improve from 0.09681
1250/1250 - 369s - loss: 0.1258 - psnr: 22.8403 - ssim: 0.6592 - val_loss: 0.1003 - val_psnr: 23.0398 - val_ssim: 0.7687 - lr: 0.0020 - 369s/epoch - 295ms/step
Epoch 54/5000

Epoch 54: val_loss did not improve from 0.09681
1250/1250 - 371s - loss: 0.1258 - psnr: 22.8559 - ssim: 0.6593 - val_loss: 0.1014 - val_psnr: 23.0603 - val_ssim: 0.7606 - lr: 0.0020 - 371s/epoch - 297ms/step
Epoch 55/5000

Epoch 55: val_loss did not improve from 0.09681
1250/1250 - 367s - loss: 0.1256 - psnr: 22.8662 - ssim: 0.6596 - val_loss: 0.0997 - val_psnr: 23.0958 - val_ssim: 0.7685 - lr: 0.0020 - 367s/epoch - 293ms/step
Epoch 56/5000

Epoch 56: val_loss did not improve from 0.09681
1250/1250 - 368s - loss: 0.1265 - psnr: 22.8163 - ssim: 0.6577 - val_loss: 0.0985 - val_psnr: 23.2475 - val_ssim: 0.7707 - lr: 0.0020 - 368s/epoch - 295ms/step
Epoch 57/5000

Epoch 57: val_loss did not improve from 0.09681
1250/1250 - 369s - loss: 0.1259 - psnr: 22.8812 - ssim: 0.6589 - val_loss: 0.0992 - val_psnr: 23.2002 - val_ssim: 0.7691 - lr: 0.0020 - 369s/epoch - 295ms/step
Epoch 58/5000

Epoch 58: val_loss did not improve from 0.09681
1250/1250 - 368s - loss: 0.1256 - psnr: 22.8970 - ssim: 0.6597 - val_loss: 0.0996 - val_psnr: 23.1279 - val_ssim: 0.7702 - lr: 0.0020 - 368s/epoch - 294ms/step
Epoch 59/5000

Epoch 59: val_loss did not improve from 0.09681
1250/1250 - 369s - loss: 0.1263 - psnr: 22.8381 - ssim: 0.6578 - val_loss: 0.0998 - val_psnr: 23.1080 - val_ssim: 0.7702 - lr: 0.0020 - 369s/epoch - 295ms/step
Epoch 60/5000

Epoch 60: val_loss did not improve from 0.09681
1250/1250 - 369s - loss: 0.1255 - psnr: 22.8998 - ssim: 0.6599 - val_loss: 0.1005 - val_psnr: 23.0058 - val_ssim: 0.7694 - lr: 0.0020 - 369s/epoch - 296ms/step
Epoch 61/5000

Epoch 61: val_loss did not improve from 0.09681
1250/1250 - 368s - loss: 0.1257 - psnr: 22.8775 - ssim: 0.6594 - val_loss: 0.1010 - val_psnr: 22.9936 - val_ssim: 0.7677 - lr: 0.0020 - 368s/epoch - 294ms/step
Epoch 62/5000

Epoch 62: val_loss did not improve from 0.09681
1250/1250 - 368s - loss: 0.1255 - psnr: 22.8721 - ssim: 0.6600 - val_loss: 0.1016 - val_psnr: 22.9861 - val_ssim: 0.7609 - lr: 0.0020 - 368s/epoch - 294ms/step
Epoch 63/5000

Epoch 63: val_loss did not improve from 0.09681
1250/1250 - 368s - loss: 0.1254 - psnr: 22.8912 - ssim: 0.6601 - val_loss: 0.1009 - val_psnr: 22.9809 - val_ssim: 0.7677 - lr: 0.0020 - 368s/epoch - 294ms/step
Epoch 64/5000

Epoch 64: val_loss did not improve from 0.09681
1250/1250 - 371s - loss: 0.1254 - psnr: 22.8712 - ssim: 0.6601 - val_loss: 0.0999 - val_psnr: 23.0550 - val_ssim: 0.7696 - lr: 0.0020 - 371s/epoch - 297ms/step
Epoch 65/5000

Epoch 65: val_loss did not improve from 0.09681
1250/1250 - 369s - loss: 0.1253 - psnr: 22.8874 - ssim: 0.6603 - val_loss: 0.1001 - val_psnr: 23.0678 - val_ssim: 0.7688 - lr: 0.0020 - 369s/epoch - 295ms/step
Epoch 66/5000

Epoch 66: val_loss did not improve from 0.09681
1250/1250 - 368s - loss: 0.1254 - psnr: 22.8714 - ssim: 0.6600 - val_loss: 0.0985 - val_psnr: 23.1892 - val_ssim: 0.7715 - lr: 0.0020 - 368s/epoch - 295ms/step
Epoch 67/5000

Epoch 67: val_loss did not improve from 0.09681
1250/1250 - 372s - loss: 0.1254 - psnr: 22.8834 - ssim: 0.6598 - val_loss: 0.0992 - val_psnr: 23.1773 - val_ssim: 0.7695 - lr: 0.0020 - 372s/epoch - 298ms/step
Epoch 68/5000

Epoch 68: val_loss did not improve from 0.09681
1250/1250 - 373s - loss: 0.1252 - psnr: 22.8946 - ssim: 0.6603 - val_loss: 0.0987 - val_psnr: 23.2022 - val_ssim: 0.7709 - lr: 0.0020 - 373s/epoch - 299ms/step
Epoch 69/5000

Epoch 69: val_loss did not improve from 0.09681
1250/1250 - 374s - loss: 0.1252 - psnr: 22.8964 - ssim: 0.6605 - val_loss: 0.1008 - val_psnr: 22.9951 - val_ssim: 0.7668 - lr: 0.0020 - 374s/epoch - 299ms/step
Epoch 70/5000

Epoch 70: val_loss did not improve from 0.09681
1250/1250 - 374s - loss: 0.1252 - psnr: 22.9004 - ssim: 0.6605 - val_loss: 0.1000 - val_psnr: 23.0876 - val_ssim: 0.7686 - lr: 0.0020 - 374s/epoch - 299ms/step
Epoch 71/5000

Epoch 71: val_loss did not improve from 0.09681
1250/1250 - 369s - loss: 0.1252 - psnr: 22.8997 - ssim: 0.6605 - val_loss: 0.1068 - val_psnr: 22.4692 - val_ssim: 0.7434 - lr: 0.0020 - 369s/epoch - 295ms/step
Epoch 72/5000

Epoch 72: val_loss did not improve from 0.09681
1250/1250 - 368s - loss: 0.1252 - psnr: 22.8892 - ssim: 0.6603 - val_loss: 0.1004 - val_psnr: 23.0295 - val_ssim: 0.7676 - lr: 0.0020 - 368s/epoch - 295ms/step
Epoch 73/5000

Epoch 73: val_loss did not improve from 0.09681
1250/1250 - 369s - loss: 0.1251 - psnr: 22.8929 - ssim: 0.6604 - val_loss: 0.1052 - val_psnr: 22.6878 - val_ssim: 0.7582 - lr: 0.0020 - 369s/epoch - 296ms/step
Epoch 74/5000

Epoch 74: val_loss did not improve from 0.09681
1250/1250 - 374s - loss: 0.1252 - psnr: 22.9305 - ssim: 0.6603 - val_loss: 0.0996 - val_psnr: 23.1612 - val_ssim: 0.7695 - lr: 0.0020 - 374s/epoch - 300ms/step
Epoch 75/5000

Epoch 75: val_loss did not improve from 0.09681
1250/1250 - 370s - loss: 0.1255 - psnr: 22.9331 - ssim: 0.6595 - val_loss: 0.0993 - val_psnr: 23.1809 - val_ssim: 0.7702 - lr: 0.0020 - 370s/epoch - 296ms/step
Epoch 76/5000

Epoch 76: ReduceLROnPlateau reducing learning rate to 0.0003999999724328518.

Epoch 76: val_loss improved from 0.09681 to 0.09675, saving model to models/model_coco_ssim_25-30
WARNING:absl:Found untraced functions such as _jit_compiled_convolution_op, conv2d_layer_call_fn, conv2d_layer_call_and_return_conditional_losses, _jit_compiled_convolution_op, leaky_re_lu_layer_call_fn while saving (showing 5 of 241). These functions will not be directly callable after loading.
1250/1250 - 388s - loss: 0.1251 - psnr: 22.9634 - ssim: 0.6605 - val_loss: 0.0968 - val_psnr: 23.5568 - val_ssim: 0.7717 - lr: 0.0020 - 388s/epoch - 310ms/step
Epoch 77/5000

Epoch 77: val_loss did not improve from 0.09675
1250/1250 - 368s - loss: 0.1247 - psnr: 22.9984 - ssim: 0.6612 - val_loss: 0.0988 - val_psnr: 23.2197 - val_ssim: 0.7716 - lr: 4.0000e-04 - 368s/epoch - 295ms/step
Epoch 78/5000

Epoch 78: val_loss did not improve from 0.09675
1250/1250 - 368s - loss: 0.1247 - psnr: 23.0070 - ssim: 0.6612 - val_loss: 0.0973 - val_psnr: 23.3739 - val_ssim: 0.7732 - lr: 4.0000e-04 - 368s/epoch - 294ms/step
Epoch 79/5000

Epoch 79: val_loss did not improve from 0.09675
1250/1250 - 369s - loss: 0.1248 - psnr: 22.9651 - ssim: 0.6607 - val_loss: 0.0994 - val_psnr: 23.1492 - val_ssim: 0.7694 - lr: 4.0000e-04 - 369s/epoch - 295ms/step
Epoch 80/5000

Epoch 80: val_loss did not improve from 0.09675
1250/1250 - 371s - loss: 0.1247 - psnr: 22.9840 - ssim: 0.6612 - val_loss: 0.0987 - val_psnr: 23.2401 - val_ssim: 0.7715 - lr: 4.0000e-04 - 371s/epoch - 297ms/step
Epoch 81/5000

Epoch 81: val_loss did not improve from 0.09675
1250/1250 - 371s - loss: 0.1247 - psnr: 22.9892 - ssim: 0.6612 - val_loss: 0.0989 - val_psnr: 23.1813 - val_ssim: 0.7715 - lr: 4.0000e-04 - 371s/epoch - 297ms/step
Epoch 82/5000
Restoring model weights from the end of the best epoch: 32.

Epoch 82: val_loss did not improve from 0.09675
1250/1250 - 371s - loss: 0.1247 - psnr: 22.9555 - ssim: 0.6611 - val_loss: 0.0981 - val_psnr: 23.2438 - val_ssim: 0.7726 - lr: 4.0000e-04 - 371s/epoch - 297ms/step
Epoch 82: early stopping
[0m
[32mSaving model architecture text summary...[0m
[32mSaving model training history...[0m
[32mEvaluating model...[0m
[36m
313/313 - 449s - loss: 0.0968 - psnr: 23.5030 - ssim: 0.7702 - 449s/epoch - 1s/step
WARNING:matplotlib.font_manager:findfont: Generic family 'sans-serif' not found because none of the following families were found: Readex Pro
WARNING:matplotlib.font_manager:findfont: Generic family 'sans-serif' not found because none of the following families were found: Readex Pro
WARNING:matplotlib.font_manager:findfont: Generic family 'sans-serif' not found because none of the following families were found: Readex Pro
WARNING:matplotlib.font_manager:findfont: Generic family 'sans-serif' not found because none of the following families were found: Readex Pro
WARNING:matplotlib.font_manager:findfont: Generic family 'sans-serif' not found because none of the following families were found: Readex Pro
WARNING:matplotlib.font_manager:findfont: Generic family 'sans-serif' not found because none of the following families were found: Readex Pro
WARNING:matplotlib.font_manager:findfont: Generic family 'sans-serif' not found because none of the following families were found: Readex Pro
WARNING:matplotlib.font_manager:findfont: Generic family 'sans-serif' not found because none of the following families were found: Readex Pro
WARNING:matplotlib.font_manager:findfont: Generic family 'sans-serif' not found because none of the following families were found: Readex Pro
WARNING:matplotlib.font_manager:findfont: Generic family 'sans-serif' not found because none of the following families were found: Readex Pro
WARNING:matplotlib.font_manager:findfont: Generic family 'sans-serif' not found because none of the following families were found: Readex Pro
WARNING:matplotlib.font_manager:findfont: Generic family 'sans-serif' not found because none of the following families were found: Readex Pro
WARNING:matplotlib.font_manager:findfont: Generic family 'sans-serif' not found because none of the following families were found: Readex Pro
WARNING:matplotlib.font_manager:findfont: Generic family 'sans-serif' not found because none of the following families were found: Readex Pro
WARNING:matplotlib.font_manager:findfont: Generic family 'sans-serif' not found because none of the following families were found: Readex Pro
WARNING:matplotlib.font_manager:findfont: Generic family 'sans-serif' not found because none of the following families were found: Readex Pro
WARNING:matplotlib.font_manager:findfont: Generic family 'sans-serif' not found because none of the following families were found: Readex Pro
WARNING:matplotlib.font_manager:findfont: Generic family 'sans-serif' not found because none of the following families were found: Readex Pro
WARNING:matplotlib.font_manager:findfont: Generic family 'sans-serif' not found because none of the following families were found: Readex Pro
WARNING:matplotlib.font_manager:findfont: Generic family 'sans-serif' not found because none of the following families were found: Readex Pro
WARNING:matplotlib.font_manager:findfont: Generic family 'sans-serif' not found because none of the following families were found: Readex Pro
WARNING:matplotlib.font_manager:findfont: Generic family 'sans-serif' not found because none of the following families were found: Readex Pro
WARNING:matplotlib.font_manager:findfont: Generic family 'sans-serif' not found because none of the following families were found: Readex Pro
WARNING:matplotlib.font_manager:findfont: Generic family 'sans-serif' not found because none of the following families were found: Readex Pro
WARNING:matplotlib.font_manager:findfont: Generic family 'sans-serif' not found because none of the following families were found: Readex Pro
WARNING:matplotlib.font_manager:findfont: Generic family 'sans-serif' not found because none of the following families were found: Readex Pro
WARNING:matplotlib.font_manager:findfont: Generic family 'sans-serif' not found because none of the following families were found: Readex Pro
WARNING:matplotlib.font_manager:findfont: Generic family 'sans-serif' not found because none of the following families were found: Readex Pro
WARNING:matplotlib.font_manager:findfont: Generic family 'sans-serif' not found because none of the following families were found: Readex Pro
WARNING:matplotlib.font_manager:findfont: Generic family 'sans-serif' not found because none of the following families were found: Readex Pro
WARNING:matplotlib.font_manager:findfont: Generic family 'sans-serif' not found because none of the following families were found: Readex Pro
WARNING:matplotlib.font_manager:findfont: Generic family 'sans-serif' not found because none of the following families were found: Readex Pro
WARNING:matplotlib.font_manager:findfont: Generic family 'sans-serif' not found because none of the following families were found: Readex Pro
WARNING:matplotlib.font_manager:findfont: Generic family 'sans-serif' not found because none of the following families were found: Readex Pro
WARNING:matplotlib.font_manager:findfont: Generic family 'sans-serif' not found because none of the following families were found: Readex Pro
WARNING:matplotlib.font_manager:findfont: Generic family 'sans-serif' not found because none of the following families were found: Readex Pro
WARNING:matplotlib.font_manager:findfont: Generic family 'sans-serif' not found because none of the following families were found: Readex Pro
WARNING:matplotlib.font_manager:findfont: Generic family 'sans-serif' not found because none of the following families were found: Readex Pro
WARNING:matplotlib.font_manager:findfont: Generic family 'sans-serif' not found because none of the following families were found: Readex Pro
WARNING:matplotlib.font_manager:findfont: Generic family 'sans-serif' not found because none of the following families were found: Readex Pro
WARNING:matplotlib.font_manager:findfont: Generic family 'sans-serif' not found because none of the following families were found: Readex Pro
WARNING:matplotlib.font_manager:findfont: Generic family 'sans-serif' not found because none of the following families were found: Readex Pro
WARNING:matplotlib.font_manager:findfont: Generic family 'sans-serif' not found because none of the following families were found: Readex Pro
WARNING:matplotlib.font_manager:findfont: Generic family 'sans-serif' not found because none of the following families were found: Readex Pro
WARNING:matplotlib.font_manager:findfont: Generic family 'sans-serif' not found because none of the following families were found: Readex Pro
WARNING:matplotlib.font_manager:findfont: Generic family 'sans-serif' not found because none of the following families were found: Readex Pro
WARNING:matplotlib.font_manager:findfont: Generic family 'sans-serif' not found because none of the following families were found: Readex Pro
WARNING:matplotlib.font_manager:findfont: Generic family 'sans-serif' not found because none of the following families were found: Readex Pro
WARNING:matplotlib.font_manager:findfont: Generic family 'sans-serif' not found because none of the following families were found: Readex Pro
WARNING:matplotlib.font_manager:findfont: Generic family 'sans-serif' not found because none of the following families were found: Readex Pro
WARNING:matplotlib.font_manager:findfont: Generic family 'sans-serif' not found because none of the following families were found: Readex Pro
WARNING:matplotlib.font_manager:findfont: Generic family 'sans-serif' not found because none of the following families were found: Readex Pro
WARNING:matplotlib.font_manager:findfont: Generic family 'sans-serif' not found because none of the following families were found: Readex Pro
WARNING:matplotlib.font_manager:findfont: Generic family 'sans-serif' not found because none of the following families were found: Readex Pro
WARNING:matplotlib.font_manager:findfont: Generic family 'sans-serif' not found because none of the following families were found: Readex Pro
WARNING:matplotlib.font_manager:findfont: Generic family 'sans-serif' not found because none of the following families were found: Readex Pro
WARNING:matplotlib.font_manager:findfont: Generic family 'sans-serif' not found because none of the following families were found: Readex Pro
WARNING:matplotlib.font_manager:findfont: Generic family 'sans-serif' not found because none of the following families were found: Readex Pro
WARNING:matplotlib.font_manager:findfont: Generic family 'sans-serif' not found because none of the following families were found: Readex Pro
WARNING:matplotlib.font_manager:findfont: Generic family 'sans-serif' not found because none of the following families were found: Readex Pro
WARNING:matplotlib.font_manager:findfont: Generic family 'sans-serif' not found because none of the following families were found: Readex Pro
WARNING:matplotlib.font_manager:findfont: Generic family 'sans-serif' not found because none of the following families were found: Readex Pro
WARNING:matplotlib.font_manager:findfont: Generic family 'sans-serif' not found because none of the following families were found: Readex Pro
WARNING:matplotlib.font_manager:findfont: Generic family 'sans-serif' not found because none of the following families were found: Readex Pro
WARNING:matplotlib.font_manager:findfont: Generic family 'sans-serif' not found because none of the following families were found: Readex Pro
WARNING:matplotlib.font_manager:findfont: Generic family 'sans-serif' not found because none of the following families were found: Readex Pro
WARNING:matplotlib.font_manager:findfont: Generic family 'sans-serif' not found because none of the following families were found: Readex Pro
WARNING:matplotlib.font_manager:findfont: Generic family 'sans-serif' not found because none of the following families were found: Readex Pro
WARNING:matplotlib.font_manager:findfont: Generic family 'sans-serif' not found because none of the following families were found: Readex Pro
WARNING:matplotlib.font_manager:findfont: Generic family 'sans-serif' not found because none of the following families were found: Readex Pro
WARNING:matplotlib.font_manager:findfont: Generic family 'sans-serif' not found because none of the following families were found: Readex Pro
WARNING:matplotlib.font_manager:findfont: Generic family 'sans-serif' not found because none of the following families were found: Readex Pro
WARNING:matplotlib.font_manager:findfont: Generic family 'sans-serif' not found because none of the following families were found: Readex Pro
WARNING:matplotlib.font_manager:findfont: Generic family 'sans-serif' not found because none of the following families were found: Readex Pro
WARNING:matplotlib.font_manager:findfont: Generic family 'sans-serif' not found because none of the following families were found: Readex Pro
WARNING:matplotlib.font_manager:findfont: Generic family 'sans-serif' not found because none of the following families were found: Readex Pro
WARNING:matplotlib.font_manager:findfont: Generic family 'sans-serif' not found because none of the following families were found: Readex Pro
WARNING:matplotlib.font_manager:findfont: Generic family 'sans-serif' not found because none of the following families were found: Readex Pro
WARNING:matplotlib.font_manager:findfont: Generic family 'sans-serif' not found because none of the following families were found: Readex Pro
WARNING:matplotlib.font_manager:findfont: Generic family 'sans-serif' not found because none of the following families were found: Readex Pro
WARNING:matplotlib.font_manager:findfont: Generic family 'sans-serif' not found because none of the following families were found: Readex Pro
WARNING:matplotlib.font_manager:findfont: Generic family 'sans-serif' not found because none of the following families were found: Readex Pro
WARNING:matplotlib.font_manager:findfont: Generic family 'sans-serif' not found because none of the following families were found: Readex Pro
WARNING:matplotlib.font_manager:findfont: Generic family 'sans-serif' not found because none of the following families were found: Readex Pro
WARNING:matplotlib.font_manager:findfont: Generic family 'sans-serif' not found because none of the following families were found: Readex Pro
WARNING:matplotlib.font_manager:findfont: Generic family 'sans-serif' not found because none of the following families were found: Readex Pro
WARNING:matplotlib.font_manager:findfont: Generic family 'sans-serif' not found because none of the following families were found: Readex Pro
WARNING:matplotlib.font_manager:findfont: Generic family 'sans-serif' not found because none of the following families were found: Readex Pro
WARNING:matplotlib.font_manager:findfont: Generic family 'sans-serif' not found because none of the following families were found: Readex Pro
WARNING:matplotlib.font_manager:findfont: Generic family 'sans-serif' not found because none of the following families were found: Readex Pro
WARNING:matplotlib.font_manager:findfont: Generic family 'sans-serif' not found because none of the following families were found: Readex Pro
WARNING:matplotlib.font_manager:findfont: Generic family 'sans-serif' not found because none of the following families were found: Readex Pro
WARNING:matplotlib.font_manager:findfont: Generic family 'sans-serif' not found because none of the following families were found: Readex Pro
WARNING:matplotlib.font_manager:findfont: Generic family 'sans-serif' not found because none of the following families were found: Readex Pro
WARNING:matplotlib.font_manager:findfont: Generic family 'sans-serif' not found because none of the following families were found: Readex Pro
WARNING:matplotlib.font_manager:findfont: Generic family 'sans-serif' not found because none of the following families were found: Readex Pro
WARNING:matplotlib.font_manager:findfont: Generic family 'sans-serif' not found because none of the following families were found: Readex Pro
WARNING:matplotlib.font_manager:findfont: Generic family 'sans-serif' not found because none of the following families were found: Readex Pro
WARNING:matplotlib.font_manager:findfont: Generic family 'sans-serif' not found because none of the following families were found: Readex Pro
WARNING:matplotlib.font_manager:findfont: Generic family 'sans-serif' not found because none of the following families were found: Readex Pro
WARNING:matplotlib.font_manager:findfont: Generic family 'sans-serif' not found because none of the following families were found: Readex Pro
WARNING:matplotlib.font_manager:findfont: Generic family 'sans-serif' not found because none of the following families were found: Readex Pro
WARNING:matplotlib.font_manager:findfont: Generic family 'sans-serif' not found because none of the following families were found: Readex Pro
WARNING:matplotlib.font_manager:findfont: Generic family 'sans-serif' not found because none of the following families were found: Readex Pro
WARNING:matplotlib.font_manager:findfont: Generic family 'sans-serif' not found because none of the following families were found: Readex Pro
WARNING:matplotlib.font_manager:findfont: Generic family 'sans-serif' not found because none of the following families were found: Readex Pro
WARNING:matplotlib.font_manager:findfont: Generic family 'sans-serif' not found because none of the following families were found: Readex Pro
WARNING:matplotlib.font_manager:findfont: Generic family 'sans-serif' not found because none of the following families were found: Readex Pro
WARNING:matplotlib.font_manager:findfont: Generic family 'sans-serif' not found because none of the following families were found: Readex Pro
WARNING:matplotlib.font_manager:findfont: Generic family 'sans-serif' not found because none of the following families were found: Readex Pro
WARNING:matplotlib.font_manager:findfont: Generic family 'sans-serif' not found because none of the following families were found: Readex Pro
WARNING:matplotlib.font_manager:findfont: Generic family 'sans-serif' not found because none of the following families were found: Readex Pro
WARNING:matplotlib.font_manager:findfont: Generic family 'sans-serif' not found because none of the following families were found: Readex Pro
WARNING:matplotlib.font_manager:findfont: Generic family 'sans-serif' not found because none of the following families were found: Readex Pro
WARNING:matplotlib.font_manager:findfont: Generic family 'sans-serif' not found because none of the following families were found: Readex Pro
WARNING:matplotlib.font_manager:findfont: Generic family 'sans-serif' not found because none of the following families were found: Readex Pro
WARNING:matplotlib.font_manager:findfont: Generic family 'sans-serif' not found because none of the following families were found: Readex Pro
WARNING:matplotlib.font_manager:findfont: Generic family 'sans-serif' not found because none of the following families were found: Readex Pro
WARNING:matplotlib.font_manager:findfont: Generic family 'sans-serif' not found because none of the following families were found: Readex Pro
WARNING:matplotlib.font_manager:findfont: Generic family 'sans-serif' not found because none of the following families were found: Readex Pro
WARNING:matplotlib.font_manager:findfont: Generic family 'sans-serif' not found because none of the following families were found: Readex Pro
WARNING:matplotlib.font_manager:findfont: Generic family 'sans-serif' not found because none of the following families were found: Readex Pro
WARNING:matplotlib.font_manager:findfont: Generic family 'sans-serif' not found because none of the following families were found: Readex Pro
WARNING:matplotlib.font_manager:findfont: Generic family 'sans-serif' not found because none of the following families were found: Readex Pro
WARNING:matplotlib.font_manager:findfont: Generic family 'sans-serif' not found because none of the following families were found: Readex Pro
WARNING:matplotlib.font_manager:findfont: Generic family 'sans-serif' not found because none of the following families were found: Readex Pro
WARNING:matplotlib.font_manager:findfont: Generic family 'sans-serif' not found because none of the following families were found: Readex Pro
WARNING:matplotlib.font_manager:findfont: Generic family 'sans-serif' not found because none of the following families were found: Readex Pro
WARNING:matplotlib.font_manager:findfont: Generic family 'sans-serif' not found because none of the following families were found: Readex Pro
WARNING:matplotlib.font_manager:findfont: Generic family 'sans-serif' not found because none of the following families were found: Readex Pro
WARNING:matplotlib.font_manager:findfont: Generic family 'sans-serif' not found because none of the following families were found: Readex Pro
WARNING:matplotlib.font_manager:findfont: Generic family 'sans-serif' not found because none of the following families were found: Readex Pro
WARNING:matplotlib.font_manager:findfont: Generic family 'sans-serif' not found because none of the following families were found: Readex Pro
WARNING:matplotlib.font_manager:findfont: Generic family 'sans-serif' not found because none of the following families were found: Readex Pro
WARNING:matplotlib.font_manager:findfont: Generic family 'sans-serif' not found because none of the following families were found: Readex Pro
WARNING:matplotlib.font_manager:findfont: Generic family 'sans-serif' not found because none of the following families were found: Readex Pro
WARNING:matplotlib.font_manager:findfont: Generic family 'sans-serif' not found because none of the following families were found: Readex Pro
WARNING:matplotlib.font_manager:findfont: Generic family 'sans-serif' not found because none of the following families were found: Readex Pro
WARNING:matplotlib.font_manager:findfont: Generic family 'sans-serif' not found because none of the following families were found: Readex Pro
WARNING:matplotlib.font_manager:findfont: Generic family 'sans-serif' not found because none of the following families were found: Readex Pro
WARNING:matplotlib.font_manager:findfont: Generic family 'sans-serif' not found because none of the following families were found: Readex Pro
WARNING:matplotlib.font_manager:findfont: Generic family 'sans-serif' not found because none of the following families were found: Readex Pro
WARNING:matplotlib.font_manager:findfont: Generic family 'sans-serif' not found because none of the following families were found: Readex Pro
WARNING:matplotlib.font_manager:findfont: Generic family 'sans-serif' not found because none of the following families were found: Readex Pro
WARNING:matplotlib.font_manager:findfont: Generic family 'sans-serif' not found because none of the following families were found: Readex Pro
WARNING:matplotlib.font_manager:findfont: Generic family 'sans-serif' not found because none of the following families were found: Readex Pro
WARNING:matplotlib.font_manager:findfont: Generic family 'sans-serif' not found because none of the following families were found: Readex Pro
WARNING:matplotlib.font_manager:findfont: Generic family 'sans-serif' not found because none of the following families were found: Readex Pro
WARNING:matplotlib.font_manager:findfont: Generic family 'sans-serif' not found because none of the following families were found: Readex Pro
WARNING:matplotlib.font_manager:findfont: Generic family 'sans-serif' not found because none of the following families were found: Readex Pro
WARNING:matplotlib.font_manager:findfont: Generic family 'sans-serif' not found because none of the following families were found: Readex Pro
WARNING:matplotlib.font_manager:findfont: Generic family 'sans-serif' not found because none of the following families were found: Readex Pro
WARNING:matplotlib.font_manager:findfont: Generic family 'sans-serif' not found because none of the following families were found: Readex Pro
WARNING:matplotlib.font_manager:findfont: Generic family 'sans-serif' not found because none of the following families were found: Readex Pro
WARNING:matplotlib.font_manager:findfont: Generic family 'sans-serif' not found because none of the following families were found: Readex Pro
WARNING:matplotlib.font_manager:findfont: Generic family 'sans-serif' not found because none of the following families were found: Readex Pro
WARNING:matplotlib.font_manager:findfont: Generic family 'sans-serif' not found because none of the following families were found: Readex Pro
WARNING:matplotlib.font_manager:findfont: Generic family 'sans-serif' not found because none of the following families were found: Readex Pro
WARNING:matplotlib.font_manager:findfont: Generic family 'sans-serif' not found because none of the following families were found: Readex Pro
WARNING:matplotlib.font_manager:findfont: Generic family 'sans-serif' not found because none of the following families were found: Readex Pro
WARNING:matplotlib.font_manager:findfont: Generic family 'sans-serif' not found because none of the following families were found: Readex Pro
WARNING:matplotlib.font_manager:findfont: Generic family 'sans-serif' not found because none of the following families were found: Readex Pro
WARNING:matplotlib.font_manager:findfont: Generic family 'sans-serif' not found because none of the following families were found: Readex Pro
WARNING:matplotlib.font_manager:findfont: Generic family 'sans-serif' not found because none of the following families were found: Readex Pro
WARNING:matplotlib.font_manager:findfont: Generic family 'sans-serif' not found because none of the following families were found: Readex Pro
WARNING:matplotlib.font_manager:findfont: Generic family 'sans-serif' not found because none of the following families were found: Readex Pro
WARNING:matplotlib.font_manager:findfont: Generic family 'sans-serif' not found because none of the following families were found: Readex Pro
WARNING:matplotlib.font_manager:findfont: Generic family 'sans-serif' not found because none of the following families were found: Readex Pro
WARNING:matplotlib.font_manager:findfont: Generic family 'sans-serif' not found because none of the following families were found: Readex Pro
WARNING:matplotlib.font_manager:findfont: Generic family 'sans-serif' not found because none of the following families were found: Readex Pro
WARNING:matplotlib.font_manager:findfont: Generic family 'sans-serif' not found because none of the following families were found: Readex Pro
WARNING:matplotlib.font_manager:findfont: Generic family 'sans-serif' not found because none of the following families were found: Readex Pro
WARNING:matplotlib.font_manager:findfont: Generic family 'sans-serif' not found because none of the following families were found: Readex Pro
WARNING:matplotlib.font_manager:findfont: Generic family 'sans-serif' not found because none of the following families were found: Readex Pro
WARNING:matplotlib.font_manager:findfont: Generic family 'sans-serif' not found because none of the following families were found: Readex Pro
WARNING:matplotlib.font_manager:findfont: Generic family 'sans-serif' not found because none of the following families were found: Readex Pro
WARNING:matplotlib.font_manager:findfont: Generic family 'sans-serif' not found because none of the following families were found: Readex Pro
WARNING:matplotlib.font_manager:findfont: Generic family 'sans-serif' not found because none of the following families were found: Readex Pro
WARNING:matplotlib.font_manager:findfont: Generic family 'sans-serif' not found because none of the following families were found: Readex Pro
WARNING:matplotlib.font_manager:findfont: Generic family 'sans-serif' not found because none of the following families were found: Readex Pro
WARNING:matplotlib.font_manager:findfont: Generic family 'sans-serif' not found because none of the following families were found: Readex Pro
WARNING:matplotlib.font_manager:findfont: Generic family 'sans-serif' not found because none of the following families were found: Readex Pro
WARNING:matplotlib.font_manager:findfont: Generic family 'sans-serif' not found because none of the following families were found: Readex Pro
WARNING:matplotlib.font_manager:findfont: Generic family 'sans-serif' not found because none of the following families were found: Readex Pro
WARNING:matplotlib.font_manager:findfont: Generic family 'sans-serif' not found because none of the following families were found: Readex Pro
WARNING:matplotlib.font_manager:findfont: Generic family 'sans-serif' not found because none of the following families were found: Readex Pro
WARNING:matplotlib.font_manager:findfont: Generic family 'sans-serif' not found because none of the following families were found: Readex Pro
WARNING:matplotlib.font_manager:findfont: Generic family 'sans-serif' not found because none of the following families were found: Readex Pro
WARNING:matplotlib.font_manager:findfont: Generic family 'sans-serif' not found because none of the following families were found: Readex Pro
WARNING:matplotlib.font_manager:findfont: Generic family 'sans-serif' not found because none of the following families were found: Readex Pro
WARNING:matplotlib.font_manager:findfont: Generic family 'sans-serif' not found because none of the following families were found: Readex Pro
WARNING:matplotlib.font_manager:findfont: Generic family 'sans-serif' not found because none of the following families were found: Readex Pro
WARNING:matplotlib.font_manager:findfont: Generic family 'sans-serif' not found because none of the following families were found: Readex Pro
WARNING:matplotlib.font_manager:findfont: Generic family 'sans-serif' not found because none of the following families were found: Readex Pro
WARNING:matplotlib.font_manager:findfont: Generic family 'sans-serif' not found because none of the following families were found: Readex Pro
WARNING:matplotlib.font_manager:findfont: Generic family 'sans-serif' not found because none of the following families were found: Readex Pro
WARNING:matplotlib.font_manager:findfont: Generic family 'sans-serif' not found because none of the following families were found: Readex Pro
WARNING:matplotlib.font_manager:findfont: Generic family 'sans-serif' not found because none of the following families were found: Readex Pro
WARNING:matplotlib.font_manager:findfont: Generic family 'sans-serif' not found because none of the following families were found: Readex Pro
WARNING:matplotlib.font_manager:findfont: Generic family 'sans-serif' not found because none of the following families were found: Readex Pro
WARNING:matplotlib.font_manager:findfont: Generic family 'sans-serif' not found because none of the following families were found: Readex Pro
WARNING:matplotlib.font_manager:findfont: Generic family 'sans-serif' not found because none of the following families were found: Readex Pro
WARNING:matplotlib.font_manager:findfont: Generic family 'sans-serif' not found because none of the following families were found: Readex Pro
WARNING:matplotlib.font_manager:findfont: Generic family 'sans-serif' not found because none of the following families were found: Readex Pro
WARNING:matplotlib.font_manager:findfont: Generic family 'sans-serif' not found because none of the following families were found: Readex Pro
WARNING:matplotlib.font_manager:findfont: Generic family 'sans-serif' not found because none of the following families were found: Readex Pro
WARNING:matplotlib.font_manager:findfont: Generic family 'sans-serif' not found because none of the following families were found: Readex Pro
WARNING:matplotlib.font_manager:findfont: Generic family 'sans-serif' not found because none of the following families were found: Readex Pro
WARNING:matplotlib.font_manager:findfont: Generic family 'sans-serif' not found because none of the following families were found: Readex Pro
WARNING:matplotlib.font_manager:findfont: Generic family 'sans-serif' not found because none of the following families were found: Readex Pro
WARNING:matplotlib.font_manager:findfont: Generic family 'sans-serif' not found because none of the following families were found: Readex Pro
WARNING:matplotlib.font_manager:findfont: Generic family 'sans-serif' not found because none of the following families were found: Readex Pro
WARNING:matplotlib.font_manager:findfont: Generic family 'sans-serif' not found because none of the following families were found: Readex Pro
WARNING:matplotlib.font_manager:findfont: Generic family 'sans-serif' not found because none of the following families were found: Readex Pro
WARNING:matplotlib.font_manager:findfont: Generic family 'sans-serif' not found because none of the following families were found: Readex Pro
WARNING:matplotlib.font_manager:findfont: Generic family 'sans-serif' not found because none of the following families were found: Readex Pro
WARNING:matplotlib.font_manager:findfont: Generic family 'sans-serif' not found because none of the following families were found: Readex Pro
WARNING:matplotlib.font_manager:findfont: Generic family 'sans-serif' not found because none of the following families were found: Readex Pro
WARNING:matplotlib.font_manager:findfont: Generic family 'sans-serif' not found because none of the following families were found: Readex Pro
WARNING:matplotlib.font_manager:findfont: Generic family 'sans-serif' not found because none of the following families were found: Readex Pro
WARNING:matplotlib.font_manager:findfont: Generic family 'sans-serif' not found because none of the following families were found: Readex Pro
WARNING:matplotlib.font_manager:findfont: Generic family 'sans-serif' not found because none of the following families were found: Readex Pro
WARNING:matplotlib.font_manager:findfont: Generic family 'sans-serif' not found because none of the following families were found: Readex Pro
WARNING:matplotlib.font_manager:findfont: Generic family 'sans-serif' not found because none of the following families were found: Readex Pro
WARNING:matplotlib.font_manager:findfont: Generic family 'sans-serif' not found because none of the following families were found: Readex Pro
WARNING:matplotlib.font_manager:findfont: Generic family 'sans-serif' not found because none of the following families were found: Readex Pro
WARNING:matplotlib.font_manager:findfont: Generic family 'sans-serif' not found because none of the following families were found: Readex Pro
WARNING:matplotlib.font_manager:findfont: Generic family 'sans-serif' not found because none of the following families were found: Readex Pro
WARNING:matplotlib.font_manager:findfont: Generic family 'sans-serif' not found because none of the following families were found: Readex Pro
WARNING:matplotlib.font_manager:findfont: Generic family 'sans-serif' not found because none of the following families were found: Readex Pro
WARNING:matplotlib.font_manager:findfont: Generic family 'sans-serif' not found because none of the following families were found: Readex Pro
WARNING:matplotlib.font_manager:findfont: Generic family 'sans-serif' not found because none of the following families were found: Readex Pro
WARNING:matplotlib.font_manager:findfont: Generic family 'sans-serif' not found because none of the following families were found: Readex Pro
WARNING:matplotlib.font_manager:findfont: Generic family 'sans-serif' not found because none of the following families were found: Readex Pro
WARNING:matplotlib.font_manager:findfont: Generic family 'sans-serif' not found because none of the following families were found: Readex Pro
WARNING:matplotlib.font_manager:findfont: Generic family 'sans-serif' not found because none of the following families were found: Readex Pro
WARNING:matplotlib.font_manager:findfont: Generic family 'sans-serif' not found because none of the following families were found: Readex Pro
WARNING:matplotlib.font_manager:findfont: Generic family 'sans-serif' not found because none of the following families were found: Readex Pro
WARNING:matplotlib.font_manager:findfont: Generic family 'sans-serif' not found because none of the following families were found: Readex Pro
WARNING:matplotlib.font_manager:findfont: Generic family 'sans-serif' not found because none of the following families were found: Readex Pro
WARNING:matplotlib.font_manager:findfont: Generic family 'sans-serif' not found because none of the following families were found: Readex Pro
WARNING:matplotlib.font_manager:findfont: Generic family 'sans-serif' not found because none of the following families were found: Readex Pro
WARNING:matplotlib.font_manager:findfont: Generic family 'sans-serif' not found because none of the following families were found: Readex Pro
WARNING:matplotlib.font_manager:findfont: Generic family 'sans-serif' not found because none of the following families were found: Readex Pro
WARNING:matplotlib.font_manager:findfont: Generic family 'sans-serif' not found because none of the following families were found: Readex Pro
WARNING:matplotlib.font_manager:findfont: Generic family 'sans-serif' not found because none of the following families were found: Readex Pro
WARNING:matplotlib.font_manager:findfont: Generic family 'sans-serif' not found because none of the following families were found: Readex Pro
WARNING:matplotlib.font_manager:findfont: Generic family 'sans-serif' not found because none of the following families were found: Readex Pro
WARNING:matplotlib.font_manager:findfont: Generic family 'sans-serif' not found because none of the following families were found: Readex Pro
WARNING:matplotlib.font_manager:findfont: Generic family 'sans-serif' not found because none of the following families were found: Readex Pro
WARNING:matplotlib.font_manager:findfont: Generic family 'sans-serif' not found because none of the following families were found: Readex Pro
WARNING:matplotlib.font_manager:findfont: Generic family 'sans-serif' not found because none of the following families were found: Readex Pro
WARNING:matplotlib.font_manager:findfont: Generic family 'sans-serif' not found because none of the following families were found: Readex Pro
WARNING:matplotlib.font_manager:findfont: Generic family 'sans-serif' not found because none of the following families were found: Readex Pro
WARNING:matplotlib.font_manager:findfont: Generic family 'sans-serif' not found because none of the following families were found: Readex Pro
WARNING:matplotlib.font_manager:findfont: Generic family 'sans-serif' not found because none of the following families were found: Readex Pro
WARNING:matplotlib.font_manager:findfont: Generic family 'sans-serif' not found because none of the following families were found: Readex Pro
WARNING:matplotlib.font_manager:findfont: Generic family 'sans-serif' not found because none of the following families were found: Readex Pro
WARNING:matplotlib.font_manager:findfont: Generic family 'sans-serif' not found because none of the following families were found: Readex Pro
WARNING:matplotlib.font_manager:findfont: Generic family 'sans-serif' not found because none of the following families were found: Readex Pro
WARNING:matplotlib.font_manager:findfont: Generic family 'sans-serif' not found because none of the following families were found: Readex Pro
WARNING:matplotlib.font_manager:findfont: Generic family 'sans-serif' not found because none of the following families were found: Readex Pro
WARNING:matplotlib.font_manager:findfont: Generic family 'sans-serif' not found because none of the following families were found: Readex Pro
WARNING:matplotlib.font_manager:findfont: Generic family 'sans-serif' not found because none of the following families were found: Readex Pro
WARNING:matplotlib.font_manager:findfont: Generic family 'sans-serif' not found because none of the following families were found: Readex Pro
WARNING:matplotlib.font_manager:findfont: Generic family 'sans-serif' not found because none of the following families were found: Readex Pro
WARNING:matplotlib.font_manager:findfont: Generic family 'sans-serif' not found because none of the following families were found: Readex Pro
WARNING:matplotlib.font_manager:findfont: Generic family 'sans-serif' not found because none of the following families were found: Readex Pro
WARNING:matplotlib.font_manager:findfont: Generic family 'sans-serif' not found because none of the following families were found: Readex Pro
WARNING:matplotlib.font_manager:findfont: Generic family 'sans-serif' not found because none of the following families were found: Readex Pro
WARNING:matplotlib.font_manager:findfont: Generic family 'sans-serif' not found because none of the following families were found: Readex Pro
WARNING:matplotlib.font_manager:findfont: Generic family 'sans-serif' not found because none of the following families were found: Readex Pro
WARNING:matplotlib.font_manager:findfont: Generic family 'sans-serif' not found because none of the following families were found: Readex Pro
WARNING:matplotlib.font_manager:findfont: Generic family 'sans-serif' not found because none of the following families were found: Readex Pro
WARNING:matplotlib.font_manager:findfont: Generic family 'sans-serif' not found because none of the following families were found: Readex Pro
WARNING:matplotlib.font_manager:findfont: Generic family 'sans-serif' not found because none of the following families were found: Readex Pro
WARNING:matplotlib.font_manager:findfont: Generic family 'sans-serif' not found because none of the following families were found: Readex Pro
WARNING:matplotlib.font_manager:findfont: Generic family 'sans-serif' not found because none of the following families were found: Readex Pro
WARNING:matplotlib.font_manager:findfont: Generic family 'sans-serif' not found because none of the following families were found: Readex Pro
WARNING:matplotlib.font_manager:findfont: Generic family 'sans-serif' not found because none of the following families were found: Readex Pro
WARNING:matplotlib.font_manager:findfont: Generic family 'sans-serif' not found because none of the following families were found: Readex Pro
WARNING:matplotlib.font_manager:findfont: Generic family 'sans-serif' not found because none of the following families were found: Readex Pro
WARNING:matplotlib.font_manager:findfont: Generic family 'sans-serif' not found because none of the following families were found: Readex Pro
WARNING:matplotlib.font_manager:findfont: Generic family 'sans-serif' not found because none of the following families were found: Readex Pro
WARNING:matplotlib.font_manager:findfont: Generic family 'sans-serif' not found because none of the following families were found: Readex Pro
WARNING:matplotlib.font_manager:findfont: Generic family 'sans-serif' not found because none of the following families were found: Readex Pro
[0m
[32mSaving model evaluation...[0m
[32mGenerating training graphs...[0m
[33mTotal time: 09:08:51[0m
[35mEverything done![0m
