2023-05-05 14:00:17.024432: I tensorflow/core/platform/cpu_feature_guard.cc:193] This TensorFlow binary is optimized with oneAPI Deep Neural Network Library (oneDNN) to use the following CPU instructions in performance-critical operations:  AVX2 FMA
To enable them in other operations, rebuild TensorFlow with the appropriate compiler flags.
2023-05-05 14:00:23.056218: W tensorflow/compiler/xla/stream_executor/platform/default/dso_loader.cc:64] Could not load dynamic library 'libnvinfer.so.7'; dlerror: libnvinfer.so.7: cannot open shared object file: No such file or directory
2023-05-05 14:00:23.056738: W tensorflow/compiler/xla/stream_executor/platform/default/dso_loader.cc:64] Could not load dynamic library 'libnvinfer_plugin.so.7'; dlerror: libnvinfer_plugin.so.7: cannot open shared object file: No such file or directory
2023-05-05 14:00:23.056757: W tensorflow/compiler/tf2tensorrt/utils/py_utils.cc:38] TF-TRT Warning: Cannot dlopen some TensorRT libraries. If you would like to use Nvidia GPU with TensorRT, please make sure the missing libraries mentioned above are installed properly.
Matplotlib created a temporary config/cache directory at /tmp/matplotlib-1gw9e8dw because the default path (/home/cristec/.config/matplotlib) is not a writable directory; it is highly recommended to set the MPLCONFIGDIR environment variable to a writable directory, in particular to speed up the import of Matplotlib and to better support multiprocessing.
[35mStarting script...[0m
2023-05-05 14:00:33.350302: I tensorflow/core/platform/cpu_feature_guard.cc:193] This TensorFlow binary is optimized with oneAPI Deep Neural Network Library (oneDNN) to use the following CPU instructions in performance-critical operations:  AVX2 FMA
To enable them in other operations, rebuild TensorFlow with the appropriate compiler flags.
2023-05-05 14:00:35.739037: I tensorflow/core/common_runtime/gpu/gpu_device.cc:1613] Created device /job:localhost/replica:0/task:0/device:GPU:0 with 7425 MB memory:  -> device: 0, name: Quadro M4000, pci bus id: 0000:04:00.0, compute capability: 5.2
[32mLoading train dataset information...[0m
WARNING:tensorflow:From /shared_storage/cristec/conda/envs/ML/lib/python3.10/site-packages/tensorflow/python/autograph/pyct/static_analysis/liveness.py:83: Analyzer.lamba_check (from tensorflow.python.autograph.pyct.static_analysis.liveness) is deprecated and will be removed after 2023-09-23.
Instructions for updating:
Lambda fuctions will be no more assumed to be used in the statement where they are used, or at least in the same block. https://github.com/tensorflow/tensorflow/issues/56089
[32mLoading validation dataset information...[0m
[32mLoading test dataset information...[0m
[32mSaving model architecture text summary...[0m
[32mTraining model...[0m
[36m
Epoch 1/500
2023-05-05 14:00:59.096547: E tensorflow/core/grappler/optimizers/meta_optimizer.cc:954] layout failed: INVALID_ARGUMENT: Size of values 0 does not match size of permutation 4 @ fanin shape inmodel_1/residual_0/dropout/dropout/SelectV2-2-TransposeNHWCToNCHW-LayoutOptimizer
2023-05-05 14:01:02.135389: I tensorflow/compiler/xla/stream_executor/cuda/cuda_dnn.cc:428] Loaded cuDNN version 8101
2023-05-05 14:01:03.016664: I tensorflow/tsl/platform/default/subprocess.cc:304] Start cannot spawn child process: No such file or directory
2023-05-05 14:01:10.907004: I tensorflow/compiler/xla/service/service.cc:173] XLA service 0x7fa4b8019a50 initialized for platform CUDA (this does not guarantee that XLA will be used). Devices:
2023-05-05 14:01:10.907030: I tensorflow/compiler/xla/service/service.cc:181]   StreamExecutor device (0): Quadro M4000, Compute Capability 5.2
2023-05-05 14:01:11.000414: I tensorflow/compiler/mlir/tensorflow/utils/dump_mlir_util.cc:268] disabling MLIR crash reproducer, set env var `MLIR_CRASH_REPRODUCER_DIRECTORY` to enable.
2023-05-05 14:01:11.662508: I tensorflow/tsl/platform/default/subprocess.cc:304] Start cannot spawn child process: No such file or directory
2023-05-05 14:01:11.741831: I tensorflow/compiler/jit/xla_compilation_cache.cc:477] Compiled cluster using XLA!  This line is logged at most once for the lifetime of the process.

Epoch 1: val_loss improved from inf to 0.07465, saving model to models/resnet_lpips_25-30
WARNING:absl:Found untraced functions such as _jit_compiled_convolution_op, _jit_compiled_convolution_op, _jit_compiled_convolution_op, padding2d_layer_call_fn, padding2d_layer_call_and_return_conditional_losses while saving (showing 5 of 315). These functions will not be directly callable after loading.
2500/2500 - 4390s - loss: 0.0674 - psnr: 18.6162 - ssim: 0.5428 - val_loss: 0.0746 - val_psnr: 16.7518 - val_ssim: 0.6166 - lr: 0.0100 - 4390s/epoch - 2s/step
Epoch 2/500

Epoch 2: val_loss did not improve from 0.07465
2500/2500 - 3662s - loss: 0.0472 - psnr: 21.0914 - ssim: 0.6545 - val_loss: 0.1066 - val_psnr: 12.8247 - val_ssim: 0.6066 - lr: 0.0100 - 3662s/epoch - 1s/step
Epoch 3/500

Epoch 3: val_loss did not improve from 0.07465
2500/2500 - 3662s - loss: 0.0426 - psnr: 21.7800 - ssim: 0.6845 - val_loss: 0.1306 - val_psnr: 11.0644 - val_ssim: 0.5850 - lr: 0.0100 - 3662s/epoch - 1s/step
Epoch 4/500

Epoch 4: val_loss did not improve from 0.07465
2500/2500 - 3663s - loss: 0.0405 - psnr: 22.0827 - ssim: 0.6980 - val_loss: 0.0959 - val_psnr: 13.1399 - val_ssim: 0.6335 - lr: 0.0100 - 3663s/epoch - 1s/step
Epoch 5/500

Epoch 5: val_loss improved from 0.07465 to 0.06758, saving model to models/resnet_lpips_25-30
WARNING:absl:Found untraced functions such as _jit_compiled_convolution_op, _jit_compiled_convolution_op, _jit_compiled_convolution_op, padding2d_layer_call_fn, padding2d_layer_call_and_return_conditional_losses while saving (showing 5 of 315). These functions will not be directly callable after loading.
2500/2500 - 3685s - loss: 0.0389 - psnr: 22.3498 - ssim: 0.7093 - val_loss: 0.0676 - val_psnr: 16.2748 - val_ssim: 0.6799 - lr: 0.0100 - 3685s/epoch - 1s/step
Epoch 6/500

Epoch 6: val_loss did not improve from 0.06758
2500/2500 - 3663s - loss: 0.0380 - psnr: 22.5111 - ssim: 0.7161 - val_loss: 0.0815 - val_psnr: 14.2959 - val_ssim: 0.6666 - lr: 0.0100 - 3663s/epoch - 1s/step
Epoch 7/500

Epoch 7: val_loss did not improve from 0.06758
2500/2500 - 3663s - loss: 0.0372 - psnr: 22.6447 - ssim: 0.7219 - val_loss: 0.0799 - val_psnr: 14.5354 - val_ssim: 0.6715 - lr: 0.0100 - 3663s/epoch - 1s/step
Epoch 8/500

Epoch 8: val_loss improved from 0.06758 to 0.03742, saving model to models/resnet_lpips_25-30
WARNING:absl:Found untraced functions such as _jit_compiled_convolution_op, _jit_compiled_convolution_op, _jit_compiled_convolution_op, padding2d_layer_call_fn, padding2d_layer_call_and_return_conditional_losses while saving (showing 5 of 315). These functions will not be directly callable after loading.
2500/2500 - 3684s - loss: 0.0365 - psnr: 22.7819 - ssim: 0.7270 - val_loss: 0.0374 - val_psnr: 22.1254 - val_ssim: 0.7277 - lr: 0.0100 - 3684s/epoch - 1s/step
Epoch 9/500

Epoch 9: val_loss did not improve from 0.03742
2500/2500 - 3664s - loss: 0.0362 - psnr: 22.8296 - ssim: 0.7293 - val_loss: 0.0577 - val_psnr: 17.4808 - val_ssim: 0.7056 - lr: 0.0100 - 3664s/epoch - 1s/step
Epoch 10/500

Epoch 10: val_loss did not improve from 0.03742
2500/2500 - 3664s - loss: 0.0357 - psnr: 22.9295 - ssim: 0.7321 - val_loss: 0.0427 - val_psnr: 20.3250 - val_ssim: 0.7304 - lr: 0.0100 - 3664s/epoch - 1s/step
Epoch 11/500

Epoch 11: val_loss did not improve from 0.03742
2500/2500 - 3664s - loss: 0.0365 - psnr: 22.7872 - ssim: 0.7284 - val_loss: 0.0864 - val_psnr: 13.7503 - val_ssim: 0.6667 - lr: 0.0100 - 3664s/epoch - 1s/step
Epoch 12/500

Epoch 12: val_loss did not improve from 0.03742
2500/2500 - 3665s - loss: 0.0355 - psnr: 22.9423 - ssim: 0.7335 - val_loss: 0.1253 - val_psnr: 11.0100 - val_ssim: 0.6269 - lr: 0.0100 - 3665s/epoch - 1s/step
Epoch 13/500

Epoch 13: val_loss did not improve from 0.03742
2500/2500 - 3664s - loss: 0.0350 - psnr: 23.0686 - ssim: 0.7369 - val_loss: 0.0796 - val_psnr: 14.3191 - val_ssim: 0.6800 - lr: 0.0100 - 3664s/epoch - 1s/step
Epoch 14/500

Epoch 14: val_loss improved from 0.03742 to 0.03271, saving model to models/resnet_lpips_25-30
WARNING:absl:Found untraced functions such as _jit_compiled_convolution_op, _jit_compiled_convolution_op, _jit_compiled_convolution_op, padding2d_layer_call_fn, padding2d_layer_call_and_return_conditional_losses while saving (showing 5 of 315). These functions will not be directly callable after loading.
2500/2500 - 3686s - loss: 0.0343 - psnr: 23.1759 - ssim: 0.7408 - val_loss: 0.0327 - val_psnr: 23.4702 - val_ssim: 0.7534 - lr: 0.0100 - 3686s/epoch - 1s/step
Epoch 15/500

Epoch 15: val_loss did not improve from 0.03271
2500/2500 - 3664s - loss: 0.0337 - psnr: 23.2912 - ssim: 0.7440 - val_loss: 0.0328 - val_psnr: 23.4344 - val_ssim: 0.7549 - lr: 0.0100 - 3664s/epoch - 1s/step
Epoch 16/500

Epoch 16: val_loss did not improve from 0.03271
2500/2500 - 3664s - loss: 0.0332 - psnr: 23.3843 - ssim: 0.7467 - val_loss: 0.0345 - val_psnr: 23.4739 - val_ssim: 0.7539 - lr: 0.0100 - 3664s/epoch - 1s/step
Epoch 17/500

Epoch 17: val_loss did not improve from 0.03271
2500/2500 - 3664s - loss: 0.0330 - psnr: 23.4214 - ssim: 0.7485 - val_loss: 0.0844 - val_psnr: 13.8453 - val_ssim: 0.6791 - lr: 0.0100 - 3664s/epoch - 1s/step
Epoch 18/500

Epoch 18: val_loss did not improve from 0.03271
2500/2500 - 3664s - loss: 0.0327 - psnr: 23.4771 - ssim: 0.7506 - val_loss: 0.0337 - val_psnr: 23.3417 - val_ssim: 0.7509 - lr: 0.0100 - 3664s/epoch - 1s/step
Epoch 19/500

Epoch 19: val_loss improved from 0.03271 to 0.03241, saving model to models/resnet_lpips_25-30
WARNING:absl:Found untraced functions such as _jit_compiled_convolution_op, _jit_compiled_convolution_op, _jit_compiled_convolution_op, padding2d_layer_call_fn, padding2d_layer_call_and_return_conditional_losses while saving (showing 5 of 315). These functions will not be directly callable after loading.
2500/2500 - 3685s - loss: 0.0325 - psnr: 23.5186 - ssim: 0.7522 - val_loss: 0.0324 - val_psnr: 23.5326 - val_ssim: 0.7557 - lr: 0.0100 - 3685s/epoch - 1s/step
Epoch 20/500

Epoch 20: val_loss did not improve from 0.03241
2500/2500 - 3666s - loss: 0.0322 - psnr: 23.5730 - ssim: 0.7536 - val_loss: 0.1096 - val_psnr: 11.8991 - val_ssim: 0.6520 - lr: 0.0100 - 3666s/epoch - 1s/step
Epoch 21/500

Epoch 21: val_loss did not improve from 0.03241
2500/2500 - 3666s - loss: 0.0320 - psnr: 23.6161 - ssim: 0.7553 - val_loss: 0.0376 - val_psnr: 22.5792 - val_ssim: 0.7503 - lr: 0.0100 - 3666s/epoch - 1s/step
Epoch 22/500

Epoch 22: val_loss did not improve from 0.03241
2500/2500 - 3666s - loss: 0.0322 - psnr: 23.5790 - ssim: 0.7545 - val_loss: 0.0383 - val_psnr: 22.4144 - val_ssim: 0.7258 - lr: 0.0100 - 3666s/epoch - 1s/step
Epoch 23/500

Epoch 23: val_loss did not improve from 0.03241
2500/2500 - 3666s - loss: 0.0323 - psnr: 23.5483 - ssim: 0.7547 - val_loss: 0.0779 - val_psnr: 14.4573 - val_ssim: 0.6941 - lr: 0.0100 - 3666s/epoch - 1s/step
Epoch 24/500

Epoch 24: val_loss did not improve from 0.03241
2500/2500 - 3666s - loss: 0.0319 - psnr: 23.6344 - ssim: 0.7572 - val_loss: 0.0803 - val_psnr: 15.3277 - val_ssim: 0.7066 - lr: 0.0100 - 3666s/epoch - 1s/step
Epoch 25/500

Epoch 25: val_loss did not improve from 0.03241
2500/2500 - 3666s - loss: 0.0319 - psnr: 23.6466 - ssim: 0.7576 - val_loss: 0.0584 - val_psnr: 17.0499 - val_ssim: 0.7238 - lr: 0.0100 - 3666s/epoch - 1s/step
Epoch 26/500

Epoch 26: val_loss improved from 0.03241 to 0.03102, saving model to models/resnet_lpips_25-30
WARNING:absl:Found untraced functions such as _jit_compiled_convolution_op, _jit_compiled_convolution_op, _jit_compiled_convolution_op, padding2d_layer_call_fn, padding2d_layer_call_and_return_conditional_losses while saving (showing 5 of 315). These functions will not be directly callable after loading.
2500/2500 - 3687s - loss: 0.0316 - psnr: 23.7045 - ssim: 0.7590 - val_loss: 0.0310 - val_psnr: 23.7239 - val_ssim: 0.7651 - lr: 0.0100 - 3687s/epoch - 1s/step
Epoch 27/500

Epoch 27: val_loss did not improve from 0.03102
2500/2500 - 3665s - loss: 0.0318 - psnr: 23.6596 - ssim: 0.7580 - val_loss: 0.0372 - val_psnr: 21.6976 - val_ssim: 0.7551 - lr: 0.0100 - 3665s/epoch - 1s/step
Epoch 28/500

Epoch 28: val_loss did not improve from 0.03102
2500/2500 - 3664s - loss: 0.0315 - psnr: 23.7328 - ssim: 0.7604 - val_loss: 0.0313 - val_psnr: 23.7253 - val_ssim: 0.7695 - lr: 0.0100 - 3664s/epoch - 1s/step
Epoch 29/500

Epoch 29: val_loss did not improve from 0.03102
2500/2500 - 3665s - loss: 0.0312 - psnr: 23.7740 - ssim: 0.7617 - val_loss: 0.0365 - val_psnr: 22.4312 - val_ssim: 0.7491 - lr: 0.0100 - 3665s/epoch - 1s/step
Epoch 30/500

Epoch 30: val_loss did not improve from 0.03102
2500/2500 - 3665s - loss: 0.0311 - psnr: 23.7990 - ssim: 0.7623 - val_loss: 0.0386 - val_psnr: 21.4769 - val_ssim: 0.7579 - lr: 0.0100 - 3665s/epoch - 1s/step
Epoch 31/500

Epoch 31: val_loss did not improve from 0.03102
2500/2500 - 3665s - loss: 0.0310 - psnr: 23.8273 - ssim: 0.7635 - val_loss: 0.0617 - val_psnr: 16.3097 - val_ssim: 0.7262 - lr: 0.0100 - 3665s/epoch - 1s/step
Epoch 32/500

Epoch 32: val_loss did not improve from 0.03102
2500/2500 - 3665s - loss: 0.0308 - psnr: 23.8588 - ssim: 0.7642 - val_loss: 0.0927 - val_psnr: 13.0314 - val_ssim: 0.6823 - lr: 0.0100 - 3665s/epoch - 1s/step
Epoch 33/500

Epoch 33: val_loss did not improve from 0.03102
2500/2500 - 3665s - loss: 0.0308 - psnr: 23.8785 - ssim: 0.7650 - val_loss: 0.0316 - val_psnr: 23.6781 - val_ssim: 0.7708 - lr: 0.0100 - 3665s/epoch - 1s/step
Epoch 34/500

Epoch 34: val_loss did not improve from 0.03102
2500/2500 - 3665s - loss: 0.0311 - psnr: 23.7984 - ssim: 0.7637 - val_loss: 0.0415 - val_psnr: 20.5707 - val_ssim: 0.7548 - lr: 0.0100 - 3665s/epoch - 1s/step
Epoch 35/500

Epoch 35: val_loss did not improve from 0.03102
2500/2500 - 3665s - loss: 0.0316 - psnr: 23.7232 - ssim: 0.7596 - val_loss: 21.2752 - val_psnr: -3.2755e+01 - val_ssim: 0.2038 - lr: 0.0100 - 3665s/epoch - 1s/step
Epoch 36/500

Epoch 36: val_loss did not improve from 0.03102
2500/2500 - 3665s - loss: 0.0523 - psnr: 20.3790 - ssim: 0.6146 - val_loss: 0.0458 - val_psnr: 20.9509 - val_ssim: 0.6533 - lr: 0.0100 - 3665s/epoch - 1s/step
Epoch 37/500

Epoch 37: val_loss did not improve from 0.03102
2500/2500 - 3666s - loss: 0.0452 - psnr: 21.2691 - ssim: 0.6514 - val_loss: 0.5383 - val_psnr: 21.6589 - val_ssim: 0.6789 - lr: 0.0100 - 3666s/epoch - 1s/step
Epoch 38/500

Epoch 38: val_loss did not improve from 0.03102
2500/2500 - 3666s - loss: 0.0425 - psnr: 21.6957 - ssim: 0.6692 - val_loss: 2.2078 - val_psnr: 21.8552 - val_ssim: 0.6909 - lr: 0.0100 - 3666s/epoch - 1s/step
Epoch 39/500

Epoch 39: val_loss did not improve from 0.03102
2500/2500 - 3666s - loss: 0.0411 - psnr: 21.9284 - ssim: 0.6789 - val_loss: 0.0419 - val_psnr: 21.6966 - val_ssim: 0.6962 - lr: 0.0100 - 3666s/epoch - 1s/step
Epoch 40/500

Epoch 40: val_loss did not improve from 0.03102
2500/2500 - 3665s - loss: 0.0400 - psnr: 22.1006 - ssim: 0.6857 - val_loss: 0.0406 - val_psnr: 22.0228 - val_ssim: 0.7031 - lr: 0.0100 - 3665s/epoch - 1s/step
Epoch 41/500

Epoch 41: val_loss did not improve from 0.03102
2500/2500 - 3665s - loss: 0.0393 - psnr: 22.2224 - ssim: 0.6914 - val_loss: 0.0403 - val_psnr: 22.1035 - val_ssim: 0.7080 - lr: 0.0100 - 3665s/epoch - 1s/step
Epoch 42/500

Epoch 42: val_loss did not improve from 0.03102
2500/2500 - 3665s - loss: 0.0387 - psnr: 22.3302 - ssim: 0.6959 - val_loss: 485888.3125 - val_psnr: 22.0120 - val_ssim: 0.7098 - lr: 0.0100 - 3665s/epoch - 1s/step
Epoch 43/500

Epoch 43: val_loss did not improve from 0.03102
2500/2500 - 3665s - loss: 0.0382 - psnr: 22.4081 - ssim: 0.6996 - val_loss: 1396282.0000 - val_psnr: 22.0935 - val_ssim: 0.7108 - lr: 0.0100 - 3665s/epoch - 1s/step
Epoch 44/500

Epoch 44: val_loss did not improve from 0.03102
2500/2500 - 3664s - loss: 0.0378 - psnr: 22.4820 - ssim: 0.7028 - val_loss: 2251246.2500 - val_psnr: 22.1785 - val_ssim: 0.7165 - lr: 0.0100 - 3664s/epoch - 1s/step
Epoch 45/500

Epoch 45: val_loss did not improve from 0.03102
2500/2500 - 3666s - loss: 0.0410 - psnr: 22.0397 - ssim: 0.6850 - val_loss: 0.0543 - val_psnr: 19.8255 - val_ssim: 0.6094 - lr: 0.0100 - 3666s/epoch - 1s/step
Epoch 46/500

Epoch 46: ReduceLROnPlateau reducing learning rate to 0.0019999999552965165.

Epoch 46: val_loss did not improve from 0.03102
2500/2500 - 3665s - loss: 0.0472 - psnr: 20.9900 - ssim: 0.6330 - val_loss: 33690937720832.0000 - val_psnr: -inf - val_ssim: 0.6674 - lr: 0.0100 - 3665s/epoch - 1s/step
Epoch 47/500

Epoch 47: val_loss did not improve from 0.03102
2500/2500 - 3665s - loss: 0.0421 - psnr: 21.7296 - ssim: 0.6574 - val_loss: 0.0393 - val_psnr: 22.0952 - val_ssim: 0.6781 - lr: 0.0020 - 3665s/epoch - 1s/step
Epoch 48/500

Epoch 48: val_loss did not improve from 0.03102
2500/2500 - 3665s - loss: 0.0417 - psnr: 21.7905 - ssim: 0.6600 - val_loss: 15179799551016960.0000 - val_psnr: -inf - val_ssim: nan - lr: 0.0020 - 3665s/epoch - 1s/step
Epoch 49/500

Epoch 49: val_loss did not improve from 0.03102
2500/2500 - 3665s - loss: 0.0410 - psnr: 21.9043 - ssim: 0.6646 - val_loss: 0.0385 - val_psnr: 22.2455 - val_ssim: 0.6816 - lr: 0.0020 - 3665s/epoch - 1s/step
Epoch 50/500

Epoch 50: val_loss did not improve from 0.03102
2500/2500 - 3665s - loss: 0.0405 - psnr: 21.9817 - ssim: 0.6678 - val_loss: 0.0381 - val_psnr: 22.3286 - val_ssim: 0.6852 - lr: 0.0020 - 3665s/epoch - 1s/step
Epoch 51/500

Epoch 51: val_loss did not improve from 0.03102
2500/2500 - 3665s - loss: 0.0401 - psnr: 22.0421 - ssim: 0.6704 - val_loss: 0.0379 - val_psnr: 22.3510 - val_ssim: 0.6854 - lr: 0.0020 - 3665s/epoch - 1s/step
Epoch 52/500

Epoch 52: val_loss did not improve from 0.03102
2500/2500 - 3664s - loss: 0.0398 - psnr: 22.0978 - ssim: 0.6729 - val_loss: 0.0376 - val_psnr: 22.4227 - val_ssim: 0.6882 - lr: 0.0020 - 3664s/epoch - 1s/step
Epoch 53/500

Epoch 53: val_loss did not improve from 0.03102
2500/2500 - 3664s - loss: 0.0395 - psnr: 22.1419 - ssim: 0.6748 - val_loss: 0.0371 - val_psnr: 22.5009 - val_ssim: 0.6901 - lr: 0.0020 - 3664s/epoch - 1s/step
Epoch 54/500

Epoch 54: val_loss did not improve from 0.03102
2500/2500 - 3664s - loss: 0.0393 - psnr: 22.1881 - ssim: 0.6767 - val_loss: 0.0371 - val_psnr: 22.4612 - val_ssim: 0.6903 - lr: 0.0020 - 3664s/epoch - 1s/step
Epoch 55/500

Epoch 55: val_loss did not improve from 0.03102
2500/2500 - 3664s - loss: 0.0392 - psnr: 22.2027 - ssim: 0.6778 - val_loss: 0.0371 - val_psnr: 22.4992 - val_ssim: 0.6914 - lr: 0.0020 - 3664s/epoch - 1s/step
Epoch 56/500

Epoch 56: val_loss did not improve from 0.03102
2500/2500 - 3664s - loss: 0.0391 - psnr: 22.2197 - ssim: 0.6787 - val_loss: 0.0367 - val_psnr: 22.5611 - val_ssim: 0.6932 - lr: 0.0020 - 3664s/epoch - 1s/step
Epoch 57/500

Epoch 57: val_loss did not improve from 0.03102
2500/2500 - 3664s - loss: 0.0388 - psnr: 22.2725 - ssim: 0.6807 - val_loss: 0.0365 - val_psnr: 22.5916 - val_ssim: 0.6953 - lr: 0.0020 - 3664s/epoch - 1s/step
Epoch 58/500

Epoch 58: val_loss did not improve from 0.03102
2500/2500 - 3663s - loss: 0.0385 - psnr: 22.3103 - ssim: 0.6823 - val_loss: 0.0364 - val_psnr: 22.6048 - val_ssim: 0.6959 - lr: 0.0020 - 3663s/epoch - 1s/step
Epoch 59/500

Epoch 59: val_loss did not improve from 0.03102
2500/2500 - 3664s - loss: 0.0384 - psnr: 22.3432 - ssim: 0.6836 - val_loss: 0.0362 - val_psnr: 22.6351 - val_ssim: 0.6973 - lr: 0.0020 - 3664s/epoch - 1s/step
Epoch 60/500

Epoch 60: val_loss did not improve from 0.03102
2500/2500 - 3664s - loss: 0.0382 - psnr: 22.3690 - ssim: 0.6849 - val_loss: 0.0361 - val_psnr: 22.6640 - val_ssim: 0.6975 - lr: 0.0020 - 3664s/epoch - 1s/step
Epoch 61/500

Epoch 61: val_loss did not improve from 0.03102
2500/2500 - 3664s - loss: 0.0380 - psnr: 22.3971 - ssim: 0.6861 - val_loss: 0.0359 - val_psnr: 22.7027 - val_ssim: 0.6985 - lr: 0.0020 - 3664s/epoch - 1s/step
Epoch 62/500

Epoch 62: val_loss did not improve from 0.03102
2500/2500 - 3664s - loss: 0.0379 - psnr: 22.4232 - ssim: 0.6872 - val_loss: 0.0358 - val_psnr: 22.7432 - val_ssim: 0.7013 - lr: 0.0020 - 3664s/epoch - 1s/step
Epoch 63/500

Epoch 63: val_loss did not improve from 0.03102
2500/2500 - 3665s - loss: 0.0378 - psnr: 22.4414 - ssim: 0.6883 - val_loss: 2370715.0000 - val_psnr: 22.7539 - val_ssim: 0.7017 - lr: 0.0020 - 3665s/epoch - 1s/step
Epoch 64/500

Epoch 64: val_loss did not improve from 0.03102
2500/2500 - 3665s - loss: 0.0376 - psnr: 22.4681 - ssim: 0.6894 - val_loss: 3.3453 - val_psnr: 22.7644 - val_ssim: 0.7022 - lr: 0.0020 - 3665s/epoch - 1s/step
Epoch 65/500

Epoch 65: val_loss did not improve from 0.03102
2500/2500 - 3665s - loss: 0.0375 - psnr: 22.4877 - ssim: 0.6903 - val_loss: 1.5626 - val_psnr: 22.7647 - val_ssim: 0.7021 - lr: 0.0020 - 3665s/epoch - 1s/step
Epoch 66/500

Epoch 66: val_loss did not improve from 0.03102
2500/2500 - 3664s - loss: 0.0374 - psnr: 22.5073 - ssim: 0.6912 - val_loss: 1.1061 - val_psnr: 22.7892 - val_ssim: 0.7034 - lr: 0.0020 - 3664s/epoch - 1s/step
Epoch 67/500

Epoch 67: val_loss did not improve from 0.03102
2500/2500 - 3665s - loss: 0.0373 - psnr: 22.5253 - ssim: 0.6921 - val_loss: 0.0353 - val_psnr: 22.8214 - val_ssim: 0.7060 - lr: 0.0020 - 3665s/epoch - 1s/step
Epoch 68/500

Epoch 68: val_loss did not improve from 0.03102
2500/2500 - 3663s - loss: 0.0374 - psnr: 22.5116 - ssim: 0.6923 - val_loss: 0.0354 - val_psnr: 22.8135 - val_ssim: 0.7063 - lr: 0.0020 - 3663s/epoch - 1s/step
Epoch 69/500

Epoch 69: val_loss did not improve from 0.03102
2500/2500 - 3664s - loss: 0.0372 - psnr: 22.5424 - ssim: 0.6933 - val_loss: 315679.7500 - val_psnr: 22.8050 - val_ssim: 0.7062 - lr: 0.0020 - 3664s/epoch - 1s/step
Epoch 70/500

Epoch 70: ReduceLROnPlateau reducing learning rate to 0.0003999999724328518.

Epoch 70: val_loss did not improve from 0.03102
2500/2500 - 3664s - loss: 0.0371 - psnr: 22.5668 - ssim: 0.6943 - val_loss: 636337.5000 - val_psnr: 22.8372 - val_ssim: 0.7071 - lr: 0.0020 - 3664s/epoch - 1s/step
Epoch 71/500

Epoch 71: val_loss did not improve from 0.03102
2500/2500 - 3664s - loss: 0.0365 - psnr: 22.6548 - ssim: 0.6975 - val_loss: 667645.7500 - val_psnr: 22.9585 - val_ssim: 0.7112 - lr: 4.0000e-04 - 3664s/epoch - 1s/step
Epoch 72/500

Epoch 72: val_loss did not improve from 0.03102
2500/2500 - 3664s - loss: 0.0365 - psnr: 22.6638 - ssim: 0.6978 - val_loss: 2825935.2500 - val_psnr: 22.9535 - val_ssim: 0.7114 - lr: 4.0000e-04 - 3664s/epoch - 1s/step
Epoch 73/500

Epoch 73: val_loss did not improve from 0.03102
2500/2500 - 3665s - loss: 0.0365 - psnr: 22.6697 - ssim: 0.6980 - val_loss: 3031552.7500 - val_psnr: 22.9636 - val_ssim: 0.7119 - lr: 4.0000e-04 - 3665s/epoch - 1s/step
Epoch 74/500

Epoch 74: val_loss did not improve from 0.03102
2500/2500 - 3664s - loss: 0.0364 - psnr: 22.6744 - ssim: 0.6982 - val_loss: 54694.0312 - val_psnr: 22.9609 - val_ssim: 0.7116 - lr: 4.0000e-04 - 3664s/epoch - 1s/step
Epoch 75/500

Epoch 75: val_loss did not improve from 0.03102
2500/2500 - 3664s - loss: 0.0364 - psnr: 22.6799 - ssim: 0.6984 - val_loss: 1632665.8750 - val_psnr: 22.9721 - val_ssim: 0.7122 - lr: 4.0000e-04 - 3664s/epoch - 1s/step
Epoch 76/500
Restoring model weights from the end of the best epoch: 26.

Epoch 76: val_loss did not improve from 0.03102
2500/2500 - 3663s - loss: 0.0364 - psnr: 22.6834 - ssim: 0.6987 - val_loss: 8287576590942994432.0000 - val_psnr: -inf - val_ssim: nan - lr: 4.0000e-04 - 3663s/epoch - 1s/step
Epoch 76: early stopping
[0m
[32mSaving model training history...[0m
[32mEvaluating model...[0m
[36m
626/626 - 434s - loss: 0.0311 - psnr: 23.7406 - ssim: 0.7650 - 434s/epoch - 693ms/step
[0m
[32mSaving model evaluation...[0m
[32mGenerating training graphs...[0m
WARNING:matplotlib.font_manager:findfont: Generic family 'sans-serif' not found because none of the following families were found: Readex Pro
WARNING:matplotlib.font_manager:findfont: Generic family 'sans-serif' not found because none of the following families were found: Readex Pro
WARNING:matplotlib.font_manager:findfont: Generic family 'sans-serif' not found because none of the following families were found: Readex Pro
WARNING:matplotlib.font_manager:findfont: Generic family 'sans-serif' not found because none of the following families were found: Readex Pro
WARNING:matplotlib.font_manager:findfont: Generic family 'sans-serif' not found because none of the following families were found: Readex Pro
WARNING:matplotlib.font_manager:findfont: Generic family 'sans-serif' not found because none of the following families were found: Readex Pro
WARNING:matplotlib.font_manager:findfont: Generic family 'sans-serif' not found because none of the following families were found: Readex Pro
WARNING:matplotlib.font_manager:findfont: Generic family 'sans-serif' not found because none of the following families were found: Readex Pro
WARNING:matplotlib.font_manager:findfont: Generic family 'sans-serif' not found because none of the following families were found: Readex Pro
WARNING:matplotlib.font_manager:findfont: Generic family 'sans-serif' not found because none of the following families were found: Readex Pro
WARNING:matplotlib.font_manager:findfont: Generic family 'sans-serif' not found because none of the following families were found: Readex Pro
WARNING:matplotlib.font_manager:findfont: Generic family 'sans-serif' not found because none of the following families were found: Readex Pro
WARNING:matplotlib.font_manager:findfont: Generic family 'sans-serif' not found because none of the following families were found: Readex Pro
WARNING:matplotlib.font_manager:findfont: Generic family 'sans-serif' not found because none of the following families were found: Readex Pro
WARNING:matplotlib.font_manager:findfont: Generic family 'sans-serif' not found because none of the following families were found: Readex Pro
WARNING:matplotlib.font_manager:findfont: Generic family 'sans-serif' not found because none of the following families were found: Readex Pro
WARNING:matplotlib.font_manager:findfont: Generic family 'sans-serif' not found because none of the following families were found: Readex Pro
WARNING:matplotlib.font_manager:findfont: Generic family 'sans-serif' not found because none of the following families were found: Readex Pro
WARNING:matplotlib.font_manager:findfont: Generic family 'sans-serif' not found because none of the following families were found: Readex Pro
WARNING:matplotlib.font_manager:findfont: Generic family 'sans-serif' not found because none of the following families were found: Readex Pro
WARNING:matplotlib.font_manager:findfont: Generic family 'sans-serif' not found because none of the following families were found: Readex Pro
WARNING:matplotlib.font_manager:findfont: Generic family 'sans-serif' not found because none of the following families were found: Readex Pro
WARNING:matplotlib.font_manager:findfont: Generic family 'sans-serif' not found because none of the following families were found: Readex Pro
WARNING:matplotlib.font_manager:findfont: Generic family 'sans-serif' not found because none of the following families were found: Readex Pro
WARNING:matplotlib.font_manager:findfont: Generic family 'sans-serif' not found because none of the following families were found: Readex Pro
WARNING:matplotlib.font_manager:findfont: Generic family 'sans-serif' not found because none of the following families were found: Readex Pro
WARNING:matplotlib.font_manager:findfont: Generic family 'sans-serif' not found because none of the following families were found: Readex Pro
WARNING:matplotlib.font_manager:findfont: Generic family 'sans-serif' not found because none of the following families were found: Readex Pro
WARNING:matplotlib.font_manager:findfont: Generic family 'sans-serif' not found because none of the following families were found: Readex Pro
WARNING:matplotlib.font_manager:findfont: Generic family 'sans-serif' not found because none of the following families were found: Readex Pro
WARNING:matplotlib.font_manager:findfont: Generic family 'sans-serif' not found because none of the following families were found: Readex Pro
WARNING:matplotlib.font_manager:findfont: Generic family 'sans-serif' not found because none of the following families were found: Readex Pro
WARNING:matplotlib.font_manager:findfont: Generic family 'sans-serif' not found because none of the following families were found: Readex Pro
WARNING:matplotlib.font_manager:findfont: Generic family 'sans-serif' not found because none of the following families were found: Readex Pro
WARNING:matplotlib.font_manager:findfont: Generic family 'sans-serif' not found because none of the following families were found: Readex Pro
WARNING:matplotlib.font_manager:findfont: Generic family 'sans-serif' not found because none of the following families were found: Readex Pro
WARNING:matplotlib.font_manager:findfont: Generic family 'sans-serif' not found because none of the following families were found: Readex Pro
WARNING:matplotlib.font_manager:findfont: Generic family 'sans-serif' not found because none of the following families were found: Readex Pro
WARNING:matplotlib.font_manager:findfont: Generic family 'sans-serif' not found because none of the following families were found: Readex Pro
WARNING:matplotlib.font_manager:findfont: Generic family 'sans-serif' not found because none of the following families were found: Readex Pro
WARNING:matplotlib.font_manager:findfont: Generic family 'sans-serif' not found because none of the following families were found: Readex Pro
WARNING:matplotlib.font_manager:findfont: Generic family 'sans-serif' not found because none of the following families were found: Readex Pro
WARNING:matplotlib.font_manager:findfont: Generic family 'sans-serif' not found because none of the following families were found: Readex Pro
WARNING:matplotlib.font_manager:findfont: Generic family 'sans-serif' not found because none of the following families were found: Readex Pro
WARNING:matplotlib.font_manager:findfont: Generic family 'sans-serif' not found because none of the following families were found: Readex Pro
WARNING:matplotlib.font_manager:findfont: Generic family 'sans-serif' not found because none of the following families were found: Readex Pro
WARNING:matplotlib.font_manager:findfont: Generic family 'sans-serif' not found because none of the following families were found: Readex Pro
WARNING:matplotlib.font_manager:findfont: Generic family 'sans-serif' not found because none of the following families were found: Readex Pro
WARNING:matplotlib.font_manager:findfont: Generic family 'sans-serif' not found because none of the following families were found: Readex Pro
WARNING:matplotlib.font_manager:findfont: Generic family 'sans-serif' not found because none of the following families were found: Readex Pro
WARNING:matplotlib.font_manager:findfont: Generic family 'sans-serif' not found because none of the following families were found: Readex Pro
WARNING:matplotlib.font_manager:findfont: Generic family 'sans-serif' not found because none of the following families were found: Readex Pro
WARNING:matplotlib.font_manager:findfont: Generic family 'sans-serif' not found because none of the following families were found: Readex Pro
WARNING:matplotlib.font_manager:findfont: Generic family 'sans-serif' not found because none of the following families were found: Readex Pro
WARNING:matplotlib.font_manager:findfont: Generic family 'sans-serif' not found because none of the following families were found: Readex Pro
WARNING:matplotlib.font_manager:findfont: Generic family 'sans-serif' not found because none of the following families were found: Readex Pro
WARNING:matplotlib.font_manager:findfont: Generic family 'sans-serif' not found because none of the following families were found: Readex Pro
WARNING:matplotlib.font_manager:findfont: Generic family 'sans-serif' not found because none of the following families were found: Readex Pro
WARNING:matplotlib.font_manager:findfont: Generic family 'sans-serif' not found because none of the following families were found: Readex Pro
WARNING:matplotlib.font_manager:findfont: Generic family 'sans-serif' not found because none of the following families were found: Readex Pro
WARNING:matplotlib.font_manager:findfont: Generic family 'sans-serif' not found because none of the following families were found: Readex Pro
WARNING:matplotlib.font_manager:findfont: Generic family 'sans-serif' not found because none of the following families were found: Readex Pro
WARNING:matplotlib.font_manager:findfont: Generic family 'sans-serif' not found because none of the following families were found: Readex Pro
WARNING:matplotlib.font_manager:findfont: Generic family 'sans-serif' not found because none of the following families were found: Readex Pro
WARNING:matplotlib.font_manager:findfont: Generic family 'sans-serif' not found because none of the following families were found: Readex Pro
WARNING:matplotlib.font_manager:findfont: Generic family 'sans-serif' not found because none of the following families were found: Readex Pro
WARNING:matplotlib.font_manager:findfont: Generic family 'sans-serif' not found because none of the following families were found: Readex Pro
WARNING:matplotlib.font_manager:findfont: Generic family 'sans-serif' not found because none of the following families were found: Readex Pro
WARNING:matplotlib.font_manager:findfont: Generic family 'sans-serif' not found because none of the following families were found: Readex Pro
WARNING:matplotlib.font_manager:findfont: Generic family 'sans-serif' not found because none of the following families were found: Readex Pro
WARNING:matplotlib.font_manager:findfont: Generic family 'sans-serif' not found because none of the following families were found: Readex Pro
WARNING:matplotlib.font_manager:findfont: Generic family 'sans-serif' not found because none of the following families were found: Readex Pro
WARNING:matplotlib.font_manager:findfont: Generic family 'sans-serif' not found because none of the following families were found: Readex Pro
WARNING:matplotlib.font_manager:findfont: Generic family 'sans-serif' not found because none of the following families were found: Readex Pro
WARNING:matplotlib.font_manager:findfont: Generic family 'sans-serif' not found because none of the following families were found: Readex Pro
WARNING:matplotlib.font_manager:findfont: Generic family 'sans-serif' not found because none of the following families were found: Readex Pro
WARNING:matplotlib.font_manager:findfont: Generic family 'sans-serif' not found because none of the following families were found: Readex Pro
WARNING:matplotlib.font_manager:findfont: Generic family 'sans-serif' not found because none of the following families were found: Readex Pro
WARNING:matplotlib.font_manager:findfont: Generic family 'sans-serif' not found because none of the following families were found: Readex Pro
WARNING:matplotlib.font_manager:findfont: Generic family 'sans-serif' not found because none of the following families were found: Readex Pro
WARNING:matplotlib.font_manager:findfont: Generic family 'sans-serif' not found because none of the following families were found: Readex Pro
WARNING:matplotlib.font_manager:findfont: Generic family 'sans-serif' not found because none of the following families were found: Readex Pro
WARNING:matplotlib.font_manager:findfont: Generic family 'sans-serif' not found because none of the following families were found: Readex Pro
WARNING:matplotlib.font_manager:findfont: Generic family 'sans-serif' not found because none of the following families were found: Readex Pro
WARNING:matplotlib.font_manager:findfont: Generic family 'sans-serif' not found because none of the following families were found: Readex Pro
WARNING:matplotlib.font_manager:findfont: Generic family 'sans-serif' not found because none of the following families were found: Readex Pro
WARNING:matplotlib.font_manager:findfont: Generic family 'sans-serif' not found because none of the following families were found: Readex Pro
WARNING:matplotlib.font_manager:findfont: Generic family 'sans-serif' not found because none of the following families were found: Readex Pro
WARNING:matplotlib.font_manager:findfont: Generic family 'sans-serif' not found because none of the following families were found: Readex Pro
WARNING:matplotlib.font_manager:findfont: Generic family 'sans-serif' not found because none of the following families were found: Readex Pro
WARNING:matplotlib.font_manager:findfont: Generic family 'sans-serif' not found because none of the following families were found: Readex Pro
WARNING:matplotlib.font_manager:findfont: Generic family 'sans-serif' not found because none of the following families were found: Readex Pro
WARNING:matplotlib.font_manager:findfont: Generic family 'sans-serif' not found because none of the following families were found: Readex Pro
WARNING:matplotlib.font_manager:findfont: Generic family 'sans-serif' not found because none of the following families were found: Readex Pro
WARNING:matplotlib.font_manager:findfont: Generic family 'sans-serif' not found because none of the following families were found: Readex Pro
WARNING:matplotlib.font_manager:findfont: Generic family 'sans-serif' not found because none of the following families were found: Readex Pro
WARNING:matplotlib.font_manager:findfont: Generic family 'sans-serif' not found because none of the following families were found: Readex Pro
WARNING:matplotlib.font_manager:findfont: Generic family 'sans-serif' not found because none of the following families were found: Readex Pro
WARNING:matplotlib.font_manager:findfont: Generic family 'sans-serif' not found because none of the following families were found: Readex Pro
WARNING:matplotlib.font_manager:findfont: Generic family 'sans-serif' not found because none of the following families were found: Readex Pro
WARNING:matplotlib.font_manager:findfont: Generic family 'sans-serif' not found because none of the following families were found: Readex Pro
WARNING:matplotlib.font_manager:findfont: Generic family 'sans-serif' not found because none of the following families were found: Readex Pro
WARNING:matplotlib.font_manager:findfont: Generic family 'sans-serif' not found because none of the following families were found: Readex Pro
WARNING:matplotlib.font_manager:findfont: Generic family 'sans-serif' not found because none of the following families were found: Readex Pro
WARNING:matplotlib.font_manager:findfont: Generic family 'sans-serif' not found because none of the following families were found: Readex Pro
WARNING:matplotlib.font_manager:findfont: Generic family 'sans-serif' not found because none of the following families were found: Readex Pro
WARNING:matplotlib.font_manager:findfont: Generic family 'sans-serif' not found because none of the following families were found: Readex Pro
WARNING:matplotlib.font_manager:findfont: Generic family 'sans-serif' not found because none of the following families were found: Readex Pro
WARNING:matplotlib.font_manager:findfont: Generic family 'sans-serif' not found because none of the following families were found: Readex Pro
WARNING:matplotlib.font_manager:findfont: Generic family 'sans-serif' not found because none of the following families were found: Readex Pro
WARNING:matplotlib.font_manager:findfont: Generic family 'sans-serif' not found because none of the following families were found: Readex Pro
WARNING:matplotlib.font_manager:findfont: Generic family 'sans-serif' not found because none of the following families were found: Readex Pro
WARNING:matplotlib.font_manager:findfont: Generic family 'sans-serif' not found because none of the following families were found: Readex Pro
WARNING:matplotlib.font_manager:findfont: Generic family 'sans-serif' not found because none of the following families were found: Readex Pro
WARNING:matplotlib.font_manager:findfont: Generic family 'sans-serif' not found because none of the following families were found: Readex Pro
WARNING:matplotlib.font_manager:findfont: Generic family 'sans-serif' not found because none of the following families were found: Readex Pro
WARNING:matplotlib.font_manager:findfont: Generic family 'sans-serif' not found because none of the following families were found: Readex Pro
WARNING:matplotlib.font_manager:findfont: Generic family 'sans-serif' not found because none of the following families were found: Readex Pro
WARNING:matplotlib.font_manager:findfont: Generic family 'sans-serif' not found because none of the following families were found: Readex Pro
WARNING:matplotlib.font_manager:findfont: Generic family 'sans-serif' not found because none of the following families were found: Readex Pro
WARNING:matplotlib.font_manager:findfont: Generic family 'sans-serif' not found because none of the following families were found: Readex Pro
WARNING:matplotlib.font_manager:findfont: Generic family 'sans-serif' not found because none of the following families were found: Readex Pro
WARNING:matplotlib.font_manager:findfont: Generic family 'sans-serif' not found because none of the following families were found: Readex Pro
WARNING:matplotlib.font_manager:findfont: Generic family 'sans-serif' not found because none of the following families were found: Readex Pro
WARNING:matplotlib.font_manager:findfont: Generic family 'sans-serif' not found because none of the following families were found: Readex Pro
WARNING:matplotlib.font_manager:findfont: Generic family 'sans-serif' not found because none of the following families were found: Readex Pro
WARNING:matplotlib.font_manager:findfont: Generic family 'sans-serif' not found because none of the following families were found: Readex Pro
WARNING:matplotlib.font_manager:findfont: Generic family 'sans-serif' not found because none of the following families were found: Readex Pro
WARNING:matplotlib.font_manager:findfont: Generic family 'sans-serif' not found because none of the following families were found: Readex Pro
WARNING:matplotlib.font_manager:findfont: Generic family 'sans-serif' not found because none of the following families were found: Readex Pro
WARNING:matplotlib.font_manager:findfont: Generic family 'sans-serif' not found because none of the following families were found: Readex Pro
WARNING:matplotlib.font_manager:findfont: Generic family 'sans-serif' not found because none of the following families were found: Readex Pro
WARNING:matplotlib.font_manager:findfont: Generic family 'sans-serif' not found because none of the following families were found: Readex Pro
WARNING:matplotlib.font_manager:findfont: Generic family 'sans-serif' not found because none of the following families were found: Readex Pro
WARNING:matplotlib.font_manager:findfont: Generic family 'sans-serif' not found because none of the following families were found: Readex Pro
WARNING:matplotlib.font_manager:findfont: Generic family 'sans-serif' not found because none of the following families were found: Readex Pro
WARNING:matplotlib.font_manager:findfont: Generic family 'sans-serif' not found because none of the following families were found: Readex Pro
WARNING:matplotlib.font_manager:findfont: Generic family 'sans-serif' not found because none of the following families were found: Readex Pro
WARNING:matplotlib.font_manager:findfont: Generic family 'sans-serif' not found because none of the following families were found: Readex Pro
WARNING:matplotlib.font_manager:findfont: Generic family 'sans-serif' not found because none of the following families were found: Readex Pro
WARNING:matplotlib.font_manager:findfont: Generic family 'sans-serif' not found because none of the following families were found: Readex Pro
WARNING:matplotlib.font_manager:findfont: Generic family 'sans-serif' not found because none of the following families were found: Readex Pro
WARNING:matplotlib.font_manager:findfont: Generic family 'sans-serif' not found because none of the following families were found: Readex Pro
WARNING:matplotlib.font_manager:findfont: Generic family 'sans-serif' not found because none of the following families were found: Readex Pro
WARNING:matplotlib.font_manager:findfont: Generic family 'sans-serif' not found because none of the following families were found: Readex Pro
WARNING:matplotlib.font_manager:findfont: Generic family 'sans-serif' not found because none of the following families were found: Readex Pro
WARNING:matplotlib.font_manager:findfont: Generic family 'sans-serif' not found because none of the following families were found: Readex Pro
WARNING:matplotlib.font_manager:findfont: Generic family 'sans-serif' not found because none of the following families were found: Readex Pro
WARNING:matplotlib.font_manager:findfont: Generic family 'sans-serif' not found because none of the following families were found: Readex Pro
WARNING:matplotlib.font_manager:findfont: Generic family 'sans-serif' not found because none of the following families were found: Readex Pro
WARNING:matplotlib.font_manager:findfont: Generic family 'sans-serif' not found because none of the following families were found: Readex Pro
WARNING:matplotlib.font_manager:findfont: Generic family 'sans-serif' not found because none of the following families were found: Readex Pro
WARNING:matplotlib.font_manager:findfont: Generic family 'sans-serif' not found because none of the following families were found: Readex Pro
WARNING:matplotlib.font_manager:findfont: Generic family 'sans-serif' not found because none of the following families were found: Readex Pro
WARNING:matplotlib.font_manager:findfont: Generic family 'sans-serif' not found because none of the following families were found: Readex Pro
WARNING:matplotlib.font_manager:findfont: Generic family 'sans-serif' not found because none of the following families were found: Readex Pro
WARNING:matplotlib.font_manager:findfont: Generic family 'sans-serif' not found because none of the following families were found: Readex Pro
WARNING:matplotlib.font_manager:findfont: Generic family 'sans-serif' not found because none of the following families were found: Readex Pro
WARNING:matplotlib.font_manager:findfont: Generic family 'sans-serif' not found because none of the following families were found: Readex Pro
WARNING:matplotlib.font_manager:findfont: Generic family 'sans-serif' not found because none of the following families were found: Readex Pro
WARNING:matplotlib.font_manager:findfont: Generic family 'sans-serif' not found because none of the following families were found: Readex Pro
WARNING:matplotlib.font_manager:findfont: Generic family 'sans-serif' not found because none of the following families were found: Readex Pro
WARNING:matplotlib.font_manager:findfont: Generic family 'sans-serif' not found because none of the following families were found: Readex Pro
WARNING:matplotlib.font_manager:findfont: Generic family 'sans-serif' not found because none of the following families were found: Readex Pro
WARNING:matplotlib.font_manager:findfont: Generic family 'sans-serif' not found because none of the following families were found: Readex Pro
WARNING:matplotlib.font_manager:findfont: Generic family 'sans-serif' not found because none of the following families were found: Readex Pro
WARNING:matplotlib.font_manager:findfont: Generic family 'sans-serif' not found because none of the following families were found: Readex Pro
WARNING:matplotlib.font_manager:findfont: Generic family 'sans-serif' not found because none of the following families were found: Readex Pro
WARNING:matplotlib.font_manager:findfont: Generic family 'sans-serif' not found because none of the following families were found: Readex Pro
WARNING:matplotlib.font_manager:findfont: Generic family 'sans-serif' not found because none of the following families were found: Readex Pro
WARNING:matplotlib.font_manager:findfont: Generic family 'sans-serif' not found because none of the following families were found: Readex Pro
WARNING:matplotlib.font_manager:findfont: Generic family 'sans-serif' not found because none of the following families were found: Readex Pro
WARNING:matplotlib.font_manager:findfont: Generic family 'sans-serif' not found because none of the following families were found: Readex Pro
WARNING:matplotlib.font_manager:findfont: Generic family 'sans-serif' not found because none of the following families were found: Readex Pro
WARNING:matplotlib.font_manager:findfont: Generic family 'sans-serif' not found because none of the following families were found: Readex Pro
WARNING:matplotlib.font_manager:findfont: Generic family 'sans-serif' not found because none of the following families were found: Readex Pro
WARNING:matplotlib.font_manager:findfont: Generic family 'sans-serif' not found because none of the following families were found: Readex Pro
WARNING:matplotlib.font_manager:findfont: Generic family 'sans-serif' not found because none of the following families were found: Readex Pro
WARNING:matplotlib.font_manager:findfont: Generic family 'sans-serif' not found because none of the following families were found: Readex Pro
WARNING:matplotlib.font_manager:findfont: Generic family 'sans-serif' not found because none of the following families were found: Readex Pro
WARNING:matplotlib.font_manager:findfont: Generic family 'sans-serif' not found because none of the following families were found: Readex Pro
WARNING:matplotlib.font_manager:findfont: Generic family 'sans-serif' not found because none of the following families were found: Readex Pro
WARNING:matplotlib.font_manager:findfont: Generic family 'sans-serif' not found because none of the following families were found: Readex Pro
WARNING:matplotlib.font_manager:findfont: Generic family 'sans-serif' not found because none of the following families were found: Readex Pro
WARNING:matplotlib.font_manager:findfont: Generic family 'sans-serif' not found because none of the following families were found: Readex Pro
WARNING:matplotlib.font_manager:findfont: Generic family 'sans-serif' not found because none of the following families were found: Readex Pro
WARNING:matplotlib.font_manager:findfont: Generic family 'sans-serif' not found because none of the following families were found: Readex Pro
WARNING:matplotlib.font_manager:findfont: Generic family 'sans-serif' not found because none of the following families were found: Readex Pro
WARNING:matplotlib.font_manager:findfont: Generic family 'sans-serif' not found because none of the following families were found: Readex Pro
WARNING:matplotlib.font_manager:findfont: Generic family 'sans-serif' not found because none of the following families were found: Readex Pro
WARNING:matplotlib.font_manager:findfont: Generic family 'sans-serif' not found because none of the following families were found: Readex Pro
WARNING:matplotlib.font_manager:findfont: Generic family 'sans-serif' not found because none of the following families were found: Readex Pro
WARNING:matplotlib.font_manager:findfont: Generic family 'sans-serif' not found because none of the following families were found: Readex Pro
WARNING:matplotlib.font_manager:findfont: Generic family 'sans-serif' not found because none of the following families were found: Readex Pro
WARNING:matplotlib.font_manager:findfont: Generic family 'sans-serif' not found because none of the following families were found: Readex Pro
WARNING:matplotlib.font_manager:findfont: Generic family 'sans-serif' not found because none of the following families were found: Readex Pro
WARNING:matplotlib.font_manager:findfont: Generic family 'sans-serif' not found because none of the following families were found: Readex Pro
WARNING:matplotlib.font_manager:findfont: Generic family 'sans-serif' not found because none of the following families were found: Readex Pro
WARNING:matplotlib.font_manager:findfont: Generic family 'sans-serif' not found because none of the following families were found: Readex Pro
WARNING:matplotlib.font_manager:findfont: Generic family 'sans-serif' not found because none of the following families were found: Readex Pro
WARNING:matplotlib.font_manager:findfont: Generic family 'sans-serif' not found because none of the following families were found: Readex Pro
WARNING:matplotlib.font_manager:findfont: Generic family 'sans-serif' not found because none of the following families were found: Readex Pro
WARNING:matplotlib.font_manager:findfont: Generic family 'sans-serif' not found because none of the following families were found: Readex Pro
WARNING:matplotlib.font_manager:findfont: Generic family 'sans-serif' not found because none of the following families were found: Readex Pro
WARNING:matplotlib.font_manager:findfont: Generic family 'sans-serif' not found because none of the following families were found: Readex Pro
WARNING:matplotlib.font_manager:findfont: Generic family 'sans-serif' not found because none of the following families were found: Readex Pro
WARNING:matplotlib.font_manager:findfont: Generic family 'sans-serif' not found because none of the following families were found: Readex Pro
WARNING:matplotlib.font_manager:findfont: Generic family 'sans-serif' not found because none of the following families were found: Readex Pro
WARNING:matplotlib.font_manager:findfont: Generic family 'sans-serif' not found because none of the following families were found: Readex Pro
WARNING:matplotlib.font_manager:findfont: Generic family 'sans-serif' not found because none of the following families were found: Readex Pro
WARNING:matplotlib.font_manager:findfont: Generic family 'sans-serif' not found because none of the following families were found: Readex Pro
WARNING:matplotlib.font_manager:findfont: Generic family 'sans-serif' not found because none of the following families were found: Readex Pro
WARNING:matplotlib.font_manager:findfont: Generic family 'sans-serif' not found because none of the following families were found: Readex Pro
WARNING:matplotlib.font_manager:findfont: Generic family 'sans-serif' not found because none of the following families were found: Readex Pro
WARNING:matplotlib.font_manager:findfont: Generic family 'sans-serif' not found because none of the following families were found: Readex Pro
WARNING:matplotlib.font_manager:findfont: Generic family 'sans-serif' not found because none of the following families were found: Readex Pro
WARNING:matplotlib.font_manager:findfont: Generic family 'sans-serif' not found because none of the following families were found: Readex Pro
WARNING:matplotlib.font_manager:findfont: Generic family 'sans-serif' not found because none of the following families were found: Readex Pro
WARNING:matplotlib.font_manager:findfont: Generic family 'sans-serif' not found because none of the following families were found: Readex Pro
WARNING:matplotlib.font_manager:findfont: Generic family 'sans-serif' not found because none of the following families were found: Readex Pro
WARNING:matplotlib.font_manager:findfont: Generic family 'sans-serif' not found because none of the following families were found: Readex Pro
WARNING:matplotlib.font_manager:findfont: Generic family 'sans-serif' not found because none of the following families were found: Readex Pro
WARNING:matplotlib.font_manager:findfont: Generic family 'sans-serif' not found because none of the following families were found: Readex Pro
WARNING:matplotlib.font_manager:findfont: Generic family 'sans-serif' not found because none of the following families were found: Readex Pro
WARNING:matplotlib.font_manager:findfont: Generic family 'sans-serif' not found because none of the following families were found: Readex Pro
WARNING:matplotlib.font_manager:findfont: Generic family 'sans-serif' not found because none of the following families were found: Readex Pro
WARNING:matplotlib.font_manager:findfont: Generic family 'sans-serif' not found because none of the following families were found: Readex Pro
WARNING:matplotlib.font_manager:findfont: Generic family 'sans-serif' not found because none of the following families were found: Readex Pro
WARNING:matplotlib.font_manager:findfont: Generic family 'sans-serif' not found because none of the following families were found: Readex Pro
WARNING:matplotlib.font_manager:findfont: Generic family 'sans-serif' not found because none of the following families were found: Readex Pro
WARNING:matplotlib.font_manager:findfont: Generic family 'sans-serif' not found because none of the following families were found: Readex Pro
WARNING:matplotlib.font_manager:findfont: Generic family 'sans-serif' not found because none of the following families were found: Readex Pro
WARNING:matplotlib.font_manager:findfont: Generic family 'sans-serif' not found because none of the following families were found: Readex Pro
WARNING:matplotlib.font_manager:findfont: Generic family 'sans-serif' not found because none of the following families were found: Readex Pro
WARNING:matplotlib.font_manager:findfont: Generic family 'sans-serif' not found because none of the following families were found: Readex Pro
WARNING:matplotlib.font_manager:findfont: Generic family 'sans-serif' not found because none of the following families were found: Readex Pro
WARNING:matplotlib.font_manager:findfont: Generic family 'sans-serif' not found because none of the following families were found: Readex Pro
WARNING:matplotlib.font_manager:findfont: Generic family 'sans-serif' not found because none of the following families were found: Readex Pro
WARNING:matplotlib.font_manager:findfont: Generic family 'sans-serif' not found because none of the following families were found: Readex Pro
WARNING:matplotlib.font_manager:findfont: Generic family 'sans-serif' not found because none of the following families were found: Readex Pro
WARNING:matplotlib.font_manager:findfont: Generic family 'sans-serif' not found because none of the following families were found: Readex Pro
WARNING:matplotlib.font_manager:findfont: Generic family 'sans-serif' not found because none of the following families were found: Readex Pro
WARNING:matplotlib.font_manager:findfont: Generic family 'sans-serif' not found because none of the following families were found: Readex Pro
WARNING:matplotlib.font_manager:findfont: Generic family 'sans-serif' not found because none of the following families were found: Readex Pro
WARNING:matplotlib.font_manager:findfont: Generic family 'sans-serif' not found because none of the following families were found: Readex Pro
WARNING:matplotlib.font_manager:findfont: Generic family 'sans-serif' not found because none of the following families were found: Readex Pro
WARNING:matplotlib.font_manager:findfont: Generic family 'sans-serif' not found because none of the following families were found: Readex Pro
WARNING:matplotlib.font_manager:findfont: Generic family 'sans-serif' not found because none of the following families were found: Readex Pro
WARNING:matplotlib.font_manager:findfont: Generic family 'sans-serif' not found because none of the following families were found: Readex Pro
WARNING:matplotlib.font_manager:findfont: Generic family 'sans-serif' not found because none of the following families were found: Readex Pro
WARNING:matplotlib.font_manager:findfont: Generic family 'sans-serif' not found because none of the following families were found: Readex Pro
WARNING:matplotlib.font_manager:findfont: Generic family 'sans-serif' not found because none of the following families were found: Readex Pro
WARNING:matplotlib.font_manager:findfont: Generic family 'sans-serif' not found because none of the following families were found: Readex Pro
WARNING:matplotlib.font_manager:findfont: Generic family 'sans-serif' not found because none of the following families were found: Readex Pro
WARNING:matplotlib.font_manager:findfont: Generic family 'sans-serif' not found because none of the following families were found: Readex Pro
WARNING:matplotlib.font_manager:findfont: Generic family 'sans-serif' not found because none of the following families were found: Readex Pro
WARNING:matplotlib.font_manager:findfont: Generic family 'sans-serif' not found because none of the following families were found: Readex Pro
WARNING:matplotlib.font_manager:findfont: Generic family 'sans-serif' not found because none of the following families were found: Readex Pro
WARNING:matplotlib.font_manager:findfont: Generic family 'sans-serif' not found because none of the following families were found: Readex Pro
WARNING:matplotlib.font_manager:findfont: Generic family 'sans-serif' not found because none of the following families were found: Readex Pro
WARNING:matplotlib.font_manager:findfont: Generic family 'sans-serif' not found because none of the following families were found: Readex Pro
WARNING:matplotlib.font_manager:findfont: Generic family 'sans-serif' not found because none of the following families were found: Readex Pro
WARNING:matplotlib.font_manager:findfont: Generic family 'sans-serif' not found because none of the following families were found: Readex Pro
WARNING:matplotlib.font_manager:findfont: Generic family 'sans-serif' not found because none of the following families were found: Readex Pro
WARNING:matplotlib.font_manager:findfont: Generic family 'sans-serif' not found because none of the following families were found: Readex Pro
WARNING:matplotlib.font_manager:findfont: Generic family 'sans-serif' not found because none of the following families were found: Readex Pro
WARNING:matplotlib.font_manager:findfont: Generic family 'sans-serif' not found because none of the following families were found: Readex Pro
WARNING:matplotlib.font_manager:findfont: Generic family 'sans-serif' not found because none of the following families were found: Readex Pro
WARNING:matplotlib.font_manager:findfont: Generic family 'sans-serif' not found because none of the following families were found: Readex Pro
WARNING:matplotlib.font_manager:findfont: Generic family 'sans-serif' not found because none of the following families were found: Readex Pro
WARNING:matplotlib.font_manager:findfont: Generic family 'sans-serif' not found because none of the following families were found: Readex Pro
[33mTotal time: 05:43:11[0m
[35mEverything done![0m
