2023-02-20 23:30:52.361081: I tensorflow/core/platform/cpu_feature_guard.cc:193] This TensorFlow binary is optimized with oneAPI Deep Neural Network Library (oneDNN) to use the following CPU instructions in performance-critical operations:  AVX2 FMA
To enable them in other operations, rebuild TensorFlow with the appropriate compiler flags.
2023-02-20 23:30:59.053018: W tensorflow/compiler/xla/stream_executor/platform/default/dso_loader.cc:64] Could not load dynamic library 'libnvinfer.so.7'; dlerror: libnvinfer.so.7: cannot open shared object file: No such file or directory
2023-02-20 23:30:59.053461: W tensorflow/compiler/xla/stream_executor/platform/default/dso_loader.cc:64] Could not load dynamic library 'libnvinfer_plugin.so.7'; dlerror: libnvinfer_plugin.so.7: cannot open shared object file: No such file or directory
2023-02-20 23:30:59.053480: W tensorflow/compiler/tf2tensorrt/utils/py_utils.cc:38] TF-TRT Warning: Cannot dlopen some TensorRT libraries. If you would like to use Nvidia GPU with TensorRT, please make sure the missing libraries mentioned above are installed properly.
Matplotlib created a temporary config/cache directory at /tmp/matplotlib-aqhixa2f because the default path (/home/cristec/.config/matplotlib) is not a writable directory; it is highly recommended to set the MPLCONFIGDIR environment variable to a writable directory, in particular to speed up the import of Matplotlib and to better support multiprocessing.
2023-02-20 23:31:09.961697: I tensorflow/core/platform/cpu_feature_guard.cc:193] This TensorFlow binary is optimized with oneAPI Deep Neural Network Library (oneDNN) to use the following CPU instructions in performance-critical operations:  AVX2 FMA
To enable them in other operations, rebuild TensorFlow with the appropriate compiler flags.
2023-02-20 23:31:12.972706: I tensorflow/core/common_runtime/gpu/gpu_device.cc:1613] Created device /job:localhost/replica:0/task:0/device:GPU:0 with 7415 MB memory:  -> device: 0, name: Quadro M4000, pci bus id: 0000:03:00.0, compute capability: 5.2
2023-02-20 23:31:12.976841: I tensorflow/core/common_runtime/gpu/gpu_device.cc:1613] Created device /job:localhost/replica:0/task:0/device:GPU:1 with 7425 MB memory:  -> device: 1, name: Quadro M4000, pci bus id: 0000:04:00.0, compute capability: 5.2
WARNING:tensorflow:From /shared_storage/cristec/conda/envs/ML/lib/python3.10/site-packages/tensorflow/python/autograph/pyct/static_analysis/liveness.py:83: Analyzer.lamba_check (from tensorflow.python.autograph.pyct.static_analysis.liveness) is deprecated and will be removed after 2023-09-23.
Instructions for updating:
Lambda fuctions will be no more assumed to be used in the statement where they are used, or at least in the same block. https://github.com/tensorflow/tensorflow/issues/56089
[35mStarting script...[0m
[32mLoading train dataset...[0m
Found 50000 files belonging to 1 classes.
[32mLoading test dataset...[0m
Found 10000 files belonging to 1 classes.
[32mCreating model...[0m
[32mTraining model...[0m
[36m
Epoch 1/1000
2023-02-20 23:31:52.956108: E tensorflow/core/grappler/optimizers/meta_optimizer.cc:954] layout failed: INVALID_ARGUMENT: Size of values 0 does not match size of permutation 4 @ fanin shape inUNet/unet_down_0/u_net2d_convolution_block/dropout/dropout/SelectV2-2-TransposeNHWCToNCHW-LayoutOptimizer
2023-02-20 23:32:41.301185: I tensorflow/compiler/xla/stream_executor/cuda/cuda_dnn.cc:428] Loaded cuDNN version 8101
2023-02-20 23:32:41.529110: I tensorflow/compiler/xla/stream_executor/cuda/cuda_dnn.cc:428] Loaded cuDNN version 8101
2023-02-20 23:32:42.437725: I tensorflow/tsl/platform/default/subprocess.cc:304] Start cannot spawn child process: No such file or directory
2023-02-20 23:32:47.108827: I tensorflow/compiler/xla/service/service.cc:173] XLA service 0x7fadef344c70 initialized for platform CUDA (this does not guarantee that XLA will be used). Devices:
2023-02-20 23:32:47.108867: I tensorflow/compiler/xla/service/service.cc:181]   StreamExecutor device (0): Quadro M4000, Compute Capability 5.2
2023-02-20 23:32:47.108880: I tensorflow/compiler/xla/service/service.cc:181]   StreamExecutor device (1): Quadro M4000, Compute Capability 5.2
2023-02-20 23:32:47.191117: I tensorflow/compiler/mlir/tensorflow/utils/dump_mlir_util.cc:268] disabling MLIR crash reproducer, set env var `MLIR_CRASH_REPRODUCER_DIRECTORY` to enable.
2023-02-20 23:32:47.794334: I tensorflow/tsl/platform/default/subprocess.cc:304] Start cannot spawn child process: No such file or directory
2023-02-20 23:32:47.900075: I tensorflow/compiler/jit/xla_compilation_cache.cc:477] Compiled cluster using XLA!  This line is logged at most once for the lifetime of the process.

Epoch 1: val_loss improved from inf to 0.35672, saving model to models/model_ssim_l1_eq_15-20
WARNING:absl:Found untraced functions such as _jit_compiled_convolution_op, conv2d_layer_call_fn, conv2d_layer_call_and_return_conditional_losses, _jit_compiled_convolution_op, leaky_re_lu_layer_call_fn while saving (showing 5 of 241). These functions will not be directly callable after loading.
196/196 - 1340s - loss: 0.1865 - psnr: 20.2975 - ssim: 0.7113 - val_loss: 0.3567 - val_psnr: 13.5695 - val_ssim: 0.4700 - lr: 0.0100 - 1340s/epoch - 7s/step
Epoch 2/1000

Epoch 2: val_loss improved from 0.35672 to 0.18039, saving model to models/model_ssim_l1_eq_15-20
WARNING:absl:Found untraced functions such as _jit_compiled_convolution_op, conv2d_layer_call_fn, conv2d_layer_call_and_return_conditional_losses, _jit_compiled_convolution_op, leaky_re_lu_layer_call_fn while saving (showing 5 of 241). These functions will not be directly callable after loading.
196/196 - 79s - loss: 0.1205 - psnr: 21.9207 - ssim: 0.8242 - val_loss: 0.1804 - val_psnr: 15.6346 - val_ssim: 0.7717 - lr: 0.0100 - 79s/epoch - 406ms/step
Epoch 3/1000

Epoch 3: val_loss improved from 0.18039 to 0.10901, saving model to models/model_ssim_l1_eq_15-20
WARNING:absl:Found untraced functions such as _jit_compiled_convolution_op, conv2d_layer_call_fn, conv2d_layer_call_and_return_conditional_losses, _jit_compiled_convolution_op, leaky_re_lu_layer_call_fn while saving (showing 5 of 241). These functions will not be directly callable after loading.
196/196 - 79s - loss: 0.1157 - psnr: 22.1058 - ssim: 0.8324 - val_loss: 0.1090 - val_psnr: 19.9449 - val_ssim: 0.8667 - lr: 0.0100 - 79s/epoch - 404ms/step
Epoch 4/1000

Epoch 4: val_loss did not improve from 0.10901
196/196 - 59s - loss: 0.1118 - psnr: 22.2698 - ssim: 0.8390 - val_loss: 0.1104 - val_psnr: 18.1792 - val_ssim: 0.8677 - lr: 0.0100 - 59s/epoch - 301ms/step
Epoch 5/1000

Epoch 5: val_loss improved from 0.10901 to 0.07909, saving model to models/model_ssim_l1_eq_15-20
WARNING:absl:Found untraced functions such as _jit_compiled_convolution_op, conv2d_layer_call_fn, conv2d_layer_call_and_return_conditional_losses, _jit_compiled_convolution_op, leaky_re_lu_layer_call_fn while saving (showing 5 of 241). These functions will not be directly callable after loading.
196/196 - 80s - loss: 0.1093 - psnr: 22.3843 - ssim: 0.8434 - val_loss: 0.0791 - val_psnr: 23.0280 - val_ssim: 0.9004 - lr: 0.0100 - 80s/epoch - 406ms/step
Epoch 6/1000

Epoch 6: val_loss did not improve from 0.07909
196/196 - 59s - loss: 0.1182 - psnr: 22.0347 - ssim: 0.8274 - val_loss: 0.1163 - val_psnr: 20.2660 - val_ssim: 0.8495 - lr: 0.0100 - 59s/epoch - 300ms/step
Epoch 7/1000

Epoch 7: val_loss did not improve from 0.07909
196/196 - 59s - loss: 0.1096 - psnr: 22.3690 - ssim: 0.8424 - val_loss: 0.0924 - val_psnr: 22.0744 - val_ssim: 0.8818 - lr: 0.0100 - 59s/epoch - 300ms/step
Epoch 8/1000

Epoch 8: val_loss did not improve from 0.07909
196/196 - 59s - loss: 0.1075 - psnr: 22.4714 - ssim: 0.8461 - val_loss: 0.0907 - val_psnr: 22.2551 - val_ssim: 0.8844 - lr: 0.0100 - 59s/epoch - 300ms/step
Epoch 9/1000

Epoch 9: val_loss did not improve from 0.07909
196/196 - 59s - loss: 0.1061 - psnr: 22.5719 - ssim: 0.8485 - val_loss: 0.0861 - val_psnr: 22.3869 - val_ssim: 0.8924 - lr: 0.0100 - 59s/epoch - 302ms/step
Epoch 10/1000

Epoch 10: val_loss did not improve from 0.07909
196/196 - 59s - loss: 0.1050 - psnr: 22.6355 - ssim: 0.8503 - val_loss: 0.0808 - val_psnr: 23.1603 - val_ssim: 0.8974 - lr: 0.0100 - 59s/epoch - 301ms/step
Epoch 11/1000

Epoch 11: val_loss improved from 0.07909 to 0.07729, saving model to models/model_ssim_l1_eq_15-20
WARNING:absl:Found untraced functions such as _jit_compiled_convolution_op, conv2d_layer_call_fn, conv2d_layer_call_and_return_conditional_losses, _jit_compiled_convolution_op, leaky_re_lu_layer_call_fn while saving (showing 5 of 241). These functions will not be directly callable after loading.
196/196 - 80s - loss: 0.1043 - psnr: 22.6910 - ssim: 0.8516 - val_loss: 0.0773 - val_psnr: 23.3141 - val_ssim: 0.9034 - lr: 0.0100 - 80s/epoch - 408ms/step
Epoch 12/1000

Epoch 12: val_loss did not improve from 0.07729
196/196 - 59s - loss: 0.1039 - psnr: 22.7239 - ssim: 0.8523 - val_loss: 0.0774 - val_psnr: 23.2598 - val_ssim: 0.9036 - lr: 0.0100 - 59s/epoch - 300ms/step
Epoch 13/1000

Epoch 13: val_loss improved from 0.07729 to 0.07306, saving model to models/model_ssim_l1_eq_15-20
WARNING:absl:Found untraced functions such as _jit_compiled_convolution_op, conv2d_layer_call_fn, conv2d_layer_call_and_return_conditional_losses, _jit_compiled_convolution_op, leaky_re_lu_layer_call_fn while saving (showing 5 of 241). These functions will not be directly callable after loading.
196/196 - 80s - loss: 0.1035 - psnr: 22.7501 - ssim: 0.8530 - val_loss: 0.0731 - val_psnr: 23.6343 - val_ssim: 0.9096 - lr: 0.0100 - 80s/epoch - 406ms/step
Epoch 14/1000

Epoch 14: val_loss did not improve from 0.07306
196/196 - 59s - loss: 0.1030 - psnr: 22.7788 - ssim: 0.8538 - val_loss: 0.0731 - val_psnr: 23.5861 - val_ssim: 0.9099 - lr: 0.0100 - 59s/epoch - 301ms/step
Epoch 15/1000

Epoch 15: val_loss did not improve from 0.07306
196/196 - 59s - loss: 0.1026 - psnr: 22.7966 - ssim: 0.8545 - val_loss: 0.0736 - val_psnr: 23.4317 - val_ssim: 0.9100 - lr: 0.0100 - 59s/epoch - 301ms/step
Epoch 16/1000

Epoch 16: val_loss did not improve from 0.07306
196/196 - 59s - loss: 0.1022 - psnr: 22.8187 - ssim: 0.8551 - val_loss: 0.0746 - val_psnr: 23.1762 - val_ssim: 0.9095 - lr: 0.0100 - 59s/epoch - 300ms/step
Epoch 17/1000

Epoch 17: val_loss improved from 0.07306 to 0.07091, saving model to models/model_ssim_l1_eq_15-20
WARNING:absl:Found untraced functions such as _jit_compiled_convolution_op, conv2d_layer_call_fn, conv2d_layer_call_and_return_conditional_losses, _jit_compiled_convolution_op, leaky_re_lu_layer_call_fn while saving (showing 5 of 241). These functions will not be directly callable after loading.
196/196 - 80s - loss: 0.1020 - psnr: 22.8327 - ssim: 0.8556 - val_loss: 0.0709 - val_psnr: 23.6642 - val_ssim: 0.9136 - lr: 0.0100 - 80s/epoch - 407ms/step
Epoch 18/1000

Epoch 18: val_loss improved from 0.07091 to 0.06981, saving model to models/model_ssim_l1_eq_15-20
WARNING:absl:Found untraced functions such as _jit_compiled_convolution_op, conv2d_layer_call_fn, conv2d_layer_call_and_return_conditional_losses, _jit_compiled_convolution_op, leaky_re_lu_layer_call_fn while saving (showing 5 of 241). These functions will not be directly callable after loading.
196/196 - 80s - loss: 0.1015 - psnr: 22.8901 - ssim: 0.8561 - val_loss: 0.0698 - val_psnr: 23.8950 - val_ssim: 0.9144 - lr: 0.0100 - 80s/epoch - 406ms/step
Epoch 19/1000

Epoch 19: val_loss improved from 0.06981 to 0.06735, saving model to models/model_ssim_l1_eq_15-20
WARNING:absl:Found untraced functions such as _jit_compiled_convolution_op, conv2d_layer_call_fn, conv2d_layer_call_and_return_conditional_losses, _jit_compiled_convolution_op, leaky_re_lu_layer_call_fn while saving (showing 5 of 241). These functions will not be directly callable after loading.
196/196 - 80s - loss: 0.0996 - psnr: 23.6699 - ssim: 0.8543 - val_loss: 0.0673 - val_psnr: 24.2985 - val_ssim: 0.9171 - lr: 0.0100 - 80s/epoch - 407ms/step
Epoch 20/1000

Epoch 20: val_loss improved from 0.06735 to 0.06213, saving model to models/model_ssim_l1_eq_15-20
WARNING:absl:Found untraced functions such as _jit_compiled_convolution_op, conv2d_layer_call_fn, conv2d_layer_call_and_return_conditional_losses, _jit_compiled_convolution_op, leaky_re_lu_layer_call_fn while saving (showing 5 of 241). These functions will not be directly callable after loading.
196/196 - 80s - loss: 0.0955 - psnr: 24.7921 - ssim: 0.8553 - val_loss: 0.0621 - val_psnr: 25.1245 - val_ssim: 0.9226 - lr: 0.0100 - 80s/epoch - 408ms/step
Epoch 21/1000

Epoch 21: val_loss improved from 0.06213 to 0.05650, saving model to models/model_ssim_l1_eq_15-20
WARNING:absl:Found untraced functions such as _jit_compiled_convolution_op, conv2d_layer_call_fn, conv2d_layer_call_and_return_conditional_losses, _jit_compiled_convolution_op, leaky_re_lu_layer_call_fn while saving (showing 5 of 241). These functions will not be directly callable after loading.
196/196 - 80s - loss: 0.0930 - psnr: 25.0793 - ssim: 0.8586 - val_loss: 0.0565 - val_psnr: 25.5796 - val_ssim: 0.9311 - lr: 0.0100 - 80s/epoch - 407ms/step
Epoch 22/1000

Epoch 22: val_loss improved from 0.05650 to 0.05200, saving model to models/model_ssim_l1_eq_15-20
WARNING:absl:Found untraced functions such as _jit_compiled_convolution_op, conv2d_layer_call_fn, conv2d_layer_call_and_return_conditional_losses, _jit_compiled_convolution_op, leaky_re_lu_layer_call_fn while saving (showing 5 of 241). These functions will not be directly callable after loading.
196/196 - 80s - loss: 0.0916 - psnr: 25.1950 - ssim: 0.8608 - val_loss: 0.0520 - val_psnr: 26.0473 - val_ssim: 0.9377 - lr: 0.0100 - 80s/epoch - 409ms/step
Epoch 23/1000

Epoch 23: val_loss improved from 0.05200 to 0.04738, saving model to models/model_ssim_l1_eq_15-20
WARNING:absl:Found untraced functions such as _jit_compiled_convolution_op, conv2d_layer_call_fn, conv2d_layer_call_and_return_conditional_losses, _jit_compiled_convolution_op, leaky_re_lu_layer_call_fn while saving (showing 5 of 241). These functions will not be directly callable after loading.
196/196 - 80s - loss: 0.0907 - psnr: 25.2674 - ssim: 0.8623 - val_loss: 0.0474 - val_psnr: 26.8694 - val_ssim: 0.9428 - lr: 0.0100 - 80s/epoch - 408ms/step
Epoch 24/1000

Epoch 24: val_loss did not improve from 0.04738
196/196 - 59s - loss: 0.0899 - psnr: 25.3229 - ssim: 0.8635 - val_loss: 0.0508 - val_psnr: 25.9863 - val_ssim: 0.9404 - lr: 0.0100 - 59s/epoch - 301ms/step
Epoch 25/1000

Epoch 25: val_loss did not improve from 0.04738
196/196 - 59s - loss: 0.0894 - psnr: 25.3517 - ssim: 0.8645 - val_loss: 0.0489 - val_psnr: 26.0709 - val_ssim: 0.9435 - lr: 0.0100 - 59s/epoch - 301ms/step
Epoch 26/1000

Epoch 26: val_loss improved from 0.04738 to 0.04649, saving model to models/model_ssim_l1_eq_15-20
WARNING:absl:Found untraced functions such as _jit_compiled_convolution_op, conv2d_layer_call_fn, conv2d_layer_call_and_return_conditional_losses, _jit_compiled_convolution_op, leaky_re_lu_layer_call_fn while saving (showing 5 of 241). These functions will not be directly callable after loading.
196/196 - 80s - loss: 0.0889 - psnr: 25.3764 - ssim: 0.8653 - val_loss: 0.0465 - val_psnr: 26.2393 - val_ssim: 0.9473 - lr: 0.0100 - 80s/epoch - 407ms/step
Epoch 27/1000

Epoch 27: val_loss did not improve from 0.04649
196/196 - 59s - loss: 0.0883 - psnr: 25.4131 - ssim: 0.8663 - val_loss: 0.0471 - val_psnr: 26.5342 - val_ssim: 0.9451 - lr: 0.0100 - 59s/epoch - 300ms/step
Epoch 28/1000

Epoch 28: val_loss improved from 0.04649 to 0.04438, saving model to models/model_ssim_l1_eq_15-20
WARNING:absl:Found untraced functions such as _jit_compiled_convolution_op, conv2d_layer_call_fn, conv2d_layer_call_and_return_conditional_losses, _jit_compiled_convolution_op, leaky_re_lu_layer_call_fn while saving (showing 5 of 241). These functions will not be directly callable after loading.
196/196 - 80s - loss: 0.0880 - psnr: 25.4314 - ssim: 0.8668 - val_loss: 0.0444 - val_psnr: 27.1230 - val_ssim: 0.9476 - lr: 0.0100 - 80s/epoch - 410ms/step
Epoch 29/1000

Epoch 29: val_loss did not improve from 0.04438
196/196 - 59s - loss: 0.0877 - psnr: 25.4458 - ssim: 0.8674 - val_loss: 0.0453 - val_psnr: 26.8129 - val_ssim: 0.9473 - lr: 0.0100 - 59s/epoch - 301ms/step
Epoch 30/1000

Epoch 30: val_loss improved from 0.04438 to 0.04437, saving model to models/model_ssim_l1_eq_15-20
WARNING:absl:Found untraced functions such as _jit_compiled_convolution_op, conv2d_layer_call_fn, conv2d_layer_call_and_return_conditional_losses, _jit_compiled_convolution_op, leaky_re_lu_layer_call_fn while saving (showing 5 of 241). These functions will not be directly callable after loading.
196/196 - 80s - loss: 0.0874 - psnr: 25.4561 - ssim: 0.8678 - val_loss: 0.0444 - val_psnr: 26.9807 - val_ssim: 0.9483 - lr: 0.0100 - 80s/epoch - 407ms/step
Epoch 31/1000

Epoch 31: val_loss improved from 0.04437 to 0.04294, saving model to models/model_ssim_l1_eq_15-20
WARNING:absl:Found untraced functions such as _jit_compiled_convolution_op, conv2d_layer_call_fn, conv2d_layer_call_and_return_conditional_losses, _jit_compiled_convolution_op, leaky_re_lu_layer_call_fn while saving (showing 5 of 241). These functions will not be directly callable after loading.
196/196 - 80s - loss: 0.0872 - psnr: 25.4723 - ssim: 0.8683 - val_loss: 0.0429 - val_psnr: 27.4671 - val_ssim: 0.9490 - lr: 0.0100 - 80s/epoch - 409ms/step
Epoch 32/1000

Epoch 32: val_loss improved from 0.04294 to 0.04293, saving model to models/model_ssim_l1_eq_15-20
WARNING:absl:Found untraced functions such as _jit_compiled_convolution_op, conv2d_layer_call_fn, conv2d_layer_call_and_return_conditional_losses, _jit_compiled_convolution_op, leaky_re_lu_layer_call_fn while saving (showing 5 of 241). These functions will not be directly callable after loading.
196/196 - 80s - loss: 0.0869 - psnr: 25.4872 - ssim: 0.8687 - val_loss: 0.0429 - val_psnr: 27.5191 - val_ssim: 0.9490 - lr: 0.0100 - 80s/epoch - 409ms/step
Epoch 33/1000

Epoch 33: val_loss did not improve from 0.04293
196/196 - 59s - loss: 0.0867 - psnr: 25.5082 - ssim: 0.8691 - val_loss: 0.0446 - val_psnr: 26.7209 - val_ssim: 0.9490 - lr: 0.0100 - 59s/epoch - 301ms/step
Epoch 34/1000

Epoch 34: val_loss did not improve from 0.04293
196/196 - 59s - loss: 0.0866 - psnr: 25.5065 - ssim: 0.8694 - val_loss: 0.0433 - val_psnr: 26.9882 - val_ssim: 0.9503 - lr: 0.0100 - 59s/epoch - 300ms/step
Epoch 35/1000

Epoch 35: val_loss did not improve from 0.04293
196/196 - 59s - loss: 0.0863 - psnr: 25.5257 - ssim: 0.8697 - val_loss: 0.0439 - val_psnr: 26.9735 - val_ssim: 0.9493 - lr: 0.0100 - 59s/epoch - 302ms/step
Epoch 36/1000

Epoch 36: val_loss did not improve from 0.04293
196/196 - 59s - loss: 0.0862 - psnr: 25.5347 - ssim: 0.8699 - val_loss: 0.0438 - val_psnr: 26.7893 - val_ssim: 0.9501 - lr: 0.0100 - 59s/epoch - 301ms/step
Epoch 37/1000

Epoch 37: val_loss did not improve from 0.04293
196/196 - 59s - loss: 0.0860 - psnr: 25.5441 - ssim: 0.8703 - val_loss: 0.0443 - val_psnr: 26.7918 - val_ssim: 0.9493 - lr: 0.0100 - 59s/epoch - 301ms/step
Epoch 38/1000

Epoch 38: val_loss did not improve from 0.04293
196/196 - 59s - loss: 0.0858 - psnr: 25.5522 - ssim: 0.8706 - val_loss: 0.0446 - val_psnr: 26.7304 - val_ssim: 0.9488 - lr: 0.0100 - 59s/epoch - 301ms/step
Epoch 39/1000

Epoch 39: val_loss did not improve from 0.04293
196/196 - 59s - loss: 0.0857 - psnr: 25.5550 - ssim: 0.8708 - val_loss: 0.0456 - val_psnr: 26.2176 - val_ssim: 0.9492 - lr: 0.0100 - 59s/epoch - 300ms/step
Epoch 40/1000

Epoch 40: val_loss did not improve from 0.04293
196/196 - 59s - loss: 0.0856 - psnr: 25.5685 - ssim: 0.8710 - val_loss: 0.0487 - val_psnr: 25.6044 - val_ssim: 0.9464 - lr: 0.0100 - 59s/epoch - 302ms/step
Epoch 41/1000

Epoch 41: val_loss did not improve from 0.04293
196/196 - 59s - loss: 0.0854 - psnr: 25.5771 - ssim: 0.8713 - val_loss: 0.0440 - val_psnr: 26.4750 - val_ssim: 0.9510 - lr: 0.0100 - 59s/epoch - 301ms/step
Epoch 42/1000

Epoch 42: val_loss did not improve from 0.04293
196/196 - 59s - loss: 0.0853 - psnr: 25.5825 - ssim: 0.8714 - val_loss: 0.0471 - val_psnr: 25.9837 - val_ssim: 0.9478 - lr: 0.0100 - 59s/epoch - 302ms/step
Epoch 43/1000

Epoch 43: val_loss did not improve from 0.04293
196/196 - 59s - loss: 0.0853 - psnr: 25.5852 - ssim: 0.8715 - val_loss: 0.0457 - val_psnr: 26.3204 - val_ssim: 0.9488 - lr: 0.0100 - 59s/epoch - 302ms/step
Epoch 44/1000

Epoch 44: val_loss did not improve from 0.04293
196/196 - 59s - loss: 0.0851 - psnr: 25.6021 - ssim: 0.8717 - val_loss: 0.0477 - val_psnr: 25.9896 - val_ssim: 0.9467 - lr: 0.0100 - 59s/epoch - 301ms/step
Epoch 45/1000

Epoch 45: val_loss did not improve from 0.04293
196/196 - 60s - loss: 0.0850 - psnr: 25.6033 - ssim: 0.8719 - val_loss: 0.0450 - val_psnr: 26.5897 - val_ssim: 0.9491 - lr: 0.0100 - 60s/epoch - 304ms/step
Epoch 46/1000

Epoch 46: val_loss did not improve from 0.04293
196/196 - 60s - loss: 0.0849 - psnr: 25.6149 - ssim: 0.8721 - val_loss: 0.0483 - val_psnr: 25.5943 - val_ssim: 0.9473 - lr: 0.0100 - 60s/epoch - 304ms/step
Epoch 47/1000

Epoch 47: val_loss did not improve from 0.04293
196/196 - 60s - loss: 0.0848 - psnr: 25.6261 - ssim: 0.8722 - val_loss: 0.0443 - val_psnr: 26.5759 - val_ssim: 0.9501 - lr: 0.0100 - 60s/epoch - 304ms/step
Epoch 48/1000

Epoch 48: val_loss did not improve from 0.04293
196/196 - 60s - loss: 0.0848 - psnr: 25.6313 - ssim: 0.8723 - val_loss: 0.0476 - val_psnr: 25.8623 - val_ssim: 0.9473 - lr: 0.0100 - 60s/epoch - 305ms/step
Epoch 49/1000

Epoch 49: val_loss did not improve from 0.04293
196/196 - 60s - loss: 0.0847 - psnr: 25.6353 - ssim: 0.8724 - val_loss: 0.0459 - val_psnr: 26.1951 - val_ssim: 0.9488 - lr: 0.0100 - 60s/epoch - 304ms/step
Epoch 50/1000

Epoch 50: val_loss did not improve from 0.04293
196/196 - 59s - loss: 0.0846 - psnr: 25.6444 - ssim: 0.8726 - val_loss: 0.0476 - val_psnr: 25.8118 - val_ssim: 0.9473 - lr: 0.0100 - 59s/epoch - 304ms/step
Epoch 51/1000

Epoch 51: ReduceLROnPlateau reducing learning rate to 0.0019999999552965165.

Epoch 51: val_loss did not improve from 0.04293
196/196 - 60s - loss: 0.0845 - psnr: 25.6513 - ssim: 0.8727 - val_loss: 0.0462 - val_psnr: 26.1750 - val_ssim: 0.9484 - lr: 0.0100 - 60s/epoch - 305ms/step
Epoch 52/1000

Epoch 52: val_loss did not improve from 0.04293
196/196 - 60s - loss: 0.0830 - psnr: 25.8580 - ssim: 0.8746 - val_loss: 0.0478 - val_psnr: 26.0841 - val_ssim: 0.9461 - lr: 0.0020 - 60s/epoch - 307ms/step
Epoch 53/1000

Epoch 53: val_loss did not improve from 0.04293
196/196 - 60s - loss: 0.0830 - psnr: 25.8593 - ssim: 0.8747 - val_loss: 0.0477 - val_psnr: 26.0814 - val_ssim: 0.9463 - lr: 0.0020 - 60s/epoch - 304ms/step
Epoch 54/1000

Epoch 54: val_loss did not improve from 0.04293
196/196 - 60s - loss: 0.0829 - psnr: 25.8626 - ssim: 0.8747 - val_loss: 0.0472 - val_psnr: 26.2660 - val_ssim: 0.9465 - lr: 0.0020 - 60s/epoch - 305ms/step
Epoch 55/1000

Epoch 55: val_loss did not improve from 0.04293
196/196 - 60s - loss: 0.0829 - psnr: 25.8647 - ssim: 0.8748 - val_loss: 0.0469 - val_psnr: 26.2429 - val_ssim: 0.9470 - lr: 0.0020 - 60s/epoch - 304ms/step
Epoch 56/1000

Epoch 56: val_loss did not improve from 0.04293
196/196 - 60s - loss: 0.0829 - psnr: 25.8673 - ssim: 0.8748 - val_loss: 0.0474 - val_psnr: 26.1156 - val_ssim: 0.9468 - lr: 0.0020 - 60s/epoch - 304ms/step
Epoch 57/1000

Epoch 57: val_loss did not improve from 0.04293
196/196 - 60s - loss: 0.0829 - psnr: 25.8656 - ssim: 0.8748 - val_loss: 0.0469 - val_psnr: 26.2588 - val_ssim: 0.9470 - lr: 0.0020 - 60s/epoch - 305ms/step
Epoch 58/1000

Epoch 58: val_loss did not improve from 0.04293
196/196 - 60s - loss: 0.0828 - psnr: 25.8717 - ssim: 0.8749 - val_loss: 0.0477 - val_psnr: 26.0622 - val_ssim: 0.9463 - lr: 0.0020 - 60s/epoch - 306ms/step
Epoch 59/1000

Epoch 59: val_loss did not improve from 0.04293
196/196 - 59s - loss: 0.0828 - psnr: 25.8704 - ssim: 0.8749 - val_loss: 0.0468 - val_psnr: 26.2252 - val_ssim: 0.9473 - lr: 0.0020 - 59s/epoch - 300ms/step
Epoch 60/1000

Epoch 60: val_loss did not improve from 0.04293
196/196 - 59s - loss: 0.0828 - psnr: 25.8754 - ssim: 0.8750 - val_loss: 0.0473 - val_psnr: 26.1096 - val_ssim: 0.9470 - lr: 0.0020 - 59s/epoch - 300ms/step
Epoch 61/1000

Epoch 61: val_loss did not improve from 0.04293
196/196 - 59s - loss: 0.0828 - psnr: 25.8730 - ssim: 0.8750 - val_loss: 0.0470 - val_psnr: 26.2076 - val_ssim: 0.9471 - lr: 0.0020 - 59s/epoch - 302ms/step
Epoch 62/1000

Epoch 62: val_loss did not improve from 0.04293
196/196 - 59s - loss: 0.0828 - psnr: 25.8756 - ssim: 0.8750 - val_loss: 0.0469 - val_psnr: 26.2377 - val_ssim: 0.9472 - lr: 0.0020 - 59s/epoch - 301ms/step
Epoch 63/1000

Epoch 63: val_loss did not improve from 0.04293
196/196 - 59s - loss: 0.0827 - psnr: 25.8793 - ssim: 0.8751 - val_loss: 0.0472 - val_psnr: 26.1757 - val_ssim: 0.9469 - lr: 0.0020 - 59s/epoch - 301ms/step
Epoch 64/1000

Epoch 64: val_loss did not improve from 0.04293
196/196 - 59s - loss: 0.0827 - psnr: 25.8815 - ssim: 0.8751 - val_loss: 0.0471 - val_psnr: 26.1848 - val_ssim: 0.9471 - lr: 0.0020 - 59s/epoch - 300ms/step
Epoch 65/1000

Epoch 65: val_loss did not improve from 0.04293
196/196 - 59s - loss: 0.0827 - psnr: 25.8835 - ssim: 0.8751 - val_loss: 0.0463 - val_psnr: 26.3444 - val_ssim: 0.9477 - lr: 0.0020 - 59s/epoch - 300ms/step
Epoch 66/1000

Epoch 66: val_loss did not improve from 0.04293
196/196 - 59s - loss: 0.0827 - psnr: 25.8813 - ssim: 0.8750 - val_loss: 0.0471 - val_psnr: 26.1186 - val_ssim: 0.9472 - lr: 0.0020 - 59s/epoch - 301ms/step
Epoch 67/1000

Epoch 67: val_loss did not improve from 0.04293
196/196 - 59s - loss: 0.0827 - psnr: 25.8836 - ssim: 0.8751 - val_loss: 0.0467 - val_psnr: 26.2151 - val_ssim: 0.9475 - lr: 0.0020 - 59s/epoch - 301ms/step
Epoch 68/1000

Epoch 68: val_loss did not improve from 0.04293
196/196 - 59s - loss: 0.0827 - psnr: 25.8869 - ssim: 0.8751 - val_loss: 0.0467 - val_psnr: 26.1958 - val_ssim: 0.9476 - lr: 0.0020 - 59s/epoch - 302ms/step
Epoch 69/1000

Epoch 69: val_loss did not improve from 0.04293
196/196 - 59s - loss: 0.0827 - psnr: 25.8877 - ssim: 0.8751 - val_loss: 0.0474 - val_psnr: 26.1199 - val_ssim: 0.9468 - lr: 0.0020 - 59s/epoch - 301ms/step
Epoch 70/1000

Epoch 70: val_loss did not improve from 0.04293
196/196 - 59s - loss: 0.0826 - psnr: 25.8909 - ssim: 0.8752 - val_loss: 0.0468 - val_psnr: 26.2702 - val_ssim: 0.9473 - lr: 0.0020 - 59s/epoch - 302ms/step
Epoch 71/1000

Epoch 71: val_loss did not improve from 0.04293
196/196 - 59s - loss: 0.0826 - psnr: 25.8924 - ssim: 0.8752 - val_loss: 0.0462 - val_psnr: 26.3212 - val_ssim: 0.9482 - lr: 0.0020 - 59s/epoch - 301ms/step
Epoch 72/1000

Epoch 72: val_loss did not improve from 0.04293
196/196 - 59s - loss: 0.0826 - psnr: 25.8908 - ssim: 0.8752 - val_loss: 0.0461 - val_psnr: 26.3682 - val_ssim: 0.9480 - lr: 0.0020 - 59s/epoch - 300ms/step
Epoch 73/1000

Epoch 73: val_loss did not improve from 0.04293
196/196 - 59s - loss: 0.0826 - psnr: 25.8923 - ssim: 0.8752 - val_loss: 0.0461 - val_psnr: 26.3707 - val_ssim: 0.9480 - lr: 0.0020 - 59s/epoch - 302ms/step
Epoch 74/1000

Epoch 74: val_loss did not improve from 0.04293
196/196 - 59s - loss: 0.0826 - psnr: 25.8941 - ssim: 0.8753 - val_loss: 0.0466 - val_psnr: 26.2375 - val_ssim: 0.9477 - lr: 0.0020 - 59s/epoch - 303ms/step
Epoch 75/1000

Epoch 75: val_loss did not improve from 0.04293
196/196 - 60s - loss: 0.0825 - psnr: 25.8967 - ssim: 0.8753 - val_loss: 0.0472 - val_psnr: 26.1738 - val_ssim: 0.9469 - lr: 0.0020 - 60s/epoch - 304ms/step
Epoch 76/1000

Epoch 76: val_loss did not improve from 0.04293
196/196 - 60s - loss: 0.0825 - psnr: 25.8986 - ssim: 0.8753 - val_loss: 0.0467 - val_psnr: 26.2274 - val_ssim: 0.9476 - lr: 0.0020 - 60s/epoch - 305ms/step
Epoch 77/1000

Epoch 77: val_loss did not improve from 0.04293
196/196 - 59s - loss: 0.0825 - psnr: 25.8970 - ssim: 0.8753 - val_loss: 0.0460 - val_psnr: 26.3521 - val_ssim: 0.9482 - lr: 0.0020 - 59s/epoch - 301ms/step
Epoch 78/1000

Epoch 78: val_loss did not improve from 0.04293
196/196 - 60s - loss: 0.0825 - psnr: 25.9032 - ssim: 0.8754 - val_loss: 0.0470 - val_psnr: 26.1217 - val_ssim: 0.9474 - lr: 0.0020 - 60s/epoch - 304ms/step
Epoch 79/1000

Epoch 79: val_loss did not improve from 0.04293
196/196 - 59s - loss: 0.0825 - psnr: 25.9008 - ssim: 0.8754 - val_loss: 0.0470 - val_psnr: 26.1017 - val_ssim: 0.9475 - lr: 0.0020 - 59s/epoch - 302ms/step
Epoch 80/1000

Epoch 80: ReduceLROnPlateau reducing learning rate to 0.0003999999724328518.

Epoch 80: val_loss did not improve from 0.04293
196/196 - 59s - loss: 0.0825 - psnr: 25.9049 - ssim: 0.8754 - val_loss: 0.0466 - val_psnr: 26.2110 - val_ssim: 0.9479 - lr: 0.0020 - 59s/epoch - 301ms/step
Epoch 81/1000
Restoring model weights from the end of the best epoch: 31.

Epoch 81: val_loss did not improve from 0.04293
196/196 - 60s - loss: 0.0822 - psnr: 25.9400 - ssim: 0.8758 - val_loss: 0.0462 - val_psnr: 26.0091 - val_ssim: 0.9494 - lr: 4.0000e-04 - 60s/epoch - 304ms/step
Epoch 81: early stopping
[0m
[32mSaving model architecture text summary...[0m
[32mSaving model training history...[0m
[32mEvaluating model...[0m
[36m
40/40 - 5s - loss: 0.0429 - psnr: 27.4673 - ssim: 0.9490 - 5s/epoch - 127ms/step
WARNING:matplotlib.font_manager:findfont: Generic family 'sans-serif' not found because none of the following families were found: Readex Pro
WARNING:matplotlib.font_manager:findfont: Generic family 'sans-serif' not found because none of the following families were found: Readex Pro
WARNING:matplotlib.font_manager:findfont: Generic family 'sans-serif' not found because none of the following families were found: Readex Pro
WARNING:matplotlib.font_manager:findfont: Generic family 'sans-serif' not found because none of the following families were found: Readex Pro
WARNING:matplotlib.font_manager:findfont: Generic family 'sans-serif' not found because none of the following families were found: Readex Pro
WARNING:matplotlib.font_manager:findfont: Generic family 'sans-serif' not found because none of the following families were found: Readex Pro
WARNING:matplotlib.font_manager:findfont: Generic family 'sans-serif' not found because none of the following families were found: Readex Pro
WARNING:matplotlib.font_manager:findfont: Generic family 'sans-serif' not found because none of the following families were found: Readex Pro
WARNING:matplotlib.font_manager:findfont: Generic family 'sans-serif' not found because none of the following families were found: Readex Pro
WARNING:matplotlib.font_manager:findfont: Generic family 'sans-serif' not found because none of the following families were found: Readex Pro
WARNING:matplotlib.font_manager:findfont: Generic family 'sans-serif' not found because none of the following families were found: Readex Pro
WARNING:matplotlib.font_manager:findfont: Generic family 'sans-serif' not found because none of the following families were found: Readex Pro
WARNING:matplotlib.font_manager:findfont: Generic family 'sans-serif' not found because none of the following families were found: Readex Pro
WARNING:matplotlib.font_manager:findfont: Generic family 'sans-serif' not found because none of the following families were found: Readex Pro
WARNING:matplotlib.font_manager:findfont: Generic family 'sans-serif' not found because none of the following families were found: Readex Pro
WARNING:matplotlib.font_manager:findfont: Generic family 'sans-serif' not found because none of the following families were found: Readex Pro
WARNING:matplotlib.font_manager:findfont: Generic family 'sans-serif' not found because none of the following families were found: Readex Pro
WARNING:matplotlib.font_manager:findfont: Generic family 'sans-serif' not found because none of the following families were found: Readex Pro
WARNING:matplotlib.font_manager:findfont: Generic family 'sans-serif' not found because none of the following families were found: Readex Pro
WARNING:matplotlib.font_manager:findfont: Generic family 'sans-serif' not found because none of the following families were found: Readex Pro
WARNING:matplotlib.font_manager:findfont: Generic family 'sans-serif' not found because none of the following families were found: Readex Pro
WARNING:matplotlib.font_manager:findfont: Generic family 'sans-serif' not found because none of the following families were found: Readex Pro
WARNING:matplotlib.font_manager:findfont: Generic family 'sans-serif' not found because none of the following families were found: Readex Pro
WARNING:matplotlib.font_manager:findfont: Generic family 'sans-serif' not found because none of the following families were found: Readex Pro
WARNING:matplotlib.font_manager:findfont: Generic family 'sans-serif' not found because none of the following families were found: Readex Pro
WARNING:matplotlib.font_manager:findfont: Generic family 'sans-serif' not found because none of the following families were found: Readex Pro
WARNING:matplotlib.font_manager:findfont: Generic family 'sans-serif' not found because none of the following families were found: Readex Pro
WARNING:matplotlib.font_manager:findfont: Generic family 'sans-serif' not found because none of the following families were found: Readex Pro
WARNING:matplotlib.font_manager:findfont: Generic family 'sans-serif' not found because none of the following families were found: Readex Pro
WARNING:matplotlib.font_manager:findfont: Generic family 'sans-serif' not found because none of the following families were found: Readex Pro
WARNING:matplotlib.font_manager:findfont: Generic family 'sans-serif' not found because none of the following families were found: Readex Pro
WARNING:matplotlib.font_manager:findfont: Generic family 'sans-serif' not found because none of the following families were found: Readex Pro
WARNING:matplotlib.font_manager:findfont: Generic family 'sans-serif' not found because none of the following families were found: Readex Pro
WARNING:matplotlib.font_manager:findfont: Generic family 'sans-serif' not found because none of the following families were found: Readex Pro
WARNING:matplotlib.font_manager:findfont: Generic family 'sans-serif' not found because none of the following families were found: Readex Pro
WARNING:matplotlib.font_manager:findfont: Generic family 'sans-serif' not found because none of the following families were found: Readex Pro
WARNING:matplotlib.font_manager:findfont: Generic family 'sans-serif' not found because none of the following families were found: Readex Pro
WARNING:matplotlib.font_manager:findfont: Generic family 'sans-serif' not found because none of the following families were found: Readex Pro
WARNING:matplotlib.font_manager:findfont: Generic family 'sans-serif' not found because none of the following families were found: Readex Pro
WARNING:matplotlib.font_manager:findfont: Generic family 'sans-serif' not found because none of the following families were found: Readex Pro
WARNING:matplotlib.font_manager:findfont: Generic family 'sans-serif' not found because none of the following families were found: Readex Pro
WARNING:matplotlib.font_manager:findfont: Generic family 'sans-serif' not found because none of the following families were found: Readex Pro
WARNING:matplotlib.font_manager:findfont: Generic family 'sans-serif' not found because none of the following families were found: Readex Pro
WARNING:matplotlib.font_manager:findfont: Generic family 'sans-serif' not found because none of the following families were found: Readex Pro
WARNING:matplotlib.font_manager:findfont: Generic family 'sans-serif' not found because none of the following families were found: Readex Pro
WARNING:matplotlib.font_manager:findfont: Generic family 'sans-serif' not found because none of the following families were found: Readex Pro
WARNING:matplotlib.font_manager:findfont: Generic family 'sans-serif' not found because none of the following families were found: Readex Pro
WARNING:matplotlib.font_manager:findfont: Generic family 'sans-serif' not found because none of the following families were found: Readex Pro
WARNING:matplotlib.font_manager:findfont: Generic family 'sans-serif' not found because none of the following families were found: Readex Pro
WARNING:matplotlib.font_manager:findfont: Generic family 'sans-serif' not found because none of the following families were found: Readex Pro
WARNING:matplotlib.font_manager:findfont: Generic family 'sans-serif' not found because none of the following families were found: Readex Pro
WARNING:matplotlib.font_manager:findfont: Generic family 'sans-serif' not found because none of the following families were found: Readex Pro
WARNING:matplotlib.font_manager:findfont: Generic family 'sans-serif' not found because none of the following families were found: Readex Pro
WARNING:matplotlib.font_manager:findfont: Generic family 'sans-serif' not found because none of the following families were found: Readex Pro
WARNING:matplotlib.font_manager:findfont: Generic family 'sans-serif' not found because none of the following families were found: Readex Pro
WARNING:matplotlib.font_manager:findfont: Generic family 'sans-serif' not found because none of the following families were found: Readex Pro
WARNING:matplotlib.font_manager:findfont: Generic family 'sans-serif' not found because none of the following families were found: Readex Pro
WARNING:matplotlib.font_manager:findfont: Generic family 'sans-serif' not found because none of the following families were found: Readex Pro
WARNING:matplotlib.font_manager:findfont: Generic family 'sans-serif' not found because none of the following families were found: Readex Pro
WARNING:matplotlib.font_manager:findfont: Generic family 'sans-serif' not found because none of the following families were found: Readex Pro
WARNING:matplotlib.font_manager:findfont: Generic family 'sans-serif' not found because none of the following families were found: Readex Pro
WARNING:matplotlib.font_manager:findfont: Generic family 'sans-serif' not found because none of the following families were found: Readex Pro
WARNING:matplotlib.font_manager:findfont: Generic family 'sans-serif' not found because none of the following families were found: Readex Pro
WARNING:matplotlib.font_manager:findfont: Generic family 'sans-serif' not found because none of the following families were found: Readex Pro
WARNING:matplotlib.font_manager:findfont: Generic family 'sans-serif' not found because none of the following families were found: Readex Pro
WARNING:matplotlib.font_manager:findfont: Generic family 'sans-serif' not found because none of the following families were found: Readex Pro
WARNING:matplotlib.font_manager:findfont: Generic family 'sans-serif' not found because none of the following families were found: Readex Pro
WARNING:matplotlib.font_manager:findfont: Generic family 'sans-serif' not found because none of the following families were found: Readex Pro
WARNING:matplotlib.font_manager:findfont: Generic family 'sans-serif' not found because none of the following families were found: Readex Pro
WARNING:matplotlib.font_manager:findfont: Generic family 'sans-serif' not found because none of the following families were found: Readex Pro
WARNING:matplotlib.font_manager:findfont: Generic family 'sans-serif' not found because none of the following families were found: Readex Pro
WARNING:matplotlib.font_manager:findfont: Generic family 'sans-serif' not found because none of the following families were found: Readex Pro
WARNING:matplotlib.font_manager:findfont: Generic family 'sans-serif' not found because none of the following families were found: Readex Pro
WARNING:matplotlib.font_manager:findfont: Generic family 'sans-serif' not found because none of the following families were found: Readex Pro
WARNING:matplotlib.font_manager:findfont: Generic family 'sans-serif' not found because none of the following families were found: Readex Pro
WARNING:matplotlib.font_manager:findfont: Generic family 'sans-serif' not found because none of the following families were found: Readex Pro
WARNING:matplotlib.font_manager:findfont: Generic family 'sans-serif' not found because none of the following families were found: Readex Pro
WARNING:matplotlib.font_manager:findfont: Generic family 'sans-serif' not found because none of the following families were found: Readex Pro
WARNING:matplotlib.font_manager:findfont: Generic family 'sans-serif' not found because none of the following families were found: Readex Pro
WARNING:matplotlib.font_manager:findfont: Generic family 'sans-serif' not found because none of the following families were found: Readex Pro
WARNING:matplotlib.font_manager:findfont: Generic family 'sans-serif' not found because none of the following families were found: Readex Pro
WARNING:matplotlib.font_manager:findfont: Generic family 'sans-serif' not found because none of the following families were found: Readex Pro
WARNING:matplotlib.font_manager:findfont: Generic family 'sans-serif' not found because none of the following families were found: Readex Pro
WARNING:matplotlib.font_manager:findfont: Generic family 'sans-serif' not found because none of the following families were found: Readex Pro
WARNING:matplotlib.font_manager:findfont: Generic family 'sans-serif' not found because none of the following families were found: Readex Pro
WARNING:matplotlib.font_manager:findfont: Generic family 'sans-serif' not found because none of the following families were found: Readex Pro
WARNING:matplotlib.font_manager:findfont: Generic family 'sans-serif' not found because none of the following families were found: Readex Pro
WARNING:matplotlib.font_manager:findfont: Generic family 'sans-serif' not found because none of the following families were found: Readex Pro
WARNING:matplotlib.font_manager:findfont: Generic family 'sans-serif' not found because none of the following families were found: Readex Pro
WARNING:matplotlib.font_manager:findfont: Generic family 'sans-serif' not found because none of the following families were found: Readex Pro
WARNING:matplotlib.font_manager:findfont: Generic family 'sans-serif' not found because none of the following families were found: Readex Pro
WARNING:matplotlib.font_manager:findfont: Generic family 'sans-serif' not found because none of the following families were found: Readex Pro
WARNING:matplotlib.font_manager:findfont: Generic family 'sans-serif' not found because none of the following families were found: Readex Pro
WARNING:matplotlib.font_manager:findfont: Generic family 'sans-serif' not found because none of the following families were found: Readex Pro
WARNING:matplotlib.font_manager:findfont: Generic family 'sans-serif' not found because none of the following families were found: Readex Pro
WARNING:matplotlib.font_manager:findfont: Generic family 'sans-serif' not found because none of the following families were found: Readex Pro
WARNING:matplotlib.font_manager:findfont: Generic family 'sans-serif' not found because none of the following families were found: Readex Pro
WARNING:matplotlib.font_manager:findfont: Generic family 'sans-serif' not found because none of the following families were found: Readex Pro
WARNING:matplotlib.font_manager:findfont: Generic family 'sans-serif' not found because none of the following families were found: Readex Pro
WARNING:matplotlib.font_manager:findfont: Generic family 'sans-serif' not found because none of the following families were found: Readex Pro
WARNING:matplotlib.font_manager:findfont: Generic family 'sans-serif' not found because none of the following families were found: Readex Pro
WARNING:matplotlib.font_manager:findfont: Generic family 'sans-serif' not found because none of the following families were found: Readex Pro
WARNING:matplotlib.font_manager:findfont: Generic family 'sans-serif' not found because none of the following families were found: Readex Pro
WARNING:matplotlib.font_manager:findfont: Generic family 'sans-serif' not found because none of the following families were found: Readex Pro
WARNING:matplotlib.font_manager:findfont: Generic family 'sans-serif' not found because none of the following families were found: Readex Pro
WARNING:matplotlib.font_manager:findfont: Generic family 'sans-serif' not found because none of the following families were found: Readex Pro
WARNING:matplotlib.font_manager:findfont: Generic family 'sans-serif' not found because none of the following families were found: Readex Pro
WARNING:matplotlib.font_manager:findfont: Generic family 'sans-serif' not found because none of the following families were found: Readex Pro
WARNING:matplotlib.font_manager:findfont: Generic family 'sans-serif' not found because none of the following families were found: Readex Pro
WARNING:matplotlib.font_manager:findfont: Generic family 'sans-serif' not found because none of the following families were found: Readex Pro
WARNING:matplotlib.font_manager:findfont: Generic family 'sans-serif' not found because none of the following families were found: Readex Pro
WARNING:matplotlib.font_manager:findfont: Generic family 'sans-serif' not found because none of the following families were found: Readex Pro
WARNING:matplotlib.font_manager:findfont: Generic family 'sans-serif' not found because none of the following families were found: Readex Pro
WARNING:matplotlib.font_manager:findfont: Generic family 'sans-serif' not found because none of the following families were found: Readex Pro
WARNING:matplotlib.font_manager:findfont: Generic family 'sans-serif' not found because none of the following families were found: Readex Pro
WARNING:matplotlib.font_manager:findfont: Generic family 'sans-serif' not found because none of the following families were found: Readex Pro
WARNING:matplotlib.font_manager:findfont: Generic family 'sans-serif' not found because none of the following families were found: Readex Pro
WARNING:matplotlib.font_manager:findfont: Generic family 'sans-serif' not found because none of the following families were found: Readex Pro
WARNING:matplotlib.font_manager:findfont: Generic family 'sans-serif' not found because none of the following families were found: Readex Pro
WARNING:matplotlib.font_manager:findfont: Generic family 'sans-serif' not found because none of the following families were found: Readex Pro
WARNING:matplotlib.font_manager:findfont: Generic family 'sans-serif' not found because none of the following families were found: Readex Pro
WARNING:matplotlib.font_manager:findfont: Generic family 'sans-serif' not found because none of the following families were found: Readex Pro
WARNING:matplotlib.font_manager:findfont: Generic family 'sans-serif' not found because none of the following families were found: Readex Pro
WARNING:matplotlib.font_manager:findfont: Generic family 'sans-serif' not found because none of the following families were found: Readex Pro
WARNING:matplotlib.font_manager:findfont: Generic family 'sans-serif' not found because none of the following families were found: Readex Pro
WARNING:matplotlib.font_manager:findfont: Generic family 'sans-serif' not found because none of the following families were found: Readex Pro
WARNING:matplotlib.font_manager:findfont: Generic family 'sans-serif' not found because none of the following families were found: Readex Pro
WARNING:matplotlib.font_manager:findfont: Generic family 'sans-serif' not found because none of the following families were found: Readex Pro
WARNING:matplotlib.font_manager:findfont: Generic family 'sans-serif' not found because none of the following families were found: Readex Pro
WARNING:matplotlib.font_manager:findfont: Generic family 'sans-serif' not found because none of the following families were found: Readex Pro
WARNING:matplotlib.font_manager:findfont: Generic family 'sans-serif' not found because none of the following families were found: Readex Pro
WARNING:matplotlib.font_manager:findfont: Generic family 'sans-serif' not found because none of the following families were found: Readex Pro
WARNING:matplotlib.font_manager:findfont: Generic family 'sans-serif' not found because none of the following families were found: Readex Pro
WARNING:matplotlib.font_manager:findfont: Generic family 'sans-serif' not found because none of the following families were found: Readex Pro
WARNING:matplotlib.font_manager:findfont: Generic family 'sans-serif' not found because none of the following families were found: Readex Pro
WARNING:matplotlib.font_manager:findfont: Generic family 'sans-serif' not found because none of the following families were found: Readex Pro
WARNING:matplotlib.font_manager:findfont: Generic family 'sans-serif' not found because none of the following families were found: Readex Pro
WARNING:matplotlib.font_manager:findfont: Generic family 'sans-serif' not found because none of the following families were found: Readex Pro
WARNING:matplotlib.font_manager:findfont: Generic family 'sans-serif' not found because none of the following families were found: Readex Pro
WARNING:matplotlib.font_manager:findfont: Generic family 'sans-serif' not found because none of the following families were found: Readex Pro
WARNING:matplotlib.font_manager:findfont: Generic family 'sans-serif' not found because none of the following families were found: Readex Pro
WARNING:matplotlib.font_manager:findfont: Generic family 'sans-serif' not found because none of the following families were found: Readex Pro
WARNING:matplotlib.font_manager:findfont: Generic family 'sans-serif' not found because none of the following families were found: Readex Pro
WARNING:matplotlib.font_manager:findfont: Generic family 'sans-serif' not found because none of the following families were found: Readex Pro
WARNING:matplotlib.font_manager:findfont: Generic family 'sans-serif' not found because none of the following families were found: Readex Pro
WARNING:matplotlib.font_manager:findfont: Generic family 'sans-serif' not found because none of the following families were found: Readex Pro
WARNING:matplotlib.font_manager:findfont: Generic family 'sans-serif' not found because none of the following families were found: Readex Pro
WARNING:matplotlib.font_manager:findfont: Generic family 'sans-serif' not found because none of the following families were found: Readex Pro
WARNING:matplotlib.font_manager:findfont: Generic family 'sans-serif' not found because none of the following families were found: Readex Pro
WARNING:matplotlib.font_manager:findfont: Generic family 'sans-serif' not found because none of the following families were found: Readex Pro
WARNING:matplotlib.font_manager:findfont: Generic family 'sans-serif' not found because none of the following families were found: Readex Pro
WARNING:matplotlib.font_manager:findfont: Generic family 'sans-serif' not found because none of the following families were found: Readex Pro
WARNING:matplotlib.font_manager:findfont: Generic family 'sans-serif' not found because none of the following families were found: Readex Pro
WARNING:matplotlib.font_manager:findfont: Generic family 'sans-serif' not found because none of the following families were found: Readex Pro
WARNING:matplotlib.font_manager:findfont: Generic family 'sans-serif' not found because none of the following families were found: Readex Pro
WARNING:matplotlib.font_manager:findfont: Generic family 'sans-serif' not found because none of the following families were found: Readex Pro
WARNING:matplotlib.font_manager:findfont: Generic family 'sans-serif' not found because none of the following families were found: Readex Pro
WARNING:matplotlib.font_manager:findfont: Generic family 'sans-serif' not found because none of the following families were found: Readex Pro
WARNING:matplotlib.font_manager:findfont: Generic family 'sans-serif' not found because none of the following families were found: Readex Pro
WARNING:matplotlib.font_manager:findfont: Generic family 'sans-serif' not found because none of the following families were found: Readex Pro
WARNING:matplotlib.font_manager:findfont: Generic family 'sans-serif' not found because none of the following families were found: Readex Pro
WARNING:matplotlib.font_manager:findfont: Generic family 'sans-serif' not found because none of the following families were found: Readex Pro
WARNING:matplotlib.font_manager:findfont: Generic family 'sans-serif' not found because none of the following families were found: Readex Pro
WARNING:matplotlib.font_manager:findfont: Generic family 'sans-serif' not found because none of the following families were found: Readex Pro
WARNING:matplotlib.font_manager:findfont: Generic family 'sans-serif' not found because none of the following families were found: Readex Pro
WARNING:matplotlib.font_manager:findfont: Generic family 'sans-serif' not found because none of the following families were found: Readex Pro
WARNING:matplotlib.font_manager:findfont: Generic family 'sans-serif' not found because none of the following families were found: Readex Pro
WARNING:matplotlib.font_manager:findfont: Generic family 'sans-serif' not found because none of the following families were found: Readex Pro
WARNING:matplotlib.font_manager:findfont: Generic family 'sans-serif' not found because none of the following families were found: Readex Pro
WARNING:matplotlib.font_manager:findfont: Generic family 'sans-serif' not found because none of the following families were found: Readex Pro
WARNING:matplotlib.font_manager:findfont: Generic family 'sans-serif' not found because none of the following families were found: Readex Pro
WARNING:matplotlib.font_manager:findfont: Generic family 'sans-serif' not found because none of the following families were found: Readex Pro
WARNING:matplotlib.font_manager:findfont: Generic family 'sans-serif' not found because none of the following families were found: Readex Pro
WARNING:matplotlib.font_manager:findfont: Generic family 'sans-serif' not found because none of the following families were found: Readex Pro
WARNING:matplotlib.font_manager:findfont: Generic family 'sans-serif' not found because none of the following families were found: Readex Pro
WARNING:matplotlib.font_manager:findfont: Generic family 'sans-serif' not found because none of the following families were found: Readex Pro
WARNING:matplotlib.font_manager:findfont: Generic family 'sans-serif' not found because none of the following families were found: Readex Pro
WARNING:matplotlib.font_manager:findfont: Generic family 'sans-serif' not found because none of the following families were found: Readex Pro
WARNING:matplotlib.font_manager:findfont: Generic family 'sans-serif' not found because none of the following families were found: Readex Pro
WARNING:matplotlib.font_manager:findfont: Generic family 'sans-serif' not found because none of the following families were found: Readex Pro
WARNING:matplotlib.font_manager:findfont: Generic family 'sans-serif' not found because none of the following families were found: Readex Pro
WARNING:matplotlib.font_manager:findfont: Generic family 'sans-serif' not found because none of the following families were found: Readex Pro
WARNING:matplotlib.font_manager:findfont: Generic family 'sans-serif' not found because none of the following families were found: Readex Pro
WARNING:matplotlib.font_manager:findfont: Generic family 'sans-serif' not found because none of the following families were found: Readex Pro
WARNING:matplotlib.font_manager:findfont: Generic family 'sans-serif' not found because none of the following families were found: Readex Pro
WARNING:matplotlib.font_manager:findfont: Generic family 'sans-serif' not found because none of the following families were found: Readex Pro
WARNING:matplotlib.font_manager:findfont: Generic family 'sans-serif' not found because none of the following families were found: Readex Pro
WARNING:matplotlib.font_manager:findfont: Generic family 'sans-serif' not found because none of the following families were found: Readex Pro
WARNING:matplotlib.font_manager:findfont: Generic family 'sans-serif' not found because none of the following families were found: Readex Pro
WARNING:matplotlib.font_manager:findfont: Generic family 'sans-serif' not found because none of the following families were found: Readex Pro
WARNING:matplotlib.font_manager:findfont: Generic family 'sans-serif' not found because none of the following families were found: Readex Pro
WARNING:matplotlib.font_manager:findfont: Generic family 'sans-serif' not found because none of the following families were found: Readex Pro
WARNING:matplotlib.font_manager:findfont: Generic family 'sans-serif' not found because none of the following families were found: Readex Pro
WARNING:matplotlib.font_manager:findfont: Generic family 'sans-serif' not found because none of the following families were found: Readex Pro
WARNING:matplotlib.font_manager:findfont: Generic family 'sans-serif' not found because none of the following families were found: Readex Pro
WARNING:matplotlib.font_manager:findfont: Generic family 'sans-serif' not found because none of the following families were found: Readex Pro
WARNING:matplotlib.font_manager:findfont: Generic family 'sans-serif' not found because none of the following families were found: Readex Pro
WARNING:matplotlib.font_manager:findfont: Generic family 'sans-serif' not found because none of the following families were found: Readex Pro
WARNING:matplotlib.font_manager:findfont: Generic family 'sans-serif' not found because none of the following families were found: Readex Pro
WARNING:matplotlib.font_manager:findfont: Generic family 'sans-serif' not found because none of the following families were found: Readex Pro
WARNING:matplotlib.font_manager:findfont: Generic family 'sans-serif' not found because none of the following families were found: Readex Pro
WARNING:matplotlib.font_manager:findfont: Generic family 'sans-serif' not found because none of the following families were found: Readex Pro
WARNING:matplotlib.font_manager:findfont: Generic family 'sans-serif' not found because none of the following families were found: Readex Pro
WARNING:matplotlib.font_manager:findfont: Generic family 'sans-serif' not found because none of the following families were found: Readex Pro
WARNING:matplotlib.font_manager:findfont: Generic family 'sans-serif' not found because none of the following families were found: Readex Pro
WARNING:matplotlib.font_manager:findfont: Generic family 'sans-serif' not found because none of the following families were found: Readex Pro
WARNING:matplotlib.font_manager:findfont: Generic family 'sans-serif' not found because none of the following families were found: Readex Pro
WARNING:matplotlib.font_manager:findfont: Generic family 'sans-serif' not found because none of the following families were found: Readex Pro
WARNING:matplotlib.font_manager:findfont: Generic family 'sans-serif' not found because none of the following families were found: Readex Pro
WARNING:matplotlib.font_manager:findfont: Generic family 'sans-serif' not found because none of the following families were found: Readex Pro
WARNING:matplotlib.font_manager:findfont: Generic family 'sans-serif' not found because none of the following families were found: Readex Pro
WARNING:matplotlib.font_manager:findfont: Generic family 'sans-serif' not found because none of the following families were found: Readex Pro
WARNING:matplotlib.font_manager:findfont: Generic family 'sans-serif' not found because none of the following families were found: Readex Pro
WARNING:matplotlib.font_manager:findfont: Generic family 'sans-serif' not found because none of the following families were found: Readex Pro
WARNING:matplotlib.font_manager:findfont: Generic family 'sans-serif' not found because none of the following families were found: Readex Pro
WARNING:matplotlib.font_manager:findfont: Generic family 'sans-serif' not found because none of the following families were found: Readex Pro
WARNING:matplotlib.font_manager:findfont: Generic family 'sans-serif' not found because none of the following families were found: Readex Pro
WARNING:matplotlib.font_manager:findfont: Generic family 'sans-serif' not found because none of the following families were found: Readex Pro
WARNING:matplotlib.font_manager:findfont: Generic family 'sans-serif' not found because none of the following families were found: Readex Pro
WARNING:matplotlib.font_manager:findfont: Generic family 'sans-serif' not found because none of the following families were found: Readex Pro
WARNING:matplotlib.font_manager:findfont: Generic family 'sans-serif' not found because none of the following families were found: Readex Pro
WARNING:matplotlib.font_manager:findfont: Generic family 'sans-serif' not found because none of the following families were found: Readex Pro
WARNING:matplotlib.font_manager:findfont: Generic family 'sans-serif' not found because none of the following families were found: Readex Pro
WARNING:matplotlib.font_manager:findfont: Generic family 'sans-serif' not found because none of the following families were found: Readex Pro
WARNING:matplotlib.font_manager:findfont: Generic family 'sans-serif' not found because none of the following families were found: Readex Pro
WARNING:matplotlib.font_manager:findfont: Generic family 'sans-serif' not found because none of the following families were found: Readex Pro
WARNING:matplotlib.font_manager:findfont: Generic family 'sans-serif' not found because none of the following families were found: Readex Pro
WARNING:matplotlib.font_manager:findfont: Generic family 'sans-serif' not found because none of the following families were found: Readex Pro
WARNING:matplotlib.font_manager:findfont: Generic family 'sans-serif' not found because none of the following families were found: Readex Pro
WARNING:matplotlib.font_manager:findfont: Generic family 'sans-serif' not found because none of the following families were found: Readex Pro
WARNING:matplotlib.font_manager:findfont: Generic family 'sans-serif' not found because none of the following families were found: Readex Pro
WARNING:matplotlib.font_manager:findfont: Generic family 'sans-serif' not found because none of the following families were found: Readex Pro
WARNING:matplotlib.font_manager:findfont: Generic family 'sans-serif' not found because none of the following families were found: Readex Pro
WARNING:matplotlib.font_manager:findfont: Generic family 'sans-serif' not found because none of the following families were found: Readex Pro
WARNING:matplotlib.font_manager:findfont: Generic family 'sans-serif' not found because none of the following families were found: Readex Pro
WARNING:matplotlib.font_manager:findfont: Generic family 'sans-serif' not found because none of the following families were found: Readex Pro
WARNING:matplotlib.font_manager:findfont: Generic family 'sans-serif' not found because none of the following families were found: Readex Pro
WARNING:matplotlib.font_manager:findfont: Generic family 'sans-serif' not found because none of the following families were found: Readex Pro
WARNING:matplotlib.font_manager:findfont: Generic family 'sans-serif' not found because none of the following families were found: Readex Pro
WARNING:matplotlib.font_manager:findfont: Generic family 'sans-serif' not found because none of the following families were found: Readex Pro
WARNING:matplotlib.font_manager:findfont: Generic family 'sans-serif' not found because none of the following families were found: Readex Pro
WARNING:matplotlib.font_manager:findfont: Generic family 'sans-serif' not found because none of the following families were found: Readex Pro
WARNING:matplotlib.font_manager:findfont: Generic family 'sans-serif' not found because none of the following families were found: Readex Pro
WARNING:matplotlib.font_manager:findfont: Generic family 'sans-serif' not found because none of the following families were found: Readex Pro
WARNING:matplotlib.font_manager:findfont: Generic family 'sans-serif' not found because none of the following families were found: Readex Pro
WARNING:matplotlib.font_manager:findfont: Generic family 'sans-serif' not found because none of the following families were found: Readex Pro
WARNING:matplotlib.font_manager:findfont: Generic family 'sans-serif' not found because none of the following families were found: Readex Pro
WARNING:matplotlib.font_manager:findfont: Generic family 'sans-serif' not found because none of the following families were found: Readex Pro
WARNING:matplotlib.font_manager:findfont: Generic family 'sans-serif' not found because none of the following families were found: Readex Pro
WARNING:matplotlib.font_manager:findfont: Generic family 'sans-serif' not found because none of the following families were found: Readex Pro
WARNING:matplotlib.font_manager:findfont: Generic family 'sans-serif' not found because none of the following families were found: Readex Pro
WARNING:matplotlib.font_manager:findfont: Generic family 'sans-serif' not found because none of the following families were found: Readex Pro
WARNING:matplotlib.font_manager:findfont: Generic family 'sans-serif' not found because none of the following families were found: Readex Pro
WARNING:matplotlib.font_manager:findfont: Generic family 'sans-serif' not found because none of the following families were found: Readex Pro
WARNING:matplotlib.font_manager:findfont: Generic family 'sans-serif' not found because none of the following families were found: Readex Pro
WARNING:matplotlib.font_manager:findfont: Generic family 'sans-serif' not found because none of the following families were found: Readex Pro
WARNING:matplotlib.font_manager:findfont: Generic family 'sans-serif' not found because none of the following families were found: Readex Pro
WARNING:matplotlib.font_manager:findfont: Generic family 'sans-serif' not found because none of the following families were found: Readex Pro
WARNING:matplotlib.font_manager:findfont: Generic family 'sans-serif' not found because none of the following families were found: Readex Pro
WARNING:matplotlib.font_manager:findfont: Generic family 'sans-serif' not found because none of the following families were found: Readex Pro
WARNING:matplotlib.font_manager:findfont: Generic family 'sans-serif' not found because none of the following families were found: Readex Pro
WARNING:matplotlib.font_manager:findfont: Generic family 'sans-serif' not found because none of the following families were found: Readex Pro
WARNING:matplotlib.font_manager:findfont: Generic family 'sans-serif' not found because none of the following families were found: Readex Pro
WARNING:matplotlib.font_manager:findfont: Generic family 'sans-serif' not found because none of the following families were found: Readex Pro
WARNING:matplotlib.font_manager:findfont: Generic family 'sans-serif' not found because none of the following families were found: Readex Pro
WARNING:matplotlib.font_manager:findfont: Generic family 'sans-serif' not found because none of the following families were found: Readex Pro
WARNING:matplotlib.font_manager:findfont: Generic family 'sans-serif' not found because none of the following families were found: Readex Pro
WARNING:matplotlib.font_manager:findfont: Generic family 'sans-serif' not found because none of the following families were found: Readex Pro
WARNING:matplotlib.font_manager:findfont: Generic family 'sans-serif' not found because none of the following families were found: Readex Pro
WARNING:matplotlib.font_manager:findfont: Generic family 'sans-serif' not found because none of the following families were found: Readex Pro
WARNING:matplotlib.font_manager:findfont: Generic family 'sans-serif' not found because none of the following families were found: Readex Pro
WARNING:matplotlib.font_manager:findfont: Generic family 'sans-serif' not found because none of the following families were found: Readex Pro
WARNING:matplotlib.font_manager:findfont: Generic family 'sans-serif' not found because none of the following families were found: Readex Pro
WARNING:matplotlib.font_manager:findfont: Generic family 'sans-serif' not found because none of the following families were found: Readex Pro
WARNING:matplotlib.font_manager:findfont: Generic family 'sans-serif' not found because none of the following families were found: Readex Pro
WARNING:matplotlib.font_manager:findfont: Generic family 'sans-serif' not found because none of the following families were found: Readex Pro
WARNING:matplotlib.font_manager:findfont: Generic family 'sans-serif' not found because none of the following families were found: Readex Pro
WARNING:matplotlib.font_manager:findfont: Generic family 'sans-serif' not found because none of the following families were found: Readex Pro
WARNING:matplotlib.font_manager:findfont: Generic family 'sans-serif' not found because none of the following families were found: Readex Pro
WARNING:matplotlib.font_manager:findfont: Generic family 'sans-serif' not found because none of the following families were found: Readex Pro
WARNING:matplotlib.font_manager:findfont: Generic family 'sans-serif' not found because none of the following families were found: Readex Pro
WARNING:matplotlib.font_manager:findfont: Generic family 'sans-serif' not found because none of the following families were found: Readex Pro
WARNING:matplotlib.font_manager:findfont: Generic family 'sans-serif' not found because none of the following families were found: Readex Pro
WARNING:matplotlib.font_manager:findfont: Generic family 'sans-serif' not found because none of the following families were found: Readex Pro
WARNING:matplotlib.font_manager:findfont: Generic family 'sans-serif' not found because none of the following families were found: Readex Pro
WARNING:matplotlib.font_manager:findfont: Generic family 'sans-serif' not found because none of the following families were found: Readex Pro
[0m
[32mSaving model evaluation...[0m
[32mGenerating training graphs...[0m
[33mTotal time: 01:47:42[0m
[35mEverything done![0m
