2023-02-20 21:14:06.562594: I tensorflow/core/platform/cpu_feature_guard.cc:193] This TensorFlow binary is optimized with oneAPI Deep Neural Network Library (oneDNN) to use the following CPU instructions in performance-critical operations:  AVX2 FMA
To enable them in other operations, rebuild TensorFlow with the appropriate compiler flags.
2023-02-20 21:14:13.218781: W tensorflow/compiler/xla/stream_executor/platform/default/dso_loader.cc:64] Could not load dynamic library 'libnvinfer.so.7'; dlerror: libnvinfer.so.7: cannot open shared object file: No such file or directory
2023-02-20 21:14:13.219518: W tensorflow/compiler/xla/stream_executor/platform/default/dso_loader.cc:64] Could not load dynamic library 'libnvinfer_plugin.so.7'; dlerror: libnvinfer_plugin.so.7: cannot open shared object file: No such file or directory
2023-02-20 21:14:13.219554: W tensorflow/compiler/tf2tensorrt/utils/py_utils.cc:38] TF-TRT Warning: Cannot dlopen some TensorRT libraries. If you would like to use Nvidia GPU with TensorRT, please make sure the missing libraries mentioned above are installed properly.
Matplotlib created a temporary config/cache directory at /tmp/matplotlib-e7p54iu6 because the default path (/home/cristec/.config/matplotlib) is not a writable directory; it is highly recommended to set the MPLCONFIGDIR environment variable to a writable directory, in particular to speed up the import of Matplotlib and to better support multiprocessing.
2023-02-20 21:14:23.948937: I tensorflow/core/platform/cpu_feature_guard.cc:193] This TensorFlow binary is optimized with oneAPI Deep Neural Network Library (oneDNN) to use the following CPU instructions in performance-critical operations:  AVX2 FMA
To enable them in other operations, rebuild TensorFlow with the appropriate compiler flags.
2023-02-20 21:14:26.893838: I tensorflow/core/common_runtime/gpu/gpu_device.cc:1613] Created device /job:localhost/replica:0/task:0/device:GPU:0 with 7415 MB memory:  -> device: 0, name: Quadro M4000, pci bus id: 0000:03:00.0, compute capability: 5.2
2023-02-20 21:14:26.897970: I tensorflow/core/common_runtime/gpu/gpu_device.cc:1613] Created device /job:localhost/replica:0/task:0/device:GPU:1 with 7425 MB memory:  -> device: 1, name: Quadro M4000, pci bus id: 0000:04:00.0, compute capability: 5.2
WARNING:tensorflow:From /shared_storage/cristec/conda/envs/ML/lib/python3.10/site-packages/tensorflow/python/autograph/pyct/static_analysis/liveness.py:83: Analyzer.lamba_check (from tensorflow.python.autograph.pyct.static_analysis.liveness) is deprecated and will be removed after 2023-09-23.
Instructions for updating:
Lambda fuctions will be no more assumed to be used in the statement where they are used, or at least in the same block. https://github.com/tensorflow/tensorflow/issues/56089
[35mStarting script...[0m
[32mLoading train dataset...[0m
Found 50000 files belonging to 1 classes.
[32mLoading test dataset...[0m
Found 10000 files belonging to 1 classes.
[32mCreating model...[0m
[32mTraining model...[0m
[36m
Epoch 1/1000
2023-02-20 21:15:06.870410: E tensorflow/core/grappler/optimizers/meta_optimizer.cc:954] layout failed: INVALID_ARGUMENT: Size of values 0 does not match size of permutation 4 @ fanin shape inUNet/unet_down_0/u_net2d_convolution_block/dropout/dropout/SelectV2-2-TransposeNHWCToNCHW-LayoutOptimizer
2023-02-20 21:15:45.254530: I tensorflow/compiler/xla/stream_executor/cuda/cuda_dnn.cc:428] Loaded cuDNN version 8101
2023-02-20 21:15:45.464059: I tensorflow/compiler/xla/stream_executor/cuda/cuda_dnn.cc:428] Loaded cuDNN version 8101
2023-02-20 21:15:46.406725: I tensorflow/tsl/platform/default/subprocess.cc:304] Start cannot spawn child process: No such file or directory
2023-02-20 21:15:51.051206: I tensorflow/compiler/xla/service/service.cc:173] XLA service 0x55d2b6a5ba80 initialized for platform CUDA (this does not guarantee that XLA will be used). Devices:
2023-02-20 21:15:51.051247: I tensorflow/compiler/xla/service/service.cc:181]   StreamExecutor device (0): Quadro M4000, Compute Capability 5.2
2023-02-20 21:15:51.051262: I tensorflow/compiler/xla/service/service.cc:181]   StreamExecutor device (1): Quadro M4000, Compute Capability 5.2
2023-02-20 21:15:51.137023: I tensorflow/compiler/mlir/tensorflow/utils/dump_mlir_util.cc:268] disabling MLIR crash reproducer, set env var `MLIR_CRASH_REPRODUCER_DIRECTORY` to enable.
2023-02-20 21:15:51.790094: I tensorflow/tsl/platform/default/subprocess.cc:304] Start cannot spawn child process: No such file or directory
2023-02-20 21:15:51.890412: I tensorflow/compiler/jit/xla_compilation_cache.cc:477] Compiled cluster using XLA!  This line is logged at most once for the lifetime of the process.

Epoch 1: val_loss improved from inf to 4.40969, saving model to models/model_ssim_l1_eq_5-10
WARNING:absl:Found untraced functions such as _jit_compiled_convolution_op, conv2d_layer_call_fn, conv2d_layer_call_and_return_conditional_losses, _jit_compiled_convolution_op, leaky_re_lu_layer_call_fn while saving (showing 5 of 241). These functions will not be directly callable after loading.
196/196 - 1056s - loss: 0.1793 - psnr: 20.3424 - ssim: 0.7262 - val_loss: 4.4097 - val_psnr: -3.0727e+01 - val_ssim: 0.0224 - lr: 0.0100 - 1056s/epoch - 5s/step
Epoch 2/1000

Epoch 2: val_loss improved from 4.40969 to 0.08564, saving model to models/model_ssim_l1_eq_5-10
WARNING:absl:Found untraced functions such as _jit_compiled_convolution_op, conv2d_layer_call_fn, conv2d_layer_call_and_return_conditional_losses, _jit_compiled_convolution_op, leaky_re_lu_layer_call_fn while saving (showing 5 of 241). These functions will not be directly callable after loading.
196/196 - 80s - loss: 0.1217 - psnr: 21.7050 - ssim: 0.8234 - val_loss: 0.0856 - val_psnr: 22.7453 - val_ssim: 0.8893 - lr: 0.0100 - 80s/epoch - 408ms/step
Epoch 3/1000

Epoch 3: val_loss did not improve from 0.08564
196/196 - 59s - loss: 0.1141 - psnr: 21.9885 - ssim: 0.8365 - val_loss: 0.0946 - val_psnr: 20.5071 - val_ssim: 0.8869 - lr: 0.0100 - 59s/epoch - 303ms/step
Epoch 4/1000

Epoch 4: val_loss did not improve from 0.08564
196/196 - 60s - loss: 0.1112 - psnr: 22.1194 - ssim: 0.8413 - val_loss: 0.0865 - val_psnr: 21.2288 - val_ssim: 0.8996 - lr: 0.0100 - 60s/epoch - 305ms/step
Epoch 5/1000

Epoch 5: val_loss improved from 0.08564 to 0.08354, saving model to models/model_ssim_l1_eq_5-10
WARNING:absl:Found untraced functions such as _jit_compiled_convolution_op, conv2d_layer_call_fn, conv2d_layer_call_and_return_conditional_losses, _jit_compiled_convolution_op, leaky_re_lu_layer_call_fn while saving (showing 5 of 241). These functions will not be directly callable after loading.
196/196 - 80s - loss: 0.1098 - psnr: 22.2006 - ssim: 0.8436 - val_loss: 0.0835 - val_psnr: 21.8307 - val_ssim: 0.9008 - lr: 0.0100 - 80s/epoch - 409ms/step
Epoch 6/1000

Epoch 6: val_loss improved from 0.08354 to 0.07913, saving model to models/model_ssim_l1_eq_5-10
WARNING:absl:Found untraced functions such as _jit_compiled_convolution_op, conv2d_layer_call_fn, conv2d_layer_call_and_return_conditional_losses, _jit_compiled_convolution_op, leaky_re_lu_layer_call_fn while saving (showing 5 of 241). These functions will not be directly callable after loading.
196/196 - 80s - loss: 0.1082 - psnr: 22.2587 - ssim: 0.8464 - val_loss: 0.0791 - val_psnr: 21.9311 - val_ssim: 0.9087 - lr: 0.0100 - 80s/epoch - 407ms/step
Epoch 7/1000

Epoch 7: val_loss did not improve from 0.07913
196/196 - 59s - loss: 0.1070 - psnr: 22.2962 - ssim: 0.8485 - val_loss: 0.0795 - val_psnr: 21.8579 - val_ssim: 0.9080 - lr: 0.0100 - 59s/epoch - 302ms/step
Epoch 8/1000

Epoch 8: val_loss did not improve from 0.07913
196/196 - 60s - loss: 0.1061 - psnr: 22.3305 - ssim: 0.8503 - val_loss: 0.0872 - val_psnr: 20.8256 - val_ssim: 0.9020 - lr: 0.0100 - 60s/epoch - 306ms/step
Epoch 9/1000

Epoch 9: val_loss did not improve from 0.07913
196/196 - 60s - loss: 0.1047 - psnr: 22.4076 - ssim: 0.8525 - val_loss: 0.0920 - val_psnr: 20.1874 - val_ssim: 0.8981 - lr: 0.0100 - 60s/epoch - 304ms/step
Epoch 10/1000

Epoch 10: val_loss did not improve from 0.07913
196/196 - 59s - loss: 0.1039 - psnr: 22.4479 - ssim: 0.8538 - val_loss: 0.0810 - val_psnr: 21.4844 - val_ssim: 0.9086 - lr: 0.0100 - 59s/epoch - 303ms/step
Epoch 11/1000

Epoch 11: val_loss did not improve from 0.07913
196/196 - 59s - loss: 0.1043 - psnr: 22.4458 - ssim: 0.8531 - val_loss: 0.0848 - val_psnr: 21.1720 - val_ssim: 0.9039 - lr: 0.0100 - 59s/epoch - 302ms/step
Epoch 12/1000

Epoch 12: val_loss did not improve from 0.07913
196/196 - 59s - loss: 0.1028 - psnr: 22.5063 - ssim: 0.8557 - val_loss: 0.0828 - val_psnr: 21.1739 - val_ssim: 0.9078 - lr: 0.0100 - 59s/epoch - 303ms/step
Epoch 13/1000

Epoch 13: val_loss improved from 0.07913 to 0.07746, saving model to models/model_ssim_l1_eq_5-10
WARNING:absl:Found untraced functions such as _jit_compiled_convolution_op, conv2d_layer_call_fn, conv2d_layer_call_and_return_conditional_losses, _jit_compiled_convolution_op, leaky_re_lu_layer_call_fn while saving (showing 5 of 241). These functions will not be directly callable after loading.
196/196 - 80s - loss: 0.1022 - psnr: 22.5495 - ssim: 0.8566 - val_loss: 0.0775 - val_psnr: 21.9122 - val_ssim: 0.9124 - lr: 0.0100 - 80s/epoch - 410ms/step
Epoch 14/1000

Epoch 14: val_loss did not improve from 0.07746
196/196 - 60s - loss: 0.1016 - psnr: 22.5938 - ssim: 0.8576 - val_loss: 0.0834 - val_psnr: 21.4290 - val_ssim: 0.9037 - lr: 0.0100 - 60s/epoch - 305ms/step
Epoch 15/1000

Epoch 15: val_loss did not improve from 0.07746
196/196 - 59s - loss: 0.1014 - psnr: 22.6249 - ssim: 0.8580 - val_loss: 0.0785 - val_psnr: 21.8400 - val_ssim: 0.9109 - lr: 0.0100 - 59s/epoch - 303ms/step
Epoch 16/1000

Epoch 16: val_loss improved from 0.07746 to 0.07581, saving model to models/model_ssim_l1_eq_5-10
WARNING:absl:Found untraced functions such as _jit_compiled_convolution_op, conv2d_layer_call_fn, conv2d_layer_call_and_return_conditional_losses, _jit_compiled_convolution_op, leaky_re_lu_layer_call_fn while saving (showing 5 of 241). These functions will not be directly callable after loading.
196/196 - 80s - loss: 0.1009 - psnr: 22.6393 - ssim: 0.8587 - val_loss: 0.0758 - val_psnr: 22.2029 - val_ssim: 0.9129 - lr: 0.0100 - 80s/epoch - 411ms/step
Epoch 17/1000

Epoch 17: val_loss did not improve from 0.07581
196/196 - 60s - loss: 0.1006 - psnr: 22.6680 - ssim: 0.8592 - val_loss: 0.0784 - val_psnr: 21.8814 - val_ssim: 0.9104 - lr: 0.0100 - 60s/epoch - 304ms/step
Epoch 18/1000

Epoch 18: val_loss did not improve from 0.07581
196/196 - 59s - loss: 0.1004 - psnr: 22.6943 - ssim: 0.8594 - val_loss: 0.0798 - val_psnr: 21.7319 - val_ssim: 0.9091 - lr: 0.0100 - 59s/epoch - 303ms/step
Epoch 19/1000

Epoch 19: val_loss did not improve from 0.07581
196/196 - 60s - loss: 0.1000 - psnr: 22.7528 - ssim: 0.8598 - val_loss: 0.0761 - val_psnr: 22.1751 - val_ssim: 0.9129 - lr: 0.0100 - 60s/epoch - 304ms/step
Epoch 20/1000

Epoch 20: val_loss improved from 0.07581 to 0.06749, saving model to models/model_ssim_l1_eq_5-10
WARNING:absl:Found untraced functions such as _jit_compiled_convolution_op, conv2d_layer_call_fn, conv2d_layer_call_and_return_conditional_losses, _jit_compiled_convolution_op, leaky_re_lu_layer_call_fn while saving (showing 5 of 241). These functions will not be directly callable after loading.
196/196 - 80s - loss: 0.0968 - psnr: 23.6817 - ssim: 0.8599 - val_loss: 0.0675 - val_psnr: 22.9831 - val_ssim: 0.9243 - lr: 0.0100 - 80s/epoch - 407ms/step
Epoch 21/1000

Epoch 21: val_loss improved from 0.06749 to 0.05564, saving model to models/model_ssim_l1_eq_5-10
WARNING:absl:Found untraced functions such as _jit_compiled_convolution_op, conv2d_layer_call_fn, conv2d_layer_call_and_return_conditional_losses, _jit_compiled_convolution_op, leaky_re_lu_layer_call_fn while saving (showing 5 of 241). These functions will not be directly callable after loading.
196/196 - 80s - loss: 0.0916 - psnr: 24.6652 - ssim: 0.8640 - val_loss: 0.0556 - val_psnr: 24.1268 - val_ssim: 0.9408 - lr: 0.0100 - 80s/epoch - 410ms/step
Epoch 22/1000

Epoch 22: val_loss improved from 0.05564 to 0.05335, saving model to models/model_ssim_l1_eq_5-10
WARNING:absl:Found untraced functions such as _jit_compiled_convolution_op, conv2d_layer_call_fn, conv2d_layer_call_and_return_conditional_losses, _jit_compiled_convolution_op, leaky_re_lu_layer_call_fn while saving (showing 5 of 241). These functions will not be directly callable after loading.
196/196 - 81s - loss: 0.0900 - psnr: 24.8643 - ssim: 0.8661 - val_loss: 0.0534 - val_psnr: 24.9149 - val_ssim: 0.9407 - lr: 0.0100 - 81s/epoch - 412ms/step
Epoch 23/1000

Epoch 23: val_loss did not improve from 0.05335
196/196 - 59s - loss: 0.0891 - psnr: 24.9461 - ssim: 0.8676 - val_loss: 0.0543 - val_psnr: 24.6653 - val_ssim: 0.9406 - lr: 0.0100 - 59s/epoch - 302ms/step
Epoch 24/1000

Epoch 24: val_loss did not improve from 0.05335
196/196 - 59s - loss: 0.0884 - psnr: 25.0060 - ssim: 0.8686 - val_loss: 0.0551 - val_psnr: 24.4269 - val_ssim: 0.9404 - lr: 0.0100 - 59s/epoch - 304ms/step
Epoch 25/1000

Epoch 25: val_loss improved from 0.05335 to 0.05099, saving model to models/model_ssim_l1_eq_5-10
WARNING:absl:Found untraced functions such as _jit_compiled_convolution_op, conv2d_layer_call_fn, conv2d_layer_call_and_return_conditional_losses, _jit_compiled_convolution_op, leaky_re_lu_layer_call_fn while saving (showing 5 of 241). These functions will not be directly callable after loading.
196/196 - 80s - loss: 0.0880 - psnr: 25.0516 - ssim: 0.8694 - val_loss: 0.0510 - val_psnr: 24.9473 - val_ssim: 0.9456 - lr: 0.0100 - 80s/epoch - 409ms/step
Epoch 26/1000

Epoch 26: val_loss did not improve from 0.05099
196/196 - 60s - loss: 0.0876 - psnr: 25.0750 - ssim: 0.8699 - val_loss: 0.0523 - val_psnr: 24.6872 - val_ssim: 0.9444 - lr: 0.0100 - 60s/epoch - 304ms/step
Epoch 27/1000

Epoch 27: val_loss did not improve from 0.05099
196/196 - 59s - loss: 0.0873 - psnr: 25.0928 - ssim: 0.8704 - val_loss: 0.0527 - val_psnr: 24.7072 - val_ssim: 0.9432 - lr: 0.0100 - 59s/epoch - 303ms/step
Epoch 28/1000

Epoch 28: val_loss did not improve from 0.05099
196/196 - 59s - loss: 0.0870 - psnr: 25.1221 - ssim: 0.8709 - val_loss: 0.0518 - val_psnr: 25.0326 - val_ssim: 0.9437 - lr: 0.0100 - 59s/epoch - 303ms/step
Epoch 29/1000

Epoch 29: val_loss did not improve from 0.05099
196/196 - 60s - loss: 0.0868 - psnr: 25.1433 - ssim: 0.8713 - val_loss: 0.0514 - val_psnr: 24.9374 - val_ssim: 0.9449 - lr: 0.0100 - 60s/epoch - 304ms/step
Epoch 30/1000

Epoch 30: val_loss did not improve from 0.05099
196/196 - 59s - loss: 0.0865 - psnr: 25.1541 - ssim: 0.8717 - val_loss: 0.0520 - val_psnr: 24.7668 - val_ssim: 0.9448 - lr: 0.0100 - 59s/epoch - 303ms/step
Epoch 31/1000

Epoch 31: val_loss improved from 0.05099 to 0.05019, saving model to models/model_ssim_l1_eq_5-10
WARNING:absl:Found untraced functions such as _jit_compiled_convolution_op, conv2d_layer_call_fn, conv2d_layer_call_and_return_conditional_losses, _jit_compiled_convolution_op, leaky_re_lu_layer_call_fn while saving (showing 5 of 241). These functions will not be directly callable after loading.
196/196 - 80s - loss: 0.0864 - psnr: 25.1686 - ssim: 0.8720 - val_loss: 0.0502 - val_psnr: 25.1924 - val_ssim: 0.9461 - lr: 0.0100 - 80s/epoch - 410ms/step
Epoch 32/1000

Epoch 32: val_loss did not improve from 0.05019
196/196 - 59s - loss: 0.0861 - psnr: 25.1822 - ssim: 0.8724 - val_loss: 0.0507 - val_psnr: 25.1275 - val_ssim: 0.9455 - lr: 0.0100 - 59s/epoch - 302ms/step
Epoch 33/1000

Epoch 33: val_loss did not improve from 0.05019
196/196 - 60s - loss: 0.0859 - psnr: 25.1981 - ssim: 0.8727 - val_loss: 0.0503 - val_psnr: 25.1178 - val_ssim: 0.9462 - lr: 0.0100 - 60s/epoch - 304ms/step
Epoch 34/1000

Epoch 34: val_loss did not improve from 0.05019
196/196 - 59s - loss: 0.0857 - psnr: 25.2127 - ssim: 0.8731 - val_loss: 0.0522 - val_psnr: 25.0034 - val_ssim: 0.9431 - lr: 0.0100 - 59s/epoch - 303ms/step
Epoch 35/1000

Epoch 35: val_loss improved from 0.05019 to 0.04937, saving model to models/model_ssim_l1_eq_5-10
WARNING:absl:Found untraced functions such as _jit_compiled_convolution_op, conv2d_layer_call_fn, conv2d_layer_call_and_return_conditional_losses, _jit_compiled_convolution_op, leaky_re_lu_layer_call_fn while saving (showing 5 of 241). These functions will not be directly callable after loading.
196/196 - 81s - loss: 0.0849 - psnr: 25.2682 - ssim: 0.8743 - val_loss: 0.0494 - val_psnr: 25.4890 - val_ssim: 0.9458 - lr: 0.0100 - 81s/epoch - 411ms/step
Epoch 36/1000

Epoch 36: val_loss improved from 0.04937 to 0.04660, saving model to models/model_ssim_l1_eq_5-10
WARNING:absl:Found untraced functions such as _jit_compiled_convolution_op, conv2d_layer_call_fn, conv2d_layer_call_and_return_conditional_losses, _jit_compiled_convolution_op, leaky_re_lu_layer_call_fn while saving (showing 5 of 241). These functions will not be directly callable after loading.
196/196 - 80s - loss: 0.0842 - psnr: 25.3267 - ssim: 0.8754 - val_loss: 0.0466 - val_psnr: 25.9539 - val_ssim: 0.9491 - lr: 0.0100 - 80s/epoch - 408ms/step
Epoch 37/1000

Epoch 37: val_loss improved from 0.04660 to 0.04639, saving model to models/model_ssim_l1_eq_5-10
WARNING:absl:Found untraced functions such as _jit_compiled_convolution_op, conv2d_layer_call_fn, conv2d_layer_call_and_return_conditional_losses, _jit_compiled_convolution_op, leaky_re_lu_layer_call_fn while saving (showing 5 of 241). These functions will not be directly callable after loading.
196/196 - 81s - loss: 0.0838 - psnr: 25.3594 - ssim: 0.8759 - val_loss: 0.0464 - val_psnr: 25.8151 - val_ssim: 0.9503 - lr: 0.0100 - 81s/epoch - 412ms/step
Epoch 38/1000

Epoch 38: val_loss did not improve from 0.04639
196/196 - 59s - loss: 0.0834 - psnr: 25.4001 - ssim: 0.8765 - val_loss: 0.0471 - val_psnr: 25.6374 - val_ssim: 0.9498 - lr: 0.0100 - 59s/epoch - 302ms/step
Epoch 39/1000

Epoch 39: val_loss did not improve from 0.04639
196/196 - 59s - loss: 0.0832 - psnr: 25.4238 - ssim: 0.8769 - val_loss: 0.0484 - val_psnr: 25.3331 - val_ssim: 0.9488 - lr: 0.0100 - 59s/epoch - 303ms/step
Epoch 40/1000

Epoch 40: val_loss did not improve from 0.04639
196/196 - 59s - loss: 0.0829 - psnr: 25.4511 - ssim: 0.8772 - val_loss: 0.0479 - val_psnr: 25.5154 - val_ssim: 0.9490 - lr: 0.0100 - 59s/epoch - 303ms/step
Epoch 41/1000

Epoch 41: val_loss did not improve from 0.04639
196/196 - 60s - loss: 0.0827 - psnr: 25.4720 - ssim: 0.8775 - val_loss: 0.0481 - val_psnr: 25.4689 - val_ssim: 0.9490 - lr: 0.0100 - 60s/epoch - 305ms/step
Epoch 42/1000

Epoch 42: val_loss did not improve from 0.04639
196/196 - 59s - loss: 0.0825 - psnr: 25.4990 - ssim: 0.8779 - val_loss: 0.0484 - val_psnr: 25.2441 - val_ssim: 0.9491 - lr: 0.0100 - 59s/epoch - 302ms/step
Epoch 43/1000

Epoch 43: val_loss did not improve from 0.04639
196/196 - 59s - loss: 0.0823 - psnr: 25.5263 - ssim: 0.8782 - val_loss: 0.0484 - val_psnr: 25.2958 - val_ssim: 0.9490 - lr: 0.0100 - 59s/epoch - 302ms/step
Epoch 44/1000

Epoch 44: val_loss did not improve from 0.04639
196/196 - 60s - loss: 0.0821 - psnr: 25.5503 - ssim: 0.8785 - val_loss: 0.0482 - val_psnr: 25.3163 - val_ssim: 0.9492 - lr: 0.0100 - 60s/epoch - 304ms/step
Epoch 45/1000

Epoch 45: val_loss did not improve from 0.04639
196/196 - 59s - loss: 0.0819 - psnr: 25.5668 - ssim: 0.8787 - val_loss: 0.0493 - val_psnr: 25.1394 - val_ssim: 0.9481 - lr: 0.0100 - 59s/epoch - 303ms/step
Epoch 46/1000

Epoch 46: val_loss did not improve from 0.04639
196/196 - 59s - loss: 0.0817 - psnr: 25.5882 - ssim: 0.8790 - val_loss: 0.0481 - val_psnr: 25.3716 - val_ssim: 0.9492 - lr: 0.0100 - 59s/epoch - 303ms/step
Epoch 47/1000

Epoch 47: val_loss did not improve from 0.04639
196/196 - 59s - loss: 0.0815 - psnr: 25.5996 - ssim: 0.8793 - val_loss: 0.0476 - val_psnr: 25.4700 - val_ssim: 0.9498 - lr: 0.0100 - 59s/epoch - 303ms/step
Epoch 48/1000

Epoch 48: val_loss did not improve from 0.04639
196/196 - 59s - loss: 0.0814 - psnr: 25.6039 - ssim: 0.8795 - val_loss: 0.0472 - val_psnr: 25.5629 - val_ssim: 0.9500 - lr: 0.0100 - 59s/epoch - 302ms/step
Epoch 49/1000

Epoch 49: val_loss did not improve from 0.04639
196/196 - 59s - loss: 0.0812 - psnr: 25.6146 - ssim: 0.8798 - val_loss: 0.0477 - val_psnr: 25.4795 - val_ssim: 0.9495 - lr: 0.0100 - 59s/epoch - 304ms/step
Epoch 50/1000

Epoch 50: val_loss did not improve from 0.04639
196/196 - 60s - loss: 0.0811 - psnr: 25.6206 - ssim: 0.8800 - val_loss: 0.0473 - val_psnr: 25.4203 - val_ssim: 0.9504 - lr: 0.0100 - 60s/epoch - 305ms/step
Epoch 51/1000

Epoch 51: val_loss did not improve from 0.04639
196/196 - 60s - loss: 0.0810 - psnr: 25.6335 - ssim: 0.8802 - val_loss: 0.0468 - val_psnr: 25.5476 - val_ssim: 0.9507 - lr: 0.0100 - 60s/epoch - 306ms/step
Epoch 52/1000

Epoch 52: val_loss improved from 0.04639 to 0.04554, saving model to models/model_ssim_l1_eq_5-10
WARNING:absl:Found untraced functions such as _jit_compiled_convolution_op, conv2d_layer_call_fn, conv2d_layer_call_and_return_conditional_losses, _jit_compiled_convolution_op, leaky_re_lu_layer_call_fn while saving (showing 5 of 241). These functions will not be directly callable after loading.
196/196 - 81s - loss: 0.0809 - psnr: 25.6402 - ssim: 0.8804 - val_loss: 0.0455 - val_psnr: 25.8233 - val_ssim: 0.9519 - lr: 0.0100 - 81s/epoch - 412ms/step
Epoch 53/1000

Epoch 53: val_loss did not improve from 0.04554
196/196 - 60s - loss: 0.0807 - psnr: 25.6503 - ssim: 0.8807 - val_loss: 0.0464 - val_psnr: 25.6448 - val_ssim: 0.9512 - lr: 0.0100 - 60s/epoch - 304ms/step
Epoch 54/1000

Epoch 54: val_loss did not improve from 0.04554
196/196 - 59s - loss: 0.0807 - psnr: 25.6576 - ssim: 0.8808 - val_loss: 0.0460 - val_psnr: 25.7131 - val_ssim: 0.9517 - lr: 0.0100 - 59s/epoch - 303ms/step
Epoch 55/1000

Epoch 55: val_loss did not improve from 0.04554
196/196 - 60s - loss: 0.0805 - psnr: 25.6688 - ssim: 0.8810 - val_loss: 0.0465 - val_psnr: 25.5630 - val_ssim: 0.9513 - lr: 0.0100 - 60s/epoch - 304ms/step
Epoch 56/1000

Epoch 56: val_loss did not improve from 0.04554
196/196 - 60s - loss: 0.0805 - psnr: 25.6720 - ssim: 0.8811 - val_loss: 0.0459 - val_psnr: 25.6942 - val_ssim: 0.9518 - lr: 0.0100 - 60s/epoch - 304ms/step
Epoch 57/1000

Epoch 57: val_loss did not improve from 0.04554
196/196 - 60s - loss: 0.0804 - psnr: 25.6795 - ssim: 0.8813 - val_loss: 0.0458 - val_psnr: 25.7045 - val_ssim: 0.9519 - lr: 0.0100 - 60s/epoch - 304ms/step
Epoch 58/1000

Epoch 58: val_loss did not improve from 0.04554
196/196 - 60s - loss: 0.0803 - psnr: 25.6872 - ssim: 0.8814 - val_loss: 0.0456 - val_psnr: 25.7714 - val_ssim: 0.9522 - lr: 0.0100 - 60s/epoch - 305ms/step
Epoch 59/1000

Epoch 59: val_loss did not improve from 0.04554
196/196 - 59s - loss: 0.0802 - psnr: 25.6921 - ssim: 0.8816 - val_loss: 0.0462 - val_psnr: 25.5154 - val_ssim: 0.9520 - lr: 0.0100 - 59s/epoch - 303ms/step
Epoch 60/1000

Epoch 60: val_loss improved from 0.04554 to 0.04549, saving model to models/model_ssim_l1_eq_5-10
WARNING:absl:Found untraced functions such as _jit_compiled_convolution_op, conv2d_layer_call_fn, conv2d_layer_call_and_return_conditional_losses, _jit_compiled_convolution_op, leaky_re_lu_layer_call_fn while saving (showing 5 of 241). These functions will not be directly callable after loading.
196/196 - 81s - loss: 0.0801 - psnr: 25.6932 - ssim: 0.8817 - val_loss: 0.0455 - val_psnr: 25.7128 - val_ssim: 0.9525 - lr: 0.0100 - 81s/epoch - 411ms/step
Epoch 61/1000

Epoch 61: val_loss improved from 0.04549 to 0.04490, saving model to models/model_ssim_l1_eq_5-10
WARNING:absl:Found untraced functions such as _jit_compiled_convolution_op, conv2d_layer_call_fn, conv2d_layer_call_and_return_conditional_losses, _jit_compiled_convolution_op, leaky_re_lu_layer_call_fn while saving (showing 5 of 241). These functions will not be directly callable after loading.
196/196 - 80s - loss: 0.0801 - psnr: 25.7043 - ssim: 0.8818 - val_loss: 0.0449 - val_psnr: 25.7100 - val_ssim: 0.9536 - lr: 0.0100 - 80s/epoch - 410ms/step
Epoch 62/1000

Epoch 62: val_loss did not improve from 0.04490
196/196 - 60s - loss: 0.0799 - psnr: 25.7121 - ssim: 0.8820 - val_loss: 0.0453 - val_psnr: 25.6163 - val_ssim: 0.9534 - lr: 0.0100 - 60s/epoch - 304ms/step
Epoch 63/1000

Epoch 63: val_loss did not improve from 0.04490
196/196 - 59s - loss: 0.0799 - psnr: 25.7183 - ssim: 0.8821 - val_loss: 0.0462 - val_psnr: 25.3846 - val_ssim: 0.9526 - lr: 0.0100 - 59s/epoch - 302ms/step
Epoch 64/1000

Epoch 64: val_loss improved from 0.04490 to 0.04405, saving model to models/model_ssim_l1_eq_5-10
WARNING:absl:Found untraced functions such as _jit_compiled_convolution_op, conv2d_layer_call_fn, conv2d_layer_call_and_return_conditional_losses, _jit_compiled_convolution_op, leaky_re_lu_layer_call_fn while saving (showing 5 of 241). These functions will not be directly callable after loading.
196/196 - 81s - loss: 0.0798 - psnr: 25.7204 - ssim: 0.8822 - val_loss: 0.0441 - val_psnr: 25.8993 - val_ssim: 0.9543 - lr: 0.0100 - 81s/epoch - 412ms/step
Epoch 65/1000

Epoch 65: val_loss did not improve from 0.04405
196/196 - 59s - loss: 0.0797 - psnr: 25.7231 - ssim: 0.8823 - val_loss: 0.0450 - val_psnr: 25.7214 - val_ssim: 0.9534 - lr: 0.0100 - 59s/epoch - 303ms/step
Epoch 66/1000

Epoch 66: val_loss did not improve from 0.04405
196/196 - 60s - loss: 0.0797 - psnr: 25.7285 - ssim: 0.8824 - val_loss: 0.0452 - val_psnr: 25.5880 - val_ssim: 0.9537 - lr: 0.0100 - 60s/epoch - 305ms/step
Epoch 67/1000

Epoch 67: val_loss did not improve from 0.04405
196/196 - 60s - loss: 0.0796 - psnr: 25.7353 - ssim: 0.8826 - val_loss: 0.0451 - val_psnr: 25.6142 - val_ssim: 0.9536 - lr: 0.0100 - 60s/epoch - 304ms/step
Epoch 68/1000

Epoch 68: val_loss did not improve from 0.04405
196/196 - 60s - loss: 0.0795 - psnr: 25.7437 - ssim: 0.8827 - val_loss: 0.0456 - val_psnr: 25.5127 - val_ssim: 0.9533 - lr: 0.0100 - 60s/epoch - 305ms/step
Epoch 69/1000

Epoch 69: val_loss did not improve from 0.04405
196/196 - 60s - loss: 0.0795 - psnr: 25.7444 - ssim: 0.8828 - val_loss: 0.0467 - val_psnr: 25.1989 - val_ssim: 0.9527 - lr: 0.0100 - 60s/epoch - 305ms/step
Epoch 70/1000

Epoch 70: val_loss did not improve from 0.04405
196/196 - 59s - loss: 0.0794 - psnr: 25.7510 - ssim: 0.8829 - val_loss: 0.0460 - val_psnr: 25.2848 - val_ssim: 0.9532 - lr: 0.0100 - 59s/epoch - 303ms/step
Epoch 71/1000

Epoch 71: val_loss did not improve from 0.04405
196/196 - 59s - loss: 0.0793 - psnr: 25.7553 - ssim: 0.8831 - val_loss: 0.0456 - val_psnr: 25.3879 - val_ssim: 0.9538 - lr: 0.0100 - 59s/epoch - 303ms/step
Epoch 72/1000

Epoch 72: val_loss did not improve from 0.04405
196/196 - 59s - loss: 0.0792 - psnr: 25.7635 - ssim: 0.8832 - val_loss: 0.0451 - val_psnr: 25.5049 - val_ssim: 0.9543 - lr: 0.0100 - 59s/epoch - 303ms/step
Epoch 73/1000

Epoch 73: val_loss did not improve from 0.04405
196/196 - 59s - loss: 0.0791 - psnr: 25.7677 - ssim: 0.8833 - val_loss: 0.0464 - val_psnr: 25.1048 - val_ssim: 0.9536 - lr: 0.0100 - 59s/epoch - 303ms/step
Epoch 74/1000

Epoch 74: val_loss did not improve from 0.04405
196/196 - 59s - loss: 0.0791 - psnr: 25.7750 - ssim: 0.8835 - val_loss: 0.0465 - val_psnr: 25.1437 - val_ssim: 0.9534 - lr: 0.0100 - 59s/epoch - 303ms/step
Epoch 75/1000

Epoch 75: val_loss did not improve from 0.04405
196/196 - 59s - loss: 0.0790 - psnr: 25.7749 - ssim: 0.8835 - val_loss: 0.0453 - val_psnr: 25.3492 - val_ssim: 0.9546 - lr: 0.0100 - 59s/epoch - 303ms/step
Epoch 76/1000

Epoch 76: val_loss did not improve from 0.04405
196/196 - 60s - loss: 0.0790 - psnr: 25.7852 - ssim: 0.8836 - val_loss: 0.0472 - val_psnr: 24.9160 - val_ssim: 0.9532 - lr: 0.0100 - 60s/epoch - 304ms/step
Epoch 77/1000

Epoch 77: val_loss did not improve from 0.04405
196/196 - 60s - loss: 0.0789 - psnr: 25.7857 - ssim: 0.8837 - val_loss: 0.0461 - val_psnr: 25.1244 - val_ssim: 0.9541 - lr: 0.0100 - 60s/epoch - 304ms/step
Epoch 78/1000

Epoch 78: val_loss did not improve from 0.04405
196/196 - 59s - loss: 0.0789 - psnr: 25.7873 - ssim: 0.8838 - val_loss: 0.0458 - val_psnr: 25.1824 - val_ssim: 0.9542 - lr: 0.0100 - 59s/epoch - 303ms/step
Epoch 79/1000

Epoch 79: val_loss did not improve from 0.04405
196/196 - 60s - loss: 0.0788 - psnr: 25.7998 - ssim: 0.8839 - val_loss: 0.0460 - val_psnr: 25.1787 - val_ssim: 0.9542 - lr: 0.0100 - 60s/epoch - 304ms/step
Epoch 80/1000

Epoch 80: val_loss did not improve from 0.04405
196/196 - 60s - loss: 0.0788 - psnr: 25.8012 - ssim: 0.8839 - val_loss: 0.0460 - val_psnr: 25.2160 - val_ssim: 0.9539 - lr: 0.0100 - 60s/epoch - 305ms/step
Epoch 81/1000

Epoch 81: val_loss did not improve from 0.04405
196/196 - 60s - loss: 0.0787 - psnr: 25.8069 - ssim: 0.8840 - val_loss: 0.0457 - val_psnr: 25.3314 - val_ssim: 0.9539 - lr: 0.0100 - 60s/epoch - 304ms/step
Epoch 82/1000

Epoch 82: val_loss did not improve from 0.04405
196/196 - 60s - loss: 0.0787 - psnr: 25.8075 - ssim: 0.8841 - val_loss: 0.0458 - val_psnr: 25.3272 - val_ssim: 0.9538 - lr: 0.0100 - 60s/epoch - 304ms/step
Epoch 83/1000

Epoch 83: val_loss did not improve from 0.04405
196/196 - 59s - loss: 0.0786 - psnr: 25.8138 - ssim: 0.8842 - val_loss: 0.0463 - val_psnr: 25.1873 - val_ssim: 0.9534 - lr: 0.0100 - 59s/epoch - 303ms/step
Epoch 84/1000

Epoch 84: ReduceLROnPlateau reducing learning rate to 0.0019999999552965165.

Epoch 84: val_loss did not improve from 0.04405
196/196 - 60s - loss: 0.0786 - psnr: 25.8180 - ssim: 0.8843 - val_loss: 0.0473 - val_psnr: 24.9661 - val_ssim: 0.9529 - lr: 0.0100 - 60s/epoch - 304ms/step
Epoch 85/1000

Epoch 85: val_loss did not improve from 0.04405
196/196 - 60s - loss: 0.0774 - psnr: 25.9823 - ssim: 0.8858 - val_loss: 0.0491 - val_psnr: 25.7054 - val_ssim: 0.9465 - lr: 0.0020 - 60s/epoch - 304ms/step
Epoch 86/1000

Epoch 86: val_loss did not improve from 0.04405
196/196 - 59s - loss: 0.0772 - psnr: 25.9999 - ssim: 0.8859 - val_loss: 0.0495 - val_psnr: 25.6639 - val_ssim: 0.9460 - lr: 0.0020 - 59s/epoch - 302ms/step
Epoch 87/1000

Epoch 87: val_loss did not improve from 0.04405
196/196 - 60s - loss: 0.0772 - psnr: 26.0000 - ssim: 0.8860 - val_loss: 0.0493 - val_psnr: 25.6897 - val_ssim: 0.9461 - lr: 0.0020 - 60s/epoch - 305ms/step
Epoch 88/1000

Epoch 88: val_loss did not improve from 0.04405
196/196 - 60s - loss: 0.0772 - psnr: 26.0047 - ssim: 0.8860 - val_loss: 0.0496 - val_psnr: 25.6578 - val_ssim: 0.9458 - lr: 0.0020 - 60s/epoch - 304ms/step
Epoch 89/1000

Epoch 89: val_loss did not improve from 0.04405
196/196 - 60s - loss: 0.0772 - psnr: 26.0055 - ssim: 0.8860 - val_loss: 0.0496 - val_psnr: 25.6307 - val_ssim: 0.9459 - lr: 0.0020 - 60s/epoch - 305ms/step
Epoch 90/1000

Epoch 90: val_loss did not improve from 0.04405
196/196 - 60s - loss: 0.0772 - psnr: 26.0066 - ssim: 0.8860 - val_loss: 0.0494 - val_psnr: 25.6109 - val_ssim: 0.9463 - lr: 0.0020 - 60s/epoch - 306ms/step
Epoch 91/1000

Epoch 91: val_loss did not improve from 0.04405
196/196 - 60s - loss: 0.0772 - psnr: 26.0078 - ssim: 0.8860 - val_loss: 0.0491 - val_psnr: 25.7146 - val_ssim: 0.9465 - lr: 0.0020 - 60s/epoch - 304ms/step
Epoch 92/1000

Epoch 92: val_loss did not improve from 0.04405
196/196 - 60s - loss: 0.0771 - psnr: 26.0082 - ssim: 0.8861 - val_loss: 0.0492 - val_psnr: 25.6559 - val_ssim: 0.9464 - lr: 0.0020 - 60s/epoch - 304ms/step
Epoch 93/1000

Epoch 93: val_loss did not improve from 0.04405
196/196 - 60s - loss: 0.0771 - psnr: 26.0095 - ssim: 0.8861 - val_loss: 0.0487 - val_psnr: 25.7793 - val_ssim: 0.9469 - lr: 0.0020 - 60s/epoch - 304ms/step
Epoch 94/1000

Epoch 94: val_loss did not improve from 0.04405
196/196 - 60s - loss: 0.0771 - psnr: 26.0088 - ssim: 0.8861 - val_loss: 0.0488 - val_psnr: 25.7893 - val_ssim: 0.9466 - lr: 0.0020 - 60s/epoch - 304ms/step
Epoch 95/1000

Epoch 95: val_loss did not improve from 0.04405
196/196 - 59s - loss: 0.0771 - psnr: 26.0113 - ssim: 0.8861 - val_loss: 0.0486 - val_psnr: 25.8285 - val_ssim: 0.9467 - lr: 0.0020 - 59s/epoch - 303ms/step
Epoch 96/1000

Epoch 96: val_loss did not improve from 0.04405
196/196 - 60s - loss: 0.0771 - psnr: 26.0145 - ssim: 0.8862 - val_loss: 0.0486 - val_psnr: 25.7941 - val_ssim: 0.9471 - lr: 0.0020 - 60s/epoch - 304ms/step
Epoch 97/1000

Epoch 97: val_loss did not improve from 0.04405
196/196 - 59s - loss: 0.0771 - psnr: 26.0127 - ssim: 0.8861 - val_loss: 0.0488 - val_psnr: 25.7534 - val_ssim: 0.9469 - lr: 0.0020 - 59s/epoch - 303ms/step
Epoch 98/1000

Epoch 98: val_loss did not improve from 0.04405
196/196 - 60s - loss: 0.0771 - psnr: 26.0138 - ssim: 0.8862 - val_loss: 0.0489 - val_psnr: 25.6944 - val_ssim: 0.9469 - lr: 0.0020 - 60s/epoch - 305ms/step
Epoch 99/1000

Epoch 99: val_loss did not improve from 0.04405
196/196 - 60s - loss: 0.0770 - psnr: 26.0163 - ssim: 0.8862 - val_loss: 0.0485 - val_psnr: 25.7913 - val_ssim: 0.9472 - lr: 0.0020 - 60s/epoch - 305ms/step
Epoch 100/1000

Epoch 100: val_loss did not improve from 0.04405
196/196 - 60s - loss: 0.0771 - psnr: 26.0141 - ssim: 0.8862 - val_loss: 0.0488 - val_psnr: 25.7525 - val_ssim: 0.9469 - lr: 0.0020 - 60s/epoch - 304ms/step
Epoch 101/1000

Epoch 101: val_loss did not improve from 0.04405
196/196 - 60s - loss: 0.0770 - psnr: 26.0159 - ssim: 0.8863 - val_loss: 0.0484 - val_psnr: 25.8531 - val_ssim: 0.9472 - lr: 0.0020 - 60s/epoch - 306ms/step
Epoch 102/1000

Epoch 102: val_loss did not improve from 0.04405
196/196 - 59s - loss: 0.0771 - psnr: 26.0169 - ssim: 0.8862 - val_loss: 0.0485 - val_psnr: 25.7923 - val_ssim: 0.9472 - lr: 0.0020 - 59s/epoch - 303ms/step
Epoch 103/1000

Epoch 103: val_loss did not improve from 0.04405
196/196 - 60s - loss: 0.0770 - psnr: 26.0175 - ssim: 0.8862 - val_loss: 0.0486 - val_psnr: 25.7751 - val_ssim: 0.9470 - lr: 0.0020 - 60s/epoch - 304ms/step
Epoch 104/1000

Epoch 104: val_loss did not improve from 0.04405
196/196 - 60s - loss: 0.0770 - psnr: 26.0168 - ssim: 0.8863 - val_loss: 0.0486 - val_psnr: 25.7802 - val_ssim: 0.9470 - lr: 0.0020 - 60s/epoch - 304ms/step
Epoch 105/1000

Epoch 105: val_loss did not improve from 0.04405
196/196 - 60s - loss: 0.0770 - psnr: 26.0196 - ssim: 0.8863 - val_loss: 0.0487 - val_psnr: 25.7924 - val_ssim: 0.9468 - lr: 0.0020 - 60s/epoch - 305ms/step
Epoch 106/1000

Epoch 106: val_loss did not improve from 0.04405
196/196 - 60s - loss: 0.0770 - psnr: 26.0204 - ssim: 0.8863 - val_loss: 0.0487 - val_psnr: 25.7605 - val_ssim: 0.9469 - lr: 0.0020 - 60s/epoch - 305ms/step
Epoch 107/1000

Epoch 107: val_loss did not improve from 0.04405
196/196 - 59s - loss: 0.0770 - psnr: 26.0207 - ssim: 0.8863 - val_loss: 0.0483 - val_psnr: 25.7948 - val_ssim: 0.9475 - lr: 0.0020 - 59s/epoch - 303ms/step
Epoch 108/1000

Epoch 108: val_loss did not improve from 0.04405
196/196 - 59s - loss: 0.0770 - psnr: 26.0223 - ssim: 0.8863 - val_loss: 0.0485 - val_psnr: 25.8127 - val_ssim: 0.9470 - lr: 0.0020 - 59s/epoch - 303ms/step
Epoch 109/1000

Epoch 109: val_loss did not improve from 0.04405
196/196 - 59s - loss: 0.0769 - psnr: 26.0249 - ssim: 0.8864 - val_loss: 0.0485 - val_psnr: 25.7927 - val_ssim: 0.9472 - lr: 0.0020 - 59s/epoch - 303ms/step
Epoch 110/1000

Epoch 110: val_loss did not improve from 0.04405
196/196 - 59s - loss: 0.0769 - psnr: 26.0245 - ssim: 0.8864 - val_loss: 0.0482 - val_psnr: 25.8864 - val_ssim: 0.9472 - lr: 0.0020 - 59s/epoch - 303ms/step
Epoch 111/1000

Epoch 111: val_loss did not improve from 0.04405
196/196 - 59s - loss: 0.0769 - psnr: 26.0255 - ssim: 0.8864 - val_loss: 0.0484 - val_psnr: 25.8035 - val_ssim: 0.9473 - lr: 0.0020 - 59s/epoch - 303ms/step
Epoch 112/1000

Epoch 112: val_loss did not improve from 0.04405
196/196 - 60s - loss: 0.0769 - psnr: 26.0253 - ssim: 0.8864 - val_loss: 0.0485 - val_psnr: 25.7872 - val_ssim: 0.9471 - lr: 0.0020 - 60s/epoch - 304ms/step
Epoch 113/1000

Epoch 113: ReduceLROnPlateau reducing learning rate to 0.0003999999724328518.

Epoch 113: val_loss did not improve from 0.04405
196/196 - 59s - loss: 0.0769 - psnr: 26.0265 - ssim: 0.8864 - val_loss: 0.0484 - val_psnr: 25.8229 - val_ssim: 0.9472 - lr: 0.0020 - 59s/epoch - 303ms/step
Epoch 114/1000
Restoring model weights from the end of the best epoch: 64.

Epoch 114: val_loss did not improve from 0.04405
196/196 - 60s - loss: 0.0767 - psnr: 26.0704 - ssim: 0.8867 - val_loss: 0.0456 - val_psnr: 25.6672 - val_ssim: 0.9531 - lr: 4.0000e-04 - 60s/epoch - 307ms/step
Epoch 114: early stopping
[0m
[32mSaving model architecture text summary...[0m
[32mSaving model training history...[0m
[32mEvaluating model...[0m
[36m
40/40 - 5s - loss: 0.0440 - psnr: 25.8993 - ssim: 0.9543 - 5s/epoch - 126ms/step
WARNING:matplotlib.font_manager:findfont: Generic family 'sans-serif' not found because none of the following families were found: Readex Pro
WARNING:matplotlib.font_manager:findfont: Generic family 'sans-serif' not found because none of the following families were found: Readex Pro
WARNING:matplotlib.font_manager:findfont: Generic family 'sans-serif' not found because none of the following families were found: Readex Pro
WARNING:matplotlib.font_manager:findfont: Generic family 'sans-serif' not found because none of the following families were found: Readex Pro
WARNING:matplotlib.font_manager:findfont: Generic family 'sans-serif' not found because none of the following families were found: Readex Pro
WARNING:matplotlib.font_manager:findfont: Generic family 'sans-serif' not found because none of the following families were found: Readex Pro
WARNING:matplotlib.font_manager:findfont: Generic family 'sans-serif' not found because none of the following families were found: Readex Pro
WARNING:matplotlib.font_manager:findfont: Generic family 'sans-serif' not found because none of the following families were found: Readex Pro
WARNING:matplotlib.font_manager:findfont: Generic family 'sans-serif' not found because none of the following families were found: Readex Pro
WARNING:matplotlib.font_manager:findfont: Generic family 'sans-serif' not found because none of the following families were found: Readex Pro
WARNING:matplotlib.font_manager:findfont: Generic family 'sans-serif' not found because none of the following families were found: Readex Pro
WARNING:matplotlib.font_manager:findfont: Generic family 'sans-serif' not found because none of the following families were found: Readex Pro
WARNING:matplotlib.font_manager:findfont: Generic family 'sans-serif' not found because none of the following families were found: Readex Pro
WARNING:matplotlib.font_manager:findfont: Generic family 'sans-serif' not found because none of the following families were found: Readex Pro
WARNING:matplotlib.font_manager:findfont: Generic family 'sans-serif' not found because none of the following families were found: Readex Pro
WARNING:matplotlib.font_manager:findfont: Generic family 'sans-serif' not found because none of the following families were found: Readex Pro
WARNING:matplotlib.font_manager:findfont: Generic family 'sans-serif' not found because none of the following families were found: Readex Pro
WARNING:matplotlib.font_manager:findfont: Generic family 'sans-serif' not found because none of the following families were found: Readex Pro
WARNING:matplotlib.font_manager:findfont: Generic family 'sans-serif' not found because none of the following families were found: Readex Pro
WARNING:matplotlib.font_manager:findfont: Generic family 'sans-serif' not found because none of the following families were found: Readex Pro
WARNING:matplotlib.font_manager:findfont: Generic family 'sans-serif' not found because none of the following families were found: Readex Pro
WARNING:matplotlib.font_manager:findfont: Generic family 'sans-serif' not found because none of the following families were found: Readex Pro
WARNING:matplotlib.font_manager:findfont: Generic family 'sans-serif' not found because none of the following families were found: Readex Pro
WARNING:matplotlib.font_manager:findfont: Generic family 'sans-serif' not found because none of the following families were found: Readex Pro
WARNING:matplotlib.font_manager:findfont: Generic family 'sans-serif' not found because none of the following families were found: Readex Pro
WARNING:matplotlib.font_manager:findfont: Generic family 'sans-serif' not found because none of the following families were found: Readex Pro
WARNING:matplotlib.font_manager:findfont: Generic family 'sans-serif' not found because none of the following families were found: Readex Pro
WARNING:matplotlib.font_manager:findfont: Generic family 'sans-serif' not found because none of the following families were found: Readex Pro
WARNING:matplotlib.font_manager:findfont: Generic family 'sans-serif' not found because none of the following families were found: Readex Pro
WARNING:matplotlib.font_manager:findfont: Generic family 'sans-serif' not found because none of the following families were found: Readex Pro
WARNING:matplotlib.font_manager:findfont: Generic family 'sans-serif' not found because none of the following families were found: Readex Pro
WARNING:matplotlib.font_manager:findfont: Generic family 'sans-serif' not found because none of the following families were found: Readex Pro
WARNING:matplotlib.font_manager:findfont: Generic family 'sans-serif' not found because none of the following families were found: Readex Pro
WARNING:matplotlib.font_manager:findfont: Generic family 'sans-serif' not found because none of the following families were found: Readex Pro
WARNING:matplotlib.font_manager:findfont: Generic family 'sans-serif' not found because none of the following families were found: Readex Pro
WARNING:matplotlib.font_manager:findfont: Generic family 'sans-serif' not found because none of the following families were found: Readex Pro
WARNING:matplotlib.font_manager:findfont: Generic family 'sans-serif' not found because none of the following families were found: Readex Pro
WARNING:matplotlib.font_manager:findfont: Generic family 'sans-serif' not found because none of the following families were found: Readex Pro
WARNING:matplotlib.font_manager:findfont: Generic family 'sans-serif' not found because none of the following families were found: Readex Pro
WARNING:matplotlib.font_manager:findfont: Generic family 'sans-serif' not found because none of the following families were found: Readex Pro
WARNING:matplotlib.font_manager:findfont: Generic family 'sans-serif' not found because none of the following families were found: Readex Pro
WARNING:matplotlib.font_manager:findfont: Generic family 'sans-serif' not found because none of the following families were found: Readex Pro
WARNING:matplotlib.font_manager:findfont: Generic family 'sans-serif' not found because none of the following families were found: Readex Pro
WARNING:matplotlib.font_manager:findfont: Generic family 'sans-serif' not found because none of the following families were found: Readex Pro
WARNING:matplotlib.font_manager:findfont: Generic family 'sans-serif' not found because none of the following families were found: Readex Pro
WARNING:matplotlib.font_manager:findfont: Generic family 'sans-serif' not found because none of the following families were found: Readex Pro
WARNING:matplotlib.font_manager:findfont: Generic family 'sans-serif' not found because none of the following families were found: Readex Pro
WARNING:matplotlib.font_manager:findfont: Generic family 'sans-serif' not found because none of the following families were found: Readex Pro
WARNING:matplotlib.font_manager:findfont: Generic family 'sans-serif' not found because none of the following families were found: Readex Pro
WARNING:matplotlib.font_manager:findfont: Generic family 'sans-serif' not found because none of the following families were found: Readex Pro
WARNING:matplotlib.font_manager:findfont: Generic family 'sans-serif' not found because none of the following families were found: Readex Pro
WARNING:matplotlib.font_manager:findfont: Generic family 'sans-serif' not found because none of the following families were found: Readex Pro
WARNING:matplotlib.font_manager:findfont: Generic family 'sans-serif' not found because none of the following families were found: Readex Pro
WARNING:matplotlib.font_manager:findfont: Generic family 'sans-serif' not found because none of the following families were found: Readex Pro
WARNING:matplotlib.font_manager:findfont: Generic family 'sans-serif' not found because none of the following families were found: Readex Pro
WARNING:matplotlib.font_manager:findfont: Generic family 'sans-serif' not found because none of the following families were found: Readex Pro
WARNING:matplotlib.font_manager:findfont: Generic family 'sans-serif' not found because none of the following families were found: Readex Pro
WARNING:matplotlib.font_manager:findfont: Generic family 'sans-serif' not found because none of the following families were found: Readex Pro
WARNING:matplotlib.font_manager:findfont: Generic family 'sans-serif' not found because none of the following families were found: Readex Pro
WARNING:matplotlib.font_manager:findfont: Generic family 'sans-serif' not found because none of the following families were found: Readex Pro
WARNING:matplotlib.font_manager:findfont: Generic family 'sans-serif' not found because none of the following families were found: Readex Pro
WARNING:matplotlib.font_manager:findfont: Generic family 'sans-serif' not found because none of the following families were found: Readex Pro
WARNING:matplotlib.font_manager:findfont: Generic family 'sans-serif' not found because none of the following families were found: Readex Pro
WARNING:matplotlib.font_manager:findfont: Generic family 'sans-serif' not found because none of the following families were found: Readex Pro
WARNING:matplotlib.font_manager:findfont: Generic family 'sans-serif' not found because none of the following families were found: Readex Pro
WARNING:matplotlib.font_manager:findfont: Generic family 'sans-serif' not found because none of the following families were found: Readex Pro
WARNING:matplotlib.font_manager:findfont: Generic family 'sans-serif' not found because none of the following families were found: Readex Pro
WARNING:matplotlib.font_manager:findfont: Generic family 'sans-serif' not found because none of the following families were found: Readex Pro
WARNING:matplotlib.font_manager:findfont: Generic family 'sans-serif' not found because none of the following families were found: Readex Pro
WARNING:matplotlib.font_manager:findfont: Generic family 'sans-serif' not found because none of the following families were found: Readex Pro
WARNING:matplotlib.font_manager:findfont: Generic family 'sans-serif' not found because none of the following families were found: Readex Pro
WARNING:matplotlib.font_manager:findfont: Generic family 'sans-serif' not found because none of the following families were found: Readex Pro
WARNING:matplotlib.font_manager:findfont: Generic family 'sans-serif' not found because none of the following families were found: Readex Pro
WARNING:matplotlib.font_manager:findfont: Generic family 'sans-serif' not found because none of the following families were found: Readex Pro
WARNING:matplotlib.font_manager:findfont: Generic family 'sans-serif' not found because none of the following families were found: Readex Pro
WARNING:matplotlib.font_manager:findfont: Generic family 'sans-serif' not found because none of the following families were found: Readex Pro
WARNING:matplotlib.font_manager:findfont: Generic family 'sans-serif' not found because none of the following families were found: Readex Pro
WARNING:matplotlib.font_manager:findfont: Generic family 'sans-serif' not found because none of the following families were found: Readex Pro
WARNING:matplotlib.font_manager:findfont: Generic family 'sans-serif' not found because none of the following families were found: Readex Pro
WARNING:matplotlib.font_manager:findfont: Generic family 'sans-serif' not found because none of the following families were found: Readex Pro
WARNING:matplotlib.font_manager:findfont: Generic family 'sans-serif' not found because none of the following families were found: Readex Pro
WARNING:matplotlib.font_manager:findfont: Generic family 'sans-serif' not found because none of the following families were found: Readex Pro
WARNING:matplotlib.font_manager:findfont: Generic family 'sans-serif' not found because none of the following families were found: Readex Pro
WARNING:matplotlib.font_manager:findfont: Generic family 'sans-serif' not found because none of the following families were found: Readex Pro
WARNING:matplotlib.font_manager:findfont: Generic family 'sans-serif' not found because none of the following families were found: Readex Pro
WARNING:matplotlib.font_manager:findfont: Generic family 'sans-serif' not found because none of the following families were found: Readex Pro
WARNING:matplotlib.font_manager:findfont: Generic family 'sans-serif' not found because none of the following families were found: Readex Pro
WARNING:matplotlib.font_manager:findfont: Generic family 'sans-serif' not found because none of the following families were found: Readex Pro
WARNING:matplotlib.font_manager:findfont: Generic family 'sans-serif' not found because none of the following families were found: Readex Pro
WARNING:matplotlib.font_manager:findfont: Generic family 'sans-serif' not found because none of the following families were found: Readex Pro
WARNING:matplotlib.font_manager:findfont: Generic family 'sans-serif' not found because none of the following families were found: Readex Pro
WARNING:matplotlib.font_manager:findfont: Generic family 'sans-serif' not found because none of the following families were found: Readex Pro
WARNING:matplotlib.font_manager:findfont: Generic family 'sans-serif' not found because none of the following families were found: Readex Pro
WARNING:matplotlib.font_manager:findfont: Generic family 'sans-serif' not found because none of the following families were found: Readex Pro
WARNING:matplotlib.font_manager:findfont: Generic family 'sans-serif' not found because none of the following families were found: Readex Pro
WARNING:matplotlib.font_manager:findfont: Generic family 'sans-serif' not found because none of the following families were found: Readex Pro
WARNING:matplotlib.font_manager:findfont: Generic family 'sans-serif' not found because none of the following families were found: Readex Pro
WARNING:matplotlib.font_manager:findfont: Generic family 'sans-serif' not found because none of the following families were found: Readex Pro
WARNING:matplotlib.font_manager:findfont: Generic family 'sans-serif' not found because none of the following families were found: Readex Pro
WARNING:matplotlib.font_manager:findfont: Generic family 'sans-serif' not found because none of the following families were found: Readex Pro
WARNING:matplotlib.font_manager:findfont: Generic family 'sans-serif' not found because none of the following families were found: Readex Pro
WARNING:matplotlib.font_manager:findfont: Generic family 'sans-serif' not found because none of the following families were found: Readex Pro
WARNING:matplotlib.font_manager:findfont: Generic family 'sans-serif' not found because none of the following families were found: Readex Pro
WARNING:matplotlib.font_manager:findfont: Generic family 'sans-serif' not found because none of the following families were found: Readex Pro
WARNING:matplotlib.font_manager:findfont: Generic family 'sans-serif' not found because none of the following families were found: Readex Pro
WARNING:matplotlib.font_manager:findfont: Generic family 'sans-serif' not found because none of the following families were found: Readex Pro
WARNING:matplotlib.font_manager:findfont: Generic family 'sans-serif' not found because none of the following families were found: Readex Pro
WARNING:matplotlib.font_manager:findfont: Generic family 'sans-serif' not found because none of the following families were found: Readex Pro
WARNING:matplotlib.font_manager:findfont: Generic family 'sans-serif' not found because none of the following families were found: Readex Pro
WARNING:matplotlib.font_manager:findfont: Generic family 'sans-serif' not found because none of the following families were found: Readex Pro
WARNING:matplotlib.font_manager:findfont: Generic family 'sans-serif' not found because none of the following families were found: Readex Pro
WARNING:matplotlib.font_manager:findfont: Generic family 'sans-serif' not found because none of the following families were found: Readex Pro
WARNING:matplotlib.font_manager:findfont: Generic family 'sans-serif' not found because none of the following families were found: Readex Pro
WARNING:matplotlib.font_manager:findfont: Generic family 'sans-serif' not found because none of the following families were found: Readex Pro
WARNING:matplotlib.font_manager:findfont: Generic family 'sans-serif' not found because none of the following families were found: Readex Pro
WARNING:matplotlib.font_manager:findfont: Generic family 'sans-serif' not found because none of the following families were found: Readex Pro
WARNING:matplotlib.font_manager:findfont: Generic family 'sans-serif' not found because none of the following families were found: Readex Pro
WARNING:matplotlib.font_manager:findfont: Generic family 'sans-serif' not found because none of the following families were found: Readex Pro
WARNING:matplotlib.font_manager:findfont: Generic family 'sans-serif' not found because none of the following families were found: Readex Pro
WARNING:matplotlib.font_manager:findfont: Generic family 'sans-serif' not found because none of the following families were found: Readex Pro
WARNING:matplotlib.font_manager:findfont: Generic family 'sans-serif' not found because none of the following families were found: Readex Pro
WARNING:matplotlib.font_manager:findfont: Generic family 'sans-serif' not found because none of the following families were found: Readex Pro
WARNING:matplotlib.font_manager:findfont: Generic family 'sans-serif' not found because none of the following families were found: Readex Pro
WARNING:matplotlib.font_manager:findfont: Generic family 'sans-serif' not found because none of the following families were found: Readex Pro
WARNING:matplotlib.font_manager:findfont: Generic family 'sans-serif' not found because none of the following families were found: Readex Pro
WARNING:matplotlib.font_manager:findfont: Generic family 'sans-serif' not found because none of the following families were found: Readex Pro
WARNING:matplotlib.font_manager:findfont: Generic family 'sans-serif' not found because none of the following families were found: Readex Pro
WARNING:matplotlib.font_manager:findfont: Generic family 'sans-serif' not found because none of the following families were found: Readex Pro
WARNING:matplotlib.font_manager:findfont: Generic family 'sans-serif' not found because none of the following families were found: Readex Pro
WARNING:matplotlib.font_manager:findfont: Generic family 'sans-serif' not found because none of the following families were found: Readex Pro
WARNING:matplotlib.font_manager:findfont: Generic family 'sans-serif' not found because none of the following families were found: Readex Pro
WARNING:matplotlib.font_manager:findfont: Generic family 'sans-serif' not found because none of the following families were found: Readex Pro
WARNING:matplotlib.font_manager:findfont: Generic family 'sans-serif' not found because none of the following families were found: Readex Pro
WARNING:matplotlib.font_manager:findfont: Generic family 'sans-serif' not found because none of the following families were found: Readex Pro
WARNING:matplotlib.font_manager:findfont: Generic family 'sans-serif' not found because none of the following families were found: Readex Pro
WARNING:matplotlib.font_manager:findfont: Generic family 'sans-serif' not found because none of the following families were found: Readex Pro
WARNING:matplotlib.font_manager:findfont: Generic family 'sans-serif' not found because none of the following families were found: Readex Pro
WARNING:matplotlib.font_manager:findfont: Generic family 'sans-serif' not found because none of the following families were found: Readex Pro
WARNING:matplotlib.font_manager:findfont: Generic family 'sans-serif' not found because none of the following families were found: Readex Pro
WARNING:matplotlib.font_manager:findfont: Generic family 'sans-serif' not found because none of the following families were found: Readex Pro
WARNING:matplotlib.font_manager:findfont: Generic family 'sans-serif' not found because none of the following families were found: Readex Pro
WARNING:matplotlib.font_manager:findfont: Generic family 'sans-serif' not found because none of the following families were found: Readex Pro
WARNING:matplotlib.font_manager:findfont: Generic family 'sans-serif' not found because none of the following families were found: Readex Pro
WARNING:matplotlib.font_manager:findfont: Generic family 'sans-serif' not found because none of the following families were found: Readex Pro
WARNING:matplotlib.font_manager:findfont: Generic family 'sans-serif' not found because none of the following families were found: Readex Pro
WARNING:matplotlib.font_manager:findfont: Generic family 'sans-serif' not found because none of the following families were found: Readex Pro
WARNING:matplotlib.font_manager:findfont: Generic family 'sans-serif' not found because none of the following families were found: Readex Pro
WARNING:matplotlib.font_manager:findfont: Generic family 'sans-serif' not found because none of the following families were found: Readex Pro
WARNING:matplotlib.font_manager:findfont: Generic family 'sans-serif' not found because none of the following families were found: Readex Pro
WARNING:matplotlib.font_manager:findfont: Generic family 'sans-serif' not found because none of the following families were found: Readex Pro
WARNING:matplotlib.font_manager:findfont: Generic family 'sans-serif' not found because none of the following families were found: Readex Pro
WARNING:matplotlib.font_manager:findfont: Generic family 'sans-serif' not found because none of the following families were found: Readex Pro
WARNING:matplotlib.font_manager:findfont: Generic family 'sans-serif' not found because none of the following families were found: Readex Pro
WARNING:matplotlib.font_manager:findfont: Generic family 'sans-serif' not found because none of the following families were found: Readex Pro
WARNING:matplotlib.font_manager:findfont: Generic family 'sans-serif' not found because none of the following families were found: Readex Pro
WARNING:matplotlib.font_manager:findfont: Generic family 'sans-serif' not found because none of the following families were found: Readex Pro
WARNING:matplotlib.font_manager:findfont: Generic family 'sans-serif' not found because none of the following families were found: Readex Pro
WARNING:matplotlib.font_manager:findfont: Generic family 'sans-serif' not found because none of the following families were found: Readex Pro
WARNING:matplotlib.font_manager:findfont: Generic family 'sans-serif' not found because none of the following families were found: Readex Pro
WARNING:matplotlib.font_manager:findfont: Generic family 'sans-serif' not found because none of the following families were found: Readex Pro
WARNING:matplotlib.font_manager:findfont: Generic family 'sans-serif' not found because none of the following families were found: Readex Pro
WARNING:matplotlib.font_manager:findfont: Generic family 'sans-serif' not found because none of the following families were found: Readex Pro
WARNING:matplotlib.font_manager:findfont: Generic family 'sans-serif' not found because none of the following families were found: Readex Pro
WARNING:matplotlib.font_manager:findfont: Generic family 'sans-serif' not found because none of the following families were found: Readex Pro
WARNING:matplotlib.font_manager:findfont: Generic family 'sans-serif' not found because none of the following families were found: Readex Pro
WARNING:matplotlib.font_manager:findfont: Generic family 'sans-serif' not found because none of the following families were found: Readex Pro
WARNING:matplotlib.font_manager:findfont: Generic family 'sans-serif' not found because none of the following families were found: Readex Pro
WARNING:matplotlib.font_manager:findfont: Generic family 'sans-serif' not found because none of the following families were found: Readex Pro
WARNING:matplotlib.font_manager:findfont: Generic family 'sans-serif' not found because none of the following families were found: Readex Pro
WARNING:matplotlib.font_manager:findfont: Generic family 'sans-serif' not found because none of the following families were found: Readex Pro
WARNING:matplotlib.font_manager:findfont: Generic family 'sans-serif' not found because none of the following families were found: Readex Pro
WARNING:matplotlib.font_manager:findfont: Generic family 'sans-serif' not found because none of the following families were found: Readex Pro
WARNING:matplotlib.font_manager:findfont: Generic family 'sans-serif' not found because none of the following families were found: Readex Pro
WARNING:matplotlib.font_manager:findfont: Generic family 'sans-serif' not found because none of the following families were found: Readex Pro
WARNING:matplotlib.font_manager:findfont: Generic family 'sans-serif' not found because none of the following families were found: Readex Pro
WARNING:matplotlib.font_manager:findfont: Generic family 'sans-serif' not found because none of the following families were found: Readex Pro
WARNING:matplotlib.font_manager:findfont: Generic family 'sans-serif' not found because none of the following families were found: Readex Pro
WARNING:matplotlib.font_manager:findfont: Generic family 'sans-serif' not found because none of the following families were found: Readex Pro
WARNING:matplotlib.font_manager:findfont: Generic family 'sans-serif' not found because none of the following families were found: Readex Pro
WARNING:matplotlib.font_manager:findfont: Generic family 'sans-serif' not found because none of the following families were found: Readex Pro
WARNING:matplotlib.font_manager:findfont: Generic family 'sans-serif' not found because none of the following families were found: Readex Pro
WARNING:matplotlib.font_manager:findfont: Generic family 'sans-serif' not found because none of the following families were found: Readex Pro
WARNING:matplotlib.font_manager:findfont: Generic family 'sans-serif' not found because none of the following families were found: Readex Pro
WARNING:matplotlib.font_manager:findfont: Generic family 'sans-serif' not found because none of the following families were found: Readex Pro
WARNING:matplotlib.font_manager:findfont: Generic family 'sans-serif' not found because none of the following families were found: Readex Pro
WARNING:matplotlib.font_manager:findfont: Generic family 'sans-serif' not found because none of the following families were found: Readex Pro
WARNING:matplotlib.font_manager:findfont: Generic family 'sans-serif' not found because none of the following families were found: Readex Pro
WARNING:matplotlib.font_manager:findfont: Generic family 'sans-serif' not found because none of the following families were found: Readex Pro
WARNING:matplotlib.font_manager:findfont: Generic family 'sans-serif' not found because none of the following families were found: Readex Pro
WARNING:matplotlib.font_manager:findfont: Generic family 'sans-serif' not found because none of the following families were found: Readex Pro
WARNING:matplotlib.font_manager:findfont: Generic family 'sans-serif' not found because none of the following families were found: Readex Pro
WARNING:matplotlib.font_manager:findfont: Generic family 'sans-serif' not found because none of the following families were found: Readex Pro
WARNING:matplotlib.font_manager:findfont: Generic family 'sans-serif' not found because none of the following families were found: Readex Pro
WARNING:matplotlib.font_manager:findfont: Generic family 'sans-serif' not found because none of the following families were found: Readex Pro
WARNING:matplotlib.font_manager:findfont: Generic family 'sans-serif' not found because none of the following families were found: Readex Pro
WARNING:matplotlib.font_manager:findfont: Generic family 'sans-serif' not found because none of the following families were found: Readex Pro
WARNING:matplotlib.font_manager:findfont: Generic family 'sans-serif' not found because none of the following families were found: Readex Pro
WARNING:matplotlib.font_manager:findfont: Generic family 'sans-serif' not found because none of the following families were found: Readex Pro
WARNING:matplotlib.font_manager:findfont: Generic family 'sans-serif' not found because none of the following families were found: Readex Pro
WARNING:matplotlib.font_manager:findfont: Generic family 'sans-serif' not found because none of the following families were found: Readex Pro
WARNING:matplotlib.font_manager:findfont: Generic family 'sans-serif' not found because none of the following families were found: Readex Pro
WARNING:matplotlib.font_manager:findfont: Generic family 'sans-serif' not found because none of the following families were found: Readex Pro
WARNING:matplotlib.font_manager:findfont: Generic family 'sans-serif' not found because none of the following families were found: Readex Pro
WARNING:matplotlib.font_manager:findfont: Generic family 'sans-serif' not found because none of the following families were found: Readex Pro
WARNING:matplotlib.font_manager:findfont: Generic family 'sans-serif' not found because none of the following families were found: Readex Pro
WARNING:matplotlib.font_manager:findfont: Generic family 'sans-serif' not found because none of the following families were found: Readex Pro
WARNING:matplotlib.font_manager:findfont: Generic family 'sans-serif' not found because none of the following families were found: Readex Pro
WARNING:matplotlib.font_manager:findfont: Generic family 'sans-serif' not found because none of the following families were found: Readex Pro
WARNING:matplotlib.font_manager:findfont: Generic family 'sans-serif' not found because none of the following families were found: Readex Pro
WARNING:matplotlib.font_manager:findfont: Generic family 'sans-serif' not found because none of the following families were found: Readex Pro
WARNING:matplotlib.font_manager:findfont: Generic family 'sans-serif' not found because none of the following families were found: Readex Pro
WARNING:matplotlib.font_manager:findfont: Generic family 'sans-serif' not found because none of the following families were found: Readex Pro
WARNING:matplotlib.font_manager:findfont: Generic family 'sans-serif' not found because none of the following families were found: Readex Pro
WARNING:matplotlib.font_manager:findfont: Generic family 'sans-serif' not found because none of the following families were found: Readex Pro
WARNING:matplotlib.font_manager:findfont: Generic family 'sans-serif' not found because none of the following families were found: Readex Pro
WARNING:matplotlib.font_manager:findfont: Generic family 'sans-serif' not found because none of the following families were found: Readex Pro
WARNING:matplotlib.font_manager:findfont: Generic family 'sans-serif' not found because none of the following families were found: Readex Pro
WARNING:matplotlib.font_manager:findfont: Generic family 'sans-serif' not found because none of the following families were found: Readex Pro
WARNING:matplotlib.font_manager:findfont: Generic family 'sans-serif' not found because none of the following families were found: Readex Pro
WARNING:matplotlib.font_manager:findfont: Generic family 'sans-serif' not found because none of the following families were found: Readex Pro
WARNING:matplotlib.font_manager:findfont: Generic family 'sans-serif' not found because none of the following families were found: Readex Pro
WARNING:matplotlib.font_manager:findfont: Generic family 'sans-serif' not found because none of the following families were found: Readex Pro
WARNING:matplotlib.font_manager:findfont: Generic family 'sans-serif' not found because none of the following families were found: Readex Pro
WARNING:matplotlib.font_manager:findfont: Generic family 'sans-serif' not found because none of the following families were found: Readex Pro
WARNING:matplotlib.font_manager:findfont: Generic family 'sans-serif' not found because none of the following families were found: Readex Pro
WARNING:matplotlib.font_manager:findfont: Generic family 'sans-serif' not found because none of the following families were found: Readex Pro
WARNING:matplotlib.font_manager:findfont: Generic family 'sans-serif' not found because none of the following families were found: Readex Pro
WARNING:matplotlib.font_manager:findfont: Generic family 'sans-serif' not found because none of the following families were found: Readex Pro
WARNING:matplotlib.font_manager:findfont: Generic family 'sans-serif' not found because none of the following families were found: Readex Pro
WARNING:matplotlib.font_manager:findfont: Generic family 'sans-serif' not found because none of the following families were found: Readex Pro
WARNING:matplotlib.font_manager:findfont: Generic family 'sans-serif' not found because none of the following families were found: Readex Pro
WARNING:matplotlib.font_manager:findfont: Generic family 'sans-serif' not found because none of the following families were found: Readex Pro
WARNING:matplotlib.font_manager:findfont: Generic family 'sans-serif' not found because none of the following families were found: Readex Pro
WARNING:matplotlib.font_manager:findfont: Generic family 'sans-serif' not found because none of the following families were found: Readex Pro
WARNING:matplotlib.font_manager:findfont: Generic family 'sans-serif' not found because none of the following families were found: Readex Pro
WARNING:matplotlib.font_manager:findfont: Generic family 'sans-serif' not found because none of the following families were found: Readex Pro
WARNING:matplotlib.font_manager:findfont: Generic family 'sans-serif' not found because none of the following families were found: Readex Pro
WARNING:matplotlib.font_manager:findfont: Generic family 'sans-serif' not found because none of the following families were found: Readex Pro
WARNING:matplotlib.font_manager:findfont: Generic family 'sans-serif' not found because none of the following families were found: Readex Pro
WARNING:matplotlib.font_manager:findfont: Generic family 'sans-serif' not found because none of the following families were found: Readex Pro
WARNING:matplotlib.font_manager:findfont: Generic family 'sans-serif' not found because none of the following families were found: Readex Pro
WARNING:matplotlib.font_manager:findfont: Generic family 'sans-serif' not found because none of the following families were found: Readex Pro
WARNING:matplotlib.font_manager:findfont: Generic family 'sans-serif' not found because none of the following families were found: Readex Pro
WARNING:matplotlib.font_manager:findfont: Generic family 'sans-serif' not found because none of the following families were found: Readex Pro
WARNING:matplotlib.font_manager:findfont: Generic family 'sans-serif' not found because none of the following families were found: Readex Pro
WARNING:matplotlib.font_manager:findfont: Generic family 'sans-serif' not found because none of the following families were found: Readex Pro
WARNING:matplotlib.font_manager:findfont: Generic family 'sans-serif' not found because none of the following families were found: Readex Pro
WARNING:matplotlib.font_manager:findfont: Generic family 'sans-serif' not found because none of the following families were found: Readex Pro
WARNING:matplotlib.font_manager:findfont: Generic family 'sans-serif' not found because none of the following families were found: Readex Pro
WARNING:matplotlib.font_manager:findfont: Generic family 'sans-serif' not found because none of the following families were found: Readex Pro
WARNING:matplotlib.font_manager:findfont: Generic family 'sans-serif' not found because none of the following families were found: Readex Pro
WARNING:matplotlib.font_manager:findfont: Generic family 'sans-serif' not found because none of the following families were found: Readex Pro
WARNING:matplotlib.font_manager:findfont: Generic family 'sans-serif' not found because none of the following families were found: Readex Pro
WARNING:matplotlib.font_manager:findfont: Generic family 'sans-serif' not found because none of the following families were found: Readex Pro
WARNING:matplotlib.font_manager:findfont: Generic family 'sans-serif' not found because none of the following families were found: Readex Pro
WARNING:matplotlib.font_manager:findfont: Generic family 'sans-serif' not found because none of the following families were found: Readex Pro
WARNING:matplotlib.font_manager:findfont: Generic family 'sans-serif' not found because none of the following families were found: Readex Pro
WARNING:matplotlib.font_manager:findfont: Generic family 'sans-serif' not found because none of the following families were found: Readex Pro
WARNING:matplotlib.font_manager:findfont: Generic family 'sans-serif' not found because none of the following families were found: Readex Pro
WARNING:matplotlib.font_manager:findfont: Generic family 'sans-serif' not found because none of the following families were found: Readex Pro
WARNING:matplotlib.font_manager:findfont: Generic family 'sans-serif' not found because none of the following families were found: Readex Pro
WARNING:matplotlib.font_manager:findfont: Generic family 'sans-serif' not found because none of the following families were found: Readex Pro
WARNING:matplotlib.font_manager:findfont: Generic family 'sans-serif' not found because none of the following families were found: Readex Pro
WARNING:matplotlib.font_manager:findfont: Generic family 'sans-serif' not found because none of the following families were found: Readex Pro
WARNING:matplotlib.font_manager:findfont: Generic family 'sans-serif' not found because none of the following families were found: Readex Pro
WARNING:matplotlib.font_manager:findfont: Generic family 'sans-serif' not found because none of the following families were found: Readex Pro
WARNING:matplotlib.font_manager:findfont: Generic family 'sans-serif' not found because none of the following families were found: Readex Pro
WARNING:matplotlib.font_manager:findfont: Generic family 'sans-serif' not found because none of the following families were found: Readex Pro
WARNING:matplotlib.font_manager:findfont: Generic family 'sans-serif' not found because none of the following families were found: Readex Pro
WARNING:matplotlib.font_manager:findfont: Generic family 'sans-serif' not found because none of the following families were found: Readex Pro
WARNING:matplotlib.font_manager:findfont: Generic family 'sans-serif' not found because none of the following families were found: Readex Pro
WARNING:matplotlib.font_manager:findfont: Generic family 'sans-serif' not found because none of the following families were found: Readex Pro
WARNING:matplotlib.font_manager:findfont: Generic family 'sans-serif' not found because none of the following families were found: Readex Pro
WARNING:matplotlib.font_manager:findfont: Generic family 'sans-serif' not found because none of the following families were found: Readex Pro
WARNING:matplotlib.font_manager:findfont: Generic family 'sans-serif' not found because none of the following families were found: Readex Pro
WARNING:matplotlib.font_manager:findfont: Generic family 'sans-serif' not found because none of the following families were found: Readex Pro
WARNING:matplotlib.font_manager:findfont: Generic family 'sans-serif' not found because none of the following families were found: Readex Pro
WARNING:matplotlib.font_manager:findfont: Generic family 'sans-serif' not found because none of the following families were found: Readex Pro
WARNING:matplotlib.font_manager:findfont: Generic family 'sans-serif' not found because none of the following families were found: Readex Pro
WARNING:matplotlib.font_manager:findfont: Generic family 'sans-serif' not found because none of the following families were found: Readex Pro
WARNING:matplotlib.font_manager:findfont: Generic family 'sans-serif' not found because none of the following families were found: Readex Pro
WARNING:matplotlib.font_manager:findfont: Generic family 'sans-serif' not found because none of the following families were found: Readex Pro
WARNING:matplotlib.font_manager:findfont: Generic family 'sans-serif' not found because none of the following families were found: Readex Pro
WARNING:matplotlib.font_manager:findfont: Generic family 'sans-serif' not found because none of the following families were found: Readex Pro
WARNING:matplotlib.font_manager:findfont: Generic family 'sans-serif' not found because none of the following families were found: Readex Pro
WARNING:matplotlib.font_manager:findfont: Generic family 'sans-serif' not found because none of the following families were found: Readex Pro
WARNING:matplotlib.font_manager:findfont: Generic family 'sans-serif' not found because none of the following families were found: Readex Pro
WARNING:matplotlib.font_manager:findfont: Generic family 'sans-serif' not found because none of the following families were found: Readex Pro
WARNING:matplotlib.font_manager:findfont: Generic family 'sans-serif' not found because none of the following families were found: Readex Pro
WARNING:matplotlib.font_manager:findfont: Generic family 'sans-serif' not found because none of the following families were found: Readex Pro
WARNING:matplotlib.font_manager:findfont: Generic family 'sans-serif' not found because none of the following families were found: Readex Pro
WARNING:matplotlib.font_manager:findfont: Generic family 'sans-serif' not found because none of the following families were found: Readex Pro
WARNING:matplotlib.font_manager:findfont: Generic family 'sans-serif' not found because none of the following families were found: Readex Pro
WARNING:matplotlib.font_manager:findfont: Generic family 'sans-serif' not found because none of the following families were found: Readex Pro
WARNING:matplotlib.font_manager:findfont: Generic family 'sans-serif' not found because none of the following families were found: Readex Pro
WARNING:matplotlib.font_manager:findfont: Generic family 'sans-serif' not found because none of the following families were found: Readex Pro
WARNING:matplotlib.font_manager:findfont: Generic family 'sans-serif' not found because none of the following families were found: Readex Pro
WARNING:matplotlib.font_manager:findfont: Generic family 'sans-serif' not found because none of the following families were found: Readex Pro
WARNING:matplotlib.font_manager:findfont: Generic family 'sans-serif' not found because none of the following families were found: Readex Pro
WARNING:matplotlib.font_manager:findfont: Generic family 'sans-serif' not found because none of the following families were found: Readex Pro
[0m
[32mSaving model evaluation...[0m
[32mGenerating training graphs...[0m
[33mTotal time: 02:16:20[0m
[35mEverything done![0m
