2023-02-18 18:41:18.235025: I tensorflow/core/platform/cpu_feature_guard.cc:193] This TensorFlow binary is optimized with oneAPI Deep Neural Network Library (oneDNN) to use the following CPU instructions in performance-critical operations:  AVX2 FMA
To enable them in other operations, rebuild TensorFlow with the appropriate compiler flags.
2023-02-18 18:41:24.963455: W tensorflow/compiler/xla/stream_executor/platform/default/dso_loader.cc:64] Could not load dynamic library 'libnvinfer.so.7'; dlerror: libnvinfer.so.7: cannot open shared object file: No such file or directory
2023-02-18 18:41:24.964013: W tensorflow/compiler/xla/stream_executor/platform/default/dso_loader.cc:64] Could not load dynamic library 'libnvinfer_plugin.so.7'; dlerror: libnvinfer_plugin.so.7: cannot open shared object file: No such file or directory
2023-02-18 18:41:24.964035: W tensorflow/compiler/tf2tensorrt/utils/py_utils.cc:38] TF-TRT Warning: Cannot dlopen some TensorRT libraries. If you would like to use Nvidia GPU with TensorRT, please make sure the missing libraries mentioned above are installed properly.
Matplotlib created a temporary config/cache directory at /tmp/matplotlib-wxclooir because the default path (/home/cristec/.config/matplotlib) is not a writable directory; it is highly recommended to set the MPLCONFIGDIR environment variable to a writable directory, in particular to speed up the import of Matplotlib and to better support multiprocessing.
2023-02-18 18:41:35.853353: I tensorflow/core/platform/cpu_feature_guard.cc:193] This TensorFlow binary is optimized with oneAPI Deep Neural Network Library (oneDNN) to use the following CPU instructions in performance-critical operations:  AVX2 FMA
To enable them in other operations, rebuild TensorFlow with the appropriate compiler flags.
2023-02-18 18:41:38.891586: I tensorflow/core/common_runtime/gpu/gpu_device.cc:1613] Created device /job:localhost/replica:0/task:0/device:GPU:0 with 7415 MB memory:  -> device: 0, name: Quadro M4000, pci bus id: 0000:03:00.0, compute capability: 5.2
2023-02-18 18:41:38.896142: I tensorflow/core/common_runtime/gpu/gpu_device.cc:1613] Created device /job:localhost/replica:0/task:0/device:GPU:1 with 7425 MB memory:  -> device: 1, name: Quadro M4000, pci bus id: 0000:04:00.0, compute capability: 5.2
WARNING:tensorflow:From /shared_storage/cristec/conda/envs/ML/lib/python3.10/site-packages/tensorflow/python/autograph/pyct/static_analysis/liveness.py:83: Analyzer.lamba_check (from tensorflow.python.autograph.pyct.static_analysis.liveness) is deprecated and will be removed after 2023-09-23.
Instructions for updating:
Lambda fuctions will be no more assumed to be used in the statement where they are used, or at least in the same block. https://github.com/tensorflow/tensorflow/issues/56089
[35mStarting script...[0m
[32mLoading train dataset...[0m
Found 50000 files belonging to 1 classes.
[32mLoading test dataset...[0m
Found 10000 files belonging to 1 classes.
[32mCreating model...[0m
[32mTraining model...[0m
[36m
Epoch 1/1000
2023-02-18 18:42:19.216739: E tensorflow/core/grappler/optimizers/meta_optimizer.cc:954] layout failed: INVALID_ARGUMENT: Size of values 0 does not match size of permutation 4 @ fanin shape inUNet/unet_down_0/u_net2d_convolution_block/dropout/dropout/SelectV2-2-TransposeNHWCToNCHW-LayoutOptimizer
2023-02-18 18:43:07.899358: I tensorflow/compiler/xla/stream_executor/cuda/cuda_dnn.cc:428] Loaded cuDNN version 8101
2023-02-18 18:43:08.133319: I tensorflow/compiler/xla/stream_executor/cuda/cuda_dnn.cc:428] Loaded cuDNN version 8101
2023-02-18 18:43:09.016216: I tensorflow/tsl/platform/default/subprocess.cc:304] Start cannot spawn child process: No such file or directory
2023-02-18 18:43:13.633749: I tensorflow/compiler/xla/service/service.cc:173] XLA service 0x7f3740030b30 initialized for platform CUDA (this does not guarantee that XLA will be used). Devices:
2023-02-18 18:43:13.633783: I tensorflow/compiler/xla/service/service.cc:181]   StreamExecutor device (0): Quadro M4000, Compute Capability 5.2
2023-02-18 18:43:13.633792: I tensorflow/compiler/xla/service/service.cc:181]   StreamExecutor device (1): Quadro M4000, Compute Capability 5.2
2023-02-18 18:43:13.720002: I tensorflow/compiler/mlir/tensorflow/utils/dump_mlir_util.cc:268] disabling MLIR crash reproducer, set env var `MLIR_CRASH_REPRODUCER_DIRECTORY` to enable.
2023-02-18 18:43:14.339009: I tensorflow/tsl/platform/default/subprocess.cc:304] Start cannot spawn child process: No such file or directory
2023-02-18 18:43:14.447985: I tensorflow/compiler/jit/xla_compilation_cache.cc:477] Compiled cluster using XLA!  This line is logged at most once for the lifetime of the process.

Epoch 1: val_loss improved from inf to 0.34212, saving model to models/model_ssim_l1_15-20
WARNING:absl:Found untraced functions such as _jit_compiled_convolution_op, conv2d_layer_call_fn, conv2d_layer_call_and_return_conditional_losses, _jit_compiled_convolution_op, leaky_re_lu_layer_call_fn while saving (showing 5 of 241). These functions will not be directly callable after loading.
196/196 - 1356s - loss: 0.1476 - psnr: 20.2249 - ssim: 0.6637 - val_loss: 0.3421 - val_psnr: 4.8274 - val_ssim: 0.4969 - lr: 0.0100 - 1356s/epoch - 7s/step
Epoch 2/1000

Epoch 2: val_loss improved from 0.34212 to 0.10115, saving model to models/model_ssim_l1_15-20
WARNING:absl:Found untraced functions such as _jit_compiled_convolution_op, conv2d_layer_call_fn, conv2d_layer_call_and_return_conditional_losses, _jit_compiled_convolution_op, leaky_re_lu_layer_call_fn while saving (showing 5 of 241). These functions will not be directly callable after loading.
196/196 - 80s - loss: 0.0933 - psnr: 23.3284 - ssim: 0.7873 - val_loss: 0.1011 - val_psnr: 21.0336 - val_ssim: 0.8201 - lr: 0.0100 - 80s/epoch - 406ms/step
Epoch 3/1000

Epoch 3: val_loss improved from 0.10115 to 0.06027, saving model to models/model_ssim_l1_15-20
WARNING:absl:Found untraced functions such as _jit_compiled_convolution_op, conv2d_layer_call_fn, conv2d_layer_call_and_return_conditional_losses, _jit_compiled_convolution_op, leaky_re_lu_layer_call_fn while saving (showing 5 of 241). These functions will not be directly callable after loading.
196/196 - 80s - loss: 0.0809 - psnr: 24.5357 - ssim: 0.8142 - val_loss: 0.0603 - val_psnr: 25.5792 - val_ssim: 0.8899 - lr: 0.0100 - 80s/epoch - 408ms/step
Epoch 4/1000

Epoch 4: val_loss improved from 0.06027 to 0.05715, saving model to models/model_ssim_l1_15-20
WARNING:absl:Found untraced functions such as _jit_compiled_convolution_op, conv2d_layer_call_fn, conv2d_layer_call_and_return_conditional_losses, _jit_compiled_convolution_op, leaky_re_lu_layer_call_fn while saving (showing 5 of 241). These functions will not be directly callable after loading.
196/196 - 80s - loss: 0.0754 - psnr: 25.0633 - ssim: 0.8283 - val_loss: 0.0572 - val_psnr: 26.1086 - val_ssim: 0.8953 - lr: 0.0100 - 80s/epoch - 407ms/step
Epoch 5/1000

Epoch 5: val_loss did not improve from 0.05715
196/196 - 59s - loss: 0.0728 - psnr: 25.2997 - ssim: 0.8350 - val_loss: 0.0727 - val_psnr: 24.8462 - val_ssim: 0.8508 - lr: 0.0100 - 59s/epoch - 302ms/step
Epoch 6/1000

Epoch 6: val_loss did not improve from 0.05715
196/196 - 59s - loss: 0.0713 - psnr: 25.4589 - ssim: 0.8393 - val_loss: 0.0581 - val_psnr: 26.2032 - val_ssim: 0.8836 - lr: 0.0100 - 59s/epoch - 302ms/step
Epoch 7/1000

Epoch 7: val_loss improved from 0.05715 to 0.05387, saving model to models/model_ssim_l1_15-20
WARNING:absl:Found untraced functions such as _jit_compiled_convolution_op, conv2d_layer_call_fn, conv2d_layer_call_and_return_conditional_losses, _jit_compiled_convolution_op, leaky_re_lu_layer_call_fn while saving (showing 5 of 241). These functions will not be directly callable after loading.
196/196 - 80s - loss: 0.0699 - psnr: 25.6178 - ssim: 0.8427 - val_loss: 0.0539 - val_psnr: 26.1921 - val_ssim: 0.8979 - lr: 0.0100 - 80s/epoch - 409ms/step
Epoch 8/1000

Epoch 8: val_loss improved from 0.05387 to 0.04865, saving model to models/model_ssim_l1_15-20
WARNING:absl:Found untraced functions such as _jit_compiled_convolution_op, conv2d_layer_call_fn, conv2d_layer_call_and_return_conditional_losses, _jit_compiled_convolution_op, leaky_re_lu_layer_call_fn while saving (showing 5 of 241). These functions will not be directly callable after loading.
196/196 - 80s - loss: 0.0689 - psnr: 25.7164 - ssim: 0.8453 - val_loss: 0.0486 - val_psnr: 27.0961 - val_ssim: 0.9095 - lr: 0.0100 - 80s/epoch - 408ms/step
Epoch 9/1000

Epoch 9: val_loss improved from 0.04865 to 0.04487, saving model to models/model_ssim_l1_15-20
WARNING:absl:Found untraced functions such as _jit_compiled_convolution_op, conv2d_layer_call_fn, conv2d_layer_call_and_return_conditional_losses, _jit_compiled_convolution_op, leaky_re_lu_layer_call_fn while saving (showing 5 of 241). These functions will not be directly callable after loading.
196/196 - 80s - loss: 0.0681 - psnr: 25.8184 - ssim: 0.8474 - val_loss: 0.0449 - val_psnr: 27.5628 - val_ssim: 0.9189 - lr: 0.0100 - 80s/epoch - 409ms/step
Epoch 10/1000

Epoch 10: val_loss improved from 0.04487 to 0.04219, saving model to models/model_ssim_l1_15-20
WARNING:absl:Found untraced functions such as _jit_compiled_convolution_op, conv2d_layer_call_fn, conv2d_layer_call_and_return_conditional_losses, _jit_compiled_convolution_op, leaky_re_lu_layer_call_fn while saving (showing 5 of 241). These functions will not be directly callable after loading.
196/196 - 80s - loss: 0.0673 - psnr: 25.9020 - ssim: 0.8493 - val_loss: 0.0422 - val_psnr: 27.9606 - val_ssim: 0.9273 - lr: 0.0100 - 80s/epoch - 408ms/step
Epoch 11/1000

Epoch 11: val_loss improved from 0.04219 to 0.04132, saving model to models/model_ssim_l1_15-20
WARNING:absl:Found untraced functions such as _jit_compiled_convolution_op, conv2d_layer_call_fn, conv2d_layer_call_and_return_conditional_losses, _jit_compiled_convolution_op, leaky_re_lu_layer_call_fn while saving (showing 5 of 241). These functions will not be directly callable after loading.
196/196 - 80s - loss: 0.0667 - psnr: 25.9746 - ssim: 0.8509 - val_loss: 0.0413 - val_psnr: 28.0619 - val_ssim: 0.9299 - lr: 0.0100 - 80s/epoch - 409ms/step
Epoch 12/1000

Epoch 12: val_loss did not improve from 0.04132
196/196 - 59s - loss: 0.0663 - psnr: 26.0171 - ssim: 0.8521 - val_loss: 0.0419 - val_psnr: 28.0220 - val_ssim: 0.9274 - lr: 0.0100 - 59s/epoch - 301ms/step
Epoch 13/1000

Epoch 13: val_loss did not improve from 0.04132
196/196 - 59s - loss: 0.0658 - psnr: 26.0621 - ssim: 0.8533 - val_loss: 0.0432 - val_psnr: 27.7845 - val_ssim: 0.9252 - lr: 0.0100 - 59s/epoch - 304ms/step
Epoch 14/1000

Epoch 14: val_loss did not improve from 0.04132
196/196 - 59s - loss: 0.0654 - psnr: 26.1190 - ssim: 0.8544 - val_loss: 0.0449 - val_psnr: 27.4246 - val_ssim: 0.9244 - lr: 0.0100 - 59s/epoch - 301ms/step
Epoch 15/1000

Epoch 15: val_loss did not improve from 0.04132
196/196 - 59s - loss: 0.0650 - psnr: 26.1634 - ssim: 0.8555 - val_loss: 0.0440 - val_psnr: 26.9937 - val_ssim: 0.9338 - lr: 0.0100 - 59s/epoch - 304ms/step
Epoch 16/1000

Epoch 16: val_loss did not improve from 0.04132
196/196 - 59s - loss: 0.0646 - psnr: 26.2009 - ssim: 0.8565 - val_loss: 0.0431 - val_psnr: 26.8986 - val_ssim: 0.9391 - lr: 0.0100 - 59s/epoch - 303ms/step
Epoch 17/1000

Epoch 17: val_loss did not improve from 0.04132
196/196 - 59s - loss: 0.0643 - psnr: 26.2340 - ssim: 0.8572 - val_loss: 0.0481 - val_psnr: 26.1514 - val_ssim: 0.9305 - lr: 0.0100 - 59s/epoch - 303ms/step
Epoch 18/1000

Epoch 18: val_loss did not improve from 0.04132
196/196 - 59s - loss: 0.0640 - psnr: 26.2650 - ssim: 0.8580 - val_loss: 0.0478 - val_psnr: 25.9821 - val_ssim: 0.9328 - lr: 0.0100 - 59s/epoch - 303ms/step
Epoch 19/1000

Epoch 19: val_loss did not improve from 0.04132
196/196 - 60s - loss: 0.0638 - psnr: 26.2953 - ssim: 0.8587 - val_loss: 0.0477 - val_psnr: 26.2385 - val_ssim: 0.9307 - lr: 0.0100 - 60s/epoch - 305ms/step
Epoch 20/1000

Epoch 20: val_loss did not improve from 0.04132
196/196 - 59s - loss: 0.0636 - psnr: 26.3182 - ssim: 0.8592 - val_loss: 0.0435 - val_psnr: 27.1621 - val_ssim: 0.9364 - lr: 0.0100 - 59s/epoch - 302ms/step
Epoch 21/1000

Epoch 21: val_loss did not improve from 0.04132
196/196 - 59s - loss: 0.0634 - psnr: 26.3396 - ssim: 0.8597 - val_loss: 0.0443 - val_psnr: 26.9596 - val_ssim: 0.9355 - lr: 0.0100 - 59s/epoch - 303ms/step
Epoch 22/1000

Epoch 22: val_loss did not improve from 0.04132
196/196 - 59s - loss: 0.0631 - psnr: 26.3665 - ssim: 0.8603 - val_loss: 0.0452 - val_psnr: 26.8027 - val_ssim: 0.9340 - lr: 0.0100 - 59s/epoch - 302ms/step
Epoch 23/1000

Epoch 23: val_loss did not improve from 0.04132
196/196 - 59s - loss: 0.0629 - psnr: 26.3848 - ssim: 0.8607 - val_loss: 0.0415 - val_psnr: 27.6091 - val_ssim: 0.9379 - lr: 0.0100 - 59s/epoch - 303ms/step
Epoch 24/1000

Epoch 24: val_loss did not improve from 0.04132
196/196 - 59s - loss: 0.0628 - psnr: 26.4035 - ssim: 0.8612 - val_loss: 0.0415 - val_psnr: 27.6328 - val_ssim: 0.9383 - lr: 0.0100 - 59s/epoch - 303ms/step
Epoch 25/1000

Epoch 25: val_loss improved from 0.04132 to 0.03755, saving model to models/model_ssim_l1_15-20
WARNING:absl:Found untraced functions such as _jit_compiled_convolution_op, conv2d_layer_call_fn, conv2d_layer_call_and_return_conditional_losses, _jit_compiled_convolution_op, leaky_re_lu_layer_call_fn while saving (showing 5 of 241). These functions will not be directly callable after loading.
196/196 - 81s - loss: 0.0626 - psnr: 26.4208 - ssim: 0.8616 - val_loss: 0.0375 - val_psnr: 28.4204 - val_ssim: 0.9437 - lr: 0.0100 - 81s/epoch - 414ms/step
Epoch 26/1000

Epoch 26: val_loss did not improve from 0.03755
196/196 - 59s - loss: 0.0625 - psnr: 26.4319 - ssim: 0.8619 - val_loss: 0.0401 - val_psnr: 27.8558 - val_ssim: 0.9406 - lr: 0.0100 - 59s/epoch - 302ms/step
Epoch 27/1000

Epoch 27: val_loss did not improve from 0.03755
196/196 - 59s - loss: 0.0624 - psnr: 26.4424 - ssim: 0.8622 - val_loss: 0.0389 - val_psnr: 27.8194 - val_ssim: 0.9458 - lr: 0.0100 - 59s/epoch - 303ms/step
Epoch 28/1000

Epoch 28: val_loss did not improve from 0.03755
196/196 - 59s - loss: 0.0622 - psnr: 26.4566 - ssim: 0.8626 - val_loss: 0.0383 - val_psnr: 27.8690 - val_ssim: 0.9475 - lr: 0.0100 - 59s/epoch - 304ms/step
Epoch 29/1000

Epoch 29: val_loss did not improve from 0.03755
196/196 - 59s - loss: 0.0622 - psnr: 26.4618 - ssim: 0.8629 - val_loss: 0.0386 - val_psnr: 27.9539 - val_ssim: 0.9454 - lr: 0.0100 - 59s/epoch - 303ms/step
Epoch 30/1000

Epoch 30: val_loss did not improve from 0.03755
196/196 - 59s - loss: 0.0621 - psnr: 26.4713 - ssim: 0.8631 - val_loss: 0.0407 - val_psnr: 27.2855 - val_ssim: 0.9458 - lr: 0.0100 - 59s/epoch - 303ms/step
Epoch 31/1000

Epoch 31: val_loss did not improve from 0.03755
196/196 - 59s - loss: 0.0619 - psnr: 26.4866 - ssim: 0.8634 - val_loss: 0.0379 - val_psnr: 28.1253 - val_ssim: 0.9461 - lr: 0.0100 - 59s/epoch - 301ms/step
Epoch 32/1000

Epoch 32: val_loss did not improve from 0.03755
196/196 - 59s - loss: 0.0618 - psnr: 26.5040 - ssim: 0.8637 - val_loss: 0.0401 - val_psnr: 27.3656 - val_ssim: 0.9469 - lr: 0.0100 - 59s/epoch - 303ms/step
Epoch 33/1000

Epoch 33: val_loss improved from 0.03755 to 0.03638, saving model to models/model_ssim_l1_15-20
WARNING:absl:Found untraced functions such as _jit_compiled_convolution_op, conv2d_layer_call_fn, conv2d_layer_call_and_return_conditional_losses, _jit_compiled_convolution_op, leaky_re_lu_layer_call_fn while saving (showing 5 of 241). These functions will not be directly callable after loading.
196/196 - 80s - loss: 0.0617 - psnr: 26.5158 - ssim: 0.8641 - val_loss: 0.0364 - val_psnr: 28.4292 - val_ssim: 0.9481 - lr: 0.0100 - 80s/epoch - 408ms/step
Epoch 34/1000

Epoch 34: val_loss improved from 0.03638 to 0.03578, saving model to models/model_ssim_l1_15-20
WARNING:absl:Found untraced functions such as _jit_compiled_convolution_op, conv2d_layer_call_fn, conv2d_layer_call_and_return_conditional_losses, _jit_compiled_convolution_op, leaky_re_lu_layer_call_fn while saving (showing 5 of 241). These functions will not be directly callable after loading.
196/196 - 81s - loss: 0.0616 - psnr: 26.5273 - ssim: 0.8643 - val_loss: 0.0358 - val_psnr: 28.6194 - val_ssim: 0.9485 - lr: 0.0100 - 81s/epoch - 411ms/step
Epoch 35/1000

Epoch 35: val_loss did not improve from 0.03578
196/196 - 59s - loss: 0.0615 - psnr: 26.5347 - ssim: 0.8645 - val_loss: 0.0393 - val_psnr: 27.5754 - val_ssim: 0.9466 - lr: 0.0100 - 59s/epoch - 300ms/step
Epoch 36/1000

Epoch 36: val_loss did not improve from 0.03578
196/196 - 59s - loss: 0.0614 - psnr: 26.5484 - ssim: 0.8648 - val_loss: 0.0359 - val_psnr: 28.6032 - val_ssim: 0.9482 - lr: 0.0100 - 59s/epoch - 302ms/step
Epoch 37/1000

Epoch 37: val_loss did not improve from 0.03578
196/196 - 60s - loss: 0.0613 - psnr: 26.5636 - ssim: 0.8651 - val_loss: 0.0358 - val_psnr: 28.5045 - val_ssim: 0.9491 - lr: 0.0100 - 60s/epoch - 304ms/step
Epoch 38/1000

Epoch 38: val_loss did not improve from 0.03578
196/196 - 59s - loss: 0.0612 - psnr: 26.5681 - ssim: 0.8652 - val_loss: 0.0367 - val_psnr: 28.4051 - val_ssim: 0.9467 - lr: 0.0100 - 59s/epoch - 302ms/step
Epoch 39/1000

Epoch 39: val_loss improved from 0.03578 to 0.03571, saving model to models/model_ssim_l1_15-20
WARNING:absl:Found untraced functions such as _jit_compiled_convolution_op, conv2d_layer_call_fn, conv2d_layer_call_and_return_conditional_losses, _jit_compiled_convolution_op, leaky_re_lu_layer_call_fn while saving (showing 5 of 241). These functions will not be directly callable after loading.
196/196 - 80s - loss: 0.0611 - psnr: 26.5769 - ssim: 0.8654 - val_loss: 0.0357 - val_psnr: 28.7800 - val_ssim: 0.9461 - lr: 0.0100 - 80s/epoch - 409ms/step
Epoch 40/1000

Epoch 40: val_loss improved from 0.03571 to 0.03490, saving model to models/model_ssim_l1_15-20
WARNING:absl:Found untraced functions such as _jit_compiled_convolution_op, conv2d_layer_call_fn, conv2d_layer_call_and_return_conditional_losses, _jit_compiled_convolution_op, leaky_re_lu_layer_call_fn while saving (showing 5 of 241). These functions will not be directly callable after loading.
196/196 - 80s - loss: 0.0610 - psnr: 26.5914 - ssim: 0.8657 - val_loss: 0.0349 - val_psnr: 28.9330 - val_ssim: 0.9479 - lr: 0.0100 - 80s/epoch - 408ms/step
Epoch 41/1000

Epoch 41: val_loss did not improve from 0.03490
196/196 - 59s - loss: 0.0610 - psnr: 26.5967 - ssim: 0.8657 - val_loss: 0.0361 - val_psnr: 28.6554 - val_ssim: 0.9463 - lr: 0.0100 - 59s/epoch - 303ms/step
Epoch 42/1000

Epoch 42: val_loss did not improve from 0.03490
196/196 - 59s - loss: 0.0609 - psnr: 26.6060 - ssim: 0.8659 - val_loss: 0.0352 - val_psnr: 29.0175 - val_ssim: 0.9448 - lr: 0.0100 - 59s/epoch - 303ms/step
Epoch 43/1000

Epoch 43: val_loss improved from 0.03490 to 0.03405, saving model to models/model_ssim_l1_15-20
WARNING:absl:Found untraced functions such as _jit_compiled_convolution_op, conv2d_layer_call_fn, conv2d_layer_call_and_return_conditional_losses, _jit_compiled_convolution_op, leaky_re_lu_layer_call_fn while saving (showing 5 of 241). These functions will not be directly callable after loading.
196/196 - 81s - loss: 0.0609 - psnr: 26.6066 - ssim: 0.8660 - val_loss: 0.0340 - val_psnr: 29.2189 - val_ssim: 0.9470 - lr: 0.0100 - 81s/epoch - 412ms/step
Epoch 44/1000

Epoch 44: val_loss did not improve from 0.03405
196/196 - 59s - loss: 0.0608 - psnr: 26.6111 - ssim: 0.8661 - val_loss: 0.0354 - val_psnr: 28.8968 - val_ssim: 0.9464 - lr: 0.0100 - 59s/epoch - 302ms/step
Epoch 45/1000

Epoch 45: val_loss did not improve from 0.03405
196/196 - 59s - loss: 0.0608 - psnr: 26.6183 - ssim: 0.8662 - val_loss: 0.0345 - val_psnr: 29.0735 - val_ssim: 0.9472 - lr: 0.0100 - 59s/epoch - 303ms/step
Epoch 46/1000

Epoch 46: val_loss did not improve from 0.03405
196/196 - 59s - loss: 0.0607 - psnr: 26.6217 - ssim: 0.8663 - val_loss: 0.0352 - val_psnr: 28.8484 - val_ssim: 0.9467 - lr: 0.0100 - 59s/epoch - 303ms/step
Epoch 47/1000

Epoch 47: val_loss did not improve from 0.03405
196/196 - 59s - loss: 0.0607 - psnr: 26.6305 - ssim: 0.8665 - val_loss: 0.0354 - val_psnr: 28.9115 - val_ssim: 0.9458 - lr: 0.0100 - 59s/epoch - 303ms/step
Epoch 48/1000

Epoch 48: val_loss did not improve from 0.03405
196/196 - 60s - loss: 0.0606 - psnr: 26.6401 - ssim: 0.8666 - val_loss: 0.0347 - val_psnr: 29.0778 - val_ssim: 0.9466 - lr: 0.0100 - 60s/epoch - 305ms/step
Epoch 49/1000

Epoch 49: val_loss did not improve from 0.03405
196/196 - 60s - loss: 0.0605 - psnr: 26.6436 - ssim: 0.8668 - val_loss: 0.0356 - val_psnr: 28.8041 - val_ssim: 0.9465 - lr: 0.0100 - 60s/epoch - 304ms/step
Epoch 50/1000

Epoch 50: val_loss did not improve from 0.03405
196/196 - 60s - loss: 0.0605 - psnr: 26.6486 - ssim: 0.8669 - val_loss: 0.0352 - val_psnr: 28.9243 - val_ssim: 0.9466 - lr: 0.0100 - 60s/epoch - 304ms/step
Epoch 51/1000

Epoch 51: val_loss did not improve from 0.03405
196/196 - 59s - loss: 0.0604 - psnr: 26.6533 - ssim: 0.8671 - val_loss: 0.0345 - val_psnr: 29.1501 - val_ssim: 0.9469 - lr: 0.0100 - 59s/epoch - 303ms/step
Epoch 52/1000

Epoch 52: val_loss did not improve from 0.03405
196/196 - 60s - loss: 0.0604 - psnr: 26.6594 - ssim: 0.8671 - val_loss: 0.0360 - val_psnr: 28.7230 - val_ssim: 0.9460 - lr: 0.0100 - 60s/epoch - 304ms/step
Epoch 53/1000

Epoch 53: val_loss did not improve from 0.03405
196/196 - 59s - loss: 0.0604 - psnr: 26.6592 - ssim: 0.8671 - val_loss: 0.0357 - val_psnr: 28.7764 - val_ssim: 0.9469 - lr: 0.0100 - 59s/epoch - 302ms/step
Epoch 54/1000

Epoch 54: val_loss did not improve from 0.03405
196/196 - 60s - loss: 0.0603 - psnr: 26.6600 - ssim: 0.8672 - val_loss: 0.0365 - val_psnr: 28.5377 - val_ssim: 0.9462 - lr: 0.0100 - 60s/epoch - 305ms/step
Epoch 55/1000

Epoch 55: val_loss did not improve from 0.03405
196/196 - 60s - loss: 0.0602 - psnr: 26.6716 - ssim: 0.8675 - val_loss: 0.0358 - val_psnr: 28.6687 - val_ssim: 0.9474 - lr: 0.0100 - 60s/epoch - 305ms/step
Epoch 56/1000

Epoch 56: val_loss did not improve from 0.03405
196/196 - 60s - loss: 0.0602 - psnr: 26.6730 - ssim: 0.8675 - val_loss: 0.0367 - val_psnr: 28.5277 - val_ssim: 0.9457 - lr: 0.0100 - 60s/epoch - 305ms/step
Epoch 57/1000

Epoch 57: val_loss did not improve from 0.03405
196/196 - 60s - loss: 0.0602 - psnr: 26.6771 - ssim: 0.8675 - val_loss: 0.0361 - val_psnr: 28.6594 - val_ssim: 0.9464 - lr: 0.0100 - 60s/epoch - 307ms/step
Epoch 58/1000

Epoch 58: val_loss did not improve from 0.03405
196/196 - 60s - loss: 0.0601 - psnr: 26.6837 - ssim: 0.8677 - val_loss: 0.0368 - val_psnr: 28.4717 - val_ssim: 0.9458 - lr: 0.0100 - 60s/epoch - 306ms/step
Epoch 59/1000

Epoch 59: val_loss did not improve from 0.03405
196/196 - 60s - loss: 0.0601 - psnr: 26.6845 - ssim: 0.8677 - val_loss: 0.0367 - val_psnr: 28.5276 - val_ssim: 0.9457 - lr: 0.0100 - 60s/epoch - 308ms/step
Epoch 60/1000

Epoch 60: ReduceLROnPlateau reducing learning rate to 0.0019999999552965165.

Epoch 60: val_loss did not improve from 0.03405
196/196 - 60s - loss: 0.0601 - psnr: 26.6900 - ssim: 0.8678 - val_loss: 0.0355 - val_psnr: 28.8069 - val_ssim: 0.9475 - lr: 0.0100 - 60s/epoch - 308ms/step
Epoch 61/1000

Epoch 61: val_loss did not improve from 0.03405
196/196 - 60s - loss: 0.0590 - psnr: 26.8712 - ssim: 0.8693 - val_loss: 0.0357 - val_psnr: 28.1149 - val_ssim: 0.9529 - lr: 0.0020 - 60s/epoch - 308ms/step
Epoch 62/1000

Epoch 62: val_loss did not improve from 0.03405
196/196 - 60s - loss: 0.0589 - psnr: 26.8835 - ssim: 0.8695 - val_loss: 0.0361 - val_psnr: 27.9834 - val_ssim: 0.9526 - lr: 0.0020 - 60s/epoch - 307ms/step
Epoch 63/1000

Epoch 63: val_loss did not improve from 0.03405
196/196 - 60s - loss: 0.0589 - psnr: 26.8837 - ssim: 0.8695 - val_loss: 0.0359 - val_psnr: 28.0805 - val_ssim: 0.9524 - lr: 0.0020 - 60s/epoch - 306ms/step
Epoch 64/1000

Epoch 64: val_loss did not improve from 0.03405
196/196 - 60s - loss: 0.0589 - psnr: 26.8844 - ssim: 0.8695 - val_loss: 0.0359 - val_psnr: 28.1054 - val_ssim: 0.9523 - lr: 0.0020 - 60s/epoch - 306ms/step
Epoch 65/1000

Epoch 65: val_loss did not improve from 0.03405
196/196 - 60s - loss: 0.0589 - psnr: 26.8848 - ssim: 0.8695 - val_loss: 0.0362 - val_psnr: 28.0194 - val_ssim: 0.9522 - lr: 0.0020 - 60s/epoch - 307ms/step
Epoch 66/1000

Epoch 66: val_loss did not improve from 0.03405
196/196 - 60s - loss: 0.0589 - psnr: 26.8867 - ssim: 0.8696 - val_loss: 0.0355 - val_psnr: 28.1752 - val_ssim: 0.9527 - lr: 0.0020 - 60s/epoch - 305ms/step
Epoch 67/1000

Epoch 67: val_loss did not improve from 0.03405
196/196 - 60s - loss: 0.0588 - psnr: 26.8920 - ssim: 0.8697 - val_loss: 0.0360 - val_psnr: 28.0243 - val_ssim: 0.9525 - lr: 0.0020 - 60s/epoch - 308ms/step
Epoch 68/1000

Epoch 68: val_loss did not improve from 0.03405
196/196 - 60s - loss: 0.0588 - psnr: 26.8917 - ssim: 0.8696 - val_loss: 0.0357 - val_psnr: 28.1409 - val_ssim: 0.9524 - lr: 0.0020 - 60s/epoch - 306ms/step
Epoch 69/1000

Epoch 69: val_loss did not improve from 0.03405
196/196 - 60s - loss: 0.0588 - psnr: 26.8949 - ssim: 0.8697 - val_loss: 0.0361 - val_psnr: 28.0282 - val_ssim: 0.9522 - lr: 0.0020 - 60s/epoch - 305ms/step
Epoch 70/1000

Epoch 70: val_loss did not improve from 0.03405
196/196 - 60s - loss: 0.0588 - psnr: 26.8956 - ssim: 0.8696 - val_loss: 0.0363 - val_psnr: 28.0051 - val_ssim: 0.9520 - lr: 0.0020 - 60s/epoch - 308ms/step
Epoch 71/1000

Epoch 71: val_loss did not improve from 0.03405
196/196 - 60s - loss: 0.0588 - psnr: 26.8995 - ssim: 0.8697 - val_loss: 0.0364 - val_psnr: 28.0167 - val_ssim: 0.9516 - lr: 0.0020 - 60s/epoch - 305ms/step
Epoch 72/1000

Epoch 72: val_loss did not improve from 0.03405
196/196 - 60s - loss: 0.0588 - psnr: 26.9010 - ssim: 0.8697 - val_loss: 0.0367 - val_psnr: 27.8809 - val_ssim: 0.9519 - lr: 0.0020 - 60s/epoch - 306ms/step
Epoch 73/1000

Epoch 73: val_loss did not improve from 0.03405
196/196 - 60s - loss: 0.0588 - psnr: 26.9040 - ssim: 0.8697 - val_loss: 0.0368 - val_psnr: 27.8778 - val_ssim: 0.9516 - lr: 0.0020 - 60s/epoch - 306ms/step
Epoch 74/1000

Epoch 74: val_loss did not improve from 0.03405
196/196 - 60s - loss: 0.0587 - psnr: 26.9056 - ssim: 0.8697 - val_loss: 0.0358 - val_psnr: 28.1930 - val_ssim: 0.9519 - lr: 0.0020 - 60s/epoch - 307ms/step
Epoch 75/1000

Epoch 75: val_loss did not improve from 0.03405
196/196 - 60s - loss: 0.0587 - psnr: 26.9090 - ssim: 0.8697 - val_loss: 0.0368 - val_psnr: 27.8657 - val_ssim: 0.9515 - lr: 0.0020 - 60s/epoch - 307ms/step
Epoch 76/1000

Epoch 76: val_loss did not improve from 0.03405
196/196 - 60s - loss: 0.0587 - psnr: 26.9152 - ssim: 0.8698 - val_loss: 0.0366 - val_psnr: 27.9260 - val_ssim: 0.9518 - lr: 0.0020 - 60s/epoch - 305ms/step
Epoch 77/1000

Epoch 77: val_loss did not improve from 0.03405
196/196 - 60s - loss: 0.0587 - psnr: 26.9180 - ssim: 0.8698 - val_loss: 0.0367 - val_psnr: 27.8787 - val_ssim: 0.9518 - lr: 0.0020 - 60s/epoch - 307ms/step
Epoch 78/1000

Epoch 78: val_loss did not improve from 0.03405
196/196 - 60s - loss: 0.0587 - psnr: 26.9240 - ssim: 0.8697 - val_loss: 0.0361 - val_psnr: 28.0485 - val_ssim: 0.9520 - lr: 0.0020 - 60s/epoch - 306ms/step
Epoch 79/1000

Epoch 79: val_loss did not improve from 0.03405
196/196 - 60s - loss: 0.0586 - psnr: 26.9322 - ssim: 0.8697 - val_loss: 0.0361 - val_psnr: 28.0675 - val_ssim: 0.9521 - lr: 0.0020 - 60s/epoch - 306ms/step
Epoch 80/1000

Epoch 80: val_loss did not improve from 0.03405
196/196 - 60s - loss: 0.0586 - psnr: 26.9406 - ssim: 0.8698 - val_loss: 0.0366 - val_psnr: 27.9482 - val_ssim: 0.9515 - lr: 0.0020 - 60s/epoch - 308ms/step
Epoch 81/1000

Epoch 81: val_loss did not improve from 0.03405
196/196 - 60s - loss: 0.0586 - psnr: 26.9491 - ssim: 0.8697 - val_loss: 0.0367 - val_psnr: 27.8877 - val_ssim: 0.9517 - lr: 0.0020 - 60s/epoch - 305ms/step
Epoch 82/1000

Epoch 82: val_loss did not improve from 0.03405
196/196 - 59s - loss: 0.0585 - psnr: 26.9593 - ssim: 0.8697 - val_loss: 0.0367 - val_psnr: 27.8903 - val_ssim: 0.9518 - lr: 0.0020 - 59s/epoch - 302ms/step
Epoch 83/1000

Epoch 83: val_loss did not improve from 0.03405
196/196 - 60s - loss: 0.0585 - psnr: 26.9707 - ssim: 0.8696 - val_loss: 0.0368 - val_psnr: 27.9079 - val_ssim: 0.9513 - lr: 0.0020 - 60s/epoch - 307ms/step
Epoch 84/1000

Epoch 84: val_loss did not improve from 0.03405
196/196 - 59s - loss: 0.0585 - psnr: 26.9833 - ssim: 0.8696 - val_loss: 0.0371 - val_psnr: 27.7794 - val_ssim: 0.9513 - lr: 0.0020 - 59s/epoch - 302ms/step
Epoch 85/1000

Epoch 85: val_loss did not improve from 0.03405
196/196 - 59s - loss: 0.0584 - psnr: 26.9967 - ssim: 0.8695 - val_loss: 0.0374 - val_psnr: 27.6848 - val_ssim: 0.9514 - lr: 0.0020 - 59s/epoch - 303ms/step
Epoch 86/1000

Epoch 86: val_loss did not improve from 0.03405
196/196 - 59s - loss: 0.0584 - psnr: 27.0123 - ssim: 0.8694 - val_loss: 0.0370 - val_psnr: 27.8061 - val_ssim: 0.9514 - lr: 0.0020 - 59s/epoch - 303ms/step
Epoch 87/1000

Epoch 87: val_loss did not improve from 0.03405
196/196 - 59s - loss: 0.0584 - psnr: 27.0305 - ssim: 0.8693 - val_loss: 0.0366 - val_psnr: 27.9240 - val_ssim: 0.9514 - lr: 0.0020 - 59s/epoch - 304ms/step
Epoch 88/1000

Epoch 88: val_loss did not improve from 0.03405
196/196 - 60s - loss: 0.0583 - psnr: 27.0516 - ssim: 0.8691 - val_loss: 0.0366 - val_psnr: 27.9257 - val_ssim: 0.9516 - lr: 0.0020 - 60s/epoch - 304ms/step
Epoch 89/1000

Epoch 89: ReduceLROnPlateau reducing learning rate to 0.0003999999724328518.

Epoch 89: val_loss did not improve from 0.03405
196/196 - 60s - loss: 0.0583 - psnr: 27.0747 - ssim: 0.8690 - val_loss: 0.0370 - val_psnr: 27.8253 - val_ssim: 0.9514 - lr: 0.0020 - 60s/epoch - 304ms/step
Epoch 90/1000

Epoch 90: val_loss did not improve from 0.03405
196/196 - 60s - loss: 0.0580 - psnr: 27.1295 - ssim: 0.8692 - val_loss: 0.0373 - val_psnr: 27.7254 - val_ssim: 0.9517 - lr: 4.0000e-04 - 60s/epoch - 305ms/step
Epoch 91/1000

Epoch 91: val_loss did not improve from 0.03405
196/196 - 59s - loss: 0.0580 - psnr: 27.1396 - ssim: 0.8691 - val_loss: 0.0370 - val_psnr: 27.8104 - val_ssim: 0.9519 - lr: 4.0000e-04 - 59s/epoch - 303ms/step
Epoch 92/1000

Epoch 92: val_loss did not improve from 0.03405
196/196 - 59s - loss: 0.0580 - psnr: 27.1461 - ssim: 0.8690 - val_loss: 0.0371 - val_psnr: 27.7637 - val_ssim: 0.9519 - lr: 4.0000e-04 - 59s/epoch - 303ms/step
Epoch 93/1000
Restoring model weights from the end of the best epoch: 43.

Epoch 93: val_loss did not improve from 0.03405
196/196 - 60s - loss: 0.0580 - psnr: 27.1541 - ssim: 0.8691 - val_loss: 0.0371 - val_psnr: 27.7739 - val_ssim: 0.9518 - lr: 4.0000e-04 - 60s/epoch - 304ms/step
Epoch 93: early stopping
[0m
[32mSaving model architecture text summary...[0m
[32mSaving model training history...[0m
[32mEvaluating model...[0m
[36m
40/40 - 5s - loss: 0.0340 - psnr: 29.2246 - ssim: 0.9470 - 5s/epoch - 127ms/step
WARNING:matplotlib.font_manager:findfont: Generic family 'sans-serif' not found because none of the following families were found: Readex Pro
WARNING:matplotlib.font_manager:findfont: Generic family 'sans-serif' not found because none of the following families were found: Readex Pro
WARNING:matplotlib.font_manager:findfont: Generic family 'sans-serif' not found because none of the following families were found: Readex Pro
WARNING:matplotlib.font_manager:findfont: Generic family 'sans-serif' not found because none of the following families were found: Readex Pro
WARNING:matplotlib.font_manager:findfont: Generic family 'sans-serif' not found because none of the following families were found: Readex Pro
WARNING:matplotlib.font_manager:findfont: Generic family 'sans-serif' not found because none of the following families were found: Readex Pro
WARNING:matplotlib.font_manager:findfont: Generic family 'sans-serif' not found because none of the following families were found: Readex Pro
WARNING:matplotlib.font_manager:findfont: Generic family 'sans-serif' not found because none of the following families were found: Readex Pro
WARNING:matplotlib.font_manager:findfont: Generic family 'sans-serif' not found because none of the following families were found: Readex Pro
WARNING:matplotlib.font_manager:findfont: Generic family 'sans-serif' not found because none of the following families were found: Readex Pro
WARNING:matplotlib.font_manager:findfont: Generic family 'sans-serif' not found because none of the following families were found: Readex Pro
WARNING:matplotlib.font_manager:findfont: Generic family 'sans-serif' not found because none of the following families were found: Readex Pro
WARNING:matplotlib.font_manager:findfont: Generic family 'sans-serif' not found because none of the following families were found: Readex Pro
WARNING:matplotlib.font_manager:findfont: Generic family 'sans-serif' not found because none of the following families were found: Readex Pro
WARNING:matplotlib.font_manager:findfont: Generic family 'sans-serif' not found because none of the following families were found: Readex Pro
WARNING:matplotlib.font_manager:findfont: Generic family 'sans-serif' not found because none of the following families were found: Readex Pro
WARNING:matplotlib.font_manager:findfont: Generic family 'sans-serif' not found because none of the following families were found: Readex Pro
WARNING:matplotlib.font_manager:findfont: Generic family 'sans-serif' not found because none of the following families were found: Readex Pro
WARNING:matplotlib.font_manager:findfont: Generic family 'sans-serif' not found because none of the following families were found: Readex Pro
WARNING:matplotlib.font_manager:findfont: Generic family 'sans-serif' not found because none of the following families were found: Readex Pro
WARNING:matplotlib.font_manager:findfont: Generic family 'sans-serif' not found because none of the following families were found: Readex Pro
WARNING:matplotlib.font_manager:findfont: Generic family 'sans-serif' not found because none of the following families were found: Readex Pro
WARNING:matplotlib.font_manager:findfont: Generic family 'sans-serif' not found because none of the following families were found: Readex Pro
WARNING:matplotlib.font_manager:findfont: Generic family 'sans-serif' not found because none of the following families were found: Readex Pro
WARNING:matplotlib.font_manager:findfont: Generic family 'sans-serif' not found because none of the following families were found: Readex Pro
WARNING:matplotlib.font_manager:findfont: Generic family 'sans-serif' not found because none of the following families were found: Readex Pro
WARNING:matplotlib.font_manager:findfont: Generic family 'sans-serif' not found because none of the following families were found: Readex Pro
WARNING:matplotlib.font_manager:findfont: Generic family 'sans-serif' not found because none of the following families were found: Readex Pro
WARNING:matplotlib.font_manager:findfont: Generic family 'sans-serif' not found because none of the following families were found: Readex Pro
WARNING:matplotlib.font_manager:findfont: Generic family 'sans-serif' not found because none of the following families were found: Readex Pro
WARNING:matplotlib.font_manager:findfont: Generic family 'sans-serif' not found because none of the following families were found: Readex Pro
WARNING:matplotlib.font_manager:findfont: Generic family 'sans-serif' not found because none of the following families were found: Readex Pro
WARNING:matplotlib.font_manager:findfont: Generic family 'sans-serif' not found because none of the following families were found: Readex Pro
WARNING:matplotlib.font_manager:findfont: Generic family 'sans-serif' not found because none of the following families were found: Readex Pro
WARNING:matplotlib.font_manager:findfont: Generic family 'sans-serif' not found because none of the following families were found: Readex Pro
WARNING:matplotlib.font_manager:findfont: Generic family 'sans-serif' not found because none of the following families were found: Readex Pro
WARNING:matplotlib.font_manager:findfont: Generic family 'sans-serif' not found because none of the following families were found: Readex Pro
WARNING:matplotlib.font_manager:findfont: Generic family 'sans-serif' not found because none of the following families were found: Readex Pro
WARNING:matplotlib.font_manager:findfont: Generic family 'sans-serif' not found because none of the following families were found: Readex Pro
WARNING:matplotlib.font_manager:findfont: Generic family 'sans-serif' not found because none of the following families were found: Readex Pro
WARNING:matplotlib.font_manager:findfont: Generic family 'sans-serif' not found because none of the following families were found: Readex Pro
WARNING:matplotlib.font_manager:findfont: Generic family 'sans-serif' not found because none of the following families were found: Readex Pro
WARNING:matplotlib.font_manager:findfont: Generic family 'sans-serif' not found because none of the following families were found: Readex Pro
WARNING:matplotlib.font_manager:findfont: Generic family 'sans-serif' not found because none of the following families were found: Readex Pro
WARNING:matplotlib.font_manager:findfont: Generic family 'sans-serif' not found because none of the following families were found: Readex Pro
WARNING:matplotlib.font_manager:findfont: Generic family 'sans-serif' not found because none of the following families were found: Readex Pro
WARNING:matplotlib.font_manager:findfont: Generic family 'sans-serif' not found because none of the following families were found: Readex Pro
WARNING:matplotlib.font_manager:findfont: Generic family 'sans-serif' not found because none of the following families were found: Readex Pro
WARNING:matplotlib.font_manager:findfont: Generic family 'sans-serif' not found because none of the following families were found: Readex Pro
WARNING:matplotlib.font_manager:findfont: Generic family 'sans-serif' not found because none of the following families were found: Readex Pro
WARNING:matplotlib.font_manager:findfont: Generic family 'sans-serif' not found because none of the following families were found: Readex Pro
WARNING:matplotlib.font_manager:findfont: Generic family 'sans-serif' not found because none of the following families were found: Readex Pro
WARNING:matplotlib.font_manager:findfont: Generic family 'sans-serif' not found because none of the following families were found: Readex Pro
WARNING:matplotlib.font_manager:findfont: Generic family 'sans-serif' not found because none of the following families were found: Readex Pro
WARNING:matplotlib.font_manager:findfont: Generic family 'sans-serif' not found because none of the following families were found: Readex Pro
WARNING:matplotlib.font_manager:findfont: Generic family 'sans-serif' not found because none of the following families were found: Readex Pro
WARNING:matplotlib.font_manager:findfont: Generic family 'sans-serif' not found because none of the following families were found: Readex Pro
WARNING:matplotlib.font_manager:findfont: Generic family 'sans-serif' not found because none of the following families were found: Readex Pro
WARNING:matplotlib.font_manager:findfont: Generic family 'sans-serif' not found because none of the following families were found: Readex Pro
WARNING:matplotlib.font_manager:findfont: Generic family 'sans-serif' not found because none of the following families were found: Readex Pro
WARNING:matplotlib.font_manager:findfont: Generic family 'sans-serif' not found because none of the following families were found: Readex Pro
WARNING:matplotlib.font_manager:findfont: Generic family 'sans-serif' not found because none of the following families were found: Readex Pro
WARNING:matplotlib.font_manager:findfont: Generic family 'sans-serif' not found because none of the following families were found: Readex Pro
WARNING:matplotlib.font_manager:findfont: Generic family 'sans-serif' not found because none of the following families were found: Readex Pro
WARNING:matplotlib.font_manager:findfont: Generic family 'sans-serif' not found because none of the following families were found: Readex Pro
WARNING:matplotlib.font_manager:findfont: Generic family 'sans-serif' not found because none of the following families were found: Readex Pro
WARNING:matplotlib.font_manager:findfont: Generic family 'sans-serif' not found because none of the following families were found: Readex Pro
WARNING:matplotlib.font_manager:findfont: Generic family 'sans-serif' not found because none of the following families were found: Readex Pro
WARNING:matplotlib.font_manager:findfont: Generic family 'sans-serif' not found because none of the following families were found: Readex Pro
WARNING:matplotlib.font_manager:findfont: Generic family 'sans-serif' not found because none of the following families were found: Readex Pro
WARNING:matplotlib.font_manager:findfont: Generic family 'sans-serif' not found because none of the following families were found: Readex Pro
WARNING:matplotlib.font_manager:findfont: Generic family 'sans-serif' not found because none of the following families were found: Readex Pro
WARNING:matplotlib.font_manager:findfont: Generic family 'sans-serif' not found because none of the following families were found: Readex Pro
WARNING:matplotlib.font_manager:findfont: Generic family 'sans-serif' not found because none of the following families were found: Readex Pro
WARNING:matplotlib.font_manager:findfont: Generic family 'sans-serif' not found because none of the following families were found: Readex Pro
WARNING:matplotlib.font_manager:findfont: Generic family 'sans-serif' not found because none of the following families were found: Readex Pro
WARNING:matplotlib.font_manager:findfont: Generic family 'sans-serif' not found because none of the following families were found: Readex Pro
WARNING:matplotlib.font_manager:findfont: Generic family 'sans-serif' not found because none of the following families were found: Readex Pro
WARNING:matplotlib.font_manager:findfont: Generic family 'sans-serif' not found because none of the following families were found: Readex Pro
WARNING:matplotlib.font_manager:findfont: Generic family 'sans-serif' not found because none of the following families were found: Readex Pro
WARNING:matplotlib.font_manager:findfont: Generic family 'sans-serif' not found because none of the following families were found: Readex Pro
WARNING:matplotlib.font_manager:findfont: Generic family 'sans-serif' not found because none of the following families were found: Readex Pro
WARNING:matplotlib.font_manager:findfont: Generic family 'sans-serif' not found because none of the following families were found: Readex Pro
WARNING:matplotlib.font_manager:findfont: Generic family 'sans-serif' not found because none of the following families were found: Readex Pro
WARNING:matplotlib.font_manager:findfont: Generic family 'sans-serif' not found because none of the following families were found: Readex Pro
WARNING:matplotlib.font_manager:findfont: Generic family 'sans-serif' not found because none of the following families were found: Readex Pro
WARNING:matplotlib.font_manager:findfont: Generic family 'sans-serif' not found because none of the following families were found: Readex Pro
WARNING:matplotlib.font_manager:findfont: Generic family 'sans-serif' not found because none of the following families were found: Readex Pro
WARNING:matplotlib.font_manager:findfont: Generic family 'sans-serif' not found because none of the following families were found: Readex Pro
WARNING:matplotlib.font_manager:findfont: Generic family 'sans-serif' not found because none of the following families were found: Readex Pro
WARNING:matplotlib.font_manager:findfont: Generic family 'sans-serif' not found because none of the following families were found: Readex Pro
WARNING:matplotlib.font_manager:findfont: Generic family 'sans-serif' not found because none of the following families were found: Readex Pro
WARNING:matplotlib.font_manager:findfont: Generic family 'sans-serif' not found because none of the following families were found: Readex Pro
WARNING:matplotlib.font_manager:findfont: Generic family 'sans-serif' not found because none of the following families were found: Readex Pro
WARNING:matplotlib.font_manager:findfont: Generic family 'sans-serif' not found because none of the following families were found: Readex Pro
WARNING:matplotlib.font_manager:findfont: Generic family 'sans-serif' not found because none of the following families were found: Readex Pro
WARNING:matplotlib.font_manager:findfont: Generic family 'sans-serif' not found because none of the following families were found: Readex Pro
WARNING:matplotlib.font_manager:findfont: Generic family 'sans-serif' not found because none of the following families were found: Readex Pro
WARNING:matplotlib.font_manager:findfont: Generic family 'sans-serif' not found because none of the following families were found: Readex Pro
WARNING:matplotlib.font_manager:findfont: Generic family 'sans-serif' not found because none of the following families were found: Readex Pro
WARNING:matplotlib.font_manager:findfont: Generic family 'sans-serif' not found because none of the following families were found: Readex Pro
WARNING:matplotlib.font_manager:findfont: Generic family 'sans-serif' not found because none of the following families were found: Readex Pro
WARNING:matplotlib.font_manager:findfont: Generic family 'sans-serif' not found because none of the following families were found: Readex Pro
WARNING:matplotlib.font_manager:findfont: Generic family 'sans-serif' not found because none of the following families were found: Readex Pro
WARNING:matplotlib.font_manager:findfont: Generic family 'sans-serif' not found because none of the following families were found: Readex Pro
WARNING:matplotlib.font_manager:findfont: Generic family 'sans-serif' not found because none of the following families were found: Readex Pro
WARNING:matplotlib.font_manager:findfont: Generic family 'sans-serif' not found because none of the following families were found: Readex Pro
WARNING:matplotlib.font_manager:findfont: Generic family 'sans-serif' not found because none of the following families were found: Readex Pro
WARNING:matplotlib.font_manager:findfont: Generic family 'sans-serif' not found because none of the following families were found: Readex Pro
WARNING:matplotlib.font_manager:findfont: Generic family 'sans-serif' not found because none of the following families were found: Readex Pro
WARNING:matplotlib.font_manager:findfont: Generic family 'sans-serif' not found because none of the following families were found: Readex Pro
WARNING:matplotlib.font_manager:findfont: Generic family 'sans-serif' not found because none of the following families were found: Readex Pro
WARNING:matplotlib.font_manager:findfont: Generic family 'sans-serif' not found because none of the following families were found: Readex Pro
WARNING:matplotlib.font_manager:findfont: Generic family 'sans-serif' not found because none of the following families were found: Readex Pro
WARNING:matplotlib.font_manager:findfont: Generic family 'sans-serif' not found because none of the following families were found: Readex Pro
WARNING:matplotlib.font_manager:findfont: Generic family 'sans-serif' not found because none of the following families were found: Readex Pro
WARNING:matplotlib.font_manager:findfont: Generic family 'sans-serif' not found because none of the following families were found: Readex Pro
WARNING:matplotlib.font_manager:findfont: Generic family 'sans-serif' not found because none of the following families were found: Readex Pro
WARNING:matplotlib.font_manager:findfont: Generic family 'sans-serif' not found because none of the following families were found: Readex Pro
WARNING:matplotlib.font_manager:findfont: Generic family 'sans-serif' not found because none of the following families were found: Readex Pro
WARNING:matplotlib.font_manager:findfont: Generic family 'sans-serif' not found because none of the following families were found: Readex Pro
WARNING:matplotlib.font_manager:findfont: Generic family 'sans-serif' not found because none of the following families were found: Readex Pro
WARNING:matplotlib.font_manager:findfont: Generic family 'sans-serif' not found because none of the following families were found: Readex Pro
WARNING:matplotlib.font_manager:findfont: Generic family 'sans-serif' not found because none of the following families were found: Readex Pro
WARNING:matplotlib.font_manager:findfont: Generic family 'sans-serif' not found because none of the following families were found: Readex Pro
WARNING:matplotlib.font_manager:findfont: Generic family 'sans-serif' not found because none of the following families were found: Readex Pro
WARNING:matplotlib.font_manager:findfont: Generic family 'sans-serif' not found because none of the following families were found: Readex Pro
WARNING:matplotlib.font_manager:findfont: Generic family 'sans-serif' not found because none of the following families were found: Readex Pro
WARNING:matplotlib.font_manager:findfont: Generic family 'sans-serif' not found because none of the following families were found: Readex Pro
WARNING:matplotlib.font_manager:findfont: Generic family 'sans-serif' not found because none of the following families were found: Readex Pro
WARNING:matplotlib.font_manager:findfont: Generic family 'sans-serif' not found because none of the following families were found: Readex Pro
WARNING:matplotlib.font_manager:findfont: Generic family 'sans-serif' not found because none of the following families were found: Readex Pro
WARNING:matplotlib.font_manager:findfont: Generic family 'sans-serif' not found because none of the following families were found: Readex Pro
WARNING:matplotlib.font_manager:findfont: Generic family 'sans-serif' not found because none of the following families were found: Readex Pro
WARNING:matplotlib.font_manager:findfont: Generic family 'sans-serif' not found because none of the following families were found: Readex Pro
WARNING:matplotlib.font_manager:findfont: Generic family 'sans-serif' not found because none of the following families were found: Readex Pro
WARNING:matplotlib.font_manager:findfont: Generic family 'sans-serif' not found because none of the following families were found: Readex Pro
WARNING:matplotlib.font_manager:findfont: Generic family 'sans-serif' not found because none of the following families were found: Readex Pro
WARNING:matplotlib.font_manager:findfont: Generic family 'sans-serif' not found because none of the following families were found: Readex Pro
WARNING:matplotlib.font_manager:findfont: Generic family 'sans-serif' not found because none of the following families were found: Readex Pro
WARNING:matplotlib.font_manager:findfont: Generic family 'sans-serif' not found because none of the following families were found: Readex Pro
WARNING:matplotlib.font_manager:findfont: Generic family 'sans-serif' not found because none of the following families were found: Readex Pro
WARNING:matplotlib.font_manager:findfont: Generic family 'sans-serif' not found because none of the following families were found: Readex Pro
WARNING:matplotlib.font_manager:findfont: Generic family 'sans-serif' not found because none of the following families were found: Readex Pro
WARNING:matplotlib.font_manager:findfont: Generic family 'sans-serif' not found because none of the following families were found: Readex Pro
WARNING:matplotlib.font_manager:findfont: Generic family 'sans-serif' not found because none of the following families were found: Readex Pro
WARNING:matplotlib.font_manager:findfont: Generic family 'sans-serif' not found because none of the following families were found: Readex Pro
WARNING:matplotlib.font_manager:findfont: Generic family 'sans-serif' not found because none of the following families were found: Readex Pro
WARNING:matplotlib.font_manager:findfont: Generic family 'sans-serif' not found because none of the following families were found: Readex Pro
WARNING:matplotlib.font_manager:findfont: Generic family 'sans-serif' not found because none of the following families were found: Readex Pro
WARNING:matplotlib.font_manager:findfont: Generic family 'sans-serif' not found because none of the following families were found: Readex Pro
WARNING:matplotlib.font_manager:findfont: Generic family 'sans-serif' not found because none of the following families were found: Readex Pro
WARNING:matplotlib.font_manager:findfont: Generic family 'sans-serif' not found because none of the following families were found: Readex Pro
WARNING:matplotlib.font_manager:findfont: Generic family 'sans-serif' not found because none of the following families were found: Readex Pro
WARNING:matplotlib.font_manager:findfont: Generic family 'sans-serif' not found because none of the following families were found: Readex Pro
WARNING:matplotlib.font_manager:findfont: Generic family 'sans-serif' not found because none of the following families were found: Readex Pro
WARNING:matplotlib.font_manager:findfont: Generic family 'sans-serif' not found because none of the following families were found: Readex Pro
WARNING:matplotlib.font_manager:findfont: Generic family 'sans-serif' not found because none of the following families were found: Readex Pro
WARNING:matplotlib.font_manager:findfont: Generic family 'sans-serif' not found because none of the following families were found: Readex Pro
WARNING:matplotlib.font_manager:findfont: Generic family 'sans-serif' not found because none of the following families were found: Readex Pro
WARNING:matplotlib.font_manager:findfont: Generic family 'sans-serif' not found because none of the following families were found: Readex Pro
WARNING:matplotlib.font_manager:findfont: Generic family 'sans-serif' not found because none of the following families were found: Readex Pro
WARNING:matplotlib.font_manager:findfont: Generic family 'sans-serif' not found because none of the following families were found: Readex Pro
WARNING:matplotlib.font_manager:findfont: Generic family 'sans-serif' not found because none of the following families were found: Readex Pro
WARNING:matplotlib.font_manager:findfont: Generic family 'sans-serif' not found because none of the following families were found: Readex Pro
WARNING:matplotlib.font_manager:findfont: Generic family 'sans-serif' not found because none of the following families were found: Readex Pro
WARNING:matplotlib.font_manager:findfont: Generic family 'sans-serif' not found because none of the following families were found: Readex Pro
WARNING:matplotlib.font_manager:findfont: Generic family 'sans-serif' not found because none of the following families were found: Readex Pro
WARNING:matplotlib.font_manager:findfont: Generic family 'sans-serif' not found because none of the following families were found: Readex Pro
WARNING:matplotlib.font_manager:findfont: Generic family 'sans-serif' not found because none of the following families were found: Readex Pro
WARNING:matplotlib.font_manager:findfont: Generic family 'sans-serif' not found because none of the following families were found: Readex Pro
WARNING:matplotlib.font_manager:findfont: Generic family 'sans-serif' not found because none of the following families were found: Readex Pro
WARNING:matplotlib.font_manager:findfont: Generic family 'sans-serif' not found because none of the following families were found: Readex Pro
WARNING:matplotlib.font_manager:findfont: Generic family 'sans-serif' not found because none of the following families were found: Readex Pro
WARNING:matplotlib.font_manager:findfont: Generic family 'sans-serif' not found because none of the following families were found: Readex Pro
WARNING:matplotlib.font_manager:findfont: Generic family 'sans-serif' not found because none of the following families were found: Readex Pro
WARNING:matplotlib.font_manager:findfont: Generic family 'sans-serif' not found because none of the following families were found: Readex Pro
WARNING:matplotlib.font_manager:findfont: Generic family 'sans-serif' not found because none of the following families were found: Readex Pro
WARNING:matplotlib.font_manager:findfont: Generic family 'sans-serif' not found because none of the following families were found: Readex Pro
WARNING:matplotlib.font_manager:findfont: Generic family 'sans-serif' not found because none of the following families were found: Readex Pro
WARNING:matplotlib.font_manager:findfont: Generic family 'sans-serif' not found because none of the following families were found: Readex Pro
WARNING:matplotlib.font_manager:findfont: Generic family 'sans-serif' not found because none of the following families were found: Readex Pro
WARNING:matplotlib.font_manager:findfont: Generic family 'sans-serif' not found because none of the following families were found: Readex Pro
WARNING:matplotlib.font_manager:findfont: Generic family 'sans-serif' not found because none of the following families were found: Readex Pro
WARNING:matplotlib.font_manager:findfont: Generic family 'sans-serif' not found because none of the following families were found: Readex Pro
WARNING:matplotlib.font_manager:findfont: Generic family 'sans-serif' not found because none of the following families were found: Readex Pro
WARNING:matplotlib.font_manager:findfont: Generic family 'sans-serif' not found because none of the following families were found: Readex Pro
WARNING:matplotlib.font_manager:findfont: Generic family 'sans-serif' not found because none of the following families were found: Readex Pro
WARNING:matplotlib.font_manager:findfont: Generic family 'sans-serif' not found because none of the following families were found: Readex Pro
WARNING:matplotlib.font_manager:findfont: Generic family 'sans-serif' not found because none of the following families were found: Readex Pro
WARNING:matplotlib.font_manager:findfont: Generic family 'sans-serif' not found because none of the following families were found: Readex Pro
WARNING:matplotlib.font_manager:findfont: Generic family 'sans-serif' not found because none of the following families were found: Readex Pro
WARNING:matplotlib.font_manager:findfont: Generic family 'sans-serif' not found because none of the following families were found: Readex Pro
WARNING:matplotlib.font_manager:findfont: Generic family 'sans-serif' not found because none of the following families were found: Readex Pro
WARNING:matplotlib.font_manager:findfont: Generic family 'sans-serif' not found because none of the following families were found: Readex Pro
WARNING:matplotlib.font_manager:findfont: Generic family 'sans-serif' not found because none of the following families were found: Readex Pro
WARNING:matplotlib.font_manager:findfont: Generic family 'sans-serif' not found because none of the following families were found: Readex Pro
WARNING:matplotlib.font_manager:findfont: Generic family 'sans-serif' not found because none of the following families were found: Readex Pro
WARNING:matplotlib.font_manager:findfont: Generic family 'sans-serif' not found because none of the following families were found: Readex Pro
WARNING:matplotlib.font_manager:findfont: Generic family 'sans-serif' not found because none of the following families were found: Readex Pro
WARNING:matplotlib.font_manager:findfont: Generic family 'sans-serif' not found because none of the following families were found: Readex Pro
WARNING:matplotlib.font_manager:findfont: Generic family 'sans-serif' not found because none of the following families were found: Readex Pro
WARNING:matplotlib.font_manager:findfont: Generic family 'sans-serif' not found because none of the following families were found: Readex Pro
WARNING:matplotlib.font_manager:findfont: Generic family 'sans-serif' not found because none of the following families were found: Readex Pro
WARNING:matplotlib.font_manager:findfont: Generic family 'sans-serif' not found because none of the following families were found: Readex Pro
WARNING:matplotlib.font_manager:findfont: Generic family 'sans-serif' not found because none of the following families were found: Readex Pro
WARNING:matplotlib.font_manager:findfont: Generic family 'sans-serif' not found because none of the following families were found: Readex Pro
WARNING:matplotlib.font_manager:findfont: Generic family 'sans-serif' not found because none of the following families were found: Readex Pro
WARNING:matplotlib.font_manager:findfont: Generic family 'sans-serif' not found because none of the following families were found: Readex Pro
WARNING:matplotlib.font_manager:findfont: Generic family 'sans-serif' not found because none of the following families were found: Readex Pro
WARNING:matplotlib.font_manager:findfont: Generic family 'sans-serif' not found because none of the following families were found: Readex Pro
WARNING:matplotlib.font_manager:findfont: Generic family 'sans-serif' not found because none of the following families were found: Readex Pro
WARNING:matplotlib.font_manager:findfont: Generic family 'sans-serif' not found because none of the following families were found: Readex Pro
WARNING:matplotlib.font_manager:findfont: Generic family 'sans-serif' not found because none of the following families were found: Readex Pro
WARNING:matplotlib.font_manager:findfont: Generic family 'sans-serif' not found because none of the following families were found: Readex Pro
WARNING:matplotlib.font_manager:findfont: Generic family 'sans-serif' not found because none of the following families were found: Readex Pro
WARNING:matplotlib.font_manager:findfont: Generic family 'sans-serif' not found because none of the following families were found: Readex Pro
WARNING:matplotlib.font_manager:findfont: Generic family 'sans-serif' not found because none of the following families were found: Readex Pro
WARNING:matplotlib.font_manager:findfont: Generic family 'sans-serif' not found because none of the following families were found: Readex Pro
WARNING:matplotlib.font_manager:findfont: Generic family 'sans-serif' not found because none of the following families were found: Readex Pro
WARNING:matplotlib.font_manager:findfont: Generic family 'sans-serif' not found because none of the following families were found: Readex Pro
WARNING:matplotlib.font_manager:findfont: Generic family 'sans-serif' not found because none of the following families were found: Readex Pro
WARNING:matplotlib.font_manager:findfont: Generic family 'sans-serif' not found because none of the following families were found: Readex Pro
WARNING:matplotlib.font_manager:findfont: Generic family 'sans-serif' not found because none of the following families were found: Readex Pro
WARNING:matplotlib.font_manager:findfont: Generic family 'sans-serif' not found because none of the following families were found: Readex Pro
WARNING:matplotlib.font_manager:findfont: Generic family 'sans-serif' not found because none of the following families were found: Readex Pro
WARNING:matplotlib.font_manager:findfont: Generic family 'sans-serif' not found because none of the following families were found: Readex Pro
WARNING:matplotlib.font_manager:findfont: Generic family 'sans-serif' not found because none of the following families were found: Readex Pro
WARNING:matplotlib.font_manager:findfont: Generic family 'sans-serif' not found because none of the following families were found: Readex Pro
WARNING:matplotlib.font_manager:findfont: Generic family 'sans-serif' not found because none of the following families were found: Readex Pro
WARNING:matplotlib.font_manager:findfont: Generic family 'sans-serif' not found because none of the following families were found: Readex Pro
WARNING:matplotlib.font_manager:findfont: Generic family 'sans-serif' not found because none of the following families were found: Readex Pro
WARNING:matplotlib.font_manager:findfont: Generic family 'sans-serif' not found because none of the following families were found: Readex Pro
WARNING:matplotlib.font_manager:findfont: Generic family 'sans-serif' not found because none of the following families were found: Readex Pro
WARNING:matplotlib.font_manager:findfont: Generic family 'sans-serif' not found because none of the following families were found: Readex Pro
WARNING:matplotlib.font_manager:findfont: Generic family 'sans-serif' not found because none of the following families were found: Readex Pro
WARNING:matplotlib.font_manager:findfont: Generic family 'sans-serif' not found because none of the following families were found: Readex Pro
WARNING:matplotlib.font_manager:findfont: Generic family 'sans-serif' not found because none of the following families were found: Readex Pro
WARNING:matplotlib.font_manager:findfont: Generic family 'sans-serif' not found because none of the following families were found: Readex Pro
WARNING:matplotlib.font_manager:findfont: Generic family 'sans-serif' not found because none of the following families were found: Readex Pro
WARNING:matplotlib.font_manager:findfont: Generic family 'sans-serif' not found because none of the following families were found: Readex Pro
WARNING:matplotlib.font_manager:findfont: Generic family 'sans-serif' not found because none of the following families were found: Readex Pro
WARNING:matplotlib.font_manager:findfont: Generic family 'sans-serif' not found because none of the following families were found: Readex Pro
WARNING:matplotlib.font_manager:findfont: Generic family 'sans-serif' not found because none of the following families were found: Readex Pro
WARNING:matplotlib.font_manager:findfont: Generic family 'sans-serif' not found because none of the following families were found: Readex Pro
WARNING:matplotlib.font_manager:findfont: Generic family 'sans-serif' not found because none of the following families were found: Readex Pro
WARNING:matplotlib.font_manager:findfont: Generic family 'sans-serif' not found because none of the following families were found: Readex Pro
WARNING:matplotlib.font_manager:findfont: Generic family 'sans-serif' not found because none of the following families were found: Readex Pro
WARNING:matplotlib.font_manager:findfont: Generic family 'sans-serif' not found because none of the following families were found: Readex Pro
WARNING:matplotlib.font_manager:findfont: Generic family 'sans-serif' not found because none of the following families were found: Readex Pro
WARNING:matplotlib.font_manager:findfont: Generic family 'sans-serif' not found because none of the following families were found: Readex Pro
WARNING:matplotlib.font_manager:findfont: Generic family 'sans-serif' not found because none of the following families were found: Readex Pro
WARNING:matplotlib.font_manager:findfont: Generic family 'sans-serif' not found because none of the following families were found: Readex Pro
WARNING:matplotlib.font_manager:findfont: Generic family 'sans-serif' not found because none of the following families were found: Readex Pro
WARNING:matplotlib.font_manager:findfont: Generic family 'sans-serif' not found because none of the following families were found: Readex Pro
WARNING:matplotlib.font_manager:findfont: Generic family 'sans-serif' not found because none of the following families were found: Readex Pro
WARNING:matplotlib.font_manager:findfont: Generic family 'sans-serif' not found because none of the following families were found: Readex Pro
WARNING:matplotlib.font_manager:findfont: Generic family 'sans-serif' not found because none of the following families were found: Readex Pro
WARNING:matplotlib.font_manager:findfont: Generic family 'sans-serif' not found because none of the following families were found: Readex Pro
WARNING:matplotlib.font_manager:findfont: Generic family 'sans-serif' not found because none of the following families were found: Readex Pro
WARNING:matplotlib.font_manager:findfont: Generic family 'sans-serif' not found because none of the following families were found: Readex Pro
WARNING:matplotlib.font_manager:findfont: Generic family 'sans-serif' not found because none of the following families were found: Readex Pro
WARNING:matplotlib.font_manager:findfont: Generic family 'sans-serif' not found because none of the following families were found: Readex Pro
WARNING:matplotlib.font_manager:findfont: Generic family 'sans-serif' not found because none of the following families were found: Readex Pro
WARNING:matplotlib.font_manager:findfont: Generic family 'sans-serif' not found because none of the following families were found: Readex Pro
WARNING:matplotlib.font_manager:findfont: Generic family 'sans-serif' not found because none of the following families were found: Readex Pro
WARNING:matplotlib.font_manager:findfont: Generic family 'sans-serif' not found because none of the following families were found: Readex Pro
WARNING:matplotlib.font_manager:findfont: Generic family 'sans-serif' not found because none of the following families were found: Readex Pro
WARNING:matplotlib.font_manager:findfont: Generic family 'sans-serif' not found because none of the following families were found: Readex Pro
WARNING:matplotlib.font_manager:findfont: Generic family 'sans-serif' not found because none of the following families were found: Readex Pro
WARNING:matplotlib.font_manager:findfont: Generic family 'sans-serif' not found because none of the following families were found: Readex Pro
WARNING:matplotlib.font_manager:findfont: Generic family 'sans-serif' not found because none of the following families were found: Readex Pro
WARNING:matplotlib.font_manager:findfont: Generic family 'sans-serif' not found because none of the following families were found: Readex Pro
WARNING:matplotlib.font_manager:findfont: Generic family 'sans-serif' not found because none of the following families were found: Readex Pro
WARNING:matplotlib.font_manager:findfont: Generic family 'sans-serif' not found because none of the following families were found: Readex Pro
WARNING:matplotlib.font_manager:findfont: Generic family 'sans-serif' not found because none of the following families were found: Readex Pro
WARNING:matplotlib.font_manager:findfont: Generic family 'sans-serif' not found because none of the following families were found: Readex Pro
WARNING:matplotlib.font_manager:findfont: Generic family 'sans-serif' not found because none of the following families were found: Readex Pro
WARNING:matplotlib.font_manager:findfont: Generic family 'sans-serif' not found because none of the following families were found: Readex Pro
WARNING:matplotlib.font_manager:findfont: Generic family 'sans-serif' not found because none of the following families were found: Readex Pro
WARNING:matplotlib.font_manager:findfont: Generic family 'sans-serif' not found because none of the following families were found: Readex Pro
WARNING:matplotlib.font_manager:findfont: Generic family 'sans-serif' not found because none of the following families were found: Readex Pro
WARNING:matplotlib.font_manager:findfont: Generic family 'sans-serif' not found because none of the following families were found: Readex Pro
WARNING:matplotlib.font_manager:findfont: Generic family 'sans-serif' not found because none of the following families were found: Readex Pro
WARNING:matplotlib.font_manager:findfont: Generic family 'sans-serif' not found because none of the following families were found: Readex Pro
[0m
[32mSaving model evaluation...[0m
[32mGenerating training graphs...[0m
[33mTotal time: 01:59:28[0m
[35mEverything done![0m
