2023-01-28 23:44:19.786802: I tensorflow/core/platform/cpu_feature_guard.cc:193] This TensorFlow binary is optimized with oneAPI Deep Neural Network Library (oneDNN) to use the following CPU instructions in performance-critical operations:  AVX2 FMA
To enable them in other operations, rebuild TensorFlow with the appropriate compiler flags.
2023-01-28 23:44:26.761278: W tensorflow/compiler/xla/stream_executor/platform/default/dso_loader.cc:64] Could not load dynamic library 'libnvinfer.so.7'; dlerror: libnvinfer.so.7: cannot open shared object file: No such file or directory
2023-01-28 23:44:26.761922: W tensorflow/compiler/xla/stream_executor/platform/default/dso_loader.cc:64] Could not load dynamic library 'libnvinfer_plugin.so.7'; dlerror: libnvinfer_plugin.so.7: cannot open shared object file: No such file or directory
2023-01-28 23:44:26.761942: W tensorflow/compiler/tf2tensorrt/utils/py_utils.cc:38] TF-TRT Warning: Cannot dlopen some TensorRT libraries. If you would like to use Nvidia GPU with TensorRT, please make sure the missing libraries mentioned above are installed properly.
Matplotlib created a temporary config/cache directory at /tmp/matplotlib-sxmt8oxz because the default path (/home/cristec/.config/matplotlib) is not a writable directory; it is highly recommended to set the MPLCONFIGDIR environment variable to a writable directory, in particular to speed up the import of Matplotlib and to better support multiprocessing.
2023-01-28 23:44:37.943704: I tensorflow/core/platform/cpu_feature_guard.cc:193] This TensorFlow binary is optimized with oneAPI Deep Neural Network Library (oneDNN) to use the following CPU instructions in performance-critical operations:  AVX2 FMA
To enable them in other operations, rebuild TensorFlow with the appropriate compiler flags.
2023-01-28 23:44:40.873617: I tensorflow/core/common_runtime/gpu/gpu_device.cc:1613] Created device /job:localhost/replica:0/task:0/device:GPU:0 with 7414 MB memory:  -> device: 0, name: Quadro M4000, pci bus id: 0000:03:00.0, compute capability: 5.2
2023-01-28 23:44:40.878086: I tensorflow/core/common_runtime/gpu/gpu_device.cc:1613] Created device /job:localhost/replica:0/task:0/device:GPU:1 with 7425 MB memory:  -> device: 1, name: Quadro M4000, pci bus id: 0000:04:00.0, compute capability: 5.2
WARNING:tensorflow:From /shared_storage/cristec/conda/envs/ML/lib/python3.10/site-packages/tensorflow/python/autograph/pyct/static_analysis/liveness.py:83: Analyzer.lamba_check (from tensorflow.python.autograph.pyct.static_analysis.liveness) is deprecated and will be removed after 2023-09-23.
Instructions for updating:
Lambda fuctions will be no more assumed to be used in the statement where they are used, or at least in the same block. https://github.com/tensorflow/tensorflow/issues/56089
[35mStarting script...[0m
[32mLoading train dataset...[0m
Found 50000 files belonging to 1 classes.
[32mLoading test dataset...[0m
Found 10000 files belonging to 1 classes.
[32mCreating model...[0m
[32mTraining model...[0m
[36m
Epoch 1/1000
2023-01-28 23:45:22.571555: E tensorflow/core/grappler/optimizers/meta_optimizer.cc:954] layout failed: INVALID_ARGUMENT: Size of values 0 does not match size of permutation 4 @ fanin shape inUNet/unet_down_0/u_net2d_convolution_block/dropout/dropout/SelectV2-2-TransposeNHWCToNCHW-LayoutOptimizer
2023-01-28 23:46:10.638812: I tensorflow/compiler/xla/stream_executor/cuda/cuda_dnn.cc:428] Loaded cuDNN version 8101
2023-01-28 23:46:11.031610: I tensorflow/compiler/xla/stream_executor/cuda/cuda_dnn.cc:428] Loaded cuDNN version 8101
2023-01-28 23:46:11.521041: I tensorflow/tsl/platform/default/subprocess.cc:304] Start cannot spawn child process: No such file or directory
2023-01-28 23:46:15.958760: I tensorflow/compiler/xla/service/service.cc:173] XLA service 0x7f353600e470 initialized for platform CUDA (this does not guarantee that XLA will be used). Devices:
2023-01-28 23:46:15.958802: I tensorflow/compiler/xla/service/service.cc:181]   StreamExecutor device (0): Quadro M4000, Compute Capability 5.2
2023-01-28 23:46:15.958811: I tensorflow/compiler/xla/service/service.cc:181]   StreamExecutor device (1): Quadro M4000, Compute Capability 5.2
2023-01-28 23:46:16.035764: I tensorflow/compiler/mlir/tensorflow/utils/dump_mlir_util.cc:268] disabling MLIR crash reproducer, set env var `MLIR_CRASH_REPRODUCER_DIRECTORY` to enable.
2023-01-28 23:46:16.669940: I tensorflow/tsl/platform/default/subprocess.cc:304] Start cannot spawn child process: No such file or directory
2023-01-28 23:46:16.771349: I tensorflow/compiler/jit/xla_compilation_cache.cc:477] Compiled cluster using XLA!  This line is logged at most once for the lifetime of the process.

Epoch 1: val_loss improved from inf to 0.02537, saving model to models/model_2023.01.28_23:44
WARNING:absl:Found untraced functions such as _jit_compiled_convolution_op, conv2d_layer_call_fn, conv2d_layer_call_and_return_conditional_losses, _jit_compiled_convolution_op, leaky_re_lu_layer_call_fn while saving (showing 5 of 241). These functions will not be directly callable after loading.
196/196 - 1343s - loss: 0.0176 - psnr: 19.8383 - ssim: 0.4925 - val_loss: 0.0254 - val_psnr: 16.7087 - val_ssim: 0.6140 - lr: 0.0100 - 1343s/epoch - 7s/step
Epoch 2/1000

Epoch 2: val_loss improved from 0.02537 to 0.01300, saving model to models/model_2023.01.28_23:44
WARNING:absl:Found untraced functions such as _jit_compiled_convolution_op, conv2d_layer_call_fn, conv2d_layer_call_and_return_conditional_losses, _jit_compiled_convolution_op, leaky_re_lu_layer_call_fn while saving (showing 5 of 241). These functions will not be directly callable after loading.
196/196 - 75s - loss: 0.0050 - psnr: 23.4205 - ssim: 0.6851 - val_loss: 0.0130 - val_psnr: 19.6015 - val_ssim: 0.7665 - lr: 0.0100 - 75s/epoch - 384ms/step
Epoch 3/1000

Epoch 3: val_loss improved from 0.01300 to 0.00631, saving model to models/model_2023.01.28_23:44
WARNING:absl:Found untraced functions such as _jit_compiled_convolution_op, conv2d_layer_call_fn, conv2d_layer_call_and_return_conditional_losses, _jit_compiled_convolution_op, leaky_re_lu_layer_call_fn while saving (showing 5 of 241). These functions will not be directly callable after loading.
196/196 - 75s - loss: 0.0040 - psnr: 24.4050 - ssim: 0.7416 - val_loss: 0.0063 - val_psnr: 22.6563 - val_ssim: 0.8511 - lr: 0.0100 - 75s/epoch - 383ms/step
Epoch 4/1000

Epoch 4: val_loss improved from 0.00631 to 0.00571, saving model to models/model_2023.01.28_23:44
WARNING:absl:Found untraced functions such as _jit_compiled_convolution_op, conv2d_layer_call_fn, conv2d_layer_call_and_return_conditional_losses, _jit_compiled_convolution_op, leaky_re_lu_layer_call_fn while saving (showing 5 of 241). These functions will not be directly callable after loading.
196/196 - 75s - loss: 0.0036 - psnr: 24.9206 - ssim: 0.7621 - val_loss: 0.0057 - val_psnr: 23.1360 - val_ssim: 0.8657 - lr: 0.0100 - 75s/epoch - 384ms/step
Epoch 5/1000

Epoch 5: val_loss improved from 0.00571 to 0.00526, saving model to models/model_2023.01.28_23:44
WARNING:absl:Found untraced functions such as _jit_compiled_convolution_op, conv2d_layer_call_fn, conv2d_layer_call_and_return_conditional_losses, _jit_compiled_convolution_op, leaky_re_lu_layer_call_fn while saving (showing 5 of 241). These functions will not be directly callable after loading.
196/196 - 75s - loss: 0.0031 - psnr: 25.4681 - ssim: 0.7648 - val_loss: 0.0053 - val_psnr: 23.3787 - val_ssim: 0.8842 - lr: 0.0100 - 75s/epoch - 382ms/step
Epoch 6/1000

Epoch 6: val_loss improved from 0.00526 to 0.00369, saving model to models/model_2023.01.28_23:44
WARNING:absl:Found untraced functions such as _jit_compiled_convolution_op, conv2d_layer_call_fn, conv2d_layer_call_and_return_conditional_losses, _jit_compiled_convolution_op, leaky_re_lu_layer_call_fn while saving (showing 5 of 241). These functions will not be directly callable after loading.
196/196 - 75s - loss: 0.0028 - psnr: 25.8247 - ssim: 0.7741 - val_loss: 0.0037 - val_psnr: 24.8467 - val_ssim: 0.8992 - lr: 0.0100 - 75s/epoch - 382ms/step
Epoch 7/1000

Epoch 7: val_loss improved from 0.00369 to 0.00312, saving model to models/model_2023.01.28_23:44
WARNING:absl:Found untraced functions such as _jit_compiled_convolution_op, conv2d_layer_call_fn, conv2d_layer_call_and_return_conditional_losses, _jit_compiled_convolution_op, leaky_re_lu_layer_call_fn while saving (showing 5 of 241). These functions will not be directly callable after loading.
196/196 - 75s - loss: 0.0027 - psnr: 26.0390 - ssim: 0.7807 - val_loss: 0.0031 - val_psnr: 25.4337 - val_ssim: 0.9046 - lr: 0.0100 - 75s/epoch - 384ms/step
Epoch 8/1000

Epoch 8: val_loss improved from 0.00312 to 0.00293, saving model to models/model_2023.01.28_23:44
WARNING:absl:Found untraced functions such as _jit_compiled_convolution_op, conv2d_layer_call_fn, conv2d_layer_call_and_return_conditional_losses, _jit_compiled_convolution_op, leaky_re_lu_layer_call_fn while saving (showing 5 of 241). These functions will not be directly callable after loading.
196/196 - 75s - loss: 0.0026 - psnr: 26.2086 - ssim: 0.7858 - val_loss: 0.0029 - val_psnr: 25.7089 - val_ssim: 0.9112 - lr: 0.0100 - 75s/epoch - 384ms/step
Epoch 9/1000

Epoch 9: val_loss did not improve from 0.00293
196/196 - 54s - loss: 0.0025 - psnr: 26.3282 - ssim: 0.7896 - val_loss: 0.0035 - val_psnr: 24.8541 - val_ssim: 0.9067 - lr: 0.0100 - 54s/epoch - 275ms/step
Epoch 10/1000

Epoch 10: val_loss did not improve from 0.00293
196/196 - 54s - loss: 0.0025 - psnr: 26.4220 - ssim: 0.7926 - val_loss: 0.0033 - val_psnr: 25.1529 - val_ssim: 0.9122 - lr: 0.0100 - 54s/epoch - 274ms/step
Epoch 11/1000

Epoch 11: val_loss improved from 0.00293 to 0.00291, saving model to models/model_2023.01.28_23:44
WARNING:absl:Found untraced functions such as _jit_compiled_convolution_op, conv2d_layer_call_fn, conv2d_layer_call_and_return_conditional_losses, _jit_compiled_convolution_op, leaky_re_lu_layer_call_fn while saving (showing 5 of 241). These functions will not be directly callable after loading.
196/196 - 75s - loss: 0.0024 - psnr: 26.5020 - ssim: 0.7950 - val_loss: 0.0029 - val_psnr: 25.7138 - val_ssim: 0.9186 - lr: 0.0100 - 75s/epoch - 382ms/step
Epoch 12/1000

Epoch 12: val_loss did not improve from 0.00291
196/196 - 54s - loss: 0.0024 - psnr: 26.5707 - ssim: 0.7970 - val_loss: 0.0030 - val_psnr: 25.6507 - val_ssim: 0.9209 - lr: 0.0100 - 54s/epoch - 275ms/step
Epoch 13/1000

Epoch 13: val_loss improved from 0.00291 to 0.00255, saving model to models/model_2023.01.28_23:44
WARNING:absl:Found untraced functions such as _jit_compiled_convolution_op, conv2d_layer_call_fn, conv2d_layer_call_and_return_conditional_losses, _jit_compiled_convolution_op, leaky_re_lu_layer_call_fn while saving (showing 5 of 241). These functions will not be directly callable after loading.
196/196 - 75s - loss: 0.0024 - psnr: 26.6313 - ssim: 0.7988 - val_loss: 0.0026 - val_psnr: 26.3305 - val_ssim: 0.9253 - lr: 0.0100 - 75s/epoch - 383ms/step
Epoch 14/1000

Epoch 14: val_loss did not improve from 0.00255
196/196 - 54s - loss: 0.0023 - psnr: 26.6843 - ssim: 0.8003 - val_loss: 0.0026 - val_psnr: 26.3611 - val_ssim: 0.9275 - lr: 0.0100 - 54s/epoch - 273ms/step
Epoch 15/1000

Epoch 15: val_loss improved from 0.00255 to 0.00219, saving model to models/model_2023.01.28_23:44
WARNING:absl:Found untraced functions such as _jit_compiled_convolution_op, conv2d_layer_call_fn, conv2d_layer_call_and_return_conditional_losses, _jit_compiled_convolution_op, leaky_re_lu_layer_call_fn while saving (showing 5 of 241). These functions will not be directly callable after loading.
196/196 - 75s - loss: 0.0023 - psnr: 26.7309 - ssim: 0.8018 - val_loss: 0.0022 - val_psnr: 27.0413 - val_ssim: 0.9314 - lr: 0.0100 - 75s/epoch - 385ms/step
Epoch 16/1000

Epoch 16: val_loss improved from 0.00219 to 0.00192, saving model to models/model_2023.01.28_23:44
WARNING:absl:Found untraced functions such as _jit_compiled_convolution_op, conv2d_layer_call_fn, conv2d_layer_call_and_return_conditional_losses, _jit_compiled_convolution_op, leaky_re_lu_layer_call_fn while saving (showing 5 of 241). These functions will not be directly callable after loading.
196/196 - 75s - loss: 0.0023 - psnr: 26.7808 - ssim: 0.8031 - val_loss: 0.0019 - val_psnr: 27.6113 - val_ssim: 0.9340 - lr: 0.0100 - 75s/epoch - 384ms/step
Epoch 17/1000

Epoch 17: val_loss did not improve from 0.00192
196/196 - 54s - loss: 0.0023 - psnr: 26.8229 - ssim: 0.8044 - val_loss: 0.0020 - val_psnr: 27.4743 - val_ssim: 0.9349 - lr: 0.0100 - 54s/epoch - 274ms/step
Epoch 18/1000

Epoch 18: val_loss improved from 0.00192 to 0.00169, saving model to models/model_2023.01.28_23:44
WARNING:absl:Found untraced functions such as _jit_compiled_convolution_op, conv2d_layer_call_fn, conv2d_layer_call_and_return_conditional_losses, _jit_compiled_convolution_op, leaky_re_lu_layer_call_fn while saving (showing 5 of 241). These functions will not be directly callable after loading.
196/196 - 75s - loss: 0.0022 - psnr: 26.8675 - ssim: 0.8057 - val_loss: 0.0017 - val_psnr: 28.2317 - val_ssim: 0.9372 - lr: 0.0100 - 75s/epoch - 383ms/step
Epoch 19/1000

Epoch 19: val_loss improved from 0.00169 to 0.00153, saving model to models/model_2023.01.28_23:44
WARNING:absl:Found untraced functions such as _jit_compiled_convolution_op, conv2d_layer_call_fn, conv2d_layer_call_and_return_conditional_losses, _jit_compiled_convolution_op, leaky_re_lu_layer_call_fn while saving (showing 5 of 241). These functions will not be directly callable after loading.
196/196 - 75s - loss: 0.0022 - psnr: 26.9087 - ssim: 0.8069 - val_loss: 0.0015 - val_psnr: 28.6992 - val_ssim: 0.9377 - lr: 0.0100 - 75s/epoch - 385ms/step
Epoch 20/1000

Epoch 20: val_loss improved from 0.00153 to 0.00114, saving model to models/model_2023.01.28_23:44
WARNING:absl:Found untraced functions such as _jit_compiled_convolution_op, conv2d_layer_call_fn, conv2d_layer_call_and_return_conditional_losses, _jit_compiled_convolution_op, leaky_re_lu_layer_call_fn while saving (showing 5 of 241). These functions will not be directly callable after loading.
196/196 - 75s - loss: 0.0022 - psnr: 26.9357 - ssim: 0.8082 - val_loss: 0.0011 - val_psnr: 29.9415 - val_ssim: 0.9395 - lr: 0.0100 - 75s/epoch - 384ms/step
Epoch 21/1000

Epoch 21: val_loss improved from 0.00114 to 0.00108, saving model to models/model_2023.01.28_23:44
WARNING:absl:Found untraced functions such as _jit_compiled_convolution_op, conv2d_layer_call_fn, conv2d_layer_call_and_return_conditional_losses, _jit_compiled_convolution_op, leaky_re_lu_layer_call_fn while saving (showing 5 of 241). These functions will not be directly callable after loading.
196/196 - 75s - loss: 0.0022 - psnr: 26.9783 - ssim: 0.8096 - val_loss: 0.0011 - val_psnr: 30.1461 - val_ssim: 0.9394 - lr: 0.0100 - 75s/epoch - 382ms/step
Epoch 22/1000

Epoch 22: val_loss did not improve from 0.00108
196/196 - 53s - loss: 0.0022 - psnr: 27.0248 - ssim: 0.8110 - val_loss: 0.0012 - val_psnr: 29.6794 - val_ssim: 0.9393 - lr: 0.0100 - 53s/epoch - 273ms/step
Epoch 23/1000

Epoch 23: val_loss did not improve from 0.00108
196/196 - 54s - loss: 0.0021 - psnr: 27.0617 - ssim: 0.8123 - val_loss: 0.0013 - val_psnr: 29.5321 - val_ssim: 0.9390 - lr: 0.0100 - 54s/epoch - 276ms/step
Epoch 24/1000

Epoch 24: val_loss did not improve from 0.00108
196/196 - 54s - loss: 0.0021 - psnr: 27.1003 - ssim: 0.8134 - val_loss: 0.0014 - val_psnr: 29.1899 - val_ssim: 0.9390 - lr: 0.0100 - 54s/epoch - 275ms/step
Epoch 25/1000

Epoch 25: val_loss did not improve from 0.00108
196/196 - 54s - loss: 0.0021 - psnr: 27.1263 - ssim: 0.8144 - val_loss: 0.0015 - val_psnr: 28.8250 - val_ssim: 0.9386 - lr: 0.0100 - 54s/epoch - 274ms/step
Epoch 26/1000

Epoch 26: val_loss did not improve from 0.00108
196/196 - 54s - loss: 0.0021 - psnr: 27.1586 - ssim: 0.8153 - val_loss: 0.0016 - val_psnr: 28.6861 - val_ssim: 0.9387 - lr: 0.0100 - 54s/epoch - 277ms/step
Epoch 27/1000

Epoch 27: val_loss did not improve from 0.00108
196/196 - 54s - loss: 0.0021 - psnr: 27.1871 - ssim: 0.8162 - val_loss: 0.0018 - val_psnr: 28.1503 - val_ssim: 0.9382 - lr: 0.0100 - 54s/epoch - 275ms/step
Epoch 28/1000

Epoch 28: val_loss did not improve from 0.00108
196/196 - 54s - loss: 0.0021 - psnr: 27.2205 - ssim: 0.8171 - val_loss: 0.0018 - val_psnr: 28.2838 - val_ssim: 0.9388 - lr: 0.0100 - 54s/epoch - 276ms/step
Epoch 29/1000

Epoch 29: val_loss did not improve from 0.00108
196/196 - 54s - loss: 0.0020 - psnr: 27.2484 - ssim: 0.8178 - val_loss: 0.0020 - val_psnr: 27.8797 - val_ssim: 0.9391 - lr: 0.0100 - 54s/epoch - 275ms/step
Epoch 30/1000

Epoch 30: val_loss did not improve from 0.00108
196/196 - 54s - loss: 0.0020 - psnr: 27.2720 - ssim: 0.8184 - val_loss: 0.0020 - val_psnr: 28.0155 - val_ssim: 0.9400 - lr: 0.0100 - 54s/epoch - 274ms/step
Epoch 31/1000

Epoch 31: val_loss did not improve from 0.00108
196/196 - 54s - loss: 0.0020 - psnr: 27.3015 - ssim: 0.8192 - val_loss: 0.0019 - val_psnr: 28.1605 - val_ssim: 0.9408 - lr: 0.0100 - 54s/epoch - 274ms/step
Epoch 32/1000

Epoch 32: val_loss did not improve from 0.00108
196/196 - 53s - loss: 0.0020 - psnr: 27.3301 - ssim: 0.8198 - val_loss: 0.0021 - val_psnr: 27.6705 - val_ssim: 0.9407 - lr: 0.0100 - 53s/epoch - 273ms/step
Epoch 33/1000

Epoch 33: val_loss did not improve from 0.00108
196/196 - 54s - loss: 0.0020 - psnr: 27.3553 - ssim: 0.8204 - val_loss: 0.0022 - val_psnr: 27.5000 - val_ssim: 0.9412 - lr: 0.0100 - 54s/epoch - 276ms/step
Epoch 34/1000

Epoch 34: val_loss did not improve from 0.00108
196/196 - 54s - loss: 0.0020 - psnr: 27.3736 - ssim: 0.8210 - val_loss: 0.0020 - val_psnr: 27.9646 - val_ssim: 0.9414 - lr: 0.0100 - 54s/epoch - 274ms/step
Epoch 35/1000

Epoch 35: val_loss did not improve from 0.00108
196/196 - 54s - loss: 0.0020 - psnr: 27.3951 - ssim: 0.8215 - val_loss: 0.0022 - val_psnr: 27.6676 - val_ssim: 0.9417 - lr: 0.0100 - 54s/epoch - 273ms/step
Epoch 36/1000

Epoch 36: val_loss did not improve from 0.00108
196/196 - 54s - loss: 0.0020 - psnr: 27.4149 - ssim: 0.8221 - val_loss: 0.0023 - val_psnr: 27.4545 - val_ssim: 0.9423 - lr: 0.0100 - 54s/epoch - 274ms/step
Epoch 37/1000

Epoch 37: val_loss did not improve from 0.00108
196/196 - 54s - loss: 0.0020 - psnr: 27.4368 - ssim: 0.8226 - val_loss: 0.0020 - val_psnr: 27.9688 - val_ssim: 0.9427 - lr: 0.0100 - 54s/epoch - 274ms/step
Epoch 38/1000

Epoch 38: val_loss did not improve from 0.00108
196/196 - 53s - loss: 0.0020 - psnr: 27.4564 - ssim: 0.8230 - val_loss: 0.0021 - val_psnr: 27.8514 - val_ssim: 0.9431 - lr: 0.0100 - 53s/epoch - 272ms/step
Epoch 39/1000

Epoch 39: ReduceLROnPlateau reducing learning rate to 0.0019999999552965165.

Epoch 39: val_loss did not improve from 0.00108
196/196 - 54s - loss: 0.0019 - psnr: 27.4717 - ssim: 0.8235 - val_loss: 0.0021 - val_psnr: 27.8481 - val_ssim: 0.9436 - lr: 0.0100 - 54s/epoch - 275ms/step
Epoch 40/1000

Epoch 40: val_loss improved from 0.00108 to 0.00088, saving model to models/model_2023.01.28_23:44
WARNING:absl:Found untraced functions such as _jit_compiled_convolution_op, conv2d_layer_call_fn, conv2d_layer_call_and_return_conditional_losses, _jit_compiled_convolution_op, leaky_re_lu_layer_call_fn while saving (showing 5 of 241). These functions will not be directly callable after loading.
196/196 - 75s - loss: 0.0018 - psnr: 27.6984 - ssim: 0.8252 - val_loss: 8.7540e-04 - val_psnr: 31.0693 - val_ssim: 0.9493 - lr: 0.0020 - 75s/epoch - 385ms/step
Epoch 41/1000

Epoch 41: val_loss did not improve from 0.00088
196/196 - 54s - loss: 0.0018 - psnr: 27.7173 - ssim: 0.8255 - val_loss: 8.7770e-04 - val_psnr: 31.0643 - val_ssim: 0.9494 - lr: 0.0020 - 54s/epoch - 274ms/step
Epoch 42/1000

Epoch 42: val_loss improved from 0.00088 to 0.00085, saving model to models/model_2023.01.28_23:44
WARNING:absl:Found untraced functions such as _jit_compiled_convolution_op, conv2d_layer_call_fn, conv2d_layer_call_and_return_conditional_losses, _jit_compiled_convolution_op, leaky_re_lu_layer_call_fn while saving (showing 5 of 241). These functions will not be directly callable after loading.
196/196 - 75s - loss: 0.0018 - psnr: 27.7218 - ssim: 0.8257 - val_loss: 8.4990e-04 - val_psnr: 31.1992 - val_ssim: 0.9497 - lr: 0.0020 - 75s/epoch - 385ms/step
Epoch 43/1000

Epoch 43: val_loss did not improve from 0.00085
196/196 - 54s - loss: 0.0018 - psnr: 27.7272 - ssim: 0.8259 - val_loss: 8.6258e-04 - val_psnr: 31.1380 - val_ssim: 0.9497 - lr: 0.0020 - 54s/epoch - 274ms/step
Epoch 44/1000

Epoch 44: val_loss did not improve from 0.00085
196/196 - 54s - loss: 0.0018 - psnr: 27.7325 - ssim: 0.8261 - val_loss: 8.8952e-04 - val_psnr: 31.0240 - val_ssim: 0.9497 - lr: 0.0020 - 54s/epoch - 274ms/step
Epoch 45/1000

Epoch 45: val_loss did not improve from 0.00085
196/196 - 54s - loss: 0.0018 - psnr: 27.7383 - ssim: 0.8262 - val_loss: 9.2440e-04 - val_psnr: 30.8706 - val_ssim: 0.9498 - lr: 0.0020 - 54s/epoch - 274ms/step
Epoch 46/1000

Epoch 46: val_loss did not improve from 0.00085
196/196 - 54s - loss: 0.0018 - psnr: 27.7402 - ssim: 0.8264 - val_loss: 8.8223e-04 - val_psnr: 31.0556 - val_ssim: 0.9498 - lr: 0.0020 - 54s/epoch - 275ms/step
Epoch 47/1000

Epoch 47: val_loss did not improve from 0.00085
196/196 - 54s - loss: 0.0018 - psnr: 27.7459 - ssim: 0.8265 - val_loss: 8.9111e-04 - val_psnr: 31.0176 - val_ssim: 0.9499 - lr: 0.0020 - 54s/epoch - 274ms/step
Epoch 48/1000

Epoch 48: val_loss did not improve from 0.00085
196/196 - 54s - loss: 0.0018 - psnr: 27.7511 - ssim: 0.8267 - val_loss: 8.6154e-04 - val_psnr: 31.1562 - val_ssim: 0.9499 - lr: 0.0020 - 54s/epoch - 274ms/step
Epoch 49/1000

Epoch 49: val_loss did not improve from 0.00085
196/196 - 54s - loss: 0.0018 - psnr: 27.7535 - ssim: 0.8267 - val_loss: 9.3879e-04 - val_psnr: 30.8103 - val_ssim: 0.9501 - lr: 0.0020 - 54s/epoch - 274ms/step
Epoch 50/1000

Epoch 50: val_loss did not improve from 0.00085
196/196 - 53s - loss: 0.0018 - psnr: 27.7574 - ssim: 0.8269 - val_loss: 8.8862e-04 - val_psnr: 31.0356 - val_ssim: 0.9500 - lr: 0.0020 - 53s/epoch - 272ms/step
Epoch 51/1000

Epoch 51: val_loss did not improve from 0.00085
196/196 - 54s - loss: 0.0018 - psnr: 27.7626 - ssim: 0.8270 - val_loss: 8.8158e-04 - val_psnr: 31.0741 - val_ssim: 0.9501 - lr: 0.0020 - 54s/epoch - 274ms/step
Epoch 52/1000

Epoch 52: val_loss did not improve from 0.00085
196/196 - 54s - loss: 0.0018 - psnr: 27.7647 - ssim: 0.8270 - val_loss: 8.9538e-04 - val_psnr: 31.0120 - val_ssim: 0.9502 - lr: 0.0020 - 54s/epoch - 275ms/step
Epoch 53/1000

Epoch 53: val_loss did not improve from 0.00085
196/196 - 54s - loss: 0.0018 - psnr: 27.7704 - ssim: 0.8272 - val_loss: 9.0500e-04 - val_psnr: 30.9623 - val_ssim: 0.9500 - lr: 0.0020 - 54s/epoch - 274ms/step
Epoch 54/1000

Epoch 54: val_loss did not improve from 0.00085
196/196 - 54s - loss: 0.0018 - psnr: 27.7745 - ssim: 0.8273 - val_loss: 9.2142e-04 - val_psnr: 30.8966 - val_ssim: 0.9500 - lr: 0.0020 - 54s/epoch - 274ms/step
Epoch 55/1000

Epoch 55: val_loss did not improve from 0.00085
196/196 - 54s - loss: 0.0018 - psnr: 27.7790 - ssim: 0.8274 - val_loss: 9.0387e-04 - val_psnr: 30.9740 - val_ssim: 0.9501 - lr: 0.0020 - 54s/epoch - 274ms/step
Epoch 56/1000

Epoch 56: val_loss did not improve from 0.00085
196/196 - 54s - loss: 0.0018 - psnr: 27.7825 - ssim: 0.8275 - val_loss: 9.4403e-04 - val_psnr: 30.8136 - val_ssim: 0.9502 - lr: 0.0020 - 54s/epoch - 274ms/step
Epoch 57/1000

Epoch 57: val_loss did not improve from 0.00085
196/196 - 54s - loss: 0.0018 - psnr: 27.7850 - ssim: 0.8276 - val_loss: 9.3753e-04 - val_psnr: 30.8409 - val_ssim: 0.9504 - lr: 0.0020 - 54s/epoch - 276ms/step
Epoch 58/1000

Epoch 58: val_loss did not improve from 0.00085
196/196 - 54s - loss: 0.0018 - psnr: 27.7891 - ssim: 0.8278 - val_loss: 9.6271e-04 - val_psnr: 30.7334 - val_ssim: 0.9500 - lr: 0.0020 - 54s/epoch - 276ms/step
Epoch 59/1000

Epoch 59: val_loss did not improve from 0.00085
196/196 - 54s - loss: 0.0018 - psnr: 27.7936 - ssim: 0.8278 - val_loss: 9.0190e-04 - val_psnr: 31.0005 - val_ssim: 0.9503 - lr: 0.0020 - 54s/epoch - 273ms/step
Epoch 60/1000

Epoch 60: val_loss did not improve from 0.00085
196/196 - 54s - loss: 0.0018 - psnr: 27.7973 - ssim: 0.8280 - val_loss: 9.0600e-04 - val_psnr: 30.9679 - val_ssim: 0.9502 - lr: 0.0020 - 54s/epoch - 274ms/step
Epoch 61/1000

Epoch 61: val_loss did not improve from 0.00085
196/196 - 54s - loss: 0.0018 - psnr: 27.8030 - ssim: 0.8282 - val_loss: 9.4880e-04 - val_psnr: 30.7897 - val_ssim: 0.9501 - lr: 0.0020 - 54s/epoch - 273ms/step
Epoch 62/1000

Epoch 62: val_loss did not improve from 0.00085
196/196 - 54s - loss: 0.0018 - psnr: 27.8079 - ssim: 0.8283 - val_loss: 9.4755e-04 - val_psnr: 30.8011 - val_ssim: 0.9503 - lr: 0.0020 - 54s/epoch - 273ms/step
Epoch 63/1000

Epoch 63: val_loss did not improve from 0.00085
196/196 - 54s - loss: 0.0018 - psnr: 27.8126 - ssim: 0.8284 - val_loss: 9.7384e-04 - val_psnr: 30.6979 - val_ssim: 0.9501 - lr: 0.0020 - 54s/epoch - 275ms/step
Epoch 64/1000

Epoch 64: val_loss did not improve from 0.00085
196/196 - 54s - loss: 0.0018 - psnr: 27.8153 - ssim: 0.8286 - val_loss: 9.5315e-04 - val_psnr: 30.7762 - val_ssim: 0.9501 - lr: 0.0020 - 54s/epoch - 273ms/step
Epoch 65/1000

Epoch 65: val_loss did not improve from 0.00085
196/196 - 54s - loss: 0.0018 - psnr: 27.8190 - ssim: 0.8287 - val_loss: 9.9150e-04 - val_psnr: 30.6158 - val_ssim: 0.9499 - lr: 0.0020 - 54s/epoch - 274ms/step
Epoch 66/1000

Epoch 66: val_loss did not improve from 0.00085
196/196 - 54s - loss: 0.0018 - psnr: 27.8250 - ssim: 0.8288 - val_loss: 9.8207e-04 - val_psnr: 30.6599 - val_ssim: 0.9498 - lr: 0.0020 - 54s/epoch - 276ms/step
Epoch 67/1000

Epoch 67: val_loss did not improve from 0.00085
196/196 - 54s - loss: 0.0018 - psnr: 27.8281 - ssim: 0.8290 - val_loss: 9.9999e-04 - val_psnr: 30.5881 - val_ssim: 0.9499 - lr: 0.0020 - 54s/epoch - 273ms/step
Epoch 68/1000

Epoch 68: ReduceLROnPlateau reducing learning rate to 0.0003999999724328518.

Epoch 68: val_loss did not improve from 0.00085
196/196 - 54s - loss: 0.0018 - psnr: 27.8328 - ssim: 0.8291 - val_loss: 9.4449e-04 - val_psnr: 30.8055 - val_ssim: 0.9499 - lr: 0.0020 - 54s/epoch - 274ms/step
Epoch 69/1000

Epoch 69: val_loss improved from 0.00085 to 0.00073, saving model to models/model_2023.01.28_23:44
WARNING:absl:Found untraced functions such as _jit_compiled_convolution_op, conv2d_layer_call_fn, conv2d_layer_call_and_return_conditional_losses, _jit_compiled_convolution_op, leaky_re_lu_layer_call_fn while saving (showing 5 of 241). These functions will not be directly callable after loading.
196/196 - 76s - loss: 0.0018 - psnr: 27.8916 - ssim: 0.8296 - val_loss: 7.3495e-04 - val_psnr: 31.8085 - val_ssim: 0.9511 - lr: 4.0000e-04 - 76s/epoch - 385ms/step
Epoch 70/1000

Epoch 70: val_loss improved from 0.00073 to 0.00073, saving model to models/model_2023.01.28_23:44
WARNING:absl:Found untraced functions such as _jit_compiled_convolution_op, conv2d_layer_call_fn, conv2d_layer_call_and_return_conditional_losses, _jit_compiled_convolution_op, leaky_re_lu_layer_call_fn while saving (showing 5 of 241). These functions will not be directly callable after loading.
196/196 - 75s - loss: 0.0018 - psnr: 27.8944 - ssim: 0.8296 - val_loss: 7.3422e-04 - val_psnr: 31.8127 - val_ssim: 0.9510 - lr: 4.0000e-04 - 75s/epoch - 384ms/step
Epoch 71/1000

Epoch 71: val_loss improved from 0.00073 to 0.00072, saving model to models/model_2023.01.28_23:44
WARNING:absl:Found untraced functions such as _jit_compiled_convolution_op, conv2d_layer_call_fn, conv2d_layer_call_and_return_conditional_losses, _jit_compiled_convolution_op, leaky_re_lu_layer_call_fn while saving (showing 5 of 241). These functions will not be directly callable after loading.
196/196 - 75s - loss: 0.0018 - psnr: 27.8965 - ssim: 0.8297 - val_loss: 7.2379e-04 - val_psnr: 31.8674 - val_ssim: 0.9511 - lr: 4.0000e-04 - 75s/epoch - 384ms/step
Epoch 72/1000

Epoch 72: val_loss did not improve from 0.00072
196/196 - 54s - loss: 0.0018 - psnr: 27.8966 - ssim: 0.8297 - val_loss: 7.2666e-04 - val_psnr: 31.8545 - val_ssim: 0.9510 - lr: 4.0000e-04 - 54s/epoch - 274ms/step
Epoch 73/1000

Epoch 73: val_loss improved from 0.00072 to 0.00072, saving model to models/model_2023.01.28_23:44
WARNING:absl:Found untraced functions such as _jit_compiled_convolution_op, conv2d_layer_call_fn, conv2d_layer_call_and_return_conditional_losses, _jit_compiled_convolution_op, leaky_re_lu_layer_call_fn while saving (showing 5 of 241). These functions will not be directly callable after loading.
196/196 - 75s - loss: 0.0018 - psnr: 27.8971 - ssim: 0.8297 - val_loss: 7.2365e-04 - val_psnr: 31.8682 - val_ssim: 0.9511 - lr: 4.0000e-04 - 75s/epoch - 384ms/step
Epoch 74/1000

Epoch 74: val_loss did not improve from 0.00072
196/196 - 54s - loss: 0.0018 - psnr: 27.9001 - ssim: 0.8298 - val_loss: 7.2711e-04 - val_psnr: 31.8491 - val_ssim: 0.9510 - lr: 4.0000e-04 - 54s/epoch - 273ms/step
Epoch 75/1000

Epoch 75: val_loss improved from 0.00072 to 0.00071, saving model to models/model_2023.01.28_23:44
WARNING:absl:Found untraced functions such as _jit_compiled_convolution_op, conv2d_layer_call_fn, conv2d_layer_call_and_return_conditional_losses, _jit_compiled_convolution_op, leaky_re_lu_layer_call_fn while saving (showing 5 of 241). These functions will not be directly callable after loading.
196/196 - 75s - loss: 0.0018 - psnr: 27.9002 - ssim: 0.8297 - val_loss: 7.1486e-04 - val_psnr: 31.9186 - val_ssim: 0.9511 - lr: 4.0000e-04 - 75s/epoch - 382ms/step
Epoch 76/1000

Epoch 76: val_loss did not improve from 0.00071
196/196 - 54s - loss: 0.0018 - psnr: 27.8997 - ssim: 0.8298 - val_loss: 7.2133e-04 - val_psnr: 31.8832 - val_ssim: 0.9511 - lr: 4.0000e-04 - 54s/epoch - 274ms/step
Epoch 77/1000

Epoch 77: val_loss did not improve from 0.00071
196/196 - 54s - loss: 0.0017 - psnr: 27.9029 - ssim: 0.8299 - val_loss: 7.2491e-04 - val_psnr: 31.8620 - val_ssim: 0.9511 - lr: 4.0000e-04 - 54s/epoch - 275ms/step
Epoch 78/1000

Epoch 78: val_loss did not improve from 0.00071
196/196 - 53s - loss: 0.0017 - psnr: 27.9024 - ssim: 0.8299 - val_loss: 7.2751e-04 - val_psnr: 31.8467 - val_ssim: 0.9510 - lr: 4.0000e-04 - 53s/epoch - 273ms/step
Epoch 79/1000

Epoch 79: val_loss did not improve from 0.00071
196/196 - 54s - loss: 0.0017 - psnr: 27.9030 - ssim: 0.8299 - val_loss: 7.2163e-04 - val_psnr: 31.8769 - val_ssim: 0.9510 - lr: 4.0000e-04 - 54s/epoch - 275ms/step
Epoch 80/1000

Epoch 80: val_loss did not improve from 0.00071
196/196 - 54s - loss: 0.0017 - psnr: 27.9068 - ssim: 0.8300 - val_loss: 7.3699e-04 - val_psnr: 31.7976 - val_ssim: 0.9510 - lr: 4.0000e-04 - 54s/epoch - 275ms/step
Epoch 81/1000

Epoch 81: val_loss did not improve from 0.00071
196/196 - 54s - loss: 0.0017 - psnr: 27.9063 - ssim: 0.8300 - val_loss: 7.2292e-04 - val_psnr: 31.8698 - val_ssim: 0.9510 - lr: 4.0000e-04 - 54s/epoch - 274ms/step
Epoch 82/1000

Epoch 82: val_loss did not improve from 0.00071
196/196 - 54s - loss: 0.0017 - psnr: 27.9079 - ssim: 0.8300 - val_loss: 7.2563e-04 - val_psnr: 31.8565 - val_ssim: 0.9510 - lr: 4.0000e-04 - 54s/epoch - 275ms/step
Epoch 83/1000

Epoch 83: val_loss did not improve from 0.00071
196/196 - 53s - loss: 0.0017 - psnr: 27.9068 - ssim: 0.8300 - val_loss: 7.2475e-04 - val_psnr: 31.8614 - val_ssim: 0.9510 - lr: 4.0000e-04 - 53s/epoch - 273ms/step
Epoch 84/1000

Epoch 84: val_loss did not improve from 0.00071
196/196 - 54s - loss: 0.0017 - psnr: 27.9095 - ssim: 0.8301 - val_loss: 7.3872e-04 - val_psnr: 31.7854 - val_ssim: 0.9509 - lr: 4.0000e-04 - 54s/epoch - 275ms/step
Epoch 85/1000

Epoch 85: val_loss did not improve from 0.00071
196/196 - 54s - loss: 0.0017 - psnr: 27.9097 - ssim: 0.8301 - val_loss: 7.2786e-04 - val_psnr: 31.8444 - val_ssim: 0.9509 - lr: 4.0000e-04 - 54s/epoch - 273ms/step
Epoch 86/1000

Epoch 86: val_loss did not improve from 0.00071
196/196 - 53s - loss: 0.0017 - psnr: 27.9118 - ssim: 0.8301 - val_loss: 7.2903e-04 - val_psnr: 31.8356 - val_ssim: 0.9510 - lr: 4.0000e-04 - 53s/epoch - 273ms/step
Epoch 87/1000

Epoch 87: val_loss did not improve from 0.00071
196/196 - 54s - loss: 0.0017 - psnr: 27.9125 - ssim: 0.8301 - val_loss: 7.1963e-04 - val_psnr: 31.8876 - val_ssim: 0.9510 - lr: 4.0000e-04 - 54s/epoch - 274ms/step
Epoch 88/1000

Epoch 88: val_loss did not improve from 0.00071
196/196 - 54s - loss: 0.0017 - psnr: 27.9121 - ssim: 0.8301 - val_loss: 7.2306e-04 - val_psnr: 31.8682 - val_ssim: 0.9510 - lr: 4.0000e-04 - 54s/epoch - 274ms/step
Epoch 89/1000

Epoch 89: val_loss did not improve from 0.00071
196/196 - 53s - loss: 0.0017 - psnr: 27.9134 - ssim: 0.8301 - val_loss: 7.1809e-04 - val_psnr: 31.8964 - val_ssim: 0.9510 - lr: 4.0000e-04 - 53s/epoch - 273ms/step
Epoch 90/1000

Epoch 90: val_loss did not improve from 0.00071
196/196 - 54s - loss: 0.0017 - psnr: 27.9160 - ssim: 0.8303 - val_loss: 7.2127e-04 - val_psnr: 31.8789 - val_ssim: 0.9510 - lr: 4.0000e-04 - 54s/epoch - 274ms/step
Epoch 91/1000

Epoch 91: val_loss did not improve from 0.00071
196/196 - 53s - loss: 0.0017 - psnr: 27.9171 - ssim: 0.8302 - val_loss: 7.2059e-04 - val_psnr: 31.8828 - val_ssim: 0.9510 - lr: 4.0000e-04 - 53s/epoch - 272ms/step
Epoch 92/1000

Epoch 92: val_loss did not improve from 0.00071
196/196 - 54s - loss: 0.0017 - psnr: 27.9159 - ssim: 0.8302 - val_loss: 7.2724e-04 - val_psnr: 31.8446 - val_ssim: 0.9510 - lr: 4.0000e-04 - 54s/epoch - 275ms/step
Epoch 93/1000

Epoch 93: val_loss did not improve from 0.00071
196/196 - 53s - loss: 0.0017 - psnr: 27.9196 - ssim: 0.8302 - val_loss: 7.2699e-04 - val_psnr: 31.8480 - val_ssim: 0.9510 - lr: 4.0000e-04 - 53s/epoch - 272ms/step
Epoch 94/1000

Epoch 94: val_loss did not improve from 0.00071
196/196 - 54s - loss: 0.0017 - psnr: 27.9200 - ssim: 0.8303 - val_loss: 7.2812e-04 - val_psnr: 31.8395 - val_ssim: 0.9509 - lr: 4.0000e-04 - 54s/epoch - 274ms/step
Epoch 95/1000

Epoch 95: val_loss did not improve from 0.00071
196/196 - 55s - loss: 0.0017 - psnr: 27.9204 - ssim: 0.8303 - val_loss: 7.1989e-04 - val_psnr: 31.8810 - val_ssim: 0.9510 - lr: 4.0000e-04 - 55s/epoch - 280ms/step
Epoch 96/1000

Epoch 96: val_loss improved from 0.00071 to 0.00071, saving model to models/model_2023.01.28_23:44
WARNING:absl:Found untraced functions such as _jit_compiled_convolution_op, conv2d_layer_call_fn, conv2d_layer_call_and_return_conditional_losses, _jit_compiled_convolution_op, leaky_re_lu_layer_call_fn while saving (showing 5 of 241). These functions will not be directly callable after loading.
196/196 - 74s - loss: 0.0017 - psnr: 27.9205 - ssim: 0.8303 - val_loss: 7.1324e-04 - val_psnr: 31.9211 - val_ssim: 0.9510 - lr: 4.0000e-04 - 74s/epoch - 378ms/step
Epoch 97/1000

Epoch 97: ReduceLROnPlateau reducing learning rate to 7.999999215826393e-05.

Epoch 97: val_loss did not improve from 0.00071
196/196 - 54s - loss: 0.0017 - psnr: 27.9223 - ssim: 0.8304 - val_loss: 7.2928e-04 - val_psnr: 31.8327 - val_ssim: 0.9510 - lr: 4.0000e-04 - 54s/epoch - 275ms/step
Epoch 98/1000

Epoch 98: val_loss did not improve from 0.00071
196/196 - 54s - loss: 0.0017 - psnr: 27.9387 - ssim: 0.8304 - val_loss: 7.7340e-04 - val_psnr: 31.5966 - val_ssim: 0.9515 - lr: 8.0000e-05 - 54s/epoch - 274ms/step
Epoch 99/1000

Epoch 99: val_loss did not improve from 0.00071
196/196 - 54s - loss: 0.0017 - psnr: 27.9395 - ssim: 0.8304 - val_loss: 7.7148e-04 - val_psnr: 31.6056 - val_ssim: 0.9515 - lr: 8.0000e-05 - 54s/epoch - 275ms/step
Epoch 100/1000

Epoch 100: val_loss did not improve from 0.00071
196/196 - 54s - loss: 0.0017 - psnr: 27.9399 - ssim: 0.8304 - val_loss: 7.7279e-04 - val_psnr: 31.5979 - val_ssim: 0.9515 - lr: 8.0000e-05 - 54s/epoch - 277ms/step
Epoch 101/1000

Epoch 101: val_loss did not improve from 0.00071
196/196 - 53s - loss: 0.0017 - psnr: 27.9403 - ssim: 0.8305 - val_loss: 7.7003e-04 - val_psnr: 31.6125 - val_ssim: 0.9515 - lr: 8.0000e-05 - 53s/epoch - 273ms/step
Epoch 102/1000

Epoch 102: val_loss did not improve from 0.00071
196/196 - 54s - loss: 0.0017 - psnr: 27.9419 - ssim: 0.8305 - val_loss: 7.7480e-04 - val_psnr: 31.5875 - val_ssim: 0.9515 - lr: 8.0000e-05 - 54s/epoch - 274ms/step
Epoch 103/1000

Epoch 103: val_loss did not improve from 0.00071
196/196 - 54s - loss: 0.0017 - psnr: 27.9407 - ssim: 0.8305 - val_loss: 7.7783e-04 - val_psnr: 31.5721 - val_ssim: 0.9515 - lr: 8.0000e-05 - 54s/epoch - 273ms/step
Epoch 104/1000

Epoch 104: val_loss did not improve from 0.00071
196/196 - 53s - loss: 0.0017 - psnr: 27.9419 - ssim: 0.8305 - val_loss: 7.7690e-04 - val_psnr: 31.5764 - val_ssim: 0.9515 - lr: 8.0000e-05 - 53s/epoch - 273ms/step
Epoch 105/1000

Epoch 105: val_loss did not improve from 0.00071
196/196 - 54s - loss: 0.0017 - psnr: 27.9419 - ssim: 0.8305 - val_loss: 7.7580e-04 - val_psnr: 31.5826 - val_ssim: 0.9515 - lr: 8.0000e-05 - 54s/epoch - 275ms/step
Epoch 106/1000

Epoch 106: val_loss did not improve from 0.00071
196/196 - 54s - loss: 0.0017 - psnr: 27.9416 - ssim: 0.8304 - val_loss: 7.6938e-04 - val_psnr: 31.6179 - val_ssim: 0.9515 - lr: 8.0000e-05 - 54s/epoch - 275ms/step
Epoch 107/1000

Epoch 107: val_loss did not improve from 0.00071
196/196 - 54s - loss: 0.0017 - psnr: 27.9413 - ssim: 0.8305 - val_loss: 7.7225e-04 - val_psnr: 31.6010 - val_ssim: 0.9515 - lr: 8.0000e-05 - 54s/epoch - 273ms/step
Epoch 108/1000

Epoch 108: val_loss did not improve from 0.00071
196/196 - 54s - loss: 0.0017 - psnr: 27.9424 - ssim: 0.8305 - val_loss: 7.7715e-04 - val_psnr: 31.5764 - val_ssim: 0.9515 - lr: 8.0000e-05 - 54s/epoch - 273ms/step
Epoch 109/1000

Epoch 109: val_loss did not improve from 0.00071
196/196 - 54s - loss: 0.0017 - psnr: 27.9408 - ssim: 0.8304 - val_loss: 7.7008e-04 - val_psnr: 31.6121 - val_ssim: 0.9515 - lr: 8.0000e-05 - 54s/epoch - 275ms/step
Epoch 110/1000

Epoch 110: val_loss did not improve from 0.00071
196/196 - 54s - loss: 0.0017 - psnr: 27.9407 - ssim: 0.8304 - val_loss: 7.7407e-04 - val_psnr: 31.5921 - val_ssim: 0.9515 - lr: 8.0000e-05 - 54s/epoch - 275ms/step
Epoch 111/1000

Epoch 111: val_loss did not improve from 0.00071
196/196 - 53s - loss: 0.0017 - psnr: 27.9423 - ssim: 0.8304 - val_loss: 7.7780e-04 - val_psnr: 31.5717 - val_ssim: 0.9515 - lr: 8.0000e-05 - 53s/epoch - 272ms/step
Epoch 112/1000

Epoch 112: val_loss did not improve from 0.00071
196/196 - 54s - loss: 0.0017 - psnr: 27.9422 - ssim: 0.8305 - val_loss: 7.7323e-04 - val_psnr: 31.5965 - val_ssim: 0.9515 - lr: 8.0000e-05 - 54s/epoch - 273ms/step
Epoch 113/1000

Epoch 113: val_loss did not improve from 0.00071
196/196 - 54s - loss: 0.0017 - psnr: 27.9421 - ssim: 0.8305 - val_loss: 7.7641e-04 - val_psnr: 31.5817 - val_ssim: 0.9515 - lr: 8.0000e-05 - 54s/epoch - 273ms/step
Epoch 114/1000

Epoch 114: val_loss did not improve from 0.00071
196/196 - 54s - loss: 0.0017 - psnr: 27.9424 - ssim: 0.8304 - val_loss: 7.7689e-04 - val_psnr: 31.5777 - val_ssim: 0.9515 - lr: 8.0000e-05 - 54s/epoch - 273ms/step
Epoch 115/1000

Epoch 115: val_loss did not improve from 0.00071
196/196 - 53s - loss: 0.0017 - psnr: 27.9445 - ssim: 0.8305 - val_loss: 7.7174e-04 - val_psnr: 31.6060 - val_ssim: 0.9515 - lr: 8.0000e-05 - 53s/epoch - 273ms/step
Epoch 116/1000

Epoch 116: val_loss did not improve from 0.00071
196/196 - 54s - loss: 0.0017 - psnr: 27.9423 - ssim: 0.8305 - val_loss: 7.7674e-04 - val_psnr: 31.5794 - val_ssim: 0.9515 - lr: 8.0000e-05 - 54s/epoch - 276ms/step
Epoch 117/1000

Epoch 117: val_loss did not improve from 0.00071
196/196 - 53s - loss: 0.0017 - psnr: 27.9422 - ssim: 0.8305 - val_loss: 7.7610e-04 - val_psnr: 31.5836 - val_ssim: 0.9515 - lr: 8.0000e-05 - 53s/epoch - 273ms/step
Epoch 118/1000

Epoch 118: val_loss did not improve from 0.00071
196/196 - 54s - loss: 0.0017 - psnr: 27.9439 - ssim: 0.8305 - val_loss: 7.7477e-04 - val_psnr: 31.5883 - val_ssim: 0.9515 - lr: 8.0000e-05 - 54s/epoch - 273ms/step
Epoch 119/1000
Restoring model weights from the end of the best epoch: 69.

Epoch 119: val_loss did not improve from 0.00071
196/196 - 54s - loss: 0.0017 - psnr: 27.9450 - ssim: 0.8305 - val_loss: 7.7384e-04 - val_psnr: 31.5940 - val_ssim: 0.9515 - lr: 8.0000e-05 - 54s/epoch - 277ms/step
Epoch 119: early stopping
[0m
[32mSaving model architecture text summary...[0m
[32mSaving model training history...[0m
[32mEvaluating model...[0m
[36m
40/40 - 4s - loss: 7.3403e-04 - psnr: 31.8154 - ssim: 0.9511 - 4s/epoch - 107ms/step
WARNING:matplotlib.font_manager:findfont: Generic family 'sans-serif' not found because none of the following families were found: Readex Pro
WARNING:matplotlib.font_manager:findfont: Generic family 'sans-serif' not found because none of the following families were found: Readex Pro
WARNING:matplotlib.font_manager:findfont: Generic family 'sans-serif' not found because none of the following families were found: Readex Pro
WARNING:matplotlib.font_manager:findfont: Generic family 'sans-serif' not found because none of the following families were found: Readex Pro
WARNING:matplotlib.font_manager:findfont: Generic family 'sans-serif' not found because none of the following families were found: Readex Pro
WARNING:matplotlib.font_manager:findfont: Generic family 'sans-serif' not found because none of the following families were found: Readex Pro
WARNING:matplotlib.font_manager:findfont: Generic family 'sans-serif' not found because none of the following families were found: Readex Pro
WARNING:matplotlib.font_manager:findfont: Generic family 'sans-serif' not found because none of the following families were found: Readex Pro
WARNING:matplotlib.font_manager:findfont: Generic family 'sans-serif' not found because none of the following families were found: Readex Pro
WARNING:matplotlib.font_manager:findfont: Generic family 'sans-serif' not found because none of the following families were found: Readex Pro
WARNING:matplotlib.font_manager:findfont: Generic family 'sans-serif' not found because none of the following families were found: Readex Pro
WARNING:matplotlib.font_manager:findfont: Generic family 'sans-serif' not found because none of the following families were found: Readex Pro
WARNING:matplotlib.font_manager:findfont: Generic family 'sans-serif' not found because none of the following families were found: Readex Pro
WARNING:matplotlib.font_manager:findfont: Generic family 'sans-serif' not found because none of the following families were found: Readex Pro
WARNING:matplotlib.font_manager:findfont: Generic family 'sans-serif' not found because none of the following families were found: Readex Pro
WARNING:matplotlib.font_manager:findfont: Generic family 'sans-serif' not found because none of the following families were found: Readex Pro
WARNING:matplotlib.font_manager:findfont: Generic family 'sans-serif' not found because none of the following families were found: Readex Pro
WARNING:matplotlib.font_manager:findfont: Generic family 'sans-serif' not found because none of the following families were found: Readex Pro
WARNING:matplotlib.font_manager:findfont: Generic family 'sans-serif' not found because none of the following families were found: Readex Pro
WARNING:matplotlib.font_manager:findfont: Generic family 'sans-serif' not found because none of the following families were found: Readex Pro
WARNING:matplotlib.font_manager:findfont: Generic family 'sans-serif' not found because none of the following families were found: Readex Pro
WARNING:matplotlib.font_manager:findfont: Generic family 'sans-serif' not found because none of the following families were found: Readex Pro
WARNING:matplotlib.font_manager:findfont: Generic family 'sans-serif' not found because none of the following families were found: Readex Pro
WARNING:matplotlib.font_manager:findfont: Generic family 'sans-serif' not found because none of the following families were found: Readex Pro
WARNING:matplotlib.font_manager:findfont: Generic family 'sans-serif' not found because none of the following families were found: Readex Pro
WARNING:matplotlib.font_manager:findfont: Generic family 'sans-serif' not found because none of the following families were found: Readex Pro
WARNING:matplotlib.font_manager:findfont: Generic family 'sans-serif' not found because none of the following families were found: Readex Pro
WARNING:matplotlib.font_manager:findfont: Generic family 'sans-serif' not found because none of the following families were found: Readex Pro
WARNING:matplotlib.font_manager:findfont: Generic family 'sans-serif' not found because none of the following families were found: Readex Pro
WARNING:matplotlib.font_manager:findfont: Generic family 'sans-serif' not found because none of the following families were found: Readex Pro
WARNING:matplotlib.font_manager:findfont: Generic family 'sans-serif' not found because none of the following families were found: Readex Pro
WARNING:matplotlib.font_manager:findfont: Generic family 'sans-serif' not found because none of the following families were found: Readex Pro
WARNING:matplotlib.font_manager:findfont: Generic family 'sans-serif' not found because none of the following families were found: Readex Pro
WARNING:matplotlib.font_manager:findfont: Generic family 'sans-serif' not found because none of the following families were found: Readex Pro
WARNING:matplotlib.font_manager:findfont: Generic family 'sans-serif' not found because none of the following families were found: Readex Pro
WARNING:matplotlib.font_manager:findfont: Generic family 'sans-serif' not found because none of the following families were found: Readex Pro
WARNING:matplotlib.font_manager:findfont: Generic family 'sans-serif' not found because none of the following families were found: Readex Pro
WARNING:matplotlib.font_manager:findfont: Generic family 'sans-serif' not found because none of the following families were found: Readex Pro
WARNING:matplotlib.font_manager:findfont: Generic family 'sans-serif' not found because none of the following families were found: Readex Pro
WARNING:matplotlib.font_manager:findfont: Generic family 'sans-serif' not found because none of the following families were found: Readex Pro
WARNING:matplotlib.font_manager:findfont: Generic family 'sans-serif' not found because none of the following families were found: Readex Pro
WARNING:matplotlib.font_manager:findfont: Generic family 'sans-serif' not found because none of the following families were found: Readex Pro
WARNING:matplotlib.font_manager:findfont: Generic family 'sans-serif' not found because none of the following families were found: Readex Pro
WARNING:matplotlib.font_manager:findfont: Generic family 'sans-serif' not found because none of the following families were found: Readex Pro
WARNING:matplotlib.font_manager:findfont: Generic family 'sans-serif' not found because none of the following families were found: Readex Pro
WARNING:matplotlib.font_manager:findfont: Generic family 'sans-serif' not found because none of the following families were found: Readex Pro
WARNING:matplotlib.font_manager:findfont: Generic family 'sans-serif' not found because none of the following families were found: Readex Pro
WARNING:matplotlib.font_manager:findfont: Generic family 'sans-serif' not found because none of the following families were found: Readex Pro
WARNING:matplotlib.font_manager:findfont: Generic family 'sans-serif' not found because none of the following families were found: Readex Pro
WARNING:matplotlib.font_manager:findfont: Generic family 'sans-serif' not found because none of the following families were found: Readex Pro
WARNING:matplotlib.font_manager:findfont: Generic family 'sans-serif' not found because none of the following families were found: Readex Pro
WARNING:matplotlib.font_manager:findfont: Generic family 'sans-serif' not found because none of the following families were found: Readex Pro
WARNING:matplotlib.font_manager:findfont: Generic family 'sans-serif' not found because none of the following families were found: Readex Pro
WARNING:matplotlib.font_manager:findfont: Generic family 'sans-serif' not found because none of the following families were found: Readex Pro
WARNING:matplotlib.font_manager:findfont: Generic family 'sans-serif' not found because none of the following families were found: Readex Pro
WARNING:matplotlib.font_manager:findfont: Generic family 'sans-serif' not found because none of the following families were found: Readex Pro
WARNING:matplotlib.font_manager:findfont: Generic family 'sans-serif' not found because none of the following families were found: Readex Pro
WARNING:matplotlib.font_manager:findfont: Generic family 'sans-serif' not found because none of the following families were found: Readex Pro
WARNING:matplotlib.font_manager:findfont: Generic family 'sans-serif' not found because none of the following families were found: Readex Pro
WARNING:matplotlib.font_manager:findfont: Generic family 'sans-serif' not found because none of the following families were found: Readex Pro
WARNING:matplotlib.font_manager:findfont: Generic family 'sans-serif' not found because none of the following families were found: Readex Pro
WARNING:matplotlib.font_manager:findfont: Generic family 'sans-serif' not found because none of the following families were found: Readex Pro
WARNING:matplotlib.font_manager:findfont: Generic family 'sans-serif' not found because none of the following families were found: Readex Pro
WARNING:matplotlib.font_manager:findfont: Generic family 'sans-serif' not found because none of the following families were found: Readex Pro
WARNING:matplotlib.font_manager:findfont: Generic family 'sans-serif' not found because none of the following families were found: Readex Pro
WARNING:matplotlib.font_manager:findfont: Generic family 'sans-serif' not found because none of the following families were found: Readex Pro
WARNING:matplotlib.font_manager:findfont: Generic family 'sans-serif' not found because none of the following families were found: Readex Pro
WARNING:matplotlib.font_manager:findfont: Generic family 'sans-serif' not found because none of the following families were found: Readex Pro
WARNING:matplotlib.font_manager:findfont: Generic family 'sans-serif' not found because none of the following families were found: Readex Pro
WARNING:matplotlib.font_manager:findfont: Generic family 'sans-serif' not found because none of the following families were found: Readex Pro
WARNING:matplotlib.font_manager:findfont: Generic family 'sans-serif' not found because none of the following families were found: Readex Pro
WARNING:matplotlib.font_manager:findfont: Generic family 'sans-serif' not found because none of the following families were found: Readex Pro
WARNING:matplotlib.font_manager:findfont: Generic family 'sans-serif' not found because none of the following families were found: Readex Pro
WARNING:matplotlib.font_manager:findfont: Generic family 'sans-serif' not found because none of the following families were found: Readex Pro
WARNING:matplotlib.font_manager:findfont: Generic family 'sans-serif' not found because none of the following families were found: Readex Pro
WARNING:matplotlib.font_manager:findfont: Generic family 'sans-serif' not found because none of the following families were found: Readex Pro
WARNING:matplotlib.font_manager:findfont: Generic family 'sans-serif' not found because none of the following families were found: Readex Pro
WARNING:matplotlib.font_manager:findfont: Generic family 'sans-serif' not found because none of the following families were found: Readex Pro
WARNING:matplotlib.font_manager:findfont: Generic family 'sans-serif' not found because none of the following families were found: Readex Pro
WARNING:matplotlib.font_manager:findfont: Generic family 'sans-serif' not found because none of the following families were found: Readex Pro
WARNING:matplotlib.font_manager:findfont: Generic family 'sans-serif' not found because none of the following families were found: Readex Pro
WARNING:matplotlib.font_manager:findfont: Generic family 'sans-serif' not found because none of the following families were found: Readex Pro
WARNING:matplotlib.font_manager:findfont: Generic family 'sans-serif' not found because none of the following families were found: Readex Pro
WARNING:matplotlib.font_manager:findfont: Generic family 'sans-serif' not found because none of the following families were found: Readex Pro
WARNING:matplotlib.font_manager:findfont: Generic family 'sans-serif' not found because none of the following families were found: Readex Pro
WARNING:matplotlib.font_manager:findfont: Generic family 'sans-serif' not found because none of the following families were found: Readex Pro
WARNING:matplotlib.font_manager:findfont: Generic family 'sans-serif' not found because none of the following families were found: Readex Pro
WARNING:matplotlib.font_manager:findfont: Generic family 'sans-serif' not found because none of the following families were found: Readex Pro
WARNING:matplotlib.font_manager:findfont: Generic family 'sans-serif' not found because none of the following families were found: Readex Pro
WARNING:matplotlib.font_manager:findfont: Generic family 'sans-serif' not found because none of the following families were found: Readex Pro
WARNING:matplotlib.font_manager:findfont: Generic family 'sans-serif' not found because none of the following families were found: Readex Pro
WARNING:matplotlib.font_manager:findfont: Generic family 'sans-serif' not found because none of the following families were found: Readex Pro
WARNING:matplotlib.font_manager:findfont: Generic family 'sans-serif' not found because none of the following families were found: Readex Pro
WARNING:matplotlib.font_manager:findfont: Generic family 'sans-serif' not found because none of the following families were found: Readex Pro
WARNING:matplotlib.font_manager:findfont: Generic family 'sans-serif' not found because none of the following families were found: Readex Pro
WARNING:matplotlib.font_manager:findfont: Generic family 'sans-serif' not found because none of the following families were found: Readex Pro
WARNING:matplotlib.font_manager:findfont: Generic family 'sans-serif' not found because none of the following families were found: Readex Pro
WARNING:matplotlib.font_manager:findfont: Generic family 'sans-serif' not found because none of the following families were found: Readex Pro
WARNING:matplotlib.font_manager:findfont: Generic family 'sans-serif' not found because none of the following families were found: Readex Pro
WARNING:matplotlib.font_manager:findfont: Generic family 'sans-serif' not found because none of the following families were found: Readex Pro
WARNING:matplotlib.font_manager:findfont: Generic family 'sans-serif' not found because none of the following families were found: Readex Pro
WARNING:matplotlib.font_manager:findfont: Generic family 'sans-serif' not found because none of the following families were found: Readex Pro
WARNING:matplotlib.font_manager:findfont: Generic family 'sans-serif' not found because none of the following families were found: Readex Pro
WARNING:matplotlib.font_manager:findfont: Generic family 'sans-serif' not found because none of the following families were found: Readex Pro
WARNING:matplotlib.font_manager:findfont: Generic family 'sans-serif' not found because none of the following families were found: Readex Pro
WARNING:matplotlib.font_manager:findfont: Generic family 'sans-serif' not found because none of the following families were found: Readex Pro
WARNING:matplotlib.font_manager:findfont: Generic family 'sans-serif' not found because none of the following families were found: Readex Pro
WARNING:matplotlib.font_manager:findfont: Generic family 'sans-serif' not found because none of the following families were found: Readex Pro
WARNING:matplotlib.font_manager:findfont: Generic family 'sans-serif' not found because none of the following families were found: Readex Pro
WARNING:matplotlib.font_manager:findfont: Generic family 'sans-serif' not found because none of the following families were found: Readex Pro
WARNING:matplotlib.font_manager:findfont: Generic family 'sans-serif' not found because none of the following families were found: Readex Pro
WARNING:matplotlib.font_manager:findfont: Generic family 'sans-serif' not found because none of the following families were found: Readex Pro
WARNING:matplotlib.font_manager:findfont: Generic family 'sans-serif' not found because none of the following families were found: Readex Pro
WARNING:matplotlib.font_manager:findfont: Generic family 'sans-serif' not found because none of the following families were found: Readex Pro
WARNING:matplotlib.font_manager:findfont: Generic family 'sans-serif' not found because none of the following families were found: Readex Pro
WARNING:matplotlib.font_manager:findfont: Generic family 'sans-serif' not found because none of the following families were found: Readex Pro
WARNING:matplotlib.font_manager:findfont: Generic family 'sans-serif' not found because none of the following families were found: Readex Pro
WARNING:matplotlib.font_manager:findfont: Generic family 'sans-serif' not found because none of the following families were found: Readex Pro
WARNING:matplotlib.font_manager:findfont: Generic family 'sans-serif' not found because none of the following families were found: Readex Pro
WARNING:matplotlib.font_manager:findfont: Generic family 'sans-serif' not found because none of the following families were found: Readex Pro
WARNING:matplotlib.font_manager:findfont: Generic family 'sans-serif' not found because none of the following families were found: Readex Pro
WARNING:matplotlib.font_manager:findfont: Generic family 'sans-serif' not found because none of the following families were found: Readex Pro
WARNING:matplotlib.font_manager:findfont: Generic family 'sans-serif' not found because none of the following families were found: Readex Pro
WARNING:matplotlib.font_manager:findfont: Generic family 'sans-serif' not found because none of the following families were found: Readex Pro
WARNING:matplotlib.font_manager:findfont: Generic family 'sans-serif' not found because none of the following families were found: Readex Pro
WARNING:matplotlib.font_manager:findfont: Generic family 'sans-serif' not found because none of the following families were found: Readex Pro
WARNING:matplotlib.font_manager:findfont: Generic family 'sans-serif' not found because none of the following families were found: Readex Pro
WARNING:matplotlib.font_manager:findfont: Generic family 'sans-serif' not found because none of the following families were found: Readex Pro
WARNING:matplotlib.font_manager:findfont: Generic family 'sans-serif' not found because none of the following families were found: Readex Pro
WARNING:matplotlib.font_manager:findfont: Generic family 'sans-serif' not found because none of the following families were found: Readex Pro
WARNING:matplotlib.font_manager:findfont: Generic family 'sans-serif' not found because none of the following families were found: Readex Pro
WARNING:matplotlib.font_manager:findfont: Generic family 'sans-serif' not found because none of the following families were found: Readex Pro
WARNING:matplotlib.font_manager:findfont: Generic family 'sans-serif' not found because none of the following families were found: Readex Pro
WARNING:matplotlib.font_manager:findfont: Generic family 'sans-serif' not found because none of the following families were found: Readex Pro
WARNING:matplotlib.font_manager:findfont: Generic family 'sans-serif' not found because none of the following families were found: Readex Pro
WARNING:matplotlib.font_manager:findfont: Generic family 'sans-serif' not found because none of the following families were found: Readex Pro
WARNING:matplotlib.font_manager:findfont: Generic family 'sans-serif' not found because none of the following families were found: Readex Pro
WARNING:matplotlib.font_manager:findfont: Generic family 'sans-serif' not found because none of the following families were found: Readex Pro
WARNING:matplotlib.font_manager:findfont: Generic family 'sans-serif' not found because none of the following families were found: Readex Pro
WARNING:matplotlib.font_manager:findfont: Generic family 'sans-serif' not found because none of the following families were found: Readex Pro
WARNING:matplotlib.font_manager:findfont: Generic family 'sans-serif' not found because none of the following families were found: Readex Pro
WARNING:matplotlib.font_manager:findfont: Generic family 'sans-serif' not found because none of the following families were found: Readex Pro
WARNING:matplotlib.font_manager:findfont: Generic family 'sans-serif' not found because none of the following families were found: Readex Pro
WARNING:matplotlib.font_manager:findfont: Generic family 'sans-serif' not found because none of the following families were found: Readex Pro
WARNING:matplotlib.font_manager:findfont: Generic family 'sans-serif' not found because none of the following families were found: Readex Pro
WARNING:matplotlib.font_manager:findfont: Generic family 'sans-serif' not found because none of the following families were found: Readex Pro
WARNING:matplotlib.font_manager:findfont: Generic family 'sans-serif' not found because none of the following families were found: Readex Pro
WARNING:matplotlib.font_manager:findfont: Generic family 'sans-serif' not found because none of the following families were found: Readex Pro
WARNING:matplotlib.font_manager:findfont: Generic family 'sans-serif' not found because none of the following families were found: Readex Pro
WARNING:matplotlib.font_manager:findfont: Generic family 'sans-serif' not found because none of the following families were found: Readex Pro
WARNING:matplotlib.font_manager:findfont: Generic family 'sans-serif' not found because none of the following families were found: Readex Pro
WARNING:matplotlib.font_manager:findfont: Generic family 'sans-serif' not found because none of the following families were found: Readex Pro
WARNING:matplotlib.font_manager:findfont: Generic family 'sans-serif' not found because none of the following families were found: Readex Pro
WARNING:matplotlib.font_manager:findfont: Generic family 'sans-serif' not found because none of the following families were found: Readex Pro
WARNING:matplotlib.font_manager:findfont: Generic family 'sans-serif' not found because none of the following families were found: Readex Pro
WARNING:matplotlib.font_manager:findfont: Generic family 'sans-serif' not found because none of the following families were found: Readex Pro
WARNING:matplotlib.font_manager:findfont: Generic family 'sans-serif' not found because none of the following families were found: Readex Pro
WARNING:matplotlib.font_manager:findfont: Generic family 'sans-serif' not found because none of the following families were found: Readex Pro
WARNING:matplotlib.font_manager:findfont: Generic family 'sans-serif' not found because none of the following families were found: Readex Pro
WARNING:matplotlib.font_manager:findfont: Generic family 'sans-serif' not found because none of the following families were found: Readex Pro
WARNING:matplotlib.font_manager:findfont: Generic family 'sans-serif' not found because none of the following families were found: Readex Pro
WARNING:matplotlib.font_manager:findfont: Generic family 'sans-serif' not found because none of the following families were found: Readex Pro
WARNING:matplotlib.font_manager:findfont: Generic family 'sans-serif' not found because none of the following families were found: Readex Pro
WARNING:matplotlib.font_manager:findfont: Generic family 'sans-serif' not found because none of the following families were found: Readex Pro
WARNING:matplotlib.font_manager:findfont: Generic family 'sans-serif' not found because none of the following families were found: Readex Pro
WARNING:matplotlib.font_manager:findfont: Generic family 'sans-serif' not found because none of the following families were found: Readex Pro
WARNING:matplotlib.font_manager:findfont: Generic family 'sans-serif' not found because none of the following families were found: Readex Pro
WARNING:matplotlib.font_manager:findfont: Generic family 'sans-serif' not found because none of the following families were found: Readex Pro
WARNING:matplotlib.font_manager:findfont: Generic family 'sans-serif' not found because none of the following families were found: Readex Pro
WARNING:matplotlib.font_manager:findfont: Generic family 'sans-serif' not found because none of the following families were found: Readex Pro
WARNING:matplotlib.font_manager:findfont: Generic family 'sans-serif' not found because none of the following families were found: Readex Pro
WARNING:matplotlib.font_manager:findfont: Generic family 'sans-serif' not found because none of the following families were found: Readex Pro
WARNING:matplotlib.font_manager:findfont: Generic family 'sans-serif' not found because none of the following families were found: Readex Pro
WARNING:matplotlib.font_manager:findfont: Generic family 'sans-serif' not found because none of the following families were found: Readex Pro
WARNING:matplotlib.font_manager:findfont: Generic family 'sans-serif' not found because none of the following families were found: Readex Pro
WARNING:matplotlib.font_manager:findfont: Generic family 'sans-serif' not found because none of the following families were found: Readex Pro
WARNING:matplotlib.font_manager:findfont: Generic family 'sans-serif' not found because none of the following families were found: Readex Pro
WARNING:matplotlib.font_manager:findfont: Generic family 'sans-serif' not found because none of the following families were found: Readex Pro
WARNING:matplotlib.font_manager:findfont: Generic family 'sans-serif' not found because none of the following families were found: Readex Pro
WARNING:matplotlib.font_manager:findfont: Generic family 'sans-serif' not found because none of the following families were found: Readex Pro
WARNING:matplotlib.font_manager:findfont: Generic family 'sans-serif' not found because none of the following families were found: Readex Pro
WARNING:matplotlib.font_manager:findfont: Generic family 'sans-serif' not found because none of the following families were found: Readex Pro
WARNING:matplotlib.font_manager:findfont: Generic family 'sans-serif' not found because none of the following families were found: Readex Pro
WARNING:matplotlib.font_manager:findfont: Generic family 'sans-serif' not found because none of the following families were found: Readex Pro
WARNING:matplotlib.font_manager:findfont: Generic family 'sans-serif' not found because none of the following families were found: Readex Pro
WARNING:matplotlib.font_manager:findfont: Generic family 'sans-serif' not found because none of the following families were found: Readex Pro
WARNING:matplotlib.font_manager:findfont: Generic family 'sans-serif' not found because none of the following families were found: Readex Pro
WARNING:matplotlib.font_manager:findfont: Generic family 'sans-serif' not found because none of the following families were found: Readex Pro
WARNING:matplotlib.font_manager:findfont: Generic family 'sans-serif' not found because none of the following families were found: Readex Pro
WARNING:matplotlib.font_manager:findfont: Generic family 'sans-serif' not found because none of the following families were found: Readex Pro
WARNING:matplotlib.font_manager:findfont: Generic family 'sans-serif' not found because none of the following families were found: Readex Pro
WARNING:matplotlib.font_manager:findfont: Generic family 'sans-serif' not found because none of the following families were found: Readex Pro
WARNING:matplotlib.font_manager:findfont: Generic family 'sans-serif' not found because none of the following families were found: Readex Pro
WARNING:matplotlib.font_manager:findfont: Generic family 'sans-serif' not found because none of the following families were found: Readex Pro
WARNING:matplotlib.font_manager:findfont: Generic family 'sans-serif' not found because none of the following families were found: Readex Pro
WARNING:matplotlib.font_manager:findfont: Generic family 'sans-serif' not found because none of the following families were found: Readex Pro
WARNING:matplotlib.font_manager:findfont: Generic family 'sans-serif' not found because none of the following families were found: Readex Pro
WARNING:matplotlib.font_manager:findfont: Generic family 'sans-serif' not found because none of the following families were found: Readex Pro
WARNING:matplotlib.font_manager:findfont: Generic family 'sans-serif' not found because none of the following families were found: Readex Pro
WARNING:matplotlib.font_manager:findfont: Generic family 'sans-serif' not found because none of the following families were found: Readex Pro
WARNING:matplotlib.font_manager:findfont: Generic family 'sans-serif' not found because none of the following families were found: Readex Pro
WARNING:matplotlib.font_manager:findfont: Generic family 'sans-serif' not found because none of the following families were found: Readex Pro
WARNING:matplotlib.font_manager:findfont: Generic family 'sans-serif' not found because none of the following families were found: Readex Pro
WARNING:matplotlib.font_manager:findfont: Generic family 'sans-serif' not found because none of the following families were found: Readex Pro
WARNING:matplotlib.font_manager:findfont: Generic family 'sans-serif' not found because none of the following families were found: Readex Pro
WARNING:matplotlib.font_manager:findfont: Generic family 'sans-serif' not found because none of the following families were found: Readex Pro
WARNING:matplotlib.font_manager:findfont: Generic family 'sans-serif' not found because none of the following families were found: Readex Pro
WARNING:matplotlib.font_manager:findfont: Generic family 'sans-serif' not found because none of the following families were found: Readex Pro
WARNING:matplotlib.font_manager:findfont: Generic family 'sans-serif' not found because none of the following families were found: Readex Pro
WARNING:matplotlib.font_manager:findfont: Generic family 'sans-serif' not found because none of the following families were found: Readex Pro
WARNING:matplotlib.font_manager:findfont: Generic family 'sans-serif' not found because none of the following families were found: Readex Pro
WARNING:matplotlib.font_manager:findfont: Generic family 'sans-serif' not found because none of the following families were found: Readex Pro
WARNING:matplotlib.font_manager:findfont: Generic family 'sans-serif' not found because none of the following families were found: Readex Pro
WARNING:matplotlib.font_manager:findfont: Generic family 'sans-serif' not found because none of the following families were found: Readex Pro
WARNING:matplotlib.font_manager:findfont: Generic family 'sans-serif' not found because none of the following families were found: Readex Pro
WARNING:matplotlib.font_manager:findfont: Generic family 'sans-serif' not found because none of the following families were found: Readex Pro
WARNING:matplotlib.font_manager:findfont: Generic family 'sans-serif' not found because none of the following families were found: Readex Pro
WARNING:matplotlib.font_manager:findfont: Generic family 'sans-serif' not found because none of the following families were found: Readex Pro
WARNING:matplotlib.font_manager:findfont: Generic family 'sans-serif' not found because none of the following families were found: Readex Pro
WARNING:matplotlib.font_manager:findfont: Generic family 'sans-serif' not found because none of the following families were found: Readex Pro
WARNING:matplotlib.font_manager:findfont: Generic family 'sans-serif' not found because none of the following families were found: Readex Pro
WARNING:matplotlib.font_manager:findfont: Generic family 'sans-serif' not found because none of the following families were found: Readex Pro
WARNING:matplotlib.font_manager:findfont: Generic family 'sans-serif' not found because none of the following families were found: Readex Pro
WARNING:matplotlib.font_manager:findfont: Generic family 'sans-serif' not found because none of the following families were found: Readex Pro
WARNING:matplotlib.font_manager:findfont: Generic family 'sans-serif' not found because none of the following families were found: Readex Pro
WARNING:matplotlib.font_manager:findfont: Generic family 'sans-serif' not found because none of the following families were found: Readex Pro
WARNING:matplotlib.font_manager:findfont: Generic family 'sans-serif' not found because none of the following families were found: Readex Pro
WARNING:matplotlib.font_manager:findfont: Generic family 'sans-serif' not found because none of the following families were found: Readex Pro
WARNING:matplotlib.font_manager:findfont: Generic family 'sans-serif' not found because none of the following families were found: Readex Pro
WARNING:matplotlib.font_manager:findfont: Generic family 'sans-serif' not found because none of the following families were found: Readex Pro
WARNING:matplotlib.font_manager:findfont: Generic family 'sans-serif' not found because none of the following families were found: Readex Pro
WARNING:matplotlib.font_manager:findfont: Generic family 'sans-serif' not found because none of the following families were found: Readex Pro
WARNING:matplotlib.font_manager:findfont: Generic family 'sans-serif' not found because none of the following families were found: Readex Pro
WARNING:matplotlib.font_manager:findfont: Generic family 'sans-serif' not found because none of the following families were found: Readex Pro
WARNING:matplotlib.font_manager:findfont: Generic family 'sans-serif' not found because none of the following families were found: Readex Pro
WARNING:matplotlib.font_manager:findfont: Generic family 'sans-serif' not found because none of the following families were found: Readex Pro
WARNING:matplotlib.font_manager:findfont: Generic family 'sans-serif' not found because none of the following families were found: Readex Pro
WARNING:matplotlib.font_manager:findfont: Generic family 'sans-serif' not found because none of the following families were found: Readex Pro
WARNING:matplotlib.font_manager:findfont: Generic family 'sans-serif' not found because none of the following families were found: Readex Pro
WARNING:matplotlib.font_manager:findfont: Generic family 'sans-serif' not found because none of the following families were found: Readex Pro
WARNING:matplotlib.font_manager:findfont: Generic family 'sans-serif' not found because none of the following families were found: Readex Pro
WARNING:matplotlib.font_manager:findfont: Generic family 'sans-serif' not found because none of the following families were found: Readex Pro
WARNING:matplotlib.font_manager:findfont: Generic family 'sans-serif' not found because none of the following families were found: Readex Pro
WARNING:matplotlib.font_manager:findfont: Generic family 'sans-serif' not found because none of the following families were found: Readex Pro
WARNING:matplotlib.font_manager:findfont: Generic family 'sans-serif' not found because none of the following families were found: Readex Pro
WARNING:matplotlib.font_manager:findfont: Generic family 'sans-serif' not found because none of the following families were found: Readex Pro
WARNING:matplotlib.font_manager:findfont: Generic family 'sans-serif' not found because none of the following families were found: Readex Pro
WARNING:matplotlib.font_manager:findfont: Generic family 'sans-serif' not found because none of the following families were found: Readex Pro
WARNING:matplotlib.font_manager:findfont: Generic family 'sans-serif' not found because none of the following families were found: Readex Pro
WARNING:matplotlib.font_manager:findfont: Generic family 'sans-serif' not found because none of the following families were found: Readex Pro
WARNING:matplotlib.font_manager:findfont: Generic family 'sans-serif' not found because none of the following families were found: Readex Pro
WARNING:matplotlib.font_manager:findfont: Generic family 'sans-serif' not found because none of the following families were found: Readex Pro
WARNING:matplotlib.font_manager:findfont: Generic family 'sans-serif' not found because none of the following families were found: Readex Pro
WARNING:matplotlib.font_manager:findfont: Generic family 'sans-serif' not found because none of the following families were found: Readex Pro
WARNING:matplotlib.font_manager:findfont: Generic family 'sans-serif' not found because none of the following families were found: Readex Pro
WARNING:matplotlib.font_manager:findfont: Generic family 'sans-serif' not found because none of the following families were found: Readex Pro
WARNING:matplotlib.font_manager:findfont: Generic family 'sans-serif' not found because none of the following families were found: Readex Pro
WARNING:matplotlib.font_manager:findfont: Generic family 'sans-serif' not found because none of the following families were found: Readex Pro
WARNING:matplotlib.font_manager:findfont: Generic family 'sans-serif' not found because none of the following families were found: Readex Pro
WARNING:matplotlib.font_manager:findfont: Generic family 'sans-serif' not found because none of the following families were found: Readex Pro
WARNING:matplotlib.font_manager:findfont: Generic family 'sans-serif' not found because none of the following families were found: Readex Pro
WARNING:matplotlib.font_manager:findfont: Generic family 'sans-serif' not found because none of the following families were found: Readex Pro
WARNING:matplotlib.font_manager:findfont: Generic family 'sans-serif' not found because none of the following families were found: Readex Pro
WARNING:matplotlib.font_manager:findfont: Generic family 'sans-serif' not found because none of the following families were found: Readex Pro
WARNING:matplotlib.font_manager:findfont: Generic family 'sans-serif' not found because none of the following families were found: Readex Pro
WARNING:matplotlib.font_manager:findfont: Generic family 'sans-serif' not found because none of the following families were found: Readex Pro
WARNING:matplotlib.font_manager:findfont: Generic family 'sans-serif' not found because none of the following families were found: Readex Pro
WARNING:matplotlib.font_manager:findfont: Generic family 'sans-serif' not found because none of the following families were found: Readex Pro
WARNING:matplotlib.font_manager:findfont: Generic family 'sans-serif' not found because none of the following families were found: Readex Pro
WARNING:matplotlib.font_manager:findfont: Generic family 'sans-serif' not found because none of the following families were found: Readex Pro
WARNING:matplotlib.font_manager:findfont: Generic family 'sans-serif' not found because none of the following families were found: Readex Pro
WARNING:matplotlib.font_manager:findfont: Generic family 'sans-serif' not found because none of the following families were found: Readex Pro
WARNING:matplotlib.font_manager:findfont: Generic family 'sans-serif' not found because none of the following families were found: Readex Pro
WARNING:matplotlib.font_manager:findfont: Generic family 'sans-serif' not found because none of the following families were found: Readex Pro
WARNING:matplotlib.font_manager:findfont: Generic family 'sans-serif' not found because none of the following families were found: Readex Pro
WARNING:matplotlib.font_manager:findfont: Generic family 'sans-serif' not found because none of the following families were found: Readex Pro
WARNING:matplotlib.font_manager:findfont: Generic family 'sans-serif' not found because none of the following families were found: Readex Pro
WARNING:matplotlib.font_manager:findfont: Generic family 'sans-serif' not found because none of the following families were found: Readex Pro
WARNING:matplotlib.font_manager:findfont: Generic family 'sans-serif' not found because none of the following families were found: Readex Pro
WARNING:matplotlib.font_manager:findfont: Generic family 'sans-serif' not found because none of the following families were found: Readex Pro
WARNING:matplotlib.font_manager:findfont: Generic family 'sans-serif' not found because none of the following families were found: Readex Pro
WARNING:matplotlib.font_manager:findfont: Generic family 'sans-serif' not found because none of the following families were found: Readex Pro
WARNING:matplotlib.font_manager:findfont: Generic family 'sans-serif' not found because none of the following families were found: Readex Pro
WARNING:matplotlib.font_manager:findfont: Generic family 'sans-serif' not found because none of the following families were found: Readex Pro
WARNING:matplotlib.font_manager:findfont: Generic family 'sans-serif' not found because none of the following families were found: Readex Pro
WARNING:matplotlib.font_manager:findfont: Generic family 'sans-serif' not found because none of the following families were found: Readex Pro
WARNING:matplotlib.font_manager:findfont: Generic family 'sans-serif' not found because none of the following families were found: Readex Pro
WARNING:matplotlib.font_manager:findfont: Generic family 'sans-serif' not found because none of the following families were found: Readex Pro
WARNING:matplotlib.font_manager:findfont: Generic family 'sans-serif' not found because none of the following families were found: Readex Pro
WARNING:matplotlib.font_manager:findfont: Generic family 'sans-serif' not found because none of the following families were found: Readex Pro
WARNING:matplotlib.font_manager:findfont: Generic family 'sans-serif' not found because none of the following families were found: Readex Pro
WARNING:matplotlib.font_manager:findfont: Generic family 'sans-serif' not found because none of the following families were found: Readex Pro
WARNING:matplotlib.font_manager:findfont: Generic family 'sans-serif' not found because none of the following families were found: Readex Pro
WARNING:matplotlib.font_manager:findfont: Generic family 'sans-serif' not found because none of the following families were found: Readex Pro
WARNING:matplotlib.font_manager:findfont: Generic family 'sans-serif' not found because none of the following families were found: Readex Pro
WARNING:matplotlib.font_manager:findfont: Generic family 'sans-serif' not found because none of the following families were found: Readex Pro
WARNING:matplotlib.font_manager:findfont: Generic family 'sans-serif' not found because none of the following families were found: Readex Pro
WARNING:matplotlib.font_manager:findfont: Generic family 'sans-serif' not found because none of the following families were found: Readex Pro
WARNING:matplotlib.font_manager:findfont: Generic family 'sans-serif' not found because none of the following families were found: Readex Pro
WARNING:matplotlib.font_manager:findfont: Generic family 'sans-serif' not found because none of the following families were found: Readex Pro
WARNING:matplotlib.font_manager:findfont: Generic family 'sans-serif' not found because none of the following families were found: Readex Pro
WARNING:matplotlib.font_manager:findfont: Generic family 'sans-serif' not found because none of the following families were found: Readex Pro
WARNING:matplotlib.font_manager:findfont: Generic family 'sans-serif' not found because none of the following families were found: Readex Pro
WARNING:matplotlib.font_manager:findfont: Generic family 'sans-serif' not found because none of the following families were found: Readex Pro
WARNING:matplotlib.font_manager:findfont: Generic family 'sans-serif' not found because none of the following families were found: Readex Pro
WARNING:matplotlib.font_manager:findfont: Generic family 'sans-serif' not found because none of the following families were found: Readex Pro
WARNING:matplotlib.font_manager:findfont: Generic family 'sans-serif' not found because none of the following families were found: Readex Pro
WARNING:matplotlib.font_manager:findfont: Generic family 'sans-serif' not found because none of the following families were found: Readex Pro
WARNING:matplotlib.font_manager:findfont: Generic family 'sans-serif' not found because none of the following families were found: Readex Pro
WARNING:matplotlib.font_manager:findfont: Generic family 'sans-serif' not found because none of the following families were found: Readex Pro
WARNING:matplotlib.font_manager:findfont: Generic family 'sans-serif' not found because none of the following families were found: Readex Pro
[0m
[32mSaving model evaluation...[0m
[32mGenerating training graphs...[0m
[33mTotal time: 02:17:01[0m
[35mEverything done![0m
