2023-01-29 22:24:07.845429: I tensorflow/core/platform/cpu_feature_guard.cc:193] This TensorFlow binary is optimized with oneAPI Deep Neural Network Library (oneDNN) to use the following CPU instructions in performance-critical operations:  AVX2 FMA
To enable them in other operations, rebuild TensorFlow with the appropriate compiler flags.
2023-01-29 22:24:14.820274: W tensorflow/compiler/xla/stream_executor/platform/default/dso_loader.cc:64] Could not load dynamic library 'libnvinfer.so.7'; dlerror: libnvinfer.so.7: cannot open shared object file: No such file or directory
2023-01-29 22:24:14.820987: W tensorflow/compiler/xla/stream_executor/platform/default/dso_loader.cc:64] Could not load dynamic library 'libnvinfer_plugin.so.7'; dlerror: libnvinfer_plugin.so.7: cannot open shared object file: No such file or directory
2023-01-29 22:24:14.821007: W tensorflow/compiler/tf2tensorrt/utils/py_utils.cc:38] TF-TRT Warning: Cannot dlopen some TensorRT libraries. If you would like to use Nvidia GPU with TensorRT, please make sure the missing libraries mentioned above are installed properly.
Matplotlib created a temporary config/cache directory at /tmp/matplotlib-l9ruhj4d because the default path (/home/cristec/.config/matplotlib) is not a writable directory; it is highly recommended to set the MPLCONFIGDIR environment variable to a writable directory, in particular to speed up the import of Matplotlib and to better support multiprocessing.
2023-01-29 22:24:25.547495: I tensorflow/core/platform/cpu_feature_guard.cc:193] This TensorFlow binary is optimized with oneAPI Deep Neural Network Library (oneDNN) to use the following CPU instructions in performance-critical operations:  AVX2 FMA
To enable them in other operations, rebuild TensorFlow with the appropriate compiler flags.
2023-01-29 22:24:28.515175: I tensorflow/core/common_runtime/gpu/gpu_device.cc:1613] Created device /job:localhost/replica:0/task:0/device:GPU:0 with 7414 MB memory:  -> device: 0, name: Quadro M4000, pci bus id: 0000:03:00.0, compute capability: 5.2
2023-01-29 22:24:28.519921: I tensorflow/core/common_runtime/gpu/gpu_device.cc:1613] Created device /job:localhost/replica:0/task:0/device:GPU:1 with 7425 MB memory:  -> device: 1, name: Quadro M4000, pci bus id: 0000:04:00.0, compute capability: 5.2
WARNING:tensorflow:From /shared_storage/cristec/conda/envs/ML/lib/python3.10/site-packages/tensorflow/python/autograph/pyct/static_analysis/liveness.py:83: Analyzer.lamba_check (from tensorflow.python.autograph.pyct.static_analysis.liveness) is deprecated and will be removed after 2023-09-23.
Instructions for updating:
Lambda fuctions will be no more assumed to be used in the statement where they are used, or at least in the same block. https://github.com/tensorflow/tensorflow/issues/56089
[35mStarting script...[0m
[32mLoading train dataset...[0m
Found 50000 files belonging to 1 classes.
[32mLoading test dataset...[0m
Found 10000 files belonging to 1 classes.
[32mCreating model...[0m
[32mTraining model...[0m
[36m
Epoch 1/1000
2023-01-29 22:25:09.539756: E tensorflow/core/grappler/optimizers/meta_optimizer.cc:954] layout failed: INVALID_ARGUMENT: Size of values 0 does not match size of permutation 4 @ fanin shape inUNet/unet_down_0/u_net2d_convolution_block/dropout/dropout/SelectV2-2-TransposeNHWCToNCHW-LayoutOptimizer
2023-01-29 22:26:19.183528: I tensorflow/compiler/xla/stream_executor/cuda/cuda_dnn.cc:428] Loaded cuDNN version 8101
2023-01-29 22:26:19.676787: I tensorflow/compiler/xla/stream_executor/cuda/cuda_dnn.cc:428] Loaded cuDNN version 8101
2023-01-29 22:26:20.109987: I tensorflow/tsl/platform/default/subprocess.cc:304] Start cannot spawn child process: No such file or directory
2023-01-29 22:26:24.500389: I tensorflow/compiler/xla/service/service.cc:173] XLA service 0x55d69dca1370 initialized for platform CUDA (this does not guarantee that XLA will be used). Devices:
2023-01-29 22:26:24.500428: I tensorflow/compiler/xla/service/service.cc:181]   StreamExecutor device (0): Quadro M4000, Compute Capability 5.2
2023-01-29 22:26:24.500436: I tensorflow/compiler/xla/service/service.cc:181]   StreamExecutor device (1): Quadro M4000, Compute Capability 5.2
2023-01-29 22:26:24.590112: I tensorflow/compiler/mlir/tensorflow/utils/dump_mlir_util.cc:268] disabling MLIR crash reproducer, set env var `MLIR_CRASH_REPRODUCER_DIRECTORY` to enable.
2023-01-29 22:26:25.274537: I tensorflow/tsl/platform/default/subprocess.cc:304] Start cannot spawn child process: No such file or directory
2023-01-29 22:26:25.375900: I tensorflow/compiler/jit/xla_compilation_cache.cc:477] Compiled cluster using XLA!  This line is logged at most once for the lifetime of the process.

Epoch 1: val_loss improved from inf to 0.35296, saving model to models/model_2023.01.29_22:24
WARNING:absl:Found untraced functions such as _jit_compiled_convolution_op, conv2d_layer_call_fn, conv2d_layer_call_and_return_conditional_losses, _jit_compiled_convolution_op, leaky_re_lu_layer_call_fn while saving (showing 5 of 241). These functions will not be directly callable after loading.
196/196 - 1975s - loss: 0.0896 - psnr: 19.4781 - ssim: 0.4938 - val_loss: 0.3530 - val_psnr: 2.0078 - val_ssim: 0.2980 - lr: 0.0100 - 1975s/epoch - 10s/step
Epoch 2/1000

Epoch 2: val_loss improved from 0.35296 to 0.09061, saving model to models/model_2023.01.29_22:24
WARNING:absl:Found untraced functions such as _jit_compiled_convolution_op, conv2d_layer_call_fn, conv2d_layer_call_and_return_conditional_losses, _jit_compiled_convolution_op, leaky_re_lu_layer_call_fn while saving (showing 5 of 241). These functions will not be directly callable after loading.
196/196 - 75s - loss: 0.0574 - psnr: 22.5360 - ssim: 0.6538 - val_loss: 0.0906 - val_psnr: 18.6151 - val_ssim: 0.6636 - lr: 0.0100 - 75s/epoch - 380ms/step
Epoch 3/1000

Epoch 3: val_loss improved from 0.09061 to 0.07501, saving model to models/model_2023.01.29_22:24
WARNING:absl:Found untraced functions such as _jit_compiled_convolution_op, conv2d_layer_call_fn, conv2d_layer_call_and_return_conditional_losses, _jit_compiled_convolution_op, leaky_re_lu_layer_call_fn while saving (showing 5 of 241). These functions will not be directly callable after loading.
196/196 - 74s - loss: 0.0517 - psnr: 23.4270 - ssim: 0.7039 - val_loss: 0.0750 - val_psnr: 20.3757 - val_ssim: 0.7318 - lr: 0.0100 - 74s/epoch - 380ms/step
Epoch 4/1000

Epoch 4: val_loss improved from 0.07501 to 0.06736, saving model to models/model_2023.01.29_22:24
WARNING:absl:Found untraced functions such as _jit_compiled_convolution_op, conv2d_layer_call_fn, conv2d_layer_call_and_return_conditional_losses, _jit_compiled_convolution_op, leaky_re_lu_layer_call_fn while saving (showing 5 of 241). These functions will not be directly callable after loading.
196/196 - 75s - loss: 0.0489 - psnr: 23.9253 - ssim: 0.7267 - val_loss: 0.0674 - val_psnr: 21.3234 - val_ssim: 0.7238 - lr: 0.0100 - 75s/epoch - 382ms/step
Epoch 5/1000

Epoch 5: val_loss did not improve from 0.06736
196/196 - 54s - loss: 0.0474 - psnr: 24.1791 - ssim: 0.7392 - val_loss: 0.0838 - val_psnr: 18.6568 - val_ssim: 0.6069 - lr: 0.0100 - 54s/epoch - 275ms/step
Epoch 6/1000

Epoch 6: val_loss did not improve from 0.06736
196/196 - 54s - loss: 0.0468 - psnr: 24.3096 - ssim: 0.7485 - val_loss: 0.0727 - val_psnr: 20.0387 - val_ssim: 0.6331 - lr: 0.0100 - 54s/epoch - 276ms/step
Epoch 7/1000

Epoch 7: val_loss did not improve from 0.06736
196/196 - 54s - loss: 0.0452 - psnr: 24.6041 - ssim: 0.7518 - val_loss: 0.0675 - val_psnr: 20.8474 - val_ssim: 0.6744 - lr: 0.0100 - 54s/epoch - 275ms/step
Epoch 8/1000

Epoch 8: val_loss improved from 0.06736 to 0.04760, saving model to models/model_2023.01.29_22:24
WARNING:absl:Found untraced functions such as _jit_compiled_convolution_op, conv2d_layer_call_fn, conv2d_layer_call_and_return_conditional_losses, _jit_compiled_convolution_op, leaky_re_lu_layer_call_fn while saving (showing 5 of 241). These functions will not be directly callable after loading.
196/196 - 75s - loss: 0.0423 - psnr: 25.0672 - ssim: 0.7513 - val_loss: 0.0476 - val_psnr: 24.1411 - val_ssim: 0.7804 - lr: 0.0100 - 75s/epoch - 383ms/step
Epoch 9/1000

Epoch 9: val_loss did not improve from 0.04760
196/196 - 54s - loss: 0.0416 - psnr: 25.2218 - ssim: 0.7571 - val_loss: 0.0509 - val_psnr: 23.6251 - val_ssim: 0.7525 - lr: 0.0100 - 54s/epoch - 276ms/step
Epoch 10/1000

Epoch 10: val_loss did not improve from 0.04760
196/196 - 54s - loss: 0.0409 - psnr: 25.3737 - ssim: 0.7617 - val_loss: 0.0541 - val_psnr: 23.4714 - val_ssim: 0.7723 - lr: 0.0100 - 54s/epoch - 277ms/step
Epoch 11/1000

Epoch 11: val_loss did not improve from 0.04760
196/196 - 54s - loss: 0.0403 - psnr: 25.5092 - ssim: 0.7653 - val_loss: 0.0533 - val_psnr: 23.3357 - val_ssim: 0.7586 - lr: 0.0100 - 54s/epoch - 273ms/step
Epoch 12/1000

Epoch 12: val_loss did not improve from 0.04760
196/196 - 54s - loss: 0.0398 - psnr: 25.6043 - ssim: 0.7681 - val_loss: 0.0540 - val_psnr: 23.2852 - val_ssim: 0.7551 - lr: 0.0100 - 54s/epoch - 275ms/step
Epoch 13/1000

Epoch 13: val_loss did not improve from 0.04760
196/196 - 54s - loss: 0.0393 - psnr: 25.7095 - ssim: 0.7710 - val_loss: 0.0545 - val_psnr: 23.2465 - val_ssim: 0.7739 - lr: 0.0100 - 54s/epoch - 276ms/step
Epoch 14/1000

Epoch 14: val_loss did not improve from 0.04760
196/196 - 54s - loss: 0.0389 - psnr: 25.7901 - ssim: 0.7736 - val_loss: 0.0550 - val_psnr: 23.1212 - val_ssim: 0.7945 - lr: 0.0100 - 54s/epoch - 275ms/step
Epoch 15/1000

Epoch 15: val_loss did not improve from 0.04760
196/196 - 54s - loss: 0.0385 - psnr: 25.8719 - ssim: 0.7761 - val_loss: 0.0571 - val_psnr: 22.7343 - val_ssim: 0.7883 - lr: 0.0100 - 54s/epoch - 275ms/step
Epoch 16/1000

Epoch 16: val_loss did not improve from 0.04760
196/196 - 54s - loss: 0.0382 - psnr: 25.9429 - ssim: 0.7783 - val_loss: 0.0526 - val_psnr: 23.4695 - val_ssim: 0.8226 - lr: 0.0100 - 54s/epoch - 273ms/step
Epoch 17/1000

Epoch 17: val_loss did not improve from 0.04760
196/196 - 54s - loss: 0.0379 - psnr: 25.9984 - ssim: 0.7803 - val_loss: 0.0528 - val_psnr: 23.4261 - val_ssim: 0.8224 - lr: 0.0100 - 54s/epoch - 276ms/step
Epoch 18/1000

Epoch 18: val_loss did not improve from 0.04760
196/196 - 54s - loss: 0.0376 - psnr: 26.0525 - ssim: 0.7821 - val_loss: 0.0536 - val_psnr: 23.1213 - val_ssim: 0.8290 - lr: 0.0100 - 54s/epoch - 276ms/step
Epoch 19/1000

Epoch 19: val_loss did not improve from 0.04760
196/196 - 54s - loss: 0.0374 - psnr: 26.0916 - ssim: 0.7836 - val_loss: 0.0501 - val_psnr: 23.6281 - val_ssim: 0.8402 - lr: 0.0100 - 54s/epoch - 275ms/step
Epoch 20/1000

Epoch 20: val_loss improved from 0.04760 to 0.04539, saving model to models/model_2023.01.29_22:24
WARNING:absl:Found untraced functions such as _jit_compiled_convolution_op, conv2d_layer_call_fn, conv2d_layer_call_and_return_conditional_losses, _jit_compiled_convolution_op, leaky_re_lu_layer_call_fn while saving (showing 5 of 241). These functions will not be directly callable after loading.
196/196 - 75s - loss: 0.0372 - psnr: 26.1311 - ssim: 0.7850 - val_loss: 0.0454 - val_psnr: 24.4896 - val_ssim: 0.8597 - lr: 0.0100 - 75s/epoch - 384ms/step
Epoch 21/1000

Epoch 21: val_loss improved from 0.04539 to 0.04519, saving model to models/model_2023.01.29_22:24
WARNING:absl:Found untraced functions such as _jit_compiled_convolution_op, conv2d_layer_call_fn, conv2d_layer_call_and_return_conditional_losses, _jit_compiled_convolution_op, leaky_re_lu_layer_call_fn while saving (showing 5 of 241). These functions will not be directly callable after loading.
196/196 - 75s - loss: 0.0370 - psnr: 26.1652 - ssim: 0.7864 - val_loss: 0.0452 - val_psnr: 24.5125 - val_ssim: 0.8581 - lr: 0.0100 - 75s/epoch - 385ms/step
Epoch 22/1000

Epoch 22: val_loss improved from 0.04519 to 0.04250, saving model to models/model_2023.01.29_22:24
WARNING:absl:Found untraced functions such as _jit_compiled_convolution_op, conv2d_layer_call_fn, conv2d_layer_call_and_return_conditional_losses, _jit_compiled_convolution_op, leaky_re_lu_layer_call_fn while saving (showing 5 of 241). These functions will not be directly callable after loading.
196/196 - 75s - loss: 0.0368 - psnr: 26.2002 - ssim: 0.7877 - val_loss: 0.0425 - val_psnr: 25.2713 - val_ssim: 0.8732 - lr: 0.0100 - 75s/epoch - 383ms/step
Epoch 23/1000

Epoch 23: val_loss improved from 0.04250 to 0.03698, saving model to models/model_2023.01.29_22:24
WARNING:absl:Found untraced functions such as _jit_compiled_convolution_op, conv2d_layer_call_fn, conv2d_layer_call_and_return_conditional_losses, _jit_compiled_convolution_op, leaky_re_lu_layer_call_fn while saving (showing 5 of 241). These functions will not be directly callable after loading.
196/196 - 75s - loss: 0.0367 - psnr: 26.2330 - ssim: 0.7889 - val_loss: 0.0370 - val_psnr: 26.2056 - val_ssim: 0.8828 - lr: 0.0100 - 75s/epoch - 385ms/step
Epoch 24/1000

Epoch 24: val_loss improved from 0.03698 to 0.03439, saving model to models/model_2023.01.29_22:24
WARNING:absl:Found untraced functions such as _jit_compiled_convolution_op, conv2d_layer_call_fn, conv2d_layer_call_and_return_conditional_losses, _jit_compiled_convolution_op, leaky_re_lu_layer_call_fn while saving (showing 5 of 241). These functions will not be directly callable after loading.
196/196 - 75s - loss: 0.0365 - psnr: 26.2661 - ssim: 0.7900 - val_loss: 0.0344 - val_psnr: 26.9191 - val_ssim: 0.8928 - lr: 0.0100 - 75s/epoch - 384ms/step
Epoch 25/1000

Epoch 25: val_loss did not improve from 0.03439
196/196 - 54s - loss: 0.0363 - psnr: 26.2927 - ssim: 0.7910 - val_loss: 0.0349 - val_psnr: 26.7664 - val_ssim: 0.8935 - lr: 0.0100 - 54s/epoch - 274ms/step
Epoch 26/1000

Epoch 26: val_loss improved from 0.03439 to 0.03224, saving model to models/model_2023.01.29_22:24
WARNING:absl:Found untraced functions such as _jit_compiled_convolution_op, conv2d_layer_call_fn, conv2d_layer_call_and_return_conditional_losses, _jit_compiled_convolution_op, leaky_re_lu_layer_call_fn while saving (showing 5 of 241). These functions will not be directly callable after loading.
196/196 - 75s - loss: 0.0362 - psnr: 26.3268 - ssim: 0.7919 - val_loss: 0.0322 - val_psnr: 27.5005 - val_ssim: 0.8982 - lr: 0.0100 - 75s/epoch - 384ms/step
Epoch 27/1000

Epoch 27: val_loss improved from 0.03224 to 0.03003, saving model to models/model_2023.01.29_22:24
WARNING:absl:Found untraced functions such as _jit_compiled_convolution_op, conv2d_layer_call_fn, conv2d_layer_call_and_return_conditional_losses, _jit_compiled_convolution_op, leaky_re_lu_layer_call_fn while saving (showing 5 of 241). These functions will not be directly callable after loading.
196/196 - 75s - loss: 0.0361 - psnr: 26.3461 - ssim: 0.7927 - val_loss: 0.0300 - val_psnr: 28.0802 - val_ssim: 0.9015 - lr: 0.0100 - 75s/epoch - 382ms/step
Epoch 28/1000

Epoch 28: val_loss improved from 0.03003 to 0.02944, saving model to models/model_2023.01.29_22:24
WARNING:absl:Found untraced functions such as _jit_compiled_convolution_op, conv2d_layer_call_fn, conv2d_layer_call_and_return_conditional_losses, _jit_compiled_convolution_op, leaky_re_lu_layer_call_fn while saving (showing 5 of 241). These functions will not be directly callable after loading.
196/196 - 75s - loss: 0.0359 - psnr: 26.3705 - ssim: 0.7934 - val_loss: 0.0294 - val_psnr: 28.2118 - val_ssim: 0.9033 - lr: 0.0100 - 75s/epoch - 384ms/step
Epoch 29/1000

Epoch 29: val_loss did not improve from 0.02944
196/196 - 53s - loss: 0.0358 - psnr: 26.3886 - ssim: 0.7940 - val_loss: 0.0311 - val_psnr: 27.8406 - val_ssim: 0.9028 - lr: 0.0100 - 53s/epoch - 273ms/step
Epoch 30/1000

Epoch 30: val_loss did not improve from 0.02944
196/196 - 54s - loss: 0.0357 - psnr: 26.4174 - ssim: 0.7948 - val_loss: 0.0297 - val_psnr: 28.1664 - val_ssim: 0.9039 - lr: 0.0100 - 54s/epoch - 276ms/step
Epoch 31/1000

Epoch 31: val_loss did not improve from 0.02944
196/196 - 54s - loss: 0.0356 - psnr: 26.4392 - ssim: 0.7954 - val_loss: 0.0300 - val_psnr: 28.1031 - val_ssim: 0.9052 - lr: 0.0100 - 54s/epoch - 274ms/step
Epoch 32/1000

Epoch 32: val_loss did not improve from 0.02944
196/196 - 54s - loss: 0.0355 - psnr: 26.4519 - ssim: 0.7959 - val_loss: 0.0316 - val_psnr: 27.7277 - val_ssim: 0.9042 - lr: 0.0100 - 54s/epoch - 274ms/step
Epoch 33/1000

Epoch 33: val_loss did not improve from 0.02944
196/196 - 54s - loss: 0.0355 - psnr: 26.4687 - ssim: 0.7964 - val_loss: 0.0309 - val_psnr: 27.8857 - val_ssim: 0.9042 - lr: 0.0100 - 54s/epoch - 275ms/step
Epoch 34/1000

Epoch 34: val_loss did not improve from 0.02944
196/196 - 54s - loss: 0.0354 - psnr: 26.4869 - ssim: 0.7970 - val_loss: 0.0313 - val_psnr: 27.7884 - val_ssim: 0.9035 - lr: 0.0100 - 54s/epoch - 275ms/step
Epoch 35/1000

Epoch 35: val_loss did not improve from 0.02944
196/196 - 54s - loss: 0.0353 - psnr: 26.5065 - ssim: 0.7976 - val_loss: 0.0326 - val_psnr: 27.5201 - val_ssim: 0.9044 - lr: 0.0100 - 54s/epoch - 274ms/step
Epoch 36/1000

Epoch 36: val_loss did not improve from 0.02944
196/196 - 54s - loss: 0.0352 - psnr: 26.5201 - ssim: 0.7982 - val_loss: 0.0343 - val_psnr: 27.1420 - val_ssim: 0.9022 - lr: 0.0100 - 54s/epoch - 274ms/step
Epoch 37/1000

Epoch 37: val_loss did not improve from 0.02944
196/196 - 55s - loss: 0.0351 - psnr: 26.5393 - ssim: 0.7987 - val_loss: 0.0333 - val_psnr: 27.3638 - val_ssim: 0.9049 - lr: 0.0100 - 55s/epoch - 280ms/step
Epoch 38/1000

Epoch 38: val_loss did not improve from 0.02944
196/196 - 54s - loss: 0.0350 - psnr: 26.5646 - ssim: 0.7995 - val_loss: 0.0331 - val_psnr: 27.3952 - val_ssim: 0.9046 - lr: 0.0100 - 54s/epoch - 274ms/step
Epoch 39/1000

Epoch 39: val_loss did not improve from 0.02944
196/196 - 54s - loss: 0.0349 - psnr: 26.5863 - ssim: 0.8002 - val_loss: 0.0344 - val_psnr: 27.1030 - val_ssim: 0.9075 - lr: 0.0100 - 54s/epoch - 275ms/step
Epoch 40/1000

Epoch 40: val_loss did not improve from 0.02944
196/196 - 54s - loss: 0.0348 - psnr: 26.6088 - ssim: 0.8007 - val_loss: 0.0327 - val_psnr: 27.4957 - val_ssim: 0.9077 - lr: 0.0100 - 54s/epoch - 276ms/step
Epoch 41/1000

Epoch 41: val_loss did not improve from 0.02944
196/196 - 54s - loss: 0.0348 - psnr: 26.6242 - ssim: 0.8013 - val_loss: 0.0332 - val_psnr: 27.3447 - val_ssim: 0.9091 - lr: 0.0100 - 54s/epoch - 275ms/step
Epoch 42/1000

Epoch 42: val_loss did not improve from 0.02944
196/196 - 54s - loss: 0.0347 - psnr: 26.6451 - ssim: 0.8018 - val_loss: 0.0335 - val_psnr: 27.2361 - val_ssim: 0.9103 - lr: 0.0100 - 54s/epoch - 274ms/step
Epoch 43/1000

Epoch 43: val_loss did not improve from 0.02944
196/196 - 54s - loss: 0.0346 - psnr: 26.6604 - ssim: 0.8023 - val_loss: 0.0341 - val_psnr: 27.1252 - val_ssim: 0.9078 - lr: 0.0100 - 54s/epoch - 275ms/step
Epoch 44/1000

Epoch 44: val_loss did not improve from 0.02944
196/196 - 54s - loss: 0.0345 - psnr: 26.6746 - ssim: 0.8027 - val_loss: 0.0338 - val_psnr: 27.1419 - val_ssim: 0.9096 - lr: 0.0100 - 54s/epoch - 274ms/step
Epoch 45/1000

Epoch 45: val_loss did not improve from 0.02944
196/196 - 54s - loss: 0.0345 - psnr: 26.6903 - ssim: 0.8031 - val_loss: 0.0338 - val_psnr: 27.1372 - val_ssim: 0.9095 - lr: 0.0100 - 54s/epoch - 275ms/step
Epoch 46/1000

Epoch 46: val_loss did not improve from 0.02944
196/196 - 54s - loss: 0.0344 - psnr: 26.7085 - ssim: 0.8035 - val_loss: 0.0341 - val_psnr: 27.0718 - val_ssim: 0.9113 - lr: 0.0100 - 54s/epoch - 276ms/step
Epoch 47/1000

Epoch 47: ReduceLROnPlateau reducing learning rate to 0.0019999999552965165.

Epoch 47: val_loss did not improve from 0.02944
196/196 - 54s - loss: 0.0343 - psnr: 26.7216 - ssim: 0.8039 - val_loss: 0.0343 - val_psnr: 27.0516 - val_ssim: 0.9115 - lr: 0.0100 - 54s/epoch - 274ms/step
Epoch 48/1000

Epoch 48: val_loss did not improve from 0.02944
196/196 - 54s - loss: 0.0331 - psnr: 26.9710 - ssim: 0.8065 - val_loss: 0.0298 - val_psnr: 28.6063 - val_ssim: 0.9160 - lr: 0.0020 - 54s/epoch - 274ms/step
Epoch 49/1000

Epoch 49: val_loss did not improve from 0.02944
196/196 - 54s - loss: 0.0330 - psnr: 26.9919 - ssim: 0.8071 - val_loss: 0.0304 - val_psnr: 28.4260 - val_ssim: 0.9160 - lr: 0.0020 - 54s/epoch - 275ms/step
Epoch 50/1000

Epoch 50: val_loss did not improve from 0.02944
196/196 - 54s - loss: 0.0329 - psnr: 26.9987 - ssim: 0.8074 - val_loss: 0.0303 - val_psnr: 28.4636 - val_ssim: 0.9164 - lr: 0.0020 - 54s/epoch - 274ms/step
Epoch 51/1000

Epoch 51: val_loss did not improve from 0.02944
196/196 - 54s - loss: 0.0329 - psnr: 27.0019 - ssim: 0.8076 - val_loss: 0.0301 - val_psnr: 28.5007 - val_ssim: 0.9168 - lr: 0.0020 - 54s/epoch - 275ms/step
Epoch 52/1000

Epoch 52: val_loss did not improve from 0.02944
196/196 - 54s - loss: 0.0329 - psnr: 27.0059 - ssim: 0.8078 - val_loss: 0.0302 - val_psnr: 28.4827 - val_ssim: 0.9170 - lr: 0.0020 - 54s/epoch - 275ms/step
Epoch 53/1000

Epoch 53: val_loss did not improve from 0.02944
196/196 - 54s - loss: 0.0329 - psnr: 27.0093 - ssim: 0.8080 - val_loss: 0.0304 - val_psnr: 28.4194 - val_ssim: 0.9168 - lr: 0.0020 - 54s/epoch - 275ms/step
Epoch 54/1000

Epoch 54: val_loss did not improve from 0.02944
196/196 - 54s - loss: 0.0329 - psnr: 27.0102 - ssim: 0.8080 - val_loss: 0.0301 - val_psnr: 28.5120 - val_ssim: 0.9172 - lr: 0.0020 - 54s/epoch - 274ms/step
Epoch 55/1000

Epoch 55: val_loss did not improve from 0.02944
196/196 - 54s - loss: 0.0328 - psnr: 27.0188 - ssim: 0.8083 - val_loss: 0.0301 - val_psnr: 28.4864 - val_ssim: 0.9173 - lr: 0.0020 - 54s/epoch - 275ms/step
Epoch 56/1000

Epoch 56: val_loss did not improve from 0.02944
196/196 - 54s - loss: 0.0328 - psnr: 27.0230 - ssim: 0.8085 - val_loss: 0.0305 - val_psnr: 28.4037 - val_ssim: 0.9173 - lr: 0.0020 - 54s/epoch - 274ms/step
Epoch 57/1000

Epoch 57: val_loss did not improve from 0.02944
196/196 - 54s - loss: 0.0328 - psnr: 27.0246 - ssim: 0.8085 - val_loss: 0.0303 - val_psnr: 28.4354 - val_ssim: 0.9176 - lr: 0.0020 - 54s/epoch - 275ms/step
Epoch 58/1000

Epoch 58: val_loss did not improve from 0.02944
196/196 - 54s - loss: 0.0328 - psnr: 27.0310 - ssim: 0.8088 - val_loss: 0.0305 - val_psnr: 28.3957 - val_ssim: 0.9175 - lr: 0.0020 - 54s/epoch - 276ms/step
Epoch 59/1000

Epoch 59: val_loss did not improve from 0.02944
196/196 - 54s - loss: 0.0328 - psnr: 27.0322 - ssim: 0.8089 - val_loss: 0.0302 - val_psnr: 28.4635 - val_ssim: 0.9180 - lr: 0.0020 - 54s/epoch - 277ms/step
Epoch 60/1000

Epoch 60: val_loss did not improve from 0.02944
196/196 - 54s - loss: 0.0327 - psnr: 27.0365 - ssim: 0.8091 - val_loss: 0.0302 - val_psnr: 28.4593 - val_ssim: 0.9181 - lr: 0.0020 - 54s/epoch - 274ms/step
Epoch 61/1000

Epoch 61: val_loss did not improve from 0.02944
196/196 - 54s - loss: 0.0327 - psnr: 27.0409 - ssim: 0.8093 - val_loss: 0.0305 - val_psnr: 28.4118 - val_ssim: 0.9178 - lr: 0.0020 - 54s/epoch - 274ms/step
Epoch 62/1000

Epoch 62: val_loss did not improve from 0.02944
196/196 - 54s - loss: 0.0327 - psnr: 27.0449 - ssim: 0.8093 - val_loss: 0.0304 - val_psnr: 28.4308 - val_ssim: 0.9183 - lr: 0.0020 - 54s/epoch - 273ms/step
Epoch 63/1000

Epoch 63: val_loss did not improve from 0.02944
196/196 - 54s - loss: 0.0327 - psnr: 27.0475 - ssim: 0.8095 - val_loss: 0.0305 - val_psnr: 28.3904 - val_ssim: 0.9180 - lr: 0.0020 - 54s/epoch - 274ms/step
Epoch 64/1000

Epoch 64: val_loss did not improve from 0.02944
196/196 - 54s - loss: 0.0327 - psnr: 27.0529 - ssim: 0.8096 - val_loss: 0.0307 - val_psnr: 28.3551 - val_ssim: 0.9181 - lr: 0.0020 - 54s/epoch - 276ms/step
Epoch 65/1000

Epoch 65: val_loss did not improve from 0.02944
196/196 - 54s - loss: 0.0327 - psnr: 27.0544 - ssim: 0.8097 - val_loss: 0.0304 - val_psnr: 28.4356 - val_ssim: 0.9184 - lr: 0.0020 - 54s/epoch - 274ms/step
Epoch 66/1000

Epoch 66: val_loss did not improve from 0.02944
196/196 - 54s - loss: 0.0327 - psnr: 27.0599 - ssim: 0.8099 - val_loss: 0.0306 - val_psnr: 28.3873 - val_ssim: 0.9183 - lr: 0.0020 - 54s/epoch - 275ms/step
Epoch 67/1000

Epoch 67: val_loss did not improve from 0.02944
196/196 - 54s - loss: 0.0326 - psnr: 27.0648 - ssim: 0.8100 - val_loss: 0.0305 - val_psnr: 28.4017 - val_ssim: 0.9184 - lr: 0.0020 - 54s/epoch - 275ms/step
Epoch 68/1000

Epoch 68: val_loss did not improve from 0.02944
196/196 - 54s - loss: 0.0326 - psnr: 27.0707 - ssim: 0.8102 - val_loss: 0.0308 - val_psnr: 28.3214 - val_ssim: 0.9187 - lr: 0.0020 - 54s/epoch - 276ms/step
Epoch 69/1000

Epoch 69: val_loss did not improve from 0.02944
196/196 - 54s - loss: 0.0326 - psnr: 27.0738 - ssim: 0.8104 - val_loss: 0.0305 - val_psnr: 28.3934 - val_ssim: 0.9190 - lr: 0.0020 - 54s/epoch - 273ms/step
Epoch 70/1000

Epoch 70: val_loss did not improve from 0.02944
196/196 - 54s - loss: 0.0326 - psnr: 27.0794 - ssim: 0.8107 - val_loss: 0.0305 - val_psnr: 28.3986 - val_ssim: 0.9191 - lr: 0.0020 - 54s/epoch - 274ms/step
Epoch 71/1000

Epoch 71: val_loss did not improve from 0.02944
196/196 - 54s - loss: 0.0326 - psnr: 27.0858 - ssim: 0.8110 - val_loss: 0.0307 - val_psnr: 28.3544 - val_ssim: 0.9191 - lr: 0.0020 - 54s/epoch - 275ms/step
Epoch 72/1000

Epoch 72: val_loss did not improve from 0.02944
196/196 - 53s - loss: 0.0325 - psnr: 27.0928 - ssim: 0.8113 - val_loss: 0.0305 - val_psnr: 28.3936 - val_ssim: 0.9188 - lr: 0.0020 - 53s/epoch - 273ms/step
Epoch 73/1000

Epoch 73: val_loss did not improve from 0.02944
196/196 - 54s - loss: 0.0325 - psnr: 27.0990 - ssim: 0.8114 - val_loss: 0.0305 - val_psnr: 28.3890 - val_ssim: 0.9190 - lr: 0.0020 - 54s/epoch - 275ms/step
Epoch 74/1000

Epoch 74: val_loss did not improve from 0.02944
196/196 - 54s - loss: 0.0325 - psnr: 27.0995 - ssim: 0.8115 - val_loss: 0.0305 - val_psnr: 28.4033 - val_ssim: 0.9190 - lr: 0.0020 - 54s/epoch - 274ms/step
Epoch 75/1000

Epoch 75: val_loss did not improve from 0.02944
196/196 - 54s - loss: 0.0325 - psnr: 27.1038 - ssim: 0.8116 - val_loss: 0.0304 - val_psnr: 28.4340 - val_ssim: 0.9191 - lr: 0.0020 - 54s/epoch - 275ms/step
Epoch 76/1000

Epoch 76: ReduceLROnPlateau reducing learning rate to 0.0003999999724328518.

Epoch 76: val_loss did not improve from 0.02944
196/196 - 54s - loss: 0.0325 - psnr: 27.1060 - ssim: 0.8118 - val_loss: 0.0304 - val_psnr: 28.4354 - val_ssim: 0.9189 - lr: 0.0020 - 54s/epoch - 275ms/step
Epoch 77/1000

Epoch 77: val_loss improved from 0.02944 to 0.02553, saving model to models/model_2023.01.29_22:24
WARNING:absl:Found untraced functions such as _jit_compiled_convolution_op, conv2d_layer_call_fn, conv2d_layer_call_and_return_conditional_losses, _jit_compiled_convolution_op, leaky_re_lu_layer_call_fn while saving (showing 5 of 241). These functions will not be directly callable after loading.
196/196 - 75s - loss: 0.0322 - psnr: 27.1552 - ssim: 0.8122 - val_loss: 0.0255 - val_psnr: 29.6596 - val_ssim: 0.9237 - lr: 4.0000e-04 - 75s/epoch - 382ms/step
Epoch 78/1000

Epoch 78: val_loss did not improve from 0.02553
196/196 - 54s - loss: 0.0322 - psnr: 27.1617 - ssim: 0.8123 - val_loss: 0.0256 - val_psnr: 29.6347 - val_ssim: 0.9237 - lr: 4.0000e-04 - 54s/epoch - 273ms/step
Epoch 79/1000

Epoch 79: val_loss improved from 0.02553 to 0.02544, saving model to models/model_2023.01.29_22:24
WARNING:absl:Found untraced functions such as _jit_compiled_convolution_op, conv2d_layer_call_fn, conv2d_layer_call_and_return_conditional_losses, _jit_compiled_convolution_op, leaky_re_lu_layer_call_fn while saving (showing 5 of 241). These functions will not be directly callable after loading.
196/196 - 75s - loss: 0.0322 - psnr: 27.1607 - ssim: 0.8123 - val_loss: 0.0254 - val_psnr: 29.6804 - val_ssim: 0.9238 - lr: 4.0000e-04 - 75s/epoch - 382ms/step
Epoch 80/1000

Epoch 80: val_loss did not improve from 0.02544
196/196 - 54s - loss: 0.0322 - psnr: 27.1601 - ssim: 0.8123 - val_loss: 0.0255 - val_psnr: 29.6566 - val_ssim: 0.9238 - lr: 4.0000e-04 - 54s/epoch - 276ms/step
Epoch 81/1000

Epoch 81: val_loss did not improve from 0.02544
196/196 - 54s - loss: 0.0322 - psnr: 27.1646 - ssim: 0.8124 - val_loss: 0.0257 - val_psnr: 29.6113 - val_ssim: 0.9236 - lr: 4.0000e-04 - 54s/epoch - 274ms/step
Epoch 82/1000

Epoch 82: val_loss did not improve from 0.02544
196/196 - 54s - loss: 0.0322 - psnr: 27.1644 - ssim: 0.8124 - val_loss: 0.0255 - val_psnr: 29.6602 - val_ssim: 0.9238 - lr: 4.0000e-04 - 54s/epoch - 277ms/step
Epoch 83/1000

Epoch 83: val_loss did not improve from 0.02544
196/196 - 54s - loss: 0.0322 - psnr: 27.1653 - ssim: 0.8125 - val_loss: 0.0256 - val_psnr: 29.6432 - val_ssim: 0.9237 - lr: 4.0000e-04 - 54s/epoch - 274ms/step
Epoch 84/1000

Epoch 84: val_loss did not improve from 0.02544
196/196 - 53s - loss: 0.0322 - psnr: 27.1651 - ssim: 0.8125 - val_loss: 0.0256 - val_psnr: 29.6397 - val_ssim: 0.9238 - lr: 4.0000e-04 - 53s/epoch - 272ms/step
Epoch 85/1000

Epoch 85: val_loss did not improve from 0.02544
196/196 - 54s - loss: 0.0322 - psnr: 27.1651 - ssim: 0.8125 - val_loss: 0.0256 - val_psnr: 29.6570 - val_ssim: 0.9238 - lr: 4.0000e-04 - 54s/epoch - 275ms/step
Epoch 86/1000

Epoch 86: val_loss did not improve from 0.02544
196/196 - 54s - loss: 0.0322 - psnr: 27.1674 - ssim: 0.8125 - val_loss: 0.0255 - val_psnr: 29.6826 - val_ssim: 0.9239 - lr: 4.0000e-04 - 54s/epoch - 274ms/step
Epoch 87/1000

Epoch 87: val_loss did not improve from 0.02544
196/196 - 54s - loss: 0.0322 - psnr: 27.1673 - ssim: 0.8126 - val_loss: 0.0256 - val_psnr: 29.6427 - val_ssim: 0.9238 - lr: 4.0000e-04 - 54s/epoch - 274ms/step
Epoch 88/1000

Epoch 88: val_loss did not improve from 0.02544
196/196 - 54s - loss: 0.0322 - psnr: 27.1677 - ssim: 0.8126 - val_loss: 0.0255 - val_psnr: 29.6711 - val_ssim: 0.9240 - lr: 4.0000e-04 - 54s/epoch - 275ms/step
Epoch 89/1000

Epoch 89: val_loss did not improve from 0.02544
196/196 - 54s - loss: 0.0322 - psnr: 27.1706 - ssim: 0.8126 - val_loss: 0.0257 - val_psnr: 29.6244 - val_ssim: 0.9238 - lr: 4.0000e-04 - 54s/epoch - 274ms/step
Epoch 90/1000

Epoch 90: val_loss did not improve from 0.02544
196/196 - 54s - loss: 0.0322 - psnr: 27.1698 - ssim: 0.8126 - val_loss: 0.0256 - val_psnr: 29.6339 - val_ssim: 0.9239 - lr: 4.0000e-04 - 54s/epoch - 273ms/step
Epoch 91/1000

Epoch 91: val_loss did not improve from 0.02544
196/196 - 54s - loss: 0.0322 - psnr: 27.1671 - ssim: 0.8126 - val_loss: 0.0256 - val_psnr: 29.6472 - val_ssim: 0.9238 - lr: 4.0000e-04 - 54s/epoch - 274ms/step
Epoch 92/1000

Epoch 92: val_loss did not improve from 0.02544
196/196 - 54s - loss: 0.0322 - psnr: 27.1710 - ssim: 0.8127 - val_loss: 0.0255 - val_psnr: 29.6730 - val_ssim: 0.9240 - lr: 4.0000e-04 - 54s/epoch - 275ms/step
Epoch 93/1000

Epoch 93: val_loss did not improve from 0.02544
196/196 - 53s - loss: 0.0321 - psnr: 27.1713 - ssim: 0.8127 - val_loss: 0.0256 - val_psnr: 29.6423 - val_ssim: 0.9239 - lr: 4.0000e-04 - 53s/epoch - 273ms/step
Epoch 94/1000

Epoch 94: val_loss did not improve from 0.02544
196/196 - 53s - loss: 0.0321 - psnr: 27.1701 - ssim: 0.8128 - val_loss: 0.0256 - val_psnr: 29.6371 - val_ssim: 0.9240 - lr: 4.0000e-04 - 53s/epoch - 273ms/step
Epoch 95/1000

Epoch 95: val_loss did not improve from 0.02544
196/196 - 54s - loss: 0.0321 - psnr: 27.1727 - ssim: 0.8127 - val_loss: 0.0254 - val_psnr: 29.6872 - val_ssim: 0.9240 - lr: 4.0000e-04 - 54s/epoch - 275ms/step
Epoch 96/1000

Epoch 96: val_loss did not improve from 0.02544
196/196 - 54s - loss: 0.0321 - psnr: 27.1714 - ssim: 0.8127 - val_loss: 0.0255 - val_psnr: 29.6671 - val_ssim: 0.9240 - lr: 4.0000e-04 - 54s/epoch - 274ms/step
Epoch 97/1000

Epoch 97: val_loss did not improve from 0.02544
196/196 - 54s - loss: 0.0321 - psnr: 27.1720 - ssim: 0.8127 - val_loss: 0.0256 - val_psnr: 29.6476 - val_ssim: 0.9239 - lr: 4.0000e-04 - 54s/epoch - 273ms/step
Epoch 98/1000

Epoch 98: val_loss did not improve from 0.02544
196/196 - 54s - loss: 0.0321 - psnr: 27.1749 - ssim: 0.8128 - val_loss: 0.0256 - val_psnr: 29.6302 - val_ssim: 0.9239 - lr: 4.0000e-04 - 54s/epoch - 275ms/step
Epoch 99/1000

Epoch 99: val_loss did not improve from 0.02544
196/196 - 54s - loss: 0.0321 - psnr: 27.1754 - ssim: 0.8129 - val_loss: 0.0256 - val_psnr: 29.6478 - val_ssim: 0.9239 - lr: 4.0000e-04 - 54s/epoch - 274ms/step
Epoch 100/1000

Epoch 100: val_loss did not improve from 0.02544
196/196 - 54s - loss: 0.0321 - psnr: 27.1743 - ssim: 0.8128 - val_loss: 0.0255 - val_psnr: 29.6707 - val_ssim: 0.9240 - lr: 4.0000e-04 - 54s/epoch - 274ms/step
Epoch 101/1000

Epoch 101: val_loss did not improve from 0.02544
196/196 - 54s - loss: 0.0321 - psnr: 27.1750 - ssim: 0.8129 - val_loss: 0.0256 - val_psnr: 29.6420 - val_ssim: 0.9240 - lr: 4.0000e-04 - 54s/epoch - 273ms/step
Epoch 102/1000

Epoch 102: val_loss did not improve from 0.02544
196/196 - 54s - loss: 0.0321 - psnr: 27.1774 - ssim: 0.8130 - val_loss: 0.0256 - val_psnr: 29.6345 - val_ssim: 0.9241 - lr: 4.0000e-04 - 54s/epoch - 273ms/step
Epoch 103/1000

Epoch 103: val_loss did not improve from 0.02544
196/196 - 53s - loss: 0.0321 - psnr: 27.1767 - ssim: 0.8130 - val_loss: 0.0256 - val_psnr: 29.6447 - val_ssim: 0.9240 - lr: 4.0000e-04 - 53s/epoch - 273ms/step
Epoch 104/1000

Epoch 104: val_loss did not improve from 0.02544
196/196 - 54s - loss: 0.0321 - psnr: 27.1786 - ssim: 0.8130 - val_loss: 0.0255 - val_psnr: 29.6655 - val_ssim: 0.9240 - lr: 4.0000e-04 - 54s/epoch - 275ms/step
Epoch 105/1000

Epoch 105: ReduceLROnPlateau reducing learning rate to 7.999999215826393e-05.

Epoch 105: val_loss did not improve from 0.02544
196/196 - 54s - loss: 0.0321 - psnr: 27.1780 - ssim: 0.8130 - val_loss: 0.0257 - val_psnr: 29.6290 - val_ssim: 0.9240 - lr: 4.0000e-04 - 54s/epoch - 274ms/step
Epoch 106/1000

Epoch 106: val_loss improved from 0.02544 to 0.02477, saving model to models/model_2023.01.29_22:24
WARNING:absl:Found untraced functions such as _jit_compiled_convolution_op, conv2d_layer_call_fn, conv2d_layer_call_and_return_conditional_losses, _jit_compiled_convolution_op, leaky_re_lu_layer_call_fn while saving (showing 5 of 241). These functions will not be directly callable after loading.
196/196 - 75s - loss: 0.0320 - psnr: 27.1927 - ssim: 0.8133 - val_loss: 0.0248 - val_psnr: 29.8296 - val_ssim: 0.9250 - lr: 8.0000e-05 - 75s/epoch - 385ms/step
Epoch 107/1000

Epoch 107: val_loss did not improve from 0.02477
196/196 - 54s - loss: 0.0320 - psnr: 27.1918 - ssim: 0.8131 - val_loss: 0.0248 - val_psnr: 29.8181 - val_ssim: 0.9250 - lr: 8.0000e-05 - 54s/epoch - 275ms/step
Epoch 108/1000

Epoch 108: val_loss improved from 0.02477 to 0.02476, saving model to models/model_2023.01.29_22:24
WARNING:absl:Found untraced functions such as _jit_compiled_convolution_op, conv2d_layer_call_fn, conv2d_layer_call_and_return_conditional_losses, _jit_compiled_convolution_op, leaky_re_lu_layer_call_fn while saving (showing 5 of 241). These functions will not be directly callable after loading.
196/196 - 75s - loss: 0.0320 - psnr: 27.1924 - ssim: 0.8131 - val_loss: 0.0248 - val_psnr: 29.8311 - val_ssim: 0.9250 - lr: 8.0000e-05 - 75s/epoch - 382ms/step
Epoch 109/1000

Epoch 109: val_loss improved from 0.02476 to 0.02475, saving model to models/model_2023.01.29_22:24
WARNING:absl:Found untraced functions such as _jit_compiled_convolution_op, conv2d_layer_call_fn, conv2d_layer_call_and_return_conditional_losses, _jit_compiled_convolution_op, leaky_re_lu_layer_call_fn while saving (showing 5 of 241). These functions will not be directly callable after loading.
196/196 - 75s - loss: 0.0320 - psnr: 27.1922 - ssim: 0.8131 - val_loss: 0.0248 - val_psnr: 29.8353 - val_ssim: 0.9250 - lr: 8.0000e-05 - 75s/epoch - 381ms/step
Epoch 110/1000

Epoch 110: val_loss did not improve from 0.02475
196/196 - 54s - loss: 0.0320 - psnr: 27.1924 - ssim: 0.8132 - val_loss: 0.0248 - val_psnr: 29.8216 - val_ssim: 0.9250 - lr: 8.0000e-05 - 54s/epoch - 275ms/step
Epoch 111/1000

Epoch 111: val_loss improved from 0.02475 to 0.02475, saving model to models/model_2023.01.29_22:24
WARNING:absl:Found untraced functions such as _jit_compiled_convolution_op, conv2d_layer_call_fn, conv2d_layer_call_and_return_conditional_losses, _jit_compiled_convolution_op, leaky_re_lu_layer_call_fn while saving (showing 5 of 241). These functions will not be directly callable after loading.
196/196 - 75s - loss: 0.0320 - psnr: 27.1923 - ssim: 0.8131 - val_loss: 0.0248 - val_psnr: 29.8337 - val_ssim: 0.9251 - lr: 8.0000e-05 - 75s/epoch - 383ms/step
Epoch 112/1000

Epoch 112: val_loss did not improve from 0.02475
196/196 - 54s - loss: 0.0320 - psnr: 27.1941 - ssim: 0.8132 - val_loss: 0.0248 - val_psnr: 29.8276 - val_ssim: 0.9251 - lr: 8.0000e-05 - 54s/epoch - 274ms/step
Epoch 113/1000

Epoch 113: val_loss did not improve from 0.02475
196/196 - 54s - loss: 0.0320 - psnr: 27.1960 - ssim: 0.8131 - val_loss: 0.0248 - val_psnr: 29.8120 - val_ssim: 0.9251 - lr: 8.0000e-05 - 54s/epoch - 276ms/step
Epoch 114/1000

Epoch 114: val_loss improved from 0.02475 to 0.02472, saving model to models/model_2023.01.29_22:24
WARNING:absl:Found untraced functions such as _jit_compiled_convolution_op, conv2d_layer_call_fn, conv2d_layer_call_and_return_conditional_losses, _jit_compiled_convolution_op, leaky_re_lu_layer_call_fn while saving (showing 5 of 241). These functions will not be directly callable after loading.
196/196 - 75s - loss: 0.0320 - psnr: 27.1934 - ssim: 0.8132 - val_loss: 0.0247 - val_psnr: 29.8427 - val_ssim: 0.9251 - lr: 8.0000e-05 - 75s/epoch - 382ms/step
Epoch 115/1000

Epoch 115: val_loss did not improve from 0.02472
196/196 - 54s - loss: 0.0320 - psnr: 27.1936 - ssim: 0.8132 - val_loss: 0.0247 - val_psnr: 29.8370 - val_ssim: 0.9251 - lr: 8.0000e-05 - 54s/epoch - 274ms/step
Epoch 116/1000

Epoch 116: val_loss did not improve from 0.02472
196/196 - 54s - loss: 0.0320 - psnr: 27.1912 - ssim: 0.8131 - val_loss: 0.0248 - val_psnr: 29.8243 - val_ssim: 0.9251 - lr: 8.0000e-05 - 54s/epoch - 274ms/step
Epoch 117/1000

Epoch 117: val_loss did not improve from 0.02472
196/196 - 54s - loss: 0.0320 - psnr: 27.1951 - ssim: 0.8132 - val_loss: 0.0247 - val_psnr: 29.8363 - val_ssim: 0.9251 - lr: 8.0000e-05 - 54s/epoch - 275ms/step
Epoch 118/1000

Epoch 118: val_loss did not improve from 0.02472
196/196 - 54s - loss: 0.0320 - psnr: 27.1931 - ssim: 0.8131 - val_loss: 0.0247 - val_psnr: 29.8386 - val_ssim: 0.9251 - lr: 8.0000e-05 - 54s/epoch - 275ms/step
Epoch 119/1000

Epoch 119: val_loss did not improve from 0.02472
196/196 - 54s - loss: 0.0320 - psnr: 27.1940 - ssim: 0.8131 - val_loss: 0.0247 - val_psnr: 29.8397 - val_ssim: 0.9250 - lr: 8.0000e-05 - 54s/epoch - 273ms/step
Epoch 120/1000

Epoch 120: val_loss did not improve from 0.02472
196/196 - 54s - loss: 0.0320 - psnr: 27.1955 - ssim: 0.8132 - val_loss: 0.0248 - val_psnr: 29.8217 - val_ssim: 0.9251 - lr: 8.0000e-05 - 54s/epoch - 275ms/step
Epoch 121/1000

Epoch 121: val_loss did not improve from 0.02472
196/196 - 55s - loss: 0.0320 - psnr: 27.1936 - ssim: 0.8132 - val_loss: 0.0248 - val_psnr: 29.8228 - val_ssim: 0.9251 - lr: 8.0000e-05 - 55s/epoch - 279ms/step
Epoch 122/1000

Epoch 122: val_loss did not improve from 0.02472
196/196 - 54s - loss: 0.0320 - psnr: 27.1942 - ssim: 0.8132 - val_loss: 0.0248 - val_psnr: 29.8239 - val_ssim: 0.9250 - lr: 8.0000e-05 - 54s/epoch - 274ms/step
Epoch 123/1000

Epoch 123: val_loss did not improve from 0.02472
196/196 - 54s - loss: 0.0320 - psnr: 27.1953 - ssim: 0.8132 - val_loss: 0.0248 - val_psnr: 29.8230 - val_ssim: 0.9250 - lr: 8.0000e-05 - 54s/epoch - 275ms/step
Epoch 124/1000

Epoch 124: val_loss did not improve from 0.02472
196/196 - 54s - loss: 0.0320 - psnr: 27.1949 - ssim: 0.8132 - val_loss: 0.0248 - val_psnr: 29.8172 - val_ssim: 0.9251 - lr: 8.0000e-05 - 54s/epoch - 276ms/step
Epoch 125/1000

Epoch 125: val_loss did not improve from 0.02472
196/196 - 54s - loss: 0.0320 - psnr: 27.1944 - ssim: 0.8132 - val_loss: 0.0248 - val_psnr: 29.8232 - val_ssim: 0.9250 - lr: 8.0000e-05 - 54s/epoch - 276ms/step
Epoch 126/1000

Epoch 126: val_loss did not improve from 0.02472
196/196 - 54s - loss: 0.0320 - psnr: 27.1953 - ssim: 0.8132 - val_loss: 0.0248 - val_psnr: 29.8320 - val_ssim: 0.9251 - lr: 8.0000e-05 - 54s/epoch - 275ms/step
Epoch 127/1000

Epoch 127: val_loss did not improve from 0.02472
196/196 - 54s - loss: 0.0320 - psnr: 27.1972 - ssim: 0.8133 - val_loss: 0.0248 - val_psnr: 29.8167 - val_ssim: 0.9251 - lr: 8.0000e-05 - 54s/epoch - 275ms/step
Epoch 128/1000

Epoch 128: val_loss did not improve from 0.02472
196/196 - 54s - loss: 0.0320 - psnr: 27.1948 - ssim: 0.8133 - val_loss: 0.0247 - val_psnr: 29.8420 - val_ssim: 0.9251 - lr: 8.0000e-05 - 54s/epoch - 276ms/step
Epoch 129/1000

Epoch 129: val_loss did not improve from 0.02472
196/196 - 54s - loss: 0.0320 - psnr: 27.1951 - ssim: 0.8133 - val_loss: 0.0248 - val_psnr: 29.8275 - val_ssim: 0.9251 - lr: 8.0000e-05 - 54s/epoch - 275ms/step
Epoch 130/1000

Epoch 130: val_loss did not improve from 0.02472
196/196 - 54s - loss: 0.0320 - psnr: 27.1972 - ssim: 0.8133 - val_loss: 0.0248 - val_psnr: 29.8208 - val_ssim: 0.9251 - lr: 8.0000e-05 - 54s/epoch - 274ms/step
Epoch 131/1000

Epoch 131: val_loss did not improve from 0.02472
196/196 - 54s - loss: 0.0320 - psnr: 27.1963 - ssim: 0.8133 - val_loss: 0.0248 - val_psnr: 29.8277 - val_ssim: 0.9251 - lr: 8.0000e-05 - 54s/epoch - 274ms/step
Epoch 132/1000

Epoch 132: val_loss did not improve from 0.02472
196/196 - 54s - loss: 0.0320 - psnr: 27.1968 - ssim: 0.8133 - val_loss: 0.0248 - val_psnr: 29.8256 - val_ssim: 0.9251 - lr: 8.0000e-05 - 54s/epoch - 275ms/step
Epoch 133/1000

Epoch 133: val_loss did not improve from 0.02472
196/196 - 54s - loss: 0.0320 - psnr: 27.1951 - ssim: 0.8133 - val_loss: 0.0248 - val_psnr: 29.8211 - val_ssim: 0.9251 - lr: 8.0000e-05 - 54s/epoch - 276ms/step
Epoch 134/1000

Epoch 134: ReduceLROnPlateau reducing learning rate to 1.599999814061448e-05.

Epoch 134: val_loss did not improve from 0.02472
196/196 - 54s - loss: 0.0320 - psnr: 27.1976 - ssim: 0.8132 - val_loss: 0.0248 - val_psnr: 29.8327 - val_ssim: 0.9251 - lr: 8.0000e-05 - 54s/epoch - 275ms/step
Epoch 135/1000

Epoch 135: val_loss did not improve from 0.02472
196/196 - 54s - loss: 0.0320 - psnr: 27.2020 - ssim: 0.8132 - val_loss: 0.0251 - val_psnr: 29.7495 - val_ssim: 0.9246 - lr: 1.6000e-05 - 54s/epoch - 275ms/step
Epoch 136/1000

Epoch 136: val_loss did not improve from 0.02472
196/196 - 54s - loss: 0.0320 - psnr: 27.1989 - ssim: 0.8133 - val_loss: 0.0252 - val_psnr: 29.7368 - val_ssim: 0.9246 - lr: 1.6000e-05 - 54s/epoch - 274ms/step
Epoch 137/1000

Epoch 137: val_loss did not improve from 0.02472
196/196 - 54s - loss: 0.0320 - psnr: 27.1984 - ssim: 0.8133 - val_loss: 0.0252 - val_psnr: 29.7314 - val_ssim: 0.9246 - lr: 1.6000e-05 - 54s/epoch - 276ms/step
Epoch 138/1000

Epoch 138: val_loss did not improve from 0.02472
196/196 - 54s - loss: 0.0320 - psnr: 27.1988 - ssim: 0.8132 - val_loss: 0.0252 - val_psnr: 29.7359 - val_ssim: 0.9246 - lr: 1.6000e-05 - 54s/epoch - 273ms/step
Epoch 139/1000

Epoch 139: val_loss did not improve from 0.02472
196/196 - 54s - loss: 0.0320 - psnr: 27.2023 - ssim: 0.8134 - val_loss: 0.0252 - val_psnr: 29.7317 - val_ssim: 0.9246 - lr: 1.6000e-05 - 54s/epoch - 276ms/step
Epoch 140/1000

Epoch 140: val_loss did not improve from 0.02472
196/196 - 54s - loss: 0.0320 - psnr: 27.1998 - ssim: 0.8133 - val_loss: 0.0252 - val_psnr: 29.7401 - val_ssim: 0.9246 - lr: 1.6000e-05 - 54s/epoch - 275ms/step
Epoch 141/1000

Epoch 141: val_loss did not improve from 0.02472
196/196 - 54s - loss: 0.0320 - psnr: 27.1992 - ssim: 0.8132 - val_loss: 0.0252 - val_psnr: 29.7387 - val_ssim: 0.9246 - lr: 1.6000e-05 - 54s/epoch - 274ms/step
Epoch 142/1000

Epoch 142: val_loss did not improve from 0.02472
196/196 - 54s - loss: 0.0320 - psnr: 27.2014 - ssim: 0.8133 - val_loss: 0.0252 - val_psnr: 29.7381 - val_ssim: 0.9246 - lr: 1.6000e-05 - 54s/epoch - 275ms/step
Epoch 143/1000

Epoch 143: val_loss did not improve from 0.02472
196/196 - 54s - loss: 0.0320 - psnr: 27.1990 - ssim: 0.8133 - val_loss: 0.0252 - val_psnr: 29.7395 - val_ssim: 0.9246 - lr: 1.6000e-05 - 54s/epoch - 275ms/step
Epoch 144/1000

Epoch 144: val_loss did not improve from 0.02472
196/196 - 54s - loss: 0.0320 - psnr: 27.1979 - ssim: 0.8132 - val_loss: 0.0252 - val_psnr: 29.7402 - val_ssim: 0.9246 - lr: 1.6000e-05 - 54s/epoch - 276ms/step
Epoch 145/1000

Epoch 145: val_loss did not improve from 0.02472
196/196 - 54s - loss: 0.0320 - psnr: 27.2001 - ssim: 0.8133 - val_loss: 0.0252 - val_psnr: 29.7331 - val_ssim: 0.9246 - lr: 1.6000e-05 - 54s/epoch - 276ms/step
Epoch 146/1000

Epoch 146: val_loss did not improve from 0.02472
196/196 - 54s - loss: 0.0320 - psnr: 27.1975 - ssim: 0.8132 - val_loss: 0.0252 - val_psnr: 29.7304 - val_ssim: 0.9246 - lr: 1.6000e-05 - 54s/epoch - 274ms/step
Epoch 147/1000

Epoch 147: val_loss did not improve from 0.02472
196/196 - 54s - loss: 0.0320 - psnr: 27.1994 - ssim: 0.8133 - val_loss: 0.0252 - val_psnr: 29.7361 - val_ssim: 0.9246 - lr: 1.6000e-05 - 54s/epoch - 276ms/step
Epoch 148/1000

Epoch 148: val_loss did not improve from 0.02472
196/196 - 53s - loss: 0.0320 - psnr: 27.2006 - ssim: 0.8133 - val_loss: 0.0252 - val_psnr: 29.7393 - val_ssim: 0.9246 - lr: 1.6000e-05 - 53s/epoch - 272ms/step
Epoch 149/1000

Epoch 149: val_loss did not improve from 0.02472
196/196 - 54s - loss: 0.0320 - psnr: 27.2010 - ssim: 0.8133 - val_loss: 0.0252 - val_psnr: 29.7339 - val_ssim: 0.9246 - lr: 1.6000e-05 - 54s/epoch - 274ms/step
Epoch 150/1000

Epoch 150: val_loss did not improve from 0.02472
196/196 - 54s - loss: 0.0320 - psnr: 27.2004 - ssim: 0.8133 - val_loss: 0.0252 - val_psnr: 29.7416 - val_ssim: 0.9246 - lr: 1.6000e-05 - 54s/epoch - 276ms/step
Epoch 151/1000

Epoch 151: val_loss did not improve from 0.02472
196/196 - 54s - loss: 0.0320 - psnr: 27.2010 - ssim: 0.8133 - val_loss: 0.0252 - val_psnr: 29.7359 - val_ssim: 0.9246 - lr: 1.6000e-05 - 54s/epoch - 275ms/step
Epoch 152/1000

Epoch 152: val_loss did not improve from 0.02472
196/196 - 54s - loss: 0.0320 - psnr: 27.1989 - ssim: 0.8133 - val_loss: 0.0252 - val_psnr: 29.7370 - val_ssim: 0.9246 - lr: 1.6000e-05 - 54s/epoch - 276ms/step
Epoch 153/1000

Epoch 153: val_loss did not improve from 0.02472
196/196 - 54s - loss: 0.0320 - psnr: 27.2000 - ssim: 0.8133 - val_loss: 0.0252 - val_psnr: 29.7341 - val_ssim: 0.9246 - lr: 1.6000e-05 - 54s/epoch - 276ms/step
Epoch 154/1000

Epoch 154: val_loss did not improve from 0.02472
196/196 - 54s - loss: 0.0320 - psnr: 27.2019 - ssim: 0.8134 - val_loss: 0.0252 - val_psnr: 29.7346 - val_ssim: 0.9246 - lr: 1.6000e-05 - 54s/epoch - 275ms/step
Epoch 155/1000

Epoch 155: val_loss did not improve from 0.02472
196/196 - 54s - loss: 0.0320 - psnr: 27.1990 - ssim: 0.8133 - val_loss: 0.0252 - val_psnr: 29.7388 - val_ssim: 0.9246 - lr: 1.6000e-05 - 54s/epoch - 275ms/step
Epoch 156/1000
Restoring model weights from the end of the best epoch: 106.

Epoch 156: val_loss did not improve from 0.02472
196/196 - 54s - loss: 0.0320 - psnr: 27.2007 - ssim: 0.8133 - val_loss: 0.0252 - val_psnr: 29.7309 - val_ssim: 0.9246 - lr: 1.6000e-05 - 54s/epoch - 276ms/step
Epoch 156: early stopping
[0m
[32mSaving model architecture text summary...[0m
[32mSaving model training history...[0m
[32mEvaluating model...[0m
[36m
40/40 - 4s - loss: 0.0248 - psnr: 29.8320 - ssim: 0.9250 - 4s/epoch - 108ms/step
WARNING:matplotlib.font_manager:findfont: Generic family 'sans-serif' not found because none of the following families were found: Readex Pro
WARNING:matplotlib.font_manager:findfont: Generic family 'sans-serif' not found because none of the following families were found: Readex Pro
WARNING:matplotlib.font_manager:findfont: Generic family 'sans-serif' not found because none of the following families were found: Readex Pro
WARNING:matplotlib.font_manager:findfont: Generic family 'sans-serif' not found because none of the following families were found: Readex Pro
WARNING:matplotlib.font_manager:findfont: Generic family 'sans-serif' not found because none of the following families were found: Readex Pro
WARNING:matplotlib.font_manager:findfont: Generic family 'sans-serif' not found because none of the following families were found: Readex Pro
WARNING:matplotlib.font_manager:findfont: Generic family 'sans-serif' not found because none of the following families were found: Readex Pro
WARNING:matplotlib.font_manager:findfont: Generic family 'sans-serif' not found because none of the following families were found: Readex Pro
WARNING:matplotlib.font_manager:findfont: Generic family 'sans-serif' not found because none of the following families were found: Readex Pro
WARNING:matplotlib.font_manager:findfont: Generic family 'sans-serif' not found because none of the following families were found: Readex Pro
WARNING:matplotlib.font_manager:findfont: Generic family 'sans-serif' not found because none of the following families were found: Readex Pro
WARNING:matplotlib.font_manager:findfont: Generic family 'sans-serif' not found because none of the following families were found: Readex Pro
WARNING:matplotlib.font_manager:findfont: Generic family 'sans-serif' not found because none of the following families were found: Readex Pro
WARNING:matplotlib.font_manager:findfont: Generic family 'sans-serif' not found because none of the following families were found: Readex Pro
WARNING:matplotlib.font_manager:findfont: Generic family 'sans-serif' not found because none of the following families were found: Readex Pro
WARNING:matplotlib.font_manager:findfont: Generic family 'sans-serif' not found because none of the following families were found: Readex Pro
WARNING:matplotlib.font_manager:findfont: Generic family 'sans-serif' not found because none of the following families were found: Readex Pro
WARNING:matplotlib.font_manager:findfont: Generic family 'sans-serif' not found because none of the following families were found: Readex Pro
WARNING:matplotlib.font_manager:findfont: Generic family 'sans-serif' not found because none of the following families were found: Readex Pro
WARNING:matplotlib.font_manager:findfont: Generic family 'sans-serif' not found because none of the following families were found: Readex Pro
WARNING:matplotlib.font_manager:findfont: Generic family 'sans-serif' not found because none of the following families were found: Readex Pro
WARNING:matplotlib.font_manager:findfont: Generic family 'sans-serif' not found because none of the following families were found: Readex Pro
WARNING:matplotlib.font_manager:findfont: Generic family 'sans-serif' not found because none of the following families were found: Readex Pro
WARNING:matplotlib.font_manager:findfont: Generic family 'sans-serif' not found because none of the following families were found: Readex Pro
WARNING:matplotlib.font_manager:findfont: Generic family 'sans-serif' not found because none of the following families were found: Readex Pro
WARNING:matplotlib.font_manager:findfont: Generic family 'sans-serif' not found because none of the following families were found: Readex Pro
WARNING:matplotlib.font_manager:findfont: Generic family 'sans-serif' not found because none of the following families were found: Readex Pro
WARNING:matplotlib.font_manager:findfont: Generic family 'sans-serif' not found because none of the following families were found: Readex Pro
WARNING:matplotlib.font_manager:findfont: Generic family 'sans-serif' not found because none of the following families were found: Readex Pro
WARNING:matplotlib.font_manager:findfont: Generic family 'sans-serif' not found because none of the following families were found: Readex Pro
WARNING:matplotlib.font_manager:findfont: Generic family 'sans-serif' not found because none of the following families were found: Readex Pro
WARNING:matplotlib.font_manager:findfont: Generic family 'sans-serif' not found because none of the following families were found: Readex Pro
WARNING:matplotlib.font_manager:findfont: Generic family 'sans-serif' not found because none of the following families were found: Readex Pro
WARNING:matplotlib.font_manager:findfont: Generic family 'sans-serif' not found because none of the following families were found: Readex Pro
WARNING:matplotlib.font_manager:findfont: Generic family 'sans-serif' not found because none of the following families were found: Readex Pro
WARNING:matplotlib.font_manager:findfont: Generic family 'sans-serif' not found because none of the following families were found: Readex Pro
WARNING:matplotlib.font_manager:findfont: Generic family 'sans-serif' not found because none of the following families were found: Readex Pro
WARNING:matplotlib.font_manager:findfont: Generic family 'sans-serif' not found because none of the following families were found: Readex Pro
WARNING:matplotlib.font_manager:findfont: Generic family 'sans-serif' not found because none of the following families were found: Readex Pro
WARNING:matplotlib.font_manager:findfont: Generic family 'sans-serif' not found because none of the following families were found: Readex Pro
WARNING:matplotlib.font_manager:findfont: Generic family 'sans-serif' not found because none of the following families were found: Readex Pro
WARNING:matplotlib.font_manager:findfont: Generic family 'sans-serif' not found because none of the following families were found: Readex Pro
WARNING:matplotlib.font_manager:findfont: Generic family 'sans-serif' not found because none of the following families were found: Readex Pro
WARNING:matplotlib.font_manager:findfont: Generic family 'sans-serif' not found because none of the following families were found: Readex Pro
WARNING:matplotlib.font_manager:findfont: Generic family 'sans-serif' not found because none of the following families were found: Readex Pro
WARNING:matplotlib.font_manager:findfont: Generic family 'sans-serif' not found because none of the following families were found: Readex Pro
WARNING:matplotlib.font_manager:findfont: Generic family 'sans-serif' not found because none of the following families were found: Readex Pro
WARNING:matplotlib.font_manager:findfont: Generic family 'sans-serif' not found because none of the following families were found: Readex Pro
WARNING:matplotlib.font_manager:findfont: Generic family 'sans-serif' not found because none of the following families were found: Readex Pro
WARNING:matplotlib.font_manager:findfont: Generic family 'sans-serif' not found because none of the following families were found: Readex Pro
WARNING:matplotlib.font_manager:findfont: Generic family 'sans-serif' not found because none of the following families were found: Readex Pro
WARNING:matplotlib.font_manager:findfont: Generic family 'sans-serif' not found because none of the following families were found: Readex Pro
WARNING:matplotlib.font_manager:findfont: Generic family 'sans-serif' not found because none of the following families were found: Readex Pro
WARNING:matplotlib.font_manager:findfont: Generic family 'sans-serif' not found because none of the following families were found: Readex Pro
WARNING:matplotlib.font_manager:findfont: Generic family 'sans-serif' not found because none of the following families were found: Readex Pro
WARNING:matplotlib.font_manager:findfont: Generic family 'sans-serif' not found because none of the following families were found: Readex Pro
WARNING:matplotlib.font_manager:findfont: Generic family 'sans-serif' not found because none of the following families were found: Readex Pro
WARNING:matplotlib.font_manager:findfont: Generic family 'sans-serif' not found because none of the following families were found: Readex Pro
WARNING:matplotlib.font_manager:findfont: Generic family 'sans-serif' not found because none of the following families were found: Readex Pro
WARNING:matplotlib.font_manager:findfont: Generic family 'sans-serif' not found because none of the following families were found: Readex Pro
WARNING:matplotlib.font_manager:findfont: Generic family 'sans-serif' not found because none of the following families were found: Readex Pro
WARNING:matplotlib.font_manager:findfont: Generic family 'sans-serif' not found because none of the following families were found: Readex Pro
WARNING:matplotlib.font_manager:findfont: Generic family 'sans-serif' not found because none of the following families were found: Readex Pro
WARNING:matplotlib.font_manager:findfont: Generic family 'sans-serif' not found because none of the following families were found: Readex Pro
WARNING:matplotlib.font_manager:findfont: Generic family 'sans-serif' not found because none of the following families were found: Readex Pro
WARNING:matplotlib.font_manager:findfont: Generic family 'sans-serif' not found because none of the following families were found: Readex Pro
WARNING:matplotlib.font_manager:findfont: Generic family 'sans-serif' not found because none of the following families were found: Readex Pro
WARNING:matplotlib.font_manager:findfont: Generic family 'sans-serif' not found because none of the following families were found: Readex Pro
WARNING:matplotlib.font_manager:findfont: Generic family 'sans-serif' not found because none of the following families were found: Readex Pro
WARNING:matplotlib.font_manager:findfont: Generic family 'sans-serif' not found because none of the following families were found: Readex Pro
WARNING:matplotlib.font_manager:findfont: Generic family 'sans-serif' not found because none of the following families were found: Readex Pro
WARNING:matplotlib.font_manager:findfont: Generic family 'sans-serif' not found because none of the following families were found: Readex Pro
WARNING:matplotlib.font_manager:findfont: Generic family 'sans-serif' not found because none of the following families were found: Readex Pro
WARNING:matplotlib.font_manager:findfont: Generic family 'sans-serif' not found because none of the following families were found: Readex Pro
WARNING:matplotlib.font_manager:findfont: Generic family 'sans-serif' not found because none of the following families were found: Readex Pro
WARNING:matplotlib.font_manager:findfont: Generic family 'sans-serif' not found because none of the following families were found: Readex Pro
WARNING:matplotlib.font_manager:findfont: Generic family 'sans-serif' not found because none of the following families were found: Readex Pro
WARNING:matplotlib.font_manager:findfont: Generic family 'sans-serif' not found because none of the following families were found: Readex Pro
WARNING:matplotlib.font_manager:findfont: Generic family 'sans-serif' not found because none of the following families were found: Readex Pro
WARNING:matplotlib.font_manager:findfont: Generic family 'sans-serif' not found because none of the following families were found: Readex Pro
WARNING:matplotlib.font_manager:findfont: Generic family 'sans-serif' not found because none of the following families were found: Readex Pro
WARNING:matplotlib.font_manager:findfont: Generic family 'sans-serif' not found because none of the following families were found: Readex Pro
WARNING:matplotlib.font_manager:findfont: Generic family 'sans-serif' not found because none of the following families were found: Readex Pro
WARNING:matplotlib.font_manager:findfont: Generic family 'sans-serif' not found because none of the following families were found: Readex Pro
WARNING:matplotlib.font_manager:findfont: Generic family 'sans-serif' not found because none of the following families were found: Readex Pro
WARNING:matplotlib.font_manager:findfont: Generic family 'sans-serif' not found because none of the following families were found: Readex Pro
WARNING:matplotlib.font_manager:findfont: Generic family 'sans-serif' not found because none of the following families were found: Readex Pro
WARNING:matplotlib.font_manager:findfont: Generic family 'sans-serif' not found because none of the following families were found: Readex Pro
WARNING:matplotlib.font_manager:findfont: Generic family 'sans-serif' not found because none of the following families were found: Readex Pro
WARNING:matplotlib.font_manager:findfont: Generic family 'sans-serif' not found because none of the following families were found: Readex Pro
WARNING:matplotlib.font_manager:findfont: Generic family 'sans-serif' not found because none of the following families were found: Readex Pro
WARNING:matplotlib.font_manager:findfont: Generic family 'sans-serif' not found because none of the following families were found: Readex Pro
WARNING:matplotlib.font_manager:findfont: Generic family 'sans-serif' not found because none of the following families were found: Readex Pro
WARNING:matplotlib.font_manager:findfont: Generic family 'sans-serif' not found because none of the following families were found: Readex Pro
WARNING:matplotlib.font_manager:findfont: Generic family 'sans-serif' not found because none of the following families were found: Readex Pro
WARNING:matplotlib.font_manager:findfont: Generic family 'sans-serif' not found because none of the following families were found: Readex Pro
WARNING:matplotlib.font_manager:findfont: Generic family 'sans-serif' not found because none of the following families were found: Readex Pro
WARNING:matplotlib.font_manager:findfont: Generic family 'sans-serif' not found because none of the following families were found: Readex Pro
WARNING:matplotlib.font_manager:findfont: Generic family 'sans-serif' not found because none of the following families were found: Readex Pro
WARNING:matplotlib.font_manager:findfont: Generic family 'sans-serif' not found because none of the following families were found: Readex Pro
WARNING:matplotlib.font_manager:findfont: Generic family 'sans-serif' not found because none of the following families were found: Readex Pro
WARNING:matplotlib.font_manager:findfont: Generic family 'sans-serif' not found because none of the following families were found: Readex Pro
WARNING:matplotlib.font_manager:findfont: Generic family 'sans-serif' not found because none of the following families were found: Readex Pro
WARNING:matplotlib.font_manager:findfont: Generic family 'sans-serif' not found because none of the following families were found: Readex Pro
WARNING:matplotlib.font_manager:findfont: Generic family 'sans-serif' not found because none of the following families were found: Readex Pro
WARNING:matplotlib.font_manager:findfont: Generic family 'sans-serif' not found because none of the following families were found: Readex Pro
WARNING:matplotlib.font_manager:findfont: Generic family 'sans-serif' not found because none of the following families were found: Readex Pro
WARNING:matplotlib.font_manager:findfont: Generic family 'sans-serif' not found because none of the following families were found: Readex Pro
WARNING:matplotlib.font_manager:findfont: Generic family 'sans-serif' not found because none of the following families were found: Readex Pro
WARNING:matplotlib.font_manager:findfont: Generic family 'sans-serif' not found because none of the following families were found: Readex Pro
WARNING:matplotlib.font_manager:findfont: Generic family 'sans-serif' not found because none of the following families were found: Readex Pro
WARNING:matplotlib.font_manager:findfont: Generic family 'sans-serif' not found because none of the following families were found: Readex Pro
WARNING:matplotlib.font_manager:findfont: Generic family 'sans-serif' not found because none of the following families were found: Readex Pro
WARNING:matplotlib.font_manager:findfont: Generic family 'sans-serif' not found because none of the following families were found: Readex Pro
WARNING:matplotlib.font_manager:findfont: Generic family 'sans-serif' not found because none of the following families were found: Readex Pro
WARNING:matplotlib.font_manager:findfont: Generic family 'sans-serif' not found because none of the following families were found: Readex Pro
WARNING:matplotlib.font_manager:findfont: Generic family 'sans-serif' not found because none of the following families were found: Readex Pro
WARNING:matplotlib.font_manager:findfont: Generic family 'sans-serif' not found because none of the following families were found: Readex Pro
WARNING:matplotlib.font_manager:findfont: Generic family 'sans-serif' not found because none of the following families were found: Readex Pro
WARNING:matplotlib.font_manager:findfont: Generic family 'sans-serif' not found because none of the following families were found: Readex Pro
WARNING:matplotlib.font_manager:findfont: Generic family 'sans-serif' not found because none of the following families were found: Readex Pro
WARNING:matplotlib.font_manager:findfont: Generic family 'sans-serif' not found because none of the following families were found: Readex Pro
WARNING:matplotlib.font_manager:findfont: Generic family 'sans-serif' not found because none of the following families were found: Readex Pro
WARNING:matplotlib.font_manager:findfont: Generic family 'sans-serif' not found because none of the following families were found: Readex Pro
WARNING:matplotlib.font_manager:findfont: Generic family 'sans-serif' not found because none of the following families were found: Readex Pro
WARNING:matplotlib.font_manager:findfont: Generic family 'sans-serif' not found because none of the following families were found: Readex Pro
WARNING:matplotlib.font_manager:findfont: Generic family 'sans-serif' not found because none of the following families were found: Readex Pro
WARNING:matplotlib.font_manager:findfont: Generic family 'sans-serif' not found because none of the following families were found: Readex Pro
WARNING:matplotlib.font_manager:findfont: Generic family 'sans-serif' not found because none of the following families were found: Readex Pro
WARNING:matplotlib.font_manager:findfont: Generic family 'sans-serif' not found because none of the following families were found: Readex Pro
WARNING:matplotlib.font_manager:findfont: Generic family 'sans-serif' not found because none of the following families were found: Readex Pro
WARNING:matplotlib.font_manager:findfont: Generic family 'sans-serif' not found because none of the following families were found: Readex Pro
WARNING:matplotlib.font_manager:findfont: Generic family 'sans-serif' not found because none of the following families were found: Readex Pro
WARNING:matplotlib.font_manager:findfont: Generic family 'sans-serif' not found because none of the following families were found: Readex Pro
WARNING:matplotlib.font_manager:findfont: Generic family 'sans-serif' not found because none of the following families were found: Readex Pro
WARNING:matplotlib.font_manager:findfont: Generic family 'sans-serif' not found because none of the following families were found: Readex Pro
WARNING:matplotlib.font_manager:findfont: Generic family 'sans-serif' not found because none of the following families were found: Readex Pro
WARNING:matplotlib.font_manager:findfont: Generic family 'sans-serif' not found because none of the following families were found: Readex Pro
WARNING:matplotlib.font_manager:findfont: Generic family 'sans-serif' not found because none of the following families were found: Readex Pro
WARNING:matplotlib.font_manager:findfont: Generic family 'sans-serif' not found because none of the following families were found: Readex Pro
WARNING:matplotlib.font_manager:findfont: Generic family 'sans-serif' not found because none of the following families were found: Readex Pro
WARNING:matplotlib.font_manager:findfont: Generic family 'sans-serif' not found because none of the following families were found: Readex Pro
WARNING:matplotlib.font_manager:findfont: Generic family 'sans-serif' not found because none of the following families were found: Readex Pro
WARNING:matplotlib.font_manager:findfont: Generic family 'sans-serif' not found because none of the following families were found: Readex Pro
WARNING:matplotlib.font_manager:findfont: Generic family 'sans-serif' not found because none of the following families were found: Readex Pro
WARNING:matplotlib.font_manager:findfont: Generic family 'sans-serif' not found because none of the following families were found: Readex Pro
WARNING:matplotlib.font_manager:findfont: Generic family 'sans-serif' not found because none of the following families were found: Readex Pro
WARNING:matplotlib.font_manager:findfont: Generic family 'sans-serif' not found because none of the following families were found: Readex Pro
WARNING:matplotlib.font_manager:findfont: Generic family 'sans-serif' not found because none of the following families were found: Readex Pro
WARNING:matplotlib.font_manager:findfont: Generic family 'sans-serif' not found because none of the following families were found: Readex Pro
WARNING:matplotlib.font_manager:findfont: Generic family 'sans-serif' not found because none of the following families were found: Readex Pro
WARNING:matplotlib.font_manager:findfont: Generic family 'sans-serif' not found because none of the following families were found: Readex Pro
WARNING:matplotlib.font_manager:findfont: Generic family 'sans-serif' not found because none of the following families were found: Readex Pro
WARNING:matplotlib.font_manager:findfont: Generic family 'sans-serif' not found because none of the following families were found: Readex Pro
WARNING:matplotlib.font_manager:findfont: Generic family 'sans-serif' not found because none of the following families were found: Readex Pro
WARNING:matplotlib.font_manager:findfont: Generic family 'sans-serif' not found because none of the following families were found: Readex Pro
WARNING:matplotlib.font_manager:findfont: Generic family 'sans-serif' not found because none of the following families were found: Readex Pro
WARNING:matplotlib.font_manager:findfont: Generic family 'sans-serif' not found because none of the following families were found: Readex Pro
WARNING:matplotlib.font_manager:findfont: Generic family 'sans-serif' not found because none of the following families were found: Readex Pro
WARNING:matplotlib.font_manager:findfont: Generic family 'sans-serif' not found because none of the following families were found: Readex Pro
WARNING:matplotlib.font_manager:findfont: Generic family 'sans-serif' not found because none of the following families were found: Readex Pro
WARNING:matplotlib.font_manager:findfont: Generic family 'sans-serif' not found because none of the following families were found: Readex Pro
WARNING:matplotlib.font_manager:findfont: Generic family 'sans-serif' not found because none of the following families were found: Readex Pro
WARNING:matplotlib.font_manager:findfont: Generic family 'sans-serif' not found because none of the following families were found: Readex Pro
WARNING:matplotlib.font_manager:findfont: Generic family 'sans-serif' not found because none of the following families were found: Readex Pro
WARNING:matplotlib.font_manager:findfont: Generic family 'sans-serif' not found because none of the following families were found: Readex Pro
WARNING:matplotlib.font_manager:findfont: Generic family 'sans-serif' not found because none of the following families were found: Readex Pro
WARNING:matplotlib.font_manager:findfont: Generic family 'sans-serif' not found because none of the following families were found: Readex Pro
WARNING:matplotlib.font_manager:findfont: Generic family 'sans-serif' not found because none of the following families were found: Readex Pro
WARNING:matplotlib.font_manager:findfont: Generic family 'sans-serif' not found because none of the following families were found: Readex Pro
WARNING:matplotlib.font_manager:findfont: Generic family 'sans-serif' not found because none of the following families were found: Readex Pro
WARNING:matplotlib.font_manager:findfont: Generic family 'sans-serif' not found because none of the following families were found: Readex Pro
WARNING:matplotlib.font_manager:findfont: Generic family 'sans-serif' not found because none of the following families were found: Readex Pro
WARNING:matplotlib.font_manager:findfont: Generic family 'sans-serif' not found because none of the following families were found: Readex Pro
WARNING:matplotlib.font_manager:findfont: Generic family 'sans-serif' not found because none of the following families were found: Readex Pro
WARNING:matplotlib.font_manager:findfont: Generic family 'sans-serif' not found because none of the following families were found: Readex Pro
WARNING:matplotlib.font_manager:findfont: Generic family 'sans-serif' not found because none of the following families were found: Readex Pro
WARNING:matplotlib.font_manager:findfont: Generic family 'sans-serif' not found because none of the following families were found: Readex Pro
WARNING:matplotlib.font_manager:findfont: Generic family 'sans-serif' not found because none of the following families were found: Readex Pro
WARNING:matplotlib.font_manager:findfont: Generic family 'sans-serif' not found because none of the following families were found: Readex Pro
WARNING:matplotlib.font_manager:findfont: Generic family 'sans-serif' not found because none of the following families were found: Readex Pro
WARNING:matplotlib.font_manager:findfont: Generic family 'sans-serif' not found because none of the following families were found: Readex Pro
WARNING:matplotlib.font_manager:findfont: Generic family 'sans-serif' not found because none of the following families were found: Readex Pro
WARNING:matplotlib.font_manager:findfont: Generic family 'sans-serif' not found because none of the following families were found: Readex Pro
WARNING:matplotlib.font_manager:findfont: Generic family 'sans-serif' not found because none of the following families were found: Readex Pro
WARNING:matplotlib.font_manager:findfont: Generic family 'sans-serif' not found because none of the following families were found: Readex Pro
WARNING:matplotlib.font_manager:findfont: Generic family 'sans-serif' not found because none of the following families were found: Readex Pro
WARNING:matplotlib.font_manager:findfont: Generic family 'sans-serif' not found because none of the following families were found: Readex Pro
WARNING:matplotlib.font_manager:findfont: Generic family 'sans-serif' not found because none of the following families were found: Readex Pro
WARNING:matplotlib.font_manager:findfont: Generic family 'sans-serif' not found because none of the following families were found: Readex Pro
WARNING:matplotlib.font_manager:findfont: Generic family 'sans-serif' not found because none of the following families were found: Readex Pro
WARNING:matplotlib.font_manager:findfont: Generic family 'sans-serif' not found because none of the following families were found: Readex Pro
WARNING:matplotlib.font_manager:findfont: Generic family 'sans-serif' not found because none of the following families were found: Readex Pro
WARNING:matplotlib.font_manager:findfont: Generic family 'sans-serif' not found because none of the following families were found: Readex Pro
WARNING:matplotlib.font_manager:findfont: Generic family 'sans-serif' not found because none of the following families were found: Readex Pro
WARNING:matplotlib.font_manager:findfont: Generic family 'sans-serif' not found because none of the following families were found: Readex Pro
WARNING:matplotlib.font_manager:findfont: Generic family 'sans-serif' not found because none of the following families were found: Readex Pro
WARNING:matplotlib.font_manager:findfont: Generic family 'sans-serif' not found because none of the following families were found: Readex Pro
WARNING:matplotlib.font_manager:findfont: Generic family 'sans-serif' not found because none of the following families were found: Readex Pro
WARNING:matplotlib.font_manager:findfont: Generic family 'sans-serif' not found because none of the following families were found: Readex Pro
WARNING:matplotlib.font_manager:findfont: Generic family 'sans-serif' not found because none of the following families were found: Readex Pro
WARNING:matplotlib.font_manager:findfont: Generic family 'sans-serif' not found because none of the following families were found: Readex Pro
WARNING:matplotlib.font_manager:findfont: Generic family 'sans-serif' not found because none of the following families were found: Readex Pro
WARNING:matplotlib.font_manager:findfont: Generic family 'sans-serif' not found because none of the following families were found: Readex Pro
WARNING:matplotlib.font_manager:findfont: Generic family 'sans-serif' not found because none of the following families were found: Readex Pro
WARNING:matplotlib.font_manager:findfont: Generic family 'sans-serif' not found because none of the following families were found: Readex Pro
WARNING:matplotlib.font_manager:findfont: Generic family 'sans-serif' not found because none of the following families were found: Readex Pro
WARNING:matplotlib.font_manager:findfont: Generic family 'sans-serif' not found because none of the following families were found: Readex Pro
WARNING:matplotlib.font_manager:findfont: Generic family 'sans-serif' not found because none of the following families were found: Readex Pro
WARNING:matplotlib.font_manager:findfont: Generic family 'sans-serif' not found because none of the following families were found: Readex Pro
WARNING:matplotlib.font_manager:findfont: Generic family 'sans-serif' not found because none of the following families were found: Readex Pro
WARNING:matplotlib.font_manager:findfont: Generic family 'sans-serif' not found because none of the following families were found: Readex Pro
WARNING:matplotlib.font_manager:findfont: Generic family 'sans-serif' not found because none of the following families were found: Readex Pro
WARNING:matplotlib.font_manager:findfont: Generic family 'sans-serif' not found because none of the following families were found: Readex Pro
WARNING:matplotlib.font_manager:findfont: Generic family 'sans-serif' not found because none of the following families were found: Readex Pro
WARNING:matplotlib.font_manager:findfont: Generic family 'sans-serif' not found because none of the following families were found: Readex Pro
WARNING:matplotlib.font_manager:findfont: Generic family 'sans-serif' not found because none of the following families were found: Readex Pro
WARNING:matplotlib.font_manager:findfont: Generic family 'sans-serif' not found because none of the following families were found: Readex Pro
WARNING:matplotlib.font_manager:findfont: Generic family 'sans-serif' not found because none of the following families were found: Readex Pro
WARNING:matplotlib.font_manager:findfont: Generic family 'sans-serif' not found because none of the following families were found: Readex Pro
WARNING:matplotlib.font_manager:findfont: Generic family 'sans-serif' not found because none of the following families were found: Readex Pro
WARNING:matplotlib.font_manager:findfont: Generic family 'sans-serif' not found because none of the following families were found: Readex Pro
WARNING:matplotlib.font_manager:findfont: Generic family 'sans-serif' not found because none of the following families were found: Readex Pro
WARNING:matplotlib.font_manager:findfont: Generic family 'sans-serif' not found because none of the following families were found: Readex Pro
WARNING:matplotlib.font_manager:findfont: Generic family 'sans-serif' not found because none of the following families were found: Readex Pro
WARNING:matplotlib.font_manager:findfont: Generic family 'sans-serif' not found because none of the following families were found: Readex Pro
WARNING:matplotlib.font_manager:findfont: Generic family 'sans-serif' not found because none of the following families were found: Readex Pro
WARNING:matplotlib.font_manager:findfont: Generic family 'sans-serif' not found because none of the following families were found: Readex Pro
WARNING:matplotlib.font_manager:findfont: Generic family 'sans-serif' not found because none of the following families were found: Readex Pro
WARNING:matplotlib.font_manager:findfont: Generic family 'sans-serif' not found because none of the following families were found: Readex Pro
WARNING:matplotlib.font_manager:findfont: Generic family 'sans-serif' not found because none of the following families were found: Readex Pro
WARNING:matplotlib.font_manager:findfont: Generic family 'sans-serif' not found because none of the following families were found: Readex Pro
WARNING:matplotlib.font_manager:findfont: Generic family 'sans-serif' not found because none of the following families were found: Readex Pro
WARNING:matplotlib.font_manager:findfont: Generic family 'sans-serif' not found because none of the following families were found: Readex Pro
WARNING:matplotlib.font_manager:findfont: Generic family 'sans-serif' not found because none of the following families were found: Readex Pro
WARNING:matplotlib.font_manager:findfont: Generic family 'sans-serif' not found because none of the following families were found: Readex Pro
WARNING:matplotlib.font_manager:findfont: Generic family 'sans-serif' not found because none of the following families were found: Readex Pro
WARNING:matplotlib.font_manager:findfont: Generic family 'sans-serif' not found because none of the following families were found: Readex Pro
WARNING:matplotlib.font_manager:findfont: Generic family 'sans-serif' not found because none of the following families were found: Readex Pro
WARNING:matplotlib.font_manager:findfont: Generic family 'sans-serif' not found because none of the following families were found: Readex Pro
WARNING:matplotlib.font_manager:findfont: Generic family 'sans-serif' not found because none of the following families were found: Readex Pro
WARNING:matplotlib.font_manager:findfont: Generic family 'sans-serif' not found because none of the following families were found: Readex Pro
WARNING:matplotlib.font_manager:findfont: Generic family 'sans-serif' not found because none of the following families were found: Readex Pro
WARNING:matplotlib.font_manager:findfont: Generic family 'sans-serif' not found because none of the following families were found: Readex Pro
WARNING:matplotlib.font_manager:findfont: Generic family 'sans-serif' not found because none of the following families were found: Readex Pro
WARNING:matplotlib.font_manager:findfont: Generic family 'sans-serif' not found because none of the following families were found: Readex Pro
WARNING:matplotlib.font_manager:findfont: Generic family 'sans-serif' not found because none of the following families were found: Readex Pro
WARNING:matplotlib.font_manager:findfont: Generic family 'sans-serif' not found because none of the following families were found: Readex Pro
WARNING:matplotlib.font_manager:findfont: Generic family 'sans-serif' not found because none of the following families were found: Readex Pro
WARNING:matplotlib.font_manager:findfont: Generic family 'sans-serif' not found because none of the following families were found: Readex Pro
WARNING:matplotlib.font_manager:findfont: Generic family 'sans-serif' not found because none of the following families were found: Readex Pro
WARNING:matplotlib.font_manager:findfont: Generic family 'sans-serif' not found because none of the following families were found: Readex Pro
WARNING:matplotlib.font_manager:findfont: Generic family 'sans-serif' not found because none of the following families were found: Readex Pro
WARNING:matplotlib.font_manager:findfont: Generic family 'sans-serif' not found because none of the following families were found: Readex Pro
WARNING:matplotlib.font_manager:findfont: Generic family 'sans-serif' not found because none of the following families were found: Readex Pro
WARNING:matplotlib.font_manager:findfont: Generic family 'sans-serif' not found because none of the following families were found: Readex Pro
WARNING:matplotlib.font_manager:findfont: Generic family 'sans-serif' not found because none of the following families were found: Readex Pro
WARNING:matplotlib.font_manager:findfont: Generic family 'sans-serif' not found because none of the following families were found: Readex Pro
WARNING:matplotlib.font_manager:findfont: Generic family 'sans-serif' not found because none of the following families were found: Readex Pro
WARNING:matplotlib.font_manager:findfont: Generic family 'sans-serif' not found because none of the following families were found: Readex Pro
WARNING:matplotlib.font_manager:findfont: Generic family 'sans-serif' not found because none of the following families were found: Readex Pro
WARNING:matplotlib.font_manager:findfont: Generic family 'sans-serif' not found because none of the following families were found: Readex Pro
WARNING:matplotlib.font_manager:findfont: Generic family 'sans-serif' not found because none of the following families were found: Readex Pro
WARNING:matplotlib.font_manager:findfont: Generic family 'sans-serif' not found because none of the following families were found: Readex Pro
WARNING:matplotlib.font_manager:findfont: Generic family 'sans-serif' not found because none of the following families were found: Readex Pro
WARNING:matplotlib.font_manager:findfont: Generic family 'sans-serif' not found because none of the following families were found: Readex Pro
WARNING:matplotlib.font_manager:findfont: Generic family 'sans-serif' not found because none of the following families were found: Readex Pro
WARNING:matplotlib.font_manager:findfont: Generic family 'sans-serif' not found because none of the following families were found: Readex Pro
WARNING:matplotlib.font_manager:findfont: Generic family 'sans-serif' not found because none of the following families were found: Readex Pro
WARNING:matplotlib.font_manager:findfont: Generic family 'sans-serif' not found because none of the following families were found: Readex Pro
WARNING:matplotlib.font_manager:findfont: Generic family 'sans-serif' not found because none of the following families were found: Readex Pro
WARNING:matplotlib.font_manager:findfont: Generic family 'sans-serif' not found because none of the following families were found: Readex Pro
WARNING:matplotlib.font_manager:findfont: Generic family 'sans-serif' not found because none of the following families were found: Readex Pro
WARNING:matplotlib.font_manager:findfont: Generic family 'sans-serif' not found because none of the following families were found: Readex Pro
WARNING:matplotlib.font_manager:findfont: Generic family 'sans-serif' not found because none of the following families were found: Readex Pro
WARNING:matplotlib.font_manager:findfont: Generic family 'sans-serif' not found because none of the following families were found: Readex Pro
WARNING:matplotlib.font_manager:findfont: Generic family 'sans-serif' not found because none of the following families were found: Readex Pro
WARNING:matplotlib.font_manager:findfont: Generic family 'sans-serif' not found because none of the following families were found: Readex Pro
WARNING:matplotlib.font_manager:findfont: Generic family 'sans-serif' not found because none of the following families were found: Readex Pro
WARNING:matplotlib.font_manager:findfont: Generic family 'sans-serif' not found because none of the following families were found: Readex Pro
WARNING:matplotlib.font_manager:findfont: Generic family 'sans-serif' not found because none of the following families were found: Readex Pro
WARNING:matplotlib.font_manager:findfont: Generic family 'sans-serif' not found because none of the following families were found: Readex Pro
WARNING:matplotlib.font_manager:findfont: Generic family 'sans-serif' not found because none of the following families were found: Readex Pro
WARNING:matplotlib.font_manager:findfont: Generic family 'sans-serif' not found because none of the following families were found: Readex Pro
WARNING:matplotlib.font_manager:findfont: Generic family 'sans-serif' not found because none of the following families were found: Readex Pro
WARNING:matplotlib.font_manager:findfont: Generic family 'sans-serif' not found because none of the following families were found: Readex Pro
WARNING:matplotlib.font_manager:findfont: Generic family 'sans-serif' not found because none of the following families were found: Readex Pro
WARNING:matplotlib.font_manager:findfont: Generic family 'sans-serif' not found because none of the following families were found: Readex Pro
WARNING:matplotlib.font_manager:findfont: Generic family 'sans-serif' not found because none of the following families were found: Readex Pro
WARNING:matplotlib.font_manager:findfont: Generic family 'sans-serif' not found because none of the following families were found: Readex Pro
WARNING:matplotlib.font_manager:findfont: Generic family 'sans-serif' not found because none of the following families were found: Readex Pro
WARNING:matplotlib.font_manager:findfont: Generic family 'sans-serif' not found because none of the following families were found: Readex Pro
WARNING:matplotlib.font_manager:findfont: Generic family 'sans-serif' not found because none of the following families were found: Readex Pro
WARNING:matplotlib.font_manager:findfont: Generic family 'sans-serif' not found because none of the following families were found: Readex Pro
WARNING:matplotlib.font_manager:findfont: Generic family 'sans-serif' not found because none of the following families were found: Readex Pro
WARNING:matplotlib.font_manager:findfont: Generic family 'sans-serif' not found because none of the following families were found: Readex Pro
WARNING:matplotlib.font_manager:findfont: Generic family 'sans-serif' not found because none of the following families were found: Readex Pro
WARNING:matplotlib.font_manager:findfont: Generic family 'sans-serif' not found because none of the following families were found: Readex Pro
WARNING:matplotlib.font_manager:findfont: Generic family 'sans-serif' not found because none of the following families were found: Readex Pro
WARNING:matplotlib.font_manager:findfont: Generic family 'sans-serif' not found because none of the following families were found: Readex Pro
WARNING:matplotlib.font_manager:findfont: Generic family 'sans-serif' not found because none of the following families were found: Readex Pro
WARNING:matplotlib.font_manager:findfont: Generic family 'sans-serif' not found because none of the following families were found: Readex Pro
WARNING:matplotlib.font_manager:findfont: Generic family 'sans-serif' not found because none of the following families were found: Readex Pro
WARNING:matplotlib.font_manager:findfont: Generic family 'sans-serif' not found because none of the following families were found: Readex Pro
WARNING:matplotlib.font_manager:findfont: Generic family 'sans-serif' not found because none of the following families were found: Readex Pro
WARNING:matplotlib.font_manager:findfont: Generic family 'sans-serif' not found because none of the following families were found: Readex Pro
WARNING:matplotlib.font_manager:findfont: Generic family 'sans-serif' not found because none of the following families were found: Readex Pro
WARNING:matplotlib.font_manager:findfont: Generic family 'sans-serif' not found because none of the following families were found: Readex Pro
WARNING:matplotlib.font_manager:findfont: Generic family 'sans-serif' not found because none of the following families were found: Readex Pro
WARNING:matplotlib.font_manager:findfont: Generic family 'sans-serif' not found because none of the following families were found: Readex Pro
WARNING:matplotlib.font_manager:findfont: Generic family 'sans-serif' not found because none of the following families were found: Readex Pro
WARNING:matplotlib.font_manager:findfont: Generic family 'sans-serif' not found because none of the following families were found: Readex Pro
WARNING:matplotlib.font_manager:findfont: Generic family 'sans-serif' not found because none of the following families were found: Readex Pro
WARNING:matplotlib.font_manager:findfont: Generic family 'sans-serif' not found because none of the following families were found: Readex Pro
WARNING:matplotlib.font_manager:findfont: Generic family 'sans-serif' not found because none of the following families were found: Readex Pro
WARNING:matplotlib.font_manager:findfont: Generic family 'sans-serif' not found because none of the following families were found: Readex Pro
WARNING:matplotlib.font_manager:findfont: Generic family 'sans-serif' not found because none of the following families were found: Readex Pro
WARNING:matplotlib.font_manager:findfont: Generic family 'sans-serif' not found because none of the following families were found: Readex Pro
WARNING:matplotlib.font_manager:findfont: Generic family 'sans-serif' not found because none of the following families were found: Readex Pro
WARNING:matplotlib.font_manager:findfont: Generic family 'sans-serif' not found because none of the following families were found: Readex Pro
WARNING:matplotlib.font_manager:findfont: Generic family 'sans-serif' not found because none of the following families were found: Readex Pro
WARNING:matplotlib.font_manager:findfont: Generic family 'sans-serif' not found because none of the following families were found: Readex Pro
WARNING:matplotlib.font_manager:findfont: Generic family 'sans-serif' not found because none of the following families were found: Readex Pro
WARNING:matplotlib.font_manager:findfont: Generic family 'sans-serif' not found because none of the following families were found: Readex Pro
WARNING:matplotlib.font_manager:findfont: Generic family 'sans-serif' not found because none of the following families were found: Readex Pro
WARNING:matplotlib.font_manager:findfont: Generic family 'sans-serif' not found because none of the following families were found: Readex Pro
WARNING:matplotlib.font_manager:findfont: Generic family 'sans-serif' not found because none of the following families were found: Readex Pro
WARNING:matplotlib.font_manager:findfont: Generic family 'sans-serif' not found because none of the following families were found: Readex Pro
WARNING:matplotlib.font_manager:findfont: Generic family 'sans-serif' not found because none of the following families were found: Readex Pro
WARNING:matplotlib.font_manager:findfont: Generic family 'sans-serif' not found because none of the following families were found: Readex Pro
WARNING:matplotlib.font_manager:findfont: Generic family 'sans-serif' not found because none of the following families were found: Readex Pro
WARNING:matplotlib.font_manager:findfont: Generic family 'sans-serif' not found because none of the following families were found: Readex Pro
WARNING:matplotlib.font_manager:findfont: Generic family 'sans-serif' not found because none of the following families were found: Readex Pro
WARNING:matplotlib.font_manager:findfont: Generic family 'sans-serif' not found because none of the following families were found: Readex Pro
WARNING:matplotlib.font_manager:findfont: Generic family 'sans-serif' not found because none of the following families were found: Readex Pro
WARNING:matplotlib.font_manager:findfont: Generic family 'sans-serif' not found because none of the following families were found: Readex Pro
WARNING:matplotlib.font_manager:findfont: Generic family 'sans-serif' not found because none of the following families were found: Readex Pro
WARNING:matplotlib.font_manager:findfont: Generic family 'sans-serif' not found because none of the following families were found: Readex Pro
WARNING:matplotlib.font_manager:findfont: Generic family 'sans-serif' not found because none of the following families were found: Readex Pro
WARNING:matplotlib.font_manager:findfont: Generic family 'sans-serif' not found because none of the following families were found: Readex Pro
WARNING:matplotlib.font_manager:findfont: Generic family 'sans-serif' not found because none of the following families were found: Readex Pro
WARNING:matplotlib.font_manager:findfont: Generic family 'sans-serif' not found because none of the following families were found: Readex Pro
WARNING:matplotlib.font_manager:findfont: Generic family 'sans-serif' not found because none of the following families were found: Readex Pro
WARNING:matplotlib.font_manager:findfont: Generic family 'sans-serif' not found because none of the following families were found: Readex Pro
WARNING:matplotlib.font_manager:findfont: Generic family 'sans-serif' not found because none of the following families were found: Readex Pro
[0m
[32mSaving model evaluation...[0m
[32mGenerating training graphs...[0m
[33mTotal time: 02:59:34[0m
[35mEverything done![0m
