2023-02-18 16:56:45.378378: I tensorflow/core/platform/cpu_feature_guard.cc:193] This TensorFlow binary is optimized with oneAPI Deep Neural Network Library (oneDNN) to use the following CPU instructions in performance-critical operations:  AVX2 FMA
To enable them in other operations, rebuild TensorFlow with the appropriate compiler flags.
2023-02-18 16:56:51.946305: W tensorflow/compiler/xla/stream_executor/platform/default/dso_loader.cc:64] Could not load dynamic library 'libnvinfer.so.7'; dlerror: libnvinfer.so.7: cannot open shared object file: No such file or directory
2023-02-18 16:56:51.946922: W tensorflow/compiler/xla/stream_executor/platform/default/dso_loader.cc:64] Could not load dynamic library 'libnvinfer_plugin.so.7'; dlerror: libnvinfer_plugin.so.7: cannot open shared object file: No such file or directory
2023-02-18 16:56:51.946953: W tensorflow/compiler/tf2tensorrt/utils/py_utils.cc:38] TF-TRT Warning: Cannot dlopen some TensorRT libraries. If you would like to use Nvidia GPU with TensorRT, please make sure the missing libraries mentioned above are installed properly.
Matplotlib created a temporary config/cache directory at /tmp/matplotlib-u67k9e2h because the default path (/home/cristec/.config/matplotlib) is not a writable directory; it is highly recommended to set the MPLCONFIGDIR environment variable to a writable directory, in particular to speed up the import of Matplotlib and to better support multiprocessing.
2023-02-18 16:57:02.926063: I tensorflow/core/platform/cpu_feature_guard.cc:193] This TensorFlow binary is optimized with oneAPI Deep Neural Network Library (oneDNN) to use the following CPU instructions in performance-critical operations:  AVX2 FMA
To enable them in other operations, rebuild TensorFlow with the appropriate compiler flags.
2023-02-18 16:57:05.863008: I tensorflow/core/common_runtime/gpu/gpu_device.cc:1613] Created device /job:localhost/replica:0/task:0/device:GPU:0 with 7415 MB memory:  -> device: 0, name: Quadro M4000, pci bus id: 0000:03:00.0, compute capability: 5.2
2023-02-18 16:57:05.867423: I tensorflow/core/common_runtime/gpu/gpu_device.cc:1613] Created device /job:localhost/replica:0/task:0/device:GPU:1 with 7425 MB memory:  -> device: 1, name: Quadro M4000, pci bus id: 0000:04:00.0, compute capability: 5.2
WARNING:tensorflow:From /shared_storage/cristec/conda/envs/ML/lib/python3.10/site-packages/tensorflow/python/autograph/pyct/static_analysis/liveness.py:83: Analyzer.lamba_check (from tensorflow.python.autograph.pyct.static_analysis.liveness) is deprecated and will be removed after 2023-09-23.
Instructions for updating:
Lambda fuctions will be no more assumed to be used in the statement where they are used, or at least in the same block. https://github.com/tensorflow/tensorflow/issues/56089
[35mStarting script...[0m
[32mLoading train dataset...[0m
Found 50000 files belonging to 1 classes.
[32mLoading test dataset...[0m
Found 10000 files belonging to 1 classes.
[32mCreating model...[0m
[32mTraining model...[0m
[36m
Epoch 1/1000
2023-02-18 16:57:46.376445: E tensorflow/core/grappler/optimizers/meta_optimizer.cc:954] layout failed: INVALID_ARGUMENT: Size of values 0 does not match size of permutation 4 @ fanin shape inUNet/unet_down_0/u_net2d_convolution_block/dropout/dropout/SelectV2-2-TransposeNHWCToNCHW-LayoutOptimizer
2023-02-18 16:58:25.101312: I tensorflow/compiler/xla/stream_executor/cuda/cuda_dnn.cc:428] Loaded cuDNN version 8101
2023-02-18 16:58:25.329868: I tensorflow/compiler/xla/stream_executor/cuda/cuda_dnn.cc:428] Loaded cuDNN version 8101
2023-02-18 16:58:26.228316: I tensorflow/tsl/platform/default/subprocess.cc:304] Start cannot spawn child process: No such file or directory
2023-02-18 16:58:30.813383: I tensorflow/compiler/xla/service/service.cc:173] XLA service 0x7fd298036520 initialized for platform CUDA (this does not guarantee that XLA will be used). Devices:
2023-02-18 16:58:30.813415: I tensorflow/compiler/xla/service/service.cc:181]   StreamExecutor device (0): Quadro M4000, Compute Capability 5.2
2023-02-18 16:58:30.813424: I tensorflow/compiler/xla/service/service.cc:181]   StreamExecutor device (1): Quadro M4000, Compute Capability 5.2
2023-02-18 16:58:30.896399: I tensorflow/compiler/mlir/tensorflow/utils/dump_mlir_util.cc:268] disabling MLIR crash reproducer, set env var `MLIR_CRASH_REPRODUCER_DIRECTORY` to enable.
2023-02-18 16:58:31.511046: I tensorflow/tsl/platform/default/subprocess.cc:304] Start cannot spawn child process: No such file or directory
2023-02-18 16:58:31.614798: I tensorflow/compiler/jit/xla_compilation_cache.cc:477] Compiled cluster using XLA!  This line is logged at most once for the lifetime of the process.

Epoch 1: val_loss improved from inf to 24.09349, saving model to models/model_ssim_l1_5-10
WARNING:absl:Found untraced functions such as _jit_compiled_convolution_op, conv2d_layer_call_fn, conv2d_layer_call_and_return_conditional_losses, _jit_compiled_convolution_op, leaky_re_lu_layer_call_fn while saving (showing 5 of 241). These functions will not be directly callable after loading.
196/196 - 1057s - loss: 0.1340 - psnr: 20.6227 - ssim: 0.7094 - val_loss: 24.0935 - val_psnr: -5.8828e+00 - val_ssim: 0.4305 - lr: 0.0100 - 1057s/epoch - 5s/step
Epoch 2/1000

Epoch 2: val_loss improved from 24.09349 to 0.16352, saving model to models/model_ssim_l1_5-10
WARNING:absl:Found untraced functions such as _jit_compiled_convolution_op, conv2d_layer_call_fn, conv2d_layer_call_and_return_conditional_losses, _jit_compiled_convolution_op, leaky_re_lu_layer_call_fn while saving (showing 5 of 241). These functions will not be directly callable after loading.
196/196 - 80s - loss: 0.0916 - psnr: 22.4182 - ssim: 0.8183 - val_loss: 0.1635 - val_psnr: 14.1836 - val_ssim: 0.8214 - lr: 0.0100 - 80s/epoch - 407ms/step
Epoch 3/1000

Epoch 3: val_loss improved from 0.16352 to 0.07047, saving model to models/model_ssim_l1_5-10
WARNING:absl:Found untraced functions such as _jit_compiled_convolution_op, conv2d_layer_call_fn, conv2d_layer_call_and_return_conditional_losses, _jit_compiled_convolution_op, leaky_re_lu_layer_call_fn while saving (showing 5 of 241). These functions will not be directly callable after loading.
196/196 - 80s - loss: 0.0801 - psnr: 24.5272 - ssim: 0.8204 - val_loss: 0.0705 - val_psnr: 22.7425 - val_ssim: 0.9002 - lr: 0.0100 - 80s/epoch - 406ms/step
Epoch 4/1000

Epoch 4: val_loss improved from 0.07047 to 0.04690, saving model to models/model_ssim_l1_5-10
WARNING:absl:Found untraced functions such as _jit_compiled_convolution_op, conv2d_layer_call_fn, conv2d_layer_call_and_return_conditional_losses, _jit_compiled_convolution_op, leaky_re_lu_layer_call_fn while saving (showing 5 of 241). These functions will not be directly callable after loading.
196/196 - 80s - loss: 0.0742 - psnr: 25.2011 - ssim: 0.8327 - val_loss: 0.0469 - val_psnr: 26.5316 - val_ssim: 0.9272 - lr: 0.0100 - 80s/epoch - 408ms/step
Epoch 5/1000

Epoch 5: val_loss did not improve from 0.04690
196/196 - 59s - loss: 0.0721 - psnr: 25.4103 - ssim: 0.8382 - val_loss: 0.0512 - val_psnr: 25.6554 - val_ssim: 0.9205 - lr: 0.0100 - 59s/epoch - 301ms/step
Epoch 6/1000

Epoch 6: val_loss improved from 0.04690 to 0.04390, saving model to models/model_ssim_l1_5-10
WARNING:absl:Found untraced functions such as _jit_compiled_convolution_op, conv2d_layer_call_fn, conv2d_layer_call_and_return_conditional_losses, _jit_compiled_convolution_op, leaky_re_lu_layer_call_fn while saving (showing 5 of 241). These functions will not be directly callable after loading.
196/196 - 80s - loss: 0.0700 - psnr: 25.6418 - ssim: 0.8428 - val_loss: 0.0439 - val_psnr: 26.5258 - val_ssim: 0.9385 - lr: 0.0100 - 80s/epoch - 409ms/step
Epoch 7/1000

Epoch 7: val_loss improved from 0.04390 to 0.04380, saving model to models/model_ssim_l1_5-10
WARNING:absl:Found untraced functions such as _jit_compiled_convolution_op, conv2d_layer_call_fn, conv2d_layer_call_and_return_conditional_losses, _jit_compiled_convolution_op, leaky_re_lu_layer_call_fn while saving (showing 5 of 241). These functions will not be directly callable after loading.
196/196 - 80s - loss: 0.0684 - psnr: 25.8202 - ssim: 0.8469 - val_loss: 0.0438 - val_psnr: 26.9021 - val_ssim: 0.9361 - lr: 0.0100 - 80s/epoch - 408ms/step
Epoch 8/1000

Epoch 8: val_loss improved from 0.04380 to 0.03720, saving model to models/model_ssim_l1_5-10
WARNING:absl:Found untraced functions such as _jit_compiled_convolution_op, conv2d_layer_call_fn, conv2d_layer_call_and_return_conditional_losses, _jit_compiled_convolution_op, leaky_re_lu_layer_call_fn while saving (showing 5 of 241). These functions will not be directly callable after loading.
196/196 - 80s - loss: 0.0673 - psnr: 25.9440 - ssim: 0.8496 - val_loss: 0.0372 - val_psnr: 28.2763 - val_ssim: 0.9449 - lr: 0.0100 - 80s/epoch - 409ms/step
Epoch 9/1000

Epoch 9: val_loss improved from 0.03720 to 0.03536, saving model to models/model_ssim_l1_5-10
WARNING:absl:Found untraced functions such as _jit_compiled_convolution_op, conv2d_layer_call_fn, conv2d_layer_call_and_return_conditional_losses, _jit_compiled_convolution_op, leaky_re_lu_layer_call_fn while saving (showing 5 of 241). These functions will not be directly callable after loading.
196/196 - 80s - loss: 0.0666 - psnr: 26.0319 - ssim: 0.8515 - val_loss: 0.0354 - val_psnr: 28.5520 - val_ssim: 0.9489 - lr: 0.0100 - 80s/epoch - 409ms/step
Epoch 10/1000

Epoch 10: val_loss did not improve from 0.03536
196/196 - 59s - loss: 0.0660 - psnr: 26.1023 - ssim: 0.8530 - val_loss: 0.0358 - val_psnr: 28.4853 - val_ssim: 0.9478 - lr: 0.0100 - 59s/epoch - 300ms/step
Epoch 11/1000

Epoch 11: val_loss improved from 0.03536 to 0.03442, saving model to models/model_ssim_l1_5-10
WARNING:absl:Found untraced functions such as _jit_compiled_convolution_op, conv2d_layer_call_fn, conv2d_layer_call_and_return_conditional_losses, _jit_compiled_convolution_op, leaky_re_lu_layer_call_fn while saving (showing 5 of 241). These functions will not be directly callable after loading.
196/196 - 80s - loss: 0.0655 - psnr: 26.1488 - ssim: 0.8542 - val_loss: 0.0344 - val_psnr: 28.6820 - val_ssim: 0.9508 - lr: 0.0100 - 80s/epoch - 409ms/step
Epoch 12/1000

Epoch 12: val_loss did not improve from 0.03442
196/196 - 59s - loss: 0.0652 - psnr: 26.1911 - ssim: 0.8553 - val_loss: 0.0348 - val_psnr: 28.4772 - val_ssim: 0.9511 - lr: 0.0100 - 59s/epoch - 301ms/step
Epoch 13/1000

Epoch 13: val_loss improved from 0.03442 to 0.03382, saving model to models/model_ssim_l1_5-10
WARNING:absl:Found untraced functions such as _jit_compiled_convolution_op, conv2d_layer_call_fn, conv2d_layer_call_and_return_conditional_losses, _jit_compiled_convolution_op, leaky_re_lu_layer_call_fn while saving (showing 5 of 241). These functions will not be directly callable after loading.
196/196 - 80s - loss: 0.0648 - psnr: 26.2284 - ssim: 0.8562 - val_loss: 0.0338 - val_psnr: 28.7129 - val_ssim: 0.9526 - lr: 0.0100 - 80s/epoch - 411ms/step
Epoch 14/1000

Epoch 14: val_loss did not improve from 0.03382
196/196 - 59s - loss: 0.0644 - psnr: 26.2695 - ssim: 0.8572 - val_loss: 0.0347 - val_psnr: 28.4587 - val_ssim: 0.9524 - lr: 0.0100 - 59s/epoch - 302ms/step
Epoch 15/1000

Epoch 15: val_loss did not improve from 0.03382
196/196 - 59s - loss: 0.0641 - psnr: 26.2921 - ssim: 0.8581 - val_loss: 0.0353 - val_psnr: 28.1242 - val_ssim: 0.9523 - lr: 0.0100 - 59s/epoch - 300ms/step
Epoch 16/1000

Epoch 16: val_loss did not improve from 0.03382
196/196 - 59s - loss: 0.0638 - psnr: 26.3258 - ssim: 0.8588 - val_loss: 0.0340 - val_psnr: 28.5840 - val_ssim: 0.9534 - lr: 0.0100 - 59s/epoch - 299ms/step
Epoch 17/1000

Epoch 17: val_loss improved from 0.03382 to 0.03380, saving model to models/model_ssim_l1_5-10
WARNING:absl:Found untraced functions such as _jit_compiled_convolution_op, conv2d_layer_call_fn, conv2d_layer_call_and_return_conditional_losses, _jit_compiled_convolution_op, leaky_re_lu_layer_call_fn while saving (showing 5 of 241). These functions will not be directly callable after loading.
196/196 - 80s - loss: 0.0636 - psnr: 26.3507 - ssim: 0.8594 - val_loss: 0.0338 - val_psnr: 28.6711 - val_ssim: 0.9533 - lr: 0.0100 - 80s/epoch - 409ms/step
Epoch 18/1000

Epoch 18: val_loss did not improve from 0.03380
196/196 - 59s - loss: 0.0634 - psnr: 26.3788 - ssim: 0.8599 - val_loss: 0.0342 - val_psnr: 28.5156 - val_ssim: 0.9538 - lr: 0.0100 - 59s/epoch - 300ms/step
Epoch 19/1000

Epoch 19: val_loss improved from 0.03380 to 0.03356, saving model to models/model_ssim_l1_5-10
WARNING:absl:Found untraced functions such as _jit_compiled_convolution_op, conv2d_layer_call_fn, conv2d_layer_call_and_return_conditional_losses, _jit_compiled_convolution_op, leaky_re_lu_layer_call_fn while saving (showing 5 of 241). These functions will not be directly callable after loading.
196/196 - 80s - loss: 0.0632 - psnr: 26.3976 - ssim: 0.8604 - val_loss: 0.0336 - val_psnr: 28.5195 - val_ssim: 0.9552 - lr: 0.0100 - 80s/epoch - 408ms/step
Epoch 20/1000

Epoch 20: val_loss did not improve from 0.03356
196/196 - 59s - loss: 0.0630 - psnr: 26.4211 - ssim: 0.8609 - val_loss: 0.0340 - val_psnr: 28.5006 - val_ssim: 0.9544 - lr: 0.0100 - 59s/epoch - 302ms/step
Epoch 21/1000

Epoch 21: val_loss improved from 0.03356 to 0.03330, saving model to models/model_ssim_l1_5-10
WARNING:absl:Found untraced functions such as _jit_compiled_convolution_op, conv2d_layer_call_fn, conv2d_layer_call_and_return_conditional_losses, _jit_compiled_convolution_op, leaky_re_lu_layer_call_fn while saving (showing 5 of 241). These functions will not be directly callable after loading.
196/196 - 81s - loss: 0.0628 - psnr: 26.4465 - ssim: 0.8612 - val_loss: 0.0333 - val_psnr: 28.6063 - val_ssim: 0.9557 - lr: 0.0100 - 81s/epoch - 411ms/step
Epoch 22/1000

Epoch 22: val_loss did not improve from 0.03330
196/196 - 59s - loss: 0.0622 - psnr: 26.7036 - ssim: 0.8596 - val_loss: 0.0336 - val_psnr: 28.9995 - val_ssim: 0.9531 - lr: 0.0100 - 59s/epoch - 300ms/step
Epoch 23/1000

Epoch 23: val_loss improved from 0.03330 to 0.03030, saving model to models/model_ssim_l1_5-10
WARNING:absl:Found untraced functions such as _jit_compiled_convolution_op, conv2d_layer_call_fn, conv2d_layer_call_and_return_conditional_losses, _jit_compiled_convolution_op, leaky_re_lu_layer_call_fn while saving (showing 5 of 241). These functions will not be directly callable after loading.
196/196 - 80s - loss: 0.0612 - psnr: 27.1260 - ssim: 0.8572 - val_loss: 0.0303 - val_psnr: 29.7203 - val_ssim: 0.9575 - lr: 0.0100 - 80s/epoch - 408ms/step
Epoch 24/1000

Epoch 24: val_loss improved from 0.03030 to 0.02946, saving model to models/model_ssim_l1_5-10
WARNING:absl:Found untraced functions such as _jit_compiled_convolution_op, conv2d_layer_call_fn, conv2d_layer_call_and_return_conditional_losses, _jit_compiled_convolution_op, leaky_re_lu_layer_call_fn while saving (showing 5 of 241). These functions will not be directly callable after loading.
196/196 - 81s - loss: 0.0607 - psnr: 27.2447 - ssim: 0.8577 - val_loss: 0.0295 - val_psnr: 29.8848 - val_ssim: 0.9582 - lr: 0.0100 - 81s/epoch - 411ms/step
Epoch 25/1000

Epoch 25: val_loss did not improve from 0.02946
196/196 - 59s - loss: 0.0602 - psnr: 27.2997 - ssim: 0.8589 - val_loss: 0.0297 - val_psnr: 30.2585 - val_ssim: 0.9546 - lr: 0.0100 - 59s/epoch - 300ms/step
Epoch 26/1000

Epoch 26: val_loss improved from 0.02946 to 0.02784, saving model to models/model_ssim_l1_5-10
WARNING:absl:Found untraced functions such as _jit_compiled_convolution_op, conv2d_layer_call_fn, conv2d_layer_call_and_return_conditional_losses, _jit_compiled_convolution_op, leaky_re_lu_layer_call_fn while saving (showing 5 of 241). These functions will not be directly callable after loading.
196/196 - 80s - loss: 0.0594 - psnr: 27.3530 - ssim: 0.8611 - val_loss: 0.0278 - val_psnr: 31.0595 - val_ssim: 0.9558 - lr: 0.0100 - 80s/epoch - 408ms/step
Epoch 27/1000

Epoch 27: val_loss improved from 0.02784 to 0.02658, saving model to models/model_ssim_l1_5-10
WARNING:absl:Found untraced functions such as _jit_compiled_convolution_op, conv2d_layer_call_fn, conv2d_layer_call_and_return_conditional_losses, _jit_compiled_convolution_op, leaky_re_lu_layer_call_fn while saving (showing 5 of 241). These functions will not be directly callable after loading.
196/196 - 80s - loss: 0.0588 - psnr: 27.4202 - ssim: 0.8626 - val_loss: 0.0266 - val_psnr: 31.2373 - val_ssim: 0.9596 - lr: 0.0100 - 80s/epoch - 408ms/step
Epoch 28/1000

Epoch 28: val_loss improved from 0.02658 to 0.02594, saving model to models/model_ssim_l1_5-10
WARNING:absl:Found untraced functions such as _jit_compiled_convolution_op, conv2d_layer_call_fn, conv2d_layer_call_and_return_conditional_losses, _jit_compiled_convolution_op, leaky_re_lu_layer_call_fn while saving (showing 5 of 241). These functions will not be directly callable after loading.
196/196 - 80s - loss: 0.0584 - psnr: 27.4739 - ssim: 0.8638 - val_loss: 0.0259 - val_psnr: 31.3796 - val_ssim: 0.9617 - lr: 0.0100 - 80s/epoch - 409ms/step
Epoch 29/1000

Epoch 29: val_loss did not improve from 0.02594
196/196 - 59s - loss: 0.0580 - psnr: 27.5121 - ssim: 0.8647 - val_loss: 0.0267 - val_psnr: 30.8774 - val_ssim: 0.9630 - lr: 0.0100 - 59s/epoch - 300ms/step
Epoch 30/1000

Epoch 30: val_loss did not improve from 0.02594
196/196 - 59s - loss: 0.0577 - psnr: 27.5529 - ssim: 0.8652 - val_loss: 0.0267 - val_psnr: 30.6175 - val_ssim: 0.9642 - lr: 0.0100 - 59s/epoch - 300ms/step
Epoch 31/1000

Epoch 31: val_loss improved from 0.02594 to 0.02560, saving model to models/model_ssim_l1_5-10
WARNING:absl:Found untraced functions such as _jit_compiled_convolution_op, conv2d_layer_call_fn, conv2d_layer_call_and_return_conditional_losses, _jit_compiled_convolution_op, leaky_re_lu_layer_call_fn while saving (showing 5 of 241). These functions will not be directly callable after loading.
196/196 - 80s - loss: 0.0575 - psnr: 27.5810 - ssim: 0.8658 - val_loss: 0.0256 - val_psnr: 30.7100 - val_ssim: 0.9664 - lr: 0.0100 - 80s/epoch - 409ms/step
Epoch 32/1000

Epoch 32: val_loss did not improve from 0.02560
196/196 - 59s - loss: 0.0573 - psnr: 27.6099 - ssim: 0.8662 - val_loss: 0.0260 - val_psnr: 30.6863 - val_ssim: 0.9652 - lr: 0.0100 - 59s/epoch - 300ms/step
Epoch 33/1000

Epoch 33: val_loss did not improve from 0.02560
196/196 - 59s - loss: 0.0571 - psnr: 27.6322 - ssim: 0.8666 - val_loss: 0.0265 - val_psnr: 30.3027 - val_ssim: 0.9661 - lr: 0.0100 - 59s/epoch - 301ms/step
Epoch 34/1000

Epoch 34: val_loss did not improve from 0.02560
196/196 - 59s - loss: 0.0570 - psnr: 27.6462 - ssim: 0.8670 - val_loss: 0.0270 - val_psnr: 29.9837 - val_ssim: 0.9667 - lr: 0.0100 - 59s/epoch - 301ms/step
Epoch 35/1000

Epoch 35: val_loss did not improve from 0.02560
196/196 - 59s - loss: 0.0569 - psnr: 27.6611 - ssim: 0.8674 - val_loss: 0.0265 - val_psnr: 30.2368 - val_ssim: 0.9663 - lr: 0.0100 - 59s/epoch - 301ms/step
Epoch 36/1000

Epoch 36: val_loss did not improve from 0.02560
196/196 - 59s - loss: 0.0567 - psnr: 27.6909 - ssim: 0.8678 - val_loss: 0.0267 - val_psnr: 30.0881 - val_ssim: 0.9665 - lr: 0.0100 - 59s/epoch - 301ms/step
Epoch 37/1000

Epoch 37: val_loss did not improve from 0.02560
196/196 - 59s - loss: 0.0566 - psnr: 27.7071 - ssim: 0.8680 - val_loss: 0.0282 - val_psnr: 29.5534 - val_ssim: 0.9662 - lr: 0.0100 - 59s/epoch - 301ms/step
Epoch 38/1000

Epoch 38: val_loss did not improve from 0.02560
196/196 - 59s - loss: 0.0565 - psnr: 27.7196 - ssim: 0.8683 - val_loss: 0.0265 - val_psnr: 30.0566 - val_ssim: 0.9673 - lr: 0.0100 - 59s/epoch - 300ms/step
Epoch 39/1000

Epoch 39: val_loss did not improve from 0.02560
196/196 - 59s - loss: 0.0563 - psnr: 27.7365 - ssim: 0.8685 - val_loss: 0.0262 - val_psnr: 30.2028 - val_ssim: 0.9680 - lr: 0.0100 - 59s/epoch - 301ms/step
Epoch 40/1000

Epoch 40: val_loss did not improve from 0.02560
196/196 - 59s - loss: 0.0562 - psnr: 27.7498 - ssim: 0.8688 - val_loss: 0.0264 - val_psnr: 30.1858 - val_ssim: 0.9677 - lr: 0.0100 - 59s/epoch - 302ms/step
Epoch 41/1000

Epoch 41: val_loss did not improve from 0.02560
196/196 - 59s - loss: 0.0561 - psnr: 27.7645 - ssim: 0.8690 - val_loss: 0.0269 - val_psnr: 29.8869 - val_ssim: 0.9677 - lr: 0.0100 - 59s/epoch - 303ms/step
Epoch 42/1000

Epoch 42: val_loss did not improve from 0.02560
196/196 - 60s - loss: 0.0561 - psnr: 27.7700 - ssim: 0.8692 - val_loss: 0.0274 - val_psnr: 29.6986 - val_ssim: 0.9679 - lr: 0.0100 - 60s/epoch - 304ms/step
Epoch 43/1000

Epoch 43: val_loss did not improve from 0.02560
196/196 - 60s - loss: 0.0559 - psnr: 27.7949 - ssim: 0.8694 - val_loss: 0.0263 - val_psnr: 30.2506 - val_ssim: 0.9683 - lr: 0.0100 - 60s/epoch - 305ms/step
Epoch 44/1000

Epoch 44: val_loss did not improve from 0.02560
196/196 - 60s - loss: 0.0558 - psnr: 27.8034 - ssim: 0.8696 - val_loss: 0.0276 - val_psnr: 29.7412 - val_ssim: 0.9679 - lr: 0.0100 - 60s/epoch - 306ms/step
Epoch 45/1000

Epoch 45: val_loss did not improve from 0.02560
196/196 - 60s - loss: 0.0558 - psnr: 27.8092 - ssim: 0.8697 - val_loss: 0.0261 - val_psnr: 30.2787 - val_ssim: 0.9684 - lr: 0.0100 - 60s/epoch - 309ms/step
Epoch 46/1000

Epoch 46: val_loss did not improve from 0.02560
196/196 - 60s - loss: 0.0557 - psnr: 27.8233 - ssim: 0.8700 - val_loss: 0.0275 - val_psnr: 29.9530 - val_ssim: 0.9669 - lr: 0.0100 - 60s/epoch - 308ms/step
Epoch 47/1000

Epoch 47: ReduceLROnPlateau reducing learning rate to 0.0019999999552965165.

Epoch 47: val_loss did not improve from 0.02560
196/196 - 60s - loss: 0.0556 - psnr: 27.8336 - ssim: 0.8701 - val_loss: 0.0272 - val_psnr: 30.0097 - val_ssim: 0.9671 - lr: 0.0100 - 60s/epoch - 306ms/step
Epoch 48/1000

Epoch 48: val_loss did not improve from 0.02560
196/196 - 61s - loss: 0.0544 - psnr: 28.0951 - ssim: 0.8716 - val_loss: 0.0283 - val_psnr: 29.8786 - val_ssim: 0.9663 - lr: 0.0020 - 61s/epoch - 309ms/step
Epoch 49/1000

Epoch 49: val_loss did not improve from 0.02560
196/196 - 60s - loss: 0.0543 - psnr: 28.1011 - ssim: 0.8716 - val_loss: 0.0284 - val_psnr: 29.8570 - val_ssim: 0.9662 - lr: 0.0020 - 60s/epoch - 308ms/step
Epoch 50/1000

Epoch 50: val_loss did not improve from 0.02560
196/196 - 60s - loss: 0.0543 - psnr: 28.1037 - ssim: 0.8716 - val_loss: 0.0288 - val_psnr: 29.7530 - val_ssim: 0.9657 - lr: 0.0020 - 60s/epoch - 308ms/step
Epoch 51/1000

Epoch 51: val_loss did not improve from 0.02560
196/196 - 60s - loss: 0.0543 - psnr: 28.1083 - ssim: 0.8718 - val_loss: 0.0286 - val_psnr: 29.8121 - val_ssim: 0.9658 - lr: 0.0020 - 60s/epoch - 309ms/step
Epoch 52/1000

Epoch 52: val_loss did not improve from 0.02560
196/196 - 61s - loss: 0.0543 - psnr: 28.1115 - ssim: 0.8718 - val_loss: 0.0286 - val_psnr: 29.8324 - val_ssim: 0.9659 - lr: 0.0020 - 61s/epoch - 311ms/step
Epoch 53/1000

Epoch 53: val_loss did not improve from 0.02560
196/196 - 61s - loss: 0.0543 - psnr: 28.1133 - ssim: 0.8718 - val_loss: 0.0285 - val_psnr: 29.8217 - val_ssim: 0.9661 - lr: 0.0020 - 61s/epoch - 313ms/step
Epoch 54/1000

Epoch 54: val_loss did not improve from 0.02560
196/196 - 60s - loss: 0.0542 - psnr: 28.1171 - ssim: 0.8719 - val_loss: 0.0284 - val_psnr: 29.9241 - val_ssim: 0.9658 - lr: 0.0020 - 60s/epoch - 305ms/step
Epoch 55/1000

Epoch 55: val_loss did not improve from 0.02560
196/196 - 60s - loss: 0.0542 - psnr: 28.1191 - ssim: 0.8720 - val_loss: 0.0276 - val_psnr: 30.1706 - val_ssim: 0.9665 - lr: 0.0020 - 60s/epoch - 306ms/step
Epoch 56/1000

Epoch 56: val_loss did not improve from 0.02560
196/196 - 60s - loss: 0.0542 - psnr: 28.1219 - ssim: 0.8719 - val_loss: 0.0285 - val_psnr: 29.9045 - val_ssim: 0.9657 - lr: 0.0020 - 60s/epoch - 308ms/step
Epoch 57/1000

Epoch 57: val_loss did not improve from 0.02560
196/196 - 60s - loss: 0.0542 - psnr: 28.1230 - ssim: 0.8720 - val_loss: 0.0277 - val_psnr: 30.1746 - val_ssim: 0.9662 - lr: 0.0020 - 60s/epoch - 308ms/step
Epoch 58/1000

Epoch 58: val_loss did not improve from 0.02560
196/196 - 60s - loss: 0.0542 - psnr: 28.1213 - ssim: 0.8720 - val_loss: 0.0279 - val_psnr: 30.1462 - val_ssim: 0.9658 - lr: 0.0020 - 60s/epoch - 309ms/step
Epoch 59/1000

Epoch 59: val_loss did not improve from 0.02560
196/196 - 60s - loss: 0.0541 - psnr: 28.1263 - ssim: 0.8720 - val_loss: 0.0283 - val_psnr: 29.9534 - val_ssim: 0.9659 - lr: 0.0020 - 60s/epoch - 307ms/step
Epoch 60/1000

Epoch 60: val_loss did not improve from 0.02560
196/196 - 61s - loss: 0.0541 - psnr: 28.1273 - ssim: 0.8721 - val_loss: 0.0281 - val_psnr: 30.0253 - val_ssim: 0.9660 - lr: 0.0020 - 61s/epoch - 311ms/step
Epoch 61/1000

Epoch 61: val_loss did not improve from 0.02560
196/196 - 60s - loss: 0.0541 - psnr: 28.1280 - ssim: 0.8720 - val_loss: 0.0280 - val_psnr: 30.0632 - val_ssim: 0.9662 - lr: 0.0020 - 60s/epoch - 306ms/step
Epoch 62/1000

Epoch 62: val_loss did not improve from 0.02560
196/196 - 61s - loss: 0.0541 - psnr: 28.1349 - ssim: 0.8721 - val_loss: 0.0283 - val_psnr: 29.9697 - val_ssim: 0.9662 - lr: 0.0020 - 61s/epoch - 309ms/step
Epoch 63/1000

Epoch 63: val_loss did not improve from 0.02560
196/196 - 61s - loss: 0.0541 - psnr: 28.1340 - ssim: 0.8721 - val_loss: 0.0272 - val_psnr: 30.4009 - val_ssim: 0.9661 - lr: 0.0020 - 61s/epoch - 311ms/step
Epoch 64/1000

Epoch 64: val_loss did not improve from 0.02560
196/196 - 60s - loss: 0.0541 - psnr: 28.1369 - ssim: 0.8722 - val_loss: 0.0278 - val_psnr: 30.1279 - val_ssim: 0.9663 - lr: 0.0020 - 60s/epoch - 307ms/step
Epoch 65/1000

Epoch 65: val_loss did not improve from 0.02560
196/196 - 61s - loss: 0.0541 - psnr: 28.1410 - ssim: 0.8722 - val_loss: 0.0274 - val_psnr: 30.2747 - val_ssim: 0.9666 - lr: 0.0020 - 61s/epoch - 311ms/step
Epoch 66/1000

Epoch 66: val_loss did not improve from 0.02560
196/196 - 60s - loss: 0.0540 - psnr: 28.1433 - ssim: 0.8722 - val_loss: 0.0272 - val_psnr: 30.4069 - val_ssim: 0.9663 - lr: 0.0020 - 60s/epoch - 308ms/step
Epoch 67/1000

Epoch 67: val_loss did not improve from 0.02560
196/196 - 60s - loss: 0.0540 - psnr: 28.1419 - ssim: 0.8722 - val_loss: 0.0273 - val_psnr: 30.3617 - val_ssim: 0.9662 - lr: 0.0020 - 60s/epoch - 308ms/step
Epoch 68/1000

Epoch 68: val_loss did not improve from 0.02560
196/196 - 61s - loss: 0.0540 - psnr: 28.1422 - ssim: 0.8723 - val_loss: 0.0280 - val_psnr: 30.1093 - val_ssim: 0.9659 - lr: 0.0020 - 61s/epoch - 309ms/step
Epoch 69/1000

Epoch 69: val_loss did not improve from 0.02560
196/196 - 60s - loss: 0.0540 - psnr: 28.1487 - ssim: 0.8723 - val_loss: 0.0275 - val_psnr: 30.3053 - val_ssim: 0.9660 - lr: 0.0020 - 60s/epoch - 308ms/step
Epoch 70/1000

Epoch 70: val_loss did not improve from 0.02560
196/196 - 60s - loss: 0.0540 - psnr: 28.1490 - ssim: 0.8724 - val_loss: 0.0279 - val_psnr: 30.1161 - val_ssim: 0.9664 - lr: 0.0020 - 60s/epoch - 307ms/step
Epoch 71/1000

Epoch 71: val_loss did not improve from 0.02560
196/196 - 60s - loss: 0.0540 - psnr: 28.1490 - ssim: 0.8724 - val_loss: 0.0274 - val_psnr: 30.3102 - val_ssim: 0.9662 - lr: 0.0020 - 60s/epoch - 308ms/step
Epoch 72/1000

Epoch 72: val_loss did not improve from 0.02560
196/196 - 60s - loss: 0.0539 - psnr: 28.1554 - ssim: 0.8725 - val_loss: 0.0272 - val_psnr: 30.3946 - val_ssim: 0.9665 - lr: 0.0020 - 60s/epoch - 306ms/step
Epoch 73/1000

Epoch 73: val_loss did not improve from 0.02560
196/196 - 60s - loss: 0.0539 - psnr: 28.1569 - ssim: 0.8725 - val_loss: 0.0274 - val_psnr: 30.3505 - val_ssim: 0.9662 - lr: 0.0020 - 60s/epoch - 307ms/step
Epoch 74/1000

Epoch 74: val_loss did not improve from 0.02560
196/196 - 61s - loss: 0.0539 - psnr: 28.1555 - ssim: 0.8724 - val_loss: 0.0277 - val_psnr: 30.1482 - val_ssim: 0.9665 - lr: 0.0020 - 61s/epoch - 309ms/step
Epoch 75/1000

Epoch 75: val_loss did not improve from 0.02560
196/196 - 60s - loss: 0.0539 - psnr: 28.1580 - ssim: 0.8725 - val_loss: 0.0277 - val_psnr: 30.1775 - val_ssim: 0.9665 - lr: 0.0020 - 60s/epoch - 307ms/step
Epoch 76/1000

Epoch 76: ReduceLROnPlateau reducing learning rate to 0.0003999999724328518.

Epoch 76: val_loss did not improve from 0.02560
196/196 - 60s - loss: 0.0539 - psnr: 28.1595 - ssim: 0.8726 - val_loss: 0.0276 - val_psnr: 30.2486 - val_ssim: 0.9662 - lr: 0.0020 - 60s/epoch - 307ms/step
Epoch 77/1000

Epoch 77: val_loss did not improve from 0.02560
196/196 - 60s - loss: 0.0535 - psnr: 28.2409 - ssim: 0.8730 - val_loss: 0.0278 - val_psnr: 30.0474 - val_ssim: 0.9670 - lr: 4.0000e-04 - 60s/epoch - 309ms/step
Epoch 78/1000

Epoch 78: val_loss did not improve from 0.02560
196/196 - 60s - loss: 0.0535 - psnr: 28.2485 - ssim: 0.8730 - val_loss: 0.0279 - val_psnr: 29.9850 - val_ssim: 0.9670 - lr: 4.0000e-04 - 60s/epoch - 306ms/step
Epoch 79/1000

Epoch 79: val_loss did not improve from 0.02560
196/196 - 61s - loss: 0.0535 - psnr: 28.2521 - ssim: 0.8731 - val_loss: 0.0276 - val_psnr: 30.0995 - val_ssim: 0.9671 - lr: 4.0000e-04 - 61s/epoch - 309ms/step
Epoch 80/1000

Epoch 80: val_loss did not improve from 0.02560
196/196 - 60s - loss: 0.0535 - psnr: 28.2527 - ssim: 0.8730 - val_loss: 0.0276 - val_psnr: 30.0779 - val_ssim: 0.9672 - lr: 4.0000e-04 - 60s/epoch - 306ms/step
Epoch 81/1000
Restoring model weights from the end of the best epoch: 31.

Epoch 81: val_loss did not improve from 0.02560
196/196 - 61s - loss: 0.0535 - psnr: 28.2511 - ssim: 0.8730 - val_loss: 0.0277 - val_psnr: 30.0485 - val_ssim: 0.9672 - lr: 4.0000e-04 - 61s/epoch - 309ms/step
Epoch 81: early stopping
[0m
[32mSaving model architecture text summary...[0m
[32mSaving model training history...[0m
[32mEvaluating model...[0m
[36m
40/40 - 5s - loss: 0.0256 - psnr: 30.7101 - ssim: 0.9664 - 5s/epoch - 126ms/step
WARNING:matplotlib.font_manager:findfont: Generic family 'sans-serif' not found because none of the following families were found: Readex Pro
WARNING:matplotlib.font_manager:findfont: Generic family 'sans-serif' not found because none of the following families were found: Readex Pro
WARNING:matplotlib.font_manager:findfont: Generic family 'sans-serif' not found because none of the following families were found: Readex Pro
WARNING:matplotlib.font_manager:findfont: Generic family 'sans-serif' not found because none of the following families were found: Readex Pro
WARNING:matplotlib.font_manager:findfont: Generic family 'sans-serif' not found because none of the following families were found: Readex Pro
WARNING:matplotlib.font_manager:findfont: Generic family 'sans-serif' not found because none of the following families were found: Readex Pro
WARNING:matplotlib.font_manager:findfont: Generic family 'sans-serif' not found because none of the following families were found: Readex Pro
WARNING:matplotlib.font_manager:findfont: Generic family 'sans-serif' not found because none of the following families were found: Readex Pro
WARNING:matplotlib.font_manager:findfont: Generic family 'sans-serif' not found because none of the following families were found: Readex Pro
WARNING:matplotlib.font_manager:findfont: Generic family 'sans-serif' not found because none of the following families were found: Readex Pro
WARNING:matplotlib.font_manager:findfont: Generic family 'sans-serif' not found because none of the following families were found: Readex Pro
WARNING:matplotlib.font_manager:findfont: Generic family 'sans-serif' not found because none of the following families were found: Readex Pro
WARNING:matplotlib.font_manager:findfont: Generic family 'sans-serif' not found because none of the following families were found: Readex Pro
WARNING:matplotlib.font_manager:findfont: Generic family 'sans-serif' not found because none of the following families were found: Readex Pro
WARNING:matplotlib.font_manager:findfont: Generic family 'sans-serif' not found because none of the following families were found: Readex Pro
WARNING:matplotlib.font_manager:findfont: Generic family 'sans-serif' not found because none of the following families were found: Readex Pro
WARNING:matplotlib.font_manager:findfont: Generic family 'sans-serif' not found because none of the following families were found: Readex Pro
WARNING:matplotlib.font_manager:findfont: Generic family 'sans-serif' not found because none of the following families were found: Readex Pro
WARNING:matplotlib.font_manager:findfont: Generic family 'sans-serif' not found because none of the following families were found: Readex Pro
WARNING:matplotlib.font_manager:findfont: Generic family 'sans-serif' not found because none of the following families were found: Readex Pro
WARNING:matplotlib.font_manager:findfont: Generic family 'sans-serif' not found because none of the following families were found: Readex Pro
WARNING:matplotlib.font_manager:findfont: Generic family 'sans-serif' not found because none of the following families were found: Readex Pro
WARNING:matplotlib.font_manager:findfont: Generic family 'sans-serif' not found because none of the following families were found: Readex Pro
WARNING:matplotlib.font_manager:findfont: Generic family 'sans-serif' not found because none of the following families were found: Readex Pro
WARNING:matplotlib.font_manager:findfont: Generic family 'sans-serif' not found because none of the following families were found: Readex Pro
WARNING:matplotlib.font_manager:findfont: Generic family 'sans-serif' not found because none of the following families were found: Readex Pro
WARNING:matplotlib.font_manager:findfont: Generic family 'sans-serif' not found because none of the following families were found: Readex Pro
WARNING:matplotlib.font_manager:findfont: Generic family 'sans-serif' not found because none of the following families were found: Readex Pro
WARNING:matplotlib.font_manager:findfont: Generic family 'sans-serif' not found because none of the following families were found: Readex Pro
WARNING:matplotlib.font_manager:findfont: Generic family 'sans-serif' not found because none of the following families were found: Readex Pro
WARNING:matplotlib.font_manager:findfont: Generic family 'sans-serif' not found because none of the following families were found: Readex Pro
WARNING:matplotlib.font_manager:findfont: Generic family 'sans-serif' not found because none of the following families were found: Readex Pro
WARNING:matplotlib.font_manager:findfont: Generic family 'sans-serif' not found because none of the following families were found: Readex Pro
WARNING:matplotlib.font_manager:findfont: Generic family 'sans-serif' not found because none of the following families were found: Readex Pro
WARNING:matplotlib.font_manager:findfont: Generic family 'sans-serif' not found because none of the following families were found: Readex Pro
WARNING:matplotlib.font_manager:findfont: Generic family 'sans-serif' not found because none of the following families were found: Readex Pro
WARNING:matplotlib.font_manager:findfont: Generic family 'sans-serif' not found because none of the following families were found: Readex Pro
WARNING:matplotlib.font_manager:findfont: Generic family 'sans-serif' not found because none of the following families were found: Readex Pro
WARNING:matplotlib.font_manager:findfont: Generic family 'sans-serif' not found because none of the following families were found: Readex Pro
WARNING:matplotlib.font_manager:findfont: Generic family 'sans-serif' not found because none of the following families were found: Readex Pro
WARNING:matplotlib.font_manager:findfont: Generic family 'sans-serif' not found because none of the following families were found: Readex Pro
WARNING:matplotlib.font_manager:findfont: Generic family 'sans-serif' not found because none of the following families were found: Readex Pro
WARNING:matplotlib.font_manager:findfont: Generic family 'sans-serif' not found because none of the following families were found: Readex Pro
WARNING:matplotlib.font_manager:findfont: Generic family 'sans-serif' not found because none of the following families were found: Readex Pro
WARNING:matplotlib.font_manager:findfont: Generic family 'sans-serif' not found because none of the following families were found: Readex Pro
WARNING:matplotlib.font_manager:findfont: Generic family 'sans-serif' not found because none of the following families were found: Readex Pro
WARNING:matplotlib.font_manager:findfont: Generic family 'sans-serif' not found because none of the following families were found: Readex Pro
WARNING:matplotlib.font_manager:findfont: Generic family 'sans-serif' not found because none of the following families were found: Readex Pro
WARNING:matplotlib.font_manager:findfont: Generic family 'sans-serif' not found because none of the following families were found: Readex Pro
WARNING:matplotlib.font_manager:findfont: Generic family 'sans-serif' not found because none of the following families were found: Readex Pro
WARNING:matplotlib.font_manager:findfont: Generic family 'sans-serif' not found because none of the following families were found: Readex Pro
WARNING:matplotlib.font_manager:findfont: Generic family 'sans-serif' not found because none of the following families were found: Readex Pro
WARNING:matplotlib.font_manager:findfont: Generic family 'sans-serif' not found because none of the following families were found: Readex Pro
WARNING:matplotlib.font_manager:findfont: Generic family 'sans-serif' not found because none of the following families were found: Readex Pro
WARNING:matplotlib.font_manager:findfont: Generic family 'sans-serif' not found because none of the following families were found: Readex Pro
WARNING:matplotlib.font_manager:findfont: Generic family 'sans-serif' not found because none of the following families were found: Readex Pro
WARNING:matplotlib.font_manager:findfont: Generic family 'sans-serif' not found because none of the following families were found: Readex Pro
WARNING:matplotlib.font_manager:findfont: Generic family 'sans-serif' not found because none of the following families were found: Readex Pro
WARNING:matplotlib.font_manager:findfont: Generic family 'sans-serif' not found because none of the following families were found: Readex Pro
WARNING:matplotlib.font_manager:findfont: Generic family 'sans-serif' not found because none of the following families were found: Readex Pro
WARNING:matplotlib.font_manager:findfont: Generic family 'sans-serif' not found because none of the following families were found: Readex Pro
WARNING:matplotlib.font_manager:findfont: Generic family 'sans-serif' not found because none of the following families were found: Readex Pro
WARNING:matplotlib.font_manager:findfont: Generic family 'sans-serif' not found because none of the following families were found: Readex Pro
WARNING:matplotlib.font_manager:findfont: Generic family 'sans-serif' not found because none of the following families were found: Readex Pro
WARNING:matplotlib.font_manager:findfont: Generic family 'sans-serif' not found because none of the following families were found: Readex Pro
WARNING:matplotlib.font_manager:findfont: Generic family 'sans-serif' not found because none of the following families were found: Readex Pro
WARNING:matplotlib.font_manager:findfont: Generic family 'sans-serif' not found because none of the following families were found: Readex Pro
WARNING:matplotlib.font_manager:findfont: Generic family 'sans-serif' not found because none of the following families were found: Readex Pro
WARNING:matplotlib.font_manager:findfont: Generic family 'sans-serif' not found because none of the following families were found: Readex Pro
WARNING:matplotlib.font_manager:findfont: Generic family 'sans-serif' not found because none of the following families were found: Readex Pro
WARNING:matplotlib.font_manager:findfont: Generic family 'sans-serif' not found because none of the following families were found: Readex Pro
WARNING:matplotlib.font_manager:findfont: Generic family 'sans-serif' not found because none of the following families were found: Readex Pro
WARNING:matplotlib.font_manager:findfont: Generic family 'sans-serif' not found because none of the following families were found: Readex Pro
WARNING:matplotlib.font_manager:findfont: Generic family 'sans-serif' not found because none of the following families were found: Readex Pro
WARNING:matplotlib.font_manager:findfont: Generic family 'sans-serif' not found because none of the following families were found: Readex Pro
WARNING:matplotlib.font_manager:findfont: Generic family 'sans-serif' not found because none of the following families were found: Readex Pro
WARNING:matplotlib.font_manager:findfont: Generic family 'sans-serif' not found because none of the following families were found: Readex Pro
WARNING:matplotlib.font_manager:findfont: Generic family 'sans-serif' not found because none of the following families were found: Readex Pro
WARNING:matplotlib.font_manager:findfont: Generic family 'sans-serif' not found because none of the following families were found: Readex Pro
WARNING:matplotlib.font_manager:findfont: Generic family 'sans-serif' not found because none of the following families were found: Readex Pro
WARNING:matplotlib.font_manager:findfont: Generic family 'sans-serif' not found because none of the following families were found: Readex Pro
WARNING:matplotlib.font_manager:findfont: Generic family 'sans-serif' not found because none of the following families were found: Readex Pro
WARNING:matplotlib.font_manager:findfont: Generic family 'sans-serif' not found because none of the following families were found: Readex Pro
WARNING:matplotlib.font_manager:findfont: Generic family 'sans-serif' not found because none of the following families were found: Readex Pro
WARNING:matplotlib.font_manager:findfont: Generic family 'sans-serif' not found because none of the following families were found: Readex Pro
WARNING:matplotlib.font_manager:findfont: Generic family 'sans-serif' not found because none of the following families were found: Readex Pro
WARNING:matplotlib.font_manager:findfont: Generic family 'sans-serif' not found because none of the following families were found: Readex Pro
WARNING:matplotlib.font_manager:findfont: Generic family 'sans-serif' not found because none of the following families were found: Readex Pro
WARNING:matplotlib.font_manager:findfont: Generic family 'sans-serif' not found because none of the following families were found: Readex Pro
WARNING:matplotlib.font_manager:findfont: Generic family 'sans-serif' not found because none of the following families were found: Readex Pro
WARNING:matplotlib.font_manager:findfont: Generic family 'sans-serif' not found because none of the following families were found: Readex Pro
WARNING:matplotlib.font_manager:findfont: Generic family 'sans-serif' not found because none of the following families were found: Readex Pro
WARNING:matplotlib.font_manager:findfont: Generic family 'sans-serif' not found because none of the following families were found: Readex Pro
WARNING:matplotlib.font_manager:findfont: Generic family 'sans-serif' not found because none of the following families were found: Readex Pro
WARNING:matplotlib.font_manager:findfont: Generic family 'sans-serif' not found because none of the following families were found: Readex Pro
WARNING:matplotlib.font_manager:findfont: Generic family 'sans-serif' not found because none of the following families were found: Readex Pro
WARNING:matplotlib.font_manager:findfont: Generic family 'sans-serif' not found because none of the following families were found: Readex Pro
WARNING:matplotlib.font_manager:findfont: Generic family 'sans-serif' not found because none of the following families were found: Readex Pro
WARNING:matplotlib.font_manager:findfont: Generic family 'sans-serif' not found because none of the following families were found: Readex Pro
WARNING:matplotlib.font_manager:findfont: Generic family 'sans-serif' not found because none of the following families were found: Readex Pro
WARNING:matplotlib.font_manager:findfont: Generic family 'sans-serif' not found because none of the following families were found: Readex Pro
WARNING:matplotlib.font_manager:findfont: Generic family 'sans-serif' not found because none of the following families were found: Readex Pro
WARNING:matplotlib.font_manager:findfont: Generic family 'sans-serif' not found because none of the following families were found: Readex Pro
WARNING:matplotlib.font_manager:findfont: Generic family 'sans-serif' not found because none of the following families were found: Readex Pro
WARNING:matplotlib.font_manager:findfont: Generic family 'sans-serif' not found because none of the following families were found: Readex Pro
WARNING:matplotlib.font_manager:findfont: Generic family 'sans-serif' not found because none of the following families were found: Readex Pro
WARNING:matplotlib.font_manager:findfont: Generic family 'sans-serif' not found because none of the following families were found: Readex Pro
WARNING:matplotlib.font_manager:findfont: Generic family 'sans-serif' not found because none of the following families were found: Readex Pro
WARNING:matplotlib.font_manager:findfont: Generic family 'sans-serif' not found because none of the following families were found: Readex Pro
WARNING:matplotlib.font_manager:findfont: Generic family 'sans-serif' not found because none of the following families were found: Readex Pro
WARNING:matplotlib.font_manager:findfont: Generic family 'sans-serif' not found because none of the following families were found: Readex Pro
WARNING:matplotlib.font_manager:findfont: Generic family 'sans-serif' not found because none of the following families were found: Readex Pro
WARNING:matplotlib.font_manager:findfont: Generic family 'sans-serif' not found because none of the following families were found: Readex Pro
WARNING:matplotlib.font_manager:findfont: Generic family 'sans-serif' not found because none of the following families were found: Readex Pro
WARNING:matplotlib.font_manager:findfont: Generic family 'sans-serif' not found because none of the following families were found: Readex Pro
WARNING:matplotlib.font_manager:findfont: Generic family 'sans-serif' not found because none of the following families were found: Readex Pro
WARNING:matplotlib.font_manager:findfont: Generic family 'sans-serif' not found because none of the following families were found: Readex Pro
WARNING:matplotlib.font_manager:findfont: Generic family 'sans-serif' not found because none of the following families were found: Readex Pro
WARNING:matplotlib.font_manager:findfont: Generic family 'sans-serif' not found because none of the following families were found: Readex Pro
WARNING:matplotlib.font_manager:findfont: Generic family 'sans-serif' not found because none of the following families were found: Readex Pro
WARNING:matplotlib.font_manager:findfont: Generic family 'sans-serif' not found because none of the following families were found: Readex Pro
WARNING:matplotlib.font_manager:findfont: Generic family 'sans-serif' not found because none of the following families were found: Readex Pro
WARNING:matplotlib.font_manager:findfont: Generic family 'sans-serif' not found because none of the following families were found: Readex Pro
WARNING:matplotlib.font_manager:findfont: Generic family 'sans-serif' not found because none of the following families were found: Readex Pro
WARNING:matplotlib.font_manager:findfont: Generic family 'sans-serif' not found because none of the following families were found: Readex Pro
WARNING:matplotlib.font_manager:findfont: Generic family 'sans-serif' not found because none of the following families were found: Readex Pro
WARNING:matplotlib.font_manager:findfont: Generic family 'sans-serif' not found because none of the following families were found: Readex Pro
WARNING:matplotlib.font_manager:findfont: Generic family 'sans-serif' not found because none of the following families were found: Readex Pro
WARNING:matplotlib.font_manager:findfont: Generic family 'sans-serif' not found because none of the following families were found: Readex Pro
WARNING:matplotlib.font_manager:findfont: Generic family 'sans-serif' not found because none of the following families were found: Readex Pro
WARNING:matplotlib.font_manager:findfont: Generic family 'sans-serif' not found because none of the following families were found: Readex Pro
WARNING:matplotlib.font_manager:findfont: Generic family 'sans-serif' not found because none of the following families were found: Readex Pro
WARNING:matplotlib.font_manager:findfont: Generic family 'sans-serif' not found because none of the following families were found: Readex Pro
WARNING:matplotlib.font_manager:findfont: Generic family 'sans-serif' not found because none of the following families were found: Readex Pro
WARNING:matplotlib.font_manager:findfont: Generic family 'sans-serif' not found because none of the following families were found: Readex Pro
WARNING:matplotlib.font_manager:findfont: Generic family 'sans-serif' not found because none of the following families were found: Readex Pro
WARNING:matplotlib.font_manager:findfont: Generic family 'sans-serif' not found because none of the following families were found: Readex Pro
WARNING:matplotlib.font_manager:findfont: Generic family 'sans-serif' not found because none of the following families were found: Readex Pro
WARNING:matplotlib.font_manager:findfont: Generic family 'sans-serif' not found because none of the following families were found: Readex Pro
WARNING:matplotlib.font_manager:findfont: Generic family 'sans-serif' not found because none of the following families were found: Readex Pro
WARNING:matplotlib.font_manager:findfont: Generic family 'sans-serif' not found because none of the following families were found: Readex Pro
WARNING:matplotlib.font_manager:findfont: Generic family 'sans-serif' not found because none of the following families were found: Readex Pro
WARNING:matplotlib.font_manager:findfont: Generic family 'sans-serif' not found because none of the following families were found: Readex Pro
WARNING:matplotlib.font_manager:findfont: Generic family 'sans-serif' not found because none of the following families were found: Readex Pro
WARNING:matplotlib.font_manager:findfont: Generic family 'sans-serif' not found because none of the following families were found: Readex Pro
WARNING:matplotlib.font_manager:findfont: Generic family 'sans-serif' not found because none of the following families were found: Readex Pro
WARNING:matplotlib.font_manager:findfont: Generic family 'sans-serif' not found because none of the following families were found: Readex Pro
WARNING:matplotlib.font_manager:findfont: Generic family 'sans-serif' not found because none of the following families were found: Readex Pro
WARNING:matplotlib.font_manager:findfont: Generic family 'sans-serif' not found because none of the following families were found: Readex Pro
WARNING:matplotlib.font_manager:findfont: Generic family 'sans-serif' not found because none of the following families were found: Readex Pro
WARNING:matplotlib.font_manager:findfont: Generic family 'sans-serif' not found because none of the following families were found: Readex Pro
WARNING:matplotlib.font_manager:findfont: Generic family 'sans-serif' not found because none of the following families were found: Readex Pro
WARNING:matplotlib.font_manager:findfont: Generic family 'sans-serif' not found because none of the following families were found: Readex Pro
WARNING:matplotlib.font_manager:findfont: Generic family 'sans-serif' not found because none of the following families were found: Readex Pro
WARNING:matplotlib.font_manager:findfont: Generic family 'sans-serif' not found because none of the following families were found: Readex Pro
WARNING:matplotlib.font_manager:findfont: Generic family 'sans-serif' not found because none of the following families were found: Readex Pro
WARNING:matplotlib.font_manager:findfont: Generic family 'sans-serif' not found because none of the following families were found: Readex Pro
WARNING:matplotlib.font_manager:findfont: Generic family 'sans-serif' not found because none of the following families were found: Readex Pro
WARNING:matplotlib.font_manager:findfont: Generic family 'sans-serif' not found because none of the following families were found: Readex Pro
WARNING:matplotlib.font_manager:findfont: Generic family 'sans-serif' not found because none of the following families were found: Readex Pro
WARNING:matplotlib.font_manager:findfont: Generic family 'sans-serif' not found because none of the following families were found: Readex Pro
WARNING:matplotlib.font_manager:findfont: Generic family 'sans-serif' not found because none of the following families were found: Readex Pro
WARNING:matplotlib.font_manager:findfont: Generic family 'sans-serif' not found because none of the following families were found: Readex Pro
WARNING:matplotlib.font_manager:findfont: Generic family 'sans-serif' not found because none of the following families were found: Readex Pro
WARNING:matplotlib.font_manager:findfont: Generic family 'sans-serif' not found because none of the following families were found: Readex Pro
WARNING:matplotlib.font_manager:findfont: Generic family 'sans-serif' not found because none of the following families were found: Readex Pro
WARNING:matplotlib.font_manager:findfont: Generic family 'sans-serif' not found because none of the following families were found: Readex Pro
WARNING:matplotlib.font_manager:findfont: Generic family 'sans-serif' not found because none of the following families were found: Readex Pro
WARNING:matplotlib.font_manager:findfont: Generic family 'sans-serif' not found because none of the following families were found: Readex Pro
WARNING:matplotlib.font_manager:findfont: Generic family 'sans-serif' not found because none of the following families were found: Readex Pro
WARNING:matplotlib.font_manager:findfont: Generic family 'sans-serif' not found because none of the following families were found: Readex Pro
WARNING:matplotlib.font_manager:findfont: Generic family 'sans-serif' not found because none of the following families were found: Readex Pro
WARNING:matplotlib.font_manager:findfont: Generic family 'sans-serif' not found because none of the following families were found: Readex Pro
WARNING:matplotlib.font_manager:findfont: Generic family 'sans-serif' not found because none of the following families were found: Readex Pro
WARNING:matplotlib.font_manager:findfont: Generic family 'sans-serif' not found because none of the following families were found: Readex Pro
WARNING:matplotlib.font_manager:findfont: Generic family 'sans-serif' not found because none of the following families were found: Readex Pro
WARNING:matplotlib.font_manager:findfont: Generic family 'sans-serif' not found because none of the following families were found: Readex Pro
WARNING:matplotlib.font_manager:findfont: Generic family 'sans-serif' not found because none of the following families were found: Readex Pro
WARNING:matplotlib.font_manager:findfont: Generic family 'sans-serif' not found because none of the following families were found: Readex Pro
WARNING:matplotlib.font_manager:findfont: Generic family 'sans-serif' not found because none of the following families were found: Readex Pro
WARNING:matplotlib.font_manager:findfont: Generic family 'sans-serif' not found because none of the following families were found: Readex Pro
WARNING:matplotlib.font_manager:findfont: Generic family 'sans-serif' not found because none of the following families were found: Readex Pro
WARNING:matplotlib.font_manager:findfont: Generic family 'sans-serif' not found because none of the following families were found: Readex Pro
WARNING:matplotlib.font_manager:findfont: Generic family 'sans-serif' not found because none of the following families were found: Readex Pro
WARNING:matplotlib.font_manager:findfont: Generic family 'sans-serif' not found because none of the following families were found: Readex Pro
WARNING:matplotlib.font_manager:findfont: Generic family 'sans-serif' not found because none of the following families were found: Readex Pro
WARNING:matplotlib.font_manager:findfont: Generic family 'sans-serif' not found because none of the following families were found: Readex Pro
WARNING:matplotlib.font_manager:findfont: Generic family 'sans-serif' not found because none of the following families were found: Readex Pro
WARNING:matplotlib.font_manager:findfont: Generic family 'sans-serif' not found because none of the following families were found: Readex Pro
WARNING:matplotlib.font_manager:findfont: Generic family 'sans-serif' not found because none of the following families were found: Readex Pro
WARNING:matplotlib.font_manager:findfont: Generic family 'sans-serif' not found because none of the following families were found: Readex Pro
WARNING:matplotlib.font_manager:findfont: Generic family 'sans-serif' not found because none of the following families were found: Readex Pro
WARNING:matplotlib.font_manager:findfont: Generic family 'sans-serif' not found because none of the following families were found: Readex Pro
WARNING:matplotlib.font_manager:findfont: Generic family 'sans-serif' not found because none of the following families were found: Readex Pro
WARNING:matplotlib.font_manager:findfont: Generic family 'sans-serif' not found because none of the following families were found: Readex Pro
WARNING:matplotlib.font_manager:findfont: Generic family 'sans-serif' not found because none of the following families were found: Readex Pro
WARNING:matplotlib.font_manager:findfont: Generic family 'sans-serif' not found because none of the following families were found: Readex Pro
WARNING:matplotlib.font_manager:findfont: Generic family 'sans-serif' not found because none of the following families were found: Readex Pro
WARNING:matplotlib.font_manager:findfont: Generic family 'sans-serif' not found because none of the following families were found: Readex Pro
WARNING:matplotlib.font_manager:findfont: Generic family 'sans-serif' not found because none of the following families were found: Readex Pro
WARNING:matplotlib.font_manager:findfont: Generic family 'sans-serif' not found because none of the following families were found: Readex Pro
WARNING:matplotlib.font_manager:findfont: Generic family 'sans-serif' not found because none of the following families were found: Readex Pro
WARNING:matplotlib.font_manager:findfont: Generic family 'sans-serif' not found because none of the following families were found: Readex Pro
WARNING:matplotlib.font_manager:findfont: Generic family 'sans-serif' not found because none of the following families were found: Readex Pro
WARNING:matplotlib.font_manager:findfont: Generic family 'sans-serif' not found because none of the following families were found: Readex Pro
WARNING:matplotlib.font_manager:findfont: Generic family 'sans-serif' not found because none of the following families were found: Readex Pro
WARNING:matplotlib.font_manager:findfont: Generic family 'sans-serif' not found because none of the following families were found: Readex Pro
WARNING:matplotlib.font_manager:findfont: Generic family 'sans-serif' not found because none of the following families were found: Readex Pro
WARNING:matplotlib.font_manager:findfont: Generic family 'sans-serif' not found because none of the following families were found: Readex Pro
WARNING:matplotlib.font_manager:findfont: Generic family 'sans-serif' not found because none of the following families were found: Readex Pro
WARNING:matplotlib.font_manager:findfont: Generic family 'sans-serif' not found because none of the following families were found: Readex Pro
WARNING:matplotlib.font_manager:findfont: Generic family 'sans-serif' not found because none of the following families were found: Readex Pro
WARNING:matplotlib.font_manager:findfont: Generic family 'sans-serif' not found because none of the following families were found: Readex Pro
WARNING:matplotlib.font_manager:findfont: Generic family 'sans-serif' not found because none of the following families were found: Readex Pro
WARNING:matplotlib.font_manager:findfont: Generic family 'sans-serif' not found because none of the following families were found: Readex Pro
WARNING:matplotlib.font_manager:findfont: Generic family 'sans-serif' not found because none of the following families were found: Readex Pro
WARNING:matplotlib.font_manager:findfont: Generic family 'sans-serif' not found because none of the following families were found: Readex Pro
WARNING:matplotlib.font_manager:findfont: Generic family 'sans-serif' not found because none of the following families were found: Readex Pro
WARNING:matplotlib.font_manager:findfont: Generic family 'sans-serif' not found because none of the following families were found: Readex Pro
WARNING:matplotlib.font_manager:findfont: Generic family 'sans-serif' not found because none of the following families were found: Readex Pro
WARNING:matplotlib.font_manager:findfont: Generic family 'sans-serif' not found because none of the following families were found: Readex Pro
WARNING:matplotlib.font_manager:findfont: Generic family 'sans-serif' not found because none of the following families were found: Readex Pro
WARNING:matplotlib.font_manager:findfont: Generic family 'sans-serif' not found because none of the following families were found: Readex Pro
WARNING:matplotlib.font_manager:findfont: Generic family 'sans-serif' not found because none of the following families were found: Readex Pro
WARNING:matplotlib.font_manager:findfont: Generic family 'sans-serif' not found because none of the following families were found: Readex Pro
WARNING:matplotlib.font_manager:findfont: Generic family 'sans-serif' not found because none of the following families were found: Readex Pro
WARNING:matplotlib.font_manager:findfont: Generic family 'sans-serif' not found because none of the following families were found: Readex Pro
WARNING:matplotlib.font_manager:findfont: Generic family 'sans-serif' not found because none of the following families were found: Readex Pro
WARNING:matplotlib.font_manager:findfont: Generic family 'sans-serif' not found because none of the following families were found: Readex Pro
WARNING:matplotlib.font_manager:findfont: Generic family 'sans-serif' not found because none of the following families were found: Readex Pro
WARNING:matplotlib.font_manager:findfont: Generic family 'sans-serif' not found because none of the following families were found: Readex Pro
WARNING:matplotlib.font_manager:findfont: Generic family 'sans-serif' not found because none of the following families were found: Readex Pro
WARNING:matplotlib.font_manager:findfont: Generic family 'sans-serif' not found because none of the following families were found: Readex Pro
WARNING:matplotlib.font_manager:findfont: Generic family 'sans-serif' not found because none of the following families were found: Readex Pro
WARNING:matplotlib.font_manager:findfont: Generic family 'sans-serif' not found because none of the following families were found: Readex Pro
WARNING:matplotlib.font_manager:findfont: Generic family 'sans-serif' not found because none of the following families were found: Readex Pro
WARNING:matplotlib.font_manager:findfont: Generic family 'sans-serif' not found because none of the following families were found: Readex Pro
WARNING:matplotlib.font_manager:findfont: Generic family 'sans-serif' not found because none of the following families were found: Readex Pro
WARNING:matplotlib.font_manager:findfont: Generic family 'sans-serif' not found because none of the following families were found: Readex Pro
WARNING:matplotlib.font_manager:findfont: Generic family 'sans-serif' not found because none of the following families were found: Readex Pro
WARNING:matplotlib.font_manager:findfont: Generic family 'sans-serif' not found because none of the following families were found: Readex Pro
WARNING:matplotlib.font_manager:findfont: Generic family 'sans-serif' not found because none of the following families were found: Readex Pro
WARNING:matplotlib.font_manager:findfont: Generic family 'sans-serif' not found because none of the following families were found: Readex Pro
WARNING:matplotlib.font_manager:findfont: Generic family 'sans-serif' not found because none of the following families were found: Readex Pro
WARNING:matplotlib.font_manager:findfont: Generic family 'sans-serif' not found because none of the following families were found: Readex Pro
WARNING:matplotlib.font_manager:findfont: Generic family 'sans-serif' not found because none of the following families were found: Readex Pro
WARNING:matplotlib.font_manager:findfont: Generic family 'sans-serif' not found because none of the following families were found: Readex Pro
WARNING:matplotlib.font_manager:findfont: Generic family 'sans-serif' not found because none of the following families were found: Readex Pro
WARNING:matplotlib.font_manager:findfont: Generic family 'sans-serif' not found because none of the following families were found: Readex Pro
WARNING:matplotlib.font_manager:findfont: Generic family 'sans-serif' not found because none of the following families were found: Readex Pro
WARNING:matplotlib.font_manager:findfont: Generic family 'sans-serif' not found because none of the following families were found: Readex Pro
WARNING:matplotlib.font_manager:findfont: Generic family 'sans-serif' not found because none of the following families were found: Readex Pro
WARNING:matplotlib.font_manager:findfont: Generic family 'sans-serif' not found because none of the following families were found: Readex Pro
WARNING:matplotlib.font_manager:findfont: Generic family 'sans-serif' not found because none of the following families were found: Readex Pro
WARNING:matplotlib.font_manager:findfont: Generic family 'sans-serif' not found because none of the following families were found: Readex Pro
WARNING:matplotlib.font_manager:findfont: Generic family 'sans-serif' not found because none of the following families were found: Readex Pro
WARNING:matplotlib.font_manager:findfont: Generic family 'sans-serif' not found because none of the following families were found: Readex Pro
WARNING:matplotlib.font_manager:findfont: Generic family 'sans-serif' not found because none of the following families were found: Readex Pro
WARNING:matplotlib.font_manager:findfont: Generic family 'sans-serif' not found because none of the following families were found: Readex Pro
WARNING:matplotlib.font_manager:findfont: Generic family 'sans-serif' not found because none of the following families were found: Readex Pro
WARNING:matplotlib.font_manager:findfont: Generic family 'sans-serif' not found because none of the following families were found: Readex Pro
WARNING:matplotlib.font_manager:findfont: Generic family 'sans-serif' not found because none of the following families were found: Readex Pro
WARNING:matplotlib.font_manager:findfont: Generic family 'sans-serif' not found because none of the following families were found: Readex Pro
WARNING:matplotlib.font_manager:findfont: Generic family 'sans-serif' not found because none of the following families were found: Readex Pro
WARNING:matplotlib.font_manager:findfont: Generic family 'sans-serif' not found because none of the following families were found: Readex Pro
WARNING:matplotlib.font_manager:findfont: Generic family 'sans-serif' not found because none of the following families were found: Readex Pro
WARNING:matplotlib.font_manager:findfont: Generic family 'sans-serif' not found because none of the following families were found: Readex Pro
WARNING:matplotlib.font_manager:findfont: Generic family 'sans-serif' not found because none of the following families were found: Readex Pro
WARNING:matplotlib.font_manager:findfont: Generic family 'sans-serif' not found because none of the following families were found: Readex Pro
WARNING:matplotlib.font_manager:findfont: Generic family 'sans-serif' not found because none of the following families were found: Readex Pro
WARNING:matplotlib.font_manager:findfont: Generic family 'sans-serif' not found because none of the following families were found: Readex Pro
WARNING:matplotlib.font_manager:findfont: Generic family 'sans-serif' not found because none of the following families were found: Readex Pro
WARNING:matplotlib.font_manager:findfont: Generic family 'sans-serif' not found because none of the following families were found: Readex Pro
WARNING:matplotlib.font_manager:findfont: Generic family 'sans-serif' not found because none of the following families were found: Readex Pro
WARNING:matplotlib.font_manager:findfont: Generic family 'sans-serif' not found because none of the following families were found: Readex Pro
[0m
[32mSaving model evaluation...[0m
[32mGenerating training graphs...[0m
[33mTotal time: 01:44:08[0m
[35mEverything done![0m
