2023-02-18 22:35:43.598453: I tensorflow/core/platform/cpu_feature_guard.cc:193] This TensorFlow binary is optimized with oneAPI Deep Neural Network Library (oneDNN) to use the following CPU instructions in performance-critical operations:  AVX2 FMA
To enable them in other operations, rebuild TensorFlow with the appropriate compiler flags.
2023-02-18 22:35:50.163065: W tensorflow/compiler/xla/stream_executor/platform/default/dso_loader.cc:64] Could not load dynamic library 'libnvinfer.so.7'; dlerror: libnvinfer.so.7: cannot open shared object file: No such file or directory
2023-02-18 22:35:50.163501: W tensorflow/compiler/xla/stream_executor/platform/default/dso_loader.cc:64] Could not load dynamic library 'libnvinfer_plugin.so.7'; dlerror: libnvinfer_plugin.so.7: cannot open shared object file: No such file or directory
2023-02-18 22:35:50.163518: W tensorflow/compiler/tf2tensorrt/utils/py_utils.cc:38] TF-TRT Warning: Cannot dlopen some TensorRT libraries. If you would like to use Nvidia GPU with TensorRT, please make sure the missing libraries mentioned above are installed properly.
Matplotlib created a temporary config/cache directory at /tmp/matplotlib-i2gfar_p because the default path (/home/cristec/.config/matplotlib) is not a writable directory; it is highly recommended to set the MPLCONFIGDIR environment variable to a writable directory, in particular to speed up the import of Matplotlib and to better support multiprocessing.
2023-02-18 22:36:00.892546: I tensorflow/core/platform/cpu_feature_guard.cc:193] This TensorFlow binary is optimized with oneAPI Deep Neural Network Library (oneDNN) to use the following CPU instructions in performance-critical operations:  AVX2 FMA
To enable them in other operations, rebuild TensorFlow with the appropriate compiler flags.
2023-02-18 22:36:03.921349: I tensorflow/core/common_runtime/gpu/gpu_device.cc:1613] Created device /job:localhost/replica:0/task:0/device:GPU:0 with 7415 MB memory:  -> device: 0, name: Quadro M4000, pci bus id: 0000:03:00.0, compute capability: 5.2
2023-02-18 22:36:03.926652: I tensorflow/core/common_runtime/gpu/gpu_device.cc:1613] Created device /job:localhost/replica:0/task:0/device:GPU:1 with 7425 MB memory:  -> device: 1, name: Quadro M4000, pci bus id: 0000:04:00.0, compute capability: 5.2
WARNING:tensorflow:From /shared_storage/cristec/conda/envs/ML/lib/python3.10/site-packages/tensorflow/python/autograph/pyct/static_analysis/liveness.py:83: Analyzer.lamba_check (from tensorflow.python.autograph.pyct.static_analysis.liveness) is deprecated and will be removed after 2023-09-23.
Instructions for updating:
Lambda fuctions will be no more assumed to be used in the statement where they are used, or at least in the same block. https://github.com/tensorflow/tensorflow/issues/56089
[35mStarting script...[0m
[32mLoading train dataset...[0m
Found 50000 files belonging to 1 classes.
[32mLoading test dataset...[0m
Found 10000 files belonging to 1 classes.
[32mCreating model...[0m
[32mTraining model...[0m
[36m
Epoch 1/1000
2023-02-18 22:36:45.317370: E tensorflow/core/grappler/optimizers/meta_optimizer.cc:954] layout failed: INVALID_ARGUMENT: Size of values 0 does not match size of permutation 4 @ fanin shape inUNet/unet_down_0/u_net2d_convolution_block/dropout/dropout/SelectV2-2-TransposeNHWCToNCHW-LayoutOptimizer
2023-02-18 22:37:55.479033: I tensorflow/compiler/xla/stream_executor/cuda/cuda_dnn.cc:428] Loaded cuDNN version 8101
2023-02-18 22:37:55.711126: I tensorflow/compiler/xla/stream_executor/cuda/cuda_dnn.cc:428] Loaded cuDNN version 8101
2023-02-18 22:37:56.599858: I tensorflow/tsl/platform/default/subprocess.cc:304] Start cannot spawn child process: No such file or directory
2023-02-18 22:38:01.286637: I tensorflow/compiler/xla/service/service.cc:173] XLA service 0x7f573dc9ed60 initialized for platform CUDA (this does not guarantee that XLA will be used). Devices:
2023-02-18 22:38:01.286676: I tensorflow/compiler/xla/service/service.cc:181]   StreamExecutor device (0): Quadro M4000, Compute Capability 5.2
2023-02-18 22:38:01.286685: I tensorflow/compiler/xla/service/service.cc:181]   StreamExecutor device (1): Quadro M4000, Compute Capability 5.2
2023-02-18 22:38:01.372026: I tensorflow/compiler/mlir/tensorflow/utils/dump_mlir_util.cc:268] disabling MLIR crash reproducer, set env var `MLIR_CRASH_REPRODUCER_DIRECTORY` to enable.
2023-02-18 22:38:01.978569: I tensorflow/tsl/platform/default/subprocess.cc:304] Start cannot spawn child process: No such file or directory
2023-02-18 22:38:02.087502: I tensorflow/compiler/jit/xla_compilation_cache.cc:477] Compiled cluster using XLA!  This line is logged at most once for the lifetime of the process.

Epoch 1: val_loss improved from inf to 0.33167, saving model to models/model_ssim_l1_35-40
WARNING:absl:Found untraced functions such as _jit_compiled_convolution_op, conv2d_layer_call_fn, conv2d_layer_call_and_return_conditional_losses, _jit_compiled_convolution_op, leaky_re_lu_layer_call_fn while saving (showing 5 of 241). These functions will not be directly callable after loading.
196/196 - 1984s - loss: 0.1549 - psnr: 19.9810 - ssim: 0.6344 - val_loss: 0.3317 - val_psnr: 11.6226 - val_ssim: 0.3347 - lr: 0.0100 - 1984s/epoch - 10s/step
Epoch 2/1000

Epoch 2: val_loss improved from 0.33167 to 0.30206, saving model to models/model_ssim_l1_35-40
WARNING:absl:Found untraced functions such as _jit_compiled_convolution_op, conv2d_layer_call_fn, conv2d_layer_call_and_return_conditional_losses, _jit_compiled_convolution_op, leaky_re_lu_layer_call_fn while saving (showing 5 of 241). These functions will not be directly callable after loading.
196/196 - 81s - loss: 0.1089 - psnr: 21.6015 - ssim: 0.7649 - val_loss: 0.3021 - val_psnr: 13.0470 - val_ssim: 0.3256 - lr: 0.0100 - 81s/epoch - 413ms/step
Epoch 3/1000

Epoch 3: val_loss did not improve from 0.30206
196/196 - 60s - loss: 0.1052 - psnr: 21.7131 - ssim: 0.7776 - val_loss: 0.3504 - val_psnr: 3.3613 - val_ssim: 0.3927 - lr: 0.0100 - 60s/epoch - 308ms/step
Epoch 4/1000

Epoch 4: val_loss improved from 0.30206 to 0.11238, saving model to models/model_ssim_l1_35-40
WARNING:absl:Found untraced functions such as _jit_compiled_convolution_op, conv2d_layer_call_fn, conv2d_layer_call_and_return_conditional_losses, _jit_compiled_convolution_op, leaky_re_lu_layer_call_fn while saving (showing 5 of 241). These functions will not be directly callable after loading.
196/196 - 81s - loss: 0.0983 - psnr: 22.0796 - ssim: 0.7973 - val_loss: 0.1124 - val_psnr: 20.8701 - val_ssim: 0.7615 - lr: 0.0100 - 81s/epoch - 414ms/step
Epoch 5/1000

Epoch 5: val_loss improved from 0.11238 to 0.07553, saving model to models/model_ssim_l1_35-40
WARNING:absl:Found untraced functions such as _jit_compiled_convolution_op, conv2d_layer_call_fn, conv2d_layer_call_and_return_conditional_losses, _jit_compiled_convolution_op, leaky_re_lu_layer_call_fn while saving (showing 5 of 241). These functions will not be directly callable after loading.
196/196 - 81s - loss: 0.0958 - psnr: 22.2424 - ssim: 0.8039 - val_loss: 0.0755 - val_psnr: 22.7545 - val_ssim: 0.8752 - lr: 0.0100 - 81s/epoch - 412ms/step
Epoch 6/1000

Epoch 6: val_loss improved from 0.07553 to 0.07401, saving model to models/model_ssim_l1_35-40
WARNING:absl:Found untraced functions such as _jit_compiled_convolution_op, conv2d_layer_call_fn, conv2d_layer_call_and_return_conditional_losses, _jit_compiled_convolution_op, leaky_re_lu_layer_call_fn while saving (showing 5 of 241). These functions will not be directly callable after loading.
196/196 - 81s - loss: 0.0947 - psnr: 22.3129 - ssim: 0.8069 - val_loss: 0.0740 - val_psnr: 23.2944 - val_ssim: 0.8725 - lr: 0.0100 - 81s/epoch - 414ms/step
Epoch 7/1000

Epoch 7: val_loss did not improve from 0.07401
196/196 - 60s - loss: 0.0931 - psnr: 22.4286 - ssim: 0.8110 - val_loss: 0.0740 - val_psnr: 23.0399 - val_ssim: 0.8783 - lr: 0.0100 - 60s/epoch - 308ms/step
Epoch 8/1000

Epoch 8: val_loss improved from 0.07401 to 0.07343, saving model to models/model_ssim_l1_35-40
WARNING:absl:Found untraced functions such as _jit_compiled_convolution_op, conv2d_layer_call_fn, conv2d_layer_call_and_return_conditional_losses, _jit_compiled_convolution_op, leaky_re_lu_layer_call_fn while saving (showing 5 of 241). These functions will not be directly callable after loading.
196/196 - 81s - loss: 0.0889 - psnr: 23.4142 - ssim: 0.8061 - val_loss: 0.0734 - val_psnr: 24.3082 - val_ssim: 0.8537 - lr: 0.0100 - 81s/epoch - 414ms/step
Epoch 9/1000

Epoch 9: val_loss improved from 0.07343 to 0.06368, saving model to models/model_ssim_l1_35-40
WARNING:absl:Found untraced functions such as _jit_compiled_convolution_op, conv2d_layer_call_fn, conv2d_layer_call_and_return_conditional_losses, _jit_compiled_convolution_op, leaky_re_lu_layer_call_fn while saving (showing 5 of 241). These functions will not be directly callable after loading.
196/196 - 81s - loss: 0.0819 - psnr: 24.6614 - ssim: 0.8075 - val_loss: 0.0637 - val_psnr: 24.5771 - val_ssim: 0.8880 - lr: 0.0100 - 81s/epoch - 412ms/step
Epoch 10/1000

Epoch 10: val_loss improved from 0.06368 to 0.05459, saving model to models/model_ssim_l1_35-40
WARNING:absl:Found untraced functions such as _jit_compiled_convolution_op, conv2d_layer_call_fn, conv2d_layer_call_and_return_conditional_losses, _jit_compiled_convolution_op, leaky_re_lu_layer_call_fn while saving (showing 5 of 241). These functions will not be directly callable after loading.
196/196 - 81s - loss: 0.0795 - psnr: 24.9111 - ssim: 0.8138 - val_loss: 0.0546 - val_psnr: 26.0970 - val_ssim: 0.8999 - lr: 0.0100 - 81s/epoch - 412ms/step
Epoch 11/1000

Epoch 11: val_loss improved from 0.05459 to 0.05429, saving model to models/model_ssim_l1_35-40
WARNING:absl:Found untraced functions such as _jit_compiled_convolution_op, conv2d_layer_call_fn, conv2d_layer_call_and_return_conditional_losses, _jit_compiled_convolution_op, leaky_re_lu_layer_call_fn while saving (showing 5 of 241). These functions will not be directly callable after loading.
196/196 - 81s - loss: 0.0781 - psnr: 25.0333 - ssim: 0.8176 - val_loss: 0.0543 - val_psnr: 25.8451 - val_ssim: 0.9021 - lr: 0.0100 - 81s/epoch - 413ms/step
Epoch 12/1000

Epoch 12: val_loss improved from 0.05429 to 0.05347, saving model to models/model_ssim_l1_35-40
WARNING:absl:Found untraced functions such as _jit_compiled_convolution_op, conv2d_layer_call_fn, conv2d_layer_call_and_return_conditional_losses, _jit_compiled_convolution_op, leaky_re_lu_layer_call_fn while saving (showing 5 of 241). These functions will not be directly callable after loading.
196/196 - 81s - loss: 0.0770 - psnr: 25.1249 - ssim: 0.8206 - val_loss: 0.0535 - val_psnr: 26.0847 - val_ssim: 0.9032 - lr: 0.0100 - 81s/epoch - 412ms/step
Epoch 13/1000

Epoch 13: val_loss improved from 0.05347 to 0.04941, saving model to models/model_ssim_l1_35-40
WARNING:absl:Found untraced functions such as _jit_compiled_convolution_op, conv2d_layer_call_fn, conv2d_layer_call_and_return_conditional_losses, _jit_compiled_convolution_op, leaky_re_lu_layer_call_fn while saving (showing 5 of 241). These functions will not be directly callable after loading.
196/196 - 81s - loss: 0.0760 - psnr: 25.2276 - ssim: 0.8232 - val_loss: 0.0494 - val_psnr: 26.7291 - val_ssim: 0.9098 - lr: 0.0100 - 81s/epoch - 413ms/step
Epoch 14/1000

Epoch 14: val_loss did not improve from 0.04941
196/196 - 60s - loss: 0.0752 - psnr: 25.3056 - ssim: 0.8251 - val_loss: 0.0495 - val_psnr: 26.7109 - val_ssim: 0.9113 - lr: 0.0100 - 60s/epoch - 307ms/step
Epoch 15/1000

Epoch 15: val_loss did not improve from 0.04941
196/196 - 60s - loss: 0.0747 - psnr: 25.3505 - ssim: 0.8268 - val_loss: 0.0536 - val_psnr: 25.9930 - val_ssim: 0.9042 - lr: 0.0100 - 60s/epoch - 306ms/step
Epoch 16/1000

Epoch 16: val_loss did not improve from 0.04941
196/196 - 60s - loss: 0.0742 - psnr: 25.3888 - ssim: 0.8281 - val_loss: 0.0508 - val_psnr: 26.4291 - val_ssim: 0.9127 - lr: 0.0100 - 60s/epoch - 308ms/step
Epoch 17/1000

Epoch 17: val_loss did not improve from 0.04941
196/196 - 60s - loss: 0.0738 - psnr: 25.4331 - ssim: 0.8292 - val_loss: 0.0527 - val_psnr: 26.1477 - val_ssim: 0.9109 - lr: 0.0100 - 60s/epoch - 307ms/step
Epoch 18/1000

Epoch 18: val_loss did not improve from 0.04941
196/196 - 60s - loss: 0.0734 - psnr: 25.4729 - ssim: 0.8302 - val_loss: 0.0517 - val_psnr: 26.4385 - val_ssim: 0.9116 - lr: 0.0100 - 60s/epoch - 305ms/step
Epoch 19/1000

Epoch 19: val_loss did not improve from 0.04941
196/196 - 60s - loss: 0.0731 - psnr: 25.4975 - ssim: 0.8309 - val_loss: 0.0497 - val_psnr: 26.7924 - val_ssim: 0.9142 - lr: 0.0100 - 60s/epoch - 308ms/step
Epoch 20/1000

Epoch 20: val_loss did not improve from 0.04941
196/196 - 60s - loss: 0.0727 - psnr: 25.5329 - ssim: 0.8320 - val_loss: 0.0511 - val_psnr: 26.5574 - val_ssim: 0.9114 - lr: 0.0100 - 60s/epoch - 308ms/step
Epoch 21/1000

Epoch 21: val_loss did not improve from 0.04941
196/196 - 60s - loss: 0.0725 - psnr: 25.5858 - ssim: 0.8322 - val_loss: 0.0540 - val_psnr: 25.9966 - val_ssim: 0.9069 - lr: 0.0100 - 60s/epoch - 305ms/step
Epoch 22/1000

Epoch 22: val_loss did not improve from 0.04941
196/196 - 60s - loss: 0.0716 - psnr: 25.8977 - ssim: 0.8303 - val_loss: 0.0502 - val_psnr: 26.8423 - val_ssim: 0.9118 - lr: 0.0100 - 60s/epoch - 306ms/step
Epoch 23/1000

Epoch 23: val_loss improved from 0.04941 to 0.04796, saving model to models/model_ssim_l1_35-40
WARNING:absl:Found untraced functions such as _jit_compiled_convolution_op, conv2d_layer_call_fn, conv2d_layer_call_and_return_conditional_losses, _jit_compiled_convolution_op, leaky_re_lu_layer_call_fn while saving (showing 5 of 241). These functions will not be directly callable after loading.
196/196 - 81s - loss: 0.0710 - psnr: 26.0738 - ssim: 0.8300 - val_loss: 0.0480 - val_psnr: 27.2352 - val_ssim: 0.9140 - lr: 0.0100 - 81s/epoch - 415ms/step
Epoch 24/1000

Epoch 24: val_loss improved from 0.04796 to 0.04650, saving model to models/model_ssim_l1_35-40
WARNING:absl:Found untraced functions such as _jit_compiled_convolution_op, conv2d_layer_call_fn, conv2d_layer_call_and_return_conditional_losses, _jit_compiled_convolution_op, leaky_re_lu_layer_call_fn while saving (showing 5 of 241). These functions will not be directly callable after loading.
196/196 - 81s - loss: 0.0705 - psnr: 26.1755 - ssim: 0.8305 - val_loss: 0.0465 - val_psnr: 27.1890 - val_ssim: 0.9202 - lr: 0.0100 - 81s/epoch - 413ms/step
Epoch 25/1000

Epoch 25: val_loss did not improve from 0.04650
196/196 - 60s - loss: 0.0703 - psnr: 26.2271 - ssim: 0.8308 - val_loss: 0.0493 - val_psnr: 26.5892 - val_ssim: 0.9165 - lr: 0.0100 - 60s/epoch - 307ms/step
Epoch 26/1000

Epoch 26: val_loss did not improve from 0.04650
196/196 - 60s - loss: 0.0699 - psnr: 26.2837 - ssim: 0.8315 - val_loss: 0.0480 - val_psnr: 26.8619 - val_ssim: 0.9186 - lr: 0.0100 - 60s/epoch - 308ms/step
Epoch 27/1000

Epoch 27: val_loss did not improve from 0.04650
196/196 - 60s - loss: 0.0696 - psnr: 26.3321 - ssim: 0.8320 - val_loss: 0.0492 - val_psnr: 26.6231 - val_ssim: 0.9173 - lr: 0.0100 - 60s/epoch - 307ms/step
Epoch 28/1000

Epoch 28: val_loss did not improve from 0.04650
196/196 - 60s - loss: 0.0693 - psnr: 26.3664 - ssim: 0.8325 - val_loss: 0.0519 - val_psnr: 26.1195 - val_ssim: 0.9128 - lr: 0.0100 - 60s/epoch - 308ms/step
Epoch 29/1000

Epoch 29: val_loss did not improve from 0.04650
196/196 - 60s - loss: 0.0691 - psnr: 26.3927 - ssim: 0.8331 - val_loss: 0.0540 - val_psnr: 25.9255 - val_ssim: 0.9077 - lr: 0.0100 - 60s/epoch - 305ms/step
Epoch 30/1000

Epoch 30: val_loss did not improve from 0.04650
196/196 - 60s - loss: 0.0688 - psnr: 26.4360 - ssim: 0.8337 - val_loss: 0.0555 - val_psnr: 25.8217 - val_ssim: 0.9005 - lr: 0.0100 - 60s/epoch - 306ms/step
Epoch 31/1000

Epoch 31: val_loss did not improve from 0.04650
196/196 - 60s - loss: 0.0686 - psnr: 26.4664 - ssim: 0.8342 - val_loss: 0.0514 - val_psnr: 26.2802 - val_ssim: 0.9124 - lr: 0.0100 - 60s/epoch - 307ms/step
Epoch 32/1000

Epoch 32: val_loss did not improve from 0.04650
196/196 - 60s - loss: 0.0684 - psnr: 26.4782 - ssim: 0.8346 - val_loss: 0.0534 - val_psnr: 25.8699 - val_ssim: 0.9105 - lr: 0.0100 - 60s/epoch - 307ms/step
Epoch 33/1000

Epoch 33: val_loss did not improve from 0.04650
196/196 - 60s - loss: 0.0682 - psnr: 26.5099 - ssim: 0.8350 - val_loss: 0.0503 - val_psnr: 26.1730 - val_ssim: 0.9173 - lr: 0.0100 - 60s/epoch - 306ms/step
Epoch 34/1000

Epoch 34: val_loss did not improve from 0.04650
196/196 - 60s - loss: 0.0680 - psnr: 26.5339 - ssim: 0.8355 - val_loss: 0.0525 - val_psnr: 25.9116 - val_ssim: 0.9126 - lr: 0.0100 - 60s/epoch - 308ms/step
Epoch 35/1000

Epoch 35: val_loss did not improve from 0.04650
196/196 - 60s - loss: 0.0679 - psnr: 26.5426 - ssim: 0.8359 - val_loss: 0.0536 - val_psnr: 25.4270 - val_ssim: 0.9164 - lr: 0.0100 - 60s/epoch - 305ms/step
Epoch 36/1000

Epoch 36: val_loss did not improve from 0.04650
196/196 - 60s - loss: 0.0677 - psnr: 26.5737 - ssim: 0.8364 - val_loss: 0.0525 - val_psnr: 25.6535 - val_ssim: 0.9176 - lr: 0.0100 - 60s/epoch - 306ms/step
Epoch 37/1000

Epoch 37: val_loss did not improve from 0.04650
196/196 - 60s - loss: 0.0675 - psnr: 26.5921 - ssim: 0.8369 - val_loss: 0.0540 - val_psnr: 25.2354 - val_ssim: 0.9181 - lr: 0.0100 - 60s/epoch - 308ms/step
Epoch 38/1000

Epoch 38: val_loss did not improve from 0.04650
196/196 - 60s - loss: 0.0674 - psnr: 26.6127 - ssim: 0.8373 - val_loss: 0.0542 - val_psnr: 25.2528 - val_ssim: 0.9179 - lr: 0.0100 - 60s/epoch - 307ms/step
Epoch 39/1000

Epoch 39: val_loss did not improve from 0.04650
196/196 - 60s - loss: 0.0672 - psnr: 26.6286 - ssim: 0.8377 - val_loss: 0.0521 - val_psnr: 25.6046 - val_ssim: 0.9199 - lr: 0.0100 - 60s/epoch - 307ms/step
Epoch 40/1000

Epoch 40: val_loss did not improve from 0.04650
196/196 - 60s - loss: 0.0671 - psnr: 26.6476 - ssim: 0.8381 - val_loss: 0.0534 - val_psnr: 25.4356 - val_ssim: 0.9173 - lr: 0.0100 - 60s/epoch - 305ms/step
Epoch 41/1000

Epoch 41: val_loss did not improve from 0.04650
196/196 - 61s - loss: 0.0670 - psnr: 26.6572 - ssim: 0.8384 - val_loss: 0.0543 - val_psnr: 25.1845 - val_ssim: 0.9180 - lr: 0.0100 - 61s/epoch - 310ms/step
Epoch 42/1000

Epoch 42: val_loss did not improve from 0.04650
196/196 - 60s - loss: 0.0668 - psnr: 26.6810 - ssim: 0.8388 - val_loss: 0.0511 - val_psnr: 25.7168 - val_ssim: 0.9226 - lr: 0.0100 - 60s/epoch - 306ms/step
Epoch 43/1000

Epoch 43: val_loss did not improve from 0.04650
196/196 - 60s - loss: 0.0667 - psnr: 26.6924 - ssim: 0.8392 - val_loss: 0.0518 - val_psnr: 25.6035 - val_ssim: 0.9215 - lr: 0.0100 - 60s/epoch - 306ms/step
Epoch 44/1000

Epoch 44: ReduceLROnPlateau reducing learning rate to 0.0019999999552965165.

Epoch 44: val_loss did not improve from 0.04650
196/196 - 60s - loss: 0.0665 - psnr: 26.7164 - ssim: 0.8396 - val_loss: 0.0509 - val_psnr: 25.9183 - val_ssim: 0.9212 - lr: 0.0100 - 60s/epoch - 305ms/step
Epoch 45/1000

Epoch 45: val_loss improved from 0.04650 to 0.03867, saving model to models/model_ssim_l1_35-40
WARNING:absl:Found untraced functions such as _jit_compiled_convolution_op, conv2d_layer_call_fn, conv2d_layer_call_and_return_conditional_losses, _jit_compiled_convolution_op, leaky_re_lu_layer_call_fn while saving (showing 5 of 241). These functions will not be directly callable after loading.
196/196 - 81s - loss: 0.0647 - psnr: 27.0134 - ssim: 0.8421 - val_loss: 0.0387 - val_psnr: 28.4603 - val_ssim: 0.9357 - lr: 0.0020 - 81s/epoch - 412ms/step
Epoch 46/1000

Epoch 46: val_loss did not improve from 0.03867
196/196 - 60s - loss: 0.0646 - psnr: 27.0326 - ssim: 0.8424 - val_loss: 0.0388 - val_psnr: 28.4261 - val_ssim: 0.9355 - lr: 0.0020 - 60s/epoch - 306ms/step
Epoch 47/1000

Epoch 47: val_loss did not improve from 0.03867
196/196 - 60s - loss: 0.0646 - psnr: 27.0371 - ssim: 0.8424 - val_loss: 0.0389 - val_psnr: 28.3846 - val_ssim: 0.9361 - lr: 0.0020 - 60s/epoch - 305ms/step
Epoch 48/1000

Epoch 48: val_loss did not improve from 0.03867
196/196 - 60s - loss: 0.0645 - psnr: 27.0423 - ssim: 0.8426 - val_loss: 0.0390 - val_psnr: 28.3559 - val_ssim: 0.9360 - lr: 0.0020 - 60s/epoch - 304ms/step
Epoch 49/1000

Epoch 49: val_loss did not improve from 0.03867
196/196 - 60s - loss: 0.0645 - psnr: 27.0459 - ssim: 0.8427 - val_loss: 0.0391 - val_psnr: 28.3680 - val_ssim: 0.9357 - lr: 0.0020 - 60s/epoch - 308ms/step
Epoch 50/1000

Epoch 50: val_loss did not improve from 0.03867
196/196 - 60s - loss: 0.0644 - psnr: 27.0542 - ssim: 0.8428 - val_loss: 0.0397 - val_psnr: 28.2057 - val_ssim: 0.9352 - lr: 0.0020 - 60s/epoch - 306ms/step
Epoch 51/1000

Epoch 51: val_loss did not improve from 0.03867
196/196 - 60s - loss: 0.0644 - psnr: 27.0570 - ssim: 0.8428 - val_loss: 0.0392 - val_psnr: 28.3622 - val_ssim: 0.9354 - lr: 0.0020 - 60s/epoch - 306ms/step
Epoch 52/1000

Epoch 52: val_loss did not improve from 0.03867
196/196 - 60s - loss: 0.0644 - psnr: 27.0596 - ssim: 0.8430 - val_loss: 0.0393 - val_psnr: 28.3324 - val_ssim: 0.9354 - lr: 0.0020 - 60s/epoch - 307ms/step
Epoch 53/1000

Epoch 53: val_loss did not improve from 0.03867
196/196 - 60s - loss: 0.0643 - psnr: 27.0646 - ssim: 0.8430 - val_loss: 0.0391 - val_psnr: 28.4118 - val_ssim: 0.9356 - lr: 0.0020 - 60s/epoch - 304ms/step
Epoch 54/1000

Epoch 54: val_loss did not improve from 0.03867
196/196 - 60s - loss: 0.0643 - psnr: 27.0687 - ssim: 0.8431 - val_loss: 0.0392 - val_psnr: 28.3251 - val_ssim: 0.9360 - lr: 0.0020 - 60s/epoch - 308ms/step
Epoch 55/1000

Epoch 55: val_loss did not improve from 0.03867
196/196 - 60s - loss: 0.0643 - psnr: 27.0692 - ssim: 0.8432 - val_loss: 0.0397 - val_psnr: 28.2562 - val_ssim: 0.9351 - lr: 0.0020 - 60s/epoch - 307ms/step
Epoch 56/1000

Epoch 56: val_loss did not improve from 0.03867
196/196 - 60s - loss: 0.0642 - psnr: 27.0733 - ssim: 0.8433 - val_loss: 0.0393 - val_psnr: 28.3250 - val_ssim: 0.9357 - lr: 0.0020 - 60s/epoch - 307ms/step
Epoch 57/1000

Epoch 57: val_loss did not improve from 0.03867
196/196 - 60s - loss: 0.0642 - psnr: 27.0774 - ssim: 0.8434 - val_loss: 0.0392 - val_psnr: 28.3639 - val_ssim: 0.9357 - lr: 0.0020 - 60s/epoch - 305ms/step
Epoch 58/1000

Epoch 58: val_loss did not improve from 0.03867
196/196 - 60s - loss: 0.0642 - psnr: 27.0795 - ssim: 0.8435 - val_loss: 0.0397 - val_psnr: 28.2410 - val_ssim: 0.9351 - lr: 0.0020 - 60s/epoch - 305ms/step
Epoch 59/1000

Epoch 59: val_loss did not improve from 0.03867
196/196 - 60s - loss: 0.0641 - psnr: 27.0861 - ssim: 0.8436 - val_loss: 0.0399 - val_psnr: 28.1966 - val_ssim: 0.9351 - lr: 0.0020 - 60s/epoch - 306ms/step
Epoch 60/1000

Epoch 60: val_loss did not improve from 0.03867
196/196 - 60s - loss: 0.0641 - psnr: 27.0848 - ssim: 0.8436 - val_loss: 0.0399 - val_psnr: 28.1945 - val_ssim: 0.9352 - lr: 0.0020 - 60s/epoch - 308ms/step
Epoch 61/1000

Epoch 61: val_loss did not improve from 0.03867
196/196 - 60s - loss: 0.0641 - psnr: 27.0913 - ssim: 0.8437 - val_loss: 0.0397 - val_psnr: 28.2215 - val_ssim: 0.9356 - lr: 0.0020 - 60s/epoch - 307ms/step
Epoch 62/1000

Epoch 62: val_loss did not improve from 0.03867
196/196 - 60s - loss: 0.0641 - psnr: 27.0952 - ssim: 0.8438 - val_loss: 0.0397 - val_psnr: 28.2400 - val_ssim: 0.9355 - lr: 0.0020 - 60s/epoch - 305ms/step
Epoch 63/1000

Epoch 63: val_loss did not improve from 0.03867
196/196 - 60s - loss: 0.0640 - psnr: 27.0958 - ssim: 0.8439 - val_loss: 0.0401 - val_psnr: 28.1572 - val_ssim: 0.9352 - lr: 0.0020 - 60s/epoch - 305ms/step
Epoch 64/1000

Epoch 64: val_loss did not improve from 0.03867
196/196 - 60s - loss: 0.0640 - psnr: 27.0996 - ssim: 0.8440 - val_loss: 0.0400 - val_psnr: 28.1594 - val_ssim: 0.9355 - lr: 0.0020 - 60s/epoch - 307ms/step
Epoch 65/1000

Epoch 65: val_loss did not improve from 0.03867
196/196 - 60s - loss: 0.0640 - psnr: 27.1017 - ssim: 0.8441 - val_loss: 0.0404 - val_psnr: 28.0438 - val_ssim: 0.9349 - lr: 0.0020 - 60s/epoch - 306ms/step
Epoch 66/1000

Epoch 66: val_loss did not improve from 0.03867
196/196 - 60s - loss: 0.0640 - psnr: 27.1049 - ssim: 0.8441 - val_loss: 0.0405 - val_psnr: 28.0350 - val_ssim: 0.9349 - lr: 0.0020 - 60s/epoch - 306ms/step
Epoch 67/1000

Epoch 67: val_loss did not improve from 0.03867
196/196 - 60s - loss: 0.0639 - psnr: 27.1077 - ssim: 0.8442 - val_loss: 0.0402 - val_psnr: 28.1112 - val_ssim: 0.9353 - lr: 0.0020 - 60s/epoch - 305ms/step
Epoch 68/1000

Epoch 68: val_loss did not improve from 0.03867
196/196 - 60s - loss: 0.0639 - psnr: 27.1119 - ssim: 0.8443 - val_loss: 0.0401 - val_psnr: 28.1192 - val_ssim: 0.9354 - lr: 0.0020 - 60s/epoch - 307ms/step
Epoch 69/1000

Epoch 69: val_loss did not improve from 0.03867
196/196 - 60s - loss: 0.0639 - psnr: 27.1142 - ssim: 0.8443 - val_loss: 0.0403 - val_psnr: 28.1078 - val_ssim: 0.9351 - lr: 0.0020 - 60s/epoch - 307ms/step
Epoch 70/1000

Epoch 70: val_loss did not improve from 0.03867
196/196 - 60s - loss: 0.0638 - psnr: 27.1196 - ssim: 0.8444 - val_loss: 0.0401 - val_psnr: 28.1667 - val_ssim: 0.9353 - lr: 0.0020 - 60s/epoch - 307ms/step
Epoch 71/1000

Epoch 71: val_loss did not improve from 0.03867
196/196 - 61s - loss: 0.0638 - psnr: 27.1210 - ssim: 0.8445 - val_loss: 0.0405 - val_psnr: 28.0439 - val_ssim: 0.9350 - lr: 0.0020 - 61s/epoch - 312ms/step
Epoch 72/1000

Epoch 72: val_loss did not improve from 0.03867
196/196 - 60s - loss: 0.0638 - psnr: 27.1238 - ssim: 0.8446 - val_loss: 0.0401 - val_psnr: 28.0953 - val_ssim: 0.9360 - lr: 0.0020 - 60s/epoch - 309ms/step
Epoch 73/1000

Epoch 73: ReduceLROnPlateau reducing learning rate to 0.0003999999724328518.

Epoch 73: val_loss did not improve from 0.03867
196/196 - 60s - loss: 0.0638 - psnr: 27.1243 - ssim: 0.8446 - val_loss: 0.0404 - val_psnr: 28.0079 - val_ssim: 0.9356 - lr: 0.0020 - 60s/epoch - 307ms/step
Epoch 74/1000

Epoch 74: val_loss did not improve from 0.03867
196/196 - 60s - loss: 0.0633 - psnr: 27.2043 - ssim: 0.8452 - val_loss: 0.0406 - val_psnr: 27.6497 - val_ssim: 0.9379 - lr: 4.0000e-04 - 60s/epoch - 308ms/step
Epoch 75/1000

Epoch 75: val_loss did not improve from 0.03867
196/196 - 60s - loss: 0.0633 - psnr: 27.2078 - ssim: 0.8452 - val_loss: 0.0407 - val_psnr: 27.5889 - val_ssim: 0.9381 - lr: 4.0000e-04 - 60s/epoch - 308ms/step
Epoch 76/1000

Epoch 76: val_loss did not improve from 0.03867
196/196 - 60s - loss: 0.0633 - psnr: 27.2092 - ssim: 0.8452 - val_loss: 0.0404 - val_psnr: 27.6940 - val_ssim: 0.9381 - lr: 4.0000e-04 - 60s/epoch - 304ms/step
Epoch 77/1000

Epoch 77: val_loss did not improve from 0.03867
196/196 - 60s - loss: 0.0633 - psnr: 27.2117 - ssim: 0.8452 - val_loss: 0.0404 - val_psnr: 27.6684 - val_ssim: 0.9383 - lr: 4.0000e-04 - 60s/epoch - 307ms/step
Epoch 78/1000

Epoch 78: val_loss did not improve from 0.03867
196/196 - 60s - loss: 0.0633 - psnr: 27.2109 - ssim: 0.8452 - val_loss: 0.0405 - val_psnr: 27.6174 - val_ssim: 0.9383 - lr: 4.0000e-04 - 60s/epoch - 307ms/step
Epoch 79/1000

Epoch 79: val_loss did not improve from 0.03867
196/196 - 60s - loss: 0.0633 - psnr: 27.2122 - ssim: 0.8453 - val_loss: 0.0405 - val_psnr: 27.6320 - val_ssim: 0.9381 - lr: 4.0000e-04 - 60s/epoch - 307ms/step
Epoch 80/1000

Epoch 80: val_loss did not improve from 0.03867
196/196 - 60s - loss: 0.0633 - psnr: 27.2133 - ssim: 0.8453 - val_loss: 0.0403 - val_psnr: 27.6837 - val_ssim: 0.9383 - lr: 4.0000e-04 - 60s/epoch - 305ms/step
Epoch 81/1000

Epoch 81: val_loss did not improve from 0.03867
196/196 - 60s - loss: 0.0633 - psnr: 27.2113 - ssim: 0.8452 - val_loss: 0.0403 - val_psnr: 27.6847 - val_ssim: 0.9383 - lr: 4.0000e-04 - 60s/epoch - 306ms/step
Epoch 82/1000

Epoch 82: val_loss did not improve from 0.03867
196/196 - 60s - loss: 0.0632 - psnr: 27.2164 - ssim: 0.8454 - val_loss: 0.0404 - val_psnr: 27.6522 - val_ssim: 0.9385 - lr: 4.0000e-04 - 60s/epoch - 306ms/step
Epoch 83/1000

Epoch 83: val_loss did not improve from 0.03867
196/196 - 60s - loss: 0.0633 - psnr: 27.2134 - ssim: 0.8453 - val_loss: 0.0402 - val_psnr: 27.6743 - val_ssim: 0.9387 - lr: 4.0000e-04 - 60s/epoch - 306ms/step
Epoch 84/1000

Epoch 84: val_loss did not improve from 0.03867
196/196 - 60s - loss: 0.0632 - psnr: 27.2157 - ssim: 0.8454 - val_loss: 0.0406 - val_psnr: 27.6143 - val_ssim: 0.9382 - lr: 4.0000e-04 - 60s/epoch - 306ms/step
Epoch 85/1000

Epoch 85: val_loss did not improve from 0.03867
196/196 - 60s - loss: 0.0633 - psnr: 27.2168 - ssim: 0.8453 - val_loss: 0.0403 - val_psnr: 27.6730 - val_ssim: 0.9385 - lr: 4.0000e-04 - 60s/epoch - 306ms/step
Epoch 86/1000

Epoch 86: val_loss did not improve from 0.03867
196/196 - 60s - loss: 0.0632 - psnr: 27.2164 - ssim: 0.8454 - val_loss: 0.0402 - val_psnr: 27.6928 - val_ssim: 0.9386 - lr: 4.0000e-04 - 60s/epoch - 305ms/step
Epoch 87/1000

Epoch 87: val_loss did not improve from 0.03867
196/196 - 60s - loss: 0.0632 - psnr: 27.2188 - ssim: 0.8454 - val_loss: 0.0404 - val_psnr: 27.6422 - val_ssim: 0.9385 - lr: 4.0000e-04 - 60s/epoch - 307ms/step
Epoch 88/1000

Epoch 88: val_loss did not improve from 0.03867
196/196 - 60s - loss: 0.0632 - psnr: 27.2189 - ssim: 0.8454 - val_loss: 0.0405 - val_psnr: 27.6304 - val_ssim: 0.9384 - lr: 4.0000e-04 - 60s/epoch - 305ms/step
Epoch 89/1000

Epoch 89: val_loss did not improve from 0.03867
196/196 - 60s - loss: 0.0632 - psnr: 27.2192 - ssim: 0.8454 - val_loss: 0.0407 - val_psnr: 27.5641 - val_ssim: 0.9383 - lr: 4.0000e-04 - 60s/epoch - 307ms/step
Epoch 90/1000

Epoch 90: val_loss did not improve from 0.03867
196/196 - 60s - loss: 0.0632 - psnr: 27.2181 - ssim: 0.8454 - val_loss: 0.0404 - val_psnr: 27.6288 - val_ssim: 0.9386 - lr: 4.0000e-04 - 60s/epoch - 306ms/step
Epoch 91/1000

Epoch 91: val_loss did not improve from 0.03867
196/196 - 60s - loss: 0.0632 - psnr: 27.2220 - ssim: 0.8455 - val_loss: 0.0405 - val_psnr: 27.6002 - val_ssim: 0.9387 - lr: 4.0000e-04 - 60s/epoch - 306ms/step
Epoch 92/1000

Epoch 92: val_loss did not improve from 0.03867
196/196 - 60s - loss: 0.0632 - psnr: 27.2223 - ssim: 0.8454 - val_loss: 0.0406 - val_psnr: 27.5796 - val_ssim: 0.9384 - lr: 4.0000e-04 - 60s/epoch - 308ms/step
Epoch 93/1000

Epoch 93: val_loss did not improve from 0.03867
196/196 - 60s - loss: 0.0632 - psnr: 27.2231 - ssim: 0.8455 - val_loss: 0.0405 - val_psnr: 27.5912 - val_ssim: 0.9387 - lr: 4.0000e-04 - 60s/epoch - 305ms/step
Epoch 94/1000

Epoch 94: val_loss did not improve from 0.03867
196/196 - 60s - loss: 0.0632 - psnr: 27.2222 - ssim: 0.8455 - val_loss: 0.0403 - val_psnr: 27.6657 - val_ssim: 0.9388 - lr: 4.0000e-04 - 60s/epoch - 307ms/step
Epoch 95/1000
Restoring model weights from the end of the best epoch: 45.

Epoch 95: val_loss did not improve from 0.03867
196/196 - 61s - loss: 0.0632 - psnr: 27.2246 - ssim: 0.8455 - val_loss: 0.0405 - val_psnr: 27.6044 - val_ssim: 0.9384 - lr: 4.0000e-04 - 61s/epoch - 310ms/step
Epoch 95: early stopping
[0m
[32mSaving model architecture text summary...[0m
[32mSaving model training history...[0m
[32mEvaluating model...[0m
[36m
40/40 - 5s - loss: 0.0387 - psnr: 28.4627 - ssim: 0.9357 - 5s/epoch - 127ms/step
WARNING:matplotlib.font_manager:findfont: Generic family 'sans-serif' not found because none of the following families were found: Readex Pro
WARNING:matplotlib.font_manager:findfont: Generic family 'sans-serif' not found because none of the following families were found: Readex Pro
WARNING:matplotlib.font_manager:findfont: Generic family 'sans-serif' not found because none of the following families were found: Readex Pro
WARNING:matplotlib.font_manager:findfont: Generic family 'sans-serif' not found because none of the following families were found: Readex Pro
WARNING:matplotlib.font_manager:findfont: Generic family 'sans-serif' not found because none of the following families were found: Readex Pro
WARNING:matplotlib.font_manager:findfont: Generic family 'sans-serif' not found because none of the following families were found: Readex Pro
WARNING:matplotlib.font_manager:findfont: Generic family 'sans-serif' not found because none of the following families were found: Readex Pro
WARNING:matplotlib.font_manager:findfont: Generic family 'sans-serif' not found because none of the following families were found: Readex Pro
WARNING:matplotlib.font_manager:findfont: Generic family 'sans-serif' not found because none of the following families were found: Readex Pro
WARNING:matplotlib.font_manager:findfont: Generic family 'sans-serif' not found because none of the following families were found: Readex Pro
WARNING:matplotlib.font_manager:findfont: Generic family 'sans-serif' not found because none of the following families were found: Readex Pro
WARNING:matplotlib.font_manager:findfont: Generic family 'sans-serif' not found because none of the following families were found: Readex Pro
WARNING:matplotlib.font_manager:findfont: Generic family 'sans-serif' not found because none of the following families were found: Readex Pro
WARNING:matplotlib.font_manager:findfont: Generic family 'sans-serif' not found because none of the following families were found: Readex Pro
WARNING:matplotlib.font_manager:findfont: Generic family 'sans-serif' not found because none of the following families were found: Readex Pro
WARNING:matplotlib.font_manager:findfont: Generic family 'sans-serif' not found because none of the following families were found: Readex Pro
WARNING:matplotlib.font_manager:findfont: Generic family 'sans-serif' not found because none of the following families were found: Readex Pro
WARNING:matplotlib.font_manager:findfont: Generic family 'sans-serif' not found because none of the following families were found: Readex Pro
WARNING:matplotlib.font_manager:findfont: Generic family 'sans-serif' not found because none of the following families were found: Readex Pro
WARNING:matplotlib.font_manager:findfont: Generic family 'sans-serif' not found because none of the following families were found: Readex Pro
WARNING:matplotlib.font_manager:findfont: Generic family 'sans-serif' not found because none of the following families were found: Readex Pro
WARNING:matplotlib.font_manager:findfont: Generic family 'sans-serif' not found because none of the following families were found: Readex Pro
WARNING:matplotlib.font_manager:findfont: Generic family 'sans-serif' not found because none of the following families were found: Readex Pro
WARNING:matplotlib.font_manager:findfont: Generic family 'sans-serif' not found because none of the following families were found: Readex Pro
WARNING:matplotlib.font_manager:findfont: Generic family 'sans-serif' not found because none of the following families were found: Readex Pro
WARNING:matplotlib.font_manager:findfont: Generic family 'sans-serif' not found because none of the following families were found: Readex Pro
WARNING:matplotlib.font_manager:findfont: Generic family 'sans-serif' not found because none of the following families were found: Readex Pro
WARNING:matplotlib.font_manager:findfont: Generic family 'sans-serif' not found because none of the following families were found: Readex Pro
WARNING:matplotlib.font_manager:findfont: Generic family 'sans-serif' not found because none of the following families were found: Readex Pro
WARNING:matplotlib.font_manager:findfont: Generic family 'sans-serif' not found because none of the following families were found: Readex Pro
WARNING:matplotlib.font_manager:findfont: Generic family 'sans-serif' not found because none of the following families were found: Readex Pro
WARNING:matplotlib.font_manager:findfont: Generic family 'sans-serif' not found because none of the following families were found: Readex Pro
WARNING:matplotlib.font_manager:findfont: Generic family 'sans-serif' not found because none of the following families were found: Readex Pro
WARNING:matplotlib.font_manager:findfont: Generic family 'sans-serif' not found because none of the following families were found: Readex Pro
WARNING:matplotlib.font_manager:findfont: Generic family 'sans-serif' not found because none of the following families were found: Readex Pro
WARNING:matplotlib.font_manager:findfont: Generic family 'sans-serif' not found because none of the following families were found: Readex Pro
WARNING:matplotlib.font_manager:findfont: Generic family 'sans-serif' not found because none of the following families were found: Readex Pro
WARNING:matplotlib.font_manager:findfont: Generic family 'sans-serif' not found because none of the following families were found: Readex Pro
WARNING:matplotlib.font_manager:findfont: Generic family 'sans-serif' not found because none of the following families were found: Readex Pro
WARNING:matplotlib.font_manager:findfont: Generic family 'sans-serif' not found because none of the following families were found: Readex Pro
WARNING:matplotlib.font_manager:findfont: Generic family 'sans-serif' not found because none of the following families were found: Readex Pro
WARNING:matplotlib.font_manager:findfont: Generic family 'sans-serif' not found because none of the following families were found: Readex Pro
WARNING:matplotlib.font_manager:findfont: Generic family 'sans-serif' not found because none of the following families were found: Readex Pro
WARNING:matplotlib.font_manager:findfont: Generic family 'sans-serif' not found because none of the following families were found: Readex Pro
WARNING:matplotlib.font_manager:findfont: Generic family 'sans-serif' not found because none of the following families were found: Readex Pro
WARNING:matplotlib.font_manager:findfont: Generic family 'sans-serif' not found because none of the following families were found: Readex Pro
WARNING:matplotlib.font_manager:findfont: Generic family 'sans-serif' not found because none of the following families were found: Readex Pro
WARNING:matplotlib.font_manager:findfont: Generic family 'sans-serif' not found because none of the following families were found: Readex Pro
WARNING:matplotlib.font_manager:findfont: Generic family 'sans-serif' not found because none of the following families were found: Readex Pro
WARNING:matplotlib.font_manager:findfont: Generic family 'sans-serif' not found because none of the following families were found: Readex Pro
WARNING:matplotlib.font_manager:findfont: Generic family 'sans-serif' not found because none of the following families were found: Readex Pro
WARNING:matplotlib.font_manager:findfont: Generic family 'sans-serif' not found because none of the following families were found: Readex Pro
WARNING:matplotlib.font_manager:findfont: Generic family 'sans-serif' not found because none of the following families were found: Readex Pro
WARNING:matplotlib.font_manager:findfont: Generic family 'sans-serif' not found because none of the following families were found: Readex Pro
WARNING:matplotlib.font_manager:findfont: Generic family 'sans-serif' not found because none of the following families were found: Readex Pro
WARNING:matplotlib.font_manager:findfont: Generic family 'sans-serif' not found because none of the following families were found: Readex Pro
WARNING:matplotlib.font_manager:findfont: Generic family 'sans-serif' not found because none of the following families were found: Readex Pro
WARNING:matplotlib.font_manager:findfont: Generic family 'sans-serif' not found because none of the following families were found: Readex Pro
WARNING:matplotlib.font_manager:findfont: Generic family 'sans-serif' not found because none of the following families were found: Readex Pro
WARNING:matplotlib.font_manager:findfont: Generic family 'sans-serif' not found because none of the following families were found: Readex Pro
WARNING:matplotlib.font_manager:findfont: Generic family 'sans-serif' not found because none of the following families were found: Readex Pro
WARNING:matplotlib.font_manager:findfont: Generic family 'sans-serif' not found because none of the following families were found: Readex Pro
WARNING:matplotlib.font_manager:findfont: Generic family 'sans-serif' not found because none of the following families were found: Readex Pro
WARNING:matplotlib.font_manager:findfont: Generic family 'sans-serif' not found because none of the following families were found: Readex Pro
WARNING:matplotlib.font_manager:findfont: Generic family 'sans-serif' not found because none of the following families were found: Readex Pro
WARNING:matplotlib.font_manager:findfont: Generic family 'sans-serif' not found because none of the following families were found: Readex Pro
WARNING:matplotlib.font_manager:findfont: Generic family 'sans-serif' not found because none of the following families were found: Readex Pro
WARNING:matplotlib.font_manager:findfont: Generic family 'sans-serif' not found because none of the following families were found: Readex Pro
WARNING:matplotlib.font_manager:findfont: Generic family 'sans-serif' not found because none of the following families were found: Readex Pro
WARNING:matplotlib.font_manager:findfont: Generic family 'sans-serif' not found because none of the following families were found: Readex Pro
WARNING:matplotlib.font_manager:findfont: Generic family 'sans-serif' not found because none of the following families were found: Readex Pro
WARNING:matplotlib.font_manager:findfont: Generic family 'sans-serif' not found because none of the following families were found: Readex Pro
WARNING:matplotlib.font_manager:findfont: Generic family 'sans-serif' not found because none of the following families were found: Readex Pro
WARNING:matplotlib.font_manager:findfont: Generic family 'sans-serif' not found because none of the following families were found: Readex Pro
WARNING:matplotlib.font_manager:findfont: Generic family 'sans-serif' not found because none of the following families were found: Readex Pro
WARNING:matplotlib.font_manager:findfont: Generic family 'sans-serif' not found because none of the following families were found: Readex Pro
WARNING:matplotlib.font_manager:findfont: Generic family 'sans-serif' not found because none of the following families were found: Readex Pro
WARNING:matplotlib.font_manager:findfont: Generic family 'sans-serif' not found because none of the following families were found: Readex Pro
WARNING:matplotlib.font_manager:findfont: Generic family 'sans-serif' not found because none of the following families were found: Readex Pro
WARNING:matplotlib.font_manager:findfont: Generic family 'sans-serif' not found because none of the following families were found: Readex Pro
WARNING:matplotlib.font_manager:findfont: Generic family 'sans-serif' not found because none of the following families were found: Readex Pro
WARNING:matplotlib.font_manager:findfont: Generic family 'sans-serif' not found because none of the following families were found: Readex Pro
WARNING:matplotlib.font_manager:findfont: Generic family 'sans-serif' not found because none of the following families were found: Readex Pro
WARNING:matplotlib.font_manager:findfont: Generic family 'sans-serif' not found because none of the following families were found: Readex Pro
WARNING:matplotlib.font_manager:findfont: Generic family 'sans-serif' not found because none of the following families were found: Readex Pro
WARNING:matplotlib.font_manager:findfont: Generic family 'sans-serif' not found because none of the following families were found: Readex Pro
WARNING:matplotlib.font_manager:findfont: Generic family 'sans-serif' not found because none of the following families were found: Readex Pro
WARNING:matplotlib.font_manager:findfont: Generic family 'sans-serif' not found because none of the following families were found: Readex Pro
WARNING:matplotlib.font_manager:findfont: Generic family 'sans-serif' not found because none of the following families were found: Readex Pro
WARNING:matplotlib.font_manager:findfont: Generic family 'sans-serif' not found because none of the following families were found: Readex Pro
WARNING:matplotlib.font_manager:findfont: Generic family 'sans-serif' not found because none of the following families were found: Readex Pro
WARNING:matplotlib.font_manager:findfont: Generic family 'sans-serif' not found because none of the following families were found: Readex Pro
WARNING:matplotlib.font_manager:findfont: Generic family 'sans-serif' not found because none of the following families were found: Readex Pro
WARNING:matplotlib.font_manager:findfont: Generic family 'sans-serif' not found because none of the following families were found: Readex Pro
WARNING:matplotlib.font_manager:findfont: Generic family 'sans-serif' not found because none of the following families were found: Readex Pro
WARNING:matplotlib.font_manager:findfont: Generic family 'sans-serif' not found because none of the following families were found: Readex Pro
WARNING:matplotlib.font_manager:findfont: Generic family 'sans-serif' not found because none of the following families were found: Readex Pro
WARNING:matplotlib.font_manager:findfont: Generic family 'sans-serif' not found because none of the following families were found: Readex Pro
WARNING:matplotlib.font_manager:findfont: Generic family 'sans-serif' not found because none of the following families were found: Readex Pro
WARNING:matplotlib.font_manager:findfont: Generic family 'sans-serif' not found because none of the following families were found: Readex Pro
WARNING:matplotlib.font_manager:findfont: Generic family 'sans-serif' not found because none of the following families were found: Readex Pro
WARNING:matplotlib.font_manager:findfont: Generic family 'sans-serif' not found because none of the following families were found: Readex Pro
WARNING:matplotlib.font_manager:findfont: Generic family 'sans-serif' not found because none of the following families were found: Readex Pro
WARNING:matplotlib.font_manager:findfont: Generic family 'sans-serif' not found because none of the following families were found: Readex Pro
WARNING:matplotlib.font_manager:findfont: Generic family 'sans-serif' not found because none of the following families were found: Readex Pro
WARNING:matplotlib.font_manager:findfont: Generic family 'sans-serif' not found because none of the following families were found: Readex Pro
WARNING:matplotlib.font_manager:findfont: Generic family 'sans-serif' not found because none of the following families were found: Readex Pro
WARNING:matplotlib.font_manager:findfont: Generic family 'sans-serif' not found because none of the following families were found: Readex Pro
WARNING:matplotlib.font_manager:findfont: Generic family 'sans-serif' not found because none of the following families were found: Readex Pro
WARNING:matplotlib.font_manager:findfont: Generic family 'sans-serif' not found because none of the following families were found: Readex Pro
WARNING:matplotlib.font_manager:findfont: Generic family 'sans-serif' not found because none of the following families were found: Readex Pro
WARNING:matplotlib.font_manager:findfont: Generic family 'sans-serif' not found because none of the following families were found: Readex Pro
WARNING:matplotlib.font_manager:findfont: Generic family 'sans-serif' not found because none of the following families were found: Readex Pro
WARNING:matplotlib.font_manager:findfont: Generic family 'sans-serif' not found because none of the following families were found: Readex Pro
WARNING:matplotlib.font_manager:findfont: Generic family 'sans-serif' not found because none of the following families were found: Readex Pro
WARNING:matplotlib.font_manager:findfont: Generic family 'sans-serif' not found because none of the following families were found: Readex Pro
WARNING:matplotlib.font_manager:findfont: Generic family 'sans-serif' not found because none of the following families were found: Readex Pro
WARNING:matplotlib.font_manager:findfont: Generic family 'sans-serif' not found because none of the following families were found: Readex Pro
WARNING:matplotlib.font_manager:findfont: Generic family 'sans-serif' not found because none of the following families were found: Readex Pro
WARNING:matplotlib.font_manager:findfont: Generic family 'sans-serif' not found because none of the following families were found: Readex Pro
WARNING:matplotlib.font_manager:findfont: Generic family 'sans-serif' not found because none of the following families were found: Readex Pro
WARNING:matplotlib.font_manager:findfont: Generic family 'sans-serif' not found because none of the following families were found: Readex Pro
WARNING:matplotlib.font_manager:findfont: Generic family 'sans-serif' not found because none of the following families were found: Readex Pro
WARNING:matplotlib.font_manager:findfont: Generic family 'sans-serif' not found because none of the following families were found: Readex Pro
WARNING:matplotlib.font_manager:findfont: Generic family 'sans-serif' not found because none of the following families were found: Readex Pro
WARNING:matplotlib.font_manager:findfont: Generic family 'sans-serif' not found because none of the following families were found: Readex Pro
WARNING:matplotlib.font_manager:findfont: Generic family 'sans-serif' not found because none of the following families were found: Readex Pro
WARNING:matplotlib.font_manager:findfont: Generic family 'sans-serif' not found because none of the following families were found: Readex Pro
WARNING:matplotlib.font_manager:findfont: Generic family 'sans-serif' not found because none of the following families were found: Readex Pro
WARNING:matplotlib.font_manager:findfont: Generic family 'sans-serif' not found because none of the following families were found: Readex Pro
WARNING:matplotlib.font_manager:findfont: Generic family 'sans-serif' not found because none of the following families were found: Readex Pro
WARNING:matplotlib.font_manager:findfont: Generic family 'sans-serif' not found because none of the following families were found: Readex Pro
WARNING:matplotlib.font_manager:findfont: Generic family 'sans-serif' not found because none of the following families were found: Readex Pro
WARNING:matplotlib.font_manager:findfont: Generic family 'sans-serif' not found because none of the following families were found: Readex Pro
WARNING:matplotlib.font_manager:findfont: Generic family 'sans-serif' not found because none of the following families were found: Readex Pro
WARNING:matplotlib.font_manager:findfont: Generic family 'sans-serif' not found because none of the following families were found: Readex Pro
WARNING:matplotlib.font_manager:findfont: Generic family 'sans-serif' not found because none of the following families were found: Readex Pro
WARNING:matplotlib.font_manager:findfont: Generic family 'sans-serif' not found because none of the following families were found: Readex Pro
WARNING:matplotlib.font_manager:findfont: Generic family 'sans-serif' not found because none of the following families were found: Readex Pro
WARNING:matplotlib.font_manager:findfont: Generic family 'sans-serif' not found because none of the following families were found: Readex Pro
WARNING:matplotlib.font_manager:findfont: Generic family 'sans-serif' not found because none of the following families were found: Readex Pro
WARNING:matplotlib.font_manager:findfont: Generic family 'sans-serif' not found because none of the following families were found: Readex Pro
WARNING:matplotlib.font_manager:findfont: Generic family 'sans-serif' not found because none of the following families were found: Readex Pro
WARNING:matplotlib.font_manager:findfont: Generic family 'sans-serif' not found because none of the following families were found: Readex Pro
WARNING:matplotlib.font_manager:findfont: Generic family 'sans-serif' not found because none of the following families were found: Readex Pro
WARNING:matplotlib.font_manager:findfont: Generic family 'sans-serif' not found because none of the following families were found: Readex Pro
WARNING:matplotlib.font_manager:findfont: Generic family 'sans-serif' not found because none of the following families were found: Readex Pro
WARNING:matplotlib.font_manager:findfont: Generic family 'sans-serif' not found because none of the following families were found: Readex Pro
WARNING:matplotlib.font_manager:findfont: Generic family 'sans-serif' not found because none of the following families were found: Readex Pro
WARNING:matplotlib.font_manager:findfont: Generic family 'sans-serif' not found because none of the following families were found: Readex Pro
WARNING:matplotlib.font_manager:findfont: Generic family 'sans-serif' not found because none of the following families were found: Readex Pro
WARNING:matplotlib.font_manager:findfont: Generic family 'sans-serif' not found because none of the following families were found: Readex Pro
WARNING:matplotlib.font_manager:findfont: Generic family 'sans-serif' not found because none of the following families were found: Readex Pro
WARNING:matplotlib.font_manager:findfont: Generic family 'sans-serif' not found because none of the following families were found: Readex Pro
WARNING:matplotlib.font_manager:findfont: Generic family 'sans-serif' not found because none of the following families were found: Readex Pro
WARNING:matplotlib.font_manager:findfont: Generic family 'sans-serif' not found because none of the following families were found: Readex Pro
WARNING:matplotlib.font_manager:findfont: Generic family 'sans-serif' not found because none of the following families were found: Readex Pro
WARNING:matplotlib.font_manager:findfont: Generic family 'sans-serif' not found because none of the following families were found: Readex Pro
WARNING:matplotlib.font_manager:findfont: Generic family 'sans-serif' not found because none of the following families were found: Readex Pro
WARNING:matplotlib.font_manager:findfont: Generic family 'sans-serif' not found because none of the following families were found: Readex Pro
WARNING:matplotlib.font_manager:findfont: Generic family 'sans-serif' not found because none of the following families were found: Readex Pro
WARNING:matplotlib.font_manager:findfont: Generic family 'sans-serif' not found because none of the following families were found: Readex Pro
WARNING:matplotlib.font_manager:findfont: Generic family 'sans-serif' not found because none of the following families were found: Readex Pro
WARNING:matplotlib.font_manager:findfont: Generic family 'sans-serif' not found because none of the following families were found: Readex Pro
WARNING:matplotlib.font_manager:findfont: Generic family 'sans-serif' not found because none of the following families were found: Readex Pro
WARNING:matplotlib.font_manager:findfont: Generic family 'sans-serif' not found because none of the following families were found: Readex Pro
WARNING:matplotlib.font_manager:findfont: Generic family 'sans-serif' not found because none of the following families were found: Readex Pro
WARNING:matplotlib.font_manager:findfont: Generic family 'sans-serif' not found because none of the following families were found: Readex Pro
WARNING:matplotlib.font_manager:findfont: Generic family 'sans-serif' not found because none of the following families were found: Readex Pro
WARNING:matplotlib.font_manager:findfont: Generic family 'sans-serif' not found because none of the following families were found: Readex Pro
WARNING:matplotlib.font_manager:findfont: Generic family 'sans-serif' not found because none of the following families were found: Readex Pro
WARNING:matplotlib.font_manager:findfont: Generic family 'sans-serif' not found because none of the following families were found: Readex Pro
WARNING:matplotlib.font_manager:findfont: Generic family 'sans-serif' not found because none of the following families were found: Readex Pro
WARNING:matplotlib.font_manager:findfont: Generic family 'sans-serif' not found because none of the following families were found: Readex Pro
WARNING:matplotlib.font_manager:findfont: Generic family 'sans-serif' not found because none of the following families were found: Readex Pro
WARNING:matplotlib.font_manager:findfont: Generic family 'sans-serif' not found because none of the following families were found: Readex Pro
WARNING:matplotlib.font_manager:findfont: Generic family 'sans-serif' not found because none of the following families were found: Readex Pro
WARNING:matplotlib.font_manager:findfont: Generic family 'sans-serif' not found because none of the following families were found: Readex Pro
WARNING:matplotlib.font_manager:findfont: Generic family 'sans-serif' not found because none of the following families were found: Readex Pro
WARNING:matplotlib.font_manager:findfont: Generic family 'sans-serif' not found because none of the following families were found: Readex Pro
WARNING:matplotlib.font_manager:findfont: Generic family 'sans-serif' not found because none of the following families were found: Readex Pro
WARNING:matplotlib.font_manager:findfont: Generic family 'sans-serif' not found because none of the following families were found: Readex Pro
WARNING:matplotlib.font_manager:findfont: Generic family 'sans-serif' not found because none of the following families were found: Readex Pro
WARNING:matplotlib.font_manager:findfont: Generic family 'sans-serif' not found because none of the following families were found: Readex Pro
WARNING:matplotlib.font_manager:findfont: Generic family 'sans-serif' not found because none of the following families were found: Readex Pro
WARNING:matplotlib.font_manager:findfont: Generic family 'sans-serif' not found because none of the following families were found: Readex Pro
WARNING:matplotlib.font_manager:findfont: Generic family 'sans-serif' not found because none of the following families were found: Readex Pro
WARNING:matplotlib.font_manager:findfont: Generic family 'sans-serif' not found because none of the following families were found: Readex Pro
WARNING:matplotlib.font_manager:findfont: Generic family 'sans-serif' not found because none of the following families were found: Readex Pro
WARNING:matplotlib.font_manager:findfont: Generic family 'sans-serif' not found because none of the following families were found: Readex Pro
WARNING:matplotlib.font_manager:findfont: Generic family 'sans-serif' not found because none of the following families were found: Readex Pro
WARNING:matplotlib.font_manager:findfont: Generic family 'sans-serif' not found because none of the following families were found: Readex Pro
WARNING:matplotlib.font_manager:findfont: Generic family 'sans-serif' not found because none of the following families were found: Readex Pro
WARNING:matplotlib.font_manager:findfont: Generic family 'sans-serif' not found because none of the following families were found: Readex Pro
WARNING:matplotlib.font_manager:findfont: Generic family 'sans-serif' not found because none of the following families were found: Readex Pro
WARNING:matplotlib.font_manager:findfont: Generic family 'sans-serif' not found because none of the following families were found: Readex Pro
WARNING:matplotlib.font_manager:findfont: Generic family 'sans-serif' not found because none of the following families were found: Readex Pro
WARNING:matplotlib.font_manager:findfont: Generic family 'sans-serif' not found because none of the following families were found: Readex Pro
WARNING:matplotlib.font_manager:findfont: Generic family 'sans-serif' not found because none of the following families were found: Readex Pro
WARNING:matplotlib.font_manager:findfont: Generic family 'sans-serif' not found because none of the following families were found: Readex Pro
WARNING:matplotlib.font_manager:findfont: Generic family 'sans-serif' not found because none of the following families were found: Readex Pro
WARNING:matplotlib.font_manager:findfont: Generic family 'sans-serif' not found because none of the following families were found: Readex Pro
WARNING:matplotlib.font_manager:findfont: Generic family 'sans-serif' not found because none of the following families were found: Readex Pro
WARNING:matplotlib.font_manager:findfont: Generic family 'sans-serif' not found because none of the following families were found: Readex Pro
WARNING:matplotlib.font_manager:findfont: Generic family 'sans-serif' not found because none of the following families were found: Readex Pro
WARNING:matplotlib.font_manager:findfont: Generic family 'sans-serif' not found because none of the following families were found: Readex Pro
WARNING:matplotlib.font_manager:findfont: Generic family 'sans-serif' not found because none of the following families were found: Readex Pro
WARNING:matplotlib.font_manager:findfont: Generic family 'sans-serif' not found because none of the following families were found: Readex Pro
WARNING:matplotlib.font_manager:findfont: Generic family 'sans-serif' not found because none of the following families were found: Readex Pro
WARNING:matplotlib.font_manager:findfont: Generic family 'sans-serif' not found because none of the following families were found: Readex Pro
WARNING:matplotlib.font_manager:findfont: Generic family 'sans-serif' not found because none of the following families were found: Readex Pro
WARNING:matplotlib.font_manager:findfont: Generic family 'sans-serif' not found because none of the following families were found: Readex Pro
WARNING:matplotlib.font_manager:findfont: Generic family 'sans-serif' not found because none of the following families were found: Readex Pro
WARNING:matplotlib.font_manager:findfont: Generic family 'sans-serif' not found because none of the following families were found: Readex Pro
WARNING:matplotlib.font_manager:findfont: Generic family 'sans-serif' not found because none of the following families were found: Readex Pro
WARNING:matplotlib.font_manager:findfont: Generic family 'sans-serif' not found because none of the following families were found: Readex Pro
WARNING:matplotlib.font_manager:findfont: Generic family 'sans-serif' not found because none of the following families were found: Readex Pro
WARNING:matplotlib.font_manager:findfont: Generic family 'sans-serif' not found because none of the following families were found: Readex Pro
WARNING:matplotlib.font_manager:findfont: Generic family 'sans-serif' not found because none of the following families were found: Readex Pro
WARNING:matplotlib.font_manager:findfont: Generic family 'sans-serif' not found because none of the following families were found: Readex Pro
WARNING:matplotlib.font_manager:findfont: Generic family 'sans-serif' not found because none of the following families were found: Readex Pro
WARNING:matplotlib.font_manager:findfont: Generic family 'sans-serif' not found because none of the following families were found: Readex Pro
WARNING:matplotlib.font_manager:findfont: Generic family 'sans-serif' not found because none of the following families were found: Readex Pro
WARNING:matplotlib.font_manager:findfont: Generic family 'sans-serif' not found because none of the following families were found: Readex Pro
WARNING:matplotlib.font_manager:findfont: Generic family 'sans-serif' not found because none of the following families were found: Readex Pro
WARNING:matplotlib.font_manager:findfont: Generic family 'sans-serif' not found because none of the following families were found: Readex Pro
WARNING:matplotlib.font_manager:findfont: Generic family 'sans-serif' not found because none of the following families were found: Readex Pro
WARNING:matplotlib.font_manager:findfont: Generic family 'sans-serif' not found because none of the following families were found: Readex Pro
WARNING:matplotlib.font_manager:findfont: Generic family 'sans-serif' not found because none of the following families were found: Readex Pro
WARNING:matplotlib.font_manager:findfont: Generic family 'sans-serif' not found because none of the following families were found: Readex Pro
WARNING:matplotlib.font_manager:findfont: Generic family 'sans-serif' not found because none of the following families were found: Readex Pro
WARNING:matplotlib.font_manager:findfont: Generic family 'sans-serif' not found because none of the following families were found: Readex Pro
WARNING:matplotlib.font_manager:findfont: Generic family 'sans-serif' not found because none of the following families were found: Readex Pro
WARNING:matplotlib.font_manager:findfont: Generic family 'sans-serif' not found because none of the following families were found: Readex Pro
WARNING:matplotlib.font_manager:findfont: Generic family 'sans-serif' not found because none of the following families were found: Readex Pro
WARNING:matplotlib.font_manager:findfont: Generic family 'sans-serif' not found because none of the following families were found: Readex Pro
WARNING:matplotlib.font_manager:findfont: Generic family 'sans-serif' not found because none of the following families were found: Readex Pro
WARNING:matplotlib.font_manager:findfont: Generic family 'sans-serif' not found because none of the following families were found: Readex Pro
WARNING:matplotlib.font_manager:findfont: Generic family 'sans-serif' not found because none of the following families were found: Readex Pro
WARNING:matplotlib.font_manager:findfont: Generic family 'sans-serif' not found because none of the following families were found: Readex Pro
WARNING:matplotlib.font_manager:findfont: Generic family 'sans-serif' not found because none of the following families were found: Readex Pro
WARNING:matplotlib.font_manager:findfont: Generic family 'sans-serif' not found because none of the following families were found: Readex Pro
WARNING:matplotlib.font_manager:findfont: Generic family 'sans-serif' not found because none of the following families were found: Readex Pro
WARNING:matplotlib.font_manager:findfont: Generic family 'sans-serif' not found because none of the following families were found: Readex Pro
WARNING:matplotlib.font_manager:findfont: Generic family 'sans-serif' not found because none of the following families were found: Readex Pro
WARNING:matplotlib.font_manager:findfont: Generic family 'sans-serif' not found because none of the following families were found: Readex Pro
WARNING:matplotlib.font_manager:findfont: Generic family 'sans-serif' not found because none of the following families were found: Readex Pro
WARNING:matplotlib.font_manager:findfont: Generic family 'sans-serif' not found because none of the following families were found: Readex Pro
WARNING:matplotlib.font_manager:findfont: Generic family 'sans-serif' not found because none of the following families were found: Readex Pro
WARNING:matplotlib.font_manager:findfont: Generic family 'sans-serif' not found because none of the following families were found: Readex Pro
WARNING:matplotlib.font_manager:findfont: Generic family 'sans-serif' not found because none of the following families were found: Readex Pro
WARNING:matplotlib.font_manager:findfont: Generic family 'sans-serif' not found because none of the following families were found: Readex Pro
WARNING:matplotlib.font_manager:findfont: Generic family 'sans-serif' not found because none of the following families were found: Readex Pro
WARNING:matplotlib.font_manager:findfont: Generic family 'sans-serif' not found because none of the following families were found: Readex Pro
WARNING:matplotlib.font_manager:findfont: Generic family 'sans-serif' not found because none of the following families were found: Readex Pro
WARNING:matplotlib.font_manager:findfont: Generic family 'sans-serif' not found because none of the following families were found: Readex Pro
WARNING:matplotlib.font_manager:findfont: Generic family 'sans-serif' not found because none of the following families were found: Readex Pro
WARNING:matplotlib.font_manager:findfont: Generic family 'sans-serif' not found because none of the following families were found: Readex Pro
WARNING:matplotlib.font_manager:findfont: Generic family 'sans-serif' not found because none of the following families were found: Readex Pro
WARNING:matplotlib.font_manager:findfont: Generic family 'sans-serif' not found because none of the following families were found: Readex Pro
WARNING:matplotlib.font_manager:findfont: Generic family 'sans-serif' not found because none of the following families were found: Readex Pro
WARNING:matplotlib.font_manager:findfont: Generic family 'sans-serif' not found because none of the following families were found: Readex Pro
WARNING:matplotlib.font_manager:findfont: Generic family 'sans-serif' not found because none of the following families were found: Readex Pro
WARNING:matplotlib.font_manager:findfont: Generic family 'sans-serif' not found because none of the following families were found: Readex Pro
WARNING:matplotlib.font_manager:findfont: Generic family 'sans-serif' not found because none of the following families were found: Readex Pro
WARNING:matplotlib.font_manager:findfont: Generic family 'sans-serif' not found because none of the following families were found: Readex Pro
WARNING:matplotlib.font_manager:findfont: Generic family 'sans-serif' not found because none of the following families were found: Readex Pro
WARNING:matplotlib.font_manager:findfont: Generic family 'sans-serif' not found because none of the following families were found: Readex Pro
WARNING:matplotlib.font_manager:findfont: Generic family 'sans-serif' not found because none of the following families were found: Readex Pro
WARNING:matplotlib.font_manager:findfont: Generic family 'sans-serif' not found because none of the following families were found: Readex Pro
WARNING:matplotlib.font_manager:findfont: Generic family 'sans-serif' not found because none of the following families were found: Readex Pro
WARNING:matplotlib.font_manager:findfont: Generic family 'sans-serif' not found because none of the following families were found: Readex Pro
WARNING:matplotlib.font_manager:findfont: Generic family 'sans-serif' not found because none of the following families were found: Readex Pro
WARNING:matplotlib.font_manager:findfont: Generic family 'sans-serif' not found because none of the following families were found: Readex Pro
WARNING:matplotlib.font_manager:findfont: Generic family 'sans-serif' not found because none of the following families were found: Readex Pro
WARNING:matplotlib.font_manager:findfont: Generic family 'sans-serif' not found because none of the following families were found: Readex Pro
WARNING:matplotlib.font_manager:findfont: Generic family 'sans-serif' not found because none of the following families were found: Readex Pro
WARNING:matplotlib.font_manager:findfont: Generic family 'sans-serif' not found because none of the following families were found: Readex Pro
WARNING:matplotlib.font_manager:findfont: Generic family 'sans-serif' not found because none of the following families were found: Readex Pro
WARNING:matplotlib.font_manager:findfont: Generic family 'sans-serif' not found because none of the following families were found: Readex Pro
WARNING:matplotlib.font_manager:findfont: Generic family 'sans-serif' not found because none of the following families were found: Readex Pro
WARNING:matplotlib.font_manager:findfont: Generic family 'sans-serif' not found because none of the following families were found: Readex Pro
WARNING:matplotlib.font_manager:findfont: Generic family 'sans-serif' not found because none of the following families were found: Readex Pro
WARNING:matplotlib.font_manager:findfont: Generic family 'sans-serif' not found because none of the following families were found: Readex Pro
WARNING:matplotlib.font_manager:findfont: Generic family 'sans-serif' not found because none of the following families were found: Readex Pro
WARNING:matplotlib.font_manager:findfont: Generic family 'sans-serif' not found because none of the following families were found: Readex Pro
WARNING:matplotlib.font_manager:findfont: Generic family 'sans-serif' not found because none of the following families were found: Readex Pro
WARNING:matplotlib.font_manager:findfont: Generic family 'sans-serif' not found because none of the following families were found: Readex Pro
WARNING:matplotlib.font_manager:findfont: Generic family 'sans-serif' not found because none of the following families were found: Readex Pro
WARNING:matplotlib.font_manager:findfont: Generic family 'sans-serif' not found because none of the following families were found: Readex Pro
[0m
[32mSaving model evaluation...[0m
[32mGenerating training graphs...[0m
[33mTotal time: 02:12:24[0m
[35mEverything done![0m
