2023-01-29 13:51:44.522586: I tensorflow/core/platform/cpu_feature_guard.cc:193] This TensorFlow binary is optimized with oneAPI Deep Neural Network Library (oneDNN) to use the following CPU instructions in performance-critical operations:  AVX2 FMA
To enable them in other operations, rebuild TensorFlow with the appropriate compiler flags.
2023-01-29 13:51:50.611101: W tensorflow/compiler/xla/stream_executor/platform/default/dso_loader.cc:64] Could not load dynamic library 'libnvinfer.so.7'; dlerror: libnvinfer.so.7: cannot open shared object file: No such file or directory
2023-01-29 13:51:50.611597: W tensorflow/compiler/xla/stream_executor/platform/default/dso_loader.cc:64] Could not load dynamic library 'libnvinfer_plugin.so.7'; dlerror: libnvinfer_plugin.so.7: cannot open shared object file: No such file or directory
2023-01-29 13:51:50.611614: W tensorflow/compiler/tf2tensorrt/utils/py_utils.cc:38] TF-TRT Warning: Cannot dlopen some TensorRT libraries. If you would like to use Nvidia GPU with TensorRT, please make sure the missing libraries mentioned above are installed properly.
Matplotlib created a temporary config/cache directory at /tmp/matplotlib-b15hton_ because the default path (/home/cristec/.config/matplotlib) is not a writable directory; it is highly recommended to set the MPLCONFIGDIR environment variable to a writable directory, in particular to speed up the import of Matplotlib and to better support multiprocessing.
2023-01-29 13:52:01.697254: I tensorflow/core/platform/cpu_feature_guard.cc:193] This TensorFlow binary is optimized with oneAPI Deep Neural Network Library (oneDNN) to use the following CPU instructions in performance-critical operations:  AVX2 FMA
To enable them in other operations, rebuild TensorFlow with the appropriate compiler flags.
2023-01-29 13:52:04.694862: I tensorflow/core/common_runtime/gpu/gpu_device.cc:1613] Created device /job:localhost/replica:0/task:0/device:GPU:0 with 7414 MB memory:  -> device: 0, name: Quadro M4000, pci bus id: 0000:03:00.0, compute capability: 5.2
2023-01-29 13:52:04.699053: I tensorflow/core/common_runtime/gpu/gpu_device.cc:1613] Created device /job:localhost/replica:0/task:0/device:GPU:1 with 7425 MB memory:  -> device: 1, name: Quadro M4000, pci bus id: 0000:04:00.0, compute capability: 5.2
WARNING:tensorflow:From /shared_storage/cristec/conda/envs/ML/lib/python3.10/site-packages/tensorflow/python/autograph/pyct/static_analysis/liveness.py:83: Analyzer.lamba_check (from tensorflow.python.autograph.pyct.static_analysis.liveness) is deprecated and will be removed after 2023-09-23.
Instructions for updating:
Lambda fuctions will be no more assumed to be used in the statement where they are used, or at least in the same block. https://github.com/tensorflow/tensorflow/issues/56089
[35mStarting script...[0m
[32mLoading train dataset...[0m
Found 50000 files belonging to 1 classes.
[32mLoading test dataset...[0m
Found 10000 files belonging to 1 classes.
[32mCreating model...[0m
[32mTraining model...[0m
[36m
Epoch 1/1000
2023-01-29 13:52:44.451807: E tensorflow/core/grappler/optimizers/meta_optimizer.cc:954] layout failed: INVALID_ARGUMENT: Size of values 0 does not match size of permutation 4 @ fanin shape inUNet/unet_down_0/u_net2d_convolution_block/dropout/dropout/SelectV2-2-TransposeNHWCToNCHW-LayoutOptimizer
2023-01-29 13:53:32.511242: I tensorflow/compiler/xla/stream_executor/cuda/cuda_dnn.cc:428] Loaded cuDNN version 8101
2023-01-29 13:53:33.066981: I tensorflow/compiler/xla/stream_executor/cuda/cuda_dnn.cc:428] Loaded cuDNN version 8101
2023-01-29 13:53:33.418376: I tensorflow/tsl/platform/default/subprocess.cc:304] Start cannot spawn child process: No such file or directory
2023-01-29 13:53:37.749918: I tensorflow/compiler/xla/service/service.cc:173] XLA service 0x7ff724015c80 initialized for platform CUDA (this does not guarantee that XLA will be used). Devices:
2023-01-29 13:53:37.749960: I tensorflow/compiler/xla/service/service.cc:181]   StreamExecutor device (0): Quadro M4000, Compute Capability 5.2
2023-01-29 13:53:37.749980: I tensorflow/compiler/xla/service/service.cc:181]   StreamExecutor device (1): Quadro M4000, Compute Capability 5.2
2023-01-29 13:53:37.838778: I tensorflow/compiler/mlir/tensorflow/utils/dump_mlir_util.cc:268] disabling MLIR crash reproducer, set env var `MLIR_CRASH_REPRODUCER_DIRECTORY` to enable.
2023-01-29 13:53:37.838815: I tensorflow/compiler/mlir/tensorflow/utils/dump_mlir_util.cc:268] disabling MLIR crash reproducer, set env var `MLIR_CRASH_REPRODUCER_DIRECTORY` to enable.
2023-01-29 13:53:38.487218: I tensorflow/tsl/platform/default/subprocess.cc:304] Start cannot spawn child process: No such file or directory
2023-01-29 13:53:38.619173: I tensorflow/compiler/jit/xla_compilation_cache.cc:477] Compiled cluster using XLA!  This line is logged at most once for the lifetime of the process.

Epoch 1: val_loss improved from inf to 0.08368, saving model to models/model_2023.01.29_13:52
WARNING:absl:Found untraced functions such as _jit_compiled_convolution_op, conv2d_layer_call_fn, conv2d_layer_call_and_return_conditional_losses, _jit_compiled_convolution_op, leaky_re_lu_layer_call_fn while saving (showing 5 of 241). These functions will not be directly callable after loading.
196/196 - 1336s - loss: 0.0824 - psnr: 20.3242 - ssim: 0.5473 - val_loss: 0.0837 - val_psnr: 19.7573 - val_ssim: 0.7166 - lr: 0.0100 - 1336s/epoch - 7s/step
Epoch 2/1000

Epoch 2: val_loss did not improve from 0.08368
196/196 - 55s - loss: 0.0535 - psnr: 23.1762 - ssim: 0.7065 - val_loss: 0.1156 - val_psnr: 17.4307 - val_ssim: 0.7635 - lr: 0.0100 - 55s/epoch - 279ms/step
Epoch 3/1000

Epoch 3: val_loss did not improve from 0.08368
196/196 - 54s - loss: 0.0479 - psnr: 24.0921 - ssim: 0.7389 - val_loss: 0.0873 - val_psnr: 19.7406 - val_ssim: 0.8061 - lr: 0.0100 - 54s/epoch - 278ms/step
Epoch 4/1000

Epoch 4: val_loss improved from 0.08368 to 0.07413, saving model to models/model_2023.01.29_13:52
WARNING:absl:Found untraced functions such as _jit_compiled_convolution_op, conv2d_layer_call_fn, conv2d_layer_call_and_return_conditional_losses, _jit_compiled_convolution_op, leaky_re_lu_layer_call_fn while saving (showing 5 of 241). These functions will not be directly callable after loading.
196/196 - 75s - loss: 0.0426 - psnr: 24.9982 - ssim: 0.7551 - val_loss: 0.0741 - val_psnr: 20.8274 - val_ssim: 0.8550 - lr: 0.0100 - 75s/epoch - 383ms/step
Epoch 5/1000

Epoch 5: val_loss improved from 0.07413 to 0.06105, saving model to models/model_2023.01.29_13:52
WARNING:absl:Found untraced functions such as _jit_compiled_convolution_op, conv2d_layer_call_fn, conv2d_layer_call_and_return_conditional_losses, _jit_compiled_convolution_op, leaky_re_lu_layer_call_fn while saving (showing 5 of 241). These functions will not be directly callable after loading.
196/196 - 75s - loss: 0.0407 - psnr: 25.3602 - ssim: 0.7689 - val_loss: 0.0610 - val_psnr: 22.3191 - val_ssim: 0.8835 - lr: 0.0100 - 75s/epoch - 381ms/step
Epoch 6/1000

Epoch 6: val_loss improved from 0.06105 to 0.05037, saving model to models/model_2023.01.29_13:52
WARNING:absl:Found untraced functions such as _jit_compiled_convolution_op, conv2d_layer_call_fn, conv2d_layer_call_and_return_conditional_losses, _jit_compiled_convolution_op, leaky_re_lu_layer_call_fn while saving (showing 5 of 241). These functions will not be directly callable after loading.
196/196 - 76s - loss: 0.0395 - psnr: 25.6207 - ssim: 0.7780 - val_loss: 0.0504 - val_psnr: 24.1413 - val_ssim: 0.8866 - lr: 0.0100 - 76s/epoch - 386ms/step
Epoch 7/1000

Epoch 7: val_loss did not improve from 0.05037
196/196 - 54s - loss: 0.0381 - psnr: 25.9013 - ssim: 0.7852 - val_loss: 0.0511 - val_psnr: 24.0319 - val_ssim: 0.8983 - lr: 0.0100 - 54s/epoch - 275ms/step
Epoch 8/1000

Epoch 8: val_loss improved from 0.05037 to 0.04174, saving model to models/model_2023.01.29_13:52
WARNING:absl:Found untraced functions such as _jit_compiled_convolution_op, conv2d_layer_call_fn, conv2d_layer_call_and_return_conditional_losses, _jit_compiled_convolution_op, leaky_re_lu_layer_call_fn while saving (showing 5 of 241). These functions will not be directly callable after loading.
196/196 - 75s - loss: 0.0370 - psnr: 26.1522 - ssim: 0.7928 - val_loss: 0.0417 - val_psnr: 25.9017 - val_ssim: 0.9097 - lr: 0.0100 - 75s/epoch - 383ms/step
Epoch 9/1000

Epoch 9: val_loss improved from 0.04174 to 0.04138, saving model to models/model_2023.01.29_13:52
WARNING:absl:Found untraced functions such as _jit_compiled_convolution_op, conv2d_layer_call_fn, conv2d_layer_call_and_return_conditional_losses, _jit_compiled_convolution_op, leaky_re_lu_layer_call_fn while saving (showing 5 of 241). These functions will not be directly callable after loading.
196/196 - 74s - loss: 0.0364 - psnr: 26.3057 - ssim: 0.7970 - val_loss: 0.0414 - val_psnr: 25.9991 - val_ssim: 0.9109 - lr: 0.0100 - 74s/epoch - 380ms/step
Epoch 10/1000

Epoch 10: val_loss did not improve from 0.04138
196/196 - 54s - loss: 0.0358 - psnr: 26.4429 - ssim: 0.8003 - val_loss: 0.0416 - val_psnr: 25.9956 - val_ssim: 0.9104 - lr: 0.0100 - 54s/epoch - 276ms/step
Epoch 11/1000

Epoch 11: val_loss did not improve from 0.04138
196/196 - 54s - loss: 0.0355 - psnr: 26.5183 - ssim: 0.8028 - val_loss: 0.0426 - val_psnr: 25.7618 - val_ssim: 0.9102 - lr: 0.0100 - 54s/epoch - 276ms/step
Epoch 12/1000

Epoch 12: val_loss did not improve from 0.04138
196/196 - 55s - loss: 0.0353 - psnr: 26.5750 - ssim: 0.8049 - val_loss: 0.0426 - val_psnr: 25.8391 - val_ssim: 0.9115 - lr: 0.0100 - 55s/epoch - 278ms/step
Epoch 13/1000

Epoch 13: val_loss did not improve from 0.04138
196/196 - 54s - loss: 0.0352 - psnr: 26.6112 - ssim: 0.8064 - val_loss: 0.0463 - val_psnr: 25.1079 - val_ssim: 0.9032 - lr: 0.0100 - 54s/epoch - 276ms/step
Epoch 14/1000

Epoch 14: val_loss did not improve from 0.04138
196/196 - 54s - loss: 0.0350 - psnr: 26.6533 - ssim: 0.8079 - val_loss: 0.0435 - val_psnr: 25.5199 - val_ssim: 0.9073 - lr: 0.0100 - 54s/epoch - 277ms/step
Epoch 15/1000

Epoch 15: val_loss improved from 0.04138 to 0.03946, saving model to models/model_2023.01.29_13:52
WARNING:absl:Found untraced functions such as _jit_compiled_convolution_op, conv2d_layer_call_fn, conv2d_layer_call_and_return_conditional_losses, _jit_compiled_convolution_op, leaky_re_lu_layer_call_fn while saving (showing 5 of 241). These functions will not be directly callable after loading.
196/196 - 74s - loss: 0.0349 - psnr: 26.6782 - ssim: 0.8091 - val_loss: 0.0395 - val_psnr: 26.2172 - val_ssim: 0.9130 - lr: 0.0100 - 74s/epoch - 377ms/step
Epoch 16/1000

Epoch 16: val_loss improved from 0.03946 to 0.03414, saving model to models/model_2023.01.29_13:52
WARNING:absl:Found untraced functions such as _jit_compiled_convolution_op, conv2d_layer_call_fn, conv2d_layer_call_and_return_conditional_losses, _jit_compiled_convolution_op, leaky_re_lu_layer_call_fn while saving (showing 5 of 241). These functions will not be directly callable after loading.
196/196 - 75s - loss: 0.0348 - psnr: 26.7128 - ssim: 0.8101 - val_loss: 0.0341 - val_psnr: 27.4245 - val_ssim: 0.9265 - lr: 0.0100 - 75s/epoch - 385ms/step
Epoch 17/1000

Epoch 17: val_loss improved from 0.03414 to 0.03295, saving model to models/model_2023.01.29_13:52
WARNING:absl:Found untraced functions such as _jit_compiled_convolution_op, conv2d_layer_call_fn, conv2d_layer_call_and_return_conditional_losses, _jit_compiled_convolution_op, leaky_re_lu_layer_call_fn while saving (showing 5 of 241). These functions will not be directly callable after loading.
196/196 - 75s - loss: 0.0346 - psnr: 26.7498 - ssim: 0.8111 - val_loss: 0.0330 - val_psnr: 27.7710 - val_ssim: 0.9329 - lr: 0.0100 - 75s/epoch - 383ms/step
Epoch 18/1000

Epoch 18: val_loss improved from 0.03295 to 0.03132, saving model to models/model_2023.01.29_13:52
WARNING:absl:Found untraced functions such as _jit_compiled_convolution_op, conv2d_layer_call_fn, conv2d_layer_call_and_return_conditional_losses, _jit_compiled_convolution_op, leaky_re_lu_layer_call_fn while saving (showing 5 of 241). These functions will not be directly callable after loading.
196/196 - 75s - loss: 0.0345 - psnr: 26.7837 - ssim: 0.8121 - val_loss: 0.0313 - val_psnr: 28.1717 - val_ssim: 0.9354 - lr: 0.0100 - 75s/epoch - 383ms/step
Epoch 19/1000

Epoch 19: val_loss improved from 0.03132 to 0.03065, saving model to models/model_2023.01.29_13:52
WARNING:absl:Found untraced functions such as _jit_compiled_convolution_op, conv2d_layer_call_fn, conv2d_layer_call_and_return_conditional_losses, _jit_compiled_convolution_op, leaky_re_lu_layer_call_fn while saving (showing 5 of 241). These functions will not be directly callable after loading.
196/196 - 75s - loss: 0.0343 - psnr: 26.8146 - ssim: 0.8130 - val_loss: 0.0306 - val_psnr: 28.3676 - val_ssim: 0.9369 - lr: 0.0100 - 75s/epoch - 383ms/step
Epoch 20/1000

Epoch 20: val_loss did not improve from 0.03065
196/196 - 54s - loss: 0.0342 - psnr: 26.8468 - ssim: 0.8138 - val_loss: 0.0307 - val_psnr: 28.3737 - val_ssim: 0.9369 - lr: 0.0100 - 54s/epoch - 278ms/step
Epoch 21/1000

Epoch 21: val_loss did not improve from 0.03065
196/196 - 54s - loss: 0.0341 - psnr: 26.8752 - ssim: 0.8145 - val_loss: 0.0311 - val_psnr: 28.2838 - val_ssim: 0.9371 - lr: 0.0100 - 54s/epoch - 277ms/step
Epoch 22/1000

Epoch 22: val_loss improved from 0.03065 to 0.03026, saving model to models/model_2023.01.29_13:52
WARNING:absl:Found untraced functions such as _jit_compiled_convolution_op, conv2d_layer_call_fn, conv2d_layer_call_and_return_conditional_losses, _jit_compiled_convolution_op, leaky_re_lu_layer_call_fn while saving (showing 5 of 241). These functions will not be directly callable after loading.
196/196 - 75s - loss: 0.0339 - psnr: 26.9051 - ssim: 0.8154 - val_loss: 0.0303 - val_psnr: 28.4950 - val_ssim: 0.9371 - lr: 0.0100 - 75s/epoch - 382ms/step
Epoch 23/1000

Epoch 23: val_loss improved from 0.03026 to 0.02939, saving model to models/model_2023.01.29_13:52
WARNING:absl:Found untraced functions such as _jit_compiled_convolution_op, conv2d_layer_call_fn, conv2d_layer_call_and_return_conditional_losses, _jit_compiled_convolution_op, leaky_re_lu_layer_call_fn while saving (showing 5 of 241). These functions will not be directly callable after loading.
196/196 - 75s - loss: 0.0338 - psnr: 26.9299 - ssim: 0.8160 - val_loss: 0.0294 - val_psnr: 28.7146 - val_ssim: 0.9382 - lr: 0.0100 - 75s/epoch - 381ms/step
Epoch 24/1000

Epoch 24: val_loss improved from 0.02939 to 0.02869, saving model to models/model_2023.01.29_13:52
WARNING:absl:Found untraced functions such as _jit_compiled_convolution_op, conv2d_layer_call_fn, conv2d_layer_call_and_return_conditional_losses, _jit_compiled_convolution_op, leaky_re_lu_layer_call_fn while saving (showing 5 of 241). These functions will not be directly callable after loading.
196/196 - 76s - loss: 0.0337 - psnr: 26.9539 - ssim: 0.8166 - val_loss: 0.0287 - val_psnr: 28.9058 - val_ssim: 0.9379 - lr: 0.0100 - 76s/epoch - 387ms/step
Epoch 25/1000

Epoch 25: val_loss did not improve from 0.02869
196/196 - 54s - loss: 0.0336 - psnr: 26.9834 - ssim: 0.8173 - val_loss: 0.0287 - val_psnr: 28.9210 - val_ssim: 0.9383 - lr: 0.0100 - 54s/epoch - 278ms/step
Epoch 26/1000

Epoch 26: val_loss improved from 0.02869 to 0.02851, saving model to models/model_2023.01.29_13:52
WARNING:absl:Found untraced functions such as _jit_compiled_convolution_op, conv2d_layer_call_fn, conv2d_layer_call_and_return_conditional_losses, _jit_compiled_convolution_op, leaky_re_lu_layer_call_fn while saving (showing 5 of 241). These functions will not be directly callable after loading.
196/196 - 76s - loss: 0.0335 - psnr: 27.0012 - ssim: 0.8178 - val_loss: 0.0285 - val_psnr: 28.9429 - val_ssim: 0.9385 - lr: 0.0100 - 76s/epoch - 387ms/step
Epoch 27/1000

Epoch 27: val_loss improved from 0.02851 to 0.02705, saving model to models/model_2023.01.29_13:52
WARNING:absl:Found untraced functions such as _jit_compiled_convolution_op, conv2d_layer_call_fn, conv2d_layer_call_and_return_conditional_losses, _jit_compiled_convolution_op, leaky_re_lu_layer_call_fn while saving (showing 5 of 241). These functions will not be directly callable after loading.
196/196 - 75s - loss: 0.0334 - psnr: 27.0216 - ssim: 0.8184 - val_loss: 0.0270 - val_psnr: 29.2925 - val_ssim: 0.9389 - lr: 0.0100 - 75s/epoch - 383ms/step
Epoch 28/1000

Epoch 28: val_loss improved from 0.02705 to 0.02654, saving model to models/model_2023.01.29_13:52
WARNING:absl:Found untraced functions such as _jit_compiled_convolution_op, conv2d_layer_call_fn, conv2d_layer_call_and_return_conditional_losses, _jit_compiled_convolution_op, leaky_re_lu_layer_call_fn while saving (showing 5 of 241). These functions will not be directly callable after loading.
196/196 - 75s - loss: 0.0333 - psnr: 27.0417 - ssim: 0.8189 - val_loss: 0.0265 - val_psnr: 29.4484 - val_ssim: 0.9418 - lr: 0.0100 - 75s/epoch - 384ms/step
Epoch 29/1000

Epoch 29: val_loss improved from 0.02654 to 0.02594, saving model to models/model_2023.01.29_13:52
WARNING:absl:Found untraced functions such as _jit_compiled_convolution_op, conv2d_layer_call_fn, conv2d_layer_call_and_return_conditional_losses, _jit_compiled_convolution_op, leaky_re_lu_layer_call_fn while saving (showing 5 of 241). These functions will not be directly callable after loading.
196/196 - 75s - loss: 0.0332 - psnr: 27.0609 - ssim: 0.8193 - val_loss: 0.0259 - val_psnr: 29.6192 - val_ssim: 0.9422 - lr: 0.0100 - 75s/epoch - 383ms/step
Epoch 30/1000

Epoch 30: val_loss improved from 0.02594 to 0.02573, saving model to models/model_2023.01.29_13:52
WARNING:absl:Found untraced functions such as _jit_compiled_convolution_op, conv2d_layer_call_fn, conv2d_layer_call_and_return_conditional_losses, _jit_compiled_convolution_op, leaky_re_lu_layer_call_fn while saving (showing 5 of 241). These functions will not be directly callable after loading.
196/196 - 75s - loss: 0.0332 - psnr: 27.0769 - ssim: 0.8198 - val_loss: 0.0257 - val_psnr: 29.6547 - val_ssim: 0.9421 - lr: 0.0100 - 75s/epoch - 384ms/step
Epoch 31/1000

Epoch 31: val_loss did not improve from 0.02573
196/196 - 54s - loss: 0.0331 - psnr: 27.0915 - ssim: 0.8201 - val_loss: 0.0258 - val_psnr: 29.6798 - val_ssim: 0.9421 - lr: 0.0100 - 54s/epoch - 276ms/step
Epoch 32/1000

Epoch 32: val_loss improved from 0.02573 to 0.02498, saving model to models/model_2023.01.29_13:52
WARNING:absl:Found untraced functions such as _jit_compiled_convolution_op, conv2d_layer_call_fn, conv2d_layer_call_and_return_conditional_losses, _jit_compiled_convolution_op, leaky_re_lu_layer_call_fn while saving (showing 5 of 241). These functions will not be directly callable after loading.
196/196 - 75s - loss: 0.0331 - psnr: 27.1008 - ssim: 0.8204 - val_loss: 0.0250 - val_psnr: 29.8823 - val_ssim: 0.9444 - lr: 0.0100 - 75s/epoch - 384ms/step
Epoch 33/1000

Epoch 33: val_loss did not improve from 0.02498
196/196 - 55s - loss: 0.0330 - psnr: 27.1171 - ssim: 0.8208 - val_loss: 0.0253 - val_psnr: 29.8034 - val_ssim: 0.9439 - lr: 0.0100 - 55s/epoch - 280ms/step
Epoch 34/1000

Epoch 34: val_loss improved from 0.02498 to 0.02453, saving model to models/model_2023.01.29_13:52
WARNING:absl:Found untraced functions such as _jit_compiled_convolution_op, conv2d_layer_call_fn, conv2d_layer_call_and_return_conditional_losses, _jit_compiled_convolution_op, leaky_re_lu_layer_call_fn while saving (showing 5 of 241). These functions will not be directly callable after loading.
196/196 - 75s - loss: 0.0329 - psnr: 27.1283 - ssim: 0.8212 - val_loss: 0.0245 - val_psnr: 30.0208 - val_ssim: 0.9451 - lr: 0.0100 - 75s/epoch - 383ms/step
Epoch 35/1000

Epoch 35: val_loss did not improve from 0.02453
196/196 - 54s - loss: 0.0329 - psnr: 27.1430 - ssim: 0.8216 - val_loss: 0.0251 - val_psnr: 29.8363 - val_ssim: 0.9450 - lr: 0.0100 - 54s/epoch - 277ms/step
Epoch 36/1000

Epoch 36: val_loss did not improve from 0.02453
196/196 - 54s - loss: 0.0328 - psnr: 27.1495 - ssim: 0.8218 - val_loss: 0.0247 - val_psnr: 30.0080 - val_ssim: 0.9454 - lr: 0.0100 - 54s/epoch - 278ms/step
Epoch 37/1000

Epoch 37: val_loss improved from 0.02453 to 0.02377, saving model to models/model_2023.01.29_13:52
WARNING:absl:Found untraced functions such as _jit_compiled_convolution_op, conv2d_layer_call_fn, conv2d_layer_call_and_return_conditional_losses, _jit_compiled_convolution_op, leaky_re_lu_layer_call_fn while saving (showing 5 of 241). These functions will not be directly callable after loading.
196/196 - 76s - loss: 0.0328 - psnr: 27.1585 - ssim: 0.8221 - val_loss: 0.0238 - val_psnr: 30.2814 - val_ssim: 0.9461 - lr: 0.0100 - 76s/epoch - 386ms/step
Epoch 38/1000

Epoch 38: val_loss did not improve from 0.02377
196/196 - 54s - loss: 0.0327 - psnr: 27.1689 - ssim: 0.8225 - val_loss: 0.0242 - val_psnr: 30.1805 - val_ssim: 0.9464 - lr: 0.0100 - 54s/epoch - 278ms/step
Epoch 39/1000

Epoch 39: val_loss improved from 0.02377 to 0.02367, saving model to models/model_2023.01.29_13:52
WARNING:absl:Found untraced functions such as _jit_compiled_convolution_op, conv2d_layer_call_fn, conv2d_layer_call_and_return_conditional_losses, _jit_compiled_convolution_op, leaky_re_lu_layer_call_fn while saving (showing 5 of 241). These functions will not be directly callable after loading.
196/196 - 75s - loss: 0.0327 - psnr: 27.1801 - ssim: 0.8228 - val_loss: 0.0237 - val_psnr: 30.3742 - val_ssim: 0.9472 - lr: 0.0100 - 75s/epoch - 384ms/step
Epoch 40/1000

Epoch 40: val_loss improved from 0.02367 to 0.02289, saving model to models/model_2023.01.29_13:52
WARNING:absl:Found untraced functions such as _jit_compiled_convolution_op, conv2d_layer_call_fn, conv2d_layer_call_and_return_conditional_losses, _jit_compiled_convolution_op, leaky_re_lu_layer_call_fn while saving (showing 5 of 241). These functions will not be directly callable after loading.
196/196 - 75s - loss: 0.0327 - psnr: 27.1859 - ssim: 0.8229 - val_loss: 0.0229 - val_psnr: 30.6366 - val_ssim: 0.9492 - lr: 0.0100 - 75s/epoch - 382ms/step
Epoch 41/1000

Epoch 41: val_loss did not improve from 0.02289
196/196 - 54s - loss: 0.0326 - psnr: 27.2013 - ssim: 0.8232 - val_loss: 0.0246 - val_psnr: 30.1315 - val_ssim: 0.9465 - lr: 0.0100 - 54s/epoch - 278ms/step
Epoch 42/1000

Epoch 42: val_loss did not improve from 0.02289
196/196 - 54s - loss: 0.0326 - psnr: 27.2015 - ssim: 0.8234 - val_loss: 0.0255 - val_psnr: 29.8194 - val_ssim: 0.9472 - lr: 0.0100 - 54s/epoch - 277ms/step
Epoch 43/1000

Epoch 43: val_loss did not improve from 0.02289
196/196 - 54s - loss: 0.0325 - psnr: 27.2116 - ssim: 0.8237 - val_loss: 0.0266 - val_psnr: 29.4069 - val_ssim: 0.9463 - lr: 0.0100 - 54s/epoch - 276ms/step
Epoch 44/1000

Epoch 44: val_loss did not improve from 0.02289
196/196 - 54s - loss: 0.0325 - psnr: 27.2113 - ssim: 0.8238 - val_loss: 0.0255 - val_psnr: 29.8089 - val_ssim: 0.9468 - lr: 0.0100 - 54s/epoch - 275ms/step
Epoch 45/1000

Epoch 45: val_loss did not improve from 0.02289
196/196 - 54s - loss: 0.0325 - psnr: 27.2219 - ssim: 0.8240 - val_loss: 0.0254 - val_psnr: 29.8072 - val_ssim: 0.9477 - lr: 0.0100 - 54s/epoch - 276ms/step
Epoch 46/1000

Epoch 46: val_loss did not improve from 0.02289
196/196 - 54s - loss: 0.0324 - psnr: 27.2386 - ssim: 0.8243 - val_loss: 0.0254 - val_psnr: 29.8567 - val_ssim: 0.9471 - lr: 0.0100 - 54s/epoch - 277ms/step
Epoch 47/1000

Epoch 47: val_loss did not improve from 0.02289
196/196 - 54s - loss: 0.0323 - psnr: 27.2441 - ssim: 0.8245 - val_loss: 0.0262 - val_psnr: 29.5208 - val_ssim: 0.9472 - lr: 0.0100 - 54s/epoch - 278ms/step
Epoch 48/1000

Epoch 48: val_loss did not improve from 0.02289
196/196 - 54s - loss: 0.0323 - psnr: 27.2492 - ssim: 0.8247 - val_loss: 0.0257 - val_psnr: 29.7136 - val_ssim: 0.9471 - lr: 0.0100 - 54s/epoch - 276ms/step
Epoch 49/1000

Epoch 49: val_loss did not improve from 0.02289
196/196 - 54s - loss: 0.0323 - psnr: 27.2576 - ssim: 0.8249 - val_loss: 0.0265 - val_psnr: 29.5157 - val_ssim: 0.9456 - lr: 0.0100 - 54s/epoch - 274ms/step
Epoch 50/1000

Epoch 50: val_loss did not improve from 0.02289
196/196 - 54s - loss: 0.0322 - psnr: 27.2691 - ssim: 0.8252 - val_loss: 0.0272 - val_psnr: 29.2610 - val_ssim: 0.9456 - lr: 0.0100 - 54s/epoch - 277ms/step
Epoch 51/1000

Epoch 51: val_loss did not improve from 0.02289
196/196 - 54s - loss: 0.0322 - psnr: 27.2733 - ssim: 0.8253 - val_loss: 0.0259 - val_psnr: 29.6531 - val_ssim: 0.9474 - lr: 0.0100 - 54s/epoch - 277ms/step
Epoch 52/1000

Epoch 52: val_loss did not improve from 0.02289
196/196 - 54s - loss: 0.0322 - psnr: 27.2816 - ssim: 0.8255 - val_loss: 0.0260 - val_psnr: 29.6480 - val_ssim: 0.9469 - lr: 0.0100 - 54s/epoch - 275ms/step
Epoch 53/1000

Epoch 53: val_loss did not improve from 0.02289
196/196 - 54s - loss: 0.0321 - psnr: 27.2929 - ssim: 0.8258 - val_loss: 0.0273 - val_psnr: 29.2586 - val_ssim: 0.9458 - lr: 0.0100 - 54s/epoch - 275ms/step
Epoch 54/1000

Epoch 54: val_loss did not improve from 0.02289
196/196 - 54s - loss: 0.0321 - psnr: 27.2998 - ssim: 0.8260 - val_loss: 0.0274 - val_psnr: 29.2234 - val_ssim: 0.9459 - lr: 0.0100 - 54s/epoch - 278ms/step
Epoch 55/1000

Epoch 55: val_loss did not improve from 0.02289
196/196 - 54s - loss: 0.0321 - psnr: 27.3017 - ssim: 0.8262 - val_loss: 0.0269 - val_psnr: 29.4380 - val_ssim: 0.9462 - lr: 0.0100 - 54s/epoch - 277ms/step
Epoch 56/1000

Epoch 56: val_loss did not improve from 0.02289
196/196 - 54s - loss: 0.0320 - psnr: 27.3118 - ssim: 0.8264 - val_loss: 0.0259 - val_psnr: 29.6058 - val_ssim: 0.9481 - lr: 0.0100 - 54s/epoch - 276ms/step
Epoch 57/1000

Epoch 57: val_loss did not improve from 0.02289
196/196 - 54s - loss: 0.0320 - psnr: 27.3199 - ssim: 0.8266 - val_loss: 0.0261 - val_psnr: 29.5882 - val_ssim: 0.9477 - lr: 0.0100 - 54s/epoch - 276ms/step
Epoch 58/1000

Epoch 58: val_loss did not improve from 0.02289
196/196 - 54s - loss: 0.0320 - psnr: 27.3314 - ssim: 0.8269 - val_loss: 0.0249 - val_psnr: 29.9151 - val_ssim: 0.9496 - lr: 0.0100 - 54s/epoch - 276ms/step
Epoch 59/1000

Epoch 59: val_loss did not improve from 0.02289
196/196 - 54s - loss: 0.0319 - psnr: 27.3404 - ssim: 0.8273 - val_loss: 0.0245 - val_psnr: 30.1012 - val_ssim: 0.9502 - lr: 0.0100 - 54s/epoch - 276ms/step
Epoch 60/1000

Epoch 60: ReduceLROnPlateau reducing learning rate to 0.0019999999552965165.

Epoch 60: val_loss did not improve from 0.02289
196/196 - 54s - loss: 0.0319 - psnr: 27.3512 - ssim: 0.8278 - val_loss: 0.0235 - val_psnr: 30.4496 - val_ssim: 0.9512 - lr: 0.0100 - 54s/epoch - 277ms/step
Epoch 61/1000

Epoch 61: val_loss improved from 0.02289 to 0.02085, saving model to models/model_2023.01.29_13:52
WARNING:absl:Found untraced functions such as _jit_compiled_convolution_op, conv2d_layer_call_fn, conv2d_layer_call_and_return_conditional_losses, _jit_compiled_convolution_op, leaky_re_lu_layer_call_fn while saving (showing 5 of 241). These functions will not be directly callable after loading.
196/196 - 75s - loss: 0.0304 - psnr: 27.6376 - ssim: 0.8304 - val_loss: 0.0209 - val_psnr: 31.4766 - val_ssim: 0.9508 - lr: 0.0020 - 75s/epoch - 383ms/step
Epoch 62/1000

Epoch 62: val_loss did not improve from 0.02085
196/196 - 54s - loss: 0.0303 - psnr: 27.6510 - ssim: 0.8308 - val_loss: 0.0209 - val_psnr: 31.4545 - val_ssim: 0.9506 - lr: 0.0020 - 54s/epoch - 275ms/step
Epoch 63/1000

Epoch 63: val_loss improved from 0.02085 to 0.02084, saving model to models/model_2023.01.29_13:52
WARNING:absl:Found untraced functions such as _jit_compiled_convolution_op, conv2d_layer_call_fn, conv2d_layer_call_and_return_conditional_losses, _jit_compiled_convolution_op, leaky_re_lu_layer_call_fn while saving (showing 5 of 241). These functions will not be directly callable after loading.
196/196 - 75s - loss: 0.0303 - psnr: 27.6572 - ssim: 0.8311 - val_loss: 0.0208 - val_psnr: 31.4792 - val_ssim: 0.9508 - lr: 0.0020 - 75s/epoch - 383ms/step
Epoch 64/1000

Epoch 64: val_loss did not improve from 0.02084
196/196 - 54s - loss: 0.0303 - psnr: 27.6590 - ssim: 0.8313 - val_loss: 0.0210 - val_psnr: 31.4310 - val_ssim: 0.9507 - lr: 0.0020 - 54s/epoch - 276ms/step
Epoch 65/1000

Epoch 65: val_loss improved from 0.02084 to 0.02068, saving model to models/model_2023.01.29_13:52
WARNING:absl:Found untraced functions such as _jit_compiled_convolution_op, conv2d_layer_call_fn, conv2d_layer_call_and_return_conditional_losses, _jit_compiled_convolution_op, leaky_re_lu_layer_call_fn while saving (showing 5 of 241). These functions will not be directly callable after loading.
196/196 - 75s - loss: 0.0303 - psnr: 27.6630 - ssim: 0.8315 - val_loss: 0.0207 - val_psnr: 31.5294 - val_ssim: 0.9510 - lr: 0.0020 - 75s/epoch - 385ms/step
Epoch 66/1000

Epoch 66: val_loss did not improve from 0.02068
196/196 - 55s - loss: 0.0302 - psnr: 27.6646 - ssim: 0.8316 - val_loss: 0.0208 - val_psnr: 31.4866 - val_ssim: 0.9511 - lr: 0.0020 - 55s/epoch - 279ms/step
Epoch 67/1000

Epoch 67: val_loss improved from 0.02068 to 0.02060, saving model to models/model_2023.01.29_13:52
WARNING:absl:Found untraced functions such as _jit_compiled_convolution_op, conv2d_layer_call_fn, conv2d_layer_call_and_return_conditional_losses, _jit_compiled_convolution_op, leaky_re_lu_layer_call_fn while saving (showing 5 of 241). These functions will not be directly callable after loading.
196/196 - 75s - loss: 0.0302 - psnr: 27.6669 - ssim: 0.8317 - val_loss: 0.0206 - val_psnr: 31.5640 - val_ssim: 0.9510 - lr: 0.0020 - 75s/epoch - 384ms/step
Epoch 68/1000

Epoch 68: val_loss did not improve from 0.02060
196/196 - 55s - loss: 0.0302 - psnr: 27.6717 - ssim: 0.8320 - val_loss: 0.0207 - val_psnr: 31.5447 - val_ssim: 0.9510 - lr: 0.0020 - 55s/epoch - 279ms/step
Epoch 69/1000

Epoch 69: val_loss did not improve from 0.02060
196/196 - 54s - loss: 0.0302 - psnr: 27.6735 - ssim: 0.8321 - val_loss: 0.0207 - val_psnr: 31.5217 - val_ssim: 0.9510 - lr: 0.0020 - 54s/epoch - 275ms/step
Epoch 70/1000

Epoch 70: val_loss did not improve from 0.02060
196/196 - 54s - loss: 0.0302 - psnr: 27.6769 - ssim: 0.8322 - val_loss: 0.0207 - val_psnr: 31.5138 - val_ssim: 0.9511 - lr: 0.0020 - 54s/epoch - 277ms/step
Epoch 71/1000

Epoch 71: val_loss improved from 0.02060 to 0.02037, saving model to models/model_2023.01.29_13:52
WARNING:absl:Found untraced functions such as _jit_compiled_convolution_op, conv2d_layer_call_fn, conv2d_layer_call_and_return_conditional_losses, _jit_compiled_convolution_op, leaky_re_lu_layer_call_fn while saving (showing 5 of 241). These functions will not be directly callable after loading.
196/196 - 75s - loss: 0.0302 - psnr: 27.6794 - ssim: 0.8324 - val_loss: 0.0204 - val_psnr: 31.6370 - val_ssim: 0.9514 - lr: 0.0020 - 75s/epoch - 383ms/step
Epoch 72/1000

Epoch 72: val_loss did not improve from 0.02037
196/196 - 54s - loss: 0.0302 - psnr: 27.6810 - ssim: 0.8325 - val_loss: 0.0204 - val_psnr: 31.6226 - val_ssim: 0.9513 - lr: 0.0020 - 54s/epoch - 275ms/step
Epoch 73/1000

Epoch 73: val_loss did not improve from 0.02037
196/196 - 54s - loss: 0.0301 - psnr: 27.6867 - ssim: 0.8326 - val_loss: 0.0206 - val_psnr: 31.5768 - val_ssim: 0.9513 - lr: 0.0020 - 54s/epoch - 277ms/step
Epoch 74/1000

Epoch 74: val_loss did not improve from 0.02037
196/196 - 54s - loss: 0.0301 - psnr: 27.6915 - ssim: 0.8328 - val_loss: 0.0206 - val_psnr: 31.5517 - val_ssim: 0.9513 - lr: 0.0020 - 54s/epoch - 277ms/step
Epoch 75/1000

Epoch 75: val_loss did not improve from 0.02037
196/196 - 54s - loss: 0.0301 - psnr: 27.6918 - ssim: 0.8329 - val_loss: 0.0205 - val_psnr: 31.6014 - val_ssim: 0.9515 - lr: 0.0020 - 54s/epoch - 275ms/step
Epoch 76/1000

Epoch 76: val_loss did not improve from 0.02037
196/196 - 55s - loss: 0.0301 - psnr: 27.6944 - ssim: 0.8330 - val_loss: 0.0207 - val_psnr: 31.5489 - val_ssim: 0.9512 - lr: 0.0020 - 55s/epoch - 279ms/step
Epoch 77/1000

Epoch 77: val_loss improved from 0.02037 to 0.02015, saving model to models/model_2023.01.29_13:52
WARNING:absl:Found untraced functions such as _jit_compiled_convolution_op, conv2d_layer_call_fn, conv2d_layer_call_and_return_conditional_losses, _jit_compiled_convolution_op, leaky_re_lu_layer_call_fn while saving (showing 5 of 241). These functions will not be directly callable after loading.
196/196 - 75s - loss: 0.0301 - psnr: 27.6994 - ssim: 0.8332 - val_loss: 0.0202 - val_psnr: 31.7017 - val_ssim: 0.9519 - lr: 0.0020 - 75s/epoch - 385ms/step
Epoch 78/1000

Epoch 78: val_loss did not improve from 0.02015
196/196 - 54s - loss: 0.0301 - psnr: 27.6999 - ssim: 0.8332 - val_loss: 0.0205 - val_psnr: 31.5776 - val_ssim: 0.9517 - lr: 0.0020 - 54s/epoch - 277ms/step
Epoch 79/1000

Epoch 79: val_loss did not improve from 0.02015
196/196 - 54s - loss: 0.0300 - psnr: 27.7040 - ssim: 0.8334 - val_loss: 0.0207 - val_psnr: 31.5405 - val_ssim: 0.9512 - lr: 0.0020 - 54s/epoch - 277ms/step
Epoch 80/1000

Epoch 80: val_loss did not improve from 0.02015
196/196 - 54s - loss: 0.0300 - psnr: 27.7074 - ssim: 0.8335 - val_loss: 0.0204 - val_psnr: 31.6381 - val_ssim: 0.9517 - lr: 0.0020 - 54s/epoch - 277ms/step
Epoch 81/1000

Epoch 81: val_loss did not improve from 0.02015
196/196 - 54s - loss: 0.0300 - psnr: 27.7096 - ssim: 0.8336 - val_loss: 0.0205 - val_psnr: 31.6051 - val_ssim: 0.9516 - lr: 0.0020 - 54s/epoch - 275ms/step
Epoch 82/1000

Epoch 82: val_loss did not improve from 0.02015
196/196 - 55s - loss: 0.0300 - psnr: 27.7127 - ssim: 0.8337 - val_loss: 0.0208 - val_psnr: 31.4942 - val_ssim: 0.9513 - lr: 0.0020 - 55s/epoch - 280ms/step
Epoch 83/1000

Epoch 83: val_loss did not improve from 0.02015
196/196 - 54s - loss: 0.0300 - psnr: 27.7129 - ssim: 0.8337 - val_loss: 0.0204 - val_psnr: 31.6388 - val_ssim: 0.9516 - lr: 0.0020 - 54s/epoch - 278ms/step
Epoch 84/1000

Epoch 84: val_loss did not improve from 0.02015
196/196 - 54s - loss: 0.0300 - psnr: 27.7133 - ssim: 0.8338 - val_loss: 0.0206 - val_psnr: 31.5703 - val_ssim: 0.9516 - lr: 0.0020 - 54s/epoch - 276ms/step
Epoch 85/1000

Epoch 85: val_loss did not improve from 0.02015
196/196 - 54s - loss: 0.0300 - psnr: 27.7180 - ssim: 0.8340 - val_loss: 0.0204 - val_psnr: 31.6301 - val_ssim: 0.9516 - lr: 0.0020 - 54s/epoch - 275ms/step
Epoch 86/1000

Epoch 86: val_loss did not improve from 0.02015
196/196 - 54s - loss: 0.0300 - psnr: 27.7230 - ssim: 0.8342 - val_loss: 0.0202 - val_psnr: 31.6854 - val_ssim: 0.9523 - lr: 0.0020 - 54s/epoch - 277ms/step
Epoch 87/1000

Epoch 87: val_loss did not improve from 0.02015
196/196 - 54s - loss: 0.0300 - psnr: 27.7232 - ssim: 0.8342 - val_loss: 0.0205 - val_psnr: 31.6141 - val_ssim: 0.9516 - lr: 0.0020 - 54s/epoch - 276ms/step
Epoch 88/1000

Epoch 88: val_loss did not improve from 0.02015
196/196 - 55s - loss: 0.0299 - psnr: 27.7261 - ssim: 0.8343 - val_loss: 0.0203 - val_psnr: 31.6581 - val_ssim: 0.9521 - lr: 0.0020 - 55s/epoch - 279ms/step
Epoch 89/1000

Epoch 89: ReduceLROnPlateau reducing learning rate to 0.0003999999724328518.

Epoch 89: val_loss did not improve from 0.02015
196/196 - 54s - loss: 0.0299 - psnr: 27.7270 - ssim: 0.8344 - val_loss: 0.0205 - val_psnr: 31.6020 - val_ssim: 0.9519 - lr: 0.0020 - 54s/epoch - 274ms/step
Epoch 90/1000

Epoch 90: val_loss did not improve from 0.02015
196/196 - 54s - loss: 0.0297 - psnr: 27.7771 - ssim: 0.8348 - val_loss: 0.0218 - val_psnr: 31.2682 - val_ssim: 0.9492 - lr: 4.0000e-04 - 54s/epoch - 276ms/step
Epoch 91/1000

Epoch 91: val_loss did not improve from 0.02015
196/196 - 54s - loss: 0.0297 - psnr: 27.7789 - ssim: 0.8349 - val_loss: 0.0219 - val_psnr: 31.2363 - val_ssim: 0.9492 - lr: 4.0000e-04 - 54s/epoch - 274ms/step
Epoch 92/1000

Epoch 92: val_loss did not improve from 0.02015
196/196 - 54s - loss: 0.0297 - psnr: 27.7798 - ssim: 0.8349 - val_loss: 0.0218 - val_psnr: 31.2721 - val_ssim: 0.9494 - lr: 4.0000e-04 - 54s/epoch - 277ms/step
Epoch 93/1000

Epoch 93: val_loss did not improve from 0.02015
196/196 - 55s - loss: 0.0297 - psnr: 27.7806 - ssim: 0.8349 - val_loss: 0.0218 - val_psnr: 31.2756 - val_ssim: 0.9492 - lr: 4.0000e-04 - 55s/epoch - 278ms/step
Epoch 94/1000

Epoch 94: val_loss did not improve from 0.02015
196/196 - 54s - loss: 0.0297 - psnr: 27.7842 - ssim: 0.8350 - val_loss: 0.0218 - val_psnr: 31.2778 - val_ssim: 0.9493 - lr: 4.0000e-04 - 54s/epoch - 275ms/step
Epoch 95/1000

Epoch 95: val_loss did not improve from 0.02015
196/196 - 54s - loss: 0.0297 - psnr: 27.7793 - ssim: 0.8349 - val_loss: 0.0217 - val_psnr: 31.3069 - val_ssim: 0.9495 - lr: 4.0000e-04 - 54s/epoch - 276ms/step
Epoch 96/1000

Epoch 96: val_loss did not improve from 0.02015
196/196 - 55s - loss: 0.0297 - psnr: 27.7811 - ssim: 0.8349 - val_loss: 0.0219 - val_psnr: 31.2581 - val_ssim: 0.9492 - lr: 4.0000e-04 - 55s/epoch - 278ms/step
Epoch 97/1000

Epoch 97: val_loss did not improve from 0.02015
196/196 - 54s - loss: 0.0297 - psnr: 27.7841 - ssim: 0.8350 - val_loss: 0.0217 - val_psnr: 31.2980 - val_ssim: 0.9494 - lr: 4.0000e-04 - 54s/epoch - 277ms/step
Epoch 98/1000

Epoch 98: val_loss did not improve from 0.02015
196/196 - 54s - loss: 0.0297 - psnr: 27.7815 - ssim: 0.8350 - val_loss: 0.0218 - val_psnr: 31.2758 - val_ssim: 0.9494 - lr: 4.0000e-04 - 54s/epoch - 277ms/step
Epoch 99/1000

Epoch 99: val_loss did not improve from 0.02015
196/196 - 54s - loss: 0.0297 - psnr: 27.7826 - ssim: 0.8350 - val_loss: 0.0218 - val_psnr: 31.2720 - val_ssim: 0.9493 - lr: 4.0000e-04 - 54s/epoch - 275ms/step
Epoch 100/1000

Epoch 100: val_loss did not improve from 0.02015
196/196 - 55s - loss: 0.0297 - psnr: 27.7828 - ssim: 0.8351 - val_loss: 0.0218 - val_psnr: 31.2881 - val_ssim: 0.9495 - lr: 4.0000e-04 - 55s/epoch - 280ms/step
Epoch 101/1000

Epoch 101: val_loss did not improve from 0.02015
196/196 - 54s - loss: 0.0297 - psnr: 27.7835 - ssim: 0.8351 - val_loss: 0.0219 - val_psnr: 31.2594 - val_ssim: 0.9492 - lr: 4.0000e-04 - 54s/epoch - 275ms/step
Epoch 102/1000

Epoch 102: val_loss did not improve from 0.02015
196/196 - 54s - loss: 0.0297 - psnr: 27.7819 - ssim: 0.8351 - val_loss: 0.0219 - val_psnr: 31.2642 - val_ssim: 0.9493 - lr: 4.0000e-04 - 54s/epoch - 277ms/step
Epoch 103/1000

Epoch 103: val_loss did not improve from 0.02015
196/196 - 54s - loss: 0.0296 - psnr: 27.7864 - ssim: 0.8351 - val_loss: 0.0218 - val_psnr: 31.2800 - val_ssim: 0.9494 - lr: 4.0000e-04 - 54s/epoch - 277ms/step
Epoch 104/1000

Epoch 104: val_loss did not improve from 0.02015
196/196 - 54s - loss: 0.0296 - psnr: 27.7853 - ssim: 0.8351 - val_loss: 0.0218 - val_psnr: 31.2763 - val_ssim: 0.9493 - lr: 4.0000e-04 - 54s/epoch - 274ms/step
Epoch 105/1000

Epoch 105: val_loss did not improve from 0.02015
196/196 - 54s - loss: 0.0296 - psnr: 27.7855 - ssim: 0.8352 - val_loss: 0.0219 - val_psnr: 31.2672 - val_ssim: 0.9492 - lr: 4.0000e-04 - 54s/epoch - 276ms/step
Epoch 106/1000

Epoch 106: val_loss did not improve from 0.02015
196/196 - 54s - loss: 0.0296 - psnr: 27.7868 - ssim: 0.8352 - val_loss: 0.0218 - val_psnr: 31.2884 - val_ssim: 0.9494 - lr: 4.0000e-04 - 54s/epoch - 277ms/step
Epoch 107/1000

Epoch 107: val_loss did not improve from 0.02015
196/196 - 55s - loss: 0.0296 - psnr: 27.7862 - ssim: 0.8351 - val_loss: 0.0219 - val_psnr: 31.2582 - val_ssim: 0.9492 - lr: 4.0000e-04 - 55s/epoch - 278ms/step
Epoch 108/1000

Epoch 108: val_loss did not improve from 0.02015
196/196 - 55s - loss: 0.0296 - psnr: 27.7868 - ssim: 0.8352 - val_loss: 0.0218 - val_psnr: 31.2729 - val_ssim: 0.9494 - lr: 4.0000e-04 - 55s/epoch - 278ms/step
Epoch 109/1000

Epoch 109: val_loss did not improve from 0.02015
196/196 - 54s - loss: 0.0296 - psnr: 27.7879 - ssim: 0.8353 - val_loss: 0.0218 - val_psnr: 31.2860 - val_ssim: 0.9495 - lr: 4.0000e-04 - 54s/epoch - 276ms/step
Epoch 110/1000

Epoch 110: val_loss did not improve from 0.02015
196/196 - 55s - loss: 0.0296 - psnr: 27.7879 - ssim: 0.8353 - val_loss: 0.0218 - val_psnr: 31.2786 - val_ssim: 0.9494 - lr: 4.0000e-04 - 55s/epoch - 278ms/step
Epoch 111/1000

Epoch 111: val_loss did not improve from 0.02015
196/196 - 54s - loss: 0.0296 - psnr: 27.7871 - ssim: 0.8352 - val_loss: 0.0218 - val_psnr: 31.2725 - val_ssim: 0.9494 - lr: 4.0000e-04 - 54s/epoch - 277ms/step
Epoch 112/1000

Epoch 112: val_loss did not improve from 0.02015
196/196 - 54s - loss: 0.0296 - psnr: 27.7880 - ssim: 0.8353 - val_loss: 0.0217 - val_psnr: 31.3035 - val_ssim: 0.9495 - lr: 4.0000e-04 - 54s/epoch - 274ms/step
Epoch 113/1000

Epoch 113: val_loss did not improve from 0.02015
196/196 - 54s - loss: 0.0296 - psnr: 27.7889 - ssim: 0.8353 - val_loss: 0.0218 - val_psnr: 31.2780 - val_ssim: 0.9494 - lr: 4.0000e-04 - 54s/epoch - 276ms/step
Epoch 114/1000

Epoch 114: val_loss did not improve from 0.02015
196/196 - 54s - loss: 0.0296 - psnr: 27.7893 - ssim: 0.8353 - val_loss: 0.0218 - val_psnr: 31.2681 - val_ssim: 0.9494 - lr: 4.0000e-04 - 54s/epoch - 274ms/step
Epoch 115/1000

Epoch 115: val_loss did not improve from 0.02015
196/196 - 55s - loss: 0.0296 - psnr: 27.7911 - ssim: 0.8353 - val_loss: 0.0219 - val_psnr: 31.2679 - val_ssim: 0.9493 - lr: 4.0000e-04 - 55s/epoch - 278ms/step
Epoch 116/1000

Epoch 116: val_loss did not improve from 0.02015
196/196 - 54s - loss: 0.0296 - psnr: 27.7910 - ssim: 0.8354 - val_loss: 0.0218 - val_psnr: 31.2698 - val_ssim: 0.9494 - lr: 4.0000e-04 - 54s/epoch - 275ms/step
Epoch 117/1000

Epoch 117: val_loss did not improve from 0.02015
196/196 - 54s - loss: 0.0296 - psnr: 27.7901 - ssim: 0.8354 - val_loss: 0.0218 - val_psnr: 31.2793 - val_ssim: 0.9493 - lr: 4.0000e-04 - 54s/epoch - 277ms/step
Epoch 118/1000

Epoch 118: ReduceLROnPlateau reducing learning rate to 7.999999215826393e-05.

Epoch 118: val_loss did not improve from 0.02015
196/196 - 54s - loss: 0.0296 - psnr: 27.7911 - ssim: 0.8354 - val_loss: 0.0217 - val_psnr: 31.3074 - val_ssim: 0.9496 - lr: 4.0000e-04 - 54s/epoch - 277ms/step
Epoch 119/1000

Epoch 119: val_loss did not improve from 0.02015
196/196 - 54s - loss: 0.0295 - psnr: 27.8035 - ssim: 0.8355 - val_loss: 0.0215 - val_psnr: 31.3587 - val_ssim: 0.9502 - lr: 8.0000e-05 - 54s/epoch - 275ms/step
Epoch 120/1000

Epoch 120: val_loss did not improve from 0.02015
196/196 - 54s - loss: 0.0295 - psnr: 27.8043 - ssim: 0.8355 - val_loss: 0.0215 - val_psnr: 31.3572 - val_ssim: 0.9502 - lr: 8.0000e-05 - 54s/epoch - 275ms/step
Epoch 121/1000

Epoch 121: val_loss did not improve from 0.02015
196/196 - 54s - loss: 0.0295 - psnr: 27.8037 - ssim: 0.8354 - val_loss: 0.0215 - val_psnr: 31.3561 - val_ssim: 0.9502 - lr: 8.0000e-05 - 54s/epoch - 276ms/step
Epoch 122/1000

Epoch 122: val_loss did not improve from 0.02015
196/196 - 54s - loss: 0.0295 - psnr: 27.8046 - ssim: 0.8356 - val_loss: 0.0215 - val_psnr: 31.3586 - val_ssim: 0.9502 - lr: 8.0000e-05 - 54s/epoch - 276ms/step
Epoch 123/1000

Epoch 123: val_loss did not improve from 0.02015
196/196 - 54s - loss: 0.0295 - psnr: 27.8040 - ssim: 0.8355 - val_loss: 0.0215 - val_psnr: 31.3565 - val_ssim: 0.9502 - lr: 8.0000e-05 - 54s/epoch - 276ms/step
Epoch 124/1000

Epoch 124: val_loss did not improve from 0.02015
196/196 - 55s - loss: 0.0295 - psnr: 27.8058 - ssim: 0.8355 - val_loss: 0.0215 - val_psnr: 31.3587 - val_ssim: 0.9502 - lr: 8.0000e-05 - 55s/epoch - 282ms/step
Epoch 125/1000

Epoch 125: val_loss did not improve from 0.02015
196/196 - 54s - loss: 0.0295 - psnr: 27.8032 - ssim: 0.8355 - val_loss: 0.0215 - val_psnr: 31.3466 - val_ssim: 0.9501 - lr: 8.0000e-05 - 54s/epoch - 276ms/step
Epoch 126/1000

Epoch 126: val_loss did not improve from 0.02015
196/196 - 54s - loss: 0.0296 - psnr: 27.8025 - ssim: 0.8355 - val_loss: 0.0215 - val_psnr: 31.3553 - val_ssim: 0.9502 - lr: 8.0000e-05 - 54s/epoch - 276ms/step
Epoch 127/1000
Restoring model weights from the end of the best epoch: 77.

Epoch 127: val_loss did not improve from 0.02015
196/196 - 55s - loss: 0.0295 - psnr: 27.8037 - ssim: 0.8354 - val_loss: 0.0215 - val_psnr: 31.3587 - val_ssim: 0.9502 - lr: 8.0000e-05 - 55s/epoch - 279ms/step
Epoch 127: early stopping
[0m
[32mSaving model architecture text summary...[0m
[32mSaving model training history...[0m
[32mEvaluating model...[0m
[36m
40/40 - 4s - loss: 0.0201 - psnr: 31.7039 - ssim: 0.9518 - 4s/epoch - 112ms/step
WARNING:matplotlib.font_manager:findfont: Generic family 'sans-serif' not found because none of the following families were found: Readex Pro
WARNING:matplotlib.font_manager:findfont: Generic family 'sans-serif' not found because none of the following families were found: Readex Pro
WARNING:matplotlib.font_manager:findfont: Generic family 'sans-serif' not found because none of the following families were found: Readex Pro
WARNING:matplotlib.font_manager:findfont: Generic family 'sans-serif' not found because none of the following families were found: Readex Pro
WARNING:matplotlib.font_manager:findfont: Generic family 'sans-serif' not found because none of the following families were found: Readex Pro
WARNING:matplotlib.font_manager:findfont: Generic family 'sans-serif' not found because none of the following families were found: Readex Pro
WARNING:matplotlib.font_manager:findfont: Generic family 'sans-serif' not found because none of the following families were found: Readex Pro
WARNING:matplotlib.font_manager:findfont: Generic family 'sans-serif' not found because none of the following families were found: Readex Pro
WARNING:matplotlib.font_manager:findfont: Generic family 'sans-serif' not found because none of the following families were found: Readex Pro
WARNING:matplotlib.font_manager:findfont: Generic family 'sans-serif' not found because none of the following families were found: Readex Pro
WARNING:matplotlib.font_manager:findfont: Generic family 'sans-serif' not found because none of the following families were found: Readex Pro
WARNING:matplotlib.font_manager:findfont: Generic family 'sans-serif' not found because none of the following families were found: Readex Pro
WARNING:matplotlib.font_manager:findfont: Generic family 'sans-serif' not found because none of the following families were found: Readex Pro
WARNING:matplotlib.font_manager:findfont: Generic family 'sans-serif' not found because none of the following families were found: Readex Pro
WARNING:matplotlib.font_manager:findfont: Generic family 'sans-serif' not found because none of the following families were found: Readex Pro
WARNING:matplotlib.font_manager:findfont: Generic family 'sans-serif' not found because none of the following families were found: Readex Pro
WARNING:matplotlib.font_manager:findfont: Generic family 'sans-serif' not found because none of the following families were found: Readex Pro
WARNING:matplotlib.font_manager:findfont: Generic family 'sans-serif' not found because none of the following families were found: Readex Pro
WARNING:matplotlib.font_manager:findfont: Generic family 'sans-serif' not found because none of the following families were found: Readex Pro
WARNING:matplotlib.font_manager:findfont: Generic family 'sans-serif' not found because none of the following families were found: Readex Pro
WARNING:matplotlib.font_manager:findfont: Generic family 'sans-serif' not found because none of the following families were found: Readex Pro
WARNING:matplotlib.font_manager:findfont: Generic family 'sans-serif' not found because none of the following families were found: Readex Pro
WARNING:matplotlib.font_manager:findfont: Generic family 'sans-serif' not found because none of the following families were found: Readex Pro
WARNING:matplotlib.font_manager:findfont: Generic family 'sans-serif' not found because none of the following families were found: Readex Pro
WARNING:matplotlib.font_manager:findfont: Generic family 'sans-serif' not found because none of the following families were found: Readex Pro
WARNING:matplotlib.font_manager:findfont: Generic family 'sans-serif' not found because none of the following families were found: Readex Pro
WARNING:matplotlib.font_manager:findfont: Generic family 'sans-serif' not found because none of the following families were found: Readex Pro
WARNING:matplotlib.font_manager:findfont: Generic family 'sans-serif' not found because none of the following families were found: Readex Pro
WARNING:matplotlib.font_manager:findfont: Generic family 'sans-serif' not found because none of the following families were found: Readex Pro
WARNING:matplotlib.font_manager:findfont: Generic family 'sans-serif' not found because none of the following families were found: Readex Pro
WARNING:matplotlib.font_manager:findfont: Generic family 'sans-serif' not found because none of the following families were found: Readex Pro
WARNING:matplotlib.font_manager:findfont: Generic family 'sans-serif' not found because none of the following families were found: Readex Pro
WARNING:matplotlib.font_manager:findfont: Generic family 'sans-serif' not found because none of the following families were found: Readex Pro
WARNING:matplotlib.font_manager:findfont: Generic family 'sans-serif' not found because none of the following families were found: Readex Pro
WARNING:matplotlib.font_manager:findfont: Generic family 'sans-serif' not found because none of the following families were found: Readex Pro
WARNING:matplotlib.font_manager:findfont: Generic family 'sans-serif' not found because none of the following families were found: Readex Pro
WARNING:matplotlib.font_manager:findfont: Generic family 'sans-serif' not found because none of the following families were found: Readex Pro
WARNING:matplotlib.font_manager:findfont: Generic family 'sans-serif' not found because none of the following families were found: Readex Pro
WARNING:matplotlib.font_manager:findfont: Generic family 'sans-serif' not found because none of the following families were found: Readex Pro
WARNING:matplotlib.font_manager:findfont: Generic family 'sans-serif' not found because none of the following families were found: Readex Pro
WARNING:matplotlib.font_manager:findfont: Generic family 'sans-serif' not found because none of the following families were found: Readex Pro
WARNING:matplotlib.font_manager:findfont: Generic family 'sans-serif' not found because none of the following families were found: Readex Pro
WARNING:matplotlib.font_manager:findfont: Generic family 'sans-serif' not found because none of the following families were found: Readex Pro
WARNING:matplotlib.font_manager:findfont: Generic family 'sans-serif' not found because none of the following families were found: Readex Pro
WARNING:matplotlib.font_manager:findfont: Generic family 'sans-serif' not found because none of the following families were found: Readex Pro
WARNING:matplotlib.font_manager:findfont: Generic family 'sans-serif' not found because none of the following families were found: Readex Pro
WARNING:matplotlib.font_manager:findfont: Generic family 'sans-serif' not found because none of the following families were found: Readex Pro
WARNING:matplotlib.font_manager:findfont: Generic family 'sans-serif' not found because none of the following families were found: Readex Pro
WARNING:matplotlib.font_manager:findfont: Generic family 'sans-serif' not found because none of the following families were found: Readex Pro
WARNING:matplotlib.font_manager:findfont: Generic family 'sans-serif' not found because none of the following families were found: Readex Pro
WARNING:matplotlib.font_manager:findfont: Generic family 'sans-serif' not found because none of the following families were found: Readex Pro
WARNING:matplotlib.font_manager:findfont: Generic family 'sans-serif' not found because none of the following families were found: Readex Pro
WARNING:matplotlib.font_manager:findfont: Generic family 'sans-serif' not found because none of the following families were found: Readex Pro
WARNING:matplotlib.font_manager:findfont: Generic family 'sans-serif' not found because none of the following families were found: Readex Pro
WARNING:matplotlib.font_manager:findfont: Generic family 'sans-serif' not found because none of the following families were found: Readex Pro
WARNING:matplotlib.font_manager:findfont: Generic family 'sans-serif' not found because none of the following families were found: Readex Pro
WARNING:matplotlib.font_manager:findfont: Generic family 'sans-serif' not found because none of the following families were found: Readex Pro
WARNING:matplotlib.font_manager:findfont: Generic family 'sans-serif' not found because none of the following families were found: Readex Pro
WARNING:matplotlib.font_manager:findfont: Generic family 'sans-serif' not found because none of the following families were found: Readex Pro
WARNING:matplotlib.font_manager:findfont: Generic family 'sans-serif' not found because none of the following families were found: Readex Pro
WARNING:matplotlib.font_manager:findfont: Generic family 'sans-serif' not found because none of the following families were found: Readex Pro
WARNING:matplotlib.font_manager:findfont: Generic family 'sans-serif' not found because none of the following families were found: Readex Pro
WARNING:matplotlib.font_manager:findfont: Generic family 'sans-serif' not found because none of the following families were found: Readex Pro
WARNING:matplotlib.font_manager:findfont: Generic family 'sans-serif' not found because none of the following families were found: Readex Pro
WARNING:matplotlib.font_manager:findfont: Generic family 'sans-serif' not found because none of the following families were found: Readex Pro
WARNING:matplotlib.font_manager:findfont: Generic family 'sans-serif' not found because none of the following families were found: Readex Pro
WARNING:matplotlib.font_manager:findfont: Generic family 'sans-serif' not found because none of the following families were found: Readex Pro
WARNING:matplotlib.font_manager:findfont: Generic family 'sans-serif' not found because none of the following families were found: Readex Pro
WARNING:matplotlib.font_manager:findfont: Generic family 'sans-serif' not found because none of the following families were found: Readex Pro
WARNING:matplotlib.font_manager:findfont: Generic family 'sans-serif' not found because none of the following families were found: Readex Pro
WARNING:matplotlib.font_manager:findfont: Generic family 'sans-serif' not found because none of the following families were found: Readex Pro
WARNING:matplotlib.font_manager:findfont: Generic family 'sans-serif' not found because none of the following families were found: Readex Pro
WARNING:matplotlib.font_manager:findfont: Generic family 'sans-serif' not found because none of the following families were found: Readex Pro
WARNING:matplotlib.font_manager:findfont: Generic family 'sans-serif' not found because none of the following families were found: Readex Pro
WARNING:matplotlib.font_manager:findfont: Generic family 'sans-serif' not found because none of the following families were found: Readex Pro
WARNING:matplotlib.font_manager:findfont: Generic family 'sans-serif' not found because none of the following families were found: Readex Pro
WARNING:matplotlib.font_manager:findfont: Generic family 'sans-serif' not found because none of the following families were found: Readex Pro
WARNING:matplotlib.font_manager:findfont: Generic family 'sans-serif' not found because none of the following families were found: Readex Pro
WARNING:matplotlib.font_manager:findfont: Generic family 'sans-serif' not found because none of the following families were found: Readex Pro
WARNING:matplotlib.font_manager:findfont: Generic family 'sans-serif' not found because none of the following families were found: Readex Pro
WARNING:matplotlib.font_manager:findfont: Generic family 'sans-serif' not found because none of the following families were found: Readex Pro
WARNING:matplotlib.font_manager:findfont: Generic family 'sans-serif' not found because none of the following families were found: Readex Pro
WARNING:matplotlib.font_manager:findfont: Generic family 'sans-serif' not found because none of the following families were found: Readex Pro
WARNING:matplotlib.font_manager:findfont: Generic family 'sans-serif' not found because none of the following families were found: Readex Pro
WARNING:matplotlib.font_manager:findfont: Generic family 'sans-serif' not found because none of the following families were found: Readex Pro
WARNING:matplotlib.font_manager:findfont: Generic family 'sans-serif' not found because none of the following families were found: Readex Pro
WARNING:matplotlib.font_manager:findfont: Generic family 'sans-serif' not found because none of the following families were found: Readex Pro
WARNING:matplotlib.font_manager:findfont: Generic family 'sans-serif' not found because none of the following families were found: Readex Pro
WARNING:matplotlib.font_manager:findfont: Generic family 'sans-serif' not found because none of the following families were found: Readex Pro
WARNING:matplotlib.font_manager:findfont: Generic family 'sans-serif' not found because none of the following families were found: Readex Pro
WARNING:matplotlib.font_manager:findfont: Generic family 'sans-serif' not found because none of the following families were found: Readex Pro
WARNING:matplotlib.font_manager:findfont: Generic family 'sans-serif' not found because none of the following families were found: Readex Pro
WARNING:matplotlib.font_manager:findfont: Generic family 'sans-serif' not found because none of the following families were found: Readex Pro
WARNING:matplotlib.font_manager:findfont: Generic family 'sans-serif' not found because none of the following families were found: Readex Pro
WARNING:matplotlib.font_manager:findfont: Generic family 'sans-serif' not found because none of the following families were found: Readex Pro
WARNING:matplotlib.font_manager:findfont: Generic family 'sans-serif' not found because none of the following families were found: Readex Pro
WARNING:matplotlib.font_manager:findfont: Generic family 'sans-serif' not found because none of the following families were found: Readex Pro
WARNING:matplotlib.font_manager:findfont: Generic family 'sans-serif' not found because none of the following families were found: Readex Pro
WARNING:matplotlib.font_manager:findfont: Generic family 'sans-serif' not found because none of the following families were found: Readex Pro
WARNING:matplotlib.font_manager:findfont: Generic family 'sans-serif' not found because none of the following families were found: Readex Pro
WARNING:matplotlib.font_manager:findfont: Generic family 'sans-serif' not found because none of the following families were found: Readex Pro
WARNING:matplotlib.font_manager:findfont: Generic family 'sans-serif' not found because none of the following families were found: Readex Pro
WARNING:matplotlib.font_manager:findfont: Generic family 'sans-serif' not found because none of the following families were found: Readex Pro
WARNING:matplotlib.font_manager:findfont: Generic family 'sans-serif' not found because none of the following families were found: Readex Pro
WARNING:matplotlib.font_manager:findfont: Generic family 'sans-serif' not found because none of the following families were found: Readex Pro
WARNING:matplotlib.font_manager:findfont: Generic family 'sans-serif' not found because none of the following families were found: Readex Pro
WARNING:matplotlib.font_manager:findfont: Generic family 'sans-serif' not found because none of the following families were found: Readex Pro
WARNING:matplotlib.font_manager:findfont: Generic family 'sans-serif' not found because none of the following families were found: Readex Pro
WARNING:matplotlib.font_manager:findfont: Generic family 'sans-serif' not found because none of the following families were found: Readex Pro
WARNING:matplotlib.font_manager:findfont: Generic family 'sans-serif' not found because none of the following families were found: Readex Pro
WARNING:matplotlib.font_manager:findfont: Generic family 'sans-serif' not found because none of the following families were found: Readex Pro
WARNING:matplotlib.font_manager:findfont: Generic family 'sans-serif' not found because none of the following families were found: Readex Pro
WARNING:matplotlib.font_manager:findfont: Generic family 'sans-serif' not found because none of the following families were found: Readex Pro
WARNING:matplotlib.font_manager:findfont: Generic family 'sans-serif' not found because none of the following families were found: Readex Pro
WARNING:matplotlib.font_manager:findfont: Generic family 'sans-serif' not found because none of the following families were found: Readex Pro
WARNING:matplotlib.font_manager:findfont: Generic family 'sans-serif' not found because none of the following families were found: Readex Pro
WARNING:matplotlib.font_manager:findfont: Generic family 'sans-serif' not found because none of the following families were found: Readex Pro
WARNING:matplotlib.font_manager:findfont: Generic family 'sans-serif' not found because none of the following families were found: Readex Pro
WARNING:matplotlib.font_manager:findfont: Generic family 'sans-serif' not found because none of the following families were found: Readex Pro
WARNING:matplotlib.font_manager:findfont: Generic family 'sans-serif' not found because none of the following families were found: Readex Pro
WARNING:matplotlib.font_manager:findfont: Generic family 'sans-serif' not found because none of the following families were found: Readex Pro
WARNING:matplotlib.font_manager:findfont: Generic family 'sans-serif' not found because none of the following families were found: Readex Pro
WARNING:matplotlib.font_manager:findfont: Generic family 'sans-serif' not found because none of the following families were found: Readex Pro
WARNING:matplotlib.font_manager:findfont: Generic family 'sans-serif' not found because none of the following families were found: Readex Pro
WARNING:matplotlib.font_manager:findfont: Generic family 'sans-serif' not found because none of the following families were found: Readex Pro
WARNING:matplotlib.font_manager:findfont: Generic family 'sans-serif' not found because none of the following families were found: Readex Pro
WARNING:matplotlib.font_manager:findfont: Generic family 'sans-serif' not found because none of the following families were found: Readex Pro
WARNING:matplotlib.font_manager:findfont: Generic family 'sans-serif' not found because none of the following families were found: Readex Pro
WARNING:matplotlib.font_manager:findfont: Generic family 'sans-serif' not found because none of the following families were found: Readex Pro
WARNING:matplotlib.font_manager:findfont: Generic family 'sans-serif' not found because none of the following families were found: Readex Pro
WARNING:matplotlib.font_manager:findfont: Generic family 'sans-serif' not found because none of the following families were found: Readex Pro
WARNING:matplotlib.font_manager:findfont: Generic family 'sans-serif' not found because none of the following families were found: Readex Pro
WARNING:matplotlib.font_manager:findfont: Generic family 'sans-serif' not found because none of the following families were found: Readex Pro
WARNING:matplotlib.font_manager:findfont: Generic family 'sans-serif' not found because none of the following families were found: Readex Pro
WARNING:matplotlib.font_manager:findfont: Generic family 'sans-serif' not found because none of the following families were found: Readex Pro
WARNING:matplotlib.font_manager:findfont: Generic family 'sans-serif' not found because none of the following families were found: Readex Pro
WARNING:matplotlib.font_manager:findfont: Generic family 'sans-serif' not found because none of the following families were found: Readex Pro
WARNING:matplotlib.font_manager:findfont: Generic family 'sans-serif' not found because none of the following families were found: Readex Pro
WARNING:matplotlib.font_manager:findfont: Generic family 'sans-serif' not found because none of the following families were found: Readex Pro
WARNING:matplotlib.font_manager:findfont: Generic family 'sans-serif' not found because none of the following families were found: Readex Pro
WARNING:matplotlib.font_manager:findfont: Generic family 'sans-serif' not found because none of the following families were found: Readex Pro
WARNING:matplotlib.font_manager:findfont: Generic family 'sans-serif' not found because none of the following families were found: Readex Pro
WARNING:matplotlib.font_manager:findfont: Generic family 'sans-serif' not found because none of the following families were found: Readex Pro
WARNING:matplotlib.font_manager:findfont: Generic family 'sans-serif' not found because none of the following families were found: Readex Pro
WARNING:matplotlib.font_manager:findfont: Generic family 'sans-serif' not found because none of the following families were found: Readex Pro
WARNING:matplotlib.font_manager:findfont: Generic family 'sans-serif' not found because none of the following families were found: Readex Pro
WARNING:matplotlib.font_manager:findfont: Generic family 'sans-serif' not found because none of the following families were found: Readex Pro
WARNING:matplotlib.font_manager:findfont: Generic family 'sans-serif' not found because none of the following families were found: Readex Pro
WARNING:matplotlib.font_manager:findfont: Generic family 'sans-serif' not found because none of the following families were found: Readex Pro
WARNING:matplotlib.font_manager:findfont: Generic family 'sans-serif' not found because none of the following families were found: Readex Pro
WARNING:matplotlib.font_manager:findfont: Generic family 'sans-serif' not found because none of the following families were found: Readex Pro
WARNING:matplotlib.font_manager:findfont: Generic family 'sans-serif' not found because none of the following families were found: Readex Pro
WARNING:matplotlib.font_manager:findfont: Generic family 'sans-serif' not found because none of the following families were found: Readex Pro
WARNING:matplotlib.font_manager:findfont: Generic family 'sans-serif' not found because none of the following families were found: Readex Pro
WARNING:matplotlib.font_manager:findfont: Generic family 'sans-serif' not found because none of the following families were found: Readex Pro
WARNING:matplotlib.font_manager:findfont: Generic family 'sans-serif' not found because none of the following families were found: Readex Pro
WARNING:matplotlib.font_manager:findfont: Generic family 'sans-serif' not found because none of the following families were found: Readex Pro
WARNING:matplotlib.font_manager:findfont: Generic family 'sans-serif' not found because none of the following families were found: Readex Pro
WARNING:matplotlib.font_manager:findfont: Generic family 'sans-serif' not found because none of the following families were found: Readex Pro
WARNING:matplotlib.font_manager:findfont: Generic family 'sans-serif' not found because none of the following families were found: Readex Pro
WARNING:matplotlib.font_manager:findfont: Generic family 'sans-serif' not found because none of the following families were found: Readex Pro
WARNING:matplotlib.font_manager:findfont: Generic family 'sans-serif' not found because none of the following families were found: Readex Pro
WARNING:matplotlib.font_manager:findfont: Generic family 'sans-serif' not found because none of the following families were found: Readex Pro
WARNING:matplotlib.font_manager:findfont: Generic family 'sans-serif' not found because none of the following families were found: Readex Pro
WARNING:matplotlib.font_manager:findfont: Generic family 'sans-serif' not found because none of the following families were found: Readex Pro
WARNING:matplotlib.font_manager:findfont: Generic family 'sans-serif' not found because none of the following families were found: Readex Pro
WARNING:matplotlib.font_manager:findfont: Generic family 'sans-serif' not found because none of the following families were found: Readex Pro
WARNING:matplotlib.font_manager:findfont: Generic family 'sans-serif' not found because none of the following families were found: Readex Pro
WARNING:matplotlib.font_manager:findfont: Generic family 'sans-serif' not found because none of the following families were found: Readex Pro
WARNING:matplotlib.font_manager:findfont: Generic family 'sans-serif' not found because none of the following families were found: Readex Pro
WARNING:matplotlib.font_manager:findfont: Generic family 'sans-serif' not found because none of the following families were found: Readex Pro
WARNING:matplotlib.font_manager:findfont: Generic family 'sans-serif' not found because none of the following families were found: Readex Pro
WARNING:matplotlib.font_manager:findfont: Generic family 'sans-serif' not found because none of the following families were found: Readex Pro
WARNING:matplotlib.font_manager:findfont: Generic family 'sans-serif' not found because none of the following families were found: Readex Pro
WARNING:matplotlib.font_manager:findfont: Generic family 'sans-serif' not found because none of the following families were found: Readex Pro
WARNING:matplotlib.font_manager:findfont: Generic family 'sans-serif' not found because none of the following families were found: Readex Pro
WARNING:matplotlib.font_manager:findfont: Generic family 'sans-serif' not found because none of the following families were found: Readex Pro
WARNING:matplotlib.font_manager:findfont: Generic family 'sans-serif' not found because none of the following families were found: Readex Pro
WARNING:matplotlib.font_manager:findfont: Generic family 'sans-serif' not found because none of the following families were found: Readex Pro
WARNING:matplotlib.font_manager:findfont: Generic family 'sans-serif' not found because none of the following families were found: Readex Pro
WARNING:matplotlib.font_manager:findfont: Generic family 'sans-serif' not found because none of the following families were found: Readex Pro
WARNING:matplotlib.font_manager:findfont: Generic family 'sans-serif' not found because none of the following families were found: Readex Pro
WARNING:matplotlib.font_manager:findfont: Generic family 'sans-serif' not found because none of the following families were found: Readex Pro
WARNING:matplotlib.font_manager:findfont: Generic family 'sans-serif' not found because none of the following families were found: Readex Pro
WARNING:matplotlib.font_manager:findfont: Generic family 'sans-serif' not found because none of the following families were found: Readex Pro
WARNING:matplotlib.font_manager:findfont: Generic family 'sans-serif' not found because none of the following families were found: Readex Pro
WARNING:matplotlib.font_manager:findfont: Generic family 'sans-serif' not found because none of the following families were found: Readex Pro
WARNING:matplotlib.font_manager:findfont: Generic family 'sans-serif' not found because none of the following families were found: Readex Pro
WARNING:matplotlib.font_manager:findfont: Generic family 'sans-serif' not found because none of the following families were found: Readex Pro
WARNING:matplotlib.font_manager:findfont: Generic family 'sans-serif' not found because none of the following families were found: Readex Pro
WARNING:matplotlib.font_manager:findfont: Generic family 'sans-serif' not found because none of the following families were found: Readex Pro
WARNING:matplotlib.font_manager:findfont: Generic family 'sans-serif' not found because none of the following families were found: Readex Pro
WARNING:matplotlib.font_manager:findfont: Generic family 'sans-serif' not found because none of the following families were found: Readex Pro
WARNING:matplotlib.font_manager:findfont: Generic family 'sans-serif' not found because none of the following families were found: Readex Pro
WARNING:matplotlib.font_manager:findfont: Generic family 'sans-serif' not found because none of the following families were found: Readex Pro
WARNING:matplotlib.font_manager:findfont: Generic family 'sans-serif' not found because none of the following families were found: Readex Pro
WARNING:matplotlib.font_manager:findfont: Generic family 'sans-serif' not found because none of the following families were found: Readex Pro
WARNING:matplotlib.font_manager:findfont: Generic family 'sans-serif' not found because none of the following families were found: Readex Pro
WARNING:matplotlib.font_manager:findfont: Generic family 'sans-serif' not found because none of the following families were found: Readex Pro
WARNING:matplotlib.font_manager:findfont: Generic family 'sans-serif' not found because none of the following families were found: Readex Pro
WARNING:matplotlib.font_manager:findfont: Generic family 'sans-serif' not found because none of the following families were found: Readex Pro
WARNING:matplotlib.font_manager:findfont: Generic family 'sans-serif' not found because none of the following families were found: Readex Pro
WARNING:matplotlib.font_manager:findfont: Generic family 'sans-serif' not found because none of the following families were found: Readex Pro
WARNING:matplotlib.font_manager:findfont: Generic family 'sans-serif' not found because none of the following families were found: Readex Pro
WARNING:matplotlib.font_manager:findfont: Generic family 'sans-serif' not found because none of the following families were found: Readex Pro
WARNING:matplotlib.font_manager:findfont: Generic family 'sans-serif' not found because none of the following families were found: Readex Pro
WARNING:matplotlib.font_manager:findfont: Generic family 'sans-serif' not found because none of the following families were found: Readex Pro
WARNING:matplotlib.font_manager:findfont: Generic family 'sans-serif' not found because none of the following families were found: Readex Pro
WARNING:matplotlib.font_manager:findfont: Generic family 'sans-serif' not found because none of the following families were found: Readex Pro
WARNING:matplotlib.font_manager:findfont: Generic family 'sans-serif' not found because none of the following families were found: Readex Pro
WARNING:matplotlib.font_manager:findfont: Generic family 'sans-serif' not found because none of the following families were found: Readex Pro
WARNING:matplotlib.font_manager:findfont: Generic family 'sans-serif' not found because none of the following families were found: Readex Pro
WARNING:matplotlib.font_manager:findfont: Generic family 'sans-serif' not found because none of the following families were found: Readex Pro
WARNING:matplotlib.font_manager:findfont: Generic family 'sans-serif' not found because none of the following families were found: Readex Pro
WARNING:matplotlib.font_manager:findfont: Generic family 'sans-serif' not found because none of the following families were found: Readex Pro
WARNING:matplotlib.font_manager:findfont: Generic family 'sans-serif' not found because none of the following families were found: Readex Pro
WARNING:matplotlib.font_manager:findfont: Generic family 'sans-serif' not found because none of the following families were found: Readex Pro
WARNING:matplotlib.font_manager:findfont: Generic family 'sans-serif' not found because none of the following families were found: Readex Pro
WARNING:matplotlib.font_manager:findfont: Generic family 'sans-serif' not found because none of the following families were found: Readex Pro
WARNING:matplotlib.font_manager:findfont: Generic family 'sans-serif' not found because none of the following families were found: Readex Pro
WARNING:matplotlib.font_manager:findfont: Generic family 'sans-serif' not found because none of the following families were found: Readex Pro
WARNING:matplotlib.font_manager:findfont: Generic family 'sans-serif' not found because none of the following families were found: Readex Pro
WARNING:matplotlib.font_manager:findfont: Generic family 'sans-serif' not found because none of the following families were found: Readex Pro
WARNING:matplotlib.font_manager:findfont: Generic family 'sans-serif' not found because none of the following families were found: Readex Pro
WARNING:matplotlib.font_manager:findfont: Generic family 'sans-serif' not found because none of the following families were found: Readex Pro
WARNING:matplotlib.font_manager:findfont: Generic family 'sans-serif' not found because none of the following families were found: Readex Pro
WARNING:matplotlib.font_manager:findfont: Generic family 'sans-serif' not found because none of the following families were found: Readex Pro
WARNING:matplotlib.font_manager:findfont: Generic family 'sans-serif' not found because none of the following families were found: Readex Pro
WARNING:matplotlib.font_manager:findfont: Generic family 'sans-serif' not found because none of the following families were found: Readex Pro
WARNING:matplotlib.font_manager:findfont: Generic family 'sans-serif' not found because none of the following families were found: Readex Pro
WARNING:matplotlib.font_manager:findfont: Generic family 'sans-serif' not found because none of the following families were found: Readex Pro
WARNING:matplotlib.font_manager:findfont: Generic family 'sans-serif' not found because none of the following families were found: Readex Pro
WARNING:matplotlib.font_manager:findfont: Generic family 'sans-serif' not found because none of the following families were found: Readex Pro
WARNING:matplotlib.font_manager:findfont: Generic family 'sans-serif' not found because none of the following families were found: Readex Pro
WARNING:matplotlib.font_manager:findfont: Generic family 'sans-serif' not found because none of the following families were found: Readex Pro
WARNING:matplotlib.font_manager:findfont: Generic family 'sans-serif' not found because none of the following families were found: Readex Pro
WARNING:matplotlib.font_manager:findfont: Generic family 'sans-serif' not found because none of the following families were found: Readex Pro
WARNING:matplotlib.font_manager:findfont: Generic family 'sans-serif' not found because none of the following families were found: Readex Pro
WARNING:matplotlib.font_manager:findfont: Generic family 'sans-serif' not found because none of the following families were found: Readex Pro
WARNING:matplotlib.font_manager:findfont: Generic family 'sans-serif' not found because none of the following families were found: Readex Pro
WARNING:matplotlib.font_manager:findfont: Generic family 'sans-serif' not found because none of the following families were found: Readex Pro
WARNING:matplotlib.font_manager:findfont: Generic family 'sans-serif' not found because none of the following families were found: Readex Pro
WARNING:matplotlib.font_manager:findfont: Generic family 'sans-serif' not found because none of the following families were found: Readex Pro
WARNING:matplotlib.font_manager:findfont: Generic family 'sans-serif' not found because none of the following families were found: Readex Pro
WARNING:matplotlib.font_manager:findfont: Generic family 'sans-serif' not found because none of the following families were found: Readex Pro
WARNING:matplotlib.font_manager:findfont: Generic family 'sans-serif' not found because none of the following families were found: Readex Pro
WARNING:matplotlib.font_manager:findfont: Generic family 'sans-serif' not found because none of the following families were found: Readex Pro
WARNING:matplotlib.font_manager:findfont: Generic family 'sans-serif' not found because none of the following families were found: Readex Pro
WARNING:matplotlib.font_manager:findfont: Generic family 'sans-serif' not found because none of the following families were found: Readex Pro
WARNING:matplotlib.font_manager:findfont: Generic family 'sans-serif' not found because none of the following families were found: Readex Pro
WARNING:matplotlib.font_manager:findfont: Generic family 'sans-serif' not found because none of the following families were found: Readex Pro
WARNING:matplotlib.font_manager:findfont: Generic family 'sans-serif' not found because none of the following families were found: Readex Pro
WARNING:matplotlib.font_manager:findfont: Generic family 'sans-serif' not found because none of the following families were found: Readex Pro
WARNING:matplotlib.font_manager:findfont: Generic family 'sans-serif' not found because none of the following families were found: Readex Pro
WARNING:matplotlib.font_manager:findfont: Generic family 'sans-serif' not found because none of the following families were found: Readex Pro
WARNING:matplotlib.font_manager:findfont: Generic family 'sans-serif' not found because none of the following families were found: Readex Pro
WARNING:matplotlib.font_manager:findfont: Generic family 'sans-serif' not found because none of the following families were found: Readex Pro
WARNING:matplotlib.font_manager:findfont: Generic family 'sans-serif' not found because none of the following families were found: Readex Pro
WARNING:matplotlib.font_manager:findfont: Generic family 'sans-serif' not found because none of the following families were found: Readex Pro
WARNING:matplotlib.font_manager:findfont: Generic family 'sans-serif' not found because none of the following families were found: Readex Pro
WARNING:matplotlib.font_manager:findfont: Generic family 'sans-serif' not found because none of the following families were found: Readex Pro
WARNING:matplotlib.font_manager:findfont: Generic family 'sans-serif' not found because none of the following families were found: Readex Pro
WARNING:matplotlib.font_manager:findfont: Generic family 'sans-serif' not found because none of the following families were found: Readex Pro
WARNING:matplotlib.font_manager:findfont: Generic family 'sans-serif' not found because none of the following families were found: Readex Pro
WARNING:matplotlib.font_manager:findfont: Generic family 'sans-serif' not found because none of the following families were found: Readex Pro
WARNING:matplotlib.font_manager:findfont: Generic family 'sans-serif' not found because none of the following families were found: Readex Pro
WARNING:matplotlib.font_manager:findfont: Generic family 'sans-serif' not found because none of the following families were found: Readex Pro
WARNING:matplotlib.font_manager:findfont: Generic family 'sans-serif' not found because none of the following families were found: Readex Pro
WARNING:matplotlib.font_manager:findfont: Generic family 'sans-serif' not found because none of the following families were found: Readex Pro
WARNING:matplotlib.font_manager:findfont: Generic family 'sans-serif' not found because none of the following families were found: Readex Pro
WARNING:matplotlib.font_manager:findfont: Generic family 'sans-serif' not found because none of the following families were found: Readex Pro
WARNING:matplotlib.font_manager:findfont: Generic family 'sans-serif' not found because none of the following families were found: Readex Pro
WARNING:matplotlib.font_manager:findfont: Generic family 'sans-serif' not found because none of the following families were found: Readex Pro
WARNING:matplotlib.font_manager:findfont: Generic family 'sans-serif' not found because none of the following families were found: Readex Pro
WARNING:matplotlib.font_manager:findfont: Generic family 'sans-serif' not found because none of the following families were found: Readex Pro
WARNING:matplotlib.font_manager:findfont: Generic family 'sans-serif' not found because none of the following families were found: Readex Pro
WARNING:matplotlib.font_manager:findfont: Generic family 'sans-serif' not found because none of the following families were found: Readex Pro
WARNING:matplotlib.font_manager:findfont: Generic family 'sans-serif' not found because none of the following families were found: Readex Pro
WARNING:matplotlib.font_manager:findfont: Generic family 'sans-serif' not found because none of the following families were found: Readex Pro
WARNING:matplotlib.font_manager:findfont: Generic family 'sans-serif' not found because none of the following families were found: Readex Pro
WARNING:matplotlib.font_manager:findfont: Generic family 'sans-serif' not found because none of the following families were found: Readex Pro
WARNING:matplotlib.font_manager:findfont: Generic family 'sans-serif' not found because none of the following families were found: Readex Pro
WARNING:matplotlib.font_manager:findfont: Generic family 'sans-serif' not found because none of the following families were found: Readex Pro
WARNING:matplotlib.font_manager:findfont: Generic family 'sans-serif' not found because none of the following families were found: Readex Pro
WARNING:matplotlib.font_manager:findfont: Generic family 'sans-serif' not found because none of the following families were found: Readex Pro
WARNING:matplotlib.font_manager:findfont: Generic family 'sans-serif' not found because none of the following families were found: Readex Pro
WARNING:matplotlib.font_manager:findfont: Generic family 'sans-serif' not found because none of the following families were found: Readex Pro
WARNING:matplotlib.font_manager:findfont: Generic family 'sans-serif' not found because none of the following families were found: Readex Pro
WARNING:matplotlib.font_manager:findfont: Generic family 'sans-serif' not found because none of the following families were found: Readex Pro
WARNING:matplotlib.font_manager:findfont: Generic family 'sans-serif' not found because none of the following families were found: Readex Pro
WARNING:matplotlib.font_manager:findfont: Generic family 'sans-serif' not found because none of the following families were found: Readex Pro
WARNING:matplotlib.font_manager:findfont: Generic family 'sans-serif' not found because none of the following families were found: Readex Pro
WARNING:matplotlib.font_manager:findfont: Generic family 'sans-serif' not found because none of the following families were found: Readex Pro
WARNING:matplotlib.font_manager:findfont: Generic family 'sans-serif' not found because none of the following families were found: Readex Pro
WARNING:matplotlib.font_manager:findfont: Generic family 'sans-serif' not found because none of the following families were found: Readex Pro
WARNING:matplotlib.font_manager:findfont: Generic family 'sans-serif' not found because none of the following families were found: Readex Pro
WARNING:matplotlib.font_manager:findfont: Generic family 'sans-serif' not found because none of the following families were found: Readex Pro
WARNING:matplotlib.font_manager:findfont: Generic family 'sans-serif' not found because none of the following families were found: Readex Pro
WARNING:matplotlib.font_manager:findfont: Generic family 'sans-serif' not found because none of the following families were found: Readex Pro
WARNING:matplotlib.font_manager:findfont: Generic family 'sans-serif' not found because none of the following families were found: Readex Pro
WARNING:matplotlib.font_manager:findfont: Generic family 'sans-serif' not found because none of the following families were found: Readex Pro
WARNING:matplotlib.font_manager:findfont: Generic family 'sans-serif' not found because none of the following families were found: Readex Pro
WARNING:matplotlib.font_manager:findfont: Generic family 'sans-serif' not found because none of the following families were found: Readex Pro
WARNING:matplotlib.font_manager:findfont: Generic family 'sans-serif' not found because none of the following families were found: Readex Pro
WARNING:matplotlib.font_manager:findfont: Generic family 'sans-serif' not found because none of the following families were found: Readex Pro
WARNING:matplotlib.font_manager:findfont: Generic family 'sans-serif' not found because none of the following families were found: Readex Pro
WARNING:matplotlib.font_manager:findfont: Generic family 'sans-serif' not found because none of the following families were found: Readex Pro
WARNING:matplotlib.font_manager:findfont: Generic family 'sans-serif' not found because none of the following families were found: Readex Pro
WARNING:matplotlib.font_manager:findfont: Generic family 'sans-serif' not found because none of the following families were found: Readex Pro
WARNING:matplotlib.font_manager:findfont: Generic family 'sans-serif' not found because none of the following families were found: Readex Pro
WARNING:matplotlib.font_manager:findfont: Generic family 'sans-serif' not found because none of the following families were found: Readex Pro
WARNING:matplotlib.font_manager:findfont: Generic family 'sans-serif' not found because none of the following families were found: Readex Pro
WARNING:matplotlib.font_manager:findfont: Generic family 'sans-serif' not found because none of the following families were found: Readex Pro
WARNING:matplotlib.font_manager:findfont: Generic family 'sans-serif' not found because none of the following families were found: Readex Pro
WARNING:matplotlib.font_manager:findfont: Generic family 'sans-serif' not found because none of the following families were found: Readex Pro
WARNING:matplotlib.font_manager:findfont: Generic family 'sans-serif' not found because none of the following families were found: Readex Pro
WARNING:matplotlib.font_manager:findfont: Generic family 'sans-serif' not found because none of the following families were found: Readex Pro
WARNING:matplotlib.font_manager:findfont: Generic family 'sans-serif' not found because none of the following families were found: Readex Pro
WARNING:matplotlib.font_manager:findfont: Generic family 'sans-serif' not found because none of the following families were found: Readex Pro
WARNING:matplotlib.font_manager:findfont: Generic family 'sans-serif' not found because none of the following families were found: Readex Pro
WARNING:matplotlib.font_manager:findfont: Generic family 'sans-serif' not found because none of the following families were found: Readex Pro
WARNING:matplotlib.font_manager:findfont: Generic family 'sans-serif' not found because none of the following families were found: Readex Pro
WARNING:matplotlib.font_manager:findfont: Generic family 'sans-serif' not found because none of the following families were found: Readex Pro
WARNING:matplotlib.font_manager:findfont: Generic family 'sans-serif' not found because none of the following families were found: Readex Pro
WARNING:matplotlib.font_manager:findfont: Generic family 'sans-serif' not found because none of the following families were found: Readex Pro
WARNING:matplotlib.font_manager:findfont: Generic family 'sans-serif' not found because none of the following families were found: Readex Pro
WARNING:matplotlib.font_manager:findfont: Generic family 'sans-serif' not found because none of the following families were found: Readex Pro
WARNING:matplotlib.font_manager:findfont: Generic family 'sans-serif' not found because none of the following families were found: Readex Pro
WARNING:matplotlib.font_manager:findfont: Generic family 'sans-serif' not found because none of the following families were found: Readex Pro
[0m
[32mSaving model evaluation...[0m
[32mGenerating training graphs...[0m
[33mTotal time: 02:27:01[0m
[35mEverything done![0m
