2023-02-18 20:41:11.367307: I tensorflow/core/platform/cpu_feature_guard.cc:193] This TensorFlow binary is optimized with oneAPI Deep Neural Network Library (oneDNN) to use the following CPU instructions in performance-critical operations:  AVX2 FMA
To enable them in other operations, rebuild TensorFlow with the appropriate compiler flags.
2023-02-18 20:41:17.816044: W tensorflow/compiler/xla/stream_executor/platform/default/dso_loader.cc:64] Could not load dynamic library 'libnvinfer.so.7'; dlerror: libnvinfer.so.7: cannot open shared object file: No such file or directory
2023-02-18 20:41:17.816684: W tensorflow/compiler/xla/stream_executor/platform/default/dso_loader.cc:64] Could not load dynamic library 'libnvinfer_plugin.so.7'; dlerror: libnvinfer_plugin.so.7: cannot open shared object file: No such file or directory
2023-02-18 20:41:17.816720: W tensorflow/compiler/tf2tensorrt/utils/py_utils.cc:38] TF-TRT Warning: Cannot dlopen some TensorRT libraries. If you would like to use Nvidia GPU with TensorRT, please make sure the missing libraries mentioned above are installed properly.
Matplotlib created a temporary config/cache directory at /tmp/matplotlib-7xqq1euv because the default path (/home/cristec/.config/matplotlib) is not a writable directory; it is highly recommended to set the MPLCONFIGDIR environment variable to a writable directory, in particular to speed up the import of Matplotlib and to better support multiprocessing.
2023-02-18 20:41:28.452462: I tensorflow/core/platform/cpu_feature_guard.cc:193] This TensorFlow binary is optimized with oneAPI Deep Neural Network Library (oneDNN) to use the following CPU instructions in performance-critical operations:  AVX2 FMA
To enable them in other operations, rebuild TensorFlow with the appropriate compiler flags.
2023-02-18 20:41:31.493603: I tensorflow/core/common_runtime/gpu/gpu_device.cc:1613] Created device /job:localhost/replica:0/task:0/device:GPU:0 with 7415 MB memory:  -> device: 0, name: Quadro M4000, pci bus id: 0000:03:00.0, compute capability: 5.2
2023-02-18 20:41:31.499217: I tensorflow/core/common_runtime/gpu/gpu_device.cc:1613] Created device /job:localhost/replica:0/task:0/device:GPU:1 with 7425 MB memory:  -> device: 1, name: Quadro M4000, pci bus id: 0000:04:00.0, compute capability: 5.2
WARNING:tensorflow:From /shared_storage/cristec/conda/envs/ML/lib/python3.10/site-packages/tensorflow/python/autograph/pyct/static_analysis/liveness.py:83: Analyzer.lamba_check (from tensorflow.python.autograph.pyct.static_analysis.liveness) is deprecated and will be removed after 2023-09-23.
Instructions for updating:
Lambda fuctions will be no more assumed to be used in the statement where they are used, or at least in the same block. https://github.com/tensorflow/tensorflow/issues/56089
[35mStarting script...[0m
[32mLoading train dataset...[0m
Found 50000 files belonging to 1 classes.
[32mLoading test dataset...[0m
Found 10000 files belonging to 1 classes.
[32mCreating model...[0m
[32mTraining model...[0m
[36m
Epoch 1/1000
2023-02-18 20:42:13.423676: E tensorflow/core/grappler/optimizers/meta_optimizer.cc:954] layout failed: INVALID_ARGUMENT: Size of values 0 does not match size of permutation 4 @ fanin shape inUNet/unet_down_0/u_net2d_convolution_block/dropout/dropout/SelectV2-2-TransposeNHWCToNCHW-LayoutOptimizer
2023-02-18 20:43:12.649686: I tensorflow/compiler/xla/stream_executor/cuda/cuda_dnn.cc:428] Loaded cuDNN version 8101
2023-02-18 20:43:12.885521: I tensorflow/compiler/xla/stream_executor/cuda/cuda_dnn.cc:428] Loaded cuDNN version 8101
2023-02-18 20:43:13.780080: I tensorflow/tsl/platform/default/subprocess.cc:304] Start cannot spawn child process: No such file or directory
2023-02-18 20:43:18.525897: I tensorflow/compiler/xla/service/service.cc:173] XLA service 0x5593d75560a0 initialized for platform CUDA (this does not guarantee that XLA will be used). Devices:
2023-02-18 20:43:18.525930: I tensorflow/compiler/xla/service/service.cc:181]   StreamExecutor device (0): Quadro M4000, Compute Capability 5.2
2023-02-18 20:43:18.525939: I tensorflow/compiler/xla/service/service.cc:181]   StreamExecutor device (1): Quadro M4000, Compute Capability 5.2
2023-02-18 20:43:18.608507: I tensorflow/compiler/mlir/tensorflow/utils/dump_mlir_util.cc:268] disabling MLIR crash reproducer, set env var `MLIR_CRASH_REPRODUCER_DIRECTORY` to enable.
2023-02-18 20:43:19.290707: I tensorflow/tsl/platform/default/subprocess.cc:304] Start cannot spawn child process: No such file or directory
2023-02-18 20:43:19.403007: I tensorflow/compiler/jit/xla_compilation_cache.cc:477] Compiled cluster using XLA!  This line is logged at most once for the lifetime of the process.

Epoch 1: val_loss improved from inf to 0.16353, saving model to models/model_ssim_l1_25-30
WARNING:absl:Found untraced functions such as _jit_compiled_convolution_op, conv2d_layer_call_fn, conv2d_layer_call_and_return_conditional_losses, _jit_compiled_convolution_op, leaky_re_lu_layer_call_fn while saving (showing 5 of 241). These functions will not be directly callable after loading.
196/196 - 1656s - loss: 0.1569 - psnr: 19.9036 - ssim: 0.6374 - val_loss: 0.1635 - val_psnr: 16.9735 - val_ssim: 0.7112 - lr: 0.0100 - 1656s/epoch - 8s/step
Epoch 2/1000

Epoch 2: val_loss did not improve from 0.16353
196/196 - 61s - loss: 0.1030 - psnr: 21.8791 - ssim: 0.7834 - val_loss: 0.4494 - val_psnr: 3.9212 - val_ssim: 0.5023 - lr: 0.0100 - 61s/epoch - 313ms/step
Epoch 3/1000

Epoch 3: val_loss improved from 0.16353 to 0.12684, saving model to models/model_ssim_l1_25-30
WARNING:absl:Found untraced functions such as _jit_compiled_convolution_op, conv2d_layer_call_fn, conv2d_layer_call_and_return_conditional_losses, _jit_compiled_convolution_op, leaky_re_lu_layer_call_fn while saving (showing 5 of 241). These functions will not be directly callable after loading.
196/196 - 82s - loss: 0.0965 - psnr: 22.1483 - ssim: 0.8032 - val_loss: 0.1268 - val_psnr: 19.4912 - val_ssim: 0.7532 - lr: 0.0100 - 82s/epoch - 418ms/step
Epoch 4/1000

Epoch 4: val_loss improved from 0.12684 to 0.08698, saving model to models/model_ssim_l1_25-30
WARNING:absl:Found untraced functions such as _jit_compiled_convolution_op, conv2d_layer_call_fn, conv2d_layer_call_and_return_conditional_losses, _jit_compiled_convolution_op, leaky_re_lu_layer_call_fn while saving (showing 5 of 241). These functions will not be directly callable after loading.
196/196 - 82s - loss: 0.0929 - psnr: 22.3687 - ssim: 0.8135 - val_loss: 0.0870 - val_psnr: 22.6414 - val_ssim: 0.8388 - lr: 0.0100 - 82s/epoch - 416ms/step
Epoch 5/1000

Epoch 5: val_loss did not improve from 0.08698
196/196 - 60s - loss: 0.0903 - psnr: 22.4981 - ssim: 0.8215 - val_loss: 0.1091 - val_psnr: 20.6581 - val_ssim: 0.7976 - lr: 0.0100 - 60s/epoch - 308ms/step
Epoch 6/1000

Epoch 6: val_loss did not improve from 0.08698
196/196 - 60s - loss: 0.0879 - psnr: 22.6755 - ssim: 0.8278 - val_loss: 0.1094 - val_psnr: 19.1557 - val_ssim: 0.8492 - lr: 0.0100 - 60s/epoch - 308ms/step
Epoch 7/1000

Epoch 7: val_loss did not improve from 0.08698
196/196 - 60s - loss: 0.0825 - psnr: 23.9239 - ssim: 0.8231 - val_loss: 0.0981 - val_psnr: 21.1366 - val_ssim: 0.8325 - lr: 0.0100 - 60s/epoch - 306ms/step
Epoch 8/1000

Epoch 8: val_loss did not improve from 0.08698
196/196 - 61s - loss: 0.0749 - psnr: 25.2515 - ssim: 0.8284 - val_loss: 0.0879 - val_psnr: 21.3304 - val_ssim: 0.8714 - lr: 0.0100 - 61s/epoch - 309ms/step
Epoch 9/1000

Epoch 9: val_loss improved from 0.08698 to 0.07401, saving model to models/model_ssim_l1_25-30
WARNING:absl:Found untraced functions such as _jit_compiled_convolution_op, conv2d_layer_call_fn, conv2d_layer_call_and_return_conditional_losses, _jit_compiled_convolution_op, leaky_re_lu_layer_call_fn while saving (showing 5 of 241). These functions will not be directly callable after loading.
196/196 - 82s - loss: 0.0725 - psnr: 25.4776 - ssim: 0.8349 - val_loss: 0.0740 - val_psnr: 23.4837 - val_ssim: 0.8742 - lr: 0.0100 - 82s/epoch - 416ms/step
Epoch 10/1000

Epoch 10: val_loss improved from 0.07401 to 0.06910, saving model to models/model_ssim_l1_25-30
WARNING:absl:Found untraced functions such as _jit_compiled_convolution_op, conv2d_layer_call_fn, conv2d_layer_call_and_return_conditional_losses, _jit_compiled_convolution_op, leaky_re_lu_layer_call_fn while saving (showing 5 of 241). These functions will not be directly callable after loading.
196/196 - 82s - loss: 0.0711 - psnr: 25.5970 - ssim: 0.8386 - val_loss: 0.0691 - val_psnr: 24.4957 - val_ssim: 0.8699 - lr: 0.0100 - 82s/epoch - 419ms/step
Epoch 11/1000

Epoch 11: val_loss improved from 0.06910 to 0.05937, saving model to models/model_ssim_l1_25-30
WARNING:absl:Found untraced functions such as _jit_compiled_convolution_op, conv2d_layer_call_fn, conv2d_layer_call_and_return_conditional_losses, _jit_compiled_convolution_op, leaky_re_lu_layer_call_fn while saving (showing 5 of 241). These functions will not be directly callable after loading.
196/196 - 82s - loss: 0.0703 - psnr: 25.6721 - ssim: 0.8411 - val_loss: 0.0594 - val_psnr: 24.9793 - val_ssim: 0.9032 - lr: 0.0100 - 82s/epoch - 417ms/step
Epoch 12/1000

Epoch 12: val_loss improved from 0.05937 to 0.05087, saving model to models/model_ssim_l1_25-30
WARNING:absl:Found untraced functions such as _jit_compiled_convolution_op, conv2d_layer_call_fn, conv2d_layer_call_and_return_conditional_losses, _jit_compiled_convolution_op, leaky_re_lu_layer_call_fn while saving (showing 5 of 241). These functions will not be directly callable after loading.
196/196 - 81s - loss: 0.0696 - psnr: 25.7356 - ssim: 0.8428 - val_loss: 0.0509 - val_psnr: 25.7633 - val_ssim: 0.9244 - lr: 0.0100 - 81s/epoch - 416ms/step
Epoch 13/1000

Epoch 13: val_loss did not improve from 0.05087
196/196 - 61s - loss: 0.0691 - psnr: 25.7869 - ssim: 0.8442 - val_loss: 0.0525 - val_psnr: 25.1420 - val_ssim: 0.9265 - lr: 0.0100 - 61s/epoch - 311ms/step
Epoch 14/1000

Epoch 14: val_loss did not improve from 0.05087
196/196 - 61s - loss: 0.0687 - psnr: 25.8199 - ssim: 0.8452 - val_loss: 0.0530 - val_psnr: 25.0483 - val_ssim: 0.9251 - lr: 0.0100 - 61s/epoch - 309ms/step
Epoch 15/1000

Epoch 15: val_loss did not improve from 0.05087
196/196 - 61s - loss: 0.0684 - psnr: 25.8484 - ssim: 0.8459 - val_loss: 0.0558 - val_psnr: 24.6814 - val_ssim: 0.9213 - lr: 0.0100 - 61s/epoch - 313ms/step
Epoch 16/1000

Epoch 16: val_loss improved from 0.05087 to 0.04870, saving model to models/model_ssim_l1_25-30
WARNING:absl:Found untraced functions such as _jit_compiled_convolution_op, conv2d_layer_call_fn, conv2d_layer_call_and_return_conditional_losses, _jit_compiled_convolution_op, leaky_re_lu_layer_call_fn while saving (showing 5 of 241). These functions will not be directly callable after loading.
196/196 - 82s - loss: 0.0681 - psnr: 25.8896 - ssim: 0.8468 - val_loss: 0.0487 - val_psnr: 25.9420 - val_ssim: 0.9275 - lr: 0.0100 - 82s/epoch - 418ms/step
Epoch 17/1000

Epoch 17: val_loss did not improve from 0.04870
196/196 - 61s - loss: 0.0678 - psnr: 25.9141 - ssim: 0.8475 - val_loss: 0.0594 - val_psnr: 24.2563 - val_ssim: 0.9138 - lr: 0.0100 - 61s/epoch - 311ms/step
Epoch 18/1000

Epoch 18: val_loss improved from 0.04870 to 0.04030, saving model to models/model_ssim_l1_25-30
WARNING:absl:Found untraced functions such as _jit_compiled_convolution_op, conv2d_layer_call_fn, conv2d_layer_call_and_return_conditional_losses, _jit_compiled_convolution_op, leaky_re_lu_layer_call_fn while saving (showing 5 of 241). These functions will not be directly callable after loading.
196/196 - 82s - loss: 0.0674 - psnr: 26.0207 - ssim: 0.8475 - val_loss: 0.0403 - val_psnr: 28.2239 - val_ssim: 0.9316 - lr: 0.0100 - 82s/epoch - 417ms/step
Epoch 19/1000

Epoch 19: val_loss improved from 0.04030 to 0.03946, saving model to models/model_ssim_l1_25-30
WARNING:absl:Found untraced functions such as _jit_compiled_convolution_op, conv2d_layer_call_fn, conv2d_layer_call_and_return_conditional_losses, _jit_compiled_convolution_op, leaky_re_lu_layer_call_fn while saving (showing 5 of 241). These functions will not be directly callable after loading.
196/196 - 82s - loss: 0.0665 - psnr: 26.4029 - ssim: 0.8451 - val_loss: 0.0395 - val_psnr: 28.7415 - val_ssim: 0.9275 - lr: 0.0100 - 82s/epoch - 418ms/step
Epoch 20/1000

Epoch 20: val_loss did not improve from 0.03946
196/196 - 60s - loss: 0.0660 - psnr: 26.5292 - ssim: 0.8452 - val_loss: 0.0402 - val_psnr: 27.8366 - val_ssim: 0.9335 - lr: 0.0100 - 60s/epoch - 307ms/step
Epoch 21/1000

Epoch 21: val_loss improved from 0.03946 to 0.03787, saving model to models/model_ssim_l1_25-30
WARNING:absl:Found untraced functions such as _jit_compiled_convolution_op, conv2d_layer_call_fn, conv2d_layer_call_and_return_conditional_losses, _jit_compiled_convolution_op, leaky_re_lu_layer_call_fn while saving (showing 5 of 241). These functions will not be directly callable after loading.
196/196 - 82s - loss: 0.0655 - psnr: 26.6053 - ssim: 0.8458 - val_loss: 0.0379 - val_psnr: 28.5117 - val_ssim: 0.9356 - lr: 0.0100 - 82s/epoch - 416ms/step
Epoch 22/1000

Epoch 22: val_loss did not improve from 0.03787
196/196 - 61s - loss: 0.0653 - psnr: 26.6414 - ssim: 0.8459 - val_loss: 0.0400 - val_psnr: 28.3066 - val_ssim: 0.9296 - lr: 0.0100 - 61s/epoch - 310ms/step
Epoch 23/1000

Epoch 23: val_loss did not improve from 0.03787
196/196 - 61s - loss: 0.0650 - psnr: 26.6876 - ssim: 0.8464 - val_loss: 0.0390 - val_psnr: 28.3070 - val_ssim: 0.9349 - lr: 0.0100 - 61s/epoch - 310ms/step
Epoch 24/1000

Epoch 24: val_loss improved from 0.03787 to 0.03660, saving model to models/model_ssim_l1_25-30
WARNING:absl:Found untraced functions such as _jit_compiled_convolution_op, conv2d_layer_call_fn, conv2d_layer_call_and_return_conditional_losses, _jit_compiled_convolution_op, leaky_re_lu_layer_call_fn while saving (showing 5 of 241). These functions will not be directly callable after loading.
196/196 - 82s - loss: 0.0649 - psnr: 26.7191 - ssim: 0.8467 - val_loss: 0.0366 - val_psnr: 28.9811 - val_ssim: 0.9364 - lr: 0.0100 - 82s/epoch - 417ms/step
Epoch 25/1000

Epoch 25: val_loss did not improve from 0.03660
196/196 - 61s - loss: 0.0646 - psnr: 26.7561 - ssim: 0.8471 - val_loss: 0.0368 - val_psnr: 28.8133 - val_ssim: 0.9380 - lr: 0.0100 - 61s/epoch - 309ms/step
Epoch 26/1000

Epoch 26: val_loss improved from 0.03660 to 0.03565, saving model to models/model_ssim_l1_25-30
WARNING:absl:Found untraced functions such as _jit_compiled_convolution_op, conv2d_layer_call_fn, conv2d_layer_call_and_return_conditional_losses, _jit_compiled_convolution_op, leaky_re_lu_layer_call_fn while saving (showing 5 of 241). These functions will not be directly callable after loading.
196/196 - 83s - loss: 0.0643 - psnr: 26.8092 - ssim: 0.8477 - val_loss: 0.0356 - val_psnr: 29.1754 - val_ssim: 0.9384 - lr: 0.0100 - 83s/epoch - 421ms/step
Epoch 27/1000

Epoch 27: val_loss improved from 0.03565 to 0.03374, saving model to models/model_ssim_l1_25-30
WARNING:absl:Found untraced functions such as _jit_compiled_convolution_op, conv2d_layer_call_fn, conv2d_layer_call_and_return_conditional_losses, _jit_compiled_convolution_op, leaky_re_lu_layer_call_fn while saving (showing 5 of 241). These functions will not be directly callable after loading.
196/196 - 82s - loss: 0.0641 - psnr: 26.8465 - ssim: 0.8480 - val_loss: 0.0337 - val_psnr: 29.5539 - val_ssim: 0.9419 - lr: 0.0100 - 82s/epoch - 418ms/step
Epoch 28/1000

Epoch 28: val_loss improved from 0.03374 to 0.03287, saving model to models/model_ssim_l1_25-30
WARNING:absl:Found untraced functions such as _jit_compiled_convolution_op, conv2d_layer_call_fn, conv2d_layer_call_and_return_conditional_losses, _jit_compiled_convolution_op, leaky_re_lu_layer_call_fn while saving (showing 5 of 241). These functions will not be directly callable after loading.
196/196 - 82s - loss: 0.0639 - psnr: 26.8702 - ssim: 0.8483 - val_loss: 0.0329 - val_psnr: 29.8234 - val_ssim: 0.9428 - lr: 0.0100 - 82s/epoch - 418ms/step
Epoch 29/1000

Epoch 29: val_loss did not improve from 0.03287
196/196 - 61s - loss: 0.0637 - psnr: 26.9072 - ssim: 0.8489 - val_loss: 0.0334 - val_psnr: 29.7517 - val_ssim: 0.9412 - lr: 0.0100 - 61s/epoch - 310ms/step
Epoch 30/1000

Epoch 30: val_loss improved from 0.03287 to 0.03201, saving model to models/model_ssim_l1_25-30
WARNING:absl:Found untraced functions such as _jit_compiled_convolution_op, conv2d_layer_call_fn, conv2d_layer_call_and_return_conditional_losses, _jit_compiled_convolution_op, leaky_re_lu_layer_call_fn while saving (showing 5 of 241). These functions will not be directly callable after loading.
196/196 - 81s - loss: 0.0635 - psnr: 26.9316 - ssim: 0.8492 - val_loss: 0.0320 - val_psnr: 30.1399 - val_ssim: 0.9432 - lr: 0.0100 - 81s/epoch - 415ms/step
Epoch 31/1000

Epoch 31: val_loss did not improve from 0.03201
196/196 - 60s - loss: 0.0634 - psnr: 26.9511 - ssim: 0.8495 - val_loss: 0.0333 - val_psnr: 29.8423 - val_ssim: 0.9405 - lr: 0.0100 - 60s/epoch - 308ms/step
Epoch 32/1000

Epoch 32: val_loss did not improve from 0.03201
196/196 - 61s - loss: 0.0632 - psnr: 26.9766 - ssim: 0.8499 - val_loss: 0.0330 - val_psnr: 29.8070 - val_ssim: 0.9422 - lr: 0.0100 - 61s/epoch - 311ms/step
Epoch 33/1000

Epoch 33: val_loss improved from 0.03201 to 0.03195, saving model to models/model_ssim_l1_25-30
WARNING:absl:Found untraced functions such as _jit_compiled_convolution_op, conv2d_layer_call_fn, conv2d_layer_call_and_return_conditional_losses, _jit_compiled_convolution_op, leaky_re_lu_layer_call_fn while saving (showing 5 of 241). These functions will not be directly callable after loading.
196/196 - 82s - loss: 0.0631 - psnr: 26.9843 - ssim: 0.8501 - val_loss: 0.0319 - val_psnr: 30.1682 - val_ssim: 0.9431 - lr: 0.0100 - 82s/epoch - 419ms/step
Epoch 34/1000

Epoch 34: val_loss did not improve from 0.03195
196/196 - 60s - loss: 0.0630 - psnr: 27.0044 - ssim: 0.8504 - val_loss: 0.0326 - val_psnr: 30.0216 - val_ssim: 0.9420 - lr: 0.0100 - 60s/epoch - 307ms/step
Epoch 35/1000

Epoch 35: val_loss did not improve from 0.03195
196/196 - 61s - loss: 0.0628 - psnr: 27.0278 - ssim: 0.8506 - val_loss: 0.0327 - val_psnr: 29.9963 - val_ssim: 0.9420 - lr: 0.0100 - 61s/epoch - 309ms/step
Epoch 36/1000

Epoch 36: val_loss did not improve from 0.03195
196/196 - 61s - loss: 0.0627 - psnr: 27.0392 - ssim: 0.8509 - val_loss: 0.0321 - val_psnr: 30.1840 - val_ssim: 0.9430 - lr: 0.0100 - 61s/epoch - 310ms/step
Epoch 37/1000

Epoch 37: val_loss improved from 0.03195 to 0.03192, saving model to models/model_ssim_l1_25-30
WARNING:absl:Found untraced functions such as _jit_compiled_convolution_op, conv2d_layer_call_fn, conv2d_layer_call_and_return_conditional_losses, _jit_compiled_convolution_op, leaky_re_lu_layer_call_fn while saving (showing 5 of 241). These functions will not be directly callable after loading.
196/196 - 82s - loss: 0.0626 - psnr: 27.0514 - ssim: 0.8511 - val_loss: 0.0319 - val_psnr: 30.2329 - val_ssim: 0.9434 - lr: 0.0100 - 82s/epoch - 416ms/step
Epoch 38/1000

Epoch 38: val_loss did not improve from 0.03192
196/196 - 60s - loss: 0.0625 - psnr: 27.0672 - ssim: 0.8513 - val_loss: 0.0328 - val_psnr: 30.0677 - val_ssim: 0.9420 - lr: 0.0100 - 60s/epoch - 308ms/step
Epoch 39/1000

Epoch 39: val_loss did not improve from 0.03192
196/196 - 61s - loss: 0.0625 - psnr: 27.0730 - ssim: 0.8514 - val_loss: 0.0338 - val_psnr: 29.6803 - val_ssim: 0.9422 - lr: 0.0100 - 61s/epoch - 310ms/step
Epoch 40/1000

Epoch 40: val_loss did not improve from 0.03192
196/196 - 61s - loss: 0.0624 - psnr: 27.0881 - ssim: 0.8516 - val_loss: 0.0336 - val_psnr: 29.7976 - val_ssim: 0.9415 - lr: 0.0100 - 61s/epoch - 309ms/step
Epoch 41/1000

Epoch 41: val_loss did not improve from 0.03192
196/196 - 60s - loss: 0.0623 - psnr: 27.1007 - ssim: 0.8518 - val_loss: 0.0333 - val_psnr: 29.7743 - val_ssim: 0.9436 - lr: 0.0100 - 60s/epoch - 307ms/step
Epoch 42/1000

Epoch 42: val_loss did not improve from 0.03192
196/196 - 61s - loss: 0.0623 - psnr: 27.1062 - ssim: 0.8520 - val_loss: 0.0340 - val_psnr: 29.6809 - val_ssim: 0.9419 - lr: 0.0100 - 61s/epoch - 309ms/step
Epoch 43/1000

Epoch 43: val_loss did not improve from 0.03192
196/196 - 61s - loss: 0.0622 - psnr: 27.1087 - ssim: 0.8520 - val_loss: 0.0343 - val_psnr: 29.5985 - val_ssim: 0.9413 - lr: 0.0100 - 61s/epoch - 309ms/step
Epoch 44/1000

Epoch 44: val_loss did not improve from 0.03192
196/196 - 60s - loss: 0.0622 - psnr: 27.1212 - ssim: 0.8523 - val_loss: 0.0357 - val_psnr: 29.2295 - val_ssim: 0.9400 - lr: 0.0100 - 60s/epoch - 309ms/step
Epoch 45/1000

Epoch 45: val_loss did not improve from 0.03192
196/196 - 60s - loss: 0.0621 - psnr: 27.1334 - ssim: 0.8525 - val_loss: 0.0349 - val_psnr: 29.3228 - val_ssim: 0.9419 - lr: 0.0100 - 60s/epoch - 308ms/step
Epoch 46/1000

Epoch 46: val_loss did not improve from 0.03192
196/196 - 61s - loss: 0.0620 - psnr: 27.1398 - ssim: 0.8526 - val_loss: 0.0342 - val_psnr: 29.4805 - val_ssim: 0.9426 - lr: 0.0100 - 61s/epoch - 310ms/step
Epoch 47/1000

Epoch 47: val_loss did not improve from 0.03192
196/196 - 61s - loss: 0.0619 - psnr: 27.1472 - ssim: 0.8528 - val_loss: 0.0347 - val_psnr: 29.3419 - val_ssim: 0.9419 - lr: 0.0100 - 61s/epoch - 310ms/step
Epoch 48/1000

Epoch 48: val_loss did not improve from 0.03192
196/196 - 61s - loss: 0.0618 - psnr: 27.1636 - ssim: 0.8530 - val_loss: 0.0349 - val_psnr: 29.3872 - val_ssim: 0.9405 - lr: 0.0100 - 61s/epoch - 310ms/step
Epoch 49/1000

Epoch 49: val_loss did not improve from 0.03192
196/196 - 60s - loss: 0.0618 - psnr: 27.1690 - ssim: 0.8531 - val_loss: 0.0369 - val_psnr: 28.8390 - val_ssim: 0.9386 - lr: 0.0100 - 60s/epoch - 309ms/step
Epoch 50/1000

Epoch 50: ReduceLROnPlateau reducing learning rate to 0.0019999999552965165.

Epoch 50: val_loss did not improve from 0.03192
196/196 - 61s - loss: 0.0617 - psnr: 27.1775 - ssim: 0.8532 - val_loss: 0.0346 - val_psnr: 29.3231 - val_ssim: 0.9421 - lr: 0.0100 - 61s/epoch - 309ms/step
Epoch 51/1000

Epoch 51: val_loss did not improve from 0.03192
196/196 - 60s - loss: 0.0599 - psnr: 27.5005 - ssim: 0.8558 - val_loss: 0.0346 - val_psnr: 29.0126 - val_ssim: 0.9477 - lr: 0.0020 - 60s/epoch - 309ms/step
Epoch 52/1000

Epoch 52: val_loss did not improve from 0.03192
196/196 - 61s - loss: 0.0598 - psnr: 27.5145 - ssim: 0.8561 - val_loss: 0.0351 - val_psnr: 28.8212 - val_ssim: 0.9477 - lr: 0.0020 - 61s/epoch - 312ms/step
Epoch 53/1000

Epoch 53: val_loss did not improve from 0.03192
196/196 - 60s - loss: 0.0597 - psnr: 27.5194 - ssim: 0.8562 - val_loss: 0.0348 - val_psnr: 28.8820 - val_ssim: 0.9482 - lr: 0.0020 - 60s/epoch - 307ms/step
Epoch 54/1000

Epoch 54: val_loss did not improve from 0.03192
196/196 - 61s - loss: 0.0597 - psnr: 27.5221 - ssim: 0.8563 - val_loss: 0.0350 - val_psnr: 28.8106 - val_ssim: 0.9481 - lr: 0.0020 - 61s/epoch - 311ms/step
Epoch 55/1000

Epoch 55: val_loss did not improve from 0.03192
196/196 - 61s - loss: 0.0597 - psnr: 27.5250 - ssim: 0.8563 - val_loss: 0.0345 - val_psnr: 28.9412 - val_ssim: 0.9487 - lr: 0.0020 - 61s/epoch - 309ms/step
Epoch 56/1000

Epoch 56: val_loss did not improve from 0.03192
196/196 - 61s - loss: 0.0597 - psnr: 27.5250 - ssim: 0.8563 - val_loss: 0.0352 - val_psnr: 28.7320 - val_ssim: 0.9484 - lr: 0.0020 - 61s/epoch - 310ms/step
Epoch 57/1000

Epoch 57: val_loss did not improve from 0.03192
196/196 - 61s - loss: 0.0597 - psnr: 27.5258 - ssim: 0.8564 - val_loss: 0.0347 - val_psnr: 28.8748 - val_ssim: 0.9487 - lr: 0.0020 - 61s/epoch - 311ms/step
Epoch 58/1000

Epoch 58: val_loss did not improve from 0.03192
196/196 - 61s - loss: 0.0597 - psnr: 27.5283 - ssim: 0.8564 - val_loss: 0.0349 - val_psnr: 28.7776 - val_ssim: 0.9488 - lr: 0.0020 - 61s/epoch - 310ms/step
Epoch 59/1000

Epoch 59: val_loss did not improve from 0.03192
196/196 - 61s - loss: 0.0596 - psnr: 27.5317 - ssim: 0.8565 - val_loss: 0.0349 - val_psnr: 28.8110 - val_ssim: 0.9485 - lr: 0.0020 - 61s/epoch - 310ms/step
Epoch 60/1000

Epoch 60: val_loss did not improve from 0.03192
196/196 - 61s - loss: 0.0596 - psnr: 27.5327 - ssim: 0.8565 - val_loss: 0.0353 - val_psnr: 28.7011 - val_ssim: 0.9484 - lr: 0.0020 - 61s/epoch - 311ms/step
Epoch 61/1000

Epoch 61: val_loss did not improve from 0.03192
196/196 - 61s - loss: 0.0596 - psnr: 27.5347 - ssim: 0.8566 - val_loss: 0.0346 - val_psnr: 28.8735 - val_ssim: 0.9490 - lr: 0.0020 - 61s/epoch - 311ms/step
Epoch 62/1000

Epoch 62: val_loss did not improve from 0.03192
196/196 - 61s - loss: 0.0596 - psnr: 27.5365 - ssim: 0.8566 - val_loss: 0.0348 - val_psnr: 28.7914 - val_ssim: 0.9489 - lr: 0.0020 - 61s/epoch - 310ms/step
Epoch 63/1000

Epoch 63: val_loss did not improve from 0.03192
196/196 - 61s - loss: 0.0596 - psnr: 27.5377 - ssim: 0.8567 - val_loss: 0.0351 - val_psnr: 28.7570 - val_ssim: 0.9485 - lr: 0.0020 - 61s/epoch - 309ms/step
Epoch 64/1000

Epoch 64: val_loss did not improve from 0.03192
196/196 - 60s - loss: 0.0596 - psnr: 27.5388 - ssim: 0.8567 - val_loss: 0.0353 - val_psnr: 28.7537 - val_ssim: 0.9480 - lr: 0.0020 - 60s/epoch - 307ms/step
Epoch 65/1000

Epoch 65: val_loss did not improve from 0.03192
196/196 - 61s - loss: 0.0596 - psnr: 27.5405 - ssim: 0.8566 - val_loss: 0.0354 - val_psnr: 28.6548 - val_ssim: 0.9485 - lr: 0.0020 - 61s/epoch - 311ms/step
Epoch 66/1000

Epoch 66: val_loss did not improve from 0.03192
196/196 - 60s - loss: 0.0595 - psnr: 27.5445 - ssim: 0.8568 - val_loss: 0.0350 - val_psnr: 28.7821 - val_ssim: 0.9485 - lr: 0.0020 - 60s/epoch - 307ms/step
Epoch 67/1000

Epoch 67: val_loss did not improve from 0.03192
196/196 - 61s - loss: 0.0595 - psnr: 27.5433 - ssim: 0.8567 - val_loss: 0.0351 - val_psnr: 28.7918 - val_ssim: 0.9484 - lr: 0.0020 - 61s/epoch - 310ms/step
Epoch 68/1000

Epoch 68: val_loss did not improve from 0.03192
196/196 - 61s - loss: 0.0595 - psnr: 27.5454 - ssim: 0.8568 - val_loss: 0.0349 - val_psnr: 28.7754 - val_ssim: 0.9488 - lr: 0.0020 - 61s/epoch - 311ms/step
Epoch 69/1000

Epoch 69: val_loss did not improve from 0.03192
196/196 - 61s - loss: 0.0595 - psnr: 27.5502 - ssim: 0.8569 - val_loss: 0.0348 - val_psnr: 28.8641 - val_ssim: 0.9486 - lr: 0.0020 - 61s/epoch - 311ms/step
Epoch 70/1000

Epoch 70: val_loss did not improve from 0.03192
196/196 - 61s - loss: 0.0595 - psnr: 27.5519 - ssim: 0.8569 - val_loss: 0.0351 - val_psnr: 28.7254 - val_ssim: 0.9487 - lr: 0.0020 - 61s/epoch - 312ms/step
Epoch 71/1000

Epoch 71: val_loss did not improve from 0.03192
196/196 - 61s - loss: 0.0595 - psnr: 27.5532 - ssim: 0.8569 - val_loss: 0.0350 - val_psnr: 28.7495 - val_ssim: 0.9487 - lr: 0.0020 - 61s/epoch - 310ms/step
Epoch 72/1000

Epoch 72: val_loss did not improve from 0.03192
196/196 - 60s - loss: 0.0594 - psnr: 27.5550 - ssim: 0.8570 - val_loss: 0.0350 - val_psnr: 28.7847 - val_ssim: 0.9485 - lr: 0.0020 - 60s/epoch - 309ms/step
Epoch 73/1000

Epoch 73: val_loss did not improve from 0.03192
196/196 - 61s - loss: 0.0595 - psnr: 27.5530 - ssim: 0.8569 - val_loss: 0.0350 - val_psnr: 28.7649 - val_ssim: 0.9488 - lr: 0.0020 - 61s/epoch - 311ms/step
Epoch 74/1000

Epoch 74: val_loss did not improve from 0.03192
196/196 - 61s - loss: 0.0594 - psnr: 27.5564 - ssim: 0.8570 - val_loss: 0.0350 - val_psnr: 28.7608 - val_ssim: 0.9489 - lr: 0.0020 - 61s/epoch - 309ms/step
Epoch 75/1000

Epoch 75: val_loss did not improve from 0.03192
196/196 - 60s - loss: 0.0594 - psnr: 27.5583 - ssim: 0.8570 - val_loss: 0.0349 - val_psnr: 28.8041 - val_ssim: 0.9487 - lr: 0.0020 - 60s/epoch - 307ms/step
Epoch 76/1000

Epoch 76: val_loss did not improve from 0.03192
196/196 - 61s - loss: 0.0594 - psnr: 27.5626 - ssim: 0.8571 - val_loss: 0.0352 - val_psnr: 28.7411 - val_ssim: 0.9483 - lr: 0.0020 - 61s/epoch - 309ms/step
Epoch 77/1000

Epoch 77: val_loss did not improve from 0.03192
196/196 - 60s - loss: 0.0594 - psnr: 27.5619 - ssim: 0.8571 - val_loss: 0.0348 - val_psnr: 28.8304 - val_ssim: 0.9488 - lr: 0.0020 - 60s/epoch - 307ms/step
Epoch 78/1000

Epoch 78: val_loss did not improve from 0.03192
196/196 - 61s - loss: 0.0594 - psnr: 27.5646 - ssim: 0.8571 - val_loss: 0.0349 - val_psnr: 28.7813 - val_ssim: 0.9491 - lr: 0.0020 - 61s/epoch - 310ms/step
Epoch 79/1000

Epoch 79: ReduceLROnPlateau reducing learning rate to 0.0003999999724328518.

Epoch 79: val_loss did not improve from 0.03192
196/196 - 60s - loss: 0.0593 - psnr: 27.5695 - ssim: 0.8572 - val_loss: 0.0348 - val_psnr: 28.7870 - val_ssim: 0.9492 - lr: 0.0020 - 60s/epoch - 308ms/step
Epoch 80/1000
Restoring model weights from the end of the best epoch: 30.

Epoch 80: val_loss did not improve from 0.03192
196/196 - 61s - loss: 0.0590 - psnr: 27.6294 - ssim: 0.8575 - val_loss: 0.0361 - val_psnr: 28.6206 - val_ssim: 0.9470 - lr: 4.0000e-04 - 61s/epoch - 310ms/step
Epoch 80: early stopping
[0m
[32mSaving model architecture text summary...[0m
[32mSaving model training history...[0m
[32mEvaluating model...[0m
[36m
40/40 - 5s - loss: 0.0320 - psnr: 30.1420 - ssim: 0.9432 - 5s/epoch - 125ms/step
WARNING:matplotlib.font_manager:findfont: Generic family 'sans-serif' not found because none of the following families were found: Readex Pro
WARNING:matplotlib.font_manager:findfont: Generic family 'sans-serif' not found because none of the following families were found: Readex Pro
WARNING:matplotlib.font_manager:findfont: Generic family 'sans-serif' not found because none of the following families were found: Readex Pro
WARNING:matplotlib.font_manager:findfont: Generic family 'sans-serif' not found because none of the following families were found: Readex Pro
WARNING:matplotlib.font_manager:findfont: Generic family 'sans-serif' not found because none of the following families were found: Readex Pro
WARNING:matplotlib.font_manager:findfont: Generic family 'sans-serif' not found because none of the following families were found: Readex Pro
WARNING:matplotlib.font_manager:findfont: Generic family 'sans-serif' not found because none of the following families were found: Readex Pro
WARNING:matplotlib.font_manager:findfont: Generic family 'sans-serif' not found because none of the following families were found: Readex Pro
WARNING:matplotlib.font_manager:findfont: Generic family 'sans-serif' not found because none of the following families were found: Readex Pro
WARNING:matplotlib.font_manager:findfont: Generic family 'sans-serif' not found because none of the following families were found: Readex Pro
WARNING:matplotlib.font_manager:findfont: Generic family 'sans-serif' not found because none of the following families were found: Readex Pro
WARNING:matplotlib.font_manager:findfont: Generic family 'sans-serif' not found because none of the following families were found: Readex Pro
WARNING:matplotlib.font_manager:findfont: Generic family 'sans-serif' not found because none of the following families were found: Readex Pro
WARNING:matplotlib.font_manager:findfont: Generic family 'sans-serif' not found because none of the following families were found: Readex Pro
WARNING:matplotlib.font_manager:findfont: Generic family 'sans-serif' not found because none of the following families were found: Readex Pro
WARNING:matplotlib.font_manager:findfont: Generic family 'sans-serif' not found because none of the following families were found: Readex Pro
WARNING:matplotlib.font_manager:findfont: Generic family 'sans-serif' not found because none of the following families were found: Readex Pro
WARNING:matplotlib.font_manager:findfont: Generic family 'sans-serif' not found because none of the following families were found: Readex Pro
WARNING:matplotlib.font_manager:findfont: Generic family 'sans-serif' not found because none of the following families were found: Readex Pro
WARNING:matplotlib.font_manager:findfont: Generic family 'sans-serif' not found because none of the following families were found: Readex Pro
WARNING:matplotlib.font_manager:findfont: Generic family 'sans-serif' not found because none of the following families were found: Readex Pro
WARNING:matplotlib.font_manager:findfont: Generic family 'sans-serif' not found because none of the following families were found: Readex Pro
WARNING:matplotlib.font_manager:findfont: Generic family 'sans-serif' not found because none of the following families were found: Readex Pro
WARNING:matplotlib.font_manager:findfont: Generic family 'sans-serif' not found because none of the following families were found: Readex Pro
WARNING:matplotlib.font_manager:findfont: Generic family 'sans-serif' not found because none of the following families were found: Readex Pro
WARNING:matplotlib.font_manager:findfont: Generic family 'sans-serif' not found because none of the following families were found: Readex Pro
WARNING:matplotlib.font_manager:findfont: Generic family 'sans-serif' not found because none of the following families were found: Readex Pro
WARNING:matplotlib.font_manager:findfont: Generic family 'sans-serif' not found because none of the following families were found: Readex Pro
WARNING:matplotlib.font_manager:findfont: Generic family 'sans-serif' not found because none of the following families were found: Readex Pro
WARNING:matplotlib.font_manager:findfont: Generic family 'sans-serif' not found because none of the following families were found: Readex Pro
WARNING:matplotlib.font_manager:findfont: Generic family 'sans-serif' not found because none of the following families were found: Readex Pro
WARNING:matplotlib.font_manager:findfont: Generic family 'sans-serif' not found because none of the following families were found: Readex Pro
WARNING:matplotlib.font_manager:findfont: Generic family 'sans-serif' not found because none of the following families were found: Readex Pro
WARNING:matplotlib.font_manager:findfont: Generic family 'sans-serif' not found because none of the following families were found: Readex Pro
WARNING:matplotlib.font_manager:findfont: Generic family 'sans-serif' not found because none of the following families were found: Readex Pro
WARNING:matplotlib.font_manager:findfont: Generic family 'sans-serif' not found because none of the following families were found: Readex Pro
WARNING:matplotlib.font_manager:findfont: Generic family 'sans-serif' not found because none of the following families were found: Readex Pro
WARNING:matplotlib.font_manager:findfont: Generic family 'sans-serif' not found because none of the following families were found: Readex Pro
WARNING:matplotlib.font_manager:findfont: Generic family 'sans-serif' not found because none of the following families were found: Readex Pro
WARNING:matplotlib.font_manager:findfont: Generic family 'sans-serif' not found because none of the following families were found: Readex Pro
WARNING:matplotlib.font_manager:findfont: Generic family 'sans-serif' not found because none of the following families were found: Readex Pro
WARNING:matplotlib.font_manager:findfont: Generic family 'sans-serif' not found because none of the following families were found: Readex Pro
WARNING:matplotlib.font_manager:findfont: Generic family 'sans-serif' not found because none of the following families were found: Readex Pro
WARNING:matplotlib.font_manager:findfont: Generic family 'sans-serif' not found because none of the following families were found: Readex Pro
WARNING:matplotlib.font_manager:findfont: Generic family 'sans-serif' not found because none of the following families were found: Readex Pro
WARNING:matplotlib.font_manager:findfont: Generic family 'sans-serif' not found because none of the following families were found: Readex Pro
WARNING:matplotlib.font_manager:findfont: Generic family 'sans-serif' not found because none of the following families were found: Readex Pro
WARNING:matplotlib.font_manager:findfont: Generic family 'sans-serif' not found because none of the following families were found: Readex Pro
WARNING:matplotlib.font_manager:findfont: Generic family 'sans-serif' not found because none of the following families were found: Readex Pro
WARNING:matplotlib.font_manager:findfont: Generic family 'sans-serif' not found because none of the following families were found: Readex Pro
WARNING:matplotlib.font_manager:findfont: Generic family 'sans-serif' not found because none of the following families were found: Readex Pro
WARNING:matplotlib.font_manager:findfont: Generic family 'sans-serif' not found because none of the following families were found: Readex Pro
WARNING:matplotlib.font_manager:findfont: Generic family 'sans-serif' not found because none of the following families were found: Readex Pro
WARNING:matplotlib.font_manager:findfont: Generic family 'sans-serif' not found because none of the following families were found: Readex Pro
WARNING:matplotlib.font_manager:findfont: Generic family 'sans-serif' not found because none of the following families were found: Readex Pro
WARNING:matplotlib.font_manager:findfont: Generic family 'sans-serif' not found because none of the following families were found: Readex Pro
WARNING:matplotlib.font_manager:findfont: Generic family 'sans-serif' not found because none of the following families were found: Readex Pro
WARNING:matplotlib.font_manager:findfont: Generic family 'sans-serif' not found because none of the following families were found: Readex Pro
WARNING:matplotlib.font_manager:findfont: Generic family 'sans-serif' not found because none of the following families were found: Readex Pro
WARNING:matplotlib.font_manager:findfont: Generic family 'sans-serif' not found because none of the following families were found: Readex Pro
WARNING:matplotlib.font_manager:findfont: Generic family 'sans-serif' not found because none of the following families were found: Readex Pro
WARNING:matplotlib.font_manager:findfont: Generic family 'sans-serif' not found because none of the following families were found: Readex Pro
WARNING:matplotlib.font_manager:findfont: Generic family 'sans-serif' not found because none of the following families were found: Readex Pro
WARNING:matplotlib.font_manager:findfont: Generic family 'sans-serif' not found because none of the following families were found: Readex Pro
WARNING:matplotlib.font_manager:findfont: Generic family 'sans-serif' not found because none of the following families were found: Readex Pro
WARNING:matplotlib.font_manager:findfont: Generic family 'sans-serif' not found because none of the following families were found: Readex Pro
WARNING:matplotlib.font_manager:findfont: Generic family 'sans-serif' not found because none of the following families were found: Readex Pro
WARNING:matplotlib.font_manager:findfont: Generic family 'sans-serif' not found because none of the following families were found: Readex Pro
WARNING:matplotlib.font_manager:findfont: Generic family 'sans-serif' not found because none of the following families were found: Readex Pro
WARNING:matplotlib.font_manager:findfont: Generic family 'sans-serif' not found because none of the following families were found: Readex Pro
WARNING:matplotlib.font_manager:findfont: Generic family 'sans-serif' not found because none of the following families were found: Readex Pro
WARNING:matplotlib.font_manager:findfont: Generic family 'sans-serif' not found because none of the following families were found: Readex Pro
WARNING:matplotlib.font_manager:findfont: Generic family 'sans-serif' not found because none of the following families were found: Readex Pro
WARNING:matplotlib.font_manager:findfont: Generic family 'sans-serif' not found because none of the following families were found: Readex Pro
WARNING:matplotlib.font_manager:findfont: Generic family 'sans-serif' not found because none of the following families were found: Readex Pro
WARNING:matplotlib.font_manager:findfont: Generic family 'sans-serif' not found because none of the following families were found: Readex Pro
WARNING:matplotlib.font_manager:findfont: Generic family 'sans-serif' not found because none of the following families were found: Readex Pro
WARNING:matplotlib.font_manager:findfont: Generic family 'sans-serif' not found because none of the following families were found: Readex Pro
WARNING:matplotlib.font_manager:findfont: Generic family 'sans-serif' not found because none of the following families were found: Readex Pro
WARNING:matplotlib.font_manager:findfont: Generic family 'sans-serif' not found because none of the following families were found: Readex Pro
WARNING:matplotlib.font_manager:findfont: Generic family 'sans-serif' not found because none of the following families were found: Readex Pro
WARNING:matplotlib.font_manager:findfont: Generic family 'sans-serif' not found because none of the following families were found: Readex Pro
WARNING:matplotlib.font_manager:findfont: Generic family 'sans-serif' not found because none of the following families were found: Readex Pro
WARNING:matplotlib.font_manager:findfont: Generic family 'sans-serif' not found because none of the following families were found: Readex Pro
WARNING:matplotlib.font_manager:findfont: Generic family 'sans-serif' not found because none of the following families were found: Readex Pro
WARNING:matplotlib.font_manager:findfont: Generic family 'sans-serif' not found because none of the following families were found: Readex Pro
WARNING:matplotlib.font_manager:findfont: Generic family 'sans-serif' not found because none of the following families were found: Readex Pro
WARNING:matplotlib.font_manager:findfont: Generic family 'sans-serif' not found because none of the following families were found: Readex Pro
WARNING:matplotlib.font_manager:findfont: Generic family 'sans-serif' not found because none of the following families were found: Readex Pro
WARNING:matplotlib.font_manager:findfont: Generic family 'sans-serif' not found because none of the following families were found: Readex Pro
WARNING:matplotlib.font_manager:findfont: Generic family 'sans-serif' not found because none of the following families were found: Readex Pro
WARNING:matplotlib.font_manager:findfont: Generic family 'sans-serif' not found because none of the following families were found: Readex Pro
WARNING:matplotlib.font_manager:findfont: Generic family 'sans-serif' not found because none of the following families were found: Readex Pro
WARNING:matplotlib.font_manager:findfont: Generic family 'sans-serif' not found because none of the following families were found: Readex Pro
WARNING:matplotlib.font_manager:findfont: Generic family 'sans-serif' not found because none of the following families were found: Readex Pro
WARNING:matplotlib.font_manager:findfont: Generic family 'sans-serif' not found because none of the following families were found: Readex Pro
WARNING:matplotlib.font_manager:findfont: Generic family 'sans-serif' not found because none of the following families were found: Readex Pro
WARNING:matplotlib.font_manager:findfont: Generic family 'sans-serif' not found because none of the following families were found: Readex Pro
WARNING:matplotlib.font_manager:findfont: Generic family 'sans-serif' not found because none of the following families were found: Readex Pro
WARNING:matplotlib.font_manager:findfont: Generic family 'sans-serif' not found because none of the following families were found: Readex Pro
WARNING:matplotlib.font_manager:findfont: Generic family 'sans-serif' not found because none of the following families were found: Readex Pro
WARNING:matplotlib.font_manager:findfont: Generic family 'sans-serif' not found because none of the following families were found: Readex Pro
WARNING:matplotlib.font_manager:findfont: Generic family 'sans-serif' not found because none of the following families were found: Readex Pro
WARNING:matplotlib.font_manager:findfont: Generic family 'sans-serif' not found because none of the following families were found: Readex Pro
WARNING:matplotlib.font_manager:findfont: Generic family 'sans-serif' not found because none of the following families were found: Readex Pro
WARNING:matplotlib.font_manager:findfont: Generic family 'sans-serif' not found because none of the following families were found: Readex Pro
WARNING:matplotlib.font_manager:findfont: Generic family 'sans-serif' not found because none of the following families were found: Readex Pro
WARNING:matplotlib.font_manager:findfont: Generic family 'sans-serif' not found because none of the following families were found: Readex Pro
WARNING:matplotlib.font_manager:findfont: Generic family 'sans-serif' not found because none of the following families were found: Readex Pro
WARNING:matplotlib.font_manager:findfont: Generic family 'sans-serif' not found because none of the following families were found: Readex Pro
WARNING:matplotlib.font_manager:findfont: Generic family 'sans-serif' not found because none of the following families were found: Readex Pro
WARNING:matplotlib.font_manager:findfont: Generic family 'sans-serif' not found because none of the following families were found: Readex Pro
WARNING:matplotlib.font_manager:findfont: Generic family 'sans-serif' not found because none of the following families were found: Readex Pro
WARNING:matplotlib.font_manager:findfont: Generic family 'sans-serif' not found because none of the following families were found: Readex Pro
WARNING:matplotlib.font_manager:findfont: Generic family 'sans-serif' not found because none of the following families were found: Readex Pro
WARNING:matplotlib.font_manager:findfont: Generic family 'sans-serif' not found because none of the following families were found: Readex Pro
WARNING:matplotlib.font_manager:findfont: Generic family 'sans-serif' not found because none of the following families were found: Readex Pro
WARNING:matplotlib.font_manager:findfont: Generic family 'sans-serif' not found because none of the following families were found: Readex Pro
WARNING:matplotlib.font_manager:findfont: Generic family 'sans-serif' not found because none of the following families were found: Readex Pro
WARNING:matplotlib.font_manager:findfont: Generic family 'sans-serif' not found because none of the following families were found: Readex Pro
WARNING:matplotlib.font_manager:findfont: Generic family 'sans-serif' not found because none of the following families were found: Readex Pro
WARNING:matplotlib.font_manager:findfont: Generic family 'sans-serif' not found because none of the following families were found: Readex Pro
WARNING:matplotlib.font_manager:findfont: Generic family 'sans-serif' not found because none of the following families were found: Readex Pro
WARNING:matplotlib.font_manager:findfont: Generic family 'sans-serif' not found because none of the following families were found: Readex Pro
WARNING:matplotlib.font_manager:findfont: Generic family 'sans-serif' not found because none of the following families were found: Readex Pro
WARNING:matplotlib.font_manager:findfont: Generic family 'sans-serif' not found because none of the following families were found: Readex Pro
WARNING:matplotlib.font_manager:findfont: Generic family 'sans-serif' not found because none of the following families were found: Readex Pro
WARNING:matplotlib.font_manager:findfont: Generic family 'sans-serif' not found because none of the following families were found: Readex Pro
WARNING:matplotlib.font_manager:findfont: Generic family 'sans-serif' not found because none of the following families were found: Readex Pro
WARNING:matplotlib.font_manager:findfont: Generic family 'sans-serif' not found because none of the following families were found: Readex Pro
WARNING:matplotlib.font_manager:findfont: Generic family 'sans-serif' not found because none of the following families were found: Readex Pro
WARNING:matplotlib.font_manager:findfont: Generic family 'sans-serif' not found because none of the following families were found: Readex Pro
WARNING:matplotlib.font_manager:findfont: Generic family 'sans-serif' not found because none of the following families were found: Readex Pro
WARNING:matplotlib.font_manager:findfont: Generic family 'sans-serif' not found because none of the following families were found: Readex Pro
WARNING:matplotlib.font_manager:findfont: Generic family 'sans-serif' not found because none of the following families were found: Readex Pro
WARNING:matplotlib.font_manager:findfont: Generic family 'sans-serif' not found because none of the following families were found: Readex Pro
WARNING:matplotlib.font_manager:findfont: Generic family 'sans-serif' not found because none of the following families were found: Readex Pro
WARNING:matplotlib.font_manager:findfont: Generic family 'sans-serif' not found because none of the following families were found: Readex Pro
WARNING:matplotlib.font_manager:findfont: Generic family 'sans-serif' not found because none of the following families were found: Readex Pro
WARNING:matplotlib.font_manager:findfont: Generic family 'sans-serif' not found because none of the following families were found: Readex Pro
WARNING:matplotlib.font_manager:findfont: Generic family 'sans-serif' not found because none of the following families were found: Readex Pro
WARNING:matplotlib.font_manager:findfont: Generic family 'sans-serif' not found because none of the following families were found: Readex Pro
WARNING:matplotlib.font_manager:findfont: Generic family 'sans-serif' not found because none of the following families were found: Readex Pro
WARNING:matplotlib.font_manager:findfont: Generic family 'sans-serif' not found because none of the following families were found: Readex Pro
WARNING:matplotlib.font_manager:findfont: Generic family 'sans-serif' not found because none of the following families were found: Readex Pro
WARNING:matplotlib.font_manager:findfont: Generic family 'sans-serif' not found because none of the following families were found: Readex Pro
WARNING:matplotlib.font_manager:findfont: Generic family 'sans-serif' not found because none of the following families were found: Readex Pro
WARNING:matplotlib.font_manager:findfont: Generic family 'sans-serif' not found because none of the following families were found: Readex Pro
WARNING:matplotlib.font_manager:findfont: Generic family 'sans-serif' not found because none of the following families were found: Readex Pro
WARNING:matplotlib.font_manager:findfont: Generic family 'sans-serif' not found because none of the following families were found: Readex Pro
WARNING:matplotlib.font_manager:findfont: Generic family 'sans-serif' not found because none of the following families were found: Readex Pro
WARNING:matplotlib.font_manager:findfont: Generic family 'sans-serif' not found because none of the following families were found: Readex Pro
WARNING:matplotlib.font_manager:findfont: Generic family 'sans-serif' not found because none of the following families were found: Readex Pro
WARNING:matplotlib.font_manager:findfont: Generic family 'sans-serif' not found because none of the following families were found: Readex Pro
WARNING:matplotlib.font_manager:findfont: Generic family 'sans-serif' not found because none of the following families were found: Readex Pro
WARNING:matplotlib.font_manager:findfont: Generic family 'sans-serif' not found because none of the following families were found: Readex Pro
WARNING:matplotlib.font_manager:findfont: Generic family 'sans-serif' not found because none of the following families were found: Readex Pro
WARNING:matplotlib.font_manager:findfont: Generic family 'sans-serif' not found because none of the following families were found: Readex Pro
WARNING:matplotlib.font_manager:findfont: Generic family 'sans-serif' not found because none of the following families were found: Readex Pro
WARNING:matplotlib.font_manager:findfont: Generic family 'sans-serif' not found because none of the following families were found: Readex Pro
WARNING:matplotlib.font_manager:findfont: Generic family 'sans-serif' not found because none of the following families were found: Readex Pro
WARNING:matplotlib.font_manager:findfont: Generic family 'sans-serif' not found because none of the following families were found: Readex Pro
WARNING:matplotlib.font_manager:findfont: Generic family 'sans-serif' not found because none of the following families were found: Readex Pro
WARNING:matplotlib.font_manager:findfont: Generic family 'sans-serif' not found because none of the following families were found: Readex Pro
WARNING:matplotlib.font_manager:findfont: Generic family 'sans-serif' not found because none of the following families were found: Readex Pro
WARNING:matplotlib.font_manager:findfont: Generic family 'sans-serif' not found because none of the following families were found: Readex Pro
WARNING:matplotlib.font_manager:findfont: Generic family 'sans-serif' not found because none of the following families were found: Readex Pro
WARNING:matplotlib.font_manager:findfont: Generic family 'sans-serif' not found because none of the following families were found: Readex Pro
WARNING:matplotlib.font_manager:findfont: Generic family 'sans-serif' not found because none of the following families were found: Readex Pro
WARNING:matplotlib.font_manager:findfont: Generic family 'sans-serif' not found because none of the following families were found: Readex Pro
WARNING:matplotlib.font_manager:findfont: Generic family 'sans-serif' not found because none of the following families were found: Readex Pro
WARNING:matplotlib.font_manager:findfont: Generic family 'sans-serif' not found because none of the following families were found: Readex Pro
WARNING:matplotlib.font_manager:findfont: Generic family 'sans-serif' not found because none of the following families were found: Readex Pro
WARNING:matplotlib.font_manager:findfont: Generic family 'sans-serif' not found because none of the following families were found: Readex Pro
WARNING:matplotlib.font_manager:findfont: Generic family 'sans-serif' not found because none of the following families were found: Readex Pro
WARNING:matplotlib.font_manager:findfont: Generic family 'sans-serif' not found because none of the following families were found: Readex Pro
WARNING:matplotlib.font_manager:findfont: Generic family 'sans-serif' not found because none of the following families were found: Readex Pro
WARNING:matplotlib.font_manager:findfont: Generic family 'sans-serif' not found because none of the following families were found: Readex Pro
WARNING:matplotlib.font_manager:findfont: Generic family 'sans-serif' not found because none of the following families were found: Readex Pro
WARNING:matplotlib.font_manager:findfont: Generic family 'sans-serif' not found because none of the following families were found: Readex Pro
WARNING:matplotlib.font_manager:findfont: Generic family 'sans-serif' not found because none of the following families were found: Readex Pro
WARNING:matplotlib.font_manager:findfont: Generic family 'sans-serif' not found because none of the following families were found: Readex Pro
WARNING:matplotlib.font_manager:findfont: Generic family 'sans-serif' not found because none of the following families were found: Readex Pro
WARNING:matplotlib.font_manager:findfont: Generic family 'sans-serif' not found because none of the following families were found: Readex Pro
WARNING:matplotlib.font_manager:findfont: Generic family 'sans-serif' not found because none of the following families were found: Readex Pro
WARNING:matplotlib.font_manager:findfont: Generic family 'sans-serif' not found because none of the following families were found: Readex Pro
WARNING:matplotlib.font_manager:findfont: Generic family 'sans-serif' not found because none of the following families were found: Readex Pro
WARNING:matplotlib.font_manager:findfont: Generic family 'sans-serif' not found because none of the following families were found: Readex Pro
WARNING:matplotlib.font_manager:findfont: Generic family 'sans-serif' not found because none of the following families were found: Readex Pro
WARNING:matplotlib.font_manager:findfont: Generic family 'sans-serif' not found because none of the following families were found: Readex Pro
WARNING:matplotlib.font_manager:findfont: Generic family 'sans-serif' not found because none of the following families were found: Readex Pro
WARNING:matplotlib.font_manager:findfont: Generic family 'sans-serif' not found because none of the following families were found: Readex Pro
WARNING:matplotlib.font_manager:findfont: Generic family 'sans-serif' not found because none of the following families were found: Readex Pro
WARNING:matplotlib.font_manager:findfont: Generic family 'sans-serif' not found because none of the following families were found: Readex Pro
WARNING:matplotlib.font_manager:findfont: Generic family 'sans-serif' not found because none of the following families were found: Readex Pro
WARNING:matplotlib.font_manager:findfont: Generic family 'sans-serif' not found because none of the following families were found: Readex Pro
WARNING:matplotlib.font_manager:findfont: Generic family 'sans-serif' not found because none of the following families were found: Readex Pro
WARNING:matplotlib.font_manager:findfont: Generic family 'sans-serif' not found because none of the following families were found: Readex Pro
WARNING:matplotlib.font_manager:findfont: Generic family 'sans-serif' not found because none of the following families were found: Readex Pro
WARNING:matplotlib.font_manager:findfont: Generic family 'sans-serif' not found because none of the following families were found: Readex Pro
WARNING:matplotlib.font_manager:findfont: Generic family 'sans-serif' not found because none of the following families were found: Readex Pro
WARNING:matplotlib.font_manager:findfont: Generic family 'sans-serif' not found because none of the following families were found: Readex Pro
WARNING:matplotlib.font_manager:findfont: Generic family 'sans-serif' not found because none of the following families were found: Readex Pro
WARNING:matplotlib.font_manager:findfont: Generic family 'sans-serif' not found because none of the following families were found: Readex Pro
WARNING:matplotlib.font_manager:findfont: Generic family 'sans-serif' not found because none of the following families were found: Readex Pro
WARNING:matplotlib.font_manager:findfont: Generic family 'sans-serif' not found because none of the following families were found: Readex Pro
WARNING:matplotlib.font_manager:findfont: Generic family 'sans-serif' not found because none of the following families were found: Readex Pro
WARNING:matplotlib.font_manager:findfont: Generic family 'sans-serif' not found because none of the following families were found: Readex Pro
WARNING:matplotlib.font_manager:findfont: Generic family 'sans-serif' not found because none of the following families were found: Readex Pro
WARNING:matplotlib.font_manager:findfont: Generic family 'sans-serif' not found because none of the following families were found: Readex Pro
WARNING:matplotlib.font_manager:findfont: Generic family 'sans-serif' not found because none of the following families were found: Readex Pro
WARNING:matplotlib.font_manager:findfont: Generic family 'sans-serif' not found because none of the following families were found: Readex Pro
WARNING:matplotlib.font_manager:findfont: Generic family 'sans-serif' not found because none of the following families were found: Readex Pro
WARNING:matplotlib.font_manager:findfont: Generic family 'sans-serif' not found because none of the following families were found: Readex Pro
WARNING:matplotlib.font_manager:findfont: Generic family 'sans-serif' not found because none of the following families were found: Readex Pro
WARNING:matplotlib.font_manager:findfont: Generic family 'sans-serif' not found because none of the following families were found: Readex Pro
WARNING:matplotlib.font_manager:findfont: Generic family 'sans-serif' not found because none of the following families were found: Readex Pro
WARNING:matplotlib.font_manager:findfont: Generic family 'sans-serif' not found because none of the following families were found: Readex Pro
WARNING:matplotlib.font_manager:findfont: Generic family 'sans-serif' not found because none of the following families were found: Readex Pro
WARNING:matplotlib.font_manager:findfont: Generic family 'sans-serif' not found because none of the following families were found: Readex Pro
WARNING:matplotlib.font_manager:findfont: Generic family 'sans-serif' not found because none of the following families were found: Readex Pro
WARNING:matplotlib.font_manager:findfont: Generic family 'sans-serif' not found because none of the following families were found: Readex Pro
WARNING:matplotlib.font_manager:findfont: Generic family 'sans-serif' not found because none of the following families were found: Readex Pro
WARNING:matplotlib.font_manager:findfont: Generic family 'sans-serif' not found because none of the following families were found: Readex Pro
WARNING:matplotlib.font_manager:findfont: Generic family 'sans-serif' not found because none of the following families were found: Readex Pro
WARNING:matplotlib.font_manager:findfont: Generic family 'sans-serif' not found because none of the following families were found: Readex Pro
WARNING:matplotlib.font_manager:findfont: Generic family 'sans-serif' not found because none of the following families were found: Readex Pro
WARNING:matplotlib.font_manager:findfont: Generic family 'sans-serif' not found because none of the following families were found: Readex Pro
WARNING:matplotlib.font_manager:findfont: Generic family 'sans-serif' not found because none of the following families were found: Readex Pro
WARNING:matplotlib.font_manager:findfont: Generic family 'sans-serif' not found because none of the following families were found: Readex Pro
WARNING:matplotlib.font_manager:findfont: Generic family 'sans-serif' not found because none of the following families were found: Readex Pro
WARNING:matplotlib.font_manager:findfont: Generic family 'sans-serif' not found because none of the following families were found: Readex Pro
WARNING:matplotlib.font_manager:findfont: Generic family 'sans-serif' not found because none of the following families were found: Readex Pro
WARNING:matplotlib.font_manager:findfont: Generic family 'sans-serif' not found because none of the following families were found: Readex Pro
WARNING:matplotlib.font_manager:findfont: Generic family 'sans-serif' not found because none of the following families were found: Readex Pro
WARNING:matplotlib.font_manager:findfont: Generic family 'sans-serif' not found because none of the following families were found: Readex Pro
WARNING:matplotlib.font_manager:findfont: Generic family 'sans-serif' not found because none of the following families were found: Readex Pro
WARNING:matplotlib.font_manager:findfont: Generic family 'sans-serif' not found because none of the following families were found: Readex Pro
WARNING:matplotlib.font_manager:findfont: Generic family 'sans-serif' not found because none of the following families were found: Readex Pro
WARNING:matplotlib.font_manager:findfont: Generic family 'sans-serif' not found because none of the following families were found: Readex Pro
WARNING:matplotlib.font_manager:findfont: Generic family 'sans-serif' not found because none of the following families were found: Readex Pro
WARNING:matplotlib.font_manager:findfont: Generic family 'sans-serif' not found because none of the following families were found: Readex Pro
WARNING:matplotlib.font_manager:findfont: Generic family 'sans-serif' not found because none of the following families were found: Readex Pro
WARNING:matplotlib.font_manager:findfont: Generic family 'sans-serif' not found because none of the following families were found: Readex Pro
WARNING:matplotlib.font_manager:findfont: Generic family 'sans-serif' not found because none of the following families were found: Readex Pro
WARNING:matplotlib.font_manager:findfont: Generic family 'sans-serif' not found because none of the following families were found: Readex Pro
WARNING:matplotlib.font_manager:findfont: Generic family 'sans-serif' not found because none of the following families were found: Readex Pro
WARNING:matplotlib.font_manager:findfont: Generic family 'sans-serif' not found because none of the following families were found: Readex Pro
WARNING:matplotlib.font_manager:findfont: Generic family 'sans-serif' not found because none of the following families were found: Readex Pro
WARNING:matplotlib.font_manager:findfont: Generic family 'sans-serif' not found because none of the following families were found: Readex Pro
WARNING:matplotlib.font_manager:findfont: Generic family 'sans-serif' not found because none of the following families were found: Readex Pro
WARNING:matplotlib.font_manager:findfont: Generic family 'sans-serif' not found because none of the following families were found: Readex Pro
WARNING:matplotlib.font_manager:findfont: Generic family 'sans-serif' not found because none of the following families were found: Readex Pro
WARNING:matplotlib.font_manager:findfont: Generic family 'sans-serif' not found because none of the following families were found: Readex Pro
WARNING:matplotlib.font_manager:findfont: Generic family 'sans-serif' not found because none of the following families were found: Readex Pro
WARNING:matplotlib.font_manager:findfont: Generic family 'sans-serif' not found because none of the following families were found: Readex Pro
WARNING:matplotlib.font_manager:findfont: Generic family 'sans-serif' not found because none of the following families were found: Readex Pro
WARNING:matplotlib.font_manager:findfont: Generic family 'sans-serif' not found because none of the following families were found: Readex Pro
[0m
[32mSaving model evaluation...[0m
[32mGenerating training graphs...[0m
[33mTotal time: 01:54:08[0m
[35mEverything done![0m
