2023-03-03 16:31:43.390174: I tensorflow/core/platform/cpu_feature_guard.cc:193] This TensorFlow binary is optimized with oneAPI Deep Neural Network Library (oneDNN) to use the following CPU instructions in performance-critical operations:  AVX2 FMA
To enable them in other operations, rebuild TensorFlow with the appropriate compiler flags.
2023-03-03 16:31:49.245874: W tensorflow/compiler/xla/stream_executor/platform/default/dso_loader.cc:64] Could not load dynamic library 'libnvinfer.so.7'; dlerror: libnvinfer.so.7: cannot open shared object file: No such file or directory
2023-03-03 16:31:49.246195: W tensorflow/compiler/xla/stream_executor/platform/default/dso_loader.cc:64] Could not load dynamic library 'libnvinfer_plugin.so.7'; dlerror: libnvinfer_plugin.so.7: cannot open shared object file: No such file or directory
2023-03-03 16:31:49.246212: W tensorflow/compiler/tf2tensorrt/utils/py_utils.cc:38] TF-TRT Warning: Cannot dlopen some TensorRT libraries. If you would like to use Nvidia GPU with TensorRT, please make sure the missing libraries mentioned above are installed properly.
Matplotlib created a temporary config/cache directory at /tmp/matplotlib-9w_q26e8 because the default path (/home/cristec/.config/matplotlib) is not a writable directory; it is highly recommended to set the MPLCONFIGDIR environment variable to a writable directory, in particular to speed up the import of Matplotlib and to better support multiprocessing.
2023-03-03 16:31:58.389725: I tensorflow/core/platform/cpu_feature_guard.cc:193] This TensorFlow binary is optimized with oneAPI Deep Neural Network Library (oneDNN) to use the following CPU instructions in performance-critical operations:  AVX2 FMA
To enable them in other operations, rebuild TensorFlow with the appropriate compiler flags.
2023-03-03 16:32:01.410506: I tensorflow/core/common_runtime/gpu/gpu_device.cc:1613] Created device /job:localhost/replica:0/task:0/device:GPU:0 with 7415 MB memory:  -> device: 0, name: Quadro M4000, pci bus id: 0000:03:00.0, compute capability: 5.2
2023-03-03 16:32:01.414983: I tensorflow/core/common_runtime/gpu/gpu_device.cc:1613] Created device /job:localhost/replica:0/task:0/device:GPU:1 with 7425 MB memory:  -> device: 1, name: Quadro M4000, pci bus id: 0000:04:00.0, compute capability: 5.2
WARNING:tensorflow:From /shared_storage/cristec/conda/envs/ML/lib/python3.10/site-packages/tensorflow/python/autograph/pyct/static_analysis/liveness.py:83: Analyzer.lamba_check (from tensorflow.python.autograph.pyct.static_analysis.liveness) is deprecated and will be removed after 2023-09-23.
Instructions for updating:
Lambda fuctions will be no more assumed to be used in the statement where they are used, or at least in the same block. https://github.com/tensorflow/tensorflow/issues/56089
[35mStarting script...[0m
[32mLoading train dataset information...[0m
[32mLoading validation dataset information...[0m
[32mLoading test dataset information...[0m
[32mCreating model...[0m
[32mTraining model...[0m
[36m
Epoch 1/5000
2023-03-03 16:32:31.402159: E tensorflow/core/grappler/optimizers/meta_optimizer.cc:954] layout failed: INVALID_ARGUMENT: Size of values 0 does not match size of permutation 4 @ fanin shape inUNet/unet_down_0/u_net2d_convolution_block/dropout/dropout/SelectV2-2-TransposeNHWCToNCHW-LayoutOptimizer
2023-03-03 16:32:36.671998: I tensorflow/compiler/xla/stream_executor/cuda/cuda_dnn.cc:428] Loaded cuDNN version 8101
2023-03-03 16:32:36.905491: I tensorflow/compiler/xla/stream_executor/cuda/cuda_dnn.cc:428] Loaded cuDNN version 8101
2023-03-03 16:32:37.787113: I tensorflow/tsl/platform/default/subprocess.cc:304] Start cannot spawn child process: No such file or directory
2023-03-03 16:32:42.208028: I tensorflow/compiler/xla/service/service.cc:173] XLA service 0x55c19b68c280 initialized for platform CUDA (this does not guarantee that XLA will be used). Devices:
2023-03-03 16:32:42.208069: I tensorflow/compiler/xla/service/service.cc:181]   StreamExecutor device (0): Quadro M4000, Compute Capability 5.2
2023-03-03 16:32:42.208077: I tensorflow/compiler/xla/service/service.cc:181]   StreamExecutor device (1): Quadro M4000, Compute Capability 5.2
2023-03-03 16:32:42.293613: I tensorflow/compiler/mlir/tensorflow/utils/dump_mlir_util.cc:268] disabling MLIR crash reproducer, set env var `MLIR_CRASH_REPRODUCER_DIRECTORY` to enable.
2023-03-03 16:32:42.886731: I tensorflow/tsl/platform/default/subprocess.cc:304] Start cannot spawn child process: No such file or directory
2023-03-03 16:32:43.047926: I tensorflow/compiler/jit/xla_compilation_cache.cc:477] Compiled cluster using XLA!  This line is logged at most once for the lifetime of the process.

Epoch 1: val_loss improved from inf to 0.09348, saving model to models/model_coco_mae_5-10
WARNING:absl:Found untraced functions such as _jit_compiled_convolution_op, conv2d_layer_call_fn, conv2d_layer_call_and_return_conditional_losses, _jit_compiled_convolution_op, leaky_re_lu_layer_call_fn while saving (showing 5 of 241). These functions will not be directly callable after loading.
1250/1250 - 1690s - loss: 0.0801 - psnr: 19.7575 - ssim: 0.4235 - val_loss: 0.0935 - val_psnr: 17.5706 - val_ssim: 0.5522 - lr: 0.0100 - 1690s/epoch - 1s/step
Epoch 2/5000

Epoch 2: val_loss improved from 0.09348 to 0.05624, saving model to models/model_coco_mae_5-10
WARNING:absl:Found untraced functions such as _jit_compiled_convolution_op, conv2d_layer_call_fn, conv2d_layer_call_and_return_conditional_losses, _jit_compiled_convolution_op, leaky_re_lu_layer_call_fn while saving (showing 5 of 241). These functions will not be directly callable after loading.
1250/1250 - 345s - loss: 0.0650 - psnr: 21.2444 - ssim: 0.4938 - val_loss: 0.0562 - val_psnr: 21.8537 - val_ssim: 0.6551 - lr: 0.0100 - 345s/epoch - 276ms/step
Epoch 3/5000

Epoch 3: val_loss improved from 0.05624 to 0.05494, saving model to models/model_coco_mae_5-10
WARNING:absl:Found untraced functions such as _jit_compiled_convolution_op, conv2d_layer_call_fn, conv2d_layer_call_and_return_conditional_losses, _jit_compiled_convolution_op, leaky_re_lu_layer_call_fn while saving (showing 5 of 241). These functions will not be directly callable after loading.
1250/1250 - 344s - loss: 0.0606 - psnr: 21.7349 - ssim: 0.5139 - val_loss: 0.0549 - val_psnr: 22.7512 - val_ssim: 0.6675 - lr: 0.0100 - 344s/epoch - 275ms/step
Epoch 4/5000

Epoch 4: val_loss improved from 0.05494 to 0.05261, saving model to models/model_coco_mae_5-10
WARNING:absl:Found untraced functions such as _jit_compiled_convolution_op, conv2d_layer_call_fn, conv2d_layer_call_and_return_conditional_losses, _jit_compiled_convolution_op, leaky_re_lu_layer_call_fn while saving (showing 5 of 241). These functions will not be directly callable after loading.
1250/1250 - 347s - loss: 0.0583 - psnr: 21.9856 - ssim: 0.5231 - val_loss: 0.0526 - val_psnr: 23.0290 - val_ssim: 0.6773 - lr: 0.0100 - 347s/epoch - 278ms/step
Epoch 5/5000

Epoch 5: val_loss did not improve from 0.05261
1250/1250 - 323s - loss: 0.0571 - psnr: 22.1217 - ssim: 0.5297 - val_loss: 0.0546 - val_psnr: 22.9132 - val_ssim: 0.6678 - lr: 0.0100 - 323s/epoch - 259ms/step
Epoch 6/5000

Epoch 6: val_loss improved from 0.05261 to 0.04534, saving model to models/model_coco_mae_5-10
WARNING:absl:Found untraced functions such as _jit_compiled_convolution_op, conv2d_layer_call_fn, conv2d_layer_call_and_return_conditional_losses, _jit_compiled_convolution_op, leaky_re_lu_layer_call_fn while saving (showing 5 of 241). These functions will not be directly callable after loading.
1250/1250 - 347s - loss: 0.0565 - psnr: 22.1933 - ssim: 0.5339 - val_loss: 0.0453 - val_psnr: 24.3044 - val_ssim: 0.7020 - lr: 0.0100 - 347s/epoch - 277ms/step
Epoch 7/5000

Epoch 7: val_loss did not improve from 0.04534
1250/1250 - 324s - loss: 0.0557 - psnr: 22.2822 - ssim: 0.5377 - val_loss: 0.0499 - val_psnr: 23.8373 - val_ssim: 0.7003 - lr: 0.0100 - 324s/epoch - 259ms/step
Epoch 8/5000

Epoch 8: val_loss did not improve from 0.04534
1250/1250 - 323s - loss: 0.0550 - psnr: 22.4025 - ssim: 0.5421 - val_loss: 0.0511 - val_psnr: 23.3961 - val_ssim: 0.6929 - lr: 0.0100 - 323s/epoch - 258ms/step
Epoch 9/5000

Epoch 9: val_loss improved from 0.04534 to 0.04473, saving model to models/model_coco_mae_5-10
WARNING:absl:Found untraced functions such as _jit_compiled_convolution_op, conv2d_layer_call_fn, conv2d_layer_call_and_return_conditional_losses, _jit_compiled_convolution_op, leaky_re_lu_layer_call_fn while saving (showing 5 of 241). These functions will not be directly callable after loading.
1250/1250 - 344s - loss: 0.0550 - psnr: 22.4475 - ssim: 0.5429 - val_loss: 0.0447 - val_psnr: 24.3597 - val_ssim: 0.7080 - lr: 0.0100 - 344s/epoch - 276ms/step
Epoch 10/5000

Epoch 10: val_loss did not improve from 0.04473
1250/1250 - 324s - loss: 0.0542 - psnr: 22.5491 - ssim: 0.5462 - val_loss: 0.0451 - val_psnr: 24.5077 - val_ssim: 0.7218 - lr: 0.0100 - 324s/epoch - 259ms/step
Epoch 11/5000

Epoch 11: val_loss did not improve from 0.04473
1250/1250 - 323s - loss: 0.0535 - psnr: 22.6569 - ssim: 0.5504 - val_loss: 0.0461 - val_psnr: 23.9949 - val_ssim: 0.7154 - lr: 0.0100 - 323s/epoch - 258ms/step
Epoch 12/5000

Epoch 12: val_loss did not improve from 0.04473
1250/1250 - 323s - loss: 0.0536 - psnr: 22.6702 - ssim: 0.5501 - val_loss: 0.0469 - val_psnr: 24.0075 - val_ssim: 0.7166 - lr: 0.0100 - 323s/epoch - 258ms/step
Epoch 13/5000

Epoch 13: val_loss did not improve from 0.04473
1250/1250 - 322s - loss: 0.0530 - psnr: 22.7772 - ssim: 0.5516 - val_loss: 0.0598 - val_psnr: 22.3619 - val_ssim: 0.6941 - lr: 0.0100 - 322s/epoch - 258ms/step
Epoch 14/5000

Epoch 14: val_loss did not improve from 0.04473
1250/1250 - 322s - loss: 0.0523 - psnr: 22.8915 - ssim: 0.5564 - val_loss: 0.0457 - val_psnr: 24.3983 - val_ssim: 0.7220 - lr: 0.0100 - 322s/epoch - 258ms/step
Epoch 15/5000

Epoch 15: val_loss did not improve from 0.04473
1250/1250 - 322s - loss: 0.0519 - psnr: 22.9590 - ssim: 0.5606 - val_loss: 0.0458 - val_psnr: 24.6198 - val_ssim: 0.7296 - lr: 0.0100 - 322s/epoch - 258ms/step
Epoch 16/5000

Epoch 16: val_loss did not improve from 0.04473
1250/1250 - 322s - loss: 0.0515 - psnr: 23.0249 - ssim: 0.5628 - val_loss: 0.0535 - val_psnr: 23.3581 - val_ssim: 0.7048 - lr: 0.0100 - 322s/epoch - 257ms/step
Epoch 17/5000

Epoch 17: val_loss did not improve from 0.04473
1250/1250 - 322s - loss: 0.0513 - psnr: 23.0791 - ssim: 0.5639 - val_loss: 0.0482 - val_psnr: 24.1395 - val_ssim: 0.7241 - lr: 0.0100 - 322s/epoch - 258ms/step
Epoch 18/5000

Epoch 18: val_loss improved from 0.04473 to 0.04449, saving model to models/model_coco_mae_5-10
WARNING:absl:Found untraced functions such as _jit_compiled_convolution_op, conv2d_layer_call_fn, conv2d_layer_call_and_return_conditional_losses, _jit_compiled_convolution_op, leaky_re_lu_layer_call_fn while saving (showing 5 of 241). These functions will not be directly callable after loading.
1250/1250 - 343s - loss: 0.0508 - psnr: 23.1547 - ssim: 0.5684 - val_loss: 0.0445 - val_psnr: 24.7524 - val_ssim: 0.7354 - lr: 0.0100 - 343s/epoch - 274ms/step
Epoch 19/5000

Epoch 19: val_loss did not improve from 0.04449
1250/1250 - 324s - loss: 0.0507 - psnr: 23.2054 - ssim: 0.5716 - val_loss: 0.0470 - val_psnr: 24.3484 - val_ssim: 0.7321 - lr: 0.0100 - 324s/epoch - 259ms/step
Epoch 20/5000

Epoch 20: val_loss improved from 0.04449 to 0.04386, saving model to models/model_coco_mae_5-10
WARNING:absl:Found untraced functions such as _jit_compiled_convolution_op, conv2d_layer_call_fn, conv2d_layer_call_and_return_conditional_losses, _jit_compiled_convolution_op, leaky_re_lu_layer_call_fn while saving (showing 5 of 241). These functions will not be directly callable after loading.
1250/1250 - 347s - loss: 0.0504 - psnr: 23.2242 - ssim: 0.5742 - val_loss: 0.0439 - val_psnr: 24.9469 - val_ssim: 0.7467 - lr: 0.0100 - 347s/epoch - 277ms/step
Epoch 21/5000

Epoch 21: val_loss did not improve from 0.04386
1250/1250 - 327s - loss: 0.0499 - psnr: 23.2809 - ssim: 0.5781 - val_loss: 0.0459 - val_psnr: 24.6255 - val_ssim: 0.7425 - lr: 0.0100 - 327s/epoch - 261ms/step
Epoch 22/5000

Epoch 22: val_loss did not improve from 0.04386
1250/1250 - 323s - loss: 0.0510 - psnr: 23.0879 - ssim: 0.5710 - val_loss: 0.0449 - val_psnr: 24.9281 - val_ssim: 0.7472 - lr: 0.0100 - 323s/epoch - 258ms/step
Epoch 23/5000

Epoch 23: val_loss did not improve from 0.04386
1250/1250 - 323s - loss: 0.0496 - psnr: 23.3646 - ssim: 0.5811 - val_loss: 0.0455 - val_psnr: 24.7920 - val_ssim: 0.7529 - lr: 0.0100 - 323s/epoch - 258ms/step
Epoch 24/5000

Epoch 24: val_loss improved from 0.04386 to 0.04304, saving model to models/model_coco_mae_5-10
WARNING:absl:Found untraced functions such as _jit_compiled_convolution_op, conv2d_layer_call_fn, conv2d_layer_call_and_return_conditional_losses, _jit_compiled_convolution_op, leaky_re_lu_layer_call_fn while saving (showing 5 of 241). These functions will not be directly callable after loading.
1250/1250 - 344s - loss: 0.0491 - psnr: 23.4609 - ssim: 0.5860 - val_loss: 0.0430 - val_psnr: 25.1089 - val_ssim: 0.7625 - lr: 0.0100 - 344s/epoch - 275ms/step
Epoch 25/5000

Epoch 25: val_loss did not improve from 0.04304
1250/1250 - 324s - loss: 0.0488 - psnr: 23.5125 - ssim: 0.5899 - val_loss: 0.0503 - val_psnr: 23.9507 - val_ssim: 0.7553 - lr: 0.0100 - 324s/epoch - 259ms/step
Epoch 26/5000

Epoch 26: val_loss did not improve from 0.04304
1250/1250 - 323s - loss: 0.0487 - psnr: 23.5239 - ssim: 0.5926 - val_loss: 0.0440 - val_psnr: 25.0602 - val_ssim: 0.7688 - lr: 0.0100 - 323s/epoch - 258ms/step
Epoch 27/5000

Epoch 27: val_loss improved from 0.04304 to 0.04024, saving model to models/model_coco_mae_5-10
WARNING:absl:Found untraced functions such as _jit_compiled_convolution_op, conv2d_layer_call_fn, conv2d_layer_call_and_return_conditional_losses, _jit_compiled_convolution_op, leaky_re_lu_layer_call_fn while saving (showing 5 of 241). These functions will not be directly callable after loading.
1250/1250 - 345s - loss: 0.0482 - psnr: 23.5043 - ssim: 0.5962 - val_loss: 0.0402 - val_psnr: 25.7536 - val_ssim: 0.7798 - lr: 0.0100 - 345s/epoch - 276ms/step
Epoch 28/5000

Epoch 28: val_loss improved from 0.04024 to 0.03793, saving model to models/model_coco_mae_5-10
WARNING:absl:Found untraced functions such as _jit_compiled_convolution_op, conv2d_layer_call_fn, conv2d_layer_call_and_return_conditional_losses, _jit_compiled_convolution_op, leaky_re_lu_layer_call_fn while saving (showing 5 of 241). These functions will not be directly callable after loading.
1250/1250 - 344s - loss: 0.0479 - psnr: 23.5567 - ssim: 0.5997 - val_loss: 0.0379 - val_psnr: 26.1348 - val_ssim: 0.7862 - lr: 0.0100 - 344s/epoch - 275ms/step
Epoch 29/5000

Epoch 29: val_loss did not improve from 0.03793
1250/1250 - 323s - loss: 0.0475 - psnr: 23.6433 - ssim: 0.6029 - val_loss: 0.0430 - val_psnr: 25.3919 - val_ssim: 0.7826 - lr: 0.0100 - 323s/epoch - 258ms/step
Epoch 30/5000

Epoch 30: val_loss improved from 0.03793 to 0.03708, saving model to models/model_coco_mae_5-10
WARNING:absl:Found untraced functions such as _jit_compiled_convolution_op, conv2d_layer_call_fn, conv2d_layer_call_and_return_conditional_losses, _jit_compiled_convolution_op, leaky_re_lu_layer_call_fn while saving (showing 5 of 241). These functions will not be directly callable after loading.
1250/1250 - 345s - loss: 0.0472 - psnr: 23.7155 - ssim: 0.6058 - val_loss: 0.0371 - val_psnr: 26.3886 - val_ssim: 0.7952 - lr: 0.0100 - 345s/epoch - 276ms/step
Epoch 31/5000

Epoch 31: val_loss did not improve from 0.03708
1250/1250 - 324s - loss: 0.0470 - psnr: 23.7489 - ssim: 0.6082 - val_loss: 0.0418 - val_psnr: 25.6286 - val_ssim: 0.7870 - lr: 0.0100 - 324s/epoch - 259ms/step
Epoch 32/5000

Epoch 32: val_loss did not improve from 0.03708
1250/1250 - 323s - loss: 0.0468 - psnr: 23.7714 - ssim: 0.6102 - val_loss: 0.0375 - val_psnr: 26.3934 - val_ssim: 0.7984 - lr: 0.0100 - 323s/epoch - 259ms/step
Epoch 33/5000

Epoch 33: val_loss did not improve from 0.03708
1250/1250 - 326s - loss: 0.0467 - psnr: 23.7718 - ssim: 0.6121 - val_loss: 0.0406 - val_psnr: 25.8356 - val_ssim: 0.7956 - lr: 0.0100 - 326s/epoch - 261ms/step
Epoch 34/5000

Epoch 34: val_loss improved from 0.03708 to 0.03669, saving model to models/model_coco_mae_5-10
WARNING:absl:Found untraced functions such as _jit_compiled_convolution_op, conv2d_layer_call_fn, conv2d_layer_call_and_return_conditional_losses, _jit_compiled_convolution_op, leaky_re_lu_layer_call_fn while saving (showing 5 of 241). These functions will not be directly callable after loading.
1250/1250 - 344s - loss: 0.0465 - psnr: 23.8283 - ssim: 0.6140 - val_loss: 0.0367 - val_psnr: 26.4725 - val_ssim: 0.8008 - lr: 0.0100 - 344s/epoch - 275ms/step
Epoch 35/5000

Epoch 35: val_loss did not improve from 0.03669
1250/1250 - 326s - loss: 0.0464 - psnr: 23.8375 - ssim: 0.6154 - val_loss: 0.0379 - val_psnr: 26.2821 - val_ssim: 0.8014 - lr: 0.0100 - 326s/epoch - 261ms/step
Epoch 36/5000

Epoch 36: val_loss did not improve from 0.03669
1250/1250 - 323s - loss: 0.0461 - psnr: 23.8894 - ssim: 0.6174 - val_loss: 0.0373 - val_psnr: 26.4121 - val_ssim: 0.8077 - lr: 0.0100 - 323s/epoch - 258ms/step
Epoch 37/5000

Epoch 37: val_loss did not improve from 0.03669
1250/1250 - 324s - loss: 0.0460 - psnr: 23.9224 - ssim: 0.6186 - val_loss: 0.0380 - val_psnr: 25.9960 - val_ssim: 0.8054 - lr: 0.0100 - 324s/epoch - 259ms/step
Epoch 38/5000

Epoch 38: val_loss did not improve from 0.03669
1250/1250 - 326s - loss: 0.0461 - psnr: 23.9502 - ssim: 0.6193 - val_loss: 0.0403 - val_psnr: 25.6221 - val_ssim: 0.8016 - lr: 0.0100 - 326s/epoch - 261ms/step
Epoch 39/5000

Epoch 39: val_loss did not improve from 0.03669
1250/1250 - 326s - loss: 0.0459 - psnr: 23.9487 - ssim: 0.6199 - val_loss: 0.0700 - val_psnr: 20.1637 - val_ssim: 0.7579 - lr: 0.0100 - 326s/epoch - 261ms/step
Epoch 40/5000

Epoch 40: val_loss did not improve from 0.03669
1250/1250 - 324s - loss: 0.0458 - psnr: 23.9704 - ssim: 0.6215 - val_loss: 0.0421 - val_psnr: 25.4946 - val_ssim: 0.8094 - lr: 0.0100 - 324s/epoch - 259ms/step
Epoch 41/5000

Epoch 41: val_loss did not improve from 0.03669
1250/1250 - 323s - loss: 0.0457 - psnr: 23.9322 - ssim: 0.6223 - val_loss: 0.0572 - val_psnr: 21.8265 - val_ssim: 0.7856 - lr: 0.0100 - 323s/epoch - 259ms/step
Epoch 42/5000

Epoch 42: val_loss did not improve from 0.03669
1250/1250 - 323s - loss: 0.0457 - psnr: 23.9741 - ssim: 0.6233 - val_loss: 0.1069 - val_psnr: 15.3588 - val_ssim: 0.7067 - lr: 0.0100 - 323s/epoch - 258ms/step
Epoch 43/5000

Epoch 43: val_loss did not improve from 0.03669
1250/1250 - 324s - loss: 0.0457 - psnr: 23.9872 - ssim: 0.6239 - val_loss: 0.0470 - val_psnr: 24.2236 - val_ssim: 0.7859 - lr: 0.0100 - 324s/epoch - 259ms/step
Epoch 44/5000

Epoch 44: val_loss did not improve from 0.03669
1250/1250 - 324s - loss: 0.0469 - psnr: 23.7806 - ssim: 0.6194 - val_loss: 0.0404 - val_psnr: 25.3601 - val_ssim: 0.7986 - lr: 0.0100 - 324s/epoch - 259ms/step
Epoch 45/5000

Epoch 45: val_loss did not improve from 0.03669
1250/1250 - 323s - loss: 0.0456 - psnr: 23.9733 - ssim: 0.6246 - val_loss: 0.0461 - val_psnr: 24.6948 - val_ssim: 0.8037 - lr: 0.0100 - 323s/epoch - 258ms/step
Epoch 46/5000

Epoch 46: val_loss did not improve from 0.03669
1250/1250 - 323s - loss: 0.0460 - psnr: 23.9343 - ssim: 0.6222 - val_loss: 0.0438 - val_psnr: 25.2863 - val_ssim: 0.8094 - lr: 0.0100 - 323s/epoch - 259ms/step
Epoch 47/5000

Epoch 47: val_loss did not improve from 0.03669
1250/1250 - 323s - loss: 0.0453 - psnr: 24.0779 - ssim: 0.6272 - val_loss: 0.0367 - val_psnr: 26.5071 - val_ssim: 0.8155 - lr: 0.0100 - 323s/epoch - 258ms/step
Epoch 48/5000

Epoch 48: val_loss did not improve from 0.03669
1250/1250 - 323s - loss: 0.0451 - psnr: 24.1062 - ssim: 0.6284 - val_loss: 0.0395 - val_psnr: 26.0580 - val_ssim: 0.8149 - lr: 0.0100 - 323s/epoch - 259ms/step
Epoch 49/5000

Epoch 49: val_loss did not improve from 0.03669
1250/1250 - 324s - loss: 0.0451 - psnr: 24.1033 - ssim: 0.6281 - val_loss: 0.0393 - val_psnr: 26.0679 - val_ssim: 0.8120 - lr: 0.0100 - 324s/epoch - 259ms/step
Epoch 50/5000

Epoch 50: val_loss did not improve from 0.03669
1250/1250 - 324s - loss: 0.0450 - psnr: 24.1059 - ssim: 0.6287 - val_loss: 0.0419 - val_psnr: 25.6793 - val_ssim: 0.8115 - lr: 0.0100 - 324s/epoch - 259ms/step
Epoch 51/5000

Epoch 51: val_loss did not improve from 0.03669
1250/1250 - 323s - loss: 0.0448 - psnr: 24.1478 - ssim: 0.6306 - val_loss: 0.0383 - val_psnr: 26.2424 - val_ssim: 0.8164 - lr: 0.0100 - 323s/epoch - 258ms/step
Epoch 52/5000

Epoch 52: val_loss did not improve from 0.03669
1250/1250 - 327s - loss: 0.0448 - psnr: 24.1825 - ssim: 0.6308 - val_loss: 0.0415 - val_psnr: 25.7243 - val_ssim: 0.8155 - lr: 0.0100 - 327s/epoch - 261ms/step
Epoch 53/5000

Epoch 53: val_loss did not improve from 0.03669
1250/1250 - 324s - loss: 0.0448 - psnr: 24.1646 - ssim: 0.6308 - val_loss: 0.0400 - val_psnr: 25.9746 - val_ssim: 0.8182 - lr: 0.0100 - 324s/epoch - 259ms/step
Epoch 54/5000

Epoch 54: ReduceLROnPlateau reducing learning rate to 0.0019999999552965165.

Epoch 54: val_loss did not improve from 0.03669
1250/1250 - 323s - loss: 0.0448 - psnr: 24.1676 - ssim: 0.6314 - val_loss: 0.0414 - val_psnr: 25.7186 - val_ssim: 0.8186 - lr: 0.0100 - 323s/epoch - 258ms/step
Epoch 55/5000

Epoch 55: val_loss did not improve from 0.03669
1250/1250 - 323s - loss: 0.0437 - psnr: 24.3160 - ssim: 0.6349 - val_loss: 0.0405 - val_psnr: 25.8136 - val_ssim: 0.8232 - lr: 0.0020 - 323s/epoch - 258ms/step
Epoch 56/5000

Epoch 56: val_loss did not improve from 0.03669
1250/1250 - 323s - loss: 0.0437 - psnr: 24.3251 - ssim: 0.6352 - val_loss: 0.0393 - val_psnr: 26.0643 - val_ssim: 0.8273 - lr: 0.0020 - 323s/epoch - 258ms/step
Epoch 57/5000

Epoch 57: val_loss did not improve from 0.03669
1250/1250 - 323s - loss: 0.0436 - psnr: 24.3241 - ssim: 0.6357 - val_loss: 0.0393 - val_psnr: 26.1314 - val_ssim: 0.8256 - lr: 0.0020 - 323s/epoch - 258ms/step
Epoch 58/5000

Epoch 58: val_loss did not improve from 0.03669
1250/1250 - 323s - loss: 0.0436 - psnr: 24.3249 - ssim: 0.6357 - val_loss: 0.0393 - val_psnr: 26.1830 - val_ssim: 0.8234 - lr: 0.0020 - 323s/epoch - 258ms/step
Epoch 59/5000

Epoch 59: val_loss did not improve from 0.03669
1250/1250 - 323s - loss: 0.0436 - psnr: 24.3381 - ssim: 0.6359 - val_loss: 0.0420 - val_psnr: 25.5387 - val_ssim: 0.8170 - lr: 0.0020 - 323s/epoch - 259ms/step
Epoch 60/5000

Epoch 60: val_loss did not improve from 0.03669
1250/1250 - 325s - loss: 0.0435 - psnr: 24.3286 - ssim: 0.6360 - val_loss: 0.0395 - val_psnr: 25.9972 - val_ssim: 0.8207 - lr: 0.0020 - 325s/epoch - 260ms/step
Epoch 61/5000

Epoch 61: val_loss did not improve from 0.03669
1250/1250 - 323s - loss: 0.0435 - psnr: 24.3250 - ssim: 0.6362 - val_loss: 0.0390 - val_psnr: 26.1638 - val_ssim: 0.8264 - lr: 0.0020 - 323s/epoch - 259ms/step
Epoch 62/5000

Epoch 62: val_loss did not improve from 0.03669
1250/1250 - 323s - loss: 0.0436 - psnr: 24.3453 - ssim: 0.6360 - val_loss: 0.0401 - val_psnr: 25.9607 - val_ssim: 0.8240 - lr: 0.0020 - 323s/epoch - 258ms/step
Epoch 63/5000

Epoch 63: val_loss did not improve from 0.03669
1250/1250 - 324s - loss: 0.0435 - psnr: 24.3270 - ssim: 0.6362 - val_loss: 0.0382 - val_psnr: 26.2411 - val_ssim: 0.8232 - lr: 0.0020 - 324s/epoch - 259ms/step
Epoch 64/5000

Epoch 64: val_loss did not improve from 0.03669
1250/1250 - 325s - loss: 0.0436 - psnr: 24.3420 - ssim: 0.6360 - val_loss: 0.0380 - val_psnr: 26.2976 - val_ssim: 0.8268 - lr: 0.0020 - 325s/epoch - 260ms/step
Epoch 65/5000

Epoch 65: val_loss did not improve from 0.03669
1250/1250 - 323s - loss: 0.0435 - psnr: 24.3872 - ssim: 0.6366 - val_loss: 0.0400 - val_psnr: 26.0064 - val_ssim: 0.8249 - lr: 0.0020 - 323s/epoch - 258ms/step
Epoch 66/5000

Epoch 66: val_loss did not improve from 0.03669
1250/1250 - 324s - loss: 0.0434 - psnr: 24.3944 - ssim: 0.6370 - val_loss: 0.0399 - val_psnr: 26.0298 - val_ssim: 0.8245 - lr: 0.0020 - 324s/epoch - 259ms/step
Epoch 67/5000

Epoch 67: val_loss did not improve from 0.03669
1250/1250 - 323s - loss: 0.0434 - psnr: 24.3845 - ssim: 0.6371 - val_loss: 0.0414 - val_psnr: 25.8036 - val_ssim: 0.8227 - lr: 0.0020 - 323s/epoch - 258ms/step
Epoch 68/5000

Epoch 68: val_loss did not improve from 0.03669
1250/1250 - 324s - loss: 0.0434 - psnr: 24.3802 - ssim: 0.6369 - val_loss: 0.0433 - val_psnr: 25.4746 - val_ssim: 0.8235 - lr: 0.0020 - 324s/epoch - 259ms/step
Epoch 69/5000

Epoch 69: val_loss did not improve from 0.03669
1250/1250 - 323s - loss: 0.0435 - psnr: 24.3852 - ssim: 0.6368 - val_loss: 0.0404 - val_psnr: 25.9675 - val_ssim: 0.8248 - lr: 0.0020 - 323s/epoch - 259ms/step
Epoch 70/5000

Epoch 70: val_loss did not improve from 0.03669
1250/1250 - 323s - loss: 0.0434 - psnr: 24.3989 - ssim: 0.6372 - val_loss: 0.0396 - val_psnr: 26.0701 - val_ssim: 0.8214 - lr: 0.0020 - 323s/epoch - 258ms/step
Epoch 71/5000

Epoch 71: val_loss did not improve from 0.03669
1250/1250 - 323s - loss: 0.0434 - psnr: 24.4005 - ssim: 0.6373 - val_loss: 0.0415 - val_psnr: 25.8116 - val_ssim: 0.8180 - lr: 0.0020 - 323s/epoch - 259ms/step
Epoch 72/5000

Epoch 72: val_loss did not improve from 0.03669
1250/1250 - 328s - loss: 0.0433 - psnr: 24.4184 - ssim: 0.6377 - val_loss: 0.0405 - val_psnr: 25.9381 - val_ssim: 0.8233 - lr: 0.0020 - 328s/epoch - 262ms/step
Epoch 73/5000

Epoch 73: val_loss did not improve from 0.03669
1250/1250 - 323s - loss: 0.0433 - psnr: 24.4162 - ssim: 0.6376 - val_loss: 0.0401 - val_psnr: 26.0255 - val_ssim: 0.8270 - lr: 0.0020 - 323s/epoch - 258ms/step
Epoch 74/5000

Epoch 74: val_loss did not improve from 0.03669
1250/1250 - 324s - loss: 0.0433 - psnr: 24.4234 - ssim: 0.6380 - val_loss: 0.0404 - val_psnr: 25.9859 - val_ssim: 0.8251 - lr: 0.0020 - 324s/epoch - 259ms/step
Epoch 75/5000

Epoch 75: val_loss did not improve from 0.03669
1250/1250 - 323s - loss: 0.0433 - psnr: 24.4246 - ssim: 0.6382 - val_loss: 0.0402 - val_psnr: 26.0465 - val_ssim: 0.8238 - lr: 0.0020 - 323s/epoch - 258ms/step
Epoch 76/5000

Epoch 76: val_loss did not improve from 0.03669
1250/1250 - 323s - loss: 0.0432 - psnr: 24.4323 - ssim: 0.6383 - val_loss: 0.0416 - val_psnr: 25.8253 - val_ssim: 0.8223 - lr: 0.0020 - 323s/epoch - 259ms/step
Epoch 77/5000

Epoch 77: val_loss did not improve from 0.03669
1250/1250 - 323s - loss: 0.0434 - psnr: 24.4059 - ssim: 0.6377 - val_loss: 0.0400 - val_psnr: 26.0201 - val_ssim: 0.8265 - lr: 0.0020 - 323s/epoch - 258ms/step
Epoch 78/5000

Epoch 78: ReduceLROnPlateau reducing learning rate to 0.0003999999724328518.

Epoch 78: val_loss did not improve from 0.03669
1250/1250 - 323s - loss: 0.0432 - psnr: 24.4207 - ssim: 0.6384 - val_loss: 0.0419 - val_psnr: 25.7121 - val_ssim: 0.8242 - lr: 0.0020 - 323s/epoch - 258ms/step
Epoch 79/5000

Epoch 79: val_loss did not improve from 0.03669
1250/1250 - 323s - loss: 0.0430 - psnr: 24.4553 - ssim: 0.6391 - val_loss: 0.0381 - val_psnr: 26.3805 - val_ssim: 0.8287 - lr: 4.0000e-04 - 323s/epoch - 258ms/step
Epoch 80/5000

Epoch 80: val_loss did not improve from 0.03669
1250/1250 - 322s - loss: 0.0430 - psnr: 24.4572 - ssim: 0.6393 - val_loss: 0.0384 - val_psnr: 26.3270 - val_ssim: 0.8276 - lr: 4.0000e-04 - 322s/epoch - 258ms/step
Epoch 81/5000

Epoch 81: val_loss did not improve from 0.03669
1250/1250 - 322s - loss: 0.0430 - psnr: 24.4585 - ssim: 0.6394 - val_loss: 0.0383 - val_psnr: 26.3399 - val_ssim: 0.8283 - lr: 4.0000e-04 - 322s/epoch - 258ms/step
Epoch 82/5000

Epoch 82: val_loss did not improve from 0.03669
1250/1250 - 322s - loss: 0.0430 - psnr: 24.4649 - ssim: 0.6395 - val_loss: 0.0383 - val_psnr: 26.3474 - val_ssim: 0.8277 - lr: 4.0000e-04 - 322s/epoch - 258ms/step
Epoch 83/5000

Epoch 83: val_loss did not improve from 0.03669
1250/1250 - 323s - loss: 0.0430 - psnr: 24.4603 - ssim: 0.6396 - val_loss: 0.0384 - val_psnr: 26.3267 - val_ssim: 0.8284 - lr: 4.0000e-04 - 323s/epoch - 258ms/step
Epoch 84/5000
Restoring model weights from the end of the best epoch: 34.

Epoch 84: val_loss did not improve from 0.03669
1250/1250 - 324s - loss: 0.0430 - psnr: 24.4642 - ssim: 0.6395 - val_loss: 0.0383 - val_psnr: 26.3462 - val_ssim: 0.8285 - lr: 4.0000e-04 - 324s/epoch - 259ms/step
Epoch 84: early stopping
[0m
[32mSaving model architecture text summary...[0m
[32mSaving model training history...[0m
[32mEvaluating model...[0m
[36m
313/313 - 324s - loss: 0.0367 - psnr: 26.4489 - ssim: 0.8005 - 324s/epoch - 1s/step
WARNING:matplotlib.font_manager:findfont: Generic family 'sans-serif' not found because none of the following families were found: Readex Pro
WARNING:matplotlib.font_manager:findfont: Generic family 'sans-serif' not found because none of the following families were found: Readex Pro
WARNING:matplotlib.font_manager:findfont: Generic family 'sans-serif' not found because none of the following families were found: Readex Pro
WARNING:matplotlib.font_manager:findfont: Generic family 'sans-serif' not found because none of the following families were found: Readex Pro
WARNING:matplotlib.font_manager:findfont: Generic family 'sans-serif' not found because none of the following families were found: Readex Pro
WARNING:matplotlib.font_manager:findfont: Generic family 'sans-serif' not found because none of the following families were found: Readex Pro
WARNING:matplotlib.font_manager:findfont: Generic family 'sans-serif' not found because none of the following families were found: Readex Pro
WARNING:matplotlib.font_manager:findfont: Generic family 'sans-serif' not found because none of the following families were found: Readex Pro
WARNING:matplotlib.font_manager:findfont: Generic family 'sans-serif' not found because none of the following families were found: Readex Pro
WARNING:matplotlib.font_manager:findfont: Generic family 'sans-serif' not found because none of the following families were found: Readex Pro
WARNING:matplotlib.font_manager:findfont: Generic family 'sans-serif' not found because none of the following families were found: Readex Pro
WARNING:matplotlib.font_manager:findfont: Generic family 'sans-serif' not found because none of the following families were found: Readex Pro
WARNING:matplotlib.font_manager:findfont: Generic family 'sans-serif' not found because none of the following families were found: Readex Pro
WARNING:matplotlib.font_manager:findfont: Generic family 'sans-serif' not found because none of the following families were found: Readex Pro
WARNING:matplotlib.font_manager:findfont: Generic family 'sans-serif' not found because none of the following families were found: Readex Pro
WARNING:matplotlib.font_manager:findfont: Generic family 'sans-serif' not found because none of the following families were found: Readex Pro
WARNING:matplotlib.font_manager:findfont: Generic family 'sans-serif' not found because none of the following families were found: Readex Pro
WARNING:matplotlib.font_manager:findfont: Generic family 'sans-serif' not found because none of the following families were found: Readex Pro
WARNING:matplotlib.font_manager:findfont: Generic family 'sans-serif' not found because none of the following families were found: Readex Pro
WARNING:matplotlib.font_manager:findfont: Generic family 'sans-serif' not found because none of the following families were found: Readex Pro
WARNING:matplotlib.font_manager:findfont: Generic family 'sans-serif' not found because none of the following families were found: Readex Pro
WARNING:matplotlib.font_manager:findfont: Generic family 'sans-serif' not found because none of the following families were found: Readex Pro
WARNING:matplotlib.font_manager:findfont: Generic family 'sans-serif' not found because none of the following families were found: Readex Pro
WARNING:matplotlib.font_manager:findfont: Generic family 'sans-serif' not found because none of the following families were found: Readex Pro
WARNING:matplotlib.font_manager:findfont: Generic family 'sans-serif' not found because none of the following families were found: Readex Pro
WARNING:matplotlib.font_manager:findfont: Generic family 'sans-serif' not found because none of the following families were found: Readex Pro
WARNING:matplotlib.font_manager:findfont: Generic family 'sans-serif' not found because none of the following families were found: Readex Pro
WARNING:matplotlib.font_manager:findfont: Generic family 'sans-serif' not found because none of the following families were found: Readex Pro
WARNING:matplotlib.font_manager:findfont: Generic family 'sans-serif' not found because none of the following families were found: Readex Pro
WARNING:matplotlib.font_manager:findfont: Generic family 'sans-serif' not found because none of the following families were found: Readex Pro
WARNING:matplotlib.font_manager:findfont: Generic family 'sans-serif' not found because none of the following families were found: Readex Pro
WARNING:matplotlib.font_manager:findfont: Generic family 'sans-serif' not found because none of the following families were found: Readex Pro
WARNING:matplotlib.font_manager:findfont: Generic family 'sans-serif' not found because none of the following families were found: Readex Pro
WARNING:matplotlib.font_manager:findfont: Generic family 'sans-serif' not found because none of the following families were found: Readex Pro
WARNING:matplotlib.font_manager:findfont: Generic family 'sans-serif' not found because none of the following families were found: Readex Pro
WARNING:matplotlib.font_manager:findfont: Generic family 'sans-serif' not found because none of the following families were found: Readex Pro
WARNING:matplotlib.font_manager:findfont: Generic family 'sans-serif' not found because none of the following families were found: Readex Pro
WARNING:matplotlib.font_manager:findfont: Generic family 'sans-serif' not found because none of the following families were found: Readex Pro
WARNING:matplotlib.font_manager:findfont: Generic family 'sans-serif' not found because none of the following families were found: Readex Pro
WARNING:matplotlib.font_manager:findfont: Generic family 'sans-serif' not found because none of the following families were found: Readex Pro
WARNING:matplotlib.font_manager:findfont: Generic family 'sans-serif' not found because none of the following families were found: Readex Pro
WARNING:matplotlib.font_manager:findfont: Generic family 'sans-serif' not found because none of the following families were found: Readex Pro
WARNING:matplotlib.font_manager:findfont: Generic family 'sans-serif' not found because none of the following families were found: Readex Pro
WARNING:matplotlib.font_manager:findfont: Generic family 'sans-serif' not found because none of the following families were found: Readex Pro
WARNING:matplotlib.font_manager:findfont: Generic family 'sans-serif' not found because none of the following families were found: Readex Pro
WARNING:matplotlib.font_manager:findfont: Generic family 'sans-serif' not found because none of the following families were found: Readex Pro
WARNING:matplotlib.font_manager:findfont: Generic family 'sans-serif' not found because none of the following families were found: Readex Pro
WARNING:matplotlib.font_manager:findfont: Generic family 'sans-serif' not found because none of the following families were found: Readex Pro
WARNING:matplotlib.font_manager:findfont: Generic family 'sans-serif' not found because none of the following families were found: Readex Pro
WARNING:matplotlib.font_manager:findfont: Generic family 'sans-serif' not found because none of the following families were found: Readex Pro
WARNING:matplotlib.font_manager:findfont: Generic family 'sans-serif' not found because none of the following families were found: Readex Pro
WARNING:matplotlib.font_manager:findfont: Generic family 'sans-serif' not found because none of the following families were found: Readex Pro
WARNING:matplotlib.font_manager:findfont: Generic family 'sans-serif' not found because none of the following families were found: Readex Pro
WARNING:matplotlib.font_manager:findfont: Generic family 'sans-serif' not found because none of the following families were found: Readex Pro
WARNING:matplotlib.font_manager:findfont: Generic family 'sans-serif' not found because none of the following families were found: Readex Pro
WARNING:matplotlib.font_manager:findfont: Generic family 'sans-serif' not found because none of the following families were found: Readex Pro
WARNING:matplotlib.font_manager:findfont: Generic family 'sans-serif' not found because none of the following families were found: Readex Pro
WARNING:matplotlib.font_manager:findfont: Generic family 'sans-serif' not found because none of the following families were found: Readex Pro
WARNING:matplotlib.font_manager:findfont: Generic family 'sans-serif' not found because none of the following families were found: Readex Pro
WARNING:matplotlib.font_manager:findfont: Generic family 'sans-serif' not found because none of the following families were found: Readex Pro
WARNING:matplotlib.font_manager:findfont: Generic family 'sans-serif' not found because none of the following families were found: Readex Pro
WARNING:matplotlib.font_manager:findfont: Generic family 'sans-serif' not found because none of the following families were found: Readex Pro
WARNING:matplotlib.font_manager:findfont: Generic family 'sans-serif' not found because none of the following families were found: Readex Pro
WARNING:matplotlib.font_manager:findfont: Generic family 'sans-serif' not found because none of the following families were found: Readex Pro
WARNING:matplotlib.font_manager:findfont: Generic family 'sans-serif' not found because none of the following families were found: Readex Pro
WARNING:matplotlib.font_manager:findfont: Generic family 'sans-serif' not found because none of the following families were found: Readex Pro
WARNING:matplotlib.font_manager:findfont: Generic family 'sans-serif' not found because none of the following families were found: Readex Pro
WARNING:matplotlib.font_manager:findfont: Generic family 'sans-serif' not found because none of the following families were found: Readex Pro
WARNING:matplotlib.font_manager:findfont: Generic family 'sans-serif' not found because none of the following families were found: Readex Pro
WARNING:matplotlib.font_manager:findfont: Generic family 'sans-serif' not found because none of the following families were found: Readex Pro
WARNING:matplotlib.font_manager:findfont: Generic family 'sans-serif' not found because none of the following families were found: Readex Pro
WARNING:matplotlib.font_manager:findfont: Generic family 'sans-serif' not found because none of the following families were found: Readex Pro
WARNING:matplotlib.font_manager:findfont: Generic family 'sans-serif' not found because none of the following families were found: Readex Pro
WARNING:matplotlib.font_manager:findfont: Generic family 'sans-serif' not found because none of the following families were found: Readex Pro
WARNING:matplotlib.font_manager:findfont: Generic family 'sans-serif' not found because none of the following families were found: Readex Pro
WARNING:matplotlib.font_manager:findfont: Generic family 'sans-serif' not found because none of the following families were found: Readex Pro
WARNING:matplotlib.font_manager:findfont: Generic family 'sans-serif' not found because none of the following families were found: Readex Pro
WARNING:matplotlib.font_manager:findfont: Generic family 'sans-serif' not found because none of the following families were found: Readex Pro
WARNING:matplotlib.font_manager:findfont: Generic family 'sans-serif' not found because none of the following families were found: Readex Pro
WARNING:matplotlib.font_manager:findfont: Generic family 'sans-serif' not found because none of the following families were found: Readex Pro
WARNING:matplotlib.font_manager:findfont: Generic family 'sans-serif' not found because none of the following families were found: Readex Pro
WARNING:matplotlib.font_manager:findfont: Generic family 'sans-serif' not found because none of the following families were found: Readex Pro
WARNING:matplotlib.font_manager:findfont: Generic family 'sans-serif' not found because none of the following families were found: Readex Pro
WARNING:matplotlib.font_manager:findfont: Generic family 'sans-serif' not found because none of the following families were found: Readex Pro
WARNING:matplotlib.font_manager:findfont: Generic family 'sans-serif' not found because none of the following families were found: Readex Pro
WARNING:matplotlib.font_manager:findfont: Generic family 'sans-serif' not found because none of the following families were found: Readex Pro
WARNING:matplotlib.font_manager:findfont: Generic family 'sans-serif' not found because none of the following families were found: Readex Pro
WARNING:matplotlib.font_manager:findfont: Generic family 'sans-serif' not found because none of the following families were found: Readex Pro
WARNING:matplotlib.font_manager:findfont: Generic family 'sans-serif' not found because none of the following families were found: Readex Pro
WARNING:matplotlib.font_manager:findfont: Generic family 'sans-serif' not found because none of the following families were found: Readex Pro
WARNING:matplotlib.font_manager:findfont: Generic family 'sans-serif' not found because none of the following families were found: Readex Pro
WARNING:matplotlib.font_manager:findfont: Generic family 'sans-serif' not found because none of the following families were found: Readex Pro
WARNING:matplotlib.font_manager:findfont: Generic family 'sans-serif' not found because none of the following families were found: Readex Pro
WARNING:matplotlib.font_manager:findfont: Generic family 'sans-serif' not found because none of the following families were found: Readex Pro
WARNING:matplotlib.font_manager:findfont: Generic family 'sans-serif' not found because none of the following families were found: Readex Pro
WARNING:matplotlib.font_manager:findfont: Generic family 'sans-serif' not found because none of the following families were found: Readex Pro
WARNING:matplotlib.font_manager:findfont: Generic family 'sans-serif' not found because none of the following families were found: Readex Pro
WARNING:matplotlib.font_manager:findfont: Generic family 'sans-serif' not found because none of the following families were found: Readex Pro
WARNING:matplotlib.font_manager:findfont: Generic family 'sans-serif' not found because none of the following families were found: Readex Pro
WARNING:matplotlib.font_manager:findfont: Generic family 'sans-serif' not found because none of the following families were found: Readex Pro
WARNING:matplotlib.font_manager:findfont: Generic family 'sans-serif' not found because none of the following families were found: Readex Pro
WARNING:matplotlib.font_manager:findfont: Generic family 'sans-serif' not found because none of the following families were found: Readex Pro
WARNING:matplotlib.font_manager:findfont: Generic family 'sans-serif' not found because none of the following families were found: Readex Pro
WARNING:matplotlib.font_manager:findfont: Generic family 'sans-serif' not found because none of the following families were found: Readex Pro
WARNING:matplotlib.font_manager:findfont: Generic family 'sans-serif' not found because none of the following families were found: Readex Pro
WARNING:matplotlib.font_manager:findfont: Generic family 'sans-serif' not found because none of the following families were found: Readex Pro
WARNING:matplotlib.font_manager:findfont: Generic family 'sans-serif' not found because none of the following families were found: Readex Pro
WARNING:matplotlib.font_manager:findfont: Generic family 'sans-serif' not found because none of the following families were found: Readex Pro
WARNING:matplotlib.font_manager:findfont: Generic family 'sans-serif' not found because none of the following families were found: Readex Pro
WARNING:matplotlib.font_manager:findfont: Generic family 'sans-serif' not found because none of the following families were found: Readex Pro
WARNING:matplotlib.font_manager:findfont: Generic family 'sans-serif' not found because none of the following families were found: Readex Pro
WARNING:matplotlib.font_manager:findfont: Generic family 'sans-serif' not found because none of the following families were found: Readex Pro
WARNING:matplotlib.font_manager:findfont: Generic family 'sans-serif' not found because none of the following families were found: Readex Pro
WARNING:matplotlib.font_manager:findfont: Generic family 'sans-serif' not found because none of the following families were found: Readex Pro
WARNING:matplotlib.font_manager:findfont: Generic family 'sans-serif' not found because none of the following families were found: Readex Pro
WARNING:matplotlib.font_manager:findfont: Generic family 'sans-serif' not found because none of the following families were found: Readex Pro
WARNING:matplotlib.font_manager:findfont: Generic family 'sans-serif' not found because none of the following families were found: Readex Pro
WARNING:matplotlib.font_manager:findfont: Generic family 'sans-serif' not found because none of the following families were found: Readex Pro
WARNING:matplotlib.font_manager:findfont: Generic family 'sans-serif' not found because none of the following families were found: Readex Pro
WARNING:matplotlib.font_manager:findfont: Generic family 'sans-serif' not found because none of the following families were found: Readex Pro
WARNING:matplotlib.font_manager:findfont: Generic family 'sans-serif' not found because none of the following families were found: Readex Pro
WARNING:matplotlib.font_manager:findfont: Generic family 'sans-serif' not found because none of the following families were found: Readex Pro
WARNING:matplotlib.font_manager:findfont: Generic family 'sans-serif' not found because none of the following families were found: Readex Pro
WARNING:matplotlib.font_manager:findfont: Generic family 'sans-serif' not found because none of the following families were found: Readex Pro
WARNING:matplotlib.font_manager:findfont: Generic family 'sans-serif' not found because none of the following families were found: Readex Pro
WARNING:matplotlib.font_manager:findfont: Generic family 'sans-serif' not found because none of the following families were found: Readex Pro
WARNING:matplotlib.font_manager:findfont: Generic family 'sans-serif' not found because none of the following families were found: Readex Pro
WARNING:matplotlib.font_manager:findfont: Generic family 'sans-serif' not found because none of the following families were found: Readex Pro
WARNING:matplotlib.font_manager:findfont: Generic family 'sans-serif' not found because none of the following families were found: Readex Pro
WARNING:matplotlib.font_manager:findfont: Generic family 'sans-serif' not found because none of the following families were found: Readex Pro
WARNING:matplotlib.font_manager:findfont: Generic family 'sans-serif' not found because none of the following families were found: Readex Pro
WARNING:matplotlib.font_manager:findfont: Generic family 'sans-serif' not found because none of the following families were found: Readex Pro
WARNING:matplotlib.font_manager:findfont: Generic family 'sans-serif' not found because none of the following families were found: Readex Pro
WARNING:matplotlib.font_manager:findfont: Generic family 'sans-serif' not found because none of the following families were found: Readex Pro
WARNING:matplotlib.font_manager:findfont: Generic family 'sans-serif' not found because none of the following families were found: Readex Pro
WARNING:matplotlib.font_manager:findfont: Generic family 'sans-serif' not found because none of the following families were found: Readex Pro
WARNING:matplotlib.font_manager:findfont: Generic family 'sans-serif' not found because none of the following families were found: Readex Pro
WARNING:matplotlib.font_manager:findfont: Generic family 'sans-serif' not found because none of the following families were found: Readex Pro
WARNING:matplotlib.font_manager:findfont: Generic family 'sans-serif' not found because none of the following families were found: Readex Pro
WARNING:matplotlib.font_manager:findfont: Generic family 'sans-serif' not found because none of the following families were found: Readex Pro
WARNING:matplotlib.font_manager:findfont: Generic family 'sans-serif' not found because none of the following families were found: Readex Pro
WARNING:matplotlib.font_manager:findfont: Generic family 'sans-serif' not found because none of the following families were found: Readex Pro
WARNING:matplotlib.font_manager:findfont: Generic family 'sans-serif' not found because none of the following families were found: Readex Pro
WARNING:matplotlib.font_manager:findfont: Generic family 'sans-serif' not found because none of the following families were found: Readex Pro
WARNING:matplotlib.font_manager:findfont: Generic family 'sans-serif' not found because none of the following families were found: Readex Pro
WARNING:matplotlib.font_manager:findfont: Generic family 'sans-serif' not found because none of the following families were found: Readex Pro
WARNING:matplotlib.font_manager:findfont: Generic family 'sans-serif' not found because none of the following families were found: Readex Pro
WARNING:matplotlib.font_manager:findfont: Generic family 'sans-serif' not found because none of the following families were found: Readex Pro
WARNING:matplotlib.font_manager:findfont: Generic family 'sans-serif' not found because none of the following families were found: Readex Pro
WARNING:matplotlib.font_manager:findfont: Generic family 'sans-serif' not found because none of the following families were found: Readex Pro
WARNING:matplotlib.font_manager:findfont: Generic family 'sans-serif' not found because none of the following families were found: Readex Pro
WARNING:matplotlib.font_manager:findfont: Generic family 'sans-serif' not found because none of the following families were found: Readex Pro
WARNING:matplotlib.font_manager:findfont: Generic family 'sans-serif' not found because none of the following families were found: Readex Pro
WARNING:matplotlib.font_manager:findfont: Generic family 'sans-serif' not found because none of the following families were found: Readex Pro
WARNING:matplotlib.font_manager:findfont: Generic family 'sans-serif' not found because none of the following families were found: Readex Pro
WARNING:matplotlib.font_manager:findfont: Generic family 'sans-serif' not found because none of the following families were found: Readex Pro
WARNING:matplotlib.font_manager:findfont: Generic family 'sans-serif' not found because none of the following families were found: Readex Pro
WARNING:matplotlib.font_manager:findfont: Generic family 'sans-serif' not found because none of the following families were found: Readex Pro
WARNING:matplotlib.font_manager:findfont: Generic family 'sans-serif' not found because none of the following families were found: Readex Pro
WARNING:matplotlib.font_manager:findfont: Generic family 'sans-serif' not found because none of the following families were found: Readex Pro
WARNING:matplotlib.font_manager:findfont: Generic family 'sans-serif' not found because none of the following families were found: Readex Pro
WARNING:matplotlib.font_manager:findfont: Generic family 'sans-serif' not found because none of the following families were found: Readex Pro
WARNING:matplotlib.font_manager:findfont: Generic family 'sans-serif' not found because none of the following families were found: Readex Pro
WARNING:matplotlib.font_manager:findfont: Generic family 'sans-serif' not found because none of the following families were found: Readex Pro
WARNING:matplotlib.font_manager:findfont: Generic family 'sans-serif' not found because none of the following families were found: Readex Pro
WARNING:matplotlib.font_manager:findfont: Generic family 'sans-serif' not found because none of the following families were found: Readex Pro
WARNING:matplotlib.font_manager:findfont: Generic family 'sans-serif' not found because none of the following families were found: Readex Pro
WARNING:matplotlib.font_manager:findfont: Generic family 'sans-serif' not found because none of the following families were found: Readex Pro
WARNING:matplotlib.font_manager:findfont: Generic family 'sans-serif' not found because none of the following families were found: Readex Pro
WARNING:matplotlib.font_manager:findfont: Generic family 'sans-serif' not found because none of the following families were found: Readex Pro
WARNING:matplotlib.font_manager:findfont: Generic family 'sans-serif' not found because none of the following families were found: Readex Pro
WARNING:matplotlib.font_manager:findfont: Generic family 'sans-serif' not found because none of the following families were found: Readex Pro
WARNING:matplotlib.font_manager:findfont: Generic family 'sans-serif' not found because none of the following families were found: Readex Pro
WARNING:matplotlib.font_manager:findfont: Generic family 'sans-serif' not found because none of the following families were found: Readex Pro
WARNING:matplotlib.font_manager:findfont: Generic family 'sans-serif' not found because none of the following families were found: Readex Pro
WARNING:matplotlib.font_manager:findfont: Generic family 'sans-serif' not found because none of the following families were found: Readex Pro
WARNING:matplotlib.font_manager:findfont: Generic family 'sans-serif' not found because none of the following families were found: Readex Pro
WARNING:matplotlib.font_manager:findfont: Generic family 'sans-serif' not found because none of the following families were found: Readex Pro
WARNING:matplotlib.font_manager:findfont: Generic family 'sans-serif' not found because none of the following families were found: Readex Pro
WARNING:matplotlib.font_manager:findfont: Generic family 'sans-serif' not found because none of the following families were found: Readex Pro
WARNING:matplotlib.font_manager:findfont: Generic family 'sans-serif' not found because none of the following families were found: Readex Pro
WARNING:matplotlib.font_manager:findfont: Generic family 'sans-serif' not found because none of the following families were found: Readex Pro
WARNING:matplotlib.font_manager:findfont: Generic family 'sans-serif' not found because none of the following families were found: Readex Pro
WARNING:matplotlib.font_manager:findfont: Generic family 'sans-serif' not found because none of the following families were found: Readex Pro
WARNING:matplotlib.font_manager:findfont: Generic family 'sans-serif' not found because none of the following families were found: Readex Pro
WARNING:matplotlib.font_manager:findfont: Generic family 'sans-serif' not found because none of the following families were found: Readex Pro
WARNING:matplotlib.font_manager:findfont: Generic family 'sans-serif' not found because none of the following families were found: Readex Pro
WARNING:matplotlib.font_manager:findfont: Generic family 'sans-serif' not found because none of the following families were found: Readex Pro
WARNING:matplotlib.font_manager:findfont: Generic family 'sans-serif' not found because none of the following families were found: Readex Pro
WARNING:matplotlib.font_manager:findfont: Generic family 'sans-serif' not found because none of the following families were found: Readex Pro
WARNING:matplotlib.font_manager:findfont: Generic family 'sans-serif' not found because none of the following families were found: Readex Pro
WARNING:matplotlib.font_manager:findfont: Generic family 'sans-serif' not found because none of the following families were found: Readex Pro
WARNING:matplotlib.font_manager:findfont: Generic family 'sans-serif' not found because none of the following families were found: Readex Pro
WARNING:matplotlib.font_manager:findfont: Generic family 'sans-serif' not found because none of the following families were found: Readex Pro
WARNING:matplotlib.font_manager:findfont: Generic family 'sans-serif' not found because none of the following families were found: Readex Pro
WARNING:matplotlib.font_manager:findfont: Generic family 'sans-serif' not found because none of the following families were found: Readex Pro
WARNING:matplotlib.font_manager:findfont: Generic family 'sans-serif' not found because none of the following families were found: Readex Pro
WARNING:matplotlib.font_manager:findfont: Generic family 'sans-serif' not found because none of the following families were found: Readex Pro
WARNING:matplotlib.font_manager:findfont: Generic family 'sans-serif' not found because none of the following families were found: Readex Pro
WARNING:matplotlib.font_manager:findfont: Generic family 'sans-serif' not found because none of the following families were found: Readex Pro
WARNING:matplotlib.font_manager:findfont: Generic family 'sans-serif' not found because none of the following families were found: Readex Pro
WARNING:matplotlib.font_manager:findfont: Generic family 'sans-serif' not found because none of the following families were found: Readex Pro
WARNING:matplotlib.font_manager:findfont: Generic family 'sans-serif' not found because none of the following families were found: Readex Pro
WARNING:matplotlib.font_manager:findfont: Generic family 'sans-serif' not found because none of the following families were found: Readex Pro
WARNING:matplotlib.font_manager:findfont: Generic family 'sans-serif' not found because none of the following families were found: Readex Pro
WARNING:matplotlib.font_manager:findfont: Generic family 'sans-serif' not found because none of the following families were found: Readex Pro
WARNING:matplotlib.font_manager:findfont: Generic family 'sans-serif' not found because none of the following families were found: Readex Pro
WARNING:matplotlib.font_manager:findfont: Generic family 'sans-serif' not found because none of the following families were found: Readex Pro
WARNING:matplotlib.font_manager:findfont: Generic family 'sans-serif' not found because none of the following families were found: Readex Pro
WARNING:matplotlib.font_manager:findfont: Generic family 'sans-serif' not found because none of the following families were found: Readex Pro
WARNING:matplotlib.font_manager:findfont: Generic family 'sans-serif' not found because none of the following families were found: Readex Pro
WARNING:matplotlib.font_manager:findfont: Generic family 'sans-serif' not found because none of the following families were found: Readex Pro
WARNING:matplotlib.font_manager:findfont: Generic family 'sans-serif' not found because none of the following families were found: Readex Pro
WARNING:matplotlib.font_manager:findfont: Generic family 'sans-serif' not found because none of the following families were found: Readex Pro
WARNING:matplotlib.font_manager:findfont: Generic family 'sans-serif' not found because none of the following families were found: Readex Pro
WARNING:matplotlib.font_manager:findfont: Generic family 'sans-serif' not found because none of the following families were found: Readex Pro
WARNING:matplotlib.font_manager:findfont: Generic family 'sans-serif' not found because none of the following families were found: Readex Pro
WARNING:matplotlib.font_manager:findfont: Generic family 'sans-serif' not found because none of the following families were found: Readex Pro
WARNING:matplotlib.font_manager:findfont: Generic family 'sans-serif' not found because none of the following families were found: Readex Pro
WARNING:matplotlib.font_manager:findfont: Generic family 'sans-serif' not found because none of the following families were found: Readex Pro
WARNING:matplotlib.font_manager:findfont: Generic family 'sans-serif' not found because none of the following families were found: Readex Pro
WARNING:matplotlib.font_manager:findfont: Generic family 'sans-serif' not found because none of the following families were found: Readex Pro
WARNING:matplotlib.font_manager:findfont: Generic family 'sans-serif' not found because none of the following families were found: Readex Pro
WARNING:matplotlib.font_manager:findfont: Generic family 'sans-serif' not found because none of the following families were found: Readex Pro
WARNING:matplotlib.font_manager:findfont: Generic family 'sans-serif' not found because none of the following families were found: Readex Pro
WARNING:matplotlib.font_manager:findfont: Generic family 'sans-serif' not found because none of the following families were found: Readex Pro
WARNING:matplotlib.font_manager:findfont: Generic family 'sans-serif' not found because none of the following families were found: Readex Pro
WARNING:matplotlib.font_manager:findfont: Generic family 'sans-serif' not found because none of the following families were found: Readex Pro
WARNING:matplotlib.font_manager:findfont: Generic family 'sans-serif' not found because none of the following families were found: Readex Pro
WARNING:matplotlib.font_manager:findfont: Generic family 'sans-serif' not found because none of the following families were found: Readex Pro
WARNING:matplotlib.font_manager:findfont: Generic family 'sans-serif' not found because none of the following families were found: Readex Pro
WARNING:matplotlib.font_manager:findfont: Generic family 'sans-serif' not found because none of the following families were found: Readex Pro
WARNING:matplotlib.font_manager:findfont: Generic family 'sans-serif' not found because none of the following families were found: Readex Pro
WARNING:matplotlib.font_manager:findfont: Generic family 'sans-serif' not found because none of the following families were found: Readex Pro
WARNING:matplotlib.font_manager:findfont: Generic family 'sans-serif' not found because none of the following families were found: Readex Pro
WARNING:matplotlib.font_manager:findfont: Generic family 'sans-serif' not found because none of the following families were found: Readex Pro
WARNING:matplotlib.font_manager:findfont: Generic family 'sans-serif' not found because none of the following families were found: Readex Pro
WARNING:matplotlib.font_manager:findfont: Generic family 'sans-serif' not found because none of the following families were found: Readex Pro
WARNING:matplotlib.font_manager:findfont: Generic family 'sans-serif' not found because none of the following families were found: Readex Pro
WARNING:matplotlib.font_manager:findfont: Generic family 'sans-serif' not found because none of the following families were found: Readex Pro
WARNING:matplotlib.font_manager:findfont: Generic family 'sans-serif' not found because none of the following families were found: Readex Pro
WARNING:matplotlib.font_manager:findfont: Generic family 'sans-serif' not found because none of the following families were found: Readex Pro
WARNING:matplotlib.font_manager:findfont: Generic family 'sans-serif' not found because none of the following families were found: Readex Pro
WARNING:matplotlib.font_manager:findfont: Generic family 'sans-serif' not found because none of the following families were found: Readex Pro
WARNING:matplotlib.font_manager:findfont: Generic family 'sans-serif' not found because none of the following families were found: Readex Pro
WARNING:matplotlib.font_manager:findfont: Generic family 'sans-serif' not found because none of the following families were found: Readex Pro
WARNING:matplotlib.font_manager:findfont: Generic family 'sans-serif' not found because none of the following families were found: Readex Pro
WARNING:matplotlib.font_manager:findfont: Generic family 'sans-serif' not found because none of the following families were found: Readex Pro
WARNING:matplotlib.font_manager:findfont: Generic family 'sans-serif' not found because none of the following families were found: Readex Pro
WARNING:matplotlib.font_manager:findfont: Generic family 'sans-serif' not found because none of the following families were found: Readex Pro
WARNING:matplotlib.font_manager:findfont: Generic family 'sans-serif' not found because none of the following families were found: Readex Pro
WARNING:matplotlib.font_manager:findfont: Generic family 'sans-serif' not found because none of the following families were found: Readex Pro
WARNING:matplotlib.font_manager:findfont: Generic family 'sans-serif' not found because none of the following families were found: Readex Pro
WARNING:matplotlib.font_manager:findfont: Generic family 'sans-serif' not found because none of the following families were found: Readex Pro
WARNING:matplotlib.font_manager:findfont: Generic family 'sans-serif' not found because none of the following families were found: Readex Pro
WARNING:matplotlib.font_manager:findfont: Generic family 'sans-serif' not found because none of the following families were found: Readex Pro
WARNING:matplotlib.font_manager:findfont: Generic family 'sans-serif' not found because none of the following families were found: Readex Pro
WARNING:matplotlib.font_manager:findfont: Generic family 'sans-serif' not found because none of the following families were found: Readex Pro
WARNING:matplotlib.font_manager:findfont: Generic family 'sans-serif' not found because none of the following families were found: Readex Pro
WARNING:matplotlib.font_manager:findfont: Generic family 'sans-serif' not found because none of the following families were found: Readex Pro
WARNING:matplotlib.font_manager:findfont: Generic family 'sans-serif' not found because none of the following families were found: Readex Pro
WARNING:matplotlib.font_manager:findfont: Generic family 'sans-serif' not found because none of the following families were found: Readex Pro
WARNING:matplotlib.font_manager:findfont: Generic family 'sans-serif' not found because none of the following families were found: Readex Pro
WARNING:matplotlib.font_manager:findfont: Generic family 'sans-serif' not found because none of the following families were found: Readex Pro
WARNING:matplotlib.font_manager:findfont: Generic family 'sans-serif' not found because none of the following families were found: Readex Pro
WARNING:matplotlib.font_manager:findfont: Generic family 'sans-serif' not found because none of the following families were found: Readex Pro
WARNING:matplotlib.font_manager:findfont: Generic family 'sans-serif' not found because none of the following families were found: Readex Pro
WARNING:matplotlib.font_manager:findfont: Generic family 'sans-serif' not found because none of the following families were found: Readex Pro
WARNING:matplotlib.font_manager:findfont: Generic family 'sans-serif' not found because none of the following families were found: Readex Pro
WARNING:matplotlib.font_manager:findfont: Generic family 'sans-serif' not found because none of the following families were found: Readex Pro
WARNING:matplotlib.font_manager:findfont: Generic family 'sans-serif' not found because none of the following families were found: Readex Pro
WARNING:matplotlib.font_manager:findfont: Generic family 'sans-serif' not found because none of the following families were found: Readex Pro
WARNING:matplotlib.font_manager:findfont: Generic family 'sans-serif' not found because none of the following families were found: Readex Pro
WARNING:matplotlib.font_manager:findfont: Generic family 'sans-serif' not found because none of the following families were found: Readex Pro
WARNING:matplotlib.font_manager:findfont: Generic family 'sans-serif' not found because none of the following families were found: Readex Pro
WARNING:matplotlib.font_manager:findfont: Generic family 'sans-serif' not found because none of the following families were found: Readex Pro
WARNING:matplotlib.font_manager:findfont: Generic family 'sans-serif' not found because none of the following families were found: Readex Pro
WARNING:matplotlib.font_manager:findfont: Generic family 'sans-serif' not found because none of the following families were found: Readex Pro
WARNING:matplotlib.font_manager:findfont: Generic family 'sans-serif' not found because none of the following families were found: Readex Pro
WARNING:matplotlib.font_manager:findfont: Generic family 'sans-serif' not found because none of the following families were found: Readex Pro
WARNING:matplotlib.font_manager:findfont: Generic family 'sans-serif' not found because none of the following families were found: Readex Pro
WARNING:matplotlib.font_manager:findfont: Generic family 'sans-serif' not found because none of the following families were found: Readex Pro
WARNING:matplotlib.font_manager:findfont: Generic family 'sans-serif' not found because none of the following families were found: Readex Pro
WARNING:matplotlib.font_manager:findfont: Generic family 'sans-serif' not found because none of the following families were found: Readex Pro
WARNING:matplotlib.font_manager:findfont: Generic family 'sans-serif' not found because none of the following families were found: Readex Pro
WARNING:matplotlib.font_manager:findfont: Generic family 'sans-serif' not found because none of the following families were found: Readex Pro
WARNING:matplotlib.font_manager:findfont: Generic family 'sans-serif' not found because none of the following families were found: Readex Pro
WARNING:matplotlib.font_manager:findfont: Generic family 'sans-serif' not found because none of the following families were found: Readex Pro
WARNING:matplotlib.font_manager:findfont: Generic family 'sans-serif' not found because none of the following families were found: Readex Pro
WARNING:matplotlib.font_manager:findfont: Generic family 'sans-serif' not found because none of the following families were found: Readex Pro
WARNING:matplotlib.font_manager:findfont: Generic family 'sans-serif' not found because none of the following families were found: Readex Pro
WARNING:matplotlib.font_manager:findfont: Generic family 'sans-serif' not found because none of the following families were found: Readex Pro
[0m
[32mSaving model evaluation...[0m
[32mGenerating training graphs...[0m
[33mTotal time: 08:05:45[0m
[35mEverything done![0m
