2023-03-04 19:43:01.638886: I tensorflow/core/platform/cpu_feature_guard.cc:193] This TensorFlow binary is optimized with oneAPI Deep Neural Network Library (oneDNN) to use the following CPU instructions in performance-critical operations:  AVX2 FMA
To enable them in other operations, rebuild TensorFlow with the appropriate compiler flags.
2023-03-04 19:43:08.784463: W tensorflow/compiler/xla/stream_executor/platform/default/dso_loader.cc:64] Could not load dynamic library 'libnvinfer.so.7'; dlerror: libnvinfer.so.7: cannot open shared object file: No such file or directory
2023-03-04 19:43:08.785046: W tensorflow/compiler/xla/stream_executor/platform/default/dso_loader.cc:64] Could not load dynamic library 'libnvinfer_plugin.so.7'; dlerror: libnvinfer_plugin.so.7: cannot open shared object file: No such file or directory
2023-03-04 19:43:08.785065: W tensorflow/compiler/tf2tensorrt/utils/py_utils.cc:38] TF-TRT Warning: Cannot dlopen some TensorRT libraries. If you would like to use Nvidia GPU with TensorRT, please make sure the missing libraries mentioned above are installed properly.
Matplotlib created a temporary config/cache directory at /tmp/matplotlib-64xc9vfw because the default path (/home/cristec/.config/matplotlib) is not a writable directory; it is highly recommended to set the MPLCONFIGDIR environment variable to a writable directory, in particular to speed up the import of Matplotlib and to better support multiprocessing.
2023-03-04 19:43:19.532271: I tensorflow/core/platform/cpu_feature_guard.cc:193] This TensorFlow binary is optimized with oneAPI Deep Neural Network Library (oneDNN) to use the following CPU instructions in performance-critical operations:  AVX2 FMA
To enable them in other operations, rebuild TensorFlow with the appropriate compiler flags.
2023-03-04 19:43:22.478625: I tensorflow/core/common_runtime/gpu/gpu_device.cc:1613] Created device /job:localhost/replica:0/task:0/device:GPU:0 with 7415 MB memory:  -> device: 0, name: Quadro M4000, pci bus id: 0000:03:00.0, compute capability: 5.2
2023-03-04 19:43:22.483049: I tensorflow/core/common_runtime/gpu/gpu_device.cc:1613] Created device /job:localhost/replica:0/task:0/device:GPU:1 with 7425 MB memory:  -> device: 1, name: Quadro M4000, pci bus id: 0000:04:00.0, compute capability: 5.2
WARNING:tensorflow:From /shared_storage/cristec/conda/envs/ML/lib/python3.10/site-packages/tensorflow/python/autograph/pyct/static_analysis/liveness.py:83: Analyzer.lamba_check (from tensorflow.python.autograph.pyct.static_analysis.liveness) is deprecated and will be removed after 2023-09-23.
Instructions for updating:
Lambda fuctions will be no more assumed to be used in the statement where they are used, or at least in the same block. https://github.com/tensorflow/tensorflow/issues/56089
[35mStarting script...[0m
[32mLoading train dataset information...[0m
[32mLoading validation dataset information...[0m
[32mLoading test dataset information...[0m
[32mCreating model...[0m
[32mTraining model...[0m
[36m
Epoch 1/5000
2023-03-04 19:43:52.378606: E tensorflow/core/grappler/optimizers/meta_optimizer.cc:954] layout failed: INVALID_ARGUMENT: Size of values 0 does not match size of permutation 4 @ fanin shape inUNet/unet_down_0/u_net2d_convolution_block/dropout/dropout/SelectV2-2-TransposeNHWCToNCHW-LayoutOptimizer
2023-03-04 19:43:58.310423: I tensorflow/compiler/xla/stream_executor/cuda/cuda_dnn.cc:428] Loaded cuDNN version 8101
2023-03-04 19:43:58.551027: I tensorflow/compiler/xla/stream_executor/cuda/cuda_dnn.cc:428] Loaded cuDNN version 8101
2023-03-04 19:43:59.423446: I tensorflow/tsl/platform/default/subprocess.cc:304] Start cannot spawn child process: No such file or directory
2023-03-04 19:44:03.705402: I tensorflow/compiler/xla/service/service.cc:173] XLA service 0x7fdb9c1b49f0 initialized for platform CUDA (this does not guarantee that XLA will be used). Devices:
2023-03-04 19:44:03.705441: I tensorflow/compiler/xla/service/service.cc:181]   StreamExecutor device (0): Quadro M4000, Compute Capability 5.2
2023-03-04 19:44:03.705452: I tensorflow/compiler/xla/service/service.cc:181]   StreamExecutor device (1): Quadro M4000, Compute Capability 5.2
2023-03-04 19:44:03.795512: I tensorflow/compiler/mlir/tensorflow/utils/dump_mlir_util.cc:268] disabling MLIR crash reproducer, set env var `MLIR_CRASH_REPRODUCER_DIRECTORY` to enable.
2023-03-04 19:44:04.449692: I tensorflow/tsl/platform/default/subprocess.cc:304] Start cannot spawn child process: No such file or directory
2023-03-04 19:44:04.798224: I tensorflow/compiler/jit/xla_compilation_cache.cc:477] Compiled cluster using XLA!  This line is logged at most once for the lifetime of the process.

Epoch 1: val_loss improved from inf to 0.19191, saving model to models/model_coco_mae_35-40
WARNING:absl:Found untraced functions such as _jit_compiled_convolution_op, conv2d_layer_call_fn, conv2d_layer_call_and_return_conditional_losses, _jit_compiled_convolution_op, leaky_re_lu_layer_call_fn while saving (showing 5 of 241). These functions will not be directly callable after loading.
1250/1250 - 2680s - loss: 0.0872 - psnr: 18.9846 - ssim: 0.3693 - val_loss: 0.1919 - val_psnr: 12.4966 - val_ssim: 0.2473 - lr: 0.0100 - 2680s/epoch - 2s/step
Epoch 2/5000

Epoch 2: val_loss improved from 0.19191 to 0.09541, saving model to models/model_coco_mae_35-40
WARNING:absl:Found untraced functions such as _jit_compiled_convolution_op, conv2d_layer_call_fn, conv2d_layer_call_and_return_conditional_losses, _jit_compiled_convolution_op, leaky_re_lu_layer_call_fn while saving (showing 5 of 241). These functions will not be directly callable after loading.
1250/1250 - 347s - loss: 0.0735 - psnr: 20.2391 - ssim: 0.4266 - val_loss: 0.0954 - val_psnr: 18.2591 - val_ssim: 0.5195 - lr: 0.0100 - 347s/epoch - 278ms/step
Epoch 3/5000

Epoch 3: val_loss improved from 0.09541 to 0.08110, saving model to models/model_coco_mae_35-40
WARNING:absl:Found untraced functions such as _jit_compiled_convolution_op, conv2d_layer_call_fn, conv2d_layer_call_and_return_conditional_losses, _jit_compiled_convolution_op, leaky_re_lu_layer_call_fn while saving (showing 5 of 241). These functions will not be directly callable after loading.
1250/1250 - 347s - loss: 0.0688 - psnr: 20.6561 - ssim: 0.4346 - val_loss: 0.0811 - val_psnr: 19.5686 - val_ssim: 0.5631 - lr: 0.0100 - 347s/epoch - 277ms/step
Epoch 4/5000

Epoch 4: val_loss improved from 0.08110 to 0.07911, saving model to models/model_coco_mae_35-40
WARNING:absl:Found untraced functions such as _jit_compiled_convolution_op, conv2d_layer_call_fn, conv2d_layer_call_and_return_conditional_losses, _jit_compiled_convolution_op, leaky_re_lu_layer_call_fn while saving (showing 5 of 241). These functions will not be directly callable after loading.
1250/1250 - 347s - loss: 0.0667 - psnr: 20.9258 - ssim: 0.4440 - val_loss: 0.0791 - val_psnr: 19.0946 - val_ssim: 0.5462 - lr: 0.0100 - 347s/epoch - 278ms/step
Epoch 5/5000

Epoch 5: val_loss improved from 0.07911 to 0.06968, saving model to models/model_coco_mae_35-40
WARNING:absl:Found untraced functions such as _jit_compiled_convolution_op, conv2d_layer_call_fn, conv2d_layer_call_and_return_conditional_losses, _jit_compiled_convolution_op, leaky_re_lu_layer_call_fn while saving (showing 5 of 241). These functions will not be directly callable after loading.
1250/1250 - 347s - loss: 0.0652 - psnr: 21.0668 - ssim: 0.4522 - val_loss: 0.0697 - val_psnr: 20.2275 - val_ssim: 0.5767 - lr: 0.0100 - 347s/epoch - 278ms/step
Epoch 6/5000

Epoch 6: val_loss did not improve from 0.06968
1250/1250 - 325s - loss: 0.0635 - psnr: 21.2468 - ssim: 0.4598 - val_loss: 0.0860 - val_psnr: 18.3267 - val_ssim: 0.5181 - lr: 0.0100 - 325s/epoch - 260ms/step
Epoch 7/5000

Epoch 7: val_loss improved from 0.06968 to 0.06308, saving model to models/model_coco_mae_35-40
WARNING:absl:Found untraced functions such as _jit_compiled_convolution_op, conv2d_layer_call_fn, conv2d_layer_call_and_return_conditional_losses, _jit_compiled_convolution_op, leaky_re_lu_layer_call_fn while saving (showing 5 of 241). These functions will not be directly callable after loading.
1250/1250 - 348s - loss: 0.0628 - psnr: 21.3143 - ssim: 0.4631 - val_loss: 0.0631 - val_psnr: 21.4568 - val_ssim: 0.6230 - lr: 0.0100 - 348s/epoch - 278ms/step
Epoch 8/5000

Epoch 8: val_loss improved from 0.06308 to 0.05715, saving model to models/model_coco_mae_35-40
WARNING:absl:Found untraced functions such as _jit_compiled_convolution_op, conv2d_layer_call_fn, conv2d_layer_call_and_return_conditional_losses, _jit_compiled_convolution_op, leaky_re_lu_layer_call_fn while saving (showing 5 of 241). These functions will not be directly callable after loading.
1250/1250 - 347s - loss: 0.0615 - psnr: 21.4844 - ssim: 0.4697 - val_loss: 0.0572 - val_psnr: 22.1204 - val_ssim: 0.6327 - lr: 0.0100 - 347s/epoch - 278ms/step
Epoch 9/5000

Epoch 9: val_loss did not improve from 0.05715
1250/1250 - 325s - loss: 0.0607 - psnr: 21.5616 - ssim: 0.4738 - val_loss: 0.0614 - val_psnr: 21.3349 - val_ssim: 0.6327 - lr: 0.0100 - 325s/epoch - 260ms/step
Epoch 10/5000

Epoch 10: val_loss did not improve from 0.05715
1250/1250 - 325s - loss: 0.0610 - psnr: 21.5528 - ssim: 0.4739 - val_loss: 0.0689 - val_psnr: 20.7325 - val_ssim: 0.6187 - lr: 0.0100 - 325s/epoch - 260ms/step
Epoch 11/5000

Epoch 11: val_loss did not improve from 0.05715
1250/1250 - 324s - loss: 0.0609 - psnr: 21.5423 - ssim: 0.4748 - val_loss: 0.0641 - val_psnr: 20.7387 - val_ssim: 0.6297 - lr: 0.0100 - 324s/epoch - 259ms/step
Epoch 12/5000

Epoch 12: val_loss did not improve from 0.05715
1250/1250 - 325s - loss: 0.0602 - psnr: 21.6437 - ssim: 0.4778 - val_loss: 0.1113 - val_psnr: 16.2548 - val_ssim: 0.4615 - lr: 0.0100 - 325s/epoch - 260ms/step
Epoch 13/5000

Epoch 13: val_loss did not improve from 0.05715
1250/1250 - 326s - loss: 0.0593 - psnr: 21.7444 - ssim: 0.4824 - val_loss: 0.0643 - val_psnr: 21.3525 - val_ssim: 0.6358 - lr: 0.0100 - 326s/epoch - 261ms/step
Epoch 14/5000

Epoch 14: val_loss did not improve from 0.05715
1250/1250 - 325s - loss: 0.0588 - psnr: 21.8406 - ssim: 0.4851 - val_loss: 0.0633 - val_psnr: 21.3632 - val_ssim: 0.6322 - lr: 0.0100 - 325s/epoch - 260ms/step
Epoch 15/5000

Epoch 15: val_loss did not improve from 0.05715
1250/1250 - 325s - loss: 0.0587 - psnr: 21.8556 - ssim: 0.4865 - val_loss: 0.0808 - val_psnr: 19.2902 - val_ssim: 0.5940 - lr: 0.0100 - 325s/epoch - 260ms/step
Epoch 16/5000

Epoch 16: val_loss did not improve from 0.05715
1250/1250 - 325s - loss: 0.0589 - psnr: 21.8224 - ssim: 0.4866 - val_loss: 0.0605 - val_psnr: 21.8589 - val_ssim: 0.6440 - lr: 0.0100 - 325s/epoch - 260ms/step
Epoch 17/5000

Epoch 17: val_loss did not improve from 0.05715
1250/1250 - 325s - loss: 0.0581 - psnr: 21.8935 - ssim: 0.4901 - val_loss: 0.0596 - val_psnr: 21.7969 - val_ssim: 0.6497 - lr: 0.0100 - 325s/epoch - 260ms/step
Epoch 18/5000

Epoch 18: val_loss did not improve from 0.05715
1250/1250 - 325s - loss: 0.0576 - psnr: 21.9613 - ssim: 0.4927 - val_loss: 0.0643 - val_psnr: 21.4394 - val_ssim: 0.6408 - lr: 0.0100 - 325s/epoch - 260ms/step
Epoch 19/5000

Epoch 19: val_loss did not improve from 0.05715
1250/1250 - 328s - loss: 0.0574 - psnr: 21.9853 - ssim: 0.4941 - val_loss: 0.0661 - val_psnr: 20.9181 - val_ssim: 0.6356 - lr: 0.0100 - 328s/epoch - 262ms/step
Epoch 20/5000

Epoch 20: val_loss did not improve from 0.05715
1250/1250 - 324s - loss: 0.0577 - psnr: 22.0151 - ssim: 0.4942 - val_loss: 0.0655 - val_psnr: 21.0958 - val_ssim: 0.6409 - lr: 0.0100 - 324s/epoch - 260ms/step
Epoch 21/5000

Epoch 21: val_loss did not improve from 0.05715
1250/1250 - 325s - loss: 0.0575 - psnr: 22.0398 - ssim: 0.4953 - val_loss: 0.0626 - val_psnr: 21.1972 - val_ssim: 0.6346 - lr: 0.0100 - 325s/epoch - 260ms/step
Epoch 22/5000

Epoch 22: val_loss did not improve from 0.05715
1250/1250 - 324s - loss: 0.0570 - psnr: 22.1022 - ssim: 0.4974 - val_loss: 0.0739 - val_psnr: 20.0449 - val_ssim: 0.6092 - lr: 0.0100 - 324s/epoch - 259ms/step
Epoch 23/5000

Epoch 23: val_loss did not improve from 0.05715
1250/1250 - 326s - loss: 0.0571 - psnr: 22.0468 - ssim: 0.4967 - val_loss: 0.0574 - val_psnr: 22.2317 - val_ssim: 0.6607 - lr: 0.0100 - 326s/epoch - 261ms/step
Epoch 24/5000

Epoch 24: val_loss did not improve from 0.05715
1250/1250 - 325s - loss: 0.0568 - psnr: 22.0968 - ssim: 0.4990 - val_loss: 0.0614 - val_psnr: 21.8080 - val_ssim: 0.6530 - lr: 0.0100 - 325s/epoch - 260ms/step
Epoch 25/5000

Epoch 25: val_loss did not improve from 0.05715
1250/1250 - 326s - loss: 0.0564 - psnr: 22.1577 - ssim: 0.5020 - val_loss: 0.0619 - val_psnr: 21.7966 - val_ssim: 0.6470 - lr: 0.0100 - 326s/epoch - 261ms/step
Epoch 26/5000

Epoch 26: val_loss did not improve from 0.05715
1250/1250 - 324s - loss: 0.0562 - psnr: 22.1862 - ssim: 0.5029 - val_loss: 0.0581 - val_psnr: 22.3498 - val_ssim: 0.6587 - lr: 0.0100 - 324s/epoch - 260ms/step
Epoch 27/5000

Epoch 27: val_loss did not improve from 0.05715
1250/1250 - 325s - loss: 0.0560 - psnr: 22.2004 - ssim: 0.5049 - val_loss: 0.0713 - val_psnr: 20.4532 - val_ssim: 0.6107 - lr: 0.0100 - 325s/epoch - 260ms/step
Epoch 28/5000

Epoch 28: ReduceLROnPlateau reducing learning rate to 0.0019999999552965165.

Epoch 28: val_loss did not improve from 0.05715
1250/1250 - 325s - loss: 0.0558 - psnr: 22.2203 - ssim: 0.5063 - val_loss: 0.0582 - val_psnr: 22.1595 - val_ssim: 0.6611 - lr: 0.0100 - 325s/epoch - 260ms/step
Epoch 29/5000

Epoch 29: val_loss improved from 0.05715 to 0.04915, saving model to models/model_coco_mae_35-40
WARNING:absl:Found untraced functions such as _jit_compiled_convolution_op, conv2d_layer_call_fn, conv2d_layer_call_and_return_conditional_losses, _jit_compiled_convolution_op, leaky_re_lu_layer_call_fn while saving (showing 5 of 241). These functions will not be directly callable after loading.
1250/1250 - 347s - loss: 0.0545 - psnr: 22.3610 - ssim: 0.5098 - val_loss: 0.0491 - val_psnr: 23.6056 - val_ssim: 0.6744 - lr: 0.0020 - 347s/epoch - 278ms/step
Epoch 30/5000

Epoch 30: val_loss improved from 0.04915 to 0.04898, saving model to models/model_coco_mae_35-40
WARNING:absl:Found untraced functions such as _jit_compiled_convolution_op, conv2d_layer_call_fn, conv2d_layer_call_and_return_conditional_losses, _jit_compiled_convolution_op, leaky_re_lu_layer_call_fn while saving (showing 5 of 241). These functions will not be directly callable after loading.
1250/1250 - 346s - loss: 0.0544 - psnr: 22.3730 - ssim: 0.5104 - val_loss: 0.0490 - val_psnr: 23.6911 - val_ssim: 0.6766 - lr: 0.0020 - 346s/epoch - 277ms/step
Epoch 31/5000

Epoch 31: val_loss did not improve from 0.04898
1250/1250 - 326s - loss: 0.0543 - psnr: 22.3778 - ssim: 0.5109 - val_loss: 0.0497 - val_psnr: 23.6167 - val_ssim: 0.6757 - lr: 0.0020 - 326s/epoch - 260ms/step
Epoch 32/5000

Epoch 32: val_loss did not improve from 0.04898
1250/1250 - 326s - loss: 0.0543 - psnr: 22.3848 - ssim: 0.5112 - val_loss: 0.0501 - val_psnr: 23.5513 - val_ssim: 0.6743 - lr: 0.0020 - 326s/epoch - 261ms/step
Epoch 33/5000

Epoch 33: val_loss did not improve from 0.04898
1250/1250 - 326s - loss: 0.0543 - psnr: 22.3922 - ssim: 0.5115 - val_loss: 0.0494 - val_psnr: 23.5902 - val_ssim: 0.6746 - lr: 0.0020 - 326s/epoch - 261ms/step
Epoch 34/5000

Epoch 34: val_loss did not improve from 0.04898
1250/1250 - 326s - loss: 0.0542 - psnr: 22.3992 - ssim: 0.5118 - val_loss: 0.0516 - val_psnr: 23.3418 - val_ssim: 0.6704 - lr: 0.0020 - 326s/epoch - 261ms/step
Epoch 35/5000

Epoch 35: val_loss did not improve from 0.04898
1250/1250 - 326s - loss: 0.0542 - psnr: 22.4009 - ssim: 0.5121 - val_loss: 0.0510 - val_psnr: 23.3930 - val_ssim: 0.6713 - lr: 0.0020 - 326s/epoch - 261ms/step
Epoch 36/5000

Epoch 36: val_loss did not improve from 0.04898
1250/1250 - 326s - loss: 0.0541 - psnr: 22.4088 - ssim: 0.5124 - val_loss: 0.0497 - val_psnr: 23.6104 - val_ssim: 0.6751 - lr: 0.0020 - 326s/epoch - 261ms/step
Epoch 37/5000

Epoch 37: val_loss did not improve from 0.04898
1250/1250 - 326s - loss: 0.0541 - psnr: 22.4103 - ssim: 0.5125 - val_loss: 0.0509 - val_psnr: 23.3782 - val_ssim: 0.6720 - lr: 0.0020 - 326s/epoch - 261ms/step
Epoch 38/5000

Epoch 38: val_loss did not improve from 0.04898
1250/1250 - 325s - loss: 0.0541 - psnr: 22.4179 - ssim: 0.5129 - val_loss: 0.0518 - val_psnr: 23.2490 - val_ssim: 0.6691 - lr: 0.0020 - 325s/epoch - 260ms/step
Epoch 39/5000

Epoch 39: val_loss did not improve from 0.04898
1250/1250 - 326s - loss: 0.0540 - psnr: 22.4145 - ssim: 0.5132 - val_loss: 0.0512 - val_psnr: 23.4190 - val_ssim: 0.6737 - lr: 0.0020 - 326s/epoch - 260ms/step
Epoch 40/5000

Epoch 40: val_loss did not improve from 0.04898
1250/1250 - 327s - loss: 0.0540 - psnr: 22.4240 - ssim: 0.5135 - val_loss: 0.0503 - val_psnr: 23.5180 - val_ssim: 0.6751 - lr: 0.0020 - 327s/epoch - 261ms/step
Epoch 41/5000

Epoch 41: val_loss did not improve from 0.04898
1250/1250 - 326s - loss: 0.0540 - psnr: 22.4260 - ssim: 0.5137 - val_loss: 0.0507 - val_psnr: 23.5007 - val_ssim: 0.6748 - lr: 0.0020 - 326s/epoch - 261ms/step
Epoch 42/5000

Epoch 42: val_loss did not improve from 0.04898
1250/1250 - 325s - loss: 0.0539 - psnr: 22.4350 - ssim: 0.5140 - val_loss: 0.0498 - val_psnr: 23.5961 - val_ssim: 0.6761 - lr: 0.0020 - 325s/epoch - 260ms/step
Epoch 43/5000

Epoch 43: val_loss did not improve from 0.04898
1250/1250 - 326s - loss: 0.0539 - psnr: 22.4339 - ssim: 0.5142 - val_loss: 0.0511 - val_psnr: 23.4345 - val_ssim: 0.6751 - lr: 0.0020 - 326s/epoch - 261ms/step
Epoch 44/5000

Epoch 44: val_loss did not improve from 0.04898
1250/1250 - 326s - loss: 0.0539 - psnr: 22.4436 - ssim: 0.5144 - val_loss: 0.0503 - val_psnr: 23.5446 - val_ssim: 0.6765 - lr: 0.0020 - 326s/epoch - 260ms/step
Epoch 45/5000

Epoch 45: val_loss did not improve from 0.04898
1250/1250 - 325s - loss: 0.0539 - psnr: 22.4434 - ssim: 0.5146 - val_loss: 0.0516 - val_psnr: 23.4414 - val_ssim: 0.6744 - lr: 0.0020 - 325s/epoch - 260ms/step
Epoch 46/5000

Epoch 46: val_loss did not improve from 0.04898
1250/1250 - 325s - loss: 0.0539 - psnr: 22.4528 - ssim: 0.5149 - val_loss: 0.0500 - val_psnr: 23.5869 - val_ssim: 0.6763 - lr: 0.0020 - 325s/epoch - 260ms/step
Epoch 47/5000

Epoch 47: val_loss did not improve from 0.04898
1250/1250 - 326s - loss: 0.0538 - psnr: 22.4480 - ssim: 0.5150 - val_loss: 0.0525 - val_psnr: 23.2144 - val_ssim: 0.6706 - lr: 0.0020 - 326s/epoch - 261ms/step
Epoch 48/5000

Epoch 48: val_loss did not improve from 0.04898
1250/1250 - 325s - loss: 0.0538 - psnr: 22.4524 - ssim: 0.5153 - val_loss: 0.0503 - val_psnr: 23.5490 - val_ssim: 0.6753 - lr: 0.0020 - 325s/epoch - 260ms/step
Epoch 49/5000

Epoch 49: val_loss did not improve from 0.04898
1250/1250 - 325s - loss: 0.0538 - psnr: 22.4610 - ssim: 0.5156 - val_loss: 0.0501 - val_psnr: 23.5761 - val_ssim: 0.6780 - lr: 0.0020 - 325s/epoch - 260ms/step
Epoch 50/5000

Epoch 50: val_loss did not improve from 0.04898
1250/1250 - 326s - loss: 0.0537 - psnr: 22.4664 - ssim: 0.5159 - val_loss: 0.0513 - val_psnr: 23.4333 - val_ssim: 0.6761 - lr: 0.0020 - 326s/epoch - 261ms/step
Epoch 51/5000

Epoch 51: val_loss did not improve from 0.04898
1250/1250 - 326s - loss: 0.0537 - psnr: 22.4699 - ssim: 0.5161 - val_loss: 0.0493 - val_psnr: 23.7056 - val_ssim: 0.6778 - lr: 0.0020 - 326s/epoch - 260ms/step
Epoch 52/5000

Epoch 52: ReduceLROnPlateau reducing learning rate to 0.0003999999724328518.

Epoch 52: val_loss did not improve from 0.04898
1250/1250 - 325s - loss: 0.0537 - psnr: 22.4667 - ssim: 0.5162 - val_loss: 0.0516 - val_psnr: 23.4042 - val_ssim: 0.6745 - lr: 0.0020 - 325s/epoch - 260ms/step
Epoch 53/5000

Epoch 53: val_loss did not improve from 0.04898
1250/1250 - 325s - loss: 0.0534 - psnr: 22.5016 - ssim: 0.5171 - val_loss: 0.0495 - val_psnr: 23.6643 - val_ssim: 0.6814 - lr: 4.0000e-04 - 325s/epoch - 260ms/step
Epoch 54/5000

Epoch 54: val_loss did not improve from 0.04898
1250/1250 - 325s - loss: 0.0534 - psnr: 22.5058 - ssim: 0.5171 - val_loss: 0.0496 - val_psnr: 23.6659 - val_ssim: 0.6809 - lr: 4.0000e-04 - 325s/epoch - 260ms/step
Epoch 55/5000

Epoch 55: val_loss did not improve from 0.04898
1250/1250 - 325s - loss: 0.0534 - psnr: 22.5058 - ssim: 0.5171 - val_loss: 0.0495 - val_psnr: 23.6871 - val_ssim: 0.6822 - lr: 4.0000e-04 - 325s/epoch - 260ms/step
Epoch 56/5000

Epoch 56: val_loss did not improve from 0.04898
1250/1250 - 326s - loss: 0.0534 - psnr: 22.5036 - ssim: 0.5171 - val_loss: 0.0501 - val_psnr: 23.5940 - val_ssim: 0.6804 - lr: 4.0000e-04 - 326s/epoch - 261ms/step
Epoch 57/5000

Epoch 57: val_loss did not improve from 0.04898
1250/1250 - 328s - loss: 0.0534 - psnr: 22.5054 - ssim: 0.5172 - val_loss: 0.0493 - val_psnr: 23.7182 - val_ssim: 0.6815 - lr: 4.0000e-04 - 328s/epoch - 262ms/step
Epoch 58/5000

Epoch 58: val_loss did not improve from 0.04898
1250/1250 - 325s - loss: 0.0534 - psnr: 22.5078 - ssim: 0.5173 - val_loss: 0.0495 - val_psnr: 23.6790 - val_ssim: 0.6817 - lr: 4.0000e-04 - 325s/epoch - 260ms/step
Epoch 59/5000

Epoch 59: val_loss did not improve from 0.04898
1250/1250 - 325s - loss: 0.0534 - psnr: 22.5079 - ssim: 0.5174 - val_loss: 0.0500 - val_psnr: 23.6133 - val_ssim: 0.6807 - lr: 4.0000e-04 - 325s/epoch - 260ms/step
Epoch 60/5000

Epoch 60: val_loss did not improve from 0.04898
1250/1250 - 325s - loss: 0.0534 - psnr: 22.5047 - ssim: 0.5175 - val_loss: 0.0500 - val_psnr: 23.6275 - val_ssim: 0.6815 - lr: 4.0000e-04 - 325s/epoch - 260ms/step
Epoch 61/5000

Epoch 61: val_loss did not improve from 0.04898
1250/1250 - 325s - loss: 0.0534 - psnr: 22.5091 - ssim: 0.5175 - val_loss: 0.0498 - val_psnr: 23.6466 - val_ssim: 0.6813 - lr: 4.0000e-04 - 325s/epoch - 260ms/step
Epoch 62/5000

Epoch 62: val_loss did not improve from 0.04898
1250/1250 - 325s - loss: 0.0534 - psnr: 22.5106 - ssim: 0.5176 - val_loss: 0.0498 - val_psnr: 23.6500 - val_ssim: 0.6815 - lr: 4.0000e-04 - 325s/epoch - 260ms/step
Epoch 63/5000

Epoch 63: val_loss did not improve from 0.04898
1250/1250 - 327s - loss: 0.0534 - psnr: 22.5094 - ssim: 0.5176 - val_loss: 0.0498 - val_psnr: 23.6579 - val_ssim: 0.6813 - lr: 4.0000e-04 - 327s/epoch - 261ms/step
Epoch 64/5000

Epoch 64: val_loss did not improve from 0.04898
1250/1250 - 324s - loss: 0.0533 - psnr: 22.5126 - ssim: 0.5177 - val_loss: 0.0495 - val_psnr: 23.6878 - val_ssim: 0.6828 - lr: 4.0000e-04 - 324s/epoch - 259ms/step
Epoch 65/5000

Epoch 65: val_loss did not improve from 0.04898
1250/1250 - 325s - loss: 0.0533 - psnr: 22.5116 - ssim: 0.5177 - val_loss: 0.0499 - val_psnr: 23.6214 - val_ssim: 0.6812 - lr: 4.0000e-04 - 325s/epoch - 260ms/step
Epoch 66/5000

Epoch 66: val_loss did not improve from 0.04898
1250/1250 - 325s - loss: 0.0533 - psnr: 22.5142 - ssim: 0.5177 - val_loss: 0.0497 - val_psnr: 23.6491 - val_ssim: 0.6819 - lr: 4.0000e-04 - 325s/epoch - 260ms/step
Epoch 67/5000

Epoch 67: val_loss did not improve from 0.04898
1250/1250 - 326s - loss: 0.0533 - psnr: 22.5188 - ssim: 0.5178 - val_loss: 0.0498 - val_psnr: 23.6471 - val_ssim: 0.6820 - lr: 4.0000e-04 - 326s/epoch - 261ms/step
Epoch 68/5000

Epoch 68: val_loss did not improve from 0.04898
1250/1250 - 325s - loss: 0.0533 - psnr: 22.5217 - ssim: 0.5178 - val_loss: 0.0502 - val_psnr: 23.5970 - val_ssim: 0.6817 - lr: 4.0000e-04 - 325s/epoch - 260ms/step
Epoch 69/5000

Epoch 69: val_loss did not improve from 0.04898
1250/1250 - 328s - loss: 0.0533 - psnr: 22.5187 - ssim: 0.5179 - val_loss: 0.0501 - val_psnr: 23.6102 - val_ssim: 0.6806 - lr: 4.0000e-04 - 328s/epoch - 263ms/step
Epoch 70/5000

Epoch 70: val_loss did not improve from 0.04898
1250/1250 - 325s - loss: 0.0533 - psnr: 22.5184 - ssim: 0.5179 - val_loss: 0.0496 - val_psnr: 23.6712 - val_ssim: 0.6816 - lr: 4.0000e-04 - 325s/epoch - 260ms/step
Epoch 71/5000

Epoch 71: val_loss did not improve from 0.04898
1250/1250 - 325s - loss: 0.0533 - psnr: 22.5143 - ssim: 0.5179 - val_loss: 0.0505 - val_psnr: 23.5410 - val_ssim: 0.6801 - lr: 4.0000e-04 - 325s/epoch - 260ms/step
Epoch 72/5000

Epoch 72: val_loss did not improve from 0.04898
1250/1250 - 324s - loss: 0.0533 - psnr: 22.5199 - ssim: 0.5182 - val_loss: 0.0498 - val_psnr: 23.6503 - val_ssim: 0.6817 - lr: 4.0000e-04 - 324s/epoch - 259ms/step
Epoch 73/5000

Epoch 73: val_loss did not improve from 0.04898
1250/1250 - 326s - loss: 0.0533 - psnr: 22.5181 - ssim: 0.5181 - val_loss: 0.0506 - val_psnr: 23.5337 - val_ssim: 0.6805 - lr: 4.0000e-04 - 326s/epoch - 261ms/step
Epoch 74/5000

Epoch 74: val_loss did not improve from 0.04898
1250/1250 - 325s - loss: 0.0533 - psnr: 22.5213 - ssim: 0.5182 - val_loss: 0.0494 - val_psnr: 23.6806 - val_ssim: 0.6828 - lr: 4.0000e-04 - 325s/epoch - 260ms/step
Epoch 75/5000

Epoch 75: val_loss did not improve from 0.04898
1250/1250 - 325s - loss: 0.0533 - psnr: 22.5248 - ssim: 0.5182 - val_loss: 0.0495 - val_psnr: 23.6721 - val_ssim: 0.6827 - lr: 4.0000e-04 - 325s/epoch - 260ms/step
Epoch 76/5000

Epoch 76: ReduceLROnPlateau reducing learning rate to 7.999999215826393e-05.

Epoch 76: val_loss did not improve from 0.04898
1250/1250 - 325s - loss: 0.0533 - psnr: 22.5271 - ssim: 0.5182 - val_loss: 0.0503 - val_psnr: 23.5661 - val_ssim: 0.6804 - lr: 4.0000e-04 - 325s/epoch - 260ms/step
Epoch 77/5000

Epoch 77: val_loss did not improve from 0.04898
1250/1250 - 325s - loss: 0.0532 - psnr: 22.5316 - ssim: 0.5186 - val_loss: 0.0498 - val_psnr: 23.6551 - val_ssim: 0.6833 - lr: 8.0000e-05 - 325s/epoch - 260ms/step
Epoch 78/5000

Epoch 78: val_loss did not improve from 0.04898
1250/1250 - 325s - loss: 0.0532 - psnr: 22.5331 - ssim: 0.5184 - val_loss: 0.0497 - val_psnr: 23.6686 - val_ssim: 0.6834 - lr: 8.0000e-05 - 325s/epoch - 260ms/step
Epoch 79/5000

Epoch 79: val_loss did not improve from 0.04898
1250/1250 - 325s - loss: 0.0532 - psnr: 22.5317 - ssim: 0.5184 - val_loss: 0.0499 - val_psnr: 23.6445 - val_ssim: 0.6832 - lr: 8.0000e-05 - 325s/epoch - 260ms/step
Epoch 80/5000
Restoring model weights from the end of the best epoch: 30.

Epoch 80: val_loss did not improve from 0.04898
1250/1250 - 325s - loss: 0.0532 - psnr: 22.5326 - ssim: 0.5184 - val_loss: 0.0497 - val_psnr: 23.6697 - val_ssim: 0.6835 - lr: 8.0000e-05 - 325s/epoch - 260ms/step
Epoch 80: early stopping
[0m
[32mSaving model architecture text summary...[0m
[32mSaving model training history...[0m
[32mEvaluating model...[0m
[36m
313/313 - 532s - loss: 0.0487 - psnr: 23.7594 - ssim: 0.6772 - 532s/epoch - 2s/step
WARNING:matplotlib.font_manager:findfont: Generic family 'sans-serif' not found because none of the following families were found: Readex Pro
WARNING:matplotlib.font_manager:findfont: Generic family 'sans-serif' not found because none of the following families were found: Readex Pro
WARNING:matplotlib.font_manager:findfont: Generic family 'sans-serif' not found because none of the following families were found: Readex Pro
WARNING:matplotlib.font_manager:findfont: Generic family 'sans-serif' not found because none of the following families were found: Readex Pro
WARNING:matplotlib.font_manager:findfont: Generic family 'sans-serif' not found because none of the following families were found: Readex Pro
WARNING:matplotlib.font_manager:findfont: Generic family 'sans-serif' not found because none of the following families were found: Readex Pro
WARNING:matplotlib.font_manager:findfont: Generic family 'sans-serif' not found because none of the following families were found: Readex Pro
WARNING:matplotlib.font_manager:findfont: Generic family 'sans-serif' not found because none of the following families were found: Readex Pro
WARNING:matplotlib.font_manager:findfont: Generic family 'sans-serif' not found because none of the following families were found: Readex Pro
WARNING:matplotlib.font_manager:findfont: Generic family 'sans-serif' not found because none of the following families were found: Readex Pro
WARNING:matplotlib.font_manager:findfont: Generic family 'sans-serif' not found because none of the following families were found: Readex Pro
WARNING:matplotlib.font_manager:findfont: Generic family 'sans-serif' not found because none of the following families were found: Readex Pro
WARNING:matplotlib.font_manager:findfont: Generic family 'sans-serif' not found because none of the following families were found: Readex Pro
WARNING:matplotlib.font_manager:findfont: Generic family 'sans-serif' not found because none of the following families were found: Readex Pro
WARNING:matplotlib.font_manager:findfont: Generic family 'sans-serif' not found because none of the following families were found: Readex Pro
WARNING:matplotlib.font_manager:findfont: Generic family 'sans-serif' not found because none of the following families were found: Readex Pro
WARNING:matplotlib.font_manager:findfont: Generic family 'sans-serif' not found because none of the following families were found: Readex Pro
WARNING:matplotlib.font_manager:findfont: Generic family 'sans-serif' not found because none of the following families were found: Readex Pro
WARNING:matplotlib.font_manager:findfont: Generic family 'sans-serif' not found because none of the following families were found: Readex Pro
WARNING:matplotlib.font_manager:findfont: Generic family 'sans-serif' not found because none of the following families were found: Readex Pro
WARNING:matplotlib.font_manager:findfont: Generic family 'sans-serif' not found because none of the following families were found: Readex Pro
WARNING:matplotlib.font_manager:findfont: Generic family 'sans-serif' not found because none of the following families were found: Readex Pro
WARNING:matplotlib.font_manager:findfont: Generic family 'sans-serif' not found because none of the following families were found: Readex Pro
WARNING:matplotlib.font_manager:findfont: Generic family 'sans-serif' not found because none of the following families were found: Readex Pro
WARNING:matplotlib.font_manager:findfont: Generic family 'sans-serif' not found because none of the following families were found: Readex Pro
WARNING:matplotlib.font_manager:findfont: Generic family 'sans-serif' not found because none of the following families were found: Readex Pro
WARNING:matplotlib.font_manager:findfont: Generic family 'sans-serif' not found because none of the following families were found: Readex Pro
WARNING:matplotlib.font_manager:findfont: Generic family 'sans-serif' not found because none of the following families were found: Readex Pro
WARNING:matplotlib.font_manager:findfont: Generic family 'sans-serif' not found because none of the following families were found: Readex Pro
WARNING:matplotlib.font_manager:findfont: Generic family 'sans-serif' not found because none of the following families were found: Readex Pro
WARNING:matplotlib.font_manager:findfont: Generic family 'sans-serif' not found because none of the following families were found: Readex Pro
WARNING:matplotlib.font_manager:findfont: Generic family 'sans-serif' not found because none of the following families were found: Readex Pro
WARNING:matplotlib.font_manager:findfont: Generic family 'sans-serif' not found because none of the following families were found: Readex Pro
WARNING:matplotlib.font_manager:findfont: Generic family 'sans-serif' not found because none of the following families were found: Readex Pro
WARNING:matplotlib.font_manager:findfont: Generic family 'sans-serif' not found because none of the following families were found: Readex Pro
WARNING:matplotlib.font_manager:findfont: Generic family 'sans-serif' not found because none of the following families were found: Readex Pro
WARNING:matplotlib.font_manager:findfont: Generic family 'sans-serif' not found because none of the following families were found: Readex Pro
WARNING:matplotlib.font_manager:findfont: Generic family 'sans-serif' not found because none of the following families were found: Readex Pro
WARNING:matplotlib.font_manager:findfont: Generic family 'sans-serif' not found because none of the following families were found: Readex Pro
WARNING:matplotlib.font_manager:findfont: Generic family 'sans-serif' not found because none of the following families were found: Readex Pro
WARNING:matplotlib.font_manager:findfont: Generic family 'sans-serif' not found because none of the following families were found: Readex Pro
WARNING:matplotlib.font_manager:findfont: Generic family 'sans-serif' not found because none of the following families were found: Readex Pro
WARNING:matplotlib.font_manager:findfont: Generic family 'sans-serif' not found because none of the following families were found: Readex Pro
WARNING:matplotlib.font_manager:findfont: Generic family 'sans-serif' not found because none of the following families were found: Readex Pro
WARNING:matplotlib.font_manager:findfont: Generic family 'sans-serif' not found because none of the following families were found: Readex Pro
WARNING:matplotlib.font_manager:findfont: Generic family 'sans-serif' not found because none of the following families were found: Readex Pro
WARNING:matplotlib.font_manager:findfont: Generic family 'sans-serif' not found because none of the following families were found: Readex Pro
WARNING:matplotlib.font_manager:findfont: Generic family 'sans-serif' not found because none of the following families were found: Readex Pro
WARNING:matplotlib.font_manager:findfont: Generic family 'sans-serif' not found because none of the following families were found: Readex Pro
WARNING:matplotlib.font_manager:findfont: Generic family 'sans-serif' not found because none of the following families were found: Readex Pro
WARNING:matplotlib.font_manager:findfont: Generic family 'sans-serif' not found because none of the following families were found: Readex Pro
WARNING:matplotlib.font_manager:findfont: Generic family 'sans-serif' not found because none of the following families were found: Readex Pro
WARNING:matplotlib.font_manager:findfont: Generic family 'sans-serif' not found because none of the following families were found: Readex Pro
WARNING:matplotlib.font_manager:findfont: Generic family 'sans-serif' not found because none of the following families were found: Readex Pro
WARNING:matplotlib.font_manager:findfont: Generic family 'sans-serif' not found because none of the following families were found: Readex Pro
WARNING:matplotlib.font_manager:findfont: Generic family 'sans-serif' not found because none of the following families were found: Readex Pro
WARNING:matplotlib.font_manager:findfont: Generic family 'sans-serif' not found because none of the following families were found: Readex Pro
WARNING:matplotlib.font_manager:findfont: Generic family 'sans-serif' not found because none of the following families were found: Readex Pro
WARNING:matplotlib.font_manager:findfont: Generic family 'sans-serif' not found because none of the following families were found: Readex Pro
WARNING:matplotlib.font_manager:findfont: Generic family 'sans-serif' not found because none of the following families were found: Readex Pro
WARNING:matplotlib.font_manager:findfont: Generic family 'sans-serif' not found because none of the following families were found: Readex Pro
WARNING:matplotlib.font_manager:findfont: Generic family 'sans-serif' not found because none of the following families were found: Readex Pro
WARNING:matplotlib.font_manager:findfont: Generic family 'sans-serif' not found because none of the following families were found: Readex Pro
WARNING:matplotlib.font_manager:findfont: Generic family 'sans-serif' not found because none of the following families were found: Readex Pro
WARNING:matplotlib.font_manager:findfont: Generic family 'sans-serif' not found because none of the following families were found: Readex Pro
WARNING:matplotlib.font_manager:findfont: Generic family 'sans-serif' not found because none of the following families were found: Readex Pro
WARNING:matplotlib.font_manager:findfont: Generic family 'sans-serif' not found because none of the following families were found: Readex Pro
WARNING:matplotlib.font_manager:findfont: Generic family 'sans-serif' not found because none of the following families were found: Readex Pro
WARNING:matplotlib.font_manager:findfont: Generic family 'sans-serif' not found because none of the following families were found: Readex Pro
WARNING:matplotlib.font_manager:findfont: Generic family 'sans-serif' not found because none of the following families were found: Readex Pro
WARNING:matplotlib.font_manager:findfont: Generic family 'sans-serif' not found because none of the following families were found: Readex Pro
WARNING:matplotlib.font_manager:findfont: Generic family 'sans-serif' not found because none of the following families were found: Readex Pro
WARNING:matplotlib.font_manager:findfont: Generic family 'sans-serif' not found because none of the following families were found: Readex Pro
WARNING:matplotlib.font_manager:findfont: Generic family 'sans-serif' not found because none of the following families were found: Readex Pro
WARNING:matplotlib.font_manager:findfont: Generic family 'sans-serif' not found because none of the following families were found: Readex Pro
WARNING:matplotlib.font_manager:findfont: Generic family 'sans-serif' not found because none of the following families were found: Readex Pro
WARNING:matplotlib.font_manager:findfont: Generic family 'sans-serif' not found because none of the following families were found: Readex Pro
WARNING:matplotlib.font_manager:findfont: Generic family 'sans-serif' not found because none of the following families were found: Readex Pro
WARNING:matplotlib.font_manager:findfont: Generic family 'sans-serif' not found because none of the following families were found: Readex Pro
WARNING:matplotlib.font_manager:findfont: Generic family 'sans-serif' not found because none of the following families were found: Readex Pro
WARNING:matplotlib.font_manager:findfont: Generic family 'sans-serif' not found because none of the following families were found: Readex Pro
WARNING:matplotlib.font_manager:findfont: Generic family 'sans-serif' not found because none of the following families were found: Readex Pro
WARNING:matplotlib.font_manager:findfont: Generic family 'sans-serif' not found because none of the following families were found: Readex Pro
WARNING:matplotlib.font_manager:findfont: Generic family 'sans-serif' not found because none of the following families were found: Readex Pro
WARNING:matplotlib.font_manager:findfont: Generic family 'sans-serif' not found because none of the following families were found: Readex Pro
WARNING:matplotlib.font_manager:findfont: Generic family 'sans-serif' not found because none of the following families were found: Readex Pro
WARNING:matplotlib.font_manager:findfont: Generic family 'sans-serif' not found because none of the following families were found: Readex Pro
WARNING:matplotlib.font_manager:findfont: Generic family 'sans-serif' not found because none of the following families were found: Readex Pro
WARNING:matplotlib.font_manager:findfont: Generic family 'sans-serif' not found because none of the following families were found: Readex Pro
WARNING:matplotlib.font_manager:findfont: Generic family 'sans-serif' not found because none of the following families were found: Readex Pro
WARNING:matplotlib.font_manager:findfont: Generic family 'sans-serif' not found because none of the following families were found: Readex Pro
WARNING:matplotlib.font_manager:findfont: Generic family 'sans-serif' not found because none of the following families were found: Readex Pro
WARNING:matplotlib.font_manager:findfont: Generic family 'sans-serif' not found because none of the following families were found: Readex Pro
WARNING:matplotlib.font_manager:findfont: Generic family 'sans-serif' not found because none of the following families were found: Readex Pro
WARNING:matplotlib.font_manager:findfont: Generic family 'sans-serif' not found because none of the following families were found: Readex Pro
WARNING:matplotlib.font_manager:findfont: Generic family 'sans-serif' not found because none of the following families were found: Readex Pro
WARNING:matplotlib.font_manager:findfont: Generic family 'sans-serif' not found because none of the following families were found: Readex Pro
WARNING:matplotlib.font_manager:findfont: Generic family 'sans-serif' not found because none of the following families were found: Readex Pro
WARNING:matplotlib.font_manager:findfont: Generic family 'sans-serif' not found because none of the following families were found: Readex Pro
WARNING:matplotlib.font_manager:findfont: Generic family 'sans-serif' not found because none of the following families were found: Readex Pro
WARNING:matplotlib.font_manager:findfont: Generic family 'sans-serif' not found because none of the following families were found: Readex Pro
WARNING:matplotlib.font_manager:findfont: Generic family 'sans-serif' not found because none of the following families were found: Readex Pro
WARNING:matplotlib.font_manager:findfont: Generic family 'sans-serif' not found because none of the following families were found: Readex Pro
WARNING:matplotlib.font_manager:findfont: Generic family 'sans-serif' not found because none of the following families were found: Readex Pro
WARNING:matplotlib.font_manager:findfont: Generic family 'sans-serif' not found because none of the following families were found: Readex Pro
WARNING:matplotlib.font_manager:findfont: Generic family 'sans-serif' not found because none of the following families were found: Readex Pro
WARNING:matplotlib.font_manager:findfont: Generic family 'sans-serif' not found because none of the following families were found: Readex Pro
WARNING:matplotlib.font_manager:findfont: Generic family 'sans-serif' not found because none of the following families were found: Readex Pro
WARNING:matplotlib.font_manager:findfont: Generic family 'sans-serif' not found because none of the following families were found: Readex Pro
WARNING:matplotlib.font_manager:findfont: Generic family 'sans-serif' not found because none of the following families were found: Readex Pro
WARNING:matplotlib.font_manager:findfont: Generic family 'sans-serif' not found because none of the following families were found: Readex Pro
WARNING:matplotlib.font_manager:findfont: Generic family 'sans-serif' not found because none of the following families were found: Readex Pro
WARNING:matplotlib.font_manager:findfont: Generic family 'sans-serif' not found because none of the following families were found: Readex Pro
WARNING:matplotlib.font_manager:findfont: Generic family 'sans-serif' not found because none of the following families were found: Readex Pro
WARNING:matplotlib.font_manager:findfont: Generic family 'sans-serif' not found because none of the following families were found: Readex Pro
WARNING:matplotlib.font_manager:findfont: Generic family 'sans-serif' not found because none of the following families were found: Readex Pro
WARNING:matplotlib.font_manager:findfont: Generic family 'sans-serif' not found because none of the following families were found: Readex Pro
WARNING:matplotlib.font_manager:findfont: Generic family 'sans-serif' not found because none of the following families were found: Readex Pro
WARNING:matplotlib.font_manager:findfont: Generic family 'sans-serif' not found because none of the following families were found: Readex Pro
WARNING:matplotlib.font_manager:findfont: Generic family 'sans-serif' not found because none of the following families were found: Readex Pro
WARNING:matplotlib.font_manager:findfont: Generic family 'sans-serif' not found because none of the following families were found: Readex Pro
WARNING:matplotlib.font_manager:findfont: Generic family 'sans-serif' not found because none of the following families were found: Readex Pro
WARNING:matplotlib.font_manager:findfont: Generic family 'sans-serif' not found because none of the following families were found: Readex Pro
WARNING:matplotlib.font_manager:findfont: Generic family 'sans-serif' not found because none of the following families were found: Readex Pro
WARNING:matplotlib.font_manager:findfont: Generic family 'sans-serif' not found because none of the following families were found: Readex Pro
WARNING:matplotlib.font_manager:findfont: Generic family 'sans-serif' not found because none of the following families were found: Readex Pro
WARNING:matplotlib.font_manager:findfont: Generic family 'sans-serif' not found because none of the following families were found: Readex Pro
WARNING:matplotlib.font_manager:findfont: Generic family 'sans-serif' not found because none of the following families were found: Readex Pro
WARNING:matplotlib.font_manager:findfont: Generic family 'sans-serif' not found because none of the following families were found: Readex Pro
WARNING:matplotlib.font_manager:findfont: Generic family 'sans-serif' not found because none of the following families were found: Readex Pro
WARNING:matplotlib.font_manager:findfont: Generic family 'sans-serif' not found because none of the following families were found: Readex Pro
WARNING:matplotlib.font_manager:findfont: Generic family 'sans-serif' not found because none of the following families were found: Readex Pro
WARNING:matplotlib.font_manager:findfont: Generic family 'sans-serif' not found because none of the following families were found: Readex Pro
WARNING:matplotlib.font_manager:findfont: Generic family 'sans-serif' not found because none of the following families were found: Readex Pro
WARNING:matplotlib.font_manager:findfont: Generic family 'sans-serif' not found because none of the following families were found: Readex Pro
WARNING:matplotlib.font_manager:findfont: Generic family 'sans-serif' not found because none of the following families were found: Readex Pro
WARNING:matplotlib.font_manager:findfont: Generic family 'sans-serif' not found because none of the following families were found: Readex Pro
WARNING:matplotlib.font_manager:findfont: Generic family 'sans-serif' not found because none of the following families were found: Readex Pro
WARNING:matplotlib.font_manager:findfont: Generic family 'sans-serif' not found because none of the following families were found: Readex Pro
WARNING:matplotlib.font_manager:findfont: Generic family 'sans-serif' not found because none of the following families were found: Readex Pro
WARNING:matplotlib.font_manager:findfont: Generic family 'sans-serif' not found because none of the following families were found: Readex Pro
WARNING:matplotlib.font_manager:findfont: Generic family 'sans-serif' not found because none of the following families were found: Readex Pro
WARNING:matplotlib.font_manager:findfont: Generic family 'sans-serif' not found because none of the following families were found: Readex Pro
WARNING:matplotlib.font_manager:findfont: Generic family 'sans-serif' not found because none of the following families were found: Readex Pro
WARNING:matplotlib.font_manager:findfont: Generic family 'sans-serif' not found because none of the following families were found: Readex Pro
WARNING:matplotlib.font_manager:findfont: Generic family 'sans-serif' not found because none of the following families were found: Readex Pro
WARNING:matplotlib.font_manager:findfont: Generic family 'sans-serif' not found because none of the following families were found: Readex Pro
WARNING:matplotlib.font_manager:findfont: Generic family 'sans-serif' not found because none of the following families were found: Readex Pro
WARNING:matplotlib.font_manager:findfont: Generic family 'sans-serif' not found because none of the following families were found: Readex Pro
WARNING:matplotlib.font_manager:findfont: Generic family 'sans-serif' not found because none of the following families were found: Readex Pro
WARNING:matplotlib.font_manager:findfont: Generic family 'sans-serif' not found because none of the following families were found: Readex Pro
WARNING:matplotlib.font_manager:findfont: Generic family 'sans-serif' not found because none of the following families were found: Readex Pro
WARNING:matplotlib.font_manager:findfont: Generic family 'sans-serif' not found because none of the following families were found: Readex Pro
WARNING:matplotlib.font_manager:findfont: Generic family 'sans-serif' not found because none of the following families were found: Readex Pro
WARNING:matplotlib.font_manager:findfont: Generic family 'sans-serif' not found because none of the following families were found: Readex Pro
WARNING:matplotlib.font_manager:findfont: Generic family 'sans-serif' not found because none of the following families were found: Readex Pro
WARNING:matplotlib.font_manager:findfont: Generic family 'sans-serif' not found because none of the following families were found: Readex Pro
WARNING:matplotlib.font_manager:findfont: Generic family 'sans-serif' not found because none of the following families were found: Readex Pro
WARNING:matplotlib.font_manager:findfont: Generic family 'sans-serif' not found because none of the following families were found: Readex Pro
WARNING:matplotlib.font_manager:findfont: Generic family 'sans-serif' not found because none of the following families were found: Readex Pro
WARNING:matplotlib.font_manager:findfont: Generic family 'sans-serif' not found because none of the following families were found: Readex Pro
WARNING:matplotlib.font_manager:findfont: Generic family 'sans-serif' not found because none of the following families were found: Readex Pro
WARNING:matplotlib.font_manager:findfont: Generic family 'sans-serif' not found because none of the following families were found: Readex Pro
WARNING:matplotlib.font_manager:findfont: Generic family 'sans-serif' not found because none of the following families were found: Readex Pro
WARNING:matplotlib.font_manager:findfont: Generic family 'sans-serif' not found because none of the following families were found: Readex Pro
WARNING:matplotlib.font_manager:findfont: Generic family 'sans-serif' not found because none of the following families were found: Readex Pro
WARNING:matplotlib.font_manager:findfont: Generic family 'sans-serif' not found because none of the following families were found: Readex Pro
WARNING:matplotlib.font_manager:findfont: Generic family 'sans-serif' not found because none of the following families were found: Readex Pro
WARNING:matplotlib.font_manager:findfont: Generic family 'sans-serif' not found because none of the following families were found: Readex Pro
WARNING:matplotlib.font_manager:findfont: Generic family 'sans-serif' not found because none of the following families were found: Readex Pro
WARNING:matplotlib.font_manager:findfont: Generic family 'sans-serif' not found because none of the following families were found: Readex Pro
WARNING:matplotlib.font_manager:findfont: Generic family 'sans-serif' not found because none of the following families were found: Readex Pro
WARNING:matplotlib.font_manager:findfont: Generic family 'sans-serif' not found because none of the following families were found: Readex Pro
WARNING:matplotlib.font_manager:findfont: Generic family 'sans-serif' not found because none of the following families were found: Readex Pro
WARNING:matplotlib.font_manager:findfont: Generic family 'sans-serif' not found because none of the following families were found: Readex Pro
WARNING:matplotlib.font_manager:findfont: Generic family 'sans-serif' not found because none of the following families were found: Readex Pro
WARNING:matplotlib.font_manager:findfont: Generic family 'sans-serif' not found because none of the following families were found: Readex Pro
WARNING:matplotlib.font_manager:findfont: Generic family 'sans-serif' not found because none of the following families were found: Readex Pro
WARNING:matplotlib.font_manager:findfont: Generic family 'sans-serif' not found because none of the following families were found: Readex Pro
WARNING:matplotlib.font_manager:findfont: Generic family 'sans-serif' not found because none of the following families were found: Readex Pro
WARNING:matplotlib.font_manager:findfont: Generic family 'sans-serif' not found because none of the following families were found: Readex Pro
WARNING:matplotlib.font_manager:findfont: Generic family 'sans-serif' not found because none of the following families were found: Readex Pro
WARNING:matplotlib.font_manager:findfont: Generic family 'sans-serif' not found because none of the following families were found: Readex Pro
WARNING:matplotlib.font_manager:findfont: Generic family 'sans-serif' not found because none of the following families were found: Readex Pro
WARNING:matplotlib.font_manager:findfont: Generic family 'sans-serif' not found because none of the following families were found: Readex Pro
WARNING:matplotlib.font_manager:findfont: Generic family 'sans-serif' not found because none of the following families were found: Readex Pro
WARNING:matplotlib.font_manager:findfont: Generic family 'sans-serif' not found because none of the following families were found: Readex Pro
WARNING:matplotlib.font_manager:findfont: Generic family 'sans-serif' not found because none of the following families were found: Readex Pro
WARNING:matplotlib.font_manager:findfont: Generic family 'sans-serif' not found because none of the following families were found: Readex Pro
WARNING:matplotlib.font_manager:findfont: Generic family 'sans-serif' not found because none of the following families were found: Readex Pro
WARNING:matplotlib.font_manager:findfont: Generic family 'sans-serif' not found because none of the following families were found: Readex Pro
WARNING:matplotlib.font_manager:findfont: Generic family 'sans-serif' not found because none of the following families were found: Readex Pro
WARNING:matplotlib.font_manager:findfont: Generic family 'sans-serif' not found because none of the following families were found: Readex Pro
WARNING:matplotlib.font_manager:findfont: Generic family 'sans-serif' not found because none of the following families were found: Readex Pro
WARNING:matplotlib.font_manager:findfont: Generic family 'sans-serif' not found because none of the following families were found: Readex Pro
WARNING:matplotlib.font_manager:findfont: Generic family 'sans-serif' not found because none of the following families were found: Readex Pro
WARNING:matplotlib.font_manager:findfont: Generic family 'sans-serif' not found because none of the following families were found: Readex Pro
WARNING:matplotlib.font_manager:findfont: Generic family 'sans-serif' not found because none of the following families were found: Readex Pro
WARNING:matplotlib.font_manager:findfont: Generic family 'sans-serif' not found because none of the following families were found: Readex Pro
WARNING:matplotlib.font_manager:findfont: Generic family 'sans-serif' not found because none of the following families were found: Readex Pro
WARNING:matplotlib.font_manager:findfont: Generic family 'sans-serif' not found because none of the following families were found: Readex Pro
WARNING:matplotlib.font_manager:findfont: Generic family 'sans-serif' not found because none of the following families were found: Readex Pro
WARNING:matplotlib.font_manager:findfont: Generic family 'sans-serif' not found because none of the following families were found: Readex Pro
WARNING:matplotlib.font_manager:findfont: Generic family 'sans-serif' not found because none of the following families were found: Readex Pro
WARNING:matplotlib.font_manager:findfont: Generic family 'sans-serif' not found because none of the following families were found: Readex Pro
WARNING:matplotlib.font_manager:findfont: Generic family 'sans-serif' not found because none of the following families were found: Readex Pro
WARNING:matplotlib.font_manager:findfont: Generic family 'sans-serif' not found because none of the following families were found: Readex Pro
WARNING:matplotlib.font_manager:findfont: Generic family 'sans-serif' not found because none of the following families were found: Readex Pro
WARNING:matplotlib.font_manager:findfont: Generic family 'sans-serif' not found because none of the following families were found: Readex Pro
WARNING:matplotlib.font_manager:findfont: Generic family 'sans-serif' not found because none of the following families were found: Readex Pro
WARNING:matplotlib.font_manager:findfont: Generic family 'sans-serif' not found because none of the following families were found: Readex Pro
WARNING:matplotlib.font_manager:findfont: Generic family 'sans-serif' not found because none of the following families were found: Readex Pro
WARNING:matplotlib.font_manager:findfont: Generic family 'sans-serif' not found because none of the following families were found: Readex Pro
WARNING:matplotlib.font_manager:findfont: Generic family 'sans-serif' not found because none of the following families were found: Readex Pro
WARNING:matplotlib.font_manager:findfont: Generic family 'sans-serif' not found because none of the following families were found: Readex Pro
WARNING:matplotlib.font_manager:findfont: Generic family 'sans-serif' not found because none of the following families were found: Readex Pro
WARNING:matplotlib.font_manager:findfont: Generic family 'sans-serif' not found because none of the following families were found: Readex Pro
WARNING:matplotlib.font_manager:findfont: Generic family 'sans-serif' not found because none of the following families were found: Readex Pro
WARNING:matplotlib.font_manager:findfont: Generic family 'sans-serif' not found because none of the following families were found: Readex Pro
WARNING:matplotlib.font_manager:findfont: Generic family 'sans-serif' not found because none of the following families were found: Readex Pro
WARNING:matplotlib.font_manager:findfont: Generic family 'sans-serif' not found because none of the following families were found: Readex Pro
WARNING:matplotlib.font_manager:findfont: Generic family 'sans-serif' not found because none of the following families were found: Readex Pro
WARNING:matplotlib.font_manager:findfont: Generic family 'sans-serif' not found because none of the following families were found: Readex Pro
WARNING:matplotlib.font_manager:findfont: Generic family 'sans-serif' not found because none of the following families were found: Readex Pro
WARNING:matplotlib.font_manager:findfont: Generic family 'sans-serif' not found because none of the following families were found: Readex Pro
WARNING:matplotlib.font_manager:findfont: Generic family 'sans-serif' not found because none of the following families were found: Readex Pro
WARNING:matplotlib.font_manager:findfont: Generic family 'sans-serif' not found because none of the following families were found: Readex Pro
WARNING:matplotlib.font_manager:findfont: Generic family 'sans-serif' not found because none of the following families were found: Readex Pro
WARNING:matplotlib.font_manager:findfont: Generic family 'sans-serif' not found because none of the following families were found: Readex Pro
WARNING:matplotlib.font_manager:findfont: Generic family 'sans-serif' not found because none of the following families were found: Readex Pro
WARNING:matplotlib.font_manager:findfont: Generic family 'sans-serif' not found because none of the following families were found: Readex Pro
WARNING:matplotlib.font_manager:findfont: Generic family 'sans-serif' not found because none of the following families were found: Readex Pro
WARNING:matplotlib.font_manager:findfont: Generic family 'sans-serif' not found because none of the following families were found: Readex Pro
WARNING:matplotlib.font_manager:findfont: Generic family 'sans-serif' not found because none of the following families were found: Readex Pro
WARNING:matplotlib.font_manager:findfont: Generic family 'sans-serif' not found because none of the following families were found: Readex Pro
WARNING:matplotlib.font_manager:findfont: Generic family 'sans-serif' not found because none of the following families were found: Readex Pro
WARNING:matplotlib.font_manager:findfont: Generic family 'sans-serif' not found because none of the following families were found: Readex Pro
WARNING:matplotlib.font_manager:findfont: Generic family 'sans-serif' not found because none of the following families were found: Readex Pro
WARNING:matplotlib.font_manager:findfont: Generic family 'sans-serif' not found because none of the following families were found: Readex Pro
WARNING:matplotlib.font_manager:findfont: Generic family 'sans-serif' not found because none of the following families were found: Readex Pro
WARNING:matplotlib.font_manager:findfont: Generic family 'sans-serif' not found because none of the following families were found: Readex Pro
WARNING:matplotlib.font_manager:findfont: Generic family 'sans-serif' not found because none of the following families were found: Readex Pro
WARNING:matplotlib.font_manager:findfont: Generic family 'sans-serif' not found because none of the following families were found: Readex Pro
WARNING:matplotlib.font_manager:findfont: Generic family 'sans-serif' not found because none of the following families were found: Readex Pro
WARNING:matplotlib.font_manager:findfont: Generic family 'sans-serif' not found because none of the following families were found: Readex Pro
WARNING:matplotlib.font_manager:findfont: Generic family 'sans-serif' not found because none of the following families were found: Readex Pro
WARNING:matplotlib.font_manager:findfont: Generic family 'sans-serif' not found because none of the following families were found: Readex Pro
WARNING:matplotlib.font_manager:findfont: Generic family 'sans-serif' not found because none of the following families were found: Readex Pro
WARNING:matplotlib.font_manager:findfont: Generic family 'sans-serif' not found because none of the following families were found: Readex Pro
WARNING:matplotlib.font_manager:findfont: Generic family 'sans-serif' not found because none of the following families were found: Readex Pro
WARNING:matplotlib.font_manager:findfont: Generic family 'sans-serif' not found because none of the following families were found: Readex Pro
WARNING:matplotlib.font_manager:findfont: Generic family 'sans-serif' not found because none of the following families were found: Readex Pro
WARNING:matplotlib.font_manager:findfont: Generic family 'sans-serif' not found because none of the following families were found: Readex Pro
WARNING:matplotlib.font_manager:findfont: Generic family 'sans-serif' not found because none of the following families were found: Readex Pro
WARNING:matplotlib.font_manager:findfont: Generic family 'sans-serif' not found because none of the following families were found: Readex Pro
WARNING:matplotlib.font_manager:findfont: Generic family 'sans-serif' not found because none of the following families were found: Readex Pro
WARNING:matplotlib.font_manager:findfont: Generic family 'sans-serif' not found because none of the following families were found: Readex Pro
WARNING:matplotlib.font_manager:findfont: Generic family 'sans-serif' not found because none of the following families were found: Readex Pro
WARNING:matplotlib.font_manager:findfont: Generic family 'sans-serif' not found because none of the following families were found: Readex Pro
WARNING:matplotlib.font_manager:findfont: Generic family 'sans-serif' not found because none of the following families were found: Readex Pro
WARNING:matplotlib.font_manager:findfont: Generic family 'sans-serif' not found because none of the following families were found: Readex Pro
WARNING:matplotlib.font_manager:findfont: Generic family 'sans-serif' not found because none of the following families were found: Readex Pro
WARNING:matplotlib.font_manager:findfont: Generic family 'sans-serif' not found because none of the following families were found: Readex Pro
WARNING:matplotlib.font_manager:findfont: Generic family 'sans-serif' not found because none of the following families were found: Readex Pro
WARNING:matplotlib.font_manager:findfont: Generic family 'sans-serif' not found because none of the following families were found: Readex Pro
WARNING:matplotlib.font_manager:findfont: Generic family 'sans-serif' not found because none of the following families were found: Readex Pro
WARNING:matplotlib.font_manager:findfont: Generic family 'sans-serif' not found because none of the following families were found: Readex Pro
WARNING:matplotlib.font_manager:findfont: Generic family 'sans-serif' not found because none of the following families were found: Readex Pro
WARNING:matplotlib.font_manager:findfont: Generic family 'sans-serif' not found because none of the following families were found: Readex Pro
WARNING:matplotlib.font_manager:findfont: Generic family 'sans-serif' not found because none of the following families were found: Readex Pro
WARNING:matplotlib.font_manager:findfont: Generic family 'sans-serif' not found because none of the following families were found: Readex Pro
WARNING:matplotlib.font_manager:findfont: Generic family 'sans-serif' not found because none of the following families were found: Readex Pro
WARNING:matplotlib.font_manager:findfont: Generic family 'sans-serif' not found because none of the following families were found: Readex Pro
WARNING:matplotlib.font_manager:findfont: Generic family 'sans-serif' not found because none of the following families were found: Readex Pro
[0m
[32mSaving model evaluation...[0m
[32mGenerating training graphs...[0m
[33mTotal time: 08:05:14[0m
[35mEverything done![0m
