2023-03-04 10:52:21.162910: I tensorflow/core/platform/cpu_feature_guard.cc:193] This TensorFlow binary is optimized with oneAPI Deep Neural Network Library (oneDNN) to use the following CPU instructions in performance-critical operations:  AVX2 FMA
To enable them in other operations, rebuild TensorFlow with the appropriate compiler flags.
2023-03-04 10:52:28.068826: W tensorflow/compiler/xla/stream_executor/platform/default/dso_loader.cc:64] Could not load dynamic library 'libnvinfer.so.7'; dlerror: libnvinfer.so.7: cannot open shared object file: No such file or directory
2023-03-04 10:52:28.069558: W tensorflow/compiler/xla/stream_executor/platform/default/dso_loader.cc:64] Could not load dynamic library 'libnvinfer_plugin.so.7'; dlerror: libnvinfer_plugin.so.7: cannot open shared object file: No such file or directory
2023-03-04 10:52:28.069596: W tensorflow/compiler/tf2tensorrt/utils/py_utils.cc:38] TF-TRT Warning: Cannot dlopen some TensorRT libraries. If you would like to use Nvidia GPU with TensorRT, please make sure the missing libraries mentioned above are installed properly.
Matplotlib created a temporary config/cache directory at /tmp/matplotlib-0n7y5627 because the default path (/home/cristec/.config/matplotlib) is not a writable directory; it is highly recommended to set the MPLCONFIGDIR environment variable to a writable directory, in particular to speed up the import of Matplotlib and to better support multiprocessing.
2023-03-04 10:52:38.990370: I tensorflow/core/platform/cpu_feature_guard.cc:193] This TensorFlow binary is optimized with oneAPI Deep Neural Network Library (oneDNN) to use the following CPU instructions in performance-critical operations:  AVX2 FMA
To enable them in other operations, rebuild TensorFlow with the appropriate compiler flags.
2023-03-04 10:52:41.962620: I tensorflow/core/common_runtime/gpu/gpu_device.cc:1613] Created device /job:localhost/replica:0/task:0/device:GPU:0 with 7415 MB memory:  -> device: 0, name: Quadro M4000, pci bus id: 0000:03:00.0, compute capability: 5.2
2023-03-04 10:52:41.966466: I tensorflow/core/common_runtime/gpu/gpu_device.cc:1613] Created device /job:localhost/replica:0/task:0/device:GPU:1 with 7425 MB memory:  -> device: 1, name: Quadro M4000, pci bus id: 0000:04:00.0, compute capability: 5.2
WARNING:tensorflow:From /shared_storage/cristec/conda/envs/ML/lib/python3.10/site-packages/tensorflow/python/autograph/pyct/static_analysis/liveness.py:83: Analyzer.lamba_check (from tensorflow.python.autograph.pyct.static_analysis.liveness) is deprecated and will be removed after 2023-09-23.
Instructions for updating:
Lambda fuctions will be no more assumed to be used in the statement where they are used, or at least in the same block. https://github.com/tensorflow/tensorflow/issues/56089
[35mStarting script...[0m
[32mLoading train dataset information...[0m
[32mLoading validation dataset information...[0m
[32mLoading test dataset information...[0m
[32mCreating model...[0m
[32mTraining model...[0m
[36m
Epoch 1/5000
2023-03-04 10:53:11.666520: E tensorflow/core/grappler/optimizers/meta_optimizer.cc:954] layout failed: INVALID_ARGUMENT: Size of values 0 does not match size of permutation 4 @ fanin shape inUNet/unet_down_0/u_net2d_convolution_block/dropout/dropout/SelectV2-2-TransposeNHWCToNCHW-LayoutOptimizer
2023-03-04 10:53:17.445774: I tensorflow/compiler/xla/stream_executor/cuda/cuda_dnn.cc:428] Loaded cuDNN version 8101
2023-03-04 10:53:17.685962: I tensorflow/compiler/xla/stream_executor/cuda/cuda_dnn.cc:428] Loaded cuDNN version 8101
2023-03-04 10:53:18.574182: I tensorflow/tsl/platform/default/subprocess.cc:304] Start cannot spawn child process: No such file or directory
2023-03-04 10:53:22.958199: I tensorflow/compiler/xla/service/service.cc:173] XLA service 0x7fc9ac012d00 initialized for platform CUDA (this does not guarantee that XLA will be used). Devices:
2023-03-04 10:53:22.958233: I tensorflow/compiler/xla/service/service.cc:181]   StreamExecutor device (0): Quadro M4000, Compute Capability 5.2
2023-03-04 10:53:22.958242: I tensorflow/compiler/xla/service/service.cc:181]   StreamExecutor device (1): Quadro M4000, Compute Capability 5.2
2023-03-04 10:53:23.051809: I tensorflow/compiler/mlir/tensorflow/utils/dump_mlir_util.cc:268] disabling MLIR crash reproducer, set env var `MLIR_CRASH_REPRODUCER_DIRECTORY` to enable.
2023-03-04 10:53:23.689028: I tensorflow/tsl/platform/default/subprocess.cc:304] Start cannot spawn child process: No such file or directory
2023-03-04 10:53:23.810756: I tensorflow/compiler/jit/xla_compilation_cache.cc:477] Compiled cluster using XLA!  This line is logged at most once for the lifetime of the process.

Epoch 1: val_loss improved from inf to 0.08892, saving model to models/model_coco_mae_25-30
WARNING:absl:Found untraced functions such as _jit_compiled_convolution_op, conv2d_layer_call_fn, conv2d_layer_call_and_return_conditional_losses, _jit_compiled_convolution_op, leaky_re_lu_layer_call_fn while saving (showing 5 of 241). These functions will not be directly callable after loading.
1250/1250 - 2259s - loss: 0.0849 - psnr: 19.1820 - ssim: 0.3819 - val_loss: 0.0889 - val_psnr: 19.2797 - val_ssim: 0.5706 - lr: 0.0100 - 2259s/epoch - 2s/step
Epoch 2/5000

Epoch 2: val_loss improved from 0.08892 to 0.06927, saving model to models/model_coco_mae_25-30
WARNING:absl:Found untraced functions such as _jit_compiled_convolution_op, conv2d_layer_call_fn, conv2d_layer_call_and_return_conditional_losses, _jit_compiled_convolution_op, leaky_re_lu_layer_call_fn while saving (showing 5 of 241). These functions will not be directly callable after loading.
1250/1250 - 345s - loss: 0.0719 - psnr: 20.4925 - ssim: 0.4478 - val_loss: 0.0693 - val_psnr: 20.3464 - val_ssim: 0.5456 - lr: 0.0100 - 345s/epoch - 276ms/step
Epoch 3/5000

Epoch 3: val_loss improved from 0.06927 to 0.06520, saving model to models/model_coco_mae_25-30
WARNING:absl:Found untraced functions such as _jit_compiled_convolution_op, conv2d_layer_call_fn, conv2d_layer_call_and_return_conditional_losses, _jit_compiled_convolution_op, leaky_re_lu_layer_call_fn while saving (showing 5 of 241). These functions will not be directly callable after loading.
1250/1250 - 345s - loss: 0.0679 - psnr: 20.9587 - ssim: 0.4704 - val_loss: 0.0652 - val_psnr: 20.2867 - val_ssim: 0.5830 - lr: 0.0100 - 345s/epoch - 276ms/step
Epoch 4/5000

Epoch 4: val_loss improved from 0.06520 to 0.05597, saving model to models/model_coco_mae_25-30
WARNING:absl:Found untraced functions such as _jit_compiled_convolution_op, conv2d_layer_call_fn, conv2d_layer_call_and_return_conditional_losses, _jit_compiled_convolution_op, leaky_re_lu_layer_call_fn while saving (showing 5 of 241). These functions will not be directly callable after loading.
1250/1250 - 346s - loss: 0.0643 - psnr: 21.2761 - ssim: 0.4756 - val_loss: 0.0560 - val_psnr: 21.8215 - val_ssim: 0.6367 - lr: 0.0100 - 346s/epoch - 277ms/step
Epoch 5/5000

Epoch 5: val_loss did not improve from 0.05597
1250/1250 - 324s - loss: 0.0616 - psnr: 21.5385 - ssim: 0.4842 - val_loss: 0.0605 - val_psnr: 21.6792 - val_ssim: 0.6213 - lr: 0.0100 - 324s/epoch - 259ms/step
Epoch 6/5000

Epoch 6: val_loss did not improve from 0.05597
1250/1250 - 326s - loss: 0.0604 - psnr: 21.6966 - ssim: 0.4915 - val_loss: 0.0591 - val_psnr: 21.8896 - val_ssim: 0.6209 - lr: 0.0100 - 326s/epoch - 261ms/step
Epoch 7/5000

Epoch 7: val_loss improved from 0.05597 to 0.04715, saving model to models/model_coco_mae_25-30
WARNING:absl:Found untraced functions such as _jit_compiled_convolution_op, conv2d_layer_call_fn, conv2d_layer_call_and_return_conditional_losses, _jit_compiled_convolution_op, leaky_re_lu_layer_call_fn while saving (showing 5 of 241). These functions will not be directly callable after loading.
1250/1250 - 349s - loss: 0.0592 - psnr: 21.8464 - ssim: 0.4978 - val_loss: 0.0471 - val_psnr: 23.3044 - val_ssim: 0.6594 - lr: 0.0100 - 349s/epoch - 280ms/step
Epoch 8/5000

Epoch 8: val_loss did not improve from 0.04715
1250/1250 - 325s - loss: 0.0586 - psnr: 21.9374 - ssim: 0.5019 - val_loss: 3.1208 - val_psnr: -1.4849e+01 - val_ssim: 0.0307 - lr: 0.0100 - 325s/epoch - 260ms/step
Epoch 9/5000

Epoch 9: val_loss did not improve from 0.04715
1250/1250 - 325s - loss: 0.0582 - psnr: 21.9972 - ssim: 0.5046 - val_loss: 0.0486 - val_psnr: 23.5772 - val_ssim: 0.6651 - lr: 0.0100 - 325s/epoch - 260ms/step
Epoch 10/5000

Epoch 10: val_loss did not improve from 0.04715
1250/1250 - 325s - loss: 0.0572 - psnr: 22.1206 - ssim: 0.5102 - val_loss: 0.0541 - val_psnr: 21.8564 - val_ssim: 0.6395 - lr: 0.0100 - 325s/epoch - 260ms/step
Epoch 11/5000

Epoch 11: val_loss did not improve from 0.04715
1250/1250 - 323s - loss: 0.0567 - psnr: 22.1994 - ssim: 0.5135 - val_loss: 0.0566 - val_psnr: 21.4265 - val_ssim: 0.6480 - lr: 0.0100 - 323s/epoch - 258ms/step
Epoch 12/5000

Epoch 12: val_loss did not improve from 0.04715
1250/1250 - 324s - loss: 0.0568 - psnr: 22.1835 - ssim: 0.5141 - val_loss: 0.0472 - val_psnr: 23.7678 - val_ssim: 0.6759 - lr: 0.0100 - 324s/epoch - 259ms/step
Epoch 13/5000

Epoch 13: val_loss improved from 0.04715 to 0.04599, saving model to models/model_coco_mae_25-30
WARNING:absl:Found untraced functions such as _jit_compiled_convolution_op, conv2d_layer_call_fn, conv2d_layer_call_and_return_conditional_losses, _jit_compiled_convolution_op, leaky_re_lu_layer_call_fn while saving (showing 5 of 241). These functions will not be directly callable after loading.
1250/1250 - 345s - loss: 0.0560 - psnr: 22.2694 - ssim: 0.5185 - val_loss: 0.0460 - val_psnr: 23.9573 - val_ssim: 0.6892 - lr: 0.0100 - 345s/epoch - 276ms/step
Epoch 14/5000

Epoch 14: val_loss did not improve from 0.04599
1250/1250 - 324s - loss: 0.0553 - psnr: 22.3660 - ssim: 0.5229 - val_loss: 0.0488 - val_psnr: 23.7093 - val_ssim: 0.6891 - lr: 0.0100 - 324s/epoch - 260ms/step
Epoch 15/5000

Epoch 15: val_loss did not improve from 0.04599
1250/1250 - 323s - loss: 0.0549 - psnr: 22.4138 - ssim: 0.5256 - val_loss: 0.0497 - val_psnr: 22.9479 - val_ssim: 0.6794 - lr: 0.0100 - 323s/epoch - 258ms/step
Epoch 16/5000

Epoch 16: val_loss improved from 0.04599 to 0.04572, saving model to models/model_coco_mae_25-30
WARNING:absl:Found untraced functions such as _jit_compiled_convolution_op, conv2d_layer_call_fn, conv2d_layer_call_and_return_conditional_losses, _jit_compiled_convolution_op, leaky_re_lu_layer_call_fn while saving (showing 5 of 241). These functions will not be directly callable after loading.
1250/1250 - 347s - loss: 0.0547 - psnr: 22.4437 - ssim: 0.5277 - val_loss: 0.0457 - val_psnr: 23.9065 - val_ssim: 0.6933 - lr: 0.0100 - 347s/epoch - 278ms/step
Epoch 17/5000

Epoch 17: val_loss did not improve from 0.04572
1250/1250 - 324s - loss: 0.0546 - psnr: 22.4645 - ssim: 0.5290 - val_loss: 0.0572 - val_psnr: 21.5435 - val_ssim: 0.6434 - lr: 0.0100 - 324s/epoch - 259ms/step
Epoch 18/5000

Epoch 18: val_loss improved from 0.04572 to 0.04427, saving model to models/model_coco_mae_25-30
WARNING:absl:Found untraced functions such as _jit_compiled_convolution_op, conv2d_layer_call_fn, conv2d_layer_call_and_return_conditional_losses, _jit_compiled_convolution_op, leaky_re_lu_layer_call_fn while saving (showing 5 of 241). These functions will not be directly callable after loading.
1250/1250 - 347s - loss: 0.0543 - psnr: 22.5056 - ssim: 0.5305 - val_loss: 0.0443 - val_psnr: 24.3069 - val_ssim: 0.7029 - lr: 0.0100 - 347s/epoch - 277ms/step
Epoch 19/5000

Epoch 19: val_loss did not improve from 0.04427
1250/1250 - 323s - loss: 0.0541 - psnr: 22.5274 - ssim: 0.5318 - val_loss: 0.0529 - val_psnr: 22.4781 - val_ssim: 0.6616 - lr: 0.0100 - 323s/epoch - 259ms/step
Epoch 20/5000

Epoch 20: val_loss did not improve from 0.04427
1250/1250 - 323s - loss: 0.0547 - psnr: 22.4608 - ssim: 0.5287 - val_loss: 0.0462 - val_psnr: 23.9932 - val_ssim: 0.7021 - lr: 0.0100 - 323s/epoch - 259ms/step
Epoch 21/5000

Epoch 21: val_loss improved from 0.04427 to 0.04280, saving model to models/model_coco_mae_25-30
WARNING:absl:Found untraced functions such as _jit_compiled_convolution_op, conv2d_layer_call_fn, conv2d_layer_call_and_return_conditional_losses, _jit_compiled_convolution_op, leaky_re_lu_layer_call_fn while saving (showing 5 of 241). These functions will not be directly callable after loading.
1250/1250 - 345s - loss: 0.0539 - psnr: 22.5691 - ssim: 0.5329 - val_loss: 0.0428 - val_psnr: 24.7013 - val_ssim: 0.7110 - lr: 0.0100 - 345s/epoch - 276ms/step
Epoch 22/5000

Epoch 22: val_loss did not improve from 0.04280
1250/1250 - 323s - loss: 0.0539 - psnr: 22.5686 - ssim: 0.5332 - val_loss: 0.0432 - val_psnr: 24.5026 - val_ssim: 0.7063 - lr: 0.0100 - 323s/epoch - 258ms/step
Epoch 23/5000

Epoch 23: val_loss improved from 0.04280 to 0.04118, saving model to models/model_coco_mae_25-30
WARNING:absl:Found untraced functions such as _jit_compiled_convolution_op, conv2d_layer_call_fn, conv2d_layer_call_and_return_conditional_losses, _jit_compiled_convolution_op, leaky_re_lu_layer_call_fn while saving (showing 5 of 241). These functions will not be directly callable after loading.
1250/1250 - 345s - loss: 0.0534 - psnr: 22.6328 - ssim: 0.5365 - val_loss: 0.0412 - val_psnr: 24.8425 - val_ssim: 0.7110 - lr: 0.0100 - 345s/epoch - 276ms/step
Epoch 24/5000

Epoch 24: val_loss did not improve from 0.04118
1250/1250 - 324s - loss: 0.0534 - psnr: 22.6429 - ssim: 0.5376 - val_loss: 0.0467 - val_psnr: 23.7139 - val_ssim: 0.7068 - lr: 0.0100 - 324s/epoch - 259ms/step
Epoch 25/5000

Epoch 25: val_loss did not improve from 0.04118
1250/1250 - 325s - loss: 0.0532 - psnr: 22.6503 - ssim: 0.5385 - val_loss: 0.0468 - val_psnr: 23.7562 - val_ssim: 0.6916 - lr: 0.0100 - 325s/epoch - 260ms/step
Epoch 26/5000

Epoch 26: val_loss did not improve from 0.04118
1250/1250 - 325s - loss: 0.0531 - psnr: 22.6736 - ssim: 0.5395 - val_loss: 0.0429 - val_psnr: 24.3952 - val_ssim: 0.7068 - lr: 0.0100 - 325s/epoch - 260ms/step
Epoch 27/5000

Epoch 27: val_loss did not improve from 0.04118
1250/1250 - 325s - loss: 0.0528 - psnr: 22.7214 - ssim: 0.5423 - val_loss: 0.0423 - val_psnr: 24.8252 - val_ssim: 0.7211 - lr: 0.0100 - 325s/epoch - 260ms/step
Epoch 28/5000

Epoch 28: val_loss improved from 0.04118 to 0.04111, saving model to models/model_coco_mae_25-30
WARNING:absl:Found untraced functions such as _jit_compiled_convolution_op, conv2d_layer_call_fn, conv2d_layer_call_and_return_conditional_losses, _jit_compiled_convolution_op, leaky_re_lu_layer_call_fn while saving (showing 5 of 241). These functions will not be directly callable after loading.
1250/1250 - 345s - loss: 0.0525 - psnr: 22.7534 - ssim: 0.5438 - val_loss: 0.0411 - val_psnr: 24.8847 - val_ssim: 0.7141 - lr: 0.0100 - 345s/epoch - 276ms/step
Epoch 29/5000

Epoch 29: val_loss did not improve from 0.04111
1250/1250 - 325s - loss: 0.0524 - psnr: 22.7752 - ssim: 0.5447 - val_loss: 0.0412 - val_psnr: 24.7393 - val_ssim: 0.7168 - lr: 0.0100 - 325s/epoch - 260ms/step
Epoch 30/5000

Epoch 30: val_loss did not improve from 0.04111
1250/1250 - 324s - loss: 0.0522 - psnr: 22.7988 - ssim: 0.5463 - val_loss: 0.0416 - val_psnr: 25.0404 - val_ssim: 0.7242 - lr: 0.0100 - 324s/epoch - 259ms/step
Epoch 31/5000

Epoch 31: val_loss did not improve from 0.04111
1250/1250 - 324s - loss: 0.0522 - psnr: 22.8010 - ssim: 0.5472 - val_loss: 0.0425 - val_psnr: 24.6440 - val_ssim: 0.7252 - lr: 0.0100 - 324s/epoch - 260ms/step
Epoch 32/5000

Epoch 32: val_loss improved from 0.04111 to 0.04023, saving model to models/model_coco_mae_25-30
WARNING:absl:Found untraced functions such as _jit_compiled_convolution_op, conv2d_layer_call_fn, conv2d_layer_call_and_return_conditional_losses, _jit_compiled_convolution_op, leaky_re_lu_layer_call_fn while saving (showing 5 of 241). These functions will not be directly callable after loading.
1250/1250 - 345s - loss: 0.0521 - psnr: 22.8212 - ssim: 0.5479 - val_loss: 0.0402 - val_psnr: 25.1202 - val_ssim: 0.7282 - lr: 0.0100 - 345s/epoch - 276ms/step
Epoch 33/5000

Epoch 33: val_loss did not improve from 0.04023
1250/1250 - 325s - loss: 0.0520 - psnr: 22.8423 - ssim: 0.5489 - val_loss: 0.0458 - val_psnr: 23.8321 - val_ssim: 0.7189 - lr: 0.0100 - 325s/epoch - 260ms/step
Epoch 34/5000

Epoch 34: val_loss did not improve from 0.04023
1250/1250 - 324s - loss: 0.0530 - psnr: 22.7129 - ssim: 0.5430 - val_loss: 0.0475 - val_psnr: 23.9177 - val_ssim: 0.7098 - lr: 0.0100 - 324s/epoch - 259ms/step
Epoch 35/5000

Epoch 35: val_loss did not improve from 0.04023
1250/1250 - 326s - loss: 0.0530 - psnr: 22.7221 - ssim: 0.5441 - val_loss: 0.0468 - val_psnr: 23.7392 - val_ssim: 0.6954 - lr: 0.0100 - 326s/epoch - 261ms/step
Epoch 36/5000

Epoch 36: val_loss did not improve from 0.04023
1250/1250 - 324s - loss: 0.0528 - psnr: 22.7594 - ssim: 0.5459 - val_loss: 0.0469 - val_psnr: 24.1510 - val_ssim: 0.7183 - lr: 0.0100 - 324s/epoch - 259ms/step
Epoch 37/5000

Epoch 37: val_loss did not improve from 0.04023
1250/1250 - 325s - loss: 0.0528 - psnr: 22.6961 - ssim: 0.5462 - val_loss: 0.0475 - val_psnr: 23.9922 - val_ssim: 0.7171 - lr: 0.0100 - 325s/epoch - 260ms/step
Epoch 38/5000

Epoch 38: val_loss did not improve from 0.04023
1250/1250 - 324s - loss: 0.0518 - psnr: 22.8228 - ssim: 0.5508 - val_loss: 0.0422 - val_psnr: 24.9149 - val_ssim: 0.7324 - lr: 0.0100 - 324s/epoch - 259ms/step
Epoch 39/5000

Epoch 39: val_loss did not improve from 0.04023
1250/1250 - 325s - loss: 0.0516 - psnr: 22.8613 - ssim: 0.5525 - val_loss: 0.0484 - val_psnr: 23.9387 - val_ssim: 0.7233 - lr: 0.0100 - 325s/epoch - 260ms/step
Epoch 40/5000

Epoch 40: val_loss improved from 0.04023 to 0.03895, saving model to models/model_coco_mae_25-30
WARNING:absl:Found untraced functions such as _jit_compiled_convolution_op, conv2d_layer_call_fn, conv2d_layer_call_and_return_conditional_losses, _jit_compiled_convolution_op, leaky_re_lu_layer_call_fn while saving (showing 5 of 241). These functions will not be directly callable after loading.
1250/1250 - 346s - loss: 0.0514 - psnr: 22.8864 - ssim: 0.5539 - val_loss: 0.0390 - val_psnr: 25.3651 - val_ssim: 0.7359 - lr: 0.0100 - 346s/epoch - 277ms/step
Epoch 41/5000

Epoch 41: val_loss did not improve from 0.03895
1250/1250 - 324s - loss: 0.0513 - psnr: 22.8946 - ssim: 0.5545 - val_loss: 0.0436 - val_psnr: 24.5771 - val_ssim: 0.7339 - lr: 0.0100 - 324s/epoch - 259ms/step
Epoch 42/5000

Epoch 42: val_loss did not improve from 0.03895
1250/1250 - 323s - loss: 0.0513 - psnr: 22.9640 - ssim: 0.5554 - val_loss: 0.0476 - val_psnr: 23.8610 - val_ssim: 0.7231 - lr: 0.0100 - 323s/epoch - 259ms/step
Epoch 43/5000

Epoch 43: val_loss did not improve from 0.03895
1250/1250 - 323s - loss: 0.0511 - psnr: 22.9658 - ssim: 0.5563 - val_loss: 0.0403 - val_psnr: 25.1585 - val_ssim: 0.7381 - lr: 0.0100 - 323s/epoch - 258ms/step
Epoch 44/5000

Epoch 44: val_loss did not improve from 0.03895
1250/1250 - 324s - loss: 0.0510 - psnr: 22.9772 - ssim: 0.5571 - val_loss: 0.0457 - val_psnr: 24.0666 - val_ssim: 0.7225 - lr: 0.0100 - 324s/epoch - 259ms/step
Epoch 45/5000

Epoch 45: val_loss did not improve from 0.03895
1250/1250 - 323s - loss: 0.0509 - psnr: 22.9798 - ssim: 0.5577 - val_loss: 0.0488 - val_psnr: 23.5892 - val_ssim: 0.7077 - lr: 0.0100 - 323s/epoch - 259ms/step
Epoch 46/5000

Epoch 46: val_loss did not improve from 0.03895
1250/1250 - 323s - loss: 0.0510 - psnr: 23.0095 - ssim: 0.5578 - val_loss: 0.0605 - val_psnr: 21.4860 - val_ssim: 0.6938 - lr: 0.0100 - 323s/epoch - 259ms/step
Epoch 47/5000

Epoch 47: val_loss did not improve from 0.03895
1250/1250 - 323s - loss: 0.0509 - psnr: 22.9879 - ssim: 0.5586 - val_loss: 0.0440 - val_psnr: 24.5522 - val_ssim: 0.7346 - lr: 0.0100 - 323s/epoch - 259ms/step
Epoch 48/5000

Epoch 48: val_loss did not improve from 0.03895
1250/1250 - 323s - loss: 0.0507 - psnr: 23.0108 - ssim: 0.5594 - val_loss: 0.0400 - val_psnr: 25.2863 - val_ssim: 0.7398 - lr: 0.0100 - 323s/epoch - 259ms/step
Epoch 49/5000

Epoch 49: val_loss did not improve from 0.03895
1250/1250 - 323s - loss: 0.0508 - psnr: 23.0199 - ssim: 0.5591 - val_loss: 0.0543 - val_psnr: 22.8610 - val_ssim: 0.6996 - lr: 0.0100 - 323s/epoch - 258ms/step
Epoch 50/5000

Epoch 50: val_loss did not improve from 0.03895
1250/1250 - 324s - loss: 0.0506 - psnr: 23.0201 - ssim: 0.5600 - val_loss: 0.0471 - val_psnr: 23.8893 - val_ssim: 0.7213 - lr: 0.0100 - 324s/epoch - 259ms/step
Epoch 51/5000

Epoch 51: val_loss did not improve from 0.03895
1250/1250 - 323s - loss: 0.0507 - psnr: 23.0358 - ssim: 0.5601 - val_loss: 0.0439 - val_psnr: 24.2617 - val_ssim: 0.7146 - lr: 0.0100 - 323s/epoch - 258ms/step
Epoch 52/5000

Epoch 52: val_loss did not improve from 0.03895
1250/1250 - 323s - loss: 0.0512 - psnr: 23.0014 - ssim: 0.5566 - val_loss: 0.0496 - val_psnr: 23.4411 - val_ssim: 0.7134 - lr: 0.0100 - 323s/epoch - 259ms/step
Epoch 53/5000

Epoch 53: val_loss did not improve from 0.03895
1250/1250 - 324s - loss: 0.0506 - psnr: 23.0429 - ssim: 0.5600 - val_loss: 0.0460 - val_psnr: 24.0519 - val_ssim: 0.7293 - lr: 0.0100 - 324s/epoch - 259ms/step
Epoch 54/5000

Epoch 54: val_loss did not improve from 0.03895
1250/1250 - 324s - loss: 0.0506 - psnr: 23.0226 - ssim: 0.5608 - val_loss: 0.0468 - val_psnr: 23.9484 - val_ssim: 0.7283 - lr: 0.0100 - 324s/epoch - 259ms/step
Epoch 55/5000

Epoch 55: val_loss did not improve from 0.03895
1250/1250 - 322s - loss: 0.0504 - psnr: 23.0313 - ssim: 0.5618 - val_loss: 0.0459 - val_psnr: 24.2648 - val_ssim: 0.7315 - lr: 0.0100 - 322s/epoch - 258ms/step
Epoch 56/5000

Epoch 56: val_loss did not improve from 0.03895
1250/1250 - 323s - loss: 0.0507 - psnr: 22.9868 - ssim: 0.5601 - val_loss: 0.0437 - val_psnr: 24.5873 - val_ssim: 0.7374 - lr: 0.0100 - 323s/epoch - 258ms/step
Epoch 57/5000

Epoch 57: val_loss did not improve from 0.03895
1250/1250 - 323s - loss: 0.0503 - psnr: 23.0455 - ssim: 0.5626 - val_loss: 0.0454 - val_psnr: 24.3620 - val_ssim: 0.7323 - lr: 0.0100 - 323s/epoch - 258ms/step
Epoch 58/5000

Epoch 58: val_loss did not improve from 0.03895
1250/1250 - 323s - loss: 0.0502 - psnr: 23.0637 - ssim: 0.5631 - val_loss: 0.0431 - val_psnr: 24.4836 - val_ssim: 0.7349 - lr: 0.0100 - 323s/epoch - 258ms/step
Epoch 59/5000

Epoch 59: val_loss did not improve from 0.03895
1250/1250 - 323s - loss: 0.0502 - psnr: 23.0660 - ssim: 0.5633 - val_loss: 0.0496 - val_psnr: 23.5792 - val_ssim: 0.7184 - lr: 0.0100 - 323s/epoch - 259ms/step
Epoch 60/5000

Epoch 60: ReduceLROnPlateau reducing learning rate to 0.0019999999552965165.

Epoch 60: val_loss did not improve from 0.03895
1250/1250 - 323s - loss: 0.0502 - psnr: 23.0767 - ssim: 0.5634 - val_loss: 0.0453 - val_psnr: 24.3015 - val_ssim: 0.7331 - lr: 0.0100 - 323s/epoch - 258ms/step
Epoch 61/5000

Epoch 61: val_loss did not improve from 0.03895
1250/1250 - 323s - loss: 0.0491 - psnr: 23.2088 - ssim: 0.5660 - val_loss: 0.0446 - val_psnr: 24.6983 - val_ssim: 0.7420 - lr: 0.0020 - 323s/epoch - 258ms/step
Epoch 62/5000

Epoch 62: val_loss did not improve from 0.03895
1250/1250 - 323s - loss: 0.0490 - psnr: 23.2153 - ssim: 0.5663 - val_loss: 0.0442 - val_psnr: 24.7340 - val_ssim: 0.7429 - lr: 0.0020 - 323s/epoch - 258ms/step
Epoch 63/5000

Epoch 63: val_loss did not improve from 0.03895
1250/1250 - 324s - loss: 0.0490 - psnr: 23.2150 - ssim: 0.5666 - val_loss: 0.0443 - val_psnr: 24.7406 - val_ssim: 0.7424 - lr: 0.0020 - 324s/epoch - 260ms/step
Epoch 64/5000

Epoch 64: val_loss did not improve from 0.03895
1250/1250 - 324s - loss: 0.0490 - psnr: 23.2217 - ssim: 0.5667 - val_loss: 0.0440 - val_psnr: 24.7854 - val_ssim: 0.7423 - lr: 0.0020 - 324s/epoch - 260ms/step
Epoch 65/5000

Epoch 65: val_loss did not improve from 0.03895
1250/1250 - 323s - loss: 0.0489 - psnr: 23.2217 - ssim: 0.5670 - val_loss: 0.0448 - val_psnr: 24.6694 - val_ssim: 0.7417 - lr: 0.0020 - 323s/epoch - 259ms/step
Epoch 66/5000

Epoch 66: val_loss did not improve from 0.03895
1250/1250 - 324s - loss: 0.0489 - psnr: 23.2224 - ssim: 0.5671 - val_loss: 0.0443 - val_psnr: 24.7607 - val_ssim: 0.7423 - lr: 0.0020 - 324s/epoch - 259ms/step
Epoch 67/5000

Epoch 67: val_loss did not improve from 0.03895
1250/1250 - 323s - loss: 0.0489 - psnr: 23.2301 - ssim: 0.5671 - val_loss: 0.0447 - val_psnr: 24.6737 - val_ssim: 0.7418 - lr: 0.0020 - 323s/epoch - 258ms/step
Epoch 68/5000

Epoch 68: val_loss did not improve from 0.03895
1250/1250 - 323s - loss: 0.0489 - psnr: 23.2332 - ssim: 0.5673 - val_loss: 0.0448 - val_psnr: 24.6742 - val_ssim: 0.7424 - lr: 0.0020 - 323s/epoch - 259ms/step
Epoch 69/5000

Epoch 69: val_loss did not improve from 0.03895
1250/1250 - 322s - loss: 0.0488 - psnr: 23.2376 - ssim: 0.5674 - val_loss: 0.0440 - val_psnr: 24.7528 - val_ssim: 0.7447 - lr: 0.0020 - 322s/epoch - 257ms/step
Epoch 70/5000

Epoch 70: val_loss did not improve from 0.03895
1250/1250 - 324s - loss: 0.0488 - psnr: 23.2443 - ssim: 0.5675 - val_loss: 0.0442 - val_psnr: 24.7550 - val_ssim: 0.7439 - lr: 0.0020 - 324s/epoch - 259ms/step
Epoch 71/5000

Epoch 71: val_loss did not improve from 0.03895
1250/1250 - 323s - loss: 0.0488 - psnr: 23.2431 - ssim: 0.5676 - val_loss: 0.0447 - val_psnr: 24.6747 - val_ssim: 0.7431 - lr: 0.0020 - 323s/epoch - 259ms/step
Epoch 72/5000

Epoch 72: val_loss did not improve from 0.03895
1250/1250 - 324s - loss: 0.0488 - psnr: 23.2392 - ssim: 0.5677 - val_loss: 0.0443 - val_psnr: 24.7249 - val_ssim: 0.7442 - lr: 0.0020 - 324s/epoch - 259ms/step
Epoch 73/5000

Epoch 73: val_loss did not improve from 0.03895
1250/1250 - 323s - loss: 0.0487 - psnr: 23.2461 - ssim: 0.5678 - val_loss: 0.0444 - val_psnr: 24.7104 - val_ssim: 0.7427 - lr: 0.0020 - 323s/epoch - 258ms/step
Epoch 74/5000

Epoch 74: val_loss did not improve from 0.03895
1250/1250 - 324s - loss: 0.0487 - psnr: 23.2501 - ssim: 0.5679 - val_loss: 0.0455 - val_psnr: 24.5494 - val_ssim: 0.7422 - lr: 0.0020 - 324s/epoch - 259ms/step
Epoch 75/5000

Epoch 75: val_loss did not improve from 0.03895
1250/1250 - 324s - loss: 0.0488 - psnr: 23.2493 - ssim: 0.5680 - val_loss: 0.0447 - val_psnr: 24.6396 - val_ssim: 0.7425 - lr: 0.0020 - 324s/epoch - 259ms/step
Epoch 76/5000

Epoch 76: val_loss did not improve from 0.03895
1250/1250 - 322s - loss: 0.0487 - psnr: 23.2593 - ssim: 0.5681 - val_loss: 0.0440 - val_psnr: 24.7622 - val_ssim: 0.7439 - lr: 0.0020 - 322s/epoch - 258ms/step
Epoch 77/5000

Epoch 77: val_loss did not improve from 0.03895
1250/1250 - 324s - loss: 0.0487 - psnr: 23.2605 - ssim: 0.5682 - val_loss: 0.0448 - val_psnr: 24.6717 - val_ssim: 0.7439 - lr: 0.0020 - 324s/epoch - 259ms/step
Epoch 78/5000

Epoch 78: val_loss did not improve from 0.03895
1250/1250 - 324s - loss: 0.0487 - psnr: 23.2584 - ssim: 0.5682 - val_loss: 0.0446 - val_psnr: 24.6364 - val_ssim: 0.7436 - lr: 0.0020 - 324s/epoch - 259ms/step
Epoch 79/5000

Epoch 79: val_loss did not improve from 0.03895
1250/1250 - 323s - loss: 0.0486 - psnr: 23.2638 - ssim: 0.5684 - val_loss: 0.0443 - val_psnr: 24.7286 - val_ssim: 0.7450 - lr: 0.0020 - 323s/epoch - 258ms/step
Epoch 80/5000

Epoch 80: val_loss did not improve from 0.03895
1250/1250 - 323s - loss: 0.0486 - psnr: 23.2659 - ssim: 0.5685 - val_loss: 0.0452 - val_psnr: 24.5978 - val_ssim: 0.7431 - lr: 0.0020 - 323s/epoch - 259ms/step
Epoch 81/5000

Epoch 81: val_loss did not improve from 0.03895
1250/1250 - 323s - loss: 0.0486 - psnr: 23.2625 - ssim: 0.5685 - val_loss: 0.0453 - val_psnr: 24.5884 - val_ssim: 0.7434 - lr: 0.0020 - 323s/epoch - 259ms/step
Epoch 82/5000

Epoch 82: val_loss did not improve from 0.03895
1250/1250 - 322s - loss: 0.0486 - psnr: 23.2686 - ssim: 0.5687 - val_loss: 0.0445 - val_psnr: 24.6860 - val_ssim: 0.7439 - lr: 0.0020 - 322s/epoch - 258ms/step
Epoch 83/5000

Epoch 83: val_loss did not improve from 0.03895
1250/1250 - 323s - loss: 0.0486 - psnr: 23.2700 - ssim: 0.5688 - val_loss: 0.0438 - val_psnr: 24.8010 - val_ssim: 0.7448 - lr: 0.0020 - 323s/epoch - 258ms/step
Epoch 84/5000

Epoch 84: ReduceLROnPlateau reducing learning rate to 0.0003999999724328518.

Epoch 84: val_loss did not improve from 0.03895
1250/1250 - 323s - loss: 0.0486 - psnr: 23.2750 - ssim: 0.5689 - val_loss: 0.0452 - val_psnr: 24.5879 - val_ssim: 0.7440 - lr: 0.0020 - 323s/epoch - 259ms/step
Epoch 85/5000

Epoch 85: val_loss did not improve from 0.03895
1250/1250 - 324s - loss: 0.0484 - psnr: 23.2987 - ssim: 0.5694 - val_loss: 0.0448 - val_psnr: 24.6232 - val_ssim: 0.7456 - lr: 4.0000e-04 - 324s/epoch - 259ms/step
Epoch 86/5000

Epoch 86: val_loss did not improve from 0.03895
1250/1250 - 324s - loss: 0.0484 - psnr: 23.3026 - ssim: 0.5694 - val_loss: 0.0447 - val_psnr: 24.6400 - val_ssim: 0.7461 - lr: 4.0000e-04 - 324s/epoch - 259ms/step
Epoch 87/5000

Epoch 87: val_loss did not improve from 0.03895
1250/1250 - 323s - loss: 0.0483 - psnr: 23.3031 - ssim: 0.5694 - val_loss: 0.0446 - val_psnr: 24.6625 - val_ssim: 0.7462 - lr: 4.0000e-04 - 323s/epoch - 258ms/step
Epoch 88/5000

Epoch 88: val_loss did not improve from 0.03895
1250/1250 - 322s - loss: 0.0483 - psnr: 23.3043 - ssim: 0.5694 - val_loss: 0.0447 - val_psnr: 24.6322 - val_ssim: 0.7461 - lr: 4.0000e-04 - 322s/epoch - 258ms/step
Epoch 89/5000

Epoch 89: val_loss did not improve from 0.03895
1250/1250 - 323s - loss: 0.0483 - psnr: 23.3042 - ssim: 0.5695 - val_loss: 0.0447 - val_psnr: 24.6473 - val_ssim: 0.7456 - lr: 4.0000e-04 - 323s/epoch - 258ms/step
Epoch 90/5000
Restoring model weights from the end of the best epoch: 40.

Epoch 90: val_loss did not improve from 0.03895
1250/1250 - 325s - loss: 0.0483 - psnr: 23.3057 - ssim: 0.5695 - val_loss: 0.0448 - val_psnr: 24.6279 - val_ssim: 0.7460 - lr: 4.0000e-04 - 325s/epoch - 260ms/step
Epoch 90: early stopping
[0m
[32mSaving model architecture text summary...[0m
[32mSaving model training history...[0m
[32mEvaluating model...[0m
[36m
313/313 - 448s - loss: 0.0390 - psnr: 25.3545 - ssim: 0.7357 - 448s/epoch - 1s/step
WARNING:matplotlib.font_manager:findfont: Generic family 'sans-serif' not found because none of the following families were found: Readex Pro
WARNING:matplotlib.font_manager:findfont: Generic family 'sans-serif' not found because none of the following families were found: Readex Pro
WARNING:matplotlib.font_manager:findfont: Generic family 'sans-serif' not found because none of the following families were found: Readex Pro
WARNING:matplotlib.font_manager:findfont: Generic family 'sans-serif' not found because none of the following families were found: Readex Pro
WARNING:matplotlib.font_manager:findfont: Generic family 'sans-serif' not found because none of the following families were found: Readex Pro
WARNING:matplotlib.font_manager:findfont: Generic family 'sans-serif' not found because none of the following families were found: Readex Pro
WARNING:matplotlib.font_manager:findfont: Generic family 'sans-serif' not found because none of the following families were found: Readex Pro
WARNING:matplotlib.font_manager:findfont: Generic family 'sans-serif' not found because none of the following families were found: Readex Pro
WARNING:matplotlib.font_manager:findfont: Generic family 'sans-serif' not found because none of the following families were found: Readex Pro
WARNING:matplotlib.font_manager:findfont: Generic family 'sans-serif' not found because none of the following families were found: Readex Pro
WARNING:matplotlib.font_manager:findfont: Generic family 'sans-serif' not found because none of the following families were found: Readex Pro
WARNING:matplotlib.font_manager:findfont: Generic family 'sans-serif' not found because none of the following families were found: Readex Pro
WARNING:matplotlib.font_manager:findfont: Generic family 'sans-serif' not found because none of the following families were found: Readex Pro
WARNING:matplotlib.font_manager:findfont: Generic family 'sans-serif' not found because none of the following families were found: Readex Pro
WARNING:matplotlib.font_manager:findfont: Generic family 'sans-serif' not found because none of the following families were found: Readex Pro
WARNING:matplotlib.font_manager:findfont: Generic family 'sans-serif' not found because none of the following families were found: Readex Pro
WARNING:matplotlib.font_manager:findfont: Generic family 'sans-serif' not found because none of the following families were found: Readex Pro
WARNING:matplotlib.font_manager:findfont: Generic family 'sans-serif' not found because none of the following families were found: Readex Pro
WARNING:matplotlib.font_manager:findfont: Generic family 'sans-serif' not found because none of the following families were found: Readex Pro
WARNING:matplotlib.font_manager:findfont: Generic family 'sans-serif' not found because none of the following families were found: Readex Pro
WARNING:matplotlib.font_manager:findfont: Generic family 'sans-serif' not found because none of the following families were found: Readex Pro
WARNING:matplotlib.font_manager:findfont: Generic family 'sans-serif' not found because none of the following families were found: Readex Pro
WARNING:matplotlib.font_manager:findfont: Generic family 'sans-serif' not found because none of the following families were found: Readex Pro
WARNING:matplotlib.font_manager:findfont: Generic family 'sans-serif' not found because none of the following families were found: Readex Pro
WARNING:matplotlib.font_manager:findfont: Generic family 'sans-serif' not found because none of the following families were found: Readex Pro
WARNING:matplotlib.font_manager:findfont: Generic family 'sans-serif' not found because none of the following families were found: Readex Pro
WARNING:matplotlib.font_manager:findfont: Generic family 'sans-serif' not found because none of the following families were found: Readex Pro
WARNING:matplotlib.font_manager:findfont: Generic family 'sans-serif' not found because none of the following families were found: Readex Pro
WARNING:matplotlib.font_manager:findfont: Generic family 'sans-serif' not found because none of the following families were found: Readex Pro
WARNING:matplotlib.font_manager:findfont: Generic family 'sans-serif' not found because none of the following families were found: Readex Pro
WARNING:matplotlib.font_manager:findfont: Generic family 'sans-serif' not found because none of the following families were found: Readex Pro
WARNING:matplotlib.font_manager:findfont: Generic family 'sans-serif' not found because none of the following families were found: Readex Pro
WARNING:matplotlib.font_manager:findfont: Generic family 'sans-serif' not found because none of the following families were found: Readex Pro
WARNING:matplotlib.font_manager:findfont: Generic family 'sans-serif' not found because none of the following families were found: Readex Pro
WARNING:matplotlib.font_manager:findfont: Generic family 'sans-serif' not found because none of the following families were found: Readex Pro
WARNING:matplotlib.font_manager:findfont: Generic family 'sans-serif' not found because none of the following families were found: Readex Pro
WARNING:matplotlib.font_manager:findfont: Generic family 'sans-serif' not found because none of the following families were found: Readex Pro
WARNING:matplotlib.font_manager:findfont: Generic family 'sans-serif' not found because none of the following families were found: Readex Pro
WARNING:matplotlib.font_manager:findfont: Generic family 'sans-serif' not found because none of the following families were found: Readex Pro
WARNING:matplotlib.font_manager:findfont: Generic family 'sans-serif' not found because none of the following families were found: Readex Pro
WARNING:matplotlib.font_manager:findfont: Generic family 'sans-serif' not found because none of the following families were found: Readex Pro
WARNING:matplotlib.font_manager:findfont: Generic family 'sans-serif' not found because none of the following families were found: Readex Pro
WARNING:matplotlib.font_manager:findfont: Generic family 'sans-serif' not found because none of the following families were found: Readex Pro
WARNING:matplotlib.font_manager:findfont: Generic family 'sans-serif' not found because none of the following families were found: Readex Pro
WARNING:matplotlib.font_manager:findfont: Generic family 'sans-serif' not found because none of the following families were found: Readex Pro
WARNING:matplotlib.font_manager:findfont: Generic family 'sans-serif' not found because none of the following families were found: Readex Pro
WARNING:matplotlib.font_manager:findfont: Generic family 'sans-serif' not found because none of the following families were found: Readex Pro
WARNING:matplotlib.font_manager:findfont: Generic family 'sans-serif' not found because none of the following families were found: Readex Pro
WARNING:matplotlib.font_manager:findfont: Generic family 'sans-serif' not found because none of the following families were found: Readex Pro
WARNING:matplotlib.font_manager:findfont: Generic family 'sans-serif' not found because none of the following families were found: Readex Pro
WARNING:matplotlib.font_manager:findfont: Generic family 'sans-serif' not found because none of the following families were found: Readex Pro
WARNING:matplotlib.font_manager:findfont: Generic family 'sans-serif' not found because none of the following families were found: Readex Pro
WARNING:matplotlib.font_manager:findfont: Generic family 'sans-serif' not found because none of the following families were found: Readex Pro
WARNING:matplotlib.font_manager:findfont: Generic family 'sans-serif' not found because none of the following families were found: Readex Pro
WARNING:matplotlib.font_manager:findfont: Generic family 'sans-serif' not found because none of the following families were found: Readex Pro
WARNING:matplotlib.font_manager:findfont: Generic family 'sans-serif' not found because none of the following families were found: Readex Pro
WARNING:matplotlib.font_manager:findfont: Generic family 'sans-serif' not found because none of the following families were found: Readex Pro
WARNING:matplotlib.font_manager:findfont: Generic family 'sans-serif' not found because none of the following families were found: Readex Pro
WARNING:matplotlib.font_manager:findfont: Generic family 'sans-serif' not found because none of the following families were found: Readex Pro
WARNING:matplotlib.font_manager:findfont: Generic family 'sans-serif' not found because none of the following families were found: Readex Pro
WARNING:matplotlib.font_manager:findfont: Generic family 'sans-serif' not found because none of the following families were found: Readex Pro
WARNING:matplotlib.font_manager:findfont: Generic family 'sans-serif' not found because none of the following families were found: Readex Pro
WARNING:matplotlib.font_manager:findfont: Generic family 'sans-serif' not found because none of the following families were found: Readex Pro
WARNING:matplotlib.font_manager:findfont: Generic family 'sans-serif' not found because none of the following families were found: Readex Pro
WARNING:matplotlib.font_manager:findfont: Generic family 'sans-serif' not found because none of the following families were found: Readex Pro
WARNING:matplotlib.font_manager:findfont: Generic family 'sans-serif' not found because none of the following families were found: Readex Pro
WARNING:matplotlib.font_manager:findfont: Generic family 'sans-serif' not found because none of the following families were found: Readex Pro
WARNING:matplotlib.font_manager:findfont: Generic family 'sans-serif' not found because none of the following families were found: Readex Pro
WARNING:matplotlib.font_manager:findfont: Generic family 'sans-serif' not found because none of the following families were found: Readex Pro
WARNING:matplotlib.font_manager:findfont: Generic family 'sans-serif' not found because none of the following families were found: Readex Pro
WARNING:matplotlib.font_manager:findfont: Generic family 'sans-serif' not found because none of the following families were found: Readex Pro
WARNING:matplotlib.font_manager:findfont: Generic family 'sans-serif' not found because none of the following families were found: Readex Pro
WARNING:matplotlib.font_manager:findfont: Generic family 'sans-serif' not found because none of the following families were found: Readex Pro
WARNING:matplotlib.font_manager:findfont: Generic family 'sans-serif' not found because none of the following families were found: Readex Pro
WARNING:matplotlib.font_manager:findfont: Generic family 'sans-serif' not found because none of the following families were found: Readex Pro
WARNING:matplotlib.font_manager:findfont: Generic family 'sans-serif' not found because none of the following families were found: Readex Pro
WARNING:matplotlib.font_manager:findfont: Generic family 'sans-serif' not found because none of the following families were found: Readex Pro
WARNING:matplotlib.font_manager:findfont: Generic family 'sans-serif' not found because none of the following families were found: Readex Pro
WARNING:matplotlib.font_manager:findfont: Generic family 'sans-serif' not found because none of the following families were found: Readex Pro
WARNING:matplotlib.font_manager:findfont: Generic family 'sans-serif' not found because none of the following families were found: Readex Pro
WARNING:matplotlib.font_manager:findfont: Generic family 'sans-serif' not found because none of the following families were found: Readex Pro
WARNING:matplotlib.font_manager:findfont: Generic family 'sans-serif' not found because none of the following families were found: Readex Pro
WARNING:matplotlib.font_manager:findfont: Generic family 'sans-serif' not found because none of the following families were found: Readex Pro
WARNING:matplotlib.font_manager:findfont: Generic family 'sans-serif' not found because none of the following families were found: Readex Pro
WARNING:matplotlib.font_manager:findfont: Generic family 'sans-serif' not found because none of the following families were found: Readex Pro
WARNING:matplotlib.font_manager:findfont: Generic family 'sans-serif' not found because none of the following families were found: Readex Pro
WARNING:matplotlib.font_manager:findfont: Generic family 'sans-serif' not found because none of the following families were found: Readex Pro
WARNING:matplotlib.font_manager:findfont: Generic family 'sans-serif' not found because none of the following families were found: Readex Pro
WARNING:matplotlib.font_manager:findfont: Generic family 'sans-serif' not found because none of the following families were found: Readex Pro
WARNING:matplotlib.font_manager:findfont: Generic family 'sans-serif' not found because none of the following families were found: Readex Pro
WARNING:matplotlib.font_manager:findfont: Generic family 'sans-serif' not found because none of the following families were found: Readex Pro
WARNING:matplotlib.font_manager:findfont: Generic family 'sans-serif' not found because none of the following families were found: Readex Pro
WARNING:matplotlib.font_manager:findfont: Generic family 'sans-serif' not found because none of the following families were found: Readex Pro
WARNING:matplotlib.font_manager:findfont: Generic family 'sans-serif' not found because none of the following families were found: Readex Pro
WARNING:matplotlib.font_manager:findfont: Generic family 'sans-serif' not found because none of the following families were found: Readex Pro
WARNING:matplotlib.font_manager:findfont: Generic family 'sans-serif' not found because none of the following families were found: Readex Pro
WARNING:matplotlib.font_manager:findfont: Generic family 'sans-serif' not found because none of the following families were found: Readex Pro
WARNING:matplotlib.font_manager:findfont: Generic family 'sans-serif' not found because none of the following families were found: Readex Pro
WARNING:matplotlib.font_manager:findfont: Generic family 'sans-serif' not found because none of the following families were found: Readex Pro
WARNING:matplotlib.font_manager:findfont: Generic family 'sans-serif' not found because none of the following families were found: Readex Pro
WARNING:matplotlib.font_manager:findfont: Generic family 'sans-serif' not found because none of the following families were found: Readex Pro
WARNING:matplotlib.font_manager:findfont: Generic family 'sans-serif' not found because none of the following families were found: Readex Pro
WARNING:matplotlib.font_manager:findfont: Generic family 'sans-serif' not found because none of the following families were found: Readex Pro
WARNING:matplotlib.font_manager:findfont: Generic family 'sans-serif' not found because none of the following families were found: Readex Pro
WARNING:matplotlib.font_manager:findfont: Generic family 'sans-serif' not found because none of the following families were found: Readex Pro
WARNING:matplotlib.font_manager:findfont: Generic family 'sans-serif' not found because none of the following families were found: Readex Pro
WARNING:matplotlib.font_manager:findfont: Generic family 'sans-serif' not found because none of the following families were found: Readex Pro
WARNING:matplotlib.font_manager:findfont: Generic family 'sans-serif' not found because none of the following families were found: Readex Pro
WARNING:matplotlib.font_manager:findfont: Generic family 'sans-serif' not found because none of the following families were found: Readex Pro
WARNING:matplotlib.font_manager:findfont: Generic family 'sans-serif' not found because none of the following families were found: Readex Pro
WARNING:matplotlib.font_manager:findfont: Generic family 'sans-serif' not found because none of the following families were found: Readex Pro
WARNING:matplotlib.font_manager:findfont: Generic family 'sans-serif' not found because none of the following families were found: Readex Pro
WARNING:matplotlib.font_manager:findfont: Generic family 'sans-serif' not found because none of the following families were found: Readex Pro
WARNING:matplotlib.font_manager:findfont: Generic family 'sans-serif' not found because none of the following families were found: Readex Pro
WARNING:matplotlib.font_manager:findfont: Generic family 'sans-serif' not found because none of the following families were found: Readex Pro
WARNING:matplotlib.font_manager:findfont: Generic family 'sans-serif' not found because none of the following families were found: Readex Pro
WARNING:matplotlib.font_manager:findfont: Generic family 'sans-serif' not found because none of the following families were found: Readex Pro
WARNING:matplotlib.font_manager:findfont: Generic family 'sans-serif' not found because none of the following families were found: Readex Pro
WARNING:matplotlib.font_manager:findfont: Generic family 'sans-serif' not found because none of the following families were found: Readex Pro
WARNING:matplotlib.font_manager:findfont: Generic family 'sans-serif' not found because none of the following families were found: Readex Pro
WARNING:matplotlib.font_manager:findfont: Generic family 'sans-serif' not found because none of the following families were found: Readex Pro
WARNING:matplotlib.font_manager:findfont: Generic family 'sans-serif' not found because none of the following families were found: Readex Pro
WARNING:matplotlib.font_manager:findfont: Generic family 'sans-serif' not found because none of the following families were found: Readex Pro
WARNING:matplotlib.font_manager:findfont: Generic family 'sans-serif' not found because none of the following families were found: Readex Pro
WARNING:matplotlib.font_manager:findfont: Generic family 'sans-serif' not found because none of the following families were found: Readex Pro
WARNING:matplotlib.font_manager:findfont: Generic family 'sans-serif' not found because none of the following families were found: Readex Pro
WARNING:matplotlib.font_manager:findfont: Generic family 'sans-serif' not found because none of the following families were found: Readex Pro
WARNING:matplotlib.font_manager:findfont: Generic family 'sans-serif' not found because none of the following families were found: Readex Pro
WARNING:matplotlib.font_manager:findfont: Generic family 'sans-serif' not found because none of the following families were found: Readex Pro
WARNING:matplotlib.font_manager:findfont: Generic family 'sans-serif' not found because none of the following families were found: Readex Pro
WARNING:matplotlib.font_manager:findfont: Generic family 'sans-serif' not found because none of the following families were found: Readex Pro
WARNING:matplotlib.font_manager:findfont: Generic family 'sans-serif' not found because none of the following families were found: Readex Pro
WARNING:matplotlib.font_manager:findfont: Generic family 'sans-serif' not found because none of the following families were found: Readex Pro
WARNING:matplotlib.font_manager:findfont: Generic family 'sans-serif' not found because none of the following families were found: Readex Pro
WARNING:matplotlib.font_manager:findfont: Generic family 'sans-serif' not found because none of the following families were found: Readex Pro
WARNING:matplotlib.font_manager:findfont: Generic family 'sans-serif' not found because none of the following families were found: Readex Pro
WARNING:matplotlib.font_manager:findfont: Generic family 'sans-serif' not found because none of the following families were found: Readex Pro
WARNING:matplotlib.font_manager:findfont: Generic family 'sans-serif' not found because none of the following families were found: Readex Pro
WARNING:matplotlib.font_manager:findfont: Generic family 'sans-serif' not found because none of the following families were found: Readex Pro
WARNING:matplotlib.font_manager:findfont: Generic family 'sans-serif' not found because none of the following families were found: Readex Pro
WARNING:matplotlib.font_manager:findfont: Generic family 'sans-serif' not found because none of the following families were found: Readex Pro
WARNING:matplotlib.font_manager:findfont: Generic family 'sans-serif' not found because none of the following families were found: Readex Pro
WARNING:matplotlib.font_manager:findfont: Generic family 'sans-serif' not found because none of the following families were found: Readex Pro
WARNING:matplotlib.font_manager:findfont: Generic family 'sans-serif' not found because none of the following families were found: Readex Pro
WARNING:matplotlib.font_manager:findfont: Generic family 'sans-serif' not found because none of the following families were found: Readex Pro
WARNING:matplotlib.font_manager:findfont: Generic family 'sans-serif' not found because none of the following families were found: Readex Pro
WARNING:matplotlib.font_manager:findfont: Generic family 'sans-serif' not found because none of the following families were found: Readex Pro
WARNING:matplotlib.font_manager:findfont: Generic family 'sans-serif' not found because none of the following families were found: Readex Pro
WARNING:matplotlib.font_manager:findfont: Generic family 'sans-serif' not found because none of the following families were found: Readex Pro
WARNING:matplotlib.font_manager:findfont: Generic family 'sans-serif' not found because none of the following families were found: Readex Pro
WARNING:matplotlib.font_manager:findfont: Generic family 'sans-serif' not found because none of the following families were found: Readex Pro
WARNING:matplotlib.font_manager:findfont: Generic family 'sans-serif' not found because none of the following families were found: Readex Pro
WARNING:matplotlib.font_manager:findfont: Generic family 'sans-serif' not found because none of the following families were found: Readex Pro
WARNING:matplotlib.font_manager:findfont: Generic family 'sans-serif' not found because none of the following families were found: Readex Pro
WARNING:matplotlib.font_manager:findfont: Generic family 'sans-serif' not found because none of the following families were found: Readex Pro
WARNING:matplotlib.font_manager:findfont: Generic family 'sans-serif' not found because none of the following families were found: Readex Pro
WARNING:matplotlib.font_manager:findfont: Generic family 'sans-serif' not found because none of the following families were found: Readex Pro
WARNING:matplotlib.font_manager:findfont: Generic family 'sans-serif' not found because none of the following families were found: Readex Pro
WARNING:matplotlib.font_manager:findfont: Generic family 'sans-serif' not found because none of the following families were found: Readex Pro
WARNING:matplotlib.font_manager:findfont: Generic family 'sans-serif' not found because none of the following families were found: Readex Pro
WARNING:matplotlib.font_manager:findfont: Generic family 'sans-serif' not found because none of the following families were found: Readex Pro
WARNING:matplotlib.font_manager:findfont: Generic family 'sans-serif' not found because none of the following families were found: Readex Pro
WARNING:matplotlib.font_manager:findfont: Generic family 'sans-serif' not found because none of the following families were found: Readex Pro
WARNING:matplotlib.font_manager:findfont: Generic family 'sans-serif' not found because none of the following families were found: Readex Pro
WARNING:matplotlib.font_manager:findfont: Generic family 'sans-serif' not found because none of the following families were found: Readex Pro
WARNING:matplotlib.font_manager:findfont: Generic family 'sans-serif' not found because none of the following families were found: Readex Pro
WARNING:matplotlib.font_manager:findfont: Generic family 'sans-serif' not found because none of the following families were found: Readex Pro
WARNING:matplotlib.font_manager:findfont: Generic family 'sans-serif' not found because none of the following families were found: Readex Pro
WARNING:matplotlib.font_manager:findfont: Generic family 'sans-serif' not found because none of the following families were found: Readex Pro
WARNING:matplotlib.font_manager:findfont: Generic family 'sans-serif' not found because none of the following families were found: Readex Pro
WARNING:matplotlib.font_manager:findfont: Generic family 'sans-serif' not found because none of the following families were found: Readex Pro
WARNING:matplotlib.font_manager:findfont: Generic family 'sans-serif' not found because none of the following families were found: Readex Pro
WARNING:matplotlib.font_manager:findfont: Generic family 'sans-serif' not found because none of the following families were found: Readex Pro
WARNING:matplotlib.font_manager:findfont: Generic family 'sans-serif' not found because none of the following families were found: Readex Pro
WARNING:matplotlib.font_manager:findfont: Generic family 'sans-serif' not found because none of the following families were found: Readex Pro
WARNING:matplotlib.font_manager:findfont: Generic family 'sans-serif' not found because none of the following families were found: Readex Pro
WARNING:matplotlib.font_manager:findfont: Generic family 'sans-serif' not found because none of the following families were found: Readex Pro
WARNING:matplotlib.font_manager:findfont: Generic family 'sans-serif' not found because none of the following families were found: Readex Pro
WARNING:matplotlib.font_manager:findfont: Generic family 'sans-serif' not found because none of the following families were found: Readex Pro
WARNING:matplotlib.font_manager:findfont: Generic family 'sans-serif' not found because none of the following families were found: Readex Pro
WARNING:matplotlib.font_manager:findfont: Generic family 'sans-serif' not found because none of the following families were found: Readex Pro
WARNING:matplotlib.font_manager:findfont: Generic family 'sans-serif' not found because none of the following families were found: Readex Pro
WARNING:matplotlib.font_manager:findfont: Generic family 'sans-serif' not found because none of the following families were found: Readex Pro
WARNING:matplotlib.font_manager:findfont: Generic family 'sans-serif' not found because none of the following families were found: Readex Pro
WARNING:matplotlib.font_manager:findfont: Generic family 'sans-serif' not found because none of the following families were found: Readex Pro
WARNING:matplotlib.font_manager:findfont: Generic family 'sans-serif' not found because none of the following families were found: Readex Pro
WARNING:matplotlib.font_manager:findfont: Generic family 'sans-serif' not found because none of the following families were found: Readex Pro
WARNING:matplotlib.font_manager:findfont: Generic family 'sans-serif' not found because none of the following families were found: Readex Pro
WARNING:matplotlib.font_manager:findfont: Generic family 'sans-serif' not found because none of the following families were found: Readex Pro
WARNING:matplotlib.font_manager:findfont: Generic family 'sans-serif' not found because none of the following families were found: Readex Pro
WARNING:matplotlib.font_manager:findfont: Generic family 'sans-serif' not found because none of the following families were found: Readex Pro
WARNING:matplotlib.font_manager:findfont: Generic family 'sans-serif' not found because none of the following families were found: Readex Pro
WARNING:matplotlib.font_manager:findfont: Generic family 'sans-serif' not found because none of the following families were found: Readex Pro
WARNING:matplotlib.font_manager:findfont: Generic family 'sans-serif' not found because none of the following families were found: Readex Pro
WARNING:matplotlib.font_manager:findfont: Generic family 'sans-serif' not found because none of the following families were found: Readex Pro
WARNING:matplotlib.font_manager:findfont: Generic family 'sans-serif' not found because none of the following families were found: Readex Pro
WARNING:matplotlib.font_manager:findfont: Generic family 'sans-serif' not found because none of the following families were found: Readex Pro
WARNING:matplotlib.font_manager:findfont: Generic family 'sans-serif' not found because none of the following families were found: Readex Pro
WARNING:matplotlib.font_manager:findfont: Generic family 'sans-serif' not found because none of the following families were found: Readex Pro
WARNING:matplotlib.font_manager:findfont: Generic family 'sans-serif' not found because none of the following families were found: Readex Pro
WARNING:matplotlib.font_manager:findfont: Generic family 'sans-serif' not found because none of the following families were found: Readex Pro
WARNING:matplotlib.font_manager:findfont: Generic family 'sans-serif' not found because none of the following families were found: Readex Pro
WARNING:matplotlib.font_manager:findfont: Generic family 'sans-serif' not found because none of the following families were found: Readex Pro
WARNING:matplotlib.font_manager:findfont: Generic family 'sans-serif' not found because none of the following families were found: Readex Pro
WARNING:matplotlib.font_manager:findfont: Generic family 'sans-serif' not found because none of the following families were found: Readex Pro
WARNING:matplotlib.font_manager:findfont: Generic family 'sans-serif' not found because none of the following families were found: Readex Pro
WARNING:matplotlib.font_manager:findfont: Generic family 'sans-serif' not found because none of the following families were found: Readex Pro
WARNING:matplotlib.font_manager:findfont: Generic family 'sans-serif' not found because none of the following families were found: Readex Pro
WARNING:matplotlib.font_manager:findfont: Generic family 'sans-serif' not found because none of the following families were found: Readex Pro
WARNING:matplotlib.font_manager:findfont: Generic family 'sans-serif' not found because none of the following families were found: Readex Pro
WARNING:matplotlib.font_manager:findfont: Generic family 'sans-serif' not found because none of the following families were found: Readex Pro
WARNING:matplotlib.font_manager:findfont: Generic family 'sans-serif' not found because none of the following families were found: Readex Pro
WARNING:matplotlib.font_manager:findfont: Generic family 'sans-serif' not found because none of the following families were found: Readex Pro
WARNING:matplotlib.font_manager:findfont: Generic family 'sans-serif' not found because none of the following families were found: Readex Pro
WARNING:matplotlib.font_manager:findfont: Generic family 'sans-serif' not found because none of the following families were found: Readex Pro
WARNING:matplotlib.font_manager:findfont: Generic family 'sans-serif' not found because none of the following families were found: Readex Pro
WARNING:matplotlib.font_manager:findfont: Generic family 'sans-serif' not found because none of the following families were found: Readex Pro
WARNING:matplotlib.font_manager:findfont: Generic family 'sans-serif' not found because none of the following families were found: Readex Pro
WARNING:matplotlib.font_manager:findfont: Generic family 'sans-serif' not found because none of the following families were found: Readex Pro
WARNING:matplotlib.font_manager:findfont: Generic family 'sans-serif' not found because none of the following families were found: Readex Pro
WARNING:matplotlib.font_manager:findfont: Generic family 'sans-serif' not found because none of the following families were found: Readex Pro
WARNING:matplotlib.font_manager:findfont: Generic family 'sans-serif' not found because none of the following families were found: Readex Pro
WARNING:matplotlib.font_manager:findfont: Generic family 'sans-serif' not found because none of the following families were found: Readex Pro
WARNING:matplotlib.font_manager:findfont: Generic family 'sans-serif' not found because none of the following families were found: Readex Pro
WARNING:matplotlib.font_manager:findfont: Generic family 'sans-serif' not found because none of the following families were found: Readex Pro
WARNING:matplotlib.font_manager:findfont: Generic family 'sans-serif' not found because none of the following families were found: Readex Pro
WARNING:matplotlib.font_manager:findfont: Generic family 'sans-serif' not found because none of the following families were found: Readex Pro
WARNING:matplotlib.font_manager:findfont: Generic family 'sans-serif' not found because none of the following families were found: Readex Pro
WARNING:matplotlib.font_manager:findfont: Generic family 'sans-serif' not found because none of the following families were found: Readex Pro
WARNING:matplotlib.font_manager:findfont: Generic family 'sans-serif' not found because none of the following families were found: Readex Pro
WARNING:matplotlib.font_manager:findfont: Generic family 'sans-serif' not found because none of the following families were found: Readex Pro
WARNING:matplotlib.font_manager:findfont: Generic family 'sans-serif' not found because none of the following families were found: Readex Pro
WARNING:matplotlib.font_manager:findfont: Generic family 'sans-serif' not found because none of the following families were found: Readex Pro
WARNING:matplotlib.font_manager:findfont: Generic family 'sans-serif' not found because none of the following families were found: Readex Pro
WARNING:matplotlib.font_manager:findfont: Generic family 'sans-serif' not found because none of the following families were found: Readex Pro
WARNING:matplotlib.font_manager:findfont: Generic family 'sans-serif' not found because none of the following families were found: Readex Pro
WARNING:matplotlib.font_manager:findfont: Generic family 'sans-serif' not found because none of the following families were found: Readex Pro
WARNING:matplotlib.font_manager:findfont: Generic family 'sans-serif' not found because none of the following families were found: Readex Pro
WARNING:matplotlib.font_manager:findfont: Generic family 'sans-serif' not found because none of the following families were found: Readex Pro
WARNING:matplotlib.font_manager:findfont: Generic family 'sans-serif' not found because none of the following families were found: Readex Pro
WARNING:matplotlib.font_manager:findfont: Generic family 'sans-serif' not found because none of the following families were found: Readex Pro
WARNING:matplotlib.font_manager:findfont: Generic family 'sans-serif' not found because none of the following families were found: Readex Pro
WARNING:matplotlib.font_manager:findfont: Generic family 'sans-serif' not found because none of the following families were found: Readex Pro
WARNING:matplotlib.font_manager:findfont: Generic family 'sans-serif' not found because none of the following families were found: Readex Pro
WARNING:matplotlib.font_manager:findfont: Generic family 'sans-serif' not found because none of the following families were found: Readex Pro
WARNING:matplotlib.font_manager:findfont: Generic family 'sans-serif' not found because none of the following families were found: Readex Pro
WARNING:matplotlib.font_manager:findfont: Generic family 'sans-serif' not found because none of the following families were found: Readex Pro
WARNING:matplotlib.font_manager:findfont: Generic family 'sans-serif' not found because none of the following families were found: Readex Pro
WARNING:matplotlib.font_manager:findfont: Generic family 'sans-serif' not found because none of the following families were found: Readex Pro
WARNING:matplotlib.font_manager:findfont: Generic family 'sans-serif' not found because none of the following families were found: Readex Pro
WARNING:matplotlib.font_manager:findfont: Generic family 'sans-serif' not found because none of the following families were found: Readex Pro
WARNING:matplotlib.font_manager:findfont: Generic family 'sans-serif' not found because none of the following families were found: Readex Pro
WARNING:matplotlib.font_manager:findfont: Generic family 'sans-serif' not found because none of the following families were found: Readex Pro
WARNING:matplotlib.font_manager:findfont: Generic family 'sans-serif' not found because none of the following families were found: Readex Pro
WARNING:matplotlib.font_manager:findfont: Generic family 'sans-serif' not found because none of the following families were found: Readex Pro
WARNING:matplotlib.font_manager:findfont: Generic family 'sans-serif' not found because none of the following families were found: Readex Pro
WARNING:matplotlib.font_manager:findfont: Generic family 'sans-serif' not found because none of the following families were found: Readex Pro
WARNING:matplotlib.font_manager:findfont: Generic family 'sans-serif' not found because none of the following families were found: Readex Pro
WARNING:matplotlib.font_manager:findfont: Generic family 'sans-serif' not found because none of the following families were found: Readex Pro
WARNING:matplotlib.font_manager:findfont: Generic family 'sans-serif' not found because none of the following families were found: Readex Pro
WARNING:matplotlib.font_manager:findfont: Generic family 'sans-serif' not found because none of the following families were found: Readex Pro
WARNING:matplotlib.font_manager:findfont: Generic family 'sans-serif' not found because none of the following families were found: Readex Pro
WARNING:matplotlib.font_manager:findfont: Generic family 'sans-serif' not found because none of the following families were found: Readex Pro
WARNING:matplotlib.font_manager:findfont: Generic family 'sans-serif' not found because none of the following families were found: Readex Pro
WARNING:matplotlib.font_manager:findfont: Generic family 'sans-serif' not found because none of the following families were found: Readex Pro
WARNING:matplotlib.font_manager:findfont: Generic family 'sans-serif' not found because none of the following families were found: Readex Pro
WARNING:matplotlib.font_manager:findfont: Generic family 'sans-serif' not found because none of the following families were found: Readex Pro
WARNING:matplotlib.font_manager:findfont: Generic family 'sans-serif' not found because none of the following families were found: Readex Pro
WARNING:matplotlib.font_manager:findfont: Generic family 'sans-serif' not found because none of the following families were found: Readex Pro
WARNING:matplotlib.font_manager:findfont: Generic family 'sans-serif' not found because none of the following families were found: Readex Pro
WARNING:matplotlib.font_manager:findfont: Generic family 'sans-serif' not found because none of the following families were found: Readex Pro
WARNING:matplotlib.font_manager:findfont: Generic family 'sans-serif' not found because none of the following families were found: Readex Pro
WARNING:matplotlib.font_manager:findfont: Generic family 'sans-serif' not found because none of the following families were found: Readex Pro
WARNING:matplotlib.font_manager:findfont: Generic family 'sans-serif' not found because none of the following families were found: Readex Pro
WARNING:matplotlib.font_manager:findfont: Generic family 'sans-serif' not found because none of the following families were found: Readex Pro
WARNING:matplotlib.font_manager:findfont: Generic family 'sans-serif' not found because none of the following families were found: Readex Pro
WARNING:matplotlib.font_manager:findfont: Generic family 'sans-serif' not found because none of the following families were found: Readex Pro
WARNING:matplotlib.font_manager:findfont: Generic family 'sans-serif' not found because none of the following families were found: Readex Pro
WARNING:matplotlib.font_manager:findfont: Generic family 'sans-serif' not found because none of the following families were found: Readex Pro
WARNING:matplotlib.font_manager:findfont: Generic family 'sans-serif' not found because none of the following families were found: Readex Pro
WARNING:matplotlib.font_manager:findfont: Generic family 'sans-serif' not found because none of the following families were found: Readex Pro
WARNING:matplotlib.font_manager:findfont: Generic family 'sans-serif' not found because none of the following families were found: Readex Pro
WARNING:matplotlib.font_manager:findfont: Generic family 'sans-serif' not found because none of the following families were found: Readex Pro
WARNING:matplotlib.font_manager:findfont: Generic family 'sans-serif' not found because none of the following families were found: Readex Pro
WARNING:matplotlib.font_manager:findfont: Generic family 'sans-serif' not found because none of the following families were found: Readex Pro
WARNING:matplotlib.font_manager:findfont: Generic family 'sans-serif' not found because none of the following families were found: Readex Pro
WARNING:matplotlib.font_manager:findfont: Generic family 'sans-serif' not found because none of the following families were found: Readex Pro
WARNING:matplotlib.font_manager:findfont: Generic family 'sans-serif' not found because none of the following families were found: Readex Pro
WARNING:matplotlib.font_manager:findfont: Generic family 'sans-serif' not found because none of the following families were found: Readex Pro
WARNING:matplotlib.font_manager:findfont: Generic family 'sans-serif' not found because none of the following families were found: Readex Pro
WARNING:matplotlib.font_manager:findfont: Generic family 'sans-serif' not found because none of the following families were found: Readex Pro
WARNING:matplotlib.font_manager:findfont: Generic family 'sans-serif' not found because none of the following families were found: Readex Pro
WARNING:matplotlib.font_manager:findfont: Generic family 'sans-serif' not found because none of the following families were found: Readex Pro
WARNING:matplotlib.font_manager:findfont: Generic family 'sans-serif' not found because none of the following families were found: Readex Pro
WARNING:matplotlib.font_manager:findfont: Generic family 'sans-serif' not found because none of the following families were found: Readex Pro
WARNING:matplotlib.font_manager:findfont: Generic family 'sans-serif' not found because none of the following families were found: Readex Pro
[0m
[32mSaving model evaluation...[0m
[32mGenerating training graphs...[0m
[33mTotal time: 08:50:06[0m
[35mEverything done![0m
