2023-02-19 11:09:17.483893: I tensorflow/core/platform/cpu_feature_guard.cc:193] This TensorFlow binary is optimized with oneAPI Deep Neural Network Library (oneDNN) to use the following CPU instructions in performance-critical operations:  AVX2 FMA
To enable them in other operations, rebuild TensorFlow with the appropriate compiler flags.
2023-02-19 11:09:24.309370: W tensorflow/compiler/xla/stream_executor/platform/default/dso_loader.cc:64] Could not load dynamic library 'libnvinfer.so.7'; dlerror: libnvinfer.so.7: cannot open shared object file: No such file or directory
2023-02-19 11:09:24.309956: W tensorflow/compiler/xla/stream_executor/platform/default/dso_loader.cc:64] Could not load dynamic library 'libnvinfer_plugin.so.7'; dlerror: libnvinfer_plugin.so.7: cannot open shared object file: No such file or directory
2023-02-19 11:09:24.309984: W tensorflow/compiler/tf2tensorrt/utils/py_utils.cc:38] TF-TRT Warning: Cannot dlopen some TensorRT libraries. If you would like to use Nvidia GPU with TensorRT, please make sure the missing libraries mentioned above are installed properly.
Matplotlib created a temporary config/cache directory at /tmp/matplotlib-ufe9nour because the default path (/home/cristec/.config/matplotlib) is not a writable directory; it is highly recommended to set the MPLCONFIGDIR environment variable to a writable directory, in particular to speed up the import of Matplotlib and to better support multiprocessing.
2023-02-19 11:09:35.248114: I tensorflow/core/platform/cpu_feature_guard.cc:193] This TensorFlow binary is optimized with oneAPI Deep Neural Network Library (oneDNN) to use the following CPU instructions in performance-critical operations:  AVX2 FMA
To enable them in other operations, rebuild TensorFlow with the appropriate compiler flags.
2023-02-19 11:09:38.293651: I tensorflow/core/common_runtime/gpu/gpu_device.cc:1613] Created device /job:localhost/replica:0/task:0/device:GPU:0 with 7415 MB memory:  -> device: 0, name: Quadro M4000, pci bus id: 0000:03:00.0, compute capability: 5.2
2023-02-19 11:09:38.299129: I tensorflow/core/common_runtime/gpu/gpu_device.cc:1613] Created device /job:localhost/replica:0/task:0/device:GPU:1 with 7425 MB memory:  -> device: 1, name: Quadro M4000, pci bus id: 0000:04:00.0, compute capability: 5.2
WARNING:tensorflow:From /shared_storage/cristec/conda/envs/ML/lib/python3.10/site-packages/tensorflow/python/autograph/pyct/static_analysis/liveness.py:83: Analyzer.lamba_check (from tensorflow.python.autograph.pyct.static_analysis.liveness) is deprecated and will be removed after 2023-09-23.
Instructions for updating:
Lambda fuctions will be no more assumed to be used in the statement where they are used, or at least in the same block. https://github.com/tensorflow/tensorflow/issues/56089
[35mStarting script...[0m
[32mLoading train dataset...[0m
Found 50000 files belonging to 1 classes.
[32mLoading test dataset...[0m
Found 10000 files belonging to 1 classes.
[32mCreating model...[0m
[32mTraining model...[0m
[36m
Epoch 1/1000
2023-02-19 11:10:18.282298: E tensorflow/core/grappler/optimizers/meta_optimizer.cc:954] layout failed: INVALID_ARGUMENT: Size of values 0 does not match size of permutation 4 @ fanin shape inUNet/unet_down_0/u_net2d_convolution_block/dropout/dropout/SelectV2-2-TransposeNHWCToNCHW-LayoutOptimizer
2023-02-19 11:11:06.711922: I tensorflow/compiler/xla/stream_executor/cuda/cuda_dnn.cc:428] Loaded cuDNN version 8101
2023-02-19 11:11:06.937489: I tensorflow/compiler/xla/stream_executor/cuda/cuda_dnn.cc:428] Loaded cuDNN version 8101
2023-02-19 11:11:07.850011: I tensorflow/tsl/platform/default/subprocess.cc:304] Start cannot spawn child process: No such file or directory
2023-02-19 11:11:12.483527: I tensorflow/compiler/xla/service/service.cc:173] XLA service 0x7f0fcade78f0 initialized for platform CUDA (this does not guarantee that XLA will be used). Devices:
2023-02-19 11:11:12.483560: I tensorflow/compiler/xla/service/service.cc:181]   StreamExecutor device (0): Quadro M4000, Compute Capability 5.2
2023-02-19 11:11:12.483567: I tensorflow/compiler/xla/service/service.cc:181]   StreamExecutor device (1): Quadro M4000, Compute Capability 5.2
2023-02-19 11:11:12.571037: I tensorflow/compiler/mlir/tensorflow/utils/dump_mlir_util.cc:268] disabling MLIR crash reproducer, set env var `MLIR_CRASH_REPRODUCER_DIRECTORY` to enable.
2023-02-19 11:11:13.221028: I tensorflow/tsl/platform/default/subprocess.cc:304] Start cannot spawn child process: No such file or directory
2023-02-19 11:11:13.320000: I tensorflow/compiler/jit/xla_compilation_cache.cc:477] Compiled cluster using XLA!  This line is logged at most once for the lifetime of the process.

Epoch 1: val_loss improved from inf to 0.11616, saving model to models/model_ssim_l1_15-20
WARNING:absl:Found untraced functions such as _jit_compiled_convolution_op, conv2d_layer_call_fn, conv2d_layer_call_and_return_conditional_losses, _jit_compiled_convolution_op, leaky_re_lu_layer_call_fn while saving (showing 5 of 241). These functions will not be directly callable after loading.
196/196 - 1338s - loss: 0.1445 - psnr: 20.2287 - ssim: 0.6699 - val_loss: 0.1162 - val_psnr: 19.4557 - val_ssim: 0.8051 - lr: 0.0100 - 1338s/epoch - 7s/step
Epoch 2/1000

Epoch 2: val_loss improved from 0.11616 to 0.09146, saving model to models/model_ssim_l1_15-20
WARNING:absl:Found untraced functions such as _jit_compiled_convolution_op, conv2d_layer_call_fn, conv2d_layer_call_and_return_conditional_losses, _jit_compiled_convolution_op, leaky_re_lu_layer_call_fn while saving (showing 5 of 241). These functions will not be directly callable after loading.
196/196 - 80s - loss: 0.0967 - psnr: 22.0624 - ssim: 0.8047 - val_loss: 0.0915 - val_psnr: 20.2726 - val_ssim: 0.8615 - lr: 0.0100 - 80s/epoch - 407ms/step
Epoch 3/1000

Epoch 3: val_loss improved from 0.09146 to 0.08149, saving model to models/model_ssim_l1_15-20
WARNING:absl:Found untraced functions such as _jit_compiled_convolution_op, conv2d_layer_call_fn, conv2d_layer_call_and_return_conditional_losses, _jit_compiled_convolution_op, leaky_re_lu_layer_call_fn while saving (showing 5 of 241). These functions will not be directly callable after loading.
196/196 - 79s - loss: 0.0929 - psnr: 22.2800 - ssim: 0.8163 - val_loss: 0.0815 - val_psnr: 21.5139 - val_ssim: 0.8731 - lr: 0.0100 - 79s/epoch - 406ms/step
Epoch 4/1000

Epoch 4: val_loss did not improve from 0.08149
196/196 - 59s - loss: 0.0856 - psnr: 23.8629 - ssim: 0.8108 - val_loss: 0.0916 - val_psnr: 20.3450 - val_ssim: 0.8801 - lr: 0.0100 - 59s/epoch - 301ms/step
Epoch 5/1000

Epoch 5: val_loss improved from 0.08149 to 0.05388, saving model to models/model_ssim_l1_15-20
WARNING:absl:Found untraced functions such as _jit_compiled_convolution_op, conv2d_layer_call_fn, conv2d_layer_call_and_return_conditional_losses, _jit_compiled_convolution_op, leaky_re_lu_layer_call_fn while saving (showing 5 of 241). These functions will not be directly callable after loading.
196/196 - 80s - loss: 0.0796 - psnr: 24.7644 - ssim: 0.8174 - val_loss: 0.0539 - val_psnr: 25.2709 - val_ssim: 0.9151 - lr: 0.0100 - 80s/epoch - 408ms/step
Epoch 6/1000

Epoch 6: val_loss improved from 0.05388 to 0.05024, saving model to models/model_ssim_l1_15-20
WARNING:absl:Found untraced functions such as _jit_compiled_convolution_op, conv2d_layer_call_fn, conv2d_layer_call_and_return_conditional_losses, _jit_compiled_convolution_op, leaky_re_lu_layer_call_fn while saving (showing 5 of 241). These functions will not be directly callable after loading.
196/196 - 80s - loss: 0.0766 - psnr: 25.0858 - ssim: 0.8245 - val_loss: 0.0502 - val_psnr: 25.5896 - val_ssim: 0.9251 - lr: 0.0100 - 80s/epoch - 408ms/step
Epoch 7/1000

Epoch 7: val_loss improved from 0.05024 to 0.04674, saving model to models/model_ssim_l1_15-20
WARNING:absl:Found untraced functions such as _jit_compiled_convolution_op, conv2d_layer_call_fn, conv2d_layer_call_and_return_conditional_losses, _jit_compiled_convolution_op, leaky_re_lu_layer_call_fn while saving (showing 5 of 241). These functions will not be directly callable after loading.
196/196 - 80s - loss: 0.0747 - psnr: 25.2969 - ssim: 0.8289 - val_loss: 0.0467 - val_psnr: 26.1517 - val_ssim: 0.9316 - lr: 0.0100 - 80s/epoch - 409ms/step
Epoch 8/1000

Epoch 8: val_loss improved from 0.04674 to 0.04518, saving model to models/model_ssim_l1_15-20
WARNING:absl:Found untraced functions such as _jit_compiled_convolution_op, conv2d_layer_call_fn, conv2d_layer_call_and_return_conditional_losses, _jit_compiled_convolution_op, leaky_re_lu_layer_call_fn while saving (showing 5 of 241). These functions will not be directly callable after loading.
196/196 - 80s - loss: 0.0737 - psnr: 25.4167 - ssim: 0.8315 - val_loss: 0.0452 - val_psnr: 26.3571 - val_ssim: 0.9333 - lr: 0.0100 - 80s/epoch - 408ms/step
Epoch 9/1000

Epoch 9: val_loss did not improve from 0.04518
196/196 - 59s - loss: 0.0727 - psnr: 25.5049 - ssim: 0.8342 - val_loss: 0.0482 - val_psnr: 25.6483 - val_ssim: 0.9302 - lr: 0.0100 - 59s/epoch - 302ms/step
Epoch 10/1000

Epoch 10: val_loss improved from 0.04518 to 0.04364, saving model to models/model_ssim_l1_15-20
WARNING:absl:Found untraced functions such as _jit_compiled_convolution_op, conv2d_layer_call_fn, conv2d_layer_call_and_return_conditional_losses, _jit_compiled_convolution_op, leaky_re_lu_layer_call_fn while saving (showing 5 of 241). These functions will not be directly callable after loading.
196/196 - 80s - loss: 0.0720 - psnr: 25.5804 - ssim: 0.8362 - val_loss: 0.0436 - val_psnr: 26.6028 - val_ssim: 0.9350 - lr: 0.0100 - 80s/epoch - 408ms/step
Epoch 11/1000

Epoch 11: val_loss improved from 0.04364 to 0.04071, saving model to models/model_ssim_l1_15-20
WARNING:absl:Found untraced functions such as _jit_compiled_convolution_op, conv2d_layer_call_fn, conv2d_layer_call_and_return_conditional_losses, _jit_compiled_convolution_op, leaky_re_lu_layer_call_fn while saving (showing 5 of 241). These functions will not be directly callable after loading.
196/196 - 80s - loss: 0.0713 - psnr: 25.6404 - ssim: 0.8383 - val_loss: 0.0407 - val_psnr: 27.3702 - val_ssim: 0.9379 - lr: 0.0100 - 80s/epoch - 407ms/step
Epoch 12/1000

Epoch 12: val_loss improved from 0.04071 to 0.03849, saving model to models/model_ssim_l1_15-20
WARNING:absl:Found untraced functions such as _jit_compiled_convolution_op, conv2d_layer_call_fn, conv2d_layer_call_and_return_conditional_losses, _jit_compiled_convolution_op, leaky_re_lu_layer_call_fn while saving (showing 5 of 241). These functions will not be directly callable after loading.
196/196 - 80s - loss: 0.0705 - psnr: 25.7102 - ssim: 0.8404 - val_loss: 0.0385 - val_psnr: 27.6213 - val_ssim: 0.9438 - lr: 0.0100 - 80s/epoch - 409ms/step
Epoch 13/1000

Epoch 13: val_loss improved from 0.03849 to 0.03759, saving model to models/model_ssim_l1_15-20
WARNING:absl:Found untraced functions such as _jit_compiled_convolution_op, conv2d_layer_call_fn, conv2d_layer_call_and_return_conditional_losses, _jit_compiled_convolution_op, leaky_re_lu_layer_call_fn while saving (showing 5 of 241). These functions will not be directly callable after loading.
196/196 - 80s - loss: 0.0698 - psnr: 25.7632 - ssim: 0.8424 - val_loss: 0.0376 - val_psnr: 27.9149 - val_ssim: 0.9447 - lr: 0.0100 - 80s/epoch - 408ms/step
Epoch 14/1000

Epoch 14: val_loss improved from 0.03759 to 0.03589, saving model to models/model_ssim_l1_15-20
WARNING:absl:Found untraced functions such as _jit_compiled_convolution_op, conv2d_layer_call_fn, conv2d_layer_call_and_return_conditional_losses, _jit_compiled_convolution_op, leaky_re_lu_layer_call_fn while saving (showing 5 of 241). These functions will not be directly callable after loading.
196/196 - 80s - loss: 0.0691 - psnr: 25.8190 - ssim: 0.8443 - val_loss: 0.0359 - val_psnr: 28.3970 - val_ssim: 0.9461 - lr: 0.0100 - 80s/epoch - 407ms/step
Epoch 15/1000

Epoch 15: val_loss did not improve from 0.03589
196/196 - 59s - loss: 0.0685 - psnr: 25.8669 - ssim: 0.8458 - val_loss: 0.0368 - val_psnr: 28.0386 - val_ssim: 0.9468 - lr: 0.0100 - 59s/epoch - 302ms/step
Epoch 16/1000

Epoch 16: val_loss improved from 0.03589 to 0.03586, saving model to models/model_ssim_l1_15-20
WARNING:absl:Found untraced functions such as _jit_compiled_convolution_op, conv2d_layer_call_fn, conv2d_layer_call_and_return_conditional_losses, _jit_compiled_convolution_op, leaky_re_lu_layer_call_fn while saving (showing 5 of 241). These functions will not be directly callable after loading.
196/196 - 80s - loss: 0.0681 - psnr: 25.8929 - ssim: 0.8468 - val_loss: 0.0359 - val_psnr: 28.2592 - val_ssim: 0.9479 - lr: 0.0100 - 80s/epoch - 408ms/step
Epoch 17/1000

Epoch 17: val_loss improved from 0.03586 to 0.03501, saving model to models/model_ssim_l1_15-20
WARNING:absl:Found untraced functions such as _jit_compiled_convolution_op, conv2d_layer_call_fn, conv2d_layer_call_and_return_conditional_losses, _jit_compiled_convolution_op, leaky_re_lu_layer_call_fn while saving (showing 5 of 241). These functions will not be directly callable after loading.
196/196 - 80s - loss: 0.0677 - psnr: 25.9503 - ssim: 0.8476 - val_loss: 0.0350 - val_psnr: 28.4827 - val_ssim: 0.9484 - lr: 0.0100 - 80s/epoch - 409ms/step
Epoch 18/1000

Epoch 18: val_loss did not improve from 0.03501
196/196 - 59s - loss: 0.0666 - psnr: 26.3460 - ssim: 0.8455 - val_loss: 0.0356 - val_psnr: 28.2441 - val_ssim: 0.9492 - lr: 0.0100 - 59s/epoch - 302ms/step
Epoch 19/1000

Epoch 19: val_loss improved from 0.03501 to 0.03188, saving model to models/model_ssim_l1_15-20
WARNING:absl:Found untraced functions such as _jit_compiled_convolution_op, conv2d_layer_call_fn, conv2d_layer_call_and_return_conditional_losses, _jit_compiled_convolution_op, leaky_re_lu_layer_call_fn while saving (showing 5 of 241). These functions will not be directly callable after loading.
196/196 - 80s - loss: 0.0656 - psnr: 26.6050 - ssim: 0.8453 - val_loss: 0.0319 - val_psnr: 29.3084 - val_ssim: 0.9515 - lr: 0.0100 - 80s/epoch - 407ms/step
Epoch 20/1000

Epoch 20: val_loss improved from 0.03188 to 0.02868, saving model to models/model_ssim_l1_15-20
WARNING:absl:Found untraced functions such as _jit_compiled_convolution_op, conv2d_layer_call_fn, conv2d_layer_call_and_return_conditional_losses, _jit_compiled_convolution_op, leaky_re_lu_layer_call_fn while saving (showing 5 of 241). These functions will not be directly callable after loading.
196/196 - 80s - loss: 0.0651 - psnr: 26.6832 - ssim: 0.8458 - val_loss: 0.0287 - val_psnr: 30.4106 - val_ssim: 0.9539 - lr: 0.0100 - 80s/epoch - 408ms/step
Epoch 21/1000

Epoch 21: val_loss did not improve from 0.02868
196/196 - 59s - loss: 0.0647 - psnr: 26.7435 - ssim: 0.8466 - val_loss: 0.0287 - val_psnr: 30.3381 - val_ssim: 0.9542 - lr: 0.0100 - 59s/epoch - 303ms/step
Epoch 22/1000

Epoch 22: val_loss did not improve from 0.02868
196/196 - 59s - loss: 0.0644 - psnr: 26.7886 - ssim: 0.8473 - val_loss: 0.0295 - val_psnr: 30.0019 - val_ssim: 0.9552 - lr: 0.0100 - 59s/epoch - 302ms/step
Epoch 23/1000

Epoch 23: val_loss did not improve from 0.02868
196/196 - 59s - loss: 0.0641 - psnr: 26.8295 - ssim: 0.8479 - val_loss: 0.0288 - val_psnr: 30.2413 - val_ssim: 0.9560 - lr: 0.0100 - 59s/epoch - 302ms/step
Epoch 24/1000

Epoch 24: val_loss did not improve from 0.02868
196/196 - 59s - loss: 0.0638 - psnr: 26.8790 - ssim: 0.8485 - val_loss: 0.0288 - val_psnr: 30.1962 - val_ssim: 0.9569 - lr: 0.0100 - 59s/epoch - 302ms/step
Epoch 25/1000

Epoch 25: val_loss improved from 0.02868 to 0.02761, saving model to models/model_ssim_l1_15-20
WARNING:absl:Found untraced functions such as _jit_compiled_convolution_op, conv2d_layer_call_fn, conv2d_layer_call_and_return_conditional_losses, _jit_compiled_convolution_op, leaky_re_lu_layer_call_fn while saving (showing 5 of 241). These functions will not be directly callable after loading.
196/196 - 80s - loss: 0.0635 - psnr: 26.9129 - ssim: 0.8491 - val_loss: 0.0276 - val_psnr: 30.5494 - val_ssim: 0.9582 - lr: 0.0100 - 80s/epoch - 407ms/step
Epoch 26/1000

Epoch 26: val_loss improved from 0.02761 to 0.02748, saving model to models/model_ssim_l1_15-20
WARNING:absl:Found untraced functions such as _jit_compiled_convolution_op, conv2d_layer_call_fn, conv2d_layer_call_and_return_conditional_losses, _jit_compiled_convolution_op, leaky_re_lu_layer_call_fn while saving (showing 5 of 241). These functions will not be directly callable after loading.
196/196 - 80s - loss: 0.0633 - psnr: 26.9387 - ssim: 0.8496 - val_loss: 0.0275 - val_psnr: 30.5984 - val_ssim: 0.9583 - lr: 0.0100 - 80s/epoch - 408ms/step
Epoch 27/1000

Epoch 27: val_loss did not improve from 0.02748
196/196 - 60s - loss: 0.0630 - psnr: 26.9768 - ssim: 0.8501 - val_loss: 0.0278 - val_psnr: 30.4812 - val_ssim: 0.9582 - lr: 0.0100 - 60s/epoch - 306ms/step
Epoch 28/1000

Epoch 28: val_loss did not improve from 0.02748
196/196 - 59s - loss: 0.0629 - psnr: 26.9958 - ssim: 0.8504 - val_loss: 0.0287 - val_psnr: 30.0861 - val_ssim: 0.9586 - lr: 0.0100 - 59s/epoch - 301ms/step
Epoch 29/1000

Epoch 29: val_loss did not improve from 0.02748
196/196 - 59s - loss: 0.0627 - psnr: 27.0110 - ssim: 0.8508 - val_loss: 0.0279 - val_psnr: 30.4005 - val_ssim: 0.9590 - lr: 0.0100 - 59s/epoch - 302ms/step
Epoch 30/1000

Epoch 30: val_loss did not improve from 0.02748
196/196 - 59s - loss: 0.0626 - psnr: 27.0302 - ssim: 0.8511 - val_loss: 0.0277 - val_psnr: 30.5350 - val_ssim: 0.9589 - lr: 0.0100 - 59s/epoch - 301ms/step
Epoch 31/1000

Epoch 31: val_loss did not improve from 0.02748
196/196 - 59s - loss: 0.0624 - psnr: 27.0538 - ssim: 0.8516 - val_loss: 0.0289 - val_psnr: 30.0679 - val_ssim: 0.9585 - lr: 0.0100 - 59s/epoch - 302ms/step
Epoch 32/1000

Epoch 32: val_loss improved from 0.02748 to 0.02742, saving model to models/model_ssim_l1_15-20
WARNING:absl:Found untraced functions such as _jit_compiled_convolution_op, conv2d_layer_call_fn, conv2d_layer_call_and_return_conditional_losses, _jit_compiled_convolution_op, leaky_re_lu_layer_call_fn while saving (showing 5 of 241). These functions will not be directly callable after loading.
196/196 - 79s - loss: 0.0622 - psnr: 27.0754 - ssim: 0.8519 - val_loss: 0.0274 - val_psnr: 30.5576 - val_ssim: 0.9592 - lr: 0.0100 - 79s/epoch - 405ms/step
Epoch 33/1000

Epoch 33: val_loss did not improve from 0.02742
196/196 - 59s - loss: 0.0622 - psnr: 27.0806 - ssim: 0.8521 - val_loss: 0.0287 - val_psnr: 30.0935 - val_ssim: 0.9591 - lr: 0.0100 - 59s/epoch - 302ms/step
Epoch 34/1000

Epoch 34: val_loss did not improve from 0.02742
196/196 - 59s - loss: 0.0620 - psnr: 27.1010 - ssim: 0.8525 - val_loss: 0.0288 - val_psnr: 30.0276 - val_ssim: 0.9589 - lr: 0.0100 - 59s/epoch - 301ms/step
Epoch 35/1000

Epoch 35: val_loss did not improve from 0.02742
196/196 - 59s - loss: 0.0619 - psnr: 27.1105 - ssim: 0.8528 - val_loss: 0.0282 - val_psnr: 30.1596 - val_ssim: 0.9601 - lr: 0.0100 - 59s/epoch - 302ms/step
Epoch 36/1000

Epoch 36: val_loss did not improve from 0.02742
196/196 - 59s - loss: 0.0618 - psnr: 27.1235 - ssim: 0.8530 - val_loss: 0.0281 - val_psnr: 30.1586 - val_ssim: 0.9602 - lr: 0.0100 - 59s/epoch - 301ms/step
Epoch 37/1000

Epoch 37: val_loss did not improve from 0.02742
196/196 - 59s - loss: 0.0617 - psnr: 27.1436 - ssim: 0.8533 - val_loss: 0.0301 - val_psnr: 29.5006 - val_ssim: 0.9590 - lr: 0.0100 - 59s/epoch - 301ms/step
Epoch 38/1000

Epoch 38: val_loss did not improve from 0.02742
196/196 - 59s - loss: 0.0616 - psnr: 27.1528 - ssim: 0.8535 - val_loss: 0.0291 - val_psnr: 29.8077 - val_ssim: 0.9598 - lr: 0.0100 - 59s/epoch - 303ms/step
Epoch 39/1000

Epoch 39: val_loss did not improve from 0.02742
196/196 - 59s - loss: 0.0615 - psnr: 27.1648 - ssim: 0.8538 - val_loss: 0.0284 - val_psnr: 29.9999 - val_ssim: 0.9606 - lr: 0.0100 - 59s/epoch - 300ms/step
Epoch 40/1000

Epoch 40: val_loss did not improve from 0.02742
196/196 - 59s - loss: 0.0614 - psnr: 27.1785 - ssim: 0.8540 - val_loss: 0.0292 - val_psnr: 29.6776 - val_ssim: 0.9602 - lr: 0.0100 - 59s/epoch - 302ms/step
Epoch 41/1000

Epoch 41: val_loss did not improve from 0.02742
196/196 - 59s - loss: 0.0613 - psnr: 27.1868 - ssim: 0.8542 - val_loss: 0.0290 - val_psnr: 29.7638 - val_ssim: 0.9605 - lr: 0.0100 - 59s/epoch - 300ms/step
Epoch 42/1000

Epoch 42: val_loss did not improve from 0.02742
196/196 - 59s - loss: 0.0612 - psnr: 27.2021 - ssim: 0.8544 - val_loss: 0.0298 - val_psnr: 29.4357 - val_ssim: 0.9602 - lr: 0.0100 - 59s/epoch - 301ms/step
Epoch 43/1000

Epoch 43: val_loss did not improve from 0.02742
196/196 - 59s - loss: 0.0611 - psnr: 27.2106 - ssim: 0.8546 - val_loss: 0.0290 - val_psnr: 29.6544 - val_ssim: 0.9611 - lr: 0.0100 - 59s/epoch - 301ms/step
Epoch 44/1000

Epoch 44: val_loss did not improve from 0.02742
196/196 - 59s - loss: 0.0611 - psnr: 27.2171 - ssim: 0.8548 - val_loss: 0.0298 - val_psnr: 29.2691 - val_ssim: 0.9614 - lr: 0.0100 - 59s/epoch - 303ms/step
Epoch 45/1000

Epoch 45: ReduceLROnPlateau reducing learning rate to 0.0019999999552965165.

Epoch 45: val_loss did not improve from 0.02742
196/196 - 59s - loss: 0.0610 - psnr: 27.2227 - ssim: 0.8549 - val_loss: 0.0303 - val_psnr: 29.1222 - val_ssim: 0.9608 - lr: 0.0100 - 59s/epoch - 302ms/step
Epoch 46/1000

Epoch 46: val_loss did not improve from 0.02742
196/196 - 59s - loss: 0.0593 - psnr: 27.5539 - ssim: 0.8569 - val_loss: 0.0285 - val_psnr: 30.0156 - val_ssim: 0.9602 - lr: 0.0020 - 59s/epoch - 301ms/step
Epoch 47/1000

Epoch 47: val_loss did not improve from 0.02742
196/196 - 59s - loss: 0.0592 - psnr: 27.5615 - ssim: 0.8570 - val_loss: 0.0285 - val_psnr: 29.9935 - val_ssim: 0.9603 - lr: 0.0020 - 59s/epoch - 303ms/step
Epoch 48/1000

Epoch 48: val_loss did not improve from 0.02742
196/196 - 60s - loss: 0.0592 - psnr: 27.5664 - ssim: 0.8572 - val_loss: 0.0287 - val_psnr: 29.8926 - val_ssim: 0.9601 - lr: 0.0020 - 60s/epoch - 304ms/step
Epoch 49/1000

Epoch 49: val_loss did not improve from 0.02742
196/196 - 59s - loss: 0.0592 - psnr: 27.5672 - ssim: 0.8572 - val_loss: 0.0284 - val_psnr: 29.9840 - val_ssim: 0.9604 - lr: 0.0020 - 59s/epoch - 302ms/step
Epoch 50/1000

Epoch 50: val_loss did not improve from 0.02742
196/196 - 59s - loss: 0.0591 - psnr: 27.5706 - ssim: 0.8573 - val_loss: 0.0281 - val_psnr: 30.0156 - val_ssim: 0.9607 - lr: 0.0020 - 59s/epoch - 302ms/step
Epoch 51/1000

Epoch 51: val_loss did not improve from 0.02742
196/196 - 59s - loss: 0.0591 - psnr: 27.5719 - ssim: 0.8573 - val_loss: 0.0283 - val_psnr: 29.9963 - val_ssim: 0.9604 - lr: 0.0020 - 59s/epoch - 304ms/step
Epoch 52/1000

Epoch 52: val_loss did not improve from 0.02742
196/196 - 60s - loss: 0.0591 - psnr: 27.5751 - ssim: 0.8574 - val_loss: 0.0280 - val_psnr: 30.1119 - val_ssim: 0.9606 - lr: 0.0020 - 60s/epoch - 304ms/step
Epoch 53/1000

Epoch 53: val_loss did not improve from 0.02742
196/196 - 59s - loss: 0.0591 - psnr: 27.5762 - ssim: 0.8575 - val_loss: 0.0281 - val_psnr: 29.9800 - val_ssim: 0.9609 - lr: 0.0020 - 59s/epoch - 303ms/step
Epoch 54/1000

Epoch 54: val_loss did not improve from 0.02742
196/196 - 60s - loss: 0.0590 - psnr: 27.5799 - ssim: 0.8575 - val_loss: 0.0278 - val_psnr: 30.0907 - val_ssim: 0.9610 - lr: 0.0020 - 60s/epoch - 304ms/step
Epoch 55/1000

Epoch 55: val_loss did not improve from 0.02742
196/196 - 59s - loss: 0.0590 - psnr: 27.5822 - ssim: 0.8576 - val_loss: 0.0278 - val_psnr: 30.1165 - val_ssim: 0.9609 - lr: 0.0020 - 59s/epoch - 303ms/step
Epoch 56/1000

Epoch 56: val_loss did not improve from 0.02742
196/196 - 60s - loss: 0.0590 - psnr: 27.5853 - ssim: 0.8577 - val_loss: 0.0274 - val_psnr: 30.1845 - val_ssim: 0.9613 - lr: 0.0020 - 60s/epoch - 305ms/step
Epoch 57/1000

Epoch 57: val_loss did not improve from 0.02742
196/196 - 59s - loss: 0.0590 - psnr: 27.5879 - ssim: 0.8577 - val_loss: 0.0279 - val_psnr: 30.0801 - val_ssim: 0.9607 - lr: 0.0020 - 59s/epoch - 303ms/step
Epoch 58/1000

Epoch 58: val_loss did not improve from 0.02742
196/196 - 60s - loss: 0.0590 - psnr: 27.5887 - ssim: 0.8577 - val_loss: 0.0279 - val_psnr: 30.0017 - val_ssim: 0.9612 - lr: 0.0020 - 60s/epoch - 304ms/step
Epoch 59/1000

Epoch 59: val_loss did not improve from 0.02742
196/196 - 59s - loss: 0.0590 - psnr: 27.5935 - ssim: 0.8577 - val_loss: 0.0276 - val_psnr: 30.1002 - val_ssim: 0.9614 - lr: 0.0020 - 59s/epoch - 303ms/step
Epoch 60/1000

Epoch 60: val_loss did not improve from 0.02742
196/196 - 60s - loss: 0.0589 - psnr: 27.5946 - ssim: 0.8578 - val_loss: 0.0278 - val_psnr: 30.0084 - val_ssim: 0.9611 - lr: 0.0020 - 60s/epoch - 304ms/step
Epoch 61/1000

Epoch 61: val_loss did not improve from 0.02742
196/196 - 60s - loss: 0.0589 - psnr: 27.5964 - ssim: 0.8579 - val_loss: 0.0277 - val_psnr: 30.0826 - val_ssim: 0.9613 - lr: 0.0020 - 60s/epoch - 305ms/step
Epoch 62/1000

Epoch 62: val_loss did not improve from 0.02742
196/196 - 60s - loss: 0.0589 - psnr: 27.6022 - ssim: 0.8579 - val_loss: 0.0280 - val_psnr: 29.9411 - val_ssim: 0.9611 - lr: 0.0020 - 60s/epoch - 304ms/step
Epoch 63/1000

Epoch 63: val_loss did not improve from 0.02742
196/196 - 59s - loss: 0.0589 - psnr: 27.6034 - ssim: 0.8580 - val_loss: 0.0279 - val_psnr: 29.9524 - val_ssim: 0.9613 - lr: 0.0020 - 59s/epoch - 303ms/step
Epoch 64/1000

Epoch 64: val_loss did not improve from 0.02742
196/196 - 60s - loss: 0.0589 - psnr: 27.6046 - ssim: 0.8580 - val_loss: 0.0281 - val_psnr: 29.9354 - val_ssim: 0.9611 - lr: 0.0020 - 60s/epoch - 304ms/step
Epoch 65/1000

Epoch 65: val_loss did not improve from 0.02742
196/196 - 60s - loss: 0.0588 - psnr: 27.6079 - ssim: 0.8581 - val_loss: 0.0280 - val_psnr: 29.9016 - val_ssim: 0.9615 - lr: 0.0020 - 60s/epoch - 304ms/step
Epoch 66/1000

Epoch 66: val_loss did not improve from 0.02742
196/196 - 60s - loss: 0.0588 - psnr: 27.6105 - ssim: 0.8581 - val_loss: 0.0280 - val_psnr: 29.9531 - val_ssim: 0.9610 - lr: 0.0020 - 60s/epoch - 304ms/step
Epoch 67/1000

Epoch 67: val_loss did not improve from 0.02742
196/196 - 60s - loss: 0.0588 - psnr: 27.6109 - ssim: 0.8581 - val_loss: 0.0281 - val_psnr: 29.8776 - val_ssim: 0.9612 - lr: 0.0020 - 60s/epoch - 304ms/step
Epoch 68/1000

Epoch 68: val_loss did not improve from 0.02742
196/196 - 60s - loss: 0.0588 - psnr: 27.6148 - ssim: 0.8581 - val_loss: 0.0282 - val_psnr: 29.8332 - val_ssim: 0.9612 - lr: 0.0020 - 60s/epoch - 304ms/step
Epoch 69/1000

Epoch 69: val_loss did not improve from 0.02742
196/196 - 60s - loss: 0.0588 - psnr: 27.6187 - ssim: 0.8582 - val_loss: 0.0278 - val_psnr: 29.9950 - val_ssim: 0.9615 - lr: 0.0020 - 60s/epoch - 304ms/step
Epoch 70/1000

Epoch 70: val_loss did not improve from 0.02742
196/196 - 59s - loss: 0.0587 - psnr: 27.6193 - ssim: 0.8583 - val_loss: 0.0278 - val_psnr: 29.9729 - val_ssim: 0.9614 - lr: 0.0020 - 59s/epoch - 303ms/step
Epoch 71/1000

Epoch 71: val_loss did not improve from 0.02742
196/196 - 60s - loss: 0.0587 - psnr: 27.6221 - ssim: 0.8583 - val_loss: 0.0282 - val_psnr: 29.8072 - val_ssim: 0.9614 - lr: 0.0020 - 60s/epoch - 304ms/step
Epoch 72/1000

Epoch 72: val_loss did not improve from 0.02742
196/196 - 59s - loss: 0.0587 - psnr: 27.6240 - ssim: 0.8583 - val_loss: 0.0281 - val_psnr: 29.8575 - val_ssim: 0.9616 - lr: 0.0020 - 59s/epoch - 303ms/step
Epoch 73/1000

Epoch 73: val_loss did not improve from 0.02742
196/196 - 60s - loss: 0.0587 - psnr: 27.6298 - ssim: 0.8584 - val_loss: 0.0280 - val_psnr: 29.8866 - val_ssim: 0.9615 - lr: 0.0020 - 60s/epoch - 305ms/step
Epoch 74/1000

Epoch 74: ReduceLROnPlateau reducing learning rate to 0.0003999999724328518.

Epoch 74: val_loss did not improve from 0.02742
196/196 - 60s - loss: 0.0587 - psnr: 27.6305 - ssim: 0.8584 - val_loss: 0.0282 - val_psnr: 29.7915 - val_ssim: 0.9619 - lr: 0.0020 - 60s/epoch - 305ms/step
Epoch 75/1000

Epoch 75: val_loss did not improve from 0.02742
196/196 - 59s - loss: 0.0584 - psnr: 27.6917 - ssim: 0.8587 - val_loss: 0.0293 - val_psnr: 29.5923 - val_ssim: 0.9615 - lr: 4.0000e-04 - 59s/epoch - 303ms/step
Epoch 76/1000
Restoring model weights from the end of the best epoch: 26.

Epoch 76: val_loss did not improve from 0.02742
196/196 - 60s - loss: 0.0584 - psnr: 27.6975 - ssim: 0.8588 - val_loss: 0.0293 - val_psnr: 29.6010 - val_ssim: 0.9615 - lr: 4.0000e-04 - 60s/epoch - 307ms/step
Epoch 76: early stopping
[0m
[32mSaving model architecture text summary...[0m
[32mSaving model training history...[0m
[32mEvaluating model...[0m
[36m
40/40 - 5s - loss: 0.0275 - psnr: 30.6047 - ssim: 0.9583 - 5s/epoch - 125ms/step
WARNING:matplotlib.font_manager:findfont: Generic family 'sans-serif' not found because none of the following families were found: Readex Pro
WARNING:matplotlib.font_manager:findfont: Generic family 'sans-serif' not found because none of the following families were found: Readex Pro
WARNING:matplotlib.font_manager:findfont: Generic family 'sans-serif' not found because none of the following families were found: Readex Pro
WARNING:matplotlib.font_manager:findfont: Generic family 'sans-serif' not found because none of the following families were found: Readex Pro
WARNING:matplotlib.font_manager:findfont: Generic family 'sans-serif' not found because none of the following families were found: Readex Pro
WARNING:matplotlib.font_manager:findfont: Generic family 'sans-serif' not found because none of the following families were found: Readex Pro
WARNING:matplotlib.font_manager:findfont: Generic family 'sans-serif' not found because none of the following families were found: Readex Pro
WARNING:matplotlib.font_manager:findfont: Generic family 'sans-serif' not found because none of the following families were found: Readex Pro
WARNING:matplotlib.font_manager:findfont: Generic family 'sans-serif' not found because none of the following families were found: Readex Pro
WARNING:matplotlib.font_manager:findfont: Generic family 'sans-serif' not found because none of the following families were found: Readex Pro
WARNING:matplotlib.font_manager:findfont: Generic family 'sans-serif' not found because none of the following families were found: Readex Pro
WARNING:matplotlib.font_manager:findfont: Generic family 'sans-serif' not found because none of the following families were found: Readex Pro
WARNING:matplotlib.font_manager:findfont: Generic family 'sans-serif' not found because none of the following families were found: Readex Pro
WARNING:matplotlib.font_manager:findfont: Generic family 'sans-serif' not found because none of the following families were found: Readex Pro
WARNING:matplotlib.font_manager:findfont: Generic family 'sans-serif' not found because none of the following families were found: Readex Pro
WARNING:matplotlib.font_manager:findfont: Generic family 'sans-serif' not found because none of the following families were found: Readex Pro
WARNING:matplotlib.font_manager:findfont: Generic family 'sans-serif' not found because none of the following families were found: Readex Pro
WARNING:matplotlib.font_manager:findfont: Generic family 'sans-serif' not found because none of the following families were found: Readex Pro
WARNING:matplotlib.font_manager:findfont: Generic family 'sans-serif' not found because none of the following families were found: Readex Pro
WARNING:matplotlib.font_manager:findfont: Generic family 'sans-serif' not found because none of the following families were found: Readex Pro
WARNING:matplotlib.font_manager:findfont: Generic family 'sans-serif' not found because none of the following families were found: Readex Pro
WARNING:matplotlib.font_manager:findfont: Generic family 'sans-serif' not found because none of the following families were found: Readex Pro
WARNING:matplotlib.font_manager:findfont: Generic family 'sans-serif' not found because none of the following families were found: Readex Pro
WARNING:matplotlib.font_manager:findfont: Generic family 'sans-serif' not found because none of the following families were found: Readex Pro
WARNING:matplotlib.font_manager:findfont: Generic family 'sans-serif' not found because none of the following families were found: Readex Pro
WARNING:matplotlib.font_manager:findfont: Generic family 'sans-serif' not found because none of the following families were found: Readex Pro
WARNING:matplotlib.font_manager:findfont: Generic family 'sans-serif' not found because none of the following families were found: Readex Pro
WARNING:matplotlib.font_manager:findfont: Generic family 'sans-serif' not found because none of the following families were found: Readex Pro
WARNING:matplotlib.font_manager:findfont: Generic family 'sans-serif' not found because none of the following families were found: Readex Pro
WARNING:matplotlib.font_manager:findfont: Generic family 'sans-serif' not found because none of the following families were found: Readex Pro
WARNING:matplotlib.font_manager:findfont: Generic family 'sans-serif' not found because none of the following families were found: Readex Pro
WARNING:matplotlib.font_manager:findfont: Generic family 'sans-serif' not found because none of the following families were found: Readex Pro
WARNING:matplotlib.font_manager:findfont: Generic family 'sans-serif' not found because none of the following families were found: Readex Pro
WARNING:matplotlib.font_manager:findfont: Generic family 'sans-serif' not found because none of the following families were found: Readex Pro
WARNING:matplotlib.font_manager:findfont: Generic family 'sans-serif' not found because none of the following families were found: Readex Pro
WARNING:matplotlib.font_manager:findfont: Generic family 'sans-serif' not found because none of the following families were found: Readex Pro
WARNING:matplotlib.font_manager:findfont: Generic family 'sans-serif' not found because none of the following families were found: Readex Pro
WARNING:matplotlib.font_manager:findfont: Generic family 'sans-serif' not found because none of the following families were found: Readex Pro
WARNING:matplotlib.font_manager:findfont: Generic family 'sans-serif' not found because none of the following families were found: Readex Pro
WARNING:matplotlib.font_manager:findfont: Generic family 'sans-serif' not found because none of the following families were found: Readex Pro
WARNING:matplotlib.font_manager:findfont: Generic family 'sans-serif' not found because none of the following families were found: Readex Pro
WARNING:matplotlib.font_manager:findfont: Generic family 'sans-serif' not found because none of the following families were found: Readex Pro
WARNING:matplotlib.font_manager:findfont: Generic family 'sans-serif' not found because none of the following families were found: Readex Pro
WARNING:matplotlib.font_manager:findfont: Generic family 'sans-serif' not found because none of the following families were found: Readex Pro
WARNING:matplotlib.font_manager:findfont: Generic family 'sans-serif' not found because none of the following families were found: Readex Pro
WARNING:matplotlib.font_manager:findfont: Generic family 'sans-serif' not found because none of the following families were found: Readex Pro
WARNING:matplotlib.font_manager:findfont: Generic family 'sans-serif' not found because none of the following families were found: Readex Pro
WARNING:matplotlib.font_manager:findfont: Generic family 'sans-serif' not found because none of the following families were found: Readex Pro
WARNING:matplotlib.font_manager:findfont: Generic family 'sans-serif' not found because none of the following families were found: Readex Pro
WARNING:matplotlib.font_manager:findfont: Generic family 'sans-serif' not found because none of the following families were found: Readex Pro
WARNING:matplotlib.font_manager:findfont: Generic family 'sans-serif' not found because none of the following families were found: Readex Pro
WARNING:matplotlib.font_manager:findfont: Generic family 'sans-serif' not found because none of the following families were found: Readex Pro
WARNING:matplotlib.font_manager:findfont: Generic family 'sans-serif' not found because none of the following families were found: Readex Pro
WARNING:matplotlib.font_manager:findfont: Generic family 'sans-serif' not found because none of the following families were found: Readex Pro
WARNING:matplotlib.font_manager:findfont: Generic family 'sans-serif' not found because none of the following families were found: Readex Pro
WARNING:matplotlib.font_manager:findfont: Generic family 'sans-serif' not found because none of the following families were found: Readex Pro
WARNING:matplotlib.font_manager:findfont: Generic family 'sans-serif' not found because none of the following families were found: Readex Pro
WARNING:matplotlib.font_manager:findfont: Generic family 'sans-serif' not found because none of the following families were found: Readex Pro
WARNING:matplotlib.font_manager:findfont: Generic family 'sans-serif' not found because none of the following families were found: Readex Pro
WARNING:matplotlib.font_manager:findfont: Generic family 'sans-serif' not found because none of the following families were found: Readex Pro
WARNING:matplotlib.font_manager:findfont: Generic family 'sans-serif' not found because none of the following families were found: Readex Pro
WARNING:matplotlib.font_manager:findfont: Generic family 'sans-serif' not found because none of the following families were found: Readex Pro
WARNING:matplotlib.font_manager:findfont: Generic family 'sans-serif' not found because none of the following families were found: Readex Pro
WARNING:matplotlib.font_manager:findfont: Generic family 'sans-serif' not found because none of the following families were found: Readex Pro
WARNING:matplotlib.font_manager:findfont: Generic family 'sans-serif' not found because none of the following families were found: Readex Pro
WARNING:matplotlib.font_manager:findfont: Generic family 'sans-serif' not found because none of the following families were found: Readex Pro
WARNING:matplotlib.font_manager:findfont: Generic family 'sans-serif' not found because none of the following families were found: Readex Pro
WARNING:matplotlib.font_manager:findfont: Generic family 'sans-serif' not found because none of the following families were found: Readex Pro
WARNING:matplotlib.font_manager:findfont: Generic family 'sans-serif' not found because none of the following families were found: Readex Pro
WARNING:matplotlib.font_manager:findfont: Generic family 'sans-serif' not found because none of the following families were found: Readex Pro
WARNING:matplotlib.font_manager:findfont: Generic family 'sans-serif' not found because none of the following families were found: Readex Pro
WARNING:matplotlib.font_manager:findfont: Generic family 'sans-serif' not found because none of the following families were found: Readex Pro
WARNING:matplotlib.font_manager:findfont: Generic family 'sans-serif' not found because none of the following families were found: Readex Pro
WARNING:matplotlib.font_manager:findfont: Generic family 'sans-serif' not found because none of the following families were found: Readex Pro
WARNING:matplotlib.font_manager:findfont: Generic family 'sans-serif' not found because none of the following families were found: Readex Pro
WARNING:matplotlib.font_manager:findfont: Generic family 'sans-serif' not found because none of the following families were found: Readex Pro
WARNING:matplotlib.font_manager:findfont: Generic family 'sans-serif' not found because none of the following families were found: Readex Pro
WARNING:matplotlib.font_manager:findfont: Generic family 'sans-serif' not found because none of the following families were found: Readex Pro
WARNING:matplotlib.font_manager:findfont: Generic family 'sans-serif' not found because none of the following families were found: Readex Pro
WARNING:matplotlib.font_manager:findfont: Generic family 'sans-serif' not found because none of the following families were found: Readex Pro
WARNING:matplotlib.font_manager:findfont: Generic family 'sans-serif' not found because none of the following families were found: Readex Pro
WARNING:matplotlib.font_manager:findfont: Generic family 'sans-serif' not found because none of the following families were found: Readex Pro
WARNING:matplotlib.font_manager:findfont: Generic family 'sans-serif' not found because none of the following families were found: Readex Pro
WARNING:matplotlib.font_manager:findfont: Generic family 'sans-serif' not found because none of the following families were found: Readex Pro
WARNING:matplotlib.font_manager:findfont: Generic family 'sans-serif' not found because none of the following families were found: Readex Pro
WARNING:matplotlib.font_manager:findfont: Generic family 'sans-serif' not found because none of the following families were found: Readex Pro
WARNING:matplotlib.font_manager:findfont: Generic family 'sans-serif' not found because none of the following families were found: Readex Pro
WARNING:matplotlib.font_manager:findfont: Generic family 'sans-serif' not found because none of the following families were found: Readex Pro
WARNING:matplotlib.font_manager:findfont: Generic family 'sans-serif' not found because none of the following families were found: Readex Pro
WARNING:matplotlib.font_manager:findfont: Generic family 'sans-serif' not found because none of the following families were found: Readex Pro
WARNING:matplotlib.font_manager:findfont: Generic family 'sans-serif' not found because none of the following families were found: Readex Pro
WARNING:matplotlib.font_manager:findfont: Generic family 'sans-serif' not found because none of the following families were found: Readex Pro
WARNING:matplotlib.font_manager:findfont: Generic family 'sans-serif' not found because none of the following families were found: Readex Pro
WARNING:matplotlib.font_manager:findfont: Generic family 'sans-serif' not found because none of the following families were found: Readex Pro
WARNING:matplotlib.font_manager:findfont: Generic family 'sans-serif' not found because none of the following families were found: Readex Pro
WARNING:matplotlib.font_manager:findfont: Generic family 'sans-serif' not found because none of the following families were found: Readex Pro
WARNING:matplotlib.font_manager:findfont: Generic family 'sans-serif' not found because none of the following families were found: Readex Pro
WARNING:matplotlib.font_manager:findfont: Generic family 'sans-serif' not found because none of the following families were found: Readex Pro
WARNING:matplotlib.font_manager:findfont: Generic family 'sans-serif' not found because none of the following families were found: Readex Pro
WARNING:matplotlib.font_manager:findfont: Generic family 'sans-serif' not found because none of the following families were found: Readex Pro
WARNING:matplotlib.font_manager:findfont: Generic family 'sans-serif' not found because none of the following families were found: Readex Pro
WARNING:matplotlib.font_manager:findfont: Generic family 'sans-serif' not found because none of the following families were found: Readex Pro
WARNING:matplotlib.font_manager:findfont: Generic family 'sans-serif' not found because none of the following families were found: Readex Pro
WARNING:matplotlib.font_manager:findfont: Generic family 'sans-serif' not found because none of the following families were found: Readex Pro
WARNING:matplotlib.font_manager:findfont: Generic family 'sans-serif' not found because none of the following families were found: Readex Pro
WARNING:matplotlib.font_manager:findfont: Generic family 'sans-serif' not found because none of the following families were found: Readex Pro
WARNING:matplotlib.font_manager:findfont: Generic family 'sans-serif' not found because none of the following families were found: Readex Pro
WARNING:matplotlib.font_manager:findfont: Generic family 'sans-serif' not found because none of the following families were found: Readex Pro
WARNING:matplotlib.font_manager:findfont: Generic family 'sans-serif' not found because none of the following families were found: Readex Pro
WARNING:matplotlib.font_manager:findfont: Generic family 'sans-serif' not found because none of the following families were found: Readex Pro
WARNING:matplotlib.font_manager:findfont: Generic family 'sans-serif' not found because none of the following families were found: Readex Pro
WARNING:matplotlib.font_manager:findfont: Generic family 'sans-serif' not found because none of the following families were found: Readex Pro
WARNING:matplotlib.font_manager:findfont: Generic family 'sans-serif' not found because none of the following families were found: Readex Pro
WARNING:matplotlib.font_manager:findfont: Generic family 'sans-serif' not found because none of the following families were found: Readex Pro
WARNING:matplotlib.font_manager:findfont: Generic family 'sans-serif' not found because none of the following families were found: Readex Pro
WARNING:matplotlib.font_manager:findfont: Generic family 'sans-serif' not found because none of the following families were found: Readex Pro
WARNING:matplotlib.font_manager:findfont: Generic family 'sans-serif' not found because none of the following families were found: Readex Pro
WARNING:matplotlib.font_manager:findfont: Generic family 'sans-serif' not found because none of the following families were found: Readex Pro
WARNING:matplotlib.font_manager:findfont: Generic family 'sans-serif' not found because none of the following families were found: Readex Pro
WARNING:matplotlib.font_manager:findfont: Generic family 'sans-serif' not found because none of the following families were found: Readex Pro
WARNING:matplotlib.font_manager:findfont: Generic family 'sans-serif' not found because none of the following families were found: Readex Pro
WARNING:matplotlib.font_manager:findfont: Generic family 'sans-serif' not found because none of the following families were found: Readex Pro
WARNING:matplotlib.font_manager:findfont: Generic family 'sans-serif' not found because none of the following families were found: Readex Pro
WARNING:matplotlib.font_manager:findfont: Generic family 'sans-serif' not found because none of the following families were found: Readex Pro
WARNING:matplotlib.font_manager:findfont: Generic family 'sans-serif' not found because none of the following families were found: Readex Pro
WARNING:matplotlib.font_manager:findfont: Generic family 'sans-serif' not found because none of the following families were found: Readex Pro
WARNING:matplotlib.font_manager:findfont: Generic family 'sans-serif' not found because none of the following families were found: Readex Pro
WARNING:matplotlib.font_manager:findfont: Generic family 'sans-serif' not found because none of the following families were found: Readex Pro
WARNING:matplotlib.font_manager:findfont: Generic family 'sans-serif' not found because none of the following families were found: Readex Pro
WARNING:matplotlib.font_manager:findfont: Generic family 'sans-serif' not found because none of the following families were found: Readex Pro
WARNING:matplotlib.font_manager:findfont: Generic family 'sans-serif' not found because none of the following families were found: Readex Pro
WARNING:matplotlib.font_manager:findfont: Generic family 'sans-serif' not found because none of the following families were found: Readex Pro
WARNING:matplotlib.font_manager:findfont: Generic family 'sans-serif' not found because none of the following families were found: Readex Pro
WARNING:matplotlib.font_manager:findfont: Generic family 'sans-serif' not found because none of the following families were found: Readex Pro
WARNING:matplotlib.font_manager:findfont: Generic family 'sans-serif' not found because none of the following families were found: Readex Pro
WARNING:matplotlib.font_manager:findfont: Generic family 'sans-serif' not found because none of the following families were found: Readex Pro
WARNING:matplotlib.font_manager:findfont: Generic family 'sans-serif' not found because none of the following families were found: Readex Pro
WARNING:matplotlib.font_manager:findfont: Generic family 'sans-serif' not found because none of the following families were found: Readex Pro
WARNING:matplotlib.font_manager:findfont: Generic family 'sans-serif' not found because none of the following families were found: Readex Pro
WARNING:matplotlib.font_manager:findfont: Generic family 'sans-serif' not found because none of the following families were found: Readex Pro
WARNING:matplotlib.font_manager:findfont: Generic family 'sans-serif' not found because none of the following families were found: Readex Pro
WARNING:matplotlib.font_manager:findfont: Generic family 'sans-serif' not found because none of the following families were found: Readex Pro
WARNING:matplotlib.font_manager:findfont: Generic family 'sans-serif' not found because none of the following families were found: Readex Pro
WARNING:matplotlib.font_manager:findfont: Generic family 'sans-serif' not found because none of the following families were found: Readex Pro
WARNING:matplotlib.font_manager:findfont: Generic family 'sans-serif' not found because none of the following families were found: Readex Pro
WARNING:matplotlib.font_manager:findfont: Generic family 'sans-serif' not found because none of the following families were found: Readex Pro
WARNING:matplotlib.font_manager:findfont: Generic family 'sans-serif' not found because none of the following families were found: Readex Pro
WARNING:matplotlib.font_manager:findfont: Generic family 'sans-serif' not found because none of the following families were found: Readex Pro
WARNING:matplotlib.font_manager:findfont: Generic family 'sans-serif' not found because none of the following families were found: Readex Pro
WARNING:matplotlib.font_manager:findfont: Generic family 'sans-serif' not found because none of the following families were found: Readex Pro
WARNING:matplotlib.font_manager:findfont: Generic family 'sans-serif' not found because none of the following families were found: Readex Pro
WARNING:matplotlib.font_manager:findfont: Generic family 'sans-serif' not found because none of the following families were found: Readex Pro
WARNING:matplotlib.font_manager:findfont: Generic family 'sans-serif' not found because none of the following families were found: Readex Pro
WARNING:matplotlib.font_manager:findfont: Generic family 'sans-serif' not found because none of the following families were found: Readex Pro
WARNING:matplotlib.font_manager:findfont: Generic family 'sans-serif' not found because none of the following families were found: Readex Pro
WARNING:matplotlib.font_manager:findfont: Generic family 'sans-serif' not found because none of the following families were found: Readex Pro
WARNING:matplotlib.font_manager:findfont: Generic family 'sans-serif' not found because none of the following families were found: Readex Pro
WARNING:matplotlib.font_manager:findfont: Generic family 'sans-serif' not found because none of the following families were found: Readex Pro
WARNING:matplotlib.font_manager:findfont: Generic family 'sans-serif' not found because none of the following families were found: Readex Pro
WARNING:matplotlib.font_manager:findfont: Generic family 'sans-serif' not found because none of the following families were found: Readex Pro
WARNING:matplotlib.font_manager:findfont: Generic family 'sans-serif' not found because none of the following families were found: Readex Pro
WARNING:matplotlib.font_manager:findfont: Generic family 'sans-serif' not found because none of the following families were found: Readex Pro
WARNING:matplotlib.font_manager:findfont: Generic family 'sans-serif' not found because none of the following families were found: Readex Pro
WARNING:matplotlib.font_manager:findfont: Generic family 'sans-serif' not found because none of the following families were found: Readex Pro
WARNING:matplotlib.font_manager:findfont: Generic family 'sans-serif' not found because none of the following families were found: Readex Pro
WARNING:matplotlib.font_manager:findfont: Generic family 'sans-serif' not found because none of the following families were found: Readex Pro
WARNING:matplotlib.font_manager:findfont: Generic family 'sans-serif' not found because none of the following families were found: Readex Pro
WARNING:matplotlib.font_manager:findfont: Generic family 'sans-serif' not found because none of the following families were found: Readex Pro
WARNING:matplotlib.font_manager:findfont: Generic family 'sans-serif' not found because none of the following families were found: Readex Pro
WARNING:matplotlib.font_manager:findfont: Generic family 'sans-serif' not found because none of the following families were found: Readex Pro
WARNING:matplotlib.font_manager:findfont: Generic family 'sans-serif' not found because none of the following families were found: Readex Pro
WARNING:matplotlib.font_manager:findfont: Generic family 'sans-serif' not found because none of the following families were found: Readex Pro
WARNING:matplotlib.font_manager:findfont: Generic family 'sans-serif' not found because none of the following families were found: Readex Pro
WARNING:matplotlib.font_manager:findfont: Generic family 'sans-serif' not found because none of the following families were found: Readex Pro
WARNING:matplotlib.font_manager:findfont: Generic family 'sans-serif' not found because none of the following families were found: Readex Pro
WARNING:matplotlib.font_manager:findfont: Generic family 'sans-serif' not found because none of the following families were found: Readex Pro
WARNING:matplotlib.font_manager:findfont: Generic family 'sans-serif' not found because none of the following families were found: Readex Pro
WARNING:matplotlib.font_manager:findfont: Generic family 'sans-serif' not found because none of the following families were found: Readex Pro
WARNING:matplotlib.font_manager:findfont: Generic family 'sans-serif' not found because none of the following families were found: Readex Pro
WARNING:matplotlib.font_manager:findfont: Generic family 'sans-serif' not found because none of the following families were found: Readex Pro
WARNING:matplotlib.font_manager:findfont: Generic family 'sans-serif' not found because none of the following families were found: Readex Pro
WARNING:matplotlib.font_manager:findfont: Generic family 'sans-serif' not found because none of the following families were found: Readex Pro
WARNING:matplotlib.font_manager:findfont: Generic family 'sans-serif' not found because none of the following families were found: Readex Pro
WARNING:matplotlib.font_manager:findfont: Generic family 'sans-serif' not found because none of the following families were found: Readex Pro
WARNING:matplotlib.font_manager:findfont: Generic family 'sans-serif' not found because none of the following families were found: Readex Pro
WARNING:matplotlib.font_manager:findfont: Generic family 'sans-serif' not found because none of the following families were found: Readex Pro
WARNING:matplotlib.font_manager:findfont: Generic family 'sans-serif' not found because none of the following families were found: Readex Pro
WARNING:matplotlib.font_manager:findfont: Generic family 'sans-serif' not found because none of the following families were found: Readex Pro
WARNING:matplotlib.font_manager:findfont: Generic family 'sans-serif' not found because none of the following families were found: Readex Pro
WARNING:matplotlib.font_manager:findfont: Generic family 'sans-serif' not found because none of the following families were found: Readex Pro
WARNING:matplotlib.font_manager:findfont: Generic family 'sans-serif' not found because none of the following families were found: Readex Pro
WARNING:matplotlib.font_manager:findfont: Generic family 'sans-serif' not found because none of the following families were found: Readex Pro
WARNING:matplotlib.font_manager:findfont: Generic family 'sans-serif' not found because none of the following families were found: Readex Pro
WARNING:matplotlib.font_manager:findfont: Generic family 'sans-serif' not found because none of the following families were found: Readex Pro
WARNING:matplotlib.font_manager:findfont: Generic family 'sans-serif' not found because none of the following families were found: Readex Pro
WARNING:matplotlib.font_manager:findfont: Generic family 'sans-serif' not found because none of the following families were found: Readex Pro
WARNING:matplotlib.font_manager:findfont: Generic family 'sans-serif' not found because none of the following families were found: Readex Pro
WARNING:matplotlib.font_manager:findfont: Generic family 'sans-serif' not found because none of the following families were found: Readex Pro
WARNING:matplotlib.font_manager:findfont: Generic family 'sans-serif' not found because none of the following families were found: Readex Pro
WARNING:matplotlib.font_manager:findfont: Generic family 'sans-serif' not found because none of the following families were found: Readex Pro
WARNING:matplotlib.font_manager:findfont: Generic family 'sans-serif' not found because none of the following families were found: Readex Pro
WARNING:matplotlib.font_manager:findfont: Generic family 'sans-serif' not found because none of the following families were found: Readex Pro
WARNING:matplotlib.font_manager:findfont: Generic family 'sans-serif' not found because none of the following families were found: Readex Pro
WARNING:matplotlib.font_manager:findfont: Generic family 'sans-serif' not found because none of the following families were found: Readex Pro
WARNING:matplotlib.font_manager:findfont: Generic family 'sans-serif' not found because none of the following families were found: Readex Pro
WARNING:matplotlib.font_manager:findfont: Generic family 'sans-serif' not found because none of the following families were found: Readex Pro
WARNING:matplotlib.font_manager:findfont: Generic family 'sans-serif' not found because none of the following families were found: Readex Pro
WARNING:matplotlib.font_manager:findfont: Generic family 'sans-serif' not found because none of the following families were found: Readex Pro
WARNING:matplotlib.font_manager:findfont: Generic family 'sans-serif' not found because none of the following families were found: Readex Pro
WARNING:matplotlib.font_manager:findfont: Generic family 'sans-serif' not found because none of the following families were found: Readex Pro
WARNING:matplotlib.font_manager:findfont: Generic family 'sans-serif' not found because none of the following families were found: Readex Pro
WARNING:matplotlib.font_manager:findfont: Generic family 'sans-serif' not found because none of the following families were found: Readex Pro
WARNING:matplotlib.font_manager:findfont: Generic family 'sans-serif' not found because none of the following families were found: Readex Pro
WARNING:matplotlib.font_manager:findfont: Generic family 'sans-serif' not found because none of the following families were found: Readex Pro
WARNING:matplotlib.font_manager:findfont: Generic family 'sans-serif' not found because none of the following families were found: Readex Pro
WARNING:matplotlib.font_manager:findfont: Generic family 'sans-serif' not found because none of the following families were found: Readex Pro
WARNING:matplotlib.font_manager:findfont: Generic family 'sans-serif' not found because none of the following families were found: Readex Pro
WARNING:matplotlib.font_manager:findfont: Generic family 'sans-serif' not found because none of the following families were found: Readex Pro
WARNING:matplotlib.font_manager:findfont: Generic family 'sans-serif' not found because none of the following families were found: Readex Pro
WARNING:matplotlib.font_manager:findfont: Generic family 'sans-serif' not found because none of the following families were found: Readex Pro
WARNING:matplotlib.font_manager:findfont: Generic family 'sans-serif' not found because none of the following families were found: Readex Pro
WARNING:matplotlib.font_manager:findfont: Generic family 'sans-serif' not found because none of the following families were found: Readex Pro
WARNING:matplotlib.font_manager:findfont: Generic family 'sans-serif' not found because none of the following families were found: Readex Pro
WARNING:matplotlib.font_manager:findfont: Generic family 'sans-serif' not found because none of the following families were found: Readex Pro
WARNING:matplotlib.font_manager:findfont: Generic family 'sans-serif' not found because none of the following families were found: Readex Pro
WARNING:matplotlib.font_manager:findfont: Generic family 'sans-serif' not found because none of the following families were found: Readex Pro
WARNING:matplotlib.font_manager:findfont: Generic family 'sans-serif' not found because none of the following families were found: Readex Pro
WARNING:matplotlib.font_manager:findfont: Generic family 'sans-serif' not found because none of the following families were found: Readex Pro
WARNING:matplotlib.font_manager:findfont: Generic family 'sans-serif' not found because none of the following families were found: Readex Pro
WARNING:matplotlib.font_manager:findfont: Generic family 'sans-serif' not found because none of the following families were found: Readex Pro
WARNING:matplotlib.font_manager:findfont: Generic family 'sans-serif' not found because none of the following families were found: Readex Pro
WARNING:matplotlib.font_manager:findfont: Generic family 'sans-serif' not found because none of the following families were found: Readex Pro
WARNING:matplotlib.font_manager:findfont: Generic family 'sans-serif' not found because none of the following families were found: Readex Pro
WARNING:matplotlib.font_manager:findfont: Generic family 'sans-serif' not found because none of the following families were found: Readex Pro
WARNING:matplotlib.font_manager:findfont: Generic family 'sans-serif' not found because none of the following families were found: Readex Pro
WARNING:matplotlib.font_manager:findfont: Generic family 'sans-serif' not found because none of the following families were found: Readex Pro
WARNING:matplotlib.font_manager:findfont: Generic family 'sans-serif' not found because none of the following families were found: Readex Pro
WARNING:matplotlib.font_manager:findfont: Generic family 'sans-serif' not found because none of the following families were found: Readex Pro
WARNING:matplotlib.font_manager:findfont: Generic family 'sans-serif' not found because none of the following families were found: Readex Pro
WARNING:matplotlib.font_manager:findfont: Generic family 'sans-serif' not found because none of the following families were found: Readex Pro
WARNING:matplotlib.font_manager:findfont: Generic family 'sans-serif' not found because none of the following families were found: Readex Pro
WARNING:matplotlib.font_manager:findfont: Generic family 'sans-serif' not found because none of the following families were found: Readex Pro
WARNING:matplotlib.font_manager:findfont: Generic family 'sans-serif' not found because none of the following families were found: Readex Pro
WARNING:matplotlib.font_manager:findfont: Generic family 'sans-serif' not found because none of the following families were found: Readex Pro
WARNING:matplotlib.font_manager:findfont: Generic family 'sans-serif' not found because none of the following families were found: Readex Pro
WARNING:matplotlib.font_manager:findfont: Generic family 'sans-serif' not found because none of the following families were found: Readex Pro
WARNING:matplotlib.font_manager:findfont: Generic family 'sans-serif' not found because none of the following families were found: Readex Pro
WARNING:matplotlib.font_manager:findfont: Generic family 'sans-serif' not found because none of the following families were found: Readex Pro
WARNING:matplotlib.font_manager:findfont: Generic family 'sans-serif' not found because none of the following families were found: Readex Pro
WARNING:matplotlib.font_manager:findfont: Generic family 'sans-serif' not found because none of the following families were found: Readex Pro
WARNING:matplotlib.font_manager:findfont: Generic family 'sans-serif' not found because none of the following families were found: Readex Pro
WARNING:matplotlib.font_manager:findfont: Generic family 'sans-serif' not found because none of the following families were found: Readex Pro
WARNING:matplotlib.font_manager:findfont: Generic family 'sans-serif' not found because none of the following families were found: Readex Pro
WARNING:matplotlib.font_manager:findfont: Generic family 'sans-serif' not found because none of the following families were found: Readex Pro
WARNING:matplotlib.font_manager:findfont: Generic family 'sans-serif' not found because none of the following families were found: Readex Pro
WARNING:matplotlib.font_manager:findfont: Generic family 'sans-serif' not found because none of the following families were found: Readex Pro
WARNING:matplotlib.font_manager:findfont: Generic family 'sans-serif' not found because none of the following families were found: Readex Pro
WARNING:matplotlib.font_manager:findfont: Generic family 'sans-serif' not found because none of the following families were found: Readex Pro
WARNING:matplotlib.font_manager:findfont: Generic family 'sans-serif' not found because none of the following families were found: Readex Pro
WARNING:matplotlib.font_manager:findfont: Generic family 'sans-serif' not found because none of the following families were found: Readex Pro
WARNING:matplotlib.font_manager:findfont: Generic family 'sans-serif' not found because none of the following families were found: Readex Pro
WARNING:matplotlib.font_manager:findfont: Generic family 'sans-serif' not found because none of the following families were found: Readex Pro
WARNING:matplotlib.font_manager:findfont: Generic family 'sans-serif' not found because none of the following families were found: Readex Pro
WARNING:matplotlib.font_manager:findfont: Generic family 'sans-serif' not found because none of the following families were found: Readex Pro
WARNING:matplotlib.font_manager:findfont: Generic family 'sans-serif' not found because none of the following families were found: Readex Pro
WARNING:matplotlib.font_manager:findfont: Generic family 'sans-serif' not found because none of the following families were found: Readex Pro
WARNING:matplotlib.font_manager:findfont: Generic family 'sans-serif' not found because none of the following families were found: Readex Pro
WARNING:matplotlib.font_manager:findfont: Generic family 'sans-serif' not found because none of the following families were found: Readex Pro
WARNING:matplotlib.font_manager:findfont: Generic family 'sans-serif' not found because none of the following families were found: Readex Pro
[0m
[32mSaving model evaluation...[0m
[32mGenerating training graphs...[0m
[33mTotal time: 01:43:17[0m
[35mEverything done![0m
