2023-01-29 13:52:41.759016: I tensorflow/core/platform/cpu_feature_guard.cc:193] This TensorFlow binary is optimized with oneAPI Deep Neural Network Library (oneDNN) to use the following CPU instructions in performance-critical operations:  AVX2 FMA
To enable them in other operations, rebuild TensorFlow with the appropriate compiler flags.
2023-01-29 13:52:48.567137: W tensorflow/compiler/xla/stream_executor/platform/default/dso_loader.cc:64] Could not load dynamic library 'libnvinfer.so.7'; dlerror: libnvinfer.so.7: cannot open shared object file: No such file or directory
2023-01-29 13:52:48.567791: W tensorflow/compiler/xla/stream_executor/platform/default/dso_loader.cc:64] Could not load dynamic library 'libnvinfer_plugin.so.7'; dlerror: libnvinfer_plugin.so.7: cannot open shared object file: No such file or directory
2023-01-29 13:52:48.567822: W tensorflow/compiler/tf2tensorrt/utils/py_utils.cc:38] TF-TRT Warning: Cannot dlopen some TensorRT libraries. If you would like to use Nvidia GPU with TensorRT, please make sure the missing libraries mentioned above are installed properly.
Matplotlib created a temporary config/cache directory at /tmp/matplotlib-f3qcgyhf because the default path (/home/cristec/.config/matplotlib) is not a writable directory; it is highly recommended to set the MPLCONFIGDIR environment variable to a writable directory, in particular to speed up the import of Matplotlib and to better support multiprocessing.
2023-01-29 13:52:58.314861: I tensorflow/core/platform/cpu_feature_guard.cc:193] This TensorFlow binary is optimized with oneAPI Deep Neural Network Library (oneDNN) to use the following CPU instructions in performance-critical operations:  AVX2 FMA
To enable them in other operations, rebuild TensorFlow with the appropriate compiler flags.
2023-01-29 13:53:01.333827: I tensorflow/core/common_runtime/gpu/gpu_device.cc:1613] Created device /job:localhost/replica:0/task:0/device:GPU:0 with 7415 MB memory:  -> device: 0, name: Quadro M4000, pci bus id: 0000:03:00.0, compute capability: 5.2
2023-01-29 13:53:01.337063: I tensorflow/core/common_runtime/gpu/gpu_device.cc:1613] Created device /job:localhost/replica:0/task:0/device:GPU:1 with 7425 MB memory:  -> device: 1, name: Quadro M4000, pci bus id: 0000:04:00.0, compute capability: 5.2
WARNING:tensorflow:From /shared_storage/cristec/conda/envs/ML/lib/python3.10/site-packages/tensorflow/python/autograph/pyct/static_analysis/liveness.py:83: Analyzer.lamba_check (from tensorflow.python.autograph.pyct.static_analysis.liveness) is deprecated and will be removed after 2023-09-23.
Instructions for updating:
Lambda fuctions will be no more assumed to be used in the statement where they are used, or at least in the same block. https://github.com/tensorflow/tensorflow/issues/56089
[35mStarting script...[0m
[32mLoading train dataset...[0m
Found 50000 files belonging to 1 classes.
[32mLoading test dataset...[0m
Found 10000 files belonging to 1 classes.
[32mCreating model...[0m
[32mTraining model...[0m
[36m
Epoch 1/1000
2023-01-29 13:53:41.482494: E tensorflow/core/grappler/optimizers/meta_optimizer.cc:954] layout failed: INVALID_ARGUMENT: Size of values 0 does not match size of permutation 4 @ fanin shape inUNet/unet_down_0/u_net2d_convolution_block/dropout/dropout/SelectV2-2-TransposeNHWCToNCHW-LayoutOptimizer
2023-01-29 13:54:40.591443: I tensorflow/compiler/xla/stream_executor/cuda/cuda_dnn.cc:428] Loaded cuDNN version 8101
2023-01-29 13:54:40.837949: I tensorflow/compiler/xla/stream_executor/cuda/cuda_dnn.cc:428] Loaded cuDNN version 8101
2023-01-29 13:54:41.713065: I tensorflow/tsl/platform/default/subprocess.cc:304] Start cannot spawn child process: No such file or directory
2023-01-29 13:54:46.288722: I tensorflow/compiler/xla/service/service.cc:173] XLA service 0x7fb93900b070 initialized for platform CUDA (this does not guarantee that XLA will be used). Devices:
2023-01-29 13:54:46.288755: I tensorflow/compiler/xla/service/service.cc:181]   StreamExecutor device (0): Quadro M4000, Compute Capability 5.2
2023-01-29 13:54:46.288762: I tensorflow/compiler/xla/service/service.cc:181]   StreamExecutor device (1): Quadro M4000, Compute Capability 5.2
2023-01-29 13:54:46.372554: I tensorflow/compiler/mlir/tensorflow/utils/dump_mlir_util.cc:268] disabling MLIR crash reproducer, set env var `MLIR_CRASH_REPRODUCER_DIRECTORY` to enable.
2023-01-29 13:54:47.032354: I tensorflow/tsl/platform/default/subprocess.cc:304] Start cannot spawn child process: No such file or directory
2023-01-29 13:54:47.123743: I tensorflow/compiler/jit/xla_compilation_cache.cc:477] Compiled cluster using XLA!  This line is logged at most once for the lifetime of the process.

Epoch 1: val_loss improved from inf to 0.14394, saving model to models/model_2023.01.29_13:53
WARNING:absl:Found untraced functions such as _jit_compiled_convolution_op, conv2d_layer_call_fn, conv2d_layer_call_and_return_conditional_losses, _jit_compiled_convolution_op, leaky_re_lu_layer_call_fn while saving (showing 5 of 241). These functions will not be directly callable after loading.
196/196 - 1656s - loss: 0.0908 - psnr: 19.5835 - ssim: 0.4964 - val_loss: 0.1439 - val_psnr: 15.2001 - val_ssim: 0.5443 - lr: 0.0100 - 1656s/epoch - 8s/step
Epoch 2/1000

Epoch 2: val_loss improved from 0.14394 to 0.08077, saving model to models/model_2023.01.29_13:53
WARNING:absl:Found untraced functions such as _jit_compiled_convolution_op, conv2d_layer_call_fn, conv2d_layer_call_and_return_conditional_losses, _jit_compiled_convolution_op, leaky_re_lu_layer_call_fn while saving (showing 5 of 241). These functions will not be directly callable after loading.
196/196 - 74s - loss: 0.0567 - psnr: 22.6551 - ssim: 0.6684 - val_loss: 0.0808 - val_psnr: 20.3667 - val_ssim: 0.7624 - lr: 0.0100 - 74s/epoch - 378ms/step
Epoch 3/1000

Epoch 3: val_loss improved from 0.08077 to 0.05765, saving model to models/model_2023.01.29_13:53
WARNING:absl:Found untraced functions such as _jit_compiled_convolution_op, conv2d_layer_call_fn, conv2d_layer_call_and_return_conditional_losses, _jit_compiled_convolution_op, leaky_re_lu_layer_call_fn while saving (showing 5 of 241). These functions will not be directly callable after loading.
196/196 - 74s - loss: 0.0509 - psnr: 23.5517 - ssim: 0.7187 - val_loss: 0.0577 - val_psnr: 22.8879 - val_ssim: 0.8064 - lr: 0.0100 - 74s/epoch - 378ms/step
Epoch 4/1000

Epoch 4: val_loss improved from 0.05765 to 0.04343, saving model to models/model_2023.01.29_13:53
WARNING:absl:Found untraced functions such as _jit_compiled_convolution_op, conv2d_layer_call_fn, conv2d_layer_call_and_return_conditional_losses, _jit_compiled_convolution_op, leaky_re_lu_layer_call_fn while saving (showing 5 of 241). These functions will not be directly callable after loading.
196/196 - 74s - loss: 0.0481 - psnr: 24.0231 - ssim: 0.7432 - val_loss: 0.0434 - val_psnr: 24.8751 - val_ssim: 0.8392 - lr: 0.0100 - 74s/epoch - 378ms/step
Epoch 5/1000

Epoch 5: val_loss improved from 0.04343 to 0.03582, saving model to models/model_2023.01.29_13:53
WARNING:absl:Found untraced functions such as _jit_compiled_convolution_op, conv2d_layer_call_fn, conv2d_layer_call_and_return_conditional_losses, _jit_compiled_convolution_op, leaky_re_lu_layer_call_fn while saving (showing 5 of 241). These functions will not be directly callable after loading.
196/196 - 74s - loss: 0.0460 - psnr: 24.4187 - ssim: 0.7583 - val_loss: 0.0358 - val_psnr: 26.6083 - val_ssim: 0.8780 - lr: 0.0100 - 74s/epoch - 380ms/step
Epoch 6/1000

Epoch 6: val_loss did not improve from 0.03582
196/196 - 54s - loss: 0.0448 - psnr: 24.6617 - ssim: 0.7687 - val_loss: 0.0539 - val_psnr: 23.4878 - val_ssim: 0.8666 - lr: 0.0100 - 54s/epoch - 274ms/step
Epoch 7/1000

Epoch 7: val_loss did not improve from 0.03582
196/196 - 54s - loss: 0.0420 - psnr: 25.0853 - ssim: 0.7687 - val_loss: 0.0466 - val_psnr: 24.6983 - val_ssim: 0.8688 - lr: 0.0100 - 54s/epoch - 275ms/step
Epoch 8/1000

Epoch 8: val_loss did not improve from 0.03582
196/196 - 54s - loss: 0.0395 - psnr: 25.5009 - ssim: 0.7730 - val_loss: 0.0384 - val_psnr: 26.1543 - val_ssim: 0.8831 - lr: 0.0100 - 54s/epoch - 274ms/step
Epoch 9/1000

Epoch 9: val_loss did not improve from 0.03582
196/196 - 54s - loss: 0.0385 - psnr: 25.7493 - ssim: 0.7787 - val_loss: 0.0382 - val_psnr: 26.1266 - val_ssim: 0.8922 - lr: 0.0100 - 54s/epoch - 273ms/step
Epoch 10/1000

Epoch 10: val_loss did not improve from 0.03582
196/196 - 54s - loss: 0.0378 - psnr: 25.9126 - ssim: 0.7833 - val_loss: 0.0383 - val_psnr: 26.1830 - val_ssim: 0.9027 - lr: 0.0100 - 54s/epoch - 274ms/step
Epoch 11/1000

Epoch 11: val_loss did not improve from 0.03582
196/196 - 53s - loss: 0.0373 - psnr: 26.0526 - ssim: 0.7871 - val_loss: 0.0396 - val_psnr: 26.1436 - val_ssim: 0.9090 - lr: 0.0100 - 53s/epoch - 272ms/step
Epoch 12/1000

Epoch 12: val_loss did not improve from 0.03582
196/196 - 54s - loss: 0.0368 - psnr: 26.1611 - ssim: 0.7901 - val_loss: 0.0371 - val_psnr: 26.5971 - val_ssim: 0.9114 - lr: 0.0100 - 54s/epoch - 275ms/step
Epoch 13/1000

Epoch 13: val_loss did not improve from 0.03582
196/196 - 54s - loss: 0.0365 - psnr: 26.2499 - ssim: 0.7928 - val_loss: 0.0387 - val_psnr: 26.2746 - val_ssim: 0.9105 - lr: 0.0100 - 54s/epoch - 273ms/step
Epoch 14/1000

Epoch 14: val_loss did not improve from 0.03582
196/196 - 54s - loss: 0.0362 - psnr: 26.3281 - ssim: 0.7952 - val_loss: 0.0365 - val_psnr: 26.7663 - val_ssim: 0.9094 - lr: 0.0100 - 54s/epoch - 274ms/step
Epoch 15/1000

Epoch 15: val_loss improved from 0.03582 to 0.03421, saving model to models/model_2023.01.29_13:53
WARNING:absl:Found untraced functions such as _jit_compiled_convolution_op, conv2d_layer_call_fn, conv2d_layer_call_and_return_conditional_losses, _jit_compiled_convolution_op, leaky_re_lu_layer_call_fn while saving (showing 5 of 241). These functions will not be directly callable after loading.
196/196 - 74s - loss: 0.0359 - psnr: 26.4008 - ssim: 0.7973 - val_loss: 0.0342 - val_psnr: 27.1502 - val_ssim: 0.9046 - lr: 0.0100 - 74s/epoch - 380ms/step
Epoch 16/1000

Epoch 16: val_loss improved from 0.03421 to 0.03163, saving model to models/model_2023.01.29_13:53
WARNING:absl:Found untraced functions such as _jit_compiled_convolution_op, conv2d_layer_call_fn, conv2d_layer_call_and_return_conditional_losses, _jit_compiled_convolution_op, leaky_re_lu_layer_call_fn while saving (showing 5 of 241). These functions will not be directly callable after loading.
196/196 - 75s - loss: 0.0356 - psnr: 26.4626 - ssim: 0.7992 - val_loss: 0.0316 - val_psnr: 27.7509 - val_ssim: 0.8972 - lr: 0.0100 - 75s/epoch - 383ms/step
Epoch 17/1000

Epoch 17: val_loss did not improve from 0.03163
196/196 - 53s - loss: 0.0354 - psnr: 26.5268 - ssim: 0.8010 - val_loss: 0.0331 - val_psnr: 27.4387 - val_ssim: 0.8902 - lr: 0.0100 - 53s/epoch - 272ms/step
Epoch 18/1000

Epoch 18: val_loss did not improve from 0.03163
196/196 - 54s - loss: 0.0352 - psnr: 26.5821 - ssim: 0.8026 - val_loss: 0.0319 - val_psnr: 27.7104 - val_ssim: 0.8889 - lr: 0.0100 - 54s/epoch - 273ms/step
Epoch 19/1000

Epoch 19: val_loss improved from 0.03163 to 0.03071, saving model to models/model_2023.01.29_13:53
WARNING:absl:Found untraced functions such as _jit_compiled_convolution_op, conv2d_layer_call_fn, conv2d_layer_call_and_return_conditional_losses, _jit_compiled_convolution_op, leaky_re_lu_layer_call_fn while saving (showing 5 of 241). These functions will not be directly callable after loading.
196/196 - 75s - loss: 0.0350 - psnr: 26.6312 - ssim: 0.8040 - val_loss: 0.0307 - val_psnr: 27.9041 - val_ssim: 0.8873 - lr: 0.0100 - 75s/epoch - 381ms/step
Epoch 20/1000

Epoch 20: val_loss improved from 0.03071 to 0.02935, saving model to models/model_2023.01.29_13:53
WARNING:absl:Found untraced functions such as _jit_compiled_convolution_op, conv2d_layer_call_fn, conv2d_layer_call_and_return_conditional_losses, _jit_compiled_convolution_op, leaky_re_lu_layer_call_fn while saving (showing 5 of 241). These functions will not be directly callable after loading.
196/196 - 74s - loss: 0.0348 - psnr: 26.6836 - ssim: 0.8054 - val_loss: 0.0294 - val_psnr: 28.1983 - val_ssim: 0.8897 - lr: 0.0100 - 74s/epoch - 379ms/step
Epoch 21/1000

Epoch 21: val_loss improved from 0.02935 to 0.02730, saving model to models/model_2023.01.29_13:53
WARNING:absl:Found untraced functions such as _jit_compiled_convolution_op, conv2d_layer_call_fn, conv2d_layer_call_and_return_conditional_losses, _jit_compiled_convolution_op, leaky_re_lu_layer_call_fn while saving (showing 5 of 241). These functions will not be directly callable after loading.
196/196 - 75s - loss: 0.0347 - psnr: 26.7149 - ssim: 0.8064 - val_loss: 0.0273 - val_psnr: 28.7397 - val_ssim: 0.8962 - lr: 0.0100 - 75s/epoch - 380ms/step
Epoch 22/1000

Epoch 22: val_loss did not improve from 0.02730
196/196 - 54s - loss: 0.0345 - psnr: 26.7524 - ssim: 0.8074 - val_loss: 0.0282 - val_psnr: 28.5832 - val_ssim: 0.9047 - lr: 0.0100 - 54s/epoch - 276ms/step
Epoch 23/1000

Epoch 23: val_loss did not improve from 0.02730
196/196 - 54s - loss: 0.0343 - psnr: 26.7935 - ssim: 0.8085 - val_loss: 0.0281 - val_psnr: 28.5668 - val_ssim: 0.9077 - lr: 0.0100 - 54s/epoch - 275ms/step
Epoch 24/1000

Epoch 24: val_loss did not improve from 0.02730
196/196 - 54s - loss: 0.0342 - psnr: 26.8232 - ssim: 0.8093 - val_loss: 0.0287 - val_psnr: 28.3995 - val_ssim: 0.9016 - lr: 0.0100 - 54s/epoch - 274ms/step
Epoch 25/1000

Epoch 25: val_loss did not improve from 0.02730
196/196 - 54s - loss: 0.0341 - psnr: 26.8492 - ssim: 0.8101 - val_loss: 0.0279 - val_psnr: 28.6734 - val_ssim: 0.9075 - lr: 0.0100 - 54s/epoch - 274ms/step
Epoch 26/1000

Epoch 26: val_loss did not improve from 0.02730
196/196 - 54s - loss: 0.0340 - psnr: 26.8796 - ssim: 0.8109 - val_loss: 0.0292 - val_psnr: 28.3279 - val_ssim: 0.9070 - lr: 0.0100 - 54s/epoch - 273ms/step
Epoch 27/1000

Epoch 27: val_loss did not improve from 0.02730
196/196 - 53s - loss: 0.0339 - psnr: 26.9012 - ssim: 0.8115 - val_loss: 0.0312 - val_psnr: 27.7496 - val_ssim: 0.9023 - lr: 0.0100 - 53s/epoch - 273ms/step
Epoch 28/1000

Epoch 28: val_loss did not improve from 0.02730
196/196 - 54s - loss: 0.0338 - psnr: 26.9271 - ssim: 0.8123 - val_loss: 0.0293 - val_psnr: 28.3053 - val_ssim: 0.9050 - lr: 0.0100 - 54s/epoch - 274ms/step
Epoch 29/1000

Epoch 29: val_loss did not improve from 0.02730
196/196 - 53s - loss: 0.0337 - psnr: 26.9486 - ssim: 0.8129 - val_loss: 0.0278 - val_psnr: 28.9287 - val_ssim: 0.9090 - lr: 0.0100 - 53s/epoch - 271ms/step
Epoch 30/1000

Epoch 30: val_loss did not improve from 0.02730
196/196 - 54s - loss: 0.0336 - psnr: 26.9731 - ssim: 0.8135 - val_loss: 0.0303 - val_psnr: 28.1571 - val_ssim: 0.8989 - lr: 0.0100 - 54s/epoch - 274ms/step
Epoch 31/1000

Epoch 31: val_loss did not improve from 0.02730
196/196 - 54s - loss: 0.0335 - psnr: 26.9923 - ssim: 0.8142 - val_loss: 0.0289 - val_psnr: 28.5563 - val_ssim: 0.9025 - lr: 0.0100 - 54s/epoch - 273ms/step
Epoch 32/1000

Epoch 32: val_loss did not improve from 0.02730
196/196 - 54s - loss: 0.0334 - psnr: 27.0113 - ssim: 0.8147 - val_loss: 0.0287 - val_psnr: 28.6627 - val_ssim: 0.9059 - lr: 0.0100 - 54s/epoch - 275ms/step
Epoch 33/1000

Epoch 33: val_loss did not improve from 0.02730
196/196 - 53s - loss: 0.0334 - psnr: 27.0324 - ssim: 0.8154 - val_loss: 0.0280 - val_psnr: 28.9473 - val_ssim: 0.9099 - lr: 0.0100 - 53s/epoch - 273ms/step
Epoch 34/1000

Epoch 34: val_loss did not improve from 0.02730
196/196 - 54s - loss: 0.0333 - psnr: 27.0436 - ssim: 0.8158 - val_loss: 0.0283 - val_psnr: 28.9857 - val_ssim: 0.9153 - lr: 0.0100 - 54s/epoch - 274ms/step
Epoch 35/1000

Epoch 35: val_loss improved from 0.02730 to 0.02696, saving model to models/model_2023.01.29_13:53
WARNING:absl:Found untraced functions such as _jit_compiled_convolution_op, conv2d_layer_call_fn, conv2d_layer_call_and_return_conditional_losses, _jit_compiled_convolution_op, leaky_re_lu_layer_call_fn while saving (showing 5 of 241). These functions will not be directly callable after loading.
196/196 - 75s - loss: 0.0333 - psnr: 27.0573 - ssim: 0.8163 - val_loss: 0.0270 - val_psnr: 29.3970 - val_ssim: 0.9186 - lr: 0.0100 - 75s/epoch - 380ms/step
Epoch 36/1000

Epoch 36: val_loss improved from 0.02696 to 0.02680, saving model to models/model_2023.01.29_13:53
WARNING:absl:Found untraced functions such as _jit_compiled_convolution_op, conv2d_layer_call_fn, conv2d_layer_call_and_return_conditional_losses, _jit_compiled_convolution_op, leaky_re_lu_layer_call_fn while saving (showing 5 of 241). These functions will not be directly callable after loading.
196/196 - 75s - loss: 0.0332 - psnr: 27.0770 - ssim: 0.8169 - val_loss: 0.0268 - val_psnr: 29.3947 - val_ssim: 0.9202 - lr: 0.0100 - 75s/epoch - 382ms/step
Epoch 37/1000

Epoch 37: val_loss improved from 0.02680 to 0.02539, saving model to models/model_2023.01.29_13:53
WARNING:absl:Found untraced functions such as _jit_compiled_convolution_op, conv2d_layer_call_fn, conv2d_layer_call_and_return_conditional_losses, _jit_compiled_convolution_op, leaky_re_lu_layer_call_fn while saving (showing 5 of 241). These functions will not be directly callable after loading.
196/196 - 75s - loss: 0.0331 - psnr: 27.0922 - ssim: 0.8173 - val_loss: 0.0254 - val_psnr: 29.7954 - val_ssim: 0.9227 - lr: 0.0100 - 75s/epoch - 382ms/step
Epoch 38/1000

Epoch 38: val_loss improved from 0.02539 to 0.02467, saving model to models/model_2023.01.29_13:53
WARNING:absl:Found untraced functions such as _jit_compiled_convolution_op, conv2d_layer_call_fn, conv2d_layer_call_and_return_conditional_losses, _jit_compiled_convolution_op, leaky_re_lu_layer_call_fn while saving (showing 5 of 241). These functions will not be directly callable after loading.
196/196 - 75s - loss: 0.0331 - psnr: 27.1080 - ssim: 0.8177 - val_loss: 0.0247 - val_psnr: 30.0067 - val_ssim: 0.9234 - lr: 0.0100 - 75s/epoch - 381ms/step
Epoch 39/1000

Epoch 39: val_loss improved from 0.02467 to 0.02313, saving model to models/model_2023.01.29_13:53
WARNING:absl:Found untraced functions such as _jit_compiled_convolution_op, conv2d_layer_call_fn, conv2d_layer_call_and_return_conditional_losses, _jit_compiled_convolution_op, leaky_re_lu_layer_call_fn while saving (showing 5 of 241). These functions will not be directly callable after loading.
196/196 - 75s - loss: 0.0330 - psnr: 27.1263 - ssim: 0.8183 - val_loss: 0.0231 - val_psnr: 30.3813 - val_ssim: 0.9237 - lr: 0.0100 - 75s/epoch - 381ms/step
Epoch 40/1000

Epoch 40: val_loss improved from 0.02313 to 0.02281, saving model to models/model_2023.01.29_13:53
WARNING:absl:Found untraced functions such as _jit_compiled_convolution_op, conv2d_layer_call_fn, conv2d_layer_call_and_return_conditional_losses, _jit_compiled_convolution_op, leaky_re_lu_layer_call_fn while saving (showing 5 of 241). These functions will not be directly callable after loading.
196/196 - 75s - loss: 0.0329 - psnr: 27.1430 - ssim: 0.8187 - val_loss: 0.0228 - val_psnr: 30.4351 - val_ssim: 0.9222 - lr: 0.0100 - 75s/epoch - 381ms/step
Epoch 41/1000

Epoch 41: val_loss improved from 0.02281 to 0.02260, saving model to models/model_2023.01.29_13:53
WARNING:absl:Found untraced functions such as _jit_compiled_convolution_op, conv2d_layer_call_fn, conv2d_layer_call_and_return_conditional_losses, _jit_compiled_convolution_op, leaky_re_lu_layer_call_fn while saving (showing 5 of 241). These functions will not be directly callable after loading.
196/196 - 75s - loss: 0.0329 - psnr: 27.1557 - ssim: 0.8191 - val_loss: 0.0226 - val_psnr: 30.4979 - val_ssim: 0.9231 - lr: 0.0100 - 75s/epoch - 383ms/step
Epoch 42/1000

Epoch 42: val_loss improved from 0.02260 to 0.02200, saving model to models/model_2023.01.29_13:53
WARNING:absl:Found untraced functions such as _jit_compiled_convolution_op, conv2d_layer_call_fn, conv2d_layer_call_and_return_conditional_losses, _jit_compiled_convolution_op, leaky_re_lu_layer_call_fn while saving (showing 5 of 241). These functions will not be directly callable after loading.
196/196 - 74s - loss: 0.0328 - psnr: 27.1658 - ssim: 0.8195 - val_loss: 0.0220 - val_psnr: 30.6407 - val_ssim: 0.9243 - lr: 0.0100 - 74s/epoch - 380ms/step
Epoch 43/1000

Epoch 43: val_loss improved from 0.02200 to 0.02180, saving model to models/model_2023.01.29_13:53
WARNING:absl:Found untraced functions such as _jit_compiled_convolution_op, conv2d_layer_call_fn, conv2d_layer_call_and_return_conditional_losses, _jit_compiled_convolution_op, leaky_re_lu_layer_call_fn while saving (showing 5 of 241). These functions will not be directly callable after loading.
196/196 - 75s - loss: 0.0328 - psnr: 27.1839 - ssim: 0.8199 - val_loss: 0.0218 - val_psnr: 30.7704 - val_ssim: 0.9269 - lr: 0.0100 - 75s/epoch - 383ms/step
Epoch 44/1000

Epoch 44: val_loss improved from 0.02180 to 0.02141, saving model to models/model_2023.01.29_13:53
WARNING:absl:Found untraced functions such as _jit_compiled_convolution_op, conv2d_layer_call_fn, conv2d_layer_call_and_return_conditional_losses, _jit_compiled_convolution_op, leaky_re_lu_layer_call_fn while saving (showing 5 of 241). These functions will not be directly callable after loading.
196/196 - 75s - loss: 0.0327 - psnr: 27.1951 - ssim: 0.8202 - val_loss: 0.0214 - val_psnr: 30.8370 - val_ssim: 0.9272 - lr: 0.0100 - 75s/epoch - 382ms/step
Epoch 45/1000

Epoch 45: val_loss did not improve from 0.02141
196/196 - 54s - loss: 0.0327 - psnr: 27.2093 - ssim: 0.8206 - val_loss: 0.0217 - val_psnr: 30.7674 - val_ssim: 0.9268 - lr: 0.0100 - 54s/epoch - 274ms/step
Epoch 46/1000

Epoch 46: val_loss did not improve from 0.02141
196/196 - 53s - loss: 0.0326 - psnr: 27.2213 - ssim: 0.8210 - val_loss: 0.0215 - val_psnr: 30.7920 - val_ssim: 0.9266 - lr: 0.0100 - 53s/epoch - 272ms/step
Epoch 47/1000

Epoch 47: val_loss did not improve from 0.02141
196/196 - 53s - loss: 0.0326 - psnr: 27.2285 - ssim: 0.8213 - val_loss: 0.0219 - val_psnr: 30.5696 - val_ssim: 0.9266 - lr: 0.0100 - 53s/epoch - 273ms/step
Epoch 48/1000

Epoch 48: val_loss did not improve from 0.02141
196/196 - 53s - loss: 0.0326 - psnr: 27.2377 - ssim: 0.8216 - val_loss: 0.0218 - val_psnr: 30.6086 - val_ssim: 0.9256 - lr: 0.0100 - 53s/epoch - 273ms/step
Epoch 49/1000

Epoch 49: val_loss did not improve from 0.02141
196/196 - 53s - loss: 0.0325 - psnr: 27.2485 - ssim: 0.8218 - val_loss: 0.0222 - val_psnr: 30.4138 - val_ssim: 0.9235 - lr: 0.0100 - 53s/epoch - 272ms/step
Epoch 50/1000

Epoch 50: val_loss did not improve from 0.02141
196/196 - 54s - loss: 0.0325 - psnr: 27.2595 - ssim: 0.8222 - val_loss: 0.0228 - val_psnr: 30.2543 - val_ssim: 0.9254 - lr: 0.0100 - 54s/epoch - 276ms/step
Epoch 51/1000

Epoch 51: val_loss did not improve from 0.02141
196/196 - 55s - loss: 0.0325 - psnr: 27.2612 - ssim: 0.8224 - val_loss: 0.0229 - val_psnr: 30.2144 - val_ssim: 0.9235 - lr: 0.0100 - 55s/epoch - 279ms/step
Epoch 52/1000

Epoch 52: val_loss did not improve from 0.02141
196/196 - 53s - loss: 0.0324 - psnr: 27.2805 - ssim: 0.8227 - val_loss: 0.0241 - val_psnr: 29.8375 - val_ssim: 0.9229 - lr: 0.0100 - 53s/epoch - 272ms/step
Epoch 53/1000

Epoch 53: val_loss did not improve from 0.02141
196/196 - 53s - loss: 0.0324 - psnr: 27.2837 - ssim: 0.8229 - val_loss: 0.0232 - val_psnr: 30.1453 - val_ssim: 0.9257 - lr: 0.0100 - 53s/epoch - 273ms/step
Epoch 54/1000

Epoch 54: val_loss did not improve from 0.02141
196/196 - 54s - loss: 0.0324 - psnr: 27.2878 - ssim: 0.8231 - val_loss: 0.0246 - val_psnr: 29.7422 - val_ssim: 0.9248 - lr: 0.0100 - 54s/epoch - 274ms/step
Epoch 55/1000

Epoch 55: val_loss did not improve from 0.02141
196/196 - 54s - loss: 0.0324 - psnr: 27.2946 - ssim: 0.8234 - val_loss: 0.0266 - val_psnr: 29.2125 - val_ssim: 0.9232 - lr: 0.0100 - 54s/epoch - 274ms/step
Epoch 56/1000

Epoch 56: val_loss did not improve from 0.02141
196/196 - 54s - loss: 0.0323 - psnr: 27.3027 - ssim: 0.8235 - val_loss: 0.0249 - val_psnr: 29.6556 - val_ssim: 0.9250 - lr: 0.0100 - 54s/epoch - 274ms/step
Epoch 57/1000

Epoch 57: val_loss did not improve from 0.02141
196/196 - 54s - loss: 0.0323 - psnr: 27.3148 - ssim: 0.8238 - val_loss: 0.0259 - val_psnr: 29.4591 - val_ssim: 0.9249 - lr: 0.0100 - 54s/epoch - 275ms/step
Epoch 58/1000

Epoch 58: val_loss did not improve from 0.02141
196/196 - 54s - loss: 0.0322 - psnr: 27.3262 - ssim: 0.8241 - val_loss: 0.0252 - val_psnr: 29.6454 - val_ssim: 0.9269 - lr: 0.0100 - 54s/epoch - 274ms/step
Epoch 59/1000

Epoch 59: val_loss did not improve from 0.02141
196/196 - 54s - loss: 0.0322 - psnr: 27.3359 - ssim: 0.8243 - val_loss: 0.0248 - val_psnr: 29.7674 - val_ssim: 0.9292 - lr: 0.0100 - 54s/epoch - 276ms/step
Epoch 60/1000

Epoch 60: val_loss did not improve from 0.02141
196/196 - 54s - loss: 0.0322 - psnr: 27.3433 - ssim: 0.8245 - val_loss: 0.0249 - val_psnr: 29.7127 - val_ssim: 0.9263 - lr: 0.0100 - 54s/epoch - 274ms/step
Epoch 61/1000

Epoch 61: val_loss did not improve from 0.02141
196/196 - 54s - loss: 0.0321 - psnr: 27.3514 - ssim: 0.8247 - val_loss: 0.0250 - val_psnr: 29.6998 - val_ssim: 0.9270 - lr: 0.0100 - 54s/epoch - 274ms/step
Epoch 62/1000

Epoch 62: ReduceLROnPlateau reducing learning rate to 0.0019999999552965165.

Epoch 62: val_loss did not improve from 0.02141
196/196 - 53s - loss: 0.0321 - psnr: 27.3613 - ssim: 0.8250 - val_loss: 0.0244 - val_psnr: 29.9570 - val_ssim: 0.9312 - lr: 0.0100 - 53s/epoch - 272ms/step
Epoch 63/1000

Epoch 63: val_loss improved from 0.02141 to 0.02071, saving model to models/model_2023.01.29_13:53
WARNING:absl:Found untraced functions such as _jit_compiled_convolution_op, conv2d_layer_call_fn, conv2d_layer_call_and_return_conditional_losses, _jit_compiled_convolution_op, leaky_re_lu_layer_call_fn while saving (showing 5 of 241). These functions will not be directly callable after loading.
196/196 - 74s - loss: 0.0310 - psnr: 27.5920 - ssim: 0.8272 - val_loss: 0.0207 - val_psnr: 31.2258 - val_ssim: 0.9429 - lr: 0.0020 - 74s/epoch - 377ms/step
Epoch 64/1000

Epoch 64: val_loss did not improve from 0.02071
196/196 - 54s - loss: 0.0309 - psnr: 27.6092 - ssim: 0.8276 - val_loss: 0.0208 - val_psnr: 31.1634 - val_ssim: 0.9419 - lr: 0.0020 - 54s/epoch - 275ms/step
Epoch 65/1000

Epoch 65: val_loss did not improve from 0.02071
196/196 - 54s - loss: 0.0309 - psnr: 27.6126 - ssim: 0.8277 - val_loss: 0.0210 - val_psnr: 31.0935 - val_ssim: 0.9418 - lr: 0.0020 - 54s/epoch - 275ms/step
Epoch 66/1000

Epoch 66: val_loss did not improve from 0.02071
196/196 - 54s - loss: 0.0309 - psnr: 27.6147 - ssim: 0.8280 - val_loss: 0.0208 - val_psnr: 31.1486 - val_ssim: 0.9415 - lr: 0.0020 - 54s/epoch - 274ms/step
Epoch 67/1000

Epoch 67: val_loss did not improve from 0.02071
196/196 - 53s - loss: 0.0309 - psnr: 27.6178 - ssim: 0.8280 - val_loss: 0.0210 - val_psnr: 31.1000 - val_ssim: 0.9417 - lr: 0.0020 - 53s/epoch - 272ms/step
Epoch 68/1000

Epoch 68: val_loss did not improve from 0.02071
196/196 - 53s - loss: 0.0309 - psnr: 27.6202 - ssim: 0.8282 - val_loss: 0.0213 - val_psnr: 31.0168 - val_ssim: 0.9418 - lr: 0.0020 - 53s/epoch - 273ms/step
Epoch 69/1000

Epoch 69: val_loss did not improve from 0.02071
196/196 - 54s - loss: 0.0308 - psnr: 27.6237 - ssim: 0.8283 - val_loss: 0.0212 - val_psnr: 31.0179 - val_ssim: 0.9415 - lr: 0.0020 - 54s/epoch - 273ms/step
Epoch 70/1000

Epoch 70: val_loss did not improve from 0.02071
196/196 - 54s - loss: 0.0308 - psnr: 27.6271 - ssim: 0.8284 - val_loss: 0.0218 - val_psnr: 30.8600 - val_ssim: 0.9419 - lr: 0.0020 - 54s/epoch - 274ms/step
Epoch 71/1000

Epoch 71: val_loss did not improve from 0.02071
196/196 - 53s - loss: 0.0308 - psnr: 27.6256 - ssim: 0.8284 - val_loss: 0.0218 - val_psnr: 30.8544 - val_ssim: 0.9414 - lr: 0.0020 - 53s/epoch - 272ms/step
Epoch 72/1000

Epoch 72: val_loss did not improve from 0.02071
196/196 - 53s - loss: 0.0308 - psnr: 27.6335 - ssim: 0.8285 - val_loss: 0.0220 - val_psnr: 30.7962 - val_ssim: 0.9406 - lr: 0.0020 - 53s/epoch - 272ms/step
Epoch 73/1000

Epoch 73: val_loss did not improve from 0.02071
196/196 - 54s - loss: 0.0308 - psnr: 27.6324 - ssim: 0.8287 - val_loss: 0.0218 - val_psnr: 30.8318 - val_ssim: 0.9409 - lr: 0.0020 - 54s/epoch - 273ms/step
Epoch 74/1000

Epoch 74: val_loss did not improve from 0.02071
196/196 - 54s - loss: 0.0308 - psnr: 27.6343 - ssim: 0.8287 - val_loss: 0.0222 - val_psnr: 30.7431 - val_ssim: 0.9411 - lr: 0.0020 - 54s/epoch - 274ms/step
Epoch 75/1000

Epoch 75: val_loss did not improve from 0.02071
196/196 - 54s - loss: 0.0308 - psnr: 27.6374 - ssim: 0.8288 - val_loss: 0.0223 - val_psnr: 30.6905 - val_ssim: 0.9406 - lr: 0.0020 - 54s/epoch - 274ms/step
Epoch 76/1000

Epoch 76: val_loss did not improve from 0.02071
196/196 - 54s - loss: 0.0308 - psnr: 27.6396 - ssim: 0.8289 - val_loss: 0.0224 - val_psnr: 30.6756 - val_ssim: 0.9417 - lr: 0.0020 - 54s/epoch - 273ms/step
Epoch 77/1000

Epoch 77: val_loss did not improve from 0.02071
196/196 - 54s - loss: 0.0308 - psnr: 27.6394 - ssim: 0.8288 - val_loss: 0.0226 - val_psnr: 30.5861 - val_ssim: 0.9399 - lr: 0.0020 - 54s/epoch - 273ms/step
Epoch 78/1000

Epoch 78: val_loss did not improve from 0.02071
196/196 - 54s - loss: 0.0308 - psnr: 27.6438 - ssim: 0.8290 - val_loss: 0.0231 - val_psnr: 30.4695 - val_ssim: 0.9405 - lr: 0.0020 - 54s/epoch - 274ms/step
Epoch 79/1000

Epoch 79: val_loss did not improve from 0.02071
196/196 - 54s - loss: 0.0307 - psnr: 27.6462 - ssim: 0.8291 - val_loss: 0.0228 - val_psnr: 30.5576 - val_ssim: 0.9407 - lr: 0.0020 - 54s/epoch - 273ms/step
Epoch 80/1000

Epoch 80: val_loss did not improve from 0.02071
196/196 - 54s - loss: 0.0307 - psnr: 27.6505 - ssim: 0.8292 - val_loss: 0.0232 - val_psnr: 30.4232 - val_ssim: 0.9400 - lr: 0.0020 - 54s/epoch - 273ms/step
Epoch 81/1000

Epoch 81: val_loss did not improve from 0.02071
196/196 - 53s - loss: 0.0307 - psnr: 27.6516 - ssim: 0.8293 - val_loss: 0.0233 - val_psnr: 30.4114 - val_ssim: 0.9404 - lr: 0.0020 - 53s/epoch - 272ms/step
Epoch 82/1000

Epoch 82: val_loss did not improve from 0.02071
196/196 - 54s - loss: 0.0307 - psnr: 27.6547 - ssim: 0.8293 - val_loss: 0.0233 - val_psnr: 30.3870 - val_ssim: 0.9396 - lr: 0.0020 - 54s/epoch - 274ms/step
Epoch 83/1000

Epoch 83: val_loss did not improve from 0.02071
196/196 - 53s - loss: 0.0307 - psnr: 27.6557 - ssim: 0.8293 - val_loss: 0.0233 - val_psnr: 30.3861 - val_ssim: 0.9390 - lr: 0.0020 - 53s/epoch - 272ms/step
Epoch 84/1000

Epoch 84: val_loss did not improve from 0.02071
196/196 - 54s - loss: 0.0307 - psnr: 27.6575 - ssim: 0.8294 - val_loss: 0.0237 - val_psnr: 30.2836 - val_ssim: 0.9397 - lr: 0.0020 - 54s/epoch - 274ms/step
Epoch 85/1000

Epoch 85: val_loss did not improve from 0.02071
196/196 - 54s - loss: 0.0307 - psnr: 27.6601 - ssim: 0.8294 - val_loss: 0.0233 - val_psnr: 30.3875 - val_ssim: 0.9401 - lr: 0.0020 - 54s/epoch - 274ms/step
Epoch 86/1000

Epoch 86: val_loss did not improve from 0.02071
196/196 - 53s - loss: 0.0307 - psnr: 27.6613 - ssim: 0.8294 - val_loss: 0.0234 - val_psnr: 30.3986 - val_ssim: 0.9399 - lr: 0.0020 - 53s/epoch - 273ms/step
Epoch 87/1000

Epoch 87: val_loss did not improve from 0.02071
196/196 - 53s - loss: 0.0307 - psnr: 27.6664 - ssim: 0.8296 - val_loss: 0.0236 - val_psnr: 30.3268 - val_ssim: 0.9402 - lr: 0.0020 - 53s/epoch - 273ms/step
Epoch 88/1000

Epoch 88: val_loss did not improve from 0.02071
196/196 - 54s - loss: 0.0307 - psnr: 27.6663 - ssim: 0.8296 - val_loss: 0.0239 - val_psnr: 30.2323 - val_ssim: 0.9392 - lr: 0.0020 - 54s/epoch - 273ms/step
Epoch 89/1000

Epoch 89: val_loss did not improve from 0.02071
196/196 - 54s - loss: 0.0307 - psnr: 27.6693 - ssim: 0.8296 - val_loss: 0.0237 - val_psnr: 30.2879 - val_ssim: 0.9401 - lr: 0.0020 - 54s/epoch - 273ms/step
Epoch 90/1000

Epoch 90: val_loss did not improve from 0.02071
196/196 - 54s - loss: 0.0306 - psnr: 27.6710 - ssim: 0.8297 - val_loss: 0.0243 - val_psnr: 30.1212 - val_ssim: 0.9390 - lr: 0.0020 - 54s/epoch - 274ms/step
Epoch 91/1000

Epoch 91: ReduceLROnPlateau reducing learning rate to 0.0003999999724328518.

Epoch 91: val_loss did not improve from 0.02071
196/196 - 53s - loss: 0.0306 - psnr: 27.6748 - ssim: 0.8297 - val_loss: 0.0242 - val_psnr: 30.1595 - val_ssim: 0.9393 - lr: 0.0020 - 53s/epoch - 273ms/step
Epoch 92/1000

Epoch 92: val_loss did not improve from 0.02071
196/196 - 53s - loss: 0.0304 - psnr: 27.7196 - ssim: 0.8301 - val_loss: 0.0264 - val_psnr: 29.6541 - val_ssim: 0.9411 - lr: 4.0000e-04 - 53s/epoch - 273ms/step
Epoch 93/1000

Epoch 93: val_loss did not improve from 0.02071
196/196 - 53s - loss: 0.0304 - psnr: 27.7255 - ssim: 0.8302 - val_loss: 0.0263 - val_psnr: 29.6588 - val_ssim: 0.9413 - lr: 4.0000e-04 - 53s/epoch - 272ms/step
Epoch 94/1000

Epoch 94: val_loss did not improve from 0.02071
196/196 - 54s - loss: 0.0304 - psnr: 27.7273 - ssim: 0.8302 - val_loss: 0.0258 - val_psnr: 29.8165 - val_ssim: 0.9415 - lr: 4.0000e-04 - 54s/epoch - 275ms/step
Epoch 95/1000

Epoch 95: val_loss did not improve from 0.02071
196/196 - 53s - loss: 0.0304 - psnr: 27.7299 - ssim: 0.8303 - val_loss: 0.0258 - val_psnr: 29.8041 - val_ssim: 0.9414 - lr: 4.0000e-04 - 53s/epoch - 273ms/step
Epoch 96/1000

Epoch 96: val_loss did not improve from 0.02071
196/196 - 54s - loss: 0.0304 - psnr: 27.7279 - ssim: 0.8302 - val_loss: 0.0257 - val_psnr: 29.8310 - val_ssim: 0.9415 - lr: 4.0000e-04 - 54s/epoch - 273ms/step
Epoch 97/1000

Epoch 97: val_loss did not improve from 0.02071
196/196 - 53s - loss: 0.0304 - psnr: 27.7300 - ssim: 0.8302 - val_loss: 0.0257 - val_psnr: 29.8456 - val_ssim: 0.9414 - lr: 4.0000e-04 - 53s/epoch - 273ms/step
Epoch 98/1000

Epoch 98: val_loss did not improve from 0.02071
196/196 - 53s - loss: 0.0303 - psnr: 27.7340 - ssim: 0.8302 - val_loss: 0.0257 - val_psnr: 29.8250 - val_ssim: 0.9416 - lr: 4.0000e-04 - 53s/epoch - 273ms/step
Epoch 99/1000

Epoch 99: val_loss did not improve from 0.02071
196/196 - 53s - loss: 0.0303 - psnr: 27.7334 - ssim: 0.8302 - val_loss: 0.0254 - val_psnr: 29.9025 - val_ssim: 0.9416 - lr: 4.0000e-04 - 53s/epoch - 272ms/step
Epoch 100/1000

Epoch 100: val_loss did not improve from 0.02071
196/196 - 54s - loss: 0.0303 - psnr: 27.7380 - ssim: 0.8302 - val_loss: 0.0251 - val_psnr: 29.9960 - val_ssim: 0.9419 - lr: 4.0000e-04 - 54s/epoch - 273ms/step
Epoch 101/1000

Epoch 101: val_loss did not improve from 0.02071
196/196 - 54s - loss: 0.0303 - psnr: 27.7360 - ssim: 0.8302 - val_loss: 0.0250 - val_psnr: 30.0348 - val_ssim: 0.9420 - lr: 4.0000e-04 - 54s/epoch - 273ms/step
Epoch 102/1000

Epoch 102: val_loss did not improve from 0.02071
196/196 - 53s - loss: 0.0303 - psnr: 27.7390 - ssim: 0.8302 - val_loss: 0.0249 - val_psnr: 30.0617 - val_ssim: 0.9422 - lr: 4.0000e-04 - 53s/epoch - 273ms/step
Epoch 103/1000

Epoch 103: val_loss did not improve from 0.02071
196/196 - 54s - loss: 0.0303 - psnr: 27.7410 - ssim: 0.8302 - val_loss: 0.0246 - val_psnr: 30.1509 - val_ssim: 0.9425 - lr: 4.0000e-04 - 54s/epoch - 274ms/step
Epoch 104/1000

Epoch 104: val_loss did not improve from 0.02071
196/196 - 54s - loss: 0.0303 - psnr: 27.7418 - ssim: 0.8302 - val_loss: 0.0245 - val_psnr: 30.1821 - val_ssim: 0.9426 - lr: 4.0000e-04 - 54s/epoch - 275ms/step
Epoch 105/1000

Epoch 105: val_loss did not improve from 0.02071
196/196 - 53s - loss: 0.0303 - psnr: 27.7463 - ssim: 0.8302 - val_loss: 0.0243 - val_psnr: 30.2515 - val_ssim: 0.9428 - lr: 4.0000e-04 - 53s/epoch - 272ms/step
Epoch 106/1000

Epoch 106: val_loss did not improve from 0.02071
196/196 - 54s - loss: 0.0303 - psnr: 27.7469 - ssim: 0.8302 - val_loss: 0.0242 - val_psnr: 30.2839 - val_ssim: 0.9430 - lr: 4.0000e-04 - 54s/epoch - 273ms/step
Epoch 107/1000

Epoch 107: val_loss did not improve from 0.02071
196/196 - 54s - loss: 0.0303 - psnr: 27.7490 - ssim: 0.8302 - val_loss: 0.0241 - val_psnr: 30.2902 - val_ssim: 0.9430 - lr: 4.0000e-04 - 54s/epoch - 273ms/step
Epoch 108/1000

Epoch 108: val_loss did not improve from 0.02071
196/196 - 54s - loss: 0.0303 - psnr: 27.7495 - ssim: 0.8301 - val_loss: 0.0237 - val_psnr: 30.4112 - val_ssim: 0.9433 - lr: 4.0000e-04 - 54s/epoch - 274ms/step
Epoch 109/1000

Epoch 109: val_loss did not improve from 0.02071
196/196 - 53s - loss: 0.0302 - psnr: 27.7514 - ssim: 0.8301 - val_loss: 0.0234 - val_psnr: 30.5025 - val_ssim: 0.9436 - lr: 4.0000e-04 - 53s/epoch - 273ms/step
Epoch 110/1000

Epoch 110: val_loss did not improve from 0.02071
196/196 - 54s - loss: 0.0302 - psnr: 27.7561 - ssim: 0.8302 - val_loss: 0.0231 - val_psnr: 30.6223 - val_ssim: 0.9437 - lr: 4.0000e-04 - 54s/epoch - 274ms/step
Epoch 111/1000

Epoch 111: val_loss did not improve from 0.02071
196/196 - 53s - loss: 0.0302 - psnr: 27.7589 - ssim: 0.8301 - val_loss: 0.0228 - val_psnr: 30.6874 - val_ssim: 0.9439 - lr: 4.0000e-04 - 53s/epoch - 272ms/step
Epoch 112/1000

Epoch 112: val_loss did not improve from 0.02071
196/196 - 54s - loss: 0.0302 - psnr: 27.7620 - ssim: 0.8301 - val_loss: 0.0228 - val_psnr: 30.6928 - val_ssim: 0.9440 - lr: 4.0000e-04 - 54s/epoch - 274ms/step
Epoch 113/1000
Restoring model weights from the end of the best epoch: 63.

Epoch 113: val_loss did not improve from 0.02071
196/196 - 54s - loss: 0.0302 - psnr: 27.7645 - ssim: 0.8301 - val_loss: 0.0229 - val_psnr: 30.6675 - val_ssim: 0.9441 - lr: 4.0000e-04 - 54s/epoch - 276ms/step
Epoch 113: early stopping
[0m
[32mSaving model architecture text summary...[0m
[32mSaving model training history...[0m
[32mEvaluating model...[0m
[36m
40/40 - 4s - loss: 0.0207 - psnr: 31.2284 - ssim: 0.9429 - 4s/epoch - 105ms/step
WARNING:matplotlib.font_manager:findfont: Generic family 'sans-serif' not found because none of the following families were found: Readex Pro
WARNING:matplotlib.font_manager:findfont: Generic family 'sans-serif' not found because none of the following families were found: Readex Pro
WARNING:matplotlib.font_manager:findfont: Generic family 'sans-serif' not found because none of the following families were found: Readex Pro
WARNING:matplotlib.font_manager:findfont: Generic family 'sans-serif' not found because none of the following families were found: Readex Pro
WARNING:matplotlib.font_manager:findfont: Generic family 'sans-serif' not found because none of the following families were found: Readex Pro
WARNING:matplotlib.font_manager:findfont: Generic family 'sans-serif' not found because none of the following families were found: Readex Pro
WARNING:matplotlib.font_manager:findfont: Generic family 'sans-serif' not found because none of the following families were found: Readex Pro
WARNING:matplotlib.font_manager:findfont: Generic family 'sans-serif' not found because none of the following families were found: Readex Pro
WARNING:matplotlib.font_manager:findfont: Generic family 'sans-serif' not found because none of the following families were found: Readex Pro
WARNING:matplotlib.font_manager:findfont: Generic family 'sans-serif' not found because none of the following families were found: Readex Pro
WARNING:matplotlib.font_manager:findfont: Generic family 'sans-serif' not found because none of the following families were found: Readex Pro
WARNING:matplotlib.font_manager:findfont: Generic family 'sans-serif' not found because none of the following families were found: Readex Pro
WARNING:matplotlib.font_manager:findfont: Generic family 'sans-serif' not found because none of the following families were found: Readex Pro
WARNING:matplotlib.font_manager:findfont: Generic family 'sans-serif' not found because none of the following families were found: Readex Pro
WARNING:matplotlib.font_manager:findfont: Generic family 'sans-serif' not found because none of the following families were found: Readex Pro
WARNING:matplotlib.font_manager:findfont: Generic family 'sans-serif' not found because none of the following families were found: Readex Pro
WARNING:matplotlib.font_manager:findfont: Generic family 'sans-serif' not found because none of the following families were found: Readex Pro
WARNING:matplotlib.font_manager:findfont: Generic family 'sans-serif' not found because none of the following families were found: Readex Pro
WARNING:matplotlib.font_manager:findfont: Generic family 'sans-serif' not found because none of the following families were found: Readex Pro
WARNING:matplotlib.font_manager:findfont: Generic family 'sans-serif' not found because none of the following families were found: Readex Pro
WARNING:matplotlib.font_manager:findfont: Generic family 'sans-serif' not found because none of the following families were found: Readex Pro
WARNING:matplotlib.font_manager:findfont: Generic family 'sans-serif' not found because none of the following families were found: Readex Pro
WARNING:matplotlib.font_manager:findfont: Generic family 'sans-serif' not found because none of the following families were found: Readex Pro
WARNING:matplotlib.font_manager:findfont: Generic family 'sans-serif' not found because none of the following families were found: Readex Pro
WARNING:matplotlib.font_manager:findfont: Generic family 'sans-serif' not found because none of the following families were found: Readex Pro
WARNING:matplotlib.font_manager:findfont: Generic family 'sans-serif' not found because none of the following families were found: Readex Pro
WARNING:matplotlib.font_manager:findfont: Generic family 'sans-serif' not found because none of the following families were found: Readex Pro
WARNING:matplotlib.font_manager:findfont: Generic family 'sans-serif' not found because none of the following families were found: Readex Pro
WARNING:matplotlib.font_manager:findfont: Generic family 'sans-serif' not found because none of the following families were found: Readex Pro
WARNING:matplotlib.font_manager:findfont: Generic family 'sans-serif' not found because none of the following families were found: Readex Pro
WARNING:matplotlib.font_manager:findfont: Generic family 'sans-serif' not found because none of the following families were found: Readex Pro
WARNING:matplotlib.font_manager:findfont: Generic family 'sans-serif' not found because none of the following families were found: Readex Pro
WARNING:matplotlib.font_manager:findfont: Generic family 'sans-serif' not found because none of the following families were found: Readex Pro
WARNING:matplotlib.font_manager:findfont: Generic family 'sans-serif' not found because none of the following families were found: Readex Pro
WARNING:matplotlib.font_manager:findfont: Generic family 'sans-serif' not found because none of the following families were found: Readex Pro
WARNING:matplotlib.font_manager:findfont: Generic family 'sans-serif' not found because none of the following families were found: Readex Pro
WARNING:matplotlib.font_manager:findfont: Generic family 'sans-serif' not found because none of the following families were found: Readex Pro
WARNING:matplotlib.font_manager:findfont: Generic family 'sans-serif' not found because none of the following families were found: Readex Pro
WARNING:matplotlib.font_manager:findfont: Generic family 'sans-serif' not found because none of the following families were found: Readex Pro
WARNING:matplotlib.font_manager:findfont: Generic family 'sans-serif' not found because none of the following families were found: Readex Pro
WARNING:matplotlib.font_manager:findfont: Generic family 'sans-serif' not found because none of the following families were found: Readex Pro
WARNING:matplotlib.font_manager:findfont: Generic family 'sans-serif' not found because none of the following families were found: Readex Pro
WARNING:matplotlib.font_manager:findfont: Generic family 'sans-serif' not found because none of the following families were found: Readex Pro
WARNING:matplotlib.font_manager:findfont: Generic family 'sans-serif' not found because none of the following families were found: Readex Pro
WARNING:matplotlib.font_manager:findfont: Generic family 'sans-serif' not found because none of the following families were found: Readex Pro
WARNING:matplotlib.font_manager:findfont: Generic family 'sans-serif' not found because none of the following families were found: Readex Pro
WARNING:matplotlib.font_manager:findfont: Generic family 'sans-serif' not found because none of the following families were found: Readex Pro
WARNING:matplotlib.font_manager:findfont: Generic family 'sans-serif' not found because none of the following families were found: Readex Pro
WARNING:matplotlib.font_manager:findfont: Generic family 'sans-serif' not found because none of the following families were found: Readex Pro
WARNING:matplotlib.font_manager:findfont: Generic family 'sans-serif' not found because none of the following families were found: Readex Pro
WARNING:matplotlib.font_manager:findfont: Generic family 'sans-serif' not found because none of the following families were found: Readex Pro
WARNING:matplotlib.font_manager:findfont: Generic family 'sans-serif' not found because none of the following families were found: Readex Pro
WARNING:matplotlib.font_manager:findfont: Generic family 'sans-serif' not found because none of the following families were found: Readex Pro
WARNING:matplotlib.font_manager:findfont: Generic family 'sans-serif' not found because none of the following families were found: Readex Pro
WARNING:matplotlib.font_manager:findfont: Generic family 'sans-serif' not found because none of the following families were found: Readex Pro
WARNING:matplotlib.font_manager:findfont: Generic family 'sans-serif' not found because none of the following families were found: Readex Pro
WARNING:matplotlib.font_manager:findfont: Generic family 'sans-serif' not found because none of the following families were found: Readex Pro
WARNING:matplotlib.font_manager:findfont: Generic family 'sans-serif' not found because none of the following families were found: Readex Pro
WARNING:matplotlib.font_manager:findfont: Generic family 'sans-serif' not found because none of the following families were found: Readex Pro
WARNING:matplotlib.font_manager:findfont: Generic family 'sans-serif' not found because none of the following families were found: Readex Pro
WARNING:matplotlib.font_manager:findfont: Generic family 'sans-serif' not found because none of the following families were found: Readex Pro
WARNING:matplotlib.font_manager:findfont: Generic family 'sans-serif' not found because none of the following families were found: Readex Pro
WARNING:matplotlib.font_manager:findfont: Generic family 'sans-serif' not found because none of the following families were found: Readex Pro
WARNING:matplotlib.font_manager:findfont: Generic family 'sans-serif' not found because none of the following families were found: Readex Pro
WARNING:matplotlib.font_manager:findfont: Generic family 'sans-serif' not found because none of the following families were found: Readex Pro
WARNING:matplotlib.font_manager:findfont: Generic family 'sans-serif' not found because none of the following families were found: Readex Pro
WARNING:matplotlib.font_manager:findfont: Generic family 'sans-serif' not found because none of the following families were found: Readex Pro
WARNING:matplotlib.font_manager:findfont: Generic family 'sans-serif' not found because none of the following families were found: Readex Pro
WARNING:matplotlib.font_manager:findfont: Generic family 'sans-serif' not found because none of the following families were found: Readex Pro
WARNING:matplotlib.font_manager:findfont: Generic family 'sans-serif' not found because none of the following families were found: Readex Pro
WARNING:matplotlib.font_manager:findfont: Generic family 'sans-serif' not found because none of the following families were found: Readex Pro
WARNING:matplotlib.font_manager:findfont: Generic family 'sans-serif' not found because none of the following families were found: Readex Pro
WARNING:matplotlib.font_manager:findfont: Generic family 'sans-serif' not found because none of the following families were found: Readex Pro
WARNING:matplotlib.font_manager:findfont: Generic family 'sans-serif' not found because none of the following families were found: Readex Pro
WARNING:matplotlib.font_manager:findfont: Generic family 'sans-serif' not found because none of the following families were found: Readex Pro
WARNING:matplotlib.font_manager:findfont: Generic family 'sans-serif' not found because none of the following families were found: Readex Pro
WARNING:matplotlib.font_manager:findfont: Generic family 'sans-serif' not found because none of the following families were found: Readex Pro
WARNING:matplotlib.font_manager:findfont: Generic family 'sans-serif' not found because none of the following families were found: Readex Pro
WARNING:matplotlib.font_manager:findfont: Generic family 'sans-serif' not found because none of the following families were found: Readex Pro
WARNING:matplotlib.font_manager:findfont: Generic family 'sans-serif' not found because none of the following families were found: Readex Pro
WARNING:matplotlib.font_manager:findfont: Generic family 'sans-serif' not found because none of the following families were found: Readex Pro
WARNING:matplotlib.font_manager:findfont: Generic family 'sans-serif' not found because none of the following families were found: Readex Pro
WARNING:matplotlib.font_manager:findfont: Generic family 'sans-serif' not found because none of the following families were found: Readex Pro
WARNING:matplotlib.font_manager:findfont: Generic family 'sans-serif' not found because none of the following families were found: Readex Pro
WARNING:matplotlib.font_manager:findfont: Generic family 'sans-serif' not found because none of the following families were found: Readex Pro
WARNING:matplotlib.font_manager:findfont: Generic family 'sans-serif' not found because none of the following families were found: Readex Pro
WARNING:matplotlib.font_manager:findfont: Generic family 'sans-serif' not found because none of the following families were found: Readex Pro
WARNING:matplotlib.font_manager:findfont: Generic family 'sans-serif' not found because none of the following families were found: Readex Pro
WARNING:matplotlib.font_manager:findfont: Generic family 'sans-serif' not found because none of the following families were found: Readex Pro
WARNING:matplotlib.font_manager:findfont: Generic family 'sans-serif' not found because none of the following families were found: Readex Pro
WARNING:matplotlib.font_manager:findfont: Generic family 'sans-serif' not found because none of the following families were found: Readex Pro
WARNING:matplotlib.font_manager:findfont: Generic family 'sans-serif' not found because none of the following families were found: Readex Pro
WARNING:matplotlib.font_manager:findfont: Generic family 'sans-serif' not found because none of the following families were found: Readex Pro
WARNING:matplotlib.font_manager:findfont: Generic family 'sans-serif' not found because none of the following families were found: Readex Pro
WARNING:matplotlib.font_manager:findfont: Generic family 'sans-serif' not found because none of the following families were found: Readex Pro
WARNING:matplotlib.font_manager:findfont: Generic family 'sans-serif' not found because none of the following families were found: Readex Pro
WARNING:matplotlib.font_manager:findfont: Generic family 'sans-serif' not found because none of the following families were found: Readex Pro
WARNING:matplotlib.font_manager:findfont: Generic family 'sans-serif' not found because none of the following families were found: Readex Pro
WARNING:matplotlib.font_manager:findfont: Generic family 'sans-serif' not found because none of the following families were found: Readex Pro
WARNING:matplotlib.font_manager:findfont: Generic family 'sans-serif' not found because none of the following families were found: Readex Pro
WARNING:matplotlib.font_manager:findfont: Generic family 'sans-serif' not found because none of the following families were found: Readex Pro
WARNING:matplotlib.font_manager:findfont: Generic family 'sans-serif' not found because none of the following families were found: Readex Pro
WARNING:matplotlib.font_manager:findfont: Generic family 'sans-serif' not found because none of the following families were found: Readex Pro
WARNING:matplotlib.font_manager:findfont: Generic family 'sans-serif' not found because none of the following families were found: Readex Pro
WARNING:matplotlib.font_manager:findfont: Generic family 'sans-serif' not found because none of the following families were found: Readex Pro
WARNING:matplotlib.font_manager:findfont: Generic family 'sans-serif' not found because none of the following families were found: Readex Pro
WARNING:matplotlib.font_manager:findfont: Generic family 'sans-serif' not found because none of the following families were found: Readex Pro
WARNING:matplotlib.font_manager:findfont: Generic family 'sans-serif' not found because none of the following families were found: Readex Pro
WARNING:matplotlib.font_manager:findfont: Generic family 'sans-serif' not found because none of the following families were found: Readex Pro
WARNING:matplotlib.font_manager:findfont: Generic family 'sans-serif' not found because none of the following families were found: Readex Pro
WARNING:matplotlib.font_manager:findfont: Generic family 'sans-serif' not found because none of the following families were found: Readex Pro
WARNING:matplotlib.font_manager:findfont: Generic family 'sans-serif' not found because none of the following families were found: Readex Pro
WARNING:matplotlib.font_manager:findfont: Generic family 'sans-serif' not found because none of the following families were found: Readex Pro
WARNING:matplotlib.font_manager:findfont: Generic family 'sans-serif' not found because none of the following families were found: Readex Pro
WARNING:matplotlib.font_manager:findfont: Generic family 'sans-serif' not found because none of the following families were found: Readex Pro
WARNING:matplotlib.font_manager:findfont: Generic family 'sans-serif' not found because none of the following families were found: Readex Pro
WARNING:matplotlib.font_manager:findfont: Generic family 'sans-serif' not found because none of the following families were found: Readex Pro
WARNING:matplotlib.font_manager:findfont: Generic family 'sans-serif' not found because none of the following families were found: Readex Pro
WARNING:matplotlib.font_manager:findfont: Generic family 'sans-serif' not found because none of the following families were found: Readex Pro
WARNING:matplotlib.font_manager:findfont: Generic family 'sans-serif' not found because none of the following families were found: Readex Pro
WARNING:matplotlib.font_manager:findfont: Generic family 'sans-serif' not found because none of the following families were found: Readex Pro
WARNING:matplotlib.font_manager:findfont: Generic family 'sans-serif' not found because none of the following families were found: Readex Pro
WARNING:matplotlib.font_manager:findfont: Generic family 'sans-serif' not found because none of the following families were found: Readex Pro
WARNING:matplotlib.font_manager:findfont: Generic family 'sans-serif' not found because none of the following families were found: Readex Pro
WARNING:matplotlib.font_manager:findfont: Generic family 'sans-serif' not found because none of the following families were found: Readex Pro
WARNING:matplotlib.font_manager:findfont: Generic family 'sans-serif' not found because none of the following families were found: Readex Pro
WARNING:matplotlib.font_manager:findfont: Generic family 'sans-serif' not found because none of the following families were found: Readex Pro
WARNING:matplotlib.font_manager:findfont: Generic family 'sans-serif' not found because none of the following families were found: Readex Pro
WARNING:matplotlib.font_manager:findfont: Generic family 'sans-serif' not found because none of the following families were found: Readex Pro
WARNING:matplotlib.font_manager:findfont: Generic family 'sans-serif' not found because none of the following families were found: Readex Pro
WARNING:matplotlib.font_manager:findfont: Generic family 'sans-serif' not found because none of the following families were found: Readex Pro
WARNING:matplotlib.font_manager:findfont: Generic family 'sans-serif' not found because none of the following families were found: Readex Pro
WARNING:matplotlib.font_manager:findfont: Generic family 'sans-serif' not found because none of the following families were found: Readex Pro
WARNING:matplotlib.font_manager:findfont: Generic family 'sans-serif' not found because none of the following families were found: Readex Pro
WARNING:matplotlib.font_manager:findfont: Generic family 'sans-serif' not found because none of the following families were found: Readex Pro
WARNING:matplotlib.font_manager:findfont: Generic family 'sans-serif' not found because none of the following families were found: Readex Pro
WARNING:matplotlib.font_manager:findfont: Generic family 'sans-serif' not found because none of the following families were found: Readex Pro
WARNING:matplotlib.font_manager:findfont: Generic family 'sans-serif' not found because none of the following families were found: Readex Pro
WARNING:matplotlib.font_manager:findfont: Generic family 'sans-serif' not found because none of the following families were found: Readex Pro
WARNING:matplotlib.font_manager:findfont: Generic family 'sans-serif' not found because none of the following families were found: Readex Pro
WARNING:matplotlib.font_manager:findfont: Generic family 'sans-serif' not found because none of the following families were found: Readex Pro
WARNING:matplotlib.font_manager:findfont: Generic family 'sans-serif' not found because none of the following families were found: Readex Pro
WARNING:matplotlib.font_manager:findfont: Generic family 'sans-serif' not found because none of the following families were found: Readex Pro
WARNING:matplotlib.font_manager:findfont: Generic family 'sans-serif' not found because none of the following families were found: Readex Pro
WARNING:matplotlib.font_manager:findfont: Generic family 'sans-serif' not found because none of the following families were found: Readex Pro
WARNING:matplotlib.font_manager:findfont: Generic family 'sans-serif' not found because none of the following families were found: Readex Pro
WARNING:matplotlib.font_manager:findfont: Generic family 'sans-serif' not found because none of the following families were found: Readex Pro
WARNING:matplotlib.font_manager:findfont: Generic family 'sans-serif' not found because none of the following families were found: Readex Pro
WARNING:matplotlib.font_manager:findfont: Generic family 'sans-serif' not found because none of the following families were found: Readex Pro
WARNING:matplotlib.font_manager:findfont: Generic family 'sans-serif' not found because none of the following families were found: Readex Pro
WARNING:matplotlib.font_manager:findfont: Generic family 'sans-serif' not found because none of the following families were found: Readex Pro
WARNING:matplotlib.font_manager:findfont: Generic family 'sans-serif' not found because none of the following families were found: Readex Pro
WARNING:matplotlib.font_manager:findfont: Generic family 'sans-serif' not found because none of the following families were found: Readex Pro
WARNING:matplotlib.font_manager:findfont: Generic family 'sans-serif' not found because none of the following families were found: Readex Pro
WARNING:matplotlib.font_manager:findfont: Generic family 'sans-serif' not found because none of the following families were found: Readex Pro
WARNING:matplotlib.font_manager:findfont: Generic family 'sans-serif' not found because none of the following families were found: Readex Pro
WARNING:matplotlib.font_manager:findfont: Generic family 'sans-serif' not found because none of the following families were found: Readex Pro
WARNING:matplotlib.font_manager:findfont: Generic family 'sans-serif' not found because none of the following families were found: Readex Pro
WARNING:matplotlib.font_manager:findfont: Generic family 'sans-serif' not found because none of the following families were found: Readex Pro
WARNING:matplotlib.font_manager:findfont: Generic family 'sans-serif' not found because none of the following families were found: Readex Pro
WARNING:matplotlib.font_manager:findfont: Generic family 'sans-serif' not found because none of the following families were found: Readex Pro
WARNING:matplotlib.font_manager:findfont: Generic family 'sans-serif' not found because none of the following families were found: Readex Pro
WARNING:matplotlib.font_manager:findfont: Generic family 'sans-serif' not found because none of the following families were found: Readex Pro
WARNING:matplotlib.font_manager:findfont: Generic family 'sans-serif' not found because none of the following families were found: Readex Pro
WARNING:matplotlib.font_manager:findfont: Generic family 'sans-serif' not found because none of the following families were found: Readex Pro
WARNING:matplotlib.font_manager:findfont: Generic family 'sans-serif' not found because none of the following families were found: Readex Pro
WARNING:matplotlib.font_manager:findfont: Generic family 'sans-serif' not found because none of the following families were found: Readex Pro
WARNING:matplotlib.font_manager:findfont: Generic family 'sans-serif' not found because none of the following families were found: Readex Pro
WARNING:matplotlib.font_manager:findfont: Generic family 'sans-serif' not found because none of the following families were found: Readex Pro
WARNING:matplotlib.font_manager:findfont: Generic family 'sans-serif' not found because none of the following families were found: Readex Pro
WARNING:matplotlib.font_manager:findfont: Generic family 'sans-serif' not found because none of the following families were found: Readex Pro
WARNING:matplotlib.font_manager:findfont: Generic family 'sans-serif' not found because none of the following families were found: Readex Pro
WARNING:matplotlib.font_manager:findfont: Generic family 'sans-serif' not found because none of the following families were found: Readex Pro
WARNING:matplotlib.font_manager:findfont: Generic family 'sans-serif' not found because none of the following families were found: Readex Pro
WARNING:matplotlib.font_manager:findfont: Generic family 'sans-serif' not found because none of the following families were found: Readex Pro
WARNING:matplotlib.font_manager:findfont: Generic family 'sans-serif' not found because none of the following families were found: Readex Pro
WARNING:matplotlib.font_manager:findfont: Generic family 'sans-serif' not found because none of the following families were found: Readex Pro
WARNING:matplotlib.font_manager:findfont: Generic family 'sans-serif' not found because none of the following families were found: Readex Pro
WARNING:matplotlib.font_manager:findfont: Generic family 'sans-serif' not found because none of the following families were found: Readex Pro
WARNING:matplotlib.font_manager:findfont: Generic family 'sans-serif' not found because none of the following families were found: Readex Pro
WARNING:matplotlib.font_manager:findfont: Generic family 'sans-serif' not found because none of the following families were found: Readex Pro
WARNING:matplotlib.font_manager:findfont: Generic family 'sans-serif' not found because none of the following families were found: Readex Pro
WARNING:matplotlib.font_manager:findfont: Generic family 'sans-serif' not found because none of the following families were found: Readex Pro
WARNING:matplotlib.font_manager:findfont: Generic family 'sans-serif' not found because none of the following families were found: Readex Pro
WARNING:matplotlib.font_manager:findfont: Generic family 'sans-serif' not found because none of the following families were found: Readex Pro
WARNING:matplotlib.font_manager:findfont: Generic family 'sans-serif' not found because none of the following families were found: Readex Pro
WARNING:matplotlib.font_manager:findfont: Generic family 'sans-serif' not found because none of the following families were found: Readex Pro
WARNING:matplotlib.font_manager:findfont: Generic family 'sans-serif' not found because none of the following families were found: Readex Pro
WARNING:matplotlib.font_manager:findfont: Generic family 'sans-serif' not found because none of the following families were found: Readex Pro
WARNING:matplotlib.font_manager:findfont: Generic family 'sans-serif' not found because none of the following families were found: Readex Pro
WARNING:matplotlib.font_manager:findfont: Generic family 'sans-serif' not found because none of the following families were found: Readex Pro
WARNING:matplotlib.font_manager:findfont: Generic family 'sans-serif' not found because none of the following families were found: Readex Pro
WARNING:matplotlib.font_manager:findfont: Generic family 'sans-serif' not found because none of the following families were found: Readex Pro
WARNING:matplotlib.font_manager:findfont: Generic family 'sans-serif' not found because none of the following families were found: Readex Pro
WARNING:matplotlib.font_manager:findfont: Generic family 'sans-serif' not found because none of the following families were found: Readex Pro
WARNING:matplotlib.font_manager:findfont: Generic family 'sans-serif' not found because none of the following families were found: Readex Pro
WARNING:matplotlib.font_manager:findfont: Generic family 'sans-serif' not found because none of the following families were found: Readex Pro
WARNING:matplotlib.font_manager:findfont: Generic family 'sans-serif' not found because none of the following families were found: Readex Pro
WARNING:matplotlib.font_manager:findfont: Generic family 'sans-serif' not found because none of the following families were found: Readex Pro
WARNING:matplotlib.font_manager:findfont: Generic family 'sans-serif' not found because none of the following families were found: Readex Pro
WARNING:matplotlib.font_manager:findfont: Generic family 'sans-serif' not found because none of the following families were found: Readex Pro
WARNING:matplotlib.font_manager:findfont: Generic family 'sans-serif' not found because none of the following families were found: Readex Pro
WARNING:matplotlib.font_manager:findfont: Generic family 'sans-serif' not found because none of the following families were found: Readex Pro
WARNING:matplotlib.font_manager:findfont: Generic family 'sans-serif' not found because none of the following families were found: Readex Pro
WARNING:matplotlib.font_manager:findfont: Generic family 'sans-serif' not found because none of the following families were found: Readex Pro
WARNING:matplotlib.font_manager:findfont: Generic family 'sans-serif' not found because none of the following families were found: Readex Pro
WARNING:matplotlib.font_manager:findfont: Generic family 'sans-serif' not found because none of the following families were found: Readex Pro
WARNING:matplotlib.font_manager:findfont: Generic family 'sans-serif' not found because none of the following families were found: Readex Pro
WARNING:matplotlib.font_manager:findfont: Generic family 'sans-serif' not found because none of the following families were found: Readex Pro
WARNING:matplotlib.font_manager:findfont: Generic family 'sans-serif' not found because none of the following families were found: Readex Pro
WARNING:matplotlib.font_manager:findfont: Generic family 'sans-serif' not found because none of the following families were found: Readex Pro
WARNING:matplotlib.font_manager:findfont: Generic family 'sans-serif' not found because none of the following families were found: Readex Pro
WARNING:matplotlib.font_manager:findfont: Generic family 'sans-serif' not found because none of the following families were found: Readex Pro
WARNING:matplotlib.font_manager:findfont: Generic family 'sans-serif' not found because none of the following families were found: Readex Pro
WARNING:matplotlib.font_manager:findfont: Generic family 'sans-serif' not found because none of the following families were found: Readex Pro
WARNING:matplotlib.font_manager:findfont: Generic family 'sans-serif' not found because none of the following families were found: Readex Pro
WARNING:matplotlib.font_manager:findfont: Generic family 'sans-serif' not found because none of the following families were found: Readex Pro
WARNING:matplotlib.font_manager:findfont: Generic family 'sans-serif' not found because none of the following families were found: Readex Pro
WARNING:matplotlib.font_manager:findfont: Generic family 'sans-serif' not found because none of the following families were found: Readex Pro
WARNING:matplotlib.font_manager:findfont: Generic family 'sans-serif' not found because none of the following families were found: Readex Pro
WARNING:matplotlib.font_manager:findfont: Generic family 'sans-serif' not found because none of the following families were found: Readex Pro
WARNING:matplotlib.font_manager:findfont: Generic family 'sans-serif' not found because none of the following families were found: Readex Pro
WARNING:matplotlib.font_manager:findfont: Generic family 'sans-serif' not found because none of the following families were found: Readex Pro
WARNING:matplotlib.font_manager:findfont: Generic family 'sans-serif' not found because none of the following families were found: Readex Pro
WARNING:matplotlib.font_manager:findfont: Generic family 'sans-serif' not found because none of the following families were found: Readex Pro
WARNING:matplotlib.font_manager:findfont: Generic family 'sans-serif' not found because none of the following families were found: Readex Pro
WARNING:matplotlib.font_manager:findfont: Generic family 'sans-serif' not found because none of the following families were found: Readex Pro
WARNING:matplotlib.font_manager:findfont: Generic family 'sans-serif' not found because none of the following families were found: Readex Pro
WARNING:matplotlib.font_manager:findfont: Generic family 'sans-serif' not found because none of the following families were found: Readex Pro
WARNING:matplotlib.font_manager:findfont: Generic family 'sans-serif' not found because none of the following families were found: Readex Pro
WARNING:matplotlib.font_manager:findfont: Generic family 'sans-serif' not found because none of the following families were found: Readex Pro
WARNING:matplotlib.font_manager:findfont: Generic family 'sans-serif' not found because none of the following families were found: Readex Pro
WARNING:matplotlib.font_manager:findfont: Generic family 'sans-serif' not found because none of the following families were found: Readex Pro
WARNING:matplotlib.font_manager:findfont: Generic family 'sans-serif' not found because none of the following families were found: Readex Pro
WARNING:matplotlib.font_manager:findfont: Generic family 'sans-serif' not found because none of the following families were found: Readex Pro
WARNING:matplotlib.font_manager:findfont: Generic family 'sans-serif' not found because none of the following families were found: Readex Pro
WARNING:matplotlib.font_manager:findfont: Generic family 'sans-serif' not found because none of the following families were found: Readex Pro
WARNING:matplotlib.font_manager:findfont: Generic family 'sans-serif' not found because none of the following families were found: Readex Pro
WARNING:matplotlib.font_manager:findfont: Generic family 'sans-serif' not found because none of the following families were found: Readex Pro
WARNING:matplotlib.font_manager:findfont: Generic family 'sans-serif' not found because none of the following families were found: Readex Pro
WARNING:matplotlib.font_manager:findfont: Generic family 'sans-serif' not found because none of the following families were found: Readex Pro
WARNING:matplotlib.font_manager:findfont: Generic family 'sans-serif' not found because none of the following families were found: Readex Pro
WARNING:matplotlib.font_manager:findfont: Generic family 'sans-serif' not found because none of the following families were found: Readex Pro
WARNING:matplotlib.font_manager:findfont: Generic family 'sans-serif' not found because none of the following families were found: Readex Pro
WARNING:matplotlib.font_manager:findfont: Generic family 'sans-serif' not found because none of the following families were found: Readex Pro
WARNING:matplotlib.font_manager:findfont: Generic family 'sans-serif' not found because none of the following families were found: Readex Pro
WARNING:matplotlib.font_manager:findfont: Generic family 'sans-serif' not found because none of the following families were found: Readex Pro
WARNING:matplotlib.font_manager:findfont: Generic family 'sans-serif' not found because none of the following families were found: Readex Pro
WARNING:matplotlib.font_manager:findfont: Generic family 'sans-serif' not found because none of the following families were found: Readex Pro
WARNING:matplotlib.font_manager:findfont: Generic family 'sans-serif' not found because none of the following families were found: Readex Pro
WARNING:matplotlib.font_manager:findfont: Generic family 'sans-serif' not found because none of the following families were found: Readex Pro
WARNING:matplotlib.font_manager:findfont: Generic family 'sans-serif' not found because none of the following families were found: Readex Pro
WARNING:matplotlib.font_manager:findfont: Generic family 'sans-serif' not found because none of the following families were found: Readex Pro
WARNING:matplotlib.font_manager:findfont: Generic family 'sans-serif' not found because none of the following families were found: Readex Pro
WARNING:matplotlib.font_manager:findfont: Generic family 'sans-serif' not found because none of the following families were found: Readex Pro
WARNING:matplotlib.font_manager:findfont: Generic family 'sans-serif' not found because none of the following families were found: Readex Pro
WARNING:matplotlib.font_manager:findfont: Generic family 'sans-serif' not found because none of the following families were found: Readex Pro
WARNING:matplotlib.font_manager:findfont: Generic family 'sans-serif' not found because none of the following families were found: Readex Pro
WARNING:matplotlib.font_manager:findfont: Generic family 'sans-serif' not found because none of the following families were found: Readex Pro
WARNING:matplotlib.font_manager:findfont: Generic family 'sans-serif' not found because none of the following families were found: Readex Pro
WARNING:matplotlib.font_manager:findfont: Generic family 'sans-serif' not found because none of the following families were found: Readex Pro
WARNING:matplotlib.font_manager:findfont: Generic family 'sans-serif' not found because none of the following families were found: Readex Pro
WARNING:matplotlib.font_manager:findfont: Generic family 'sans-serif' not found because none of the following families were found: Readex Pro
WARNING:matplotlib.font_manager:findfont: Generic family 'sans-serif' not found because none of the following families were found: Readex Pro
WARNING:matplotlib.font_manager:findfont: Generic family 'sans-serif' not found because none of the following families were found: Readex Pro
WARNING:matplotlib.font_manager:findfont: Generic family 'sans-serif' not found because none of the following families were found: Readex Pro
WARNING:matplotlib.font_manager:findfont: Generic family 'sans-serif' not found because none of the following families were found: Readex Pro
WARNING:matplotlib.font_manager:findfont: Generic family 'sans-serif' not found because none of the following families were found: Readex Pro
WARNING:matplotlib.font_manager:findfont: Generic family 'sans-serif' not found because none of the following families were found: Readex Pro
WARNING:matplotlib.font_manager:findfont: Generic family 'sans-serif' not found because none of the following families were found: Readex Pro
WARNING:matplotlib.font_manager:findfont: Generic family 'sans-serif' not found because none of the following families were found: Readex Pro
WARNING:matplotlib.font_manager:findfont: Generic family 'sans-serif' not found because none of the following families were found: Readex Pro
WARNING:matplotlib.font_manager:findfont: Generic family 'sans-serif' not found because none of the following families were found: Readex Pro
WARNING:matplotlib.font_manager:findfont: Generic family 'sans-serif' not found because none of the following families were found: Readex Pro
WARNING:matplotlib.font_manager:findfont: Generic family 'sans-serif' not found because none of the following families were found: Readex Pro
WARNING:matplotlib.font_manager:findfont: Generic family 'sans-serif' not found because none of the following families were found: Readex Pro
WARNING:matplotlib.font_manager:findfont: Generic family 'sans-serif' not found because none of the following families were found: Readex Pro
WARNING:matplotlib.font_manager:findfont: Generic family 'sans-serif' not found because none of the following families were found: Readex Pro
WARNING:matplotlib.font_manager:findfont: Generic family 'sans-serif' not found because none of the following families were found: Readex Pro
WARNING:matplotlib.font_manager:findfont: Generic family 'sans-serif' not found because none of the following families were found: Readex Pro
WARNING:matplotlib.font_manager:findfont: Generic family 'sans-serif' not found because none of the following families were found: Readex Pro
WARNING:matplotlib.font_manager:findfont: Generic family 'sans-serif' not found because none of the following families were found: Readex Pro
WARNING:matplotlib.font_manager:findfont: Generic family 'sans-serif' not found because none of the following families were found: Readex Pro
WARNING:matplotlib.font_manager:findfont: Generic family 'sans-serif' not found because none of the following families were found: Readex Pro
WARNING:matplotlib.font_manager:findfont: Generic family 'sans-serif' not found because none of the following families were found: Readex Pro
WARNING:matplotlib.font_manager:findfont: Generic family 'sans-serif' not found because none of the following families were found: Readex Pro
WARNING:matplotlib.font_manager:findfont: Generic family 'sans-serif' not found because none of the following families were found: Readex Pro
WARNING:matplotlib.font_manager:findfont: Generic family 'sans-serif' not found because none of the following families were found: Readex Pro
WARNING:matplotlib.font_manager:findfont: Generic family 'sans-serif' not found because none of the following families were found: Readex Pro
WARNING:matplotlib.font_manager:findfont: Generic family 'sans-serif' not found because none of the following families were found: Readex Pro
WARNING:matplotlib.font_manager:findfont: Generic family 'sans-serif' not found because none of the following families were found: Readex Pro
WARNING:matplotlib.font_manager:findfont: Generic family 'sans-serif' not found because none of the following families were found: Readex Pro
WARNING:matplotlib.font_manager:findfont: Generic family 'sans-serif' not found because none of the following families were found: Readex Pro
WARNING:matplotlib.font_manager:findfont: Generic family 'sans-serif' not found because none of the following families were found: Readex Pro
WARNING:matplotlib.font_manager:findfont: Generic family 'sans-serif' not found because none of the following families were found: Readex Pro
WARNING:matplotlib.font_manager:findfont: Generic family 'sans-serif' not found because none of the following families were found: Readex Pro
WARNING:matplotlib.font_manager:findfont: Generic family 'sans-serif' not found because none of the following families were found: Readex Pro
WARNING:matplotlib.font_manager:findfont: Generic family 'sans-serif' not found because none of the following families were found: Readex Pro
WARNING:matplotlib.font_manager:findfont: Generic family 'sans-serif' not found because none of the following families were found: Readex Pro
WARNING:matplotlib.font_manager:findfont: Generic family 'sans-serif' not found because none of the following families were found: Readex Pro
WARNING:matplotlib.font_manager:findfont: Generic family 'sans-serif' not found because none of the following families were found: Readex Pro
WARNING:matplotlib.font_manager:findfont: Generic family 'sans-serif' not found because none of the following families were found: Readex Pro
WARNING:matplotlib.font_manager:findfont: Generic family 'sans-serif' not found because none of the following families were found: Readex Pro
WARNING:matplotlib.font_manager:findfont: Generic family 'sans-serif' not found because none of the following families were found: Readex Pro
WARNING:matplotlib.font_manager:findfont: Generic family 'sans-serif' not found because none of the following families were found: Readex Pro
WARNING:matplotlib.font_manager:findfont: Generic family 'sans-serif' not found because none of the following families were found: Readex Pro
WARNING:matplotlib.font_manager:findfont: Generic family 'sans-serif' not found because none of the following families were found: Readex Pro
WARNING:matplotlib.font_manager:findfont: Generic family 'sans-serif' not found because none of the following families were found: Readex Pro
WARNING:matplotlib.font_manager:findfont: Generic family 'sans-serif' not found because none of the following families were found: Readex Pro
WARNING:matplotlib.font_manager:findfont: Generic family 'sans-serif' not found because none of the following families were found: Readex Pro
WARNING:matplotlib.font_manager:findfont: Generic family 'sans-serif' not found because none of the following families were found: Readex Pro
WARNING:matplotlib.font_manager:findfont: Generic family 'sans-serif' not found because none of the following families were found: Readex Pro
WARNING:matplotlib.font_manager:findfont: Generic family 'sans-serif' not found because none of the following families were found: Readex Pro
WARNING:matplotlib.font_manager:findfont: Generic family 'sans-serif' not found because none of the following families were found: Readex Pro
[0m
[32mSaving model evaluation...[0m
[32mGenerating training graphs...[0m
[33mTotal time: 02:15:22[0m
[35mEverything done![0m
